Mplus VERSION 8.5 (Mac)
MUTHEN & MUTHEN
09/16/2022  11:54 AM

INPUT INSTRUCTIONS

  TITLE:
  C2_LCA_enumerate
  DATA:
  FILE = "./c_lca_enumerate.dat";

  VARIABLE:
  NAMES = idauniq W4_Smoke W5_Smoke W6_Smoke W7_Smoke W8_Smoke W4_Drink W5_Drink
       W6_Drink W7_Drink W8_Drink W4_PA W5_PA W6_PA W7_PA W8_PA W4_FV W5_FV W6_FV
       W7_FV W8_FV Weights Female Age Pat_Int Pat_Hig Self_Int Self_Hig Edu_Upp
       Edu_Ter Wealth_2 Wealth_3 Eye_4 Circul_4 Endocr_4 Muscul_4 Respir_4 Neopla_4
       Nervou_4 Mental_4 Multi_4 CMulti_4 Luncan_4 Multi Eye Circul Endocr Muscul
       Respir Neopla Nervou Mental CMulti Luncan;
   MISSING=.;
   CATEGORICAL = W4_Smoke,W5_Smoke,W6_Smoke,W7_Smoke,W8_Smoke,
  W4_Drink,W5_Drink,W6_Drink,W7_Drink,W8_Drink,
  W4_PA,W5_PA,W6_PA,W7_PA,W8_PA,W4_FV,W5_FV,W6_FV,
  W7_FV,W8_FV;
  USEVARIABLES = W4_Smoke,W5_Smoke,W6_Smoke,W7_Smoke,W8_Smoke,
  W4_Drink,W5_Drink,W6_Drink,W7_Drink,W8_Drink,
  W4_PA,W5_PA,W6_PA,W7_PA,W8_PA,W4_FV,W5_FV,W6_FV,
  W7_FV,W8_FV,Weights;
  USEOBSERVATIONS = Female NE -99 AND Age NE -99
    AND  Pat_Int NE -99 AND
  Pat_Hig NE -99 AND Self_Int NE -99 AND
  Self_Hig NE -99 AND Edu_Upp NE -99 AND
  Edu_Ter NE -99 AND
  Wealth_2 NE -99 AND Wealth_3 NE -99;
          WEIGHT        = Weights;
  MISSING ARE ALL (-99);
          classes = c(2);
  ANALYSIS:
  estimator = mlr;
      type = mixture;
      starts = 500 100;
      STITERATIONS=20;
  LRTSTARTS = 50 10 400 20;
  OUTPUT:
  TECH11 TECH14
  PLOT:
  type = plot3;
      series is W4_Smoke(2) W5_Smoke(3) W6_Smoke(4) W7_Smoke(5)
      W8_Smoke(6) W4_Drink(7) W5_Drink(8)
      W6_Drink(9) W7_Drink(10)
      W8_Drink(11) W4_PA(12) W5_PA(13)
      W6_PA(14) W7_PA(15) W8_PA(16)
      W4_FV(17) W5_FV(18) W6_FV(19)
      W7_FV(20) W8_FV(21);



*** WARNING
  One or more observations has a value of 0 for the WEIGHT variable.
*** WARNING in OUTPUT command
  TECH14 option is not available for TYPE=MIXTURE with weights.
  Request for TECH14 is ignored.
   2 WARNING(S) FOUND IN THE INPUT INSTRUCTIONS




C2_LCA_enumerate

SUMMARY OF ANALYSIS

Number of groups                                                 1
Number of observations                                        2284

Number of dependent variables                                   20
Number of independent variables                                  0
Number of continuous latent variables                            0
Number of categorical latent variables                           1

Observed dependent variables

  Binary and ordered categorical (ordinal)
   W4_SMOKE    W5_SMOKE    W6_SMOKE    W7_SMOKE    W8_SMOKE    W4_DRINK
   W5_DRINK    W6_DRINK    W7_DRINK    W8_DRINK    W4_PA       W5_PA
   W6_PA       W7_PA       W8_PA       W4_FV       W5_FV       W6_FV
   W7_FV       W8_FV

Categorical latent variables
   C

Variables with special functions

  Weight variable       WEIGHTS

Estimator                                                      MLR
Information matrix                                        OBSERVED
Optimization Specifications for the Quasi-Newton Algorithm for
Continuous Outcomes
  Maximum number of iterations                                 100
  Convergence criterion                                  0.100D-05
Optimization Specifications for the EM Algorithm
  Maximum number of iterations                                 500
  Convergence criteria
    Loglikelihood change                                 0.100D-06
    Relative loglikelihood change                        0.100D-06
    Derivative                                           0.100D-05
Optimization Specifications for the M step of the EM Algorithm for
Categorical Latent variables
  Number of M step iterations                                    1
  M step convergence criterion                           0.100D-05
  Basis for M step termination                           ITERATION
Optimization Specifications for the M step of the EM Algorithm for
Censored, Binary or Ordered Categorical (Ordinal), Unordered
Categorical (Nominal) and Count Outcomes
  Number of M step iterations                                    1
  M step convergence criterion                           0.100D-05
  Basis for M step termination                           ITERATION
  Maximum value for logit thresholds                            15
  Minimum value for logit thresholds                           -15
  Minimum expected cell size for chi-square              0.100D-01
Maximum number of iterations for H1                           2000
Convergence criterion for H1                             0.100D-03
Optimization algorithm                                         EMA
Random Starts Specifications
  Number of initial stage random starts                        500
  Number of final stage optimizations                          100
  Number of initial stage iterations                            20
  Initial stage convergence criterion                    0.100D+01
  Random starts scale                                    0.500D+01
  Random seed for generating random starts                       0
Link                                                         LOGIT

Input data file(s)
  ./c_lca_enumerate.dat
Input data format  FREE


SUMMARY OF DATA

     Number of missing data patterns           348
     Number of y missing data patterns           0
     Number of u missing data patterns         348


COVARIANCE COVERAGE OF DATA

Minimum covariance coverage value   0.100


     PROPORTION OF DATA PRESENT FOR U


           Covariance Coverage
              W4_SMOKE      W5_SMOKE      W6_SMOKE      W7_SMOKE      W8_SMOKE
              ________      ________      ________      ________      ________
 W4_SMOKE       0.950
 W5_SMOKE       0.576         0.582
 W6_SMOKE       0.591         0.581         0.597
 W7_SMOKE       0.600         0.581         0.595         0.607
 W8_SMOKE       0.604         0.579         0.592         0.602         0.613
 W4_DRINK       0.819         0.501         0.514         0.521         0.526
 W5_DRINK       0.840         0.515         0.528         0.535         0.539
 W6_DRINK       0.826         0.504         0.514         0.524         0.530
 W7_DRINK       0.817         0.503         0.515         0.523         0.529
 W8_DRINK       0.818         0.508         0.519         0.527         0.530
 W4_PA          0.919         0.559         0.574         0.584         0.588
 W5_PA          0.919         0.562         0.577         0.586         0.590
 W6_PA          0.919         0.560         0.575         0.585         0.591
 W7_PA          0.918         0.560         0.574         0.584         0.589
 W8_PA          0.919         0.563         0.577         0.587         0.594
 W4_FV          0.882         0.535         0.549         0.557         0.562
 W5_FV          0.909         0.553         0.567         0.576         0.581
 W6_FV          0.899         0.547         0.559         0.570         0.577
 W7_FV          0.896         0.549         0.562         0.571         0.577
 W8_FV          0.904         0.555         0.569         0.578         0.581


           Covariance Coverage
              W4_DRINK      W5_DRINK      W6_DRINK      W7_DRINK      W8_DRINK
              ________      ________      ________      ________      ________
 W4_DRINK       0.862
 W5_DRINK       0.803         0.884
 W6_DRINK       0.789         0.820         0.869
 W7_DRINK       0.778         0.811         0.807         0.860
 W8_DRINK       0.780         0.810         0.806         0.802         0.863
 W4_PA          0.837         0.858         0.846         0.838         0.838
 W5_PA          0.839         0.861         0.848         0.838         0.840
 W6_PA          0.840         0.857         0.844         0.835         0.838
 W7_PA          0.838         0.858         0.845         0.836         0.840
 W8_PA          0.839         0.859         0.844         0.838         0.839
 W4_FV          0.862         0.827         0.813         0.803         0.807
 W5_FV          0.831         0.883         0.839         0.829         0.829
 W6_FV          0.819         0.844         0.869         0.824         0.824
 W7_FV          0.813         0.838         0.829         0.858         0.819
 W8_FV          0.826         0.846         0.837         0.827         0.862


           Covariance Coverage
              W4_PA         W5_PA         W6_PA         W7_PA         W8_PA
              ________      ________      ________      ________      ________
 W4_PA          0.967
 W5_PA          0.947         0.968
 W6_PA          0.942         0.946         0.967
 W7_PA          0.943         0.945         0.947         0.967
 W8_PA          0.941         0.943         0.942         0.945         0.969
 W4_FV          0.900         0.901         0.902         0.899         0.901
 W5_FV          0.926         0.927         0.925         0.925         0.927
 W6_FV          0.916         0.916         0.915         0.915         0.916
 W7_FV          0.913         0.912         0.911         0.912         0.915
 W8_FV          0.924         0.925         0.925         0.926         0.926


           Covariance Coverage
              W4_FV         W5_FV         W6_FV         W7_FV         W8_FV
              ________      ________      ________      ________      ________
 W4_FV          0.929
 W5_FV          0.896         0.957
 W6_FV          0.880         0.912         0.945
 W7_FV          0.876         0.907         0.901         0.942
 W8_FV          0.890         0.915         0.908         0.904         0.954


UNIVARIATE PROPORTIONS AND COUNTS FOR CATEGORICAL VARIABLES

    W4_SMOKE
      Category 1    0.891         1925.844
      Category 2    0.109          234.748
    W5_SMOKE
      Category 1    0.851         1157.310
      Category 2    0.149          202.715
    W6_SMOKE
      Category 1    0.867         1208.814
      Category 2    0.133          184.995
    W7_SMOKE
      Category 1    0.876         1240.376
      Category 2    0.124          175.204
    W8_SMOKE
      Category 1    0.896         1283.430
      Category 2    0.104          149.367
    W4_DRINK
      Category 1    0.164          320.482
      Category 2    0.470          917.962
      Category 3    0.318          622.237
      Category 4    0.048           94.323
    W5_DRINK
      Category 1    0.186          374.445
      Category 2    0.442          890.564
      Category 3    0.323          650.148
      Category 4    0.049           97.802
    W6_DRINK
      Category 1    0.211          415.369
      Category 2    0.439          865.797
      Category 3    0.303          598.251
      Category 4    0.048           93.832
    W7_DRINK
      Category 1    0.212          412.957
      Category 2    0.453          882.714
      Category 3    0.285          556.053
      Category 4    0.050           97.302
    W8_DRINK
      Category 1    0.216          421.432
      Category 2    0.446          868.970
      Category 3    0.294          572.844
      Category 4    0.043           83.521
    W4_PA
      Category 1    0.002            5.262
      Category 2    0.468         1022.860
      Category 3    0.244          534.097
      Category 4    0.286          625.309
    W5_PA
      Category 1    0.007           15.191
      Category 2    0.480         1054.783
      Category 3    0.259          568.446
      Category 4    0.255          559.669
    W6_PA
      Category 1    0.005           10.634
      Category 2    0.495         1085.487
      Category 3    0.222          486.969
      Category 4    0.277          607.986
    W7_PA
      Category 1    0.004            8.452
      Category 2    0.515         1132.106
      Category 3    0.228          501.571
      Category 4    0.253          555.694
    W8_PA
      Category 1    0.007           15.509
      Category 2    0.536         1182.815
      Category 3    0.209          460.071
      Category 4    0.248          546.968
    W4_FV
      Category 1    0.410          864.415
      Category 2    0.590         1246.457
    W5_FV
      Category 1    0.412          901.271
      Category 2    0.588         1286.332
    W6_FV
      Category 1    0.376          809.996
      Category 2    0.624         1342.282
    W7_FV
      Category 1    0.355          761.184
      Category 2    0.645         1384.397
    W8_FV
      Category 1    0.369          802.729
      Category 2    0.631         1370.880


RANDOM STARTS RESULTS RANKED FROM THE BEST TO THE WORST LOGLIKELIHOOD VALUES

Final stage loglikelihood values at local maxima, seeds, and initial stage start numbers:

          -31171.525  790452           303
          -31171.525  178475           231
          -31171.525  966014           37
          -31171.525  311214           64
          -31171.525  652266           490
          -31171.525  207896           25
          -31171.525  937588           293
          -31171.525  782821           272
          -31171.525  156536           245
          -31171.525  835767           210
          -31171.525  329127           185
          -31171.525  644297           340
          -31171.525  7959             256
          -31171.525  395754           388
          -31171.525  991329           182
          -31171.525  407108           366
          -31171.525  529496           343
          -31171.525  699554           427
          -31171.525  996231           310
          -31171.525  399380           436
          -31171.525  350608           334
          -31171.525  484501           163
          -31171.525  579995           183
          -31171.525  484406           421
          -31171.525  701525           239
          -31171.525  539751           459
          -31171.525  802682           419
          -31171.525  790059           469
          -31171.525  484687           306
          -31171.525  937225           394
          -31171.525  55115            408
          -31171.525  411615           171
          -31171.525  960438           116
          -31171.525  124999           96
          -31171.525  50887            389
          -31171.525  383986           159
          -31171.525  973369           202
          -31171.525  534864           307
          -31171.525  507154           387
          -31171.525  478421           311
          -31171.525  185071           370
          -31171.525  891531           206
          -31171.525  263221           447
          -31171.525  417035           149
          -31171.525  436460           89
          -31171.525  485256           371
          -31171.525  674171           195
          -31171.525  345070           114
          -31171.525  418686           338
          -31171.525  263268           165
          -31171.525  73576            213
          -31171.525  292884           103
          -31171.525  626087           314
          -31171.525  59674            240
          -31171.525  508482           446
          -31171.525  466971           109
          -31171.525  576726           280
          -31171.525  673496           218
          -31171.525  313407           132
          -31171.525  760878           249
          -31171.525  462228           298
          -31171.525  840031           276
          -31171.525  462953           7
          -31171.525  761633           50
          -31171.525  930323           267
          -31171.525  215353           164
          -31171.525  637345           19
          -31171.525  97158            205
          -31171.525  345726           461
          -31171.525  396795           323
          -31171.525  76451            211
          -31171.525  617243           237
          -31171.525  89970            223
          -31171.525  728038           177
          -31171.525  836515           341
          -31171.525  685657           69
          -31171.525  637095           207
          -31171.525  814975           129
          -31171.525  900268           327
          -31171.525  640833           434
          -31171.525  392407           221
          -31171.525  903369           134
          -31171.525  286735           175
          -31171.525  475420           71
          -31171.525  49221            254
          -31171.525  146900           391
          -31171.525  798821           423
          -31171.525  608460           244
          -31171.525  195763           358
          -31171.525  804660           260
          -31171.525  432148           30
          -31171.525  314757           345
          -31171.525  unperturbed      0
          -31171.525  609185           181
          -31171.525  370466           41
          -31171.525  783110           72
          -31171.525  662718           460
          -31171.525  848331           137
          -31171.525  285380           1
          -31171.525  769907           457



THE BEST LOGLIKELIHOOD VALUE HAS BEEN REPLICATED.  RERUN WITH AT LEAST TWICE THE
RANDOM STARTS TO CHECK THAT THE BEST LOGLIKELIHOOD IS STILL OBTAINED AND REPLICATED.

     IN THE OPTIMIZATION, ONE OR MORE LOGIT THRESHOLDS APPROACHED EXTREME VALUES
     OF -15.000 AND 15.000 AND WERE FIXED TO STABILIZE MODEL ESTIMATION.  THESE
     VALUES IMPLY PROBABILITIES OF 0 AND 1.  IN THE MODEL RESULTS SECTION, THESE
     PARAMETERS HAVE 0 STANDARD ERRORS AND 999 IN THE Z-SCORE AND P-VALUE COLUMNS.




THE MODEL ESTIMATION TERMINATED NORMALLY

     THE CHI-SQUARE TEST CANNOT BE COMPUTED BECAUSE THE FREQUENCY TABLE FOR THE
     LATENT CLASS INDICATOR MODEL PART IS TOO LARGE.




MODEL FIT INFORMATION

Number of Free Parameters                       81

Loglikelihood

          H0 Value                      -31171.525
          H0 Scaling Correction Factor      1.4039
            for MLR

Information Criteria

          Akaike (AIC)                   62505.050
          Bayesian (BIC)                 62969.478
          Sample-Size Adjusted BIC       62712.127
            (n* = (n + 2) / 24)



FINAL CLASS COUNTS AND PROPORTIONS FOR THE LATENT CLASSES
BASED ON THE ESTIMATED MODEL

    Latent
   Classes

       1       1317.24316          0.57673
       2        966.75684          0.42327


FINAL CLASS COUNTS AND PROPORTIONS FOR THE LATENT CLASSES
BASED ON ESTIMATED POSTERIOR PROBABILITIES

    Latent
   Classes

       1       1317.24316          0.57673
       2        966.75684          0.42327


FINAL CLASS COUNTS AND PROPORTIONS FOR THE LATENT CLASSES
BASED ON THEIR MOST LIKELY LATENT CLASS MEMBERSHIP

Class Counts and Proportions

    Latent
   Classes

       1             1340          0.58670
       2              944          0.41330


CLASSIFICATION QUALITY

     Entropy                         0.850


Average Latent Class Probabilities for Most Likely Latent Class Membership (Row)
by Latent Class (Column)

           1        2

    1   0.954    0.046
    2   0.041    0.959


Classification Probabilities for the Most Likely Latent Class Membership (Column)
by Latent Class (Row)

           1        2

    1   0.971    0.029
    2   0.064    0.936


Logits for the Classification Probabilities for the Most Likely Latent Class Membership (Column)
by Latent Class (Row)

              1        2

    1      3.494    0.000
    2     -2.687    0.000


MODEL RESULTS

                                                    Two-Tailed
                    Estimate       S.E.  Est./S.E.    P-Value

Latent Class 1

 Thresholds
    W4_SMOKE$1         1.868      0.122     15.339      0.000
    W5_SMOKE$1         1.374      0.137     10.004      0.000
    W6_SMOKE$1         1.458      0.137     10.631      0.000
    W7_SMOKE$1         1.555      0.141     11.011      0.000
    W8_SMOKE$1         1.815      0.147     12.341      0.000
    W4_DRINK$1        -0.943      0.100     -9.441      0.000
    W4_DRINK$2         2.830      0.204     13.842      0.000
    W4_DRINK$3        15.000      0.000    999.000    999.000
    W5_DRINK$1        -0.739      0.098     -7.568      0.000
    W5_DRINK$2         2.975      0.244     12.196      0.000
    W5_DRINK$3         6.295      1.252      5.027      0.000
    W6_DRINK$1        -0.601      0.096     -6.290      0.000
    W6_DRINK$2         3.303      0.295     11.179      0.000
    W6_DRINK$3         7.640      1.458      5.241      0.000
    W7_DRINK$1        -0.556      0.099     -5.638      0.000
    W7_DRINK$2         3.715      0.371     10.002      0.000
    W7_DRINK$3        15.000      0.000    999.000    999.000
    W8_DRINK$1        -0.498      0.098     -5.089      0.000
    W8_DRINK$2         3.474      0.296     11.721      0.000
    W8_DRINK$3        15.000      0.000    999.000    999.000
    W4_PA$1           -5.786      0.576    -10.044      0.000
    W4_PA$2            0.033      0.080      0.411      0.681
    W4_PA$3            1.098      0.089     12.293      0.000
    W5_PA$1           -4.970      0.478    -10.403      0.000
    W5_PA$2            0.162      0.086      1.888      0.059
    W5_PA$3            1.288      0.095     13.499      0.000
    W6_PA$1           -4.766      0.400    -11.916      0.000
    W6_PA$2            0.264      0.084      3.160      0.002
    W6_PA$3            1.214      0.101     12.042      0.000
    W7_PA$1           -5.235      0.590     -8.878      0.000
    W7_PA$2            0.360      0.086      4.213      0.000
    W7_PA$3            1.349      0.112     12.018      0.000
    W8_PA$1           -4.856      0.370    -13.109      0.000
    W8_PA$2            0.496      0.085      5.826      0.000
    W8_PA$3            1.411      0.107     13.249      0.000
    W4_FV$1           -0.340      0.073     -4.678      0.000
    W5_FV$1           -0.287      0.077     -3.715      0.000
    W6_FV$1           -0.468      0.078     -6.033      0.000
    W7_FV$1           -0.562      0.078     -7.167      0.000
    W8_FV$1           -0.500      0.077     -6.502      0.000

Latent Class 2

 Thresholds
    W4_SMOKE$1         2.523      0.182     13.881      0.000
    W5_SMOKE$1         2.336      0.200     11.708      0.000
    W6_SMOKE$1         2.611      0.217     12.019      0.000
    W7_SMOKE$1         2.658      0.223     11.936      0.000
    W8_SMOKE$1         2.707      0.223     12.156      0.000
    W4_DRINK$1        -4.162      0.349    -11.938      0.000
    W4_DRINK$2        -1.172      0.174     -6.751      0.000
    W4_DRINK$3         2.092      0.136     15.346      0.000
    W5_DRINK$1        -4.471      0.352    -12.684      0.000
    W5_DRINK$2        -1.284      0.181     -7.106      0.000
    W5_DRINK$3         2.110      0.133     15.868      0.000
    W6_DRINK$1        -3.549      0.260    -13.662      0.000
    W6_DRINK$2        -1.105      0.165     -6.704      0.000
    W6_DRINK$3         2.118      0.135     15.737      0.000
    W7_DRINK$1        -4.023      0.321    -12.524      0.000
    W7_DRINK$2        -1.004      0.161     -6.248      0.000
    W7_DRINK$3         2.056      0.136     15.115      0.000
    W8_DRINK$1        -3.960      0.287    -13.773      0.000
    W8_DRINK$2        -0.912      0.158     -5.764      0.000
    W8_DRINK$3         2.249      0.143     15.683      0.000
    W4_PA$1           -6.482      1.051     -6.168      0.000
    W4_PA$2           -0.327      0.088     -3.733      0.000
    W4_PA$3            0.692      0.089      7.805      0.000
    W5_PA$1           -4.965      0.533     -9.319      0.000
    W5_PA$2           -0.343      0.091     -3.780      0.000
    W5_PA$3            0.818      0.091      8.964      0.000
    W6_PA$1          -15.000      0.000    999.000    999.000
    W6_PA$2           -0.357      0.087     -4.091      0.000
    W6_PA$3            0.650      0.092      7.048      0.000
    W7_PA$1           -6.256      0.724     -8.638      0.000
    W7_PA$2           -0.300      0.085     -3.515      0.000
    W7_PA$3            0.777      0.097      7.969      0.000
    W8_PA$1           -5.094      0.515     -9.882      0.000
    W8_PA$2           -0.254      0.085     -3.001      0.003
    W8_PA$3            0.759      0.093      8.195      0.000
    W4_FV$1           -0.402      0.083     -4.825      0.000
    W5_FV$1           -0.450      0.089     -5.076      0.000
    W6_FV$1           -0.555      0.090     -6.134      0.000
    W7_FV$1           -0.649      0.090     -7.202      0.000
    W8_FV$1           -0.583      0.089     -6.579      0.000

Categorical Latent Variables

 Means
    C#1                0.309      0.089      3.475      0.001


RESULTS IN PROBABILITY SCALE

Latent Class 1

 W4_SMOKE
    Category 1         0.866      0.014     61.376      0.000
    Category 2         0.134      0.014      9.483      0.000
 W5_SMOKE
    Category 1         0.798      0.022     36.050      0.000
    Category 2         0.202      0.022      9.124      0.000
 W6_SMOKE
    Category 1         0.811      0.021     38.627      0.000
    Category 2         0.189      0.021      8.985      0.000
 W7_SMOKE
    Category 1         0.826      0.020     40.612      0.000
    Category 2         0.174      0.020      8.573      0.000
 W8_SMOKE
    Category 1         0.860      0.018     48.556      0.000
    Category 2         0.140      0.018      7.906      0.000
 W4_DRINK
    Category 1         0.280      0.020     13.907      0.000
    Category 2         0.664      0.018     36.601      0.000
    Category 3         0.056      0.011      5.179      0.000
    Category 4         0.000      0.000      0.000      1.000
 W5_DRINK
    Category 1         0.323      0.021     15.119      0.000
    Category 2         0.628      0.018     34.045      0.000
    Category 3         0.047      0.011      4.269      0.000
    Category 4         0.002      0.002      0.800      0.424
 W6_DRINK
    Category 1         0.354      0.022     16.214      0.000
    Category 2         0.610      0.018     33.153      0.000
    Category 3         0.035      0.010      3.468      0.001
    Category 4         0.000      0.001      0.686      0.493
 W7_DRINK
    Category 1         0.364      0.023     15.956      0.000
    Category 2         0.612      0.020     31.192      0.000
    Category 3         0.024      0.009      2.758      0.006
    Category 4         0.000      0.000      0.000      1.000
 W8_DRINK
    Category 1         0.378      0.023     16.413      0.000
    Category 2         0.592      0.020     29.106      0.000
    Category 3         0.030      0.009      3.478      0.001
    Category 4         0.000      0.000      0.000      1.000
 W4_PA
    Category 1         0.003      0.002      1.741      0.082
    Category 2         0.505      0.020     25.528      0.000
    Category 3         0.242      0.015     16.310      0.000
    Category 4         0.250      0.017     14.936      0.000
 W5_PA
    Category 1         0.007      0.003      2.108      0.035
    Category 2         0.533      0.021     25.224      0.000
    Category 3         0.243      0.015     15.745      0.000
    Category 4         0.216      0.016     13.372      0.000
 W6_PA
    Category 1         0.008      0.003      2.522      0.012
    Category 2         0.557      0.020     27.282      0.000
    Category 3         0.205      0.014     15.062      0.000
    Category 4         0.229      0.018     12.867      0.000
 W7_PA
    Category 1         0.005      0.003      1.705      0.088
    Category 2         0.584      0.021     28.377      0.000
    Category 3         0.205      0.013     15.513      0.000
    Category 4         0.206      0.018     11.225      0.000
 W8_PA
    Category 1         0.008      0.003      2.720      0.007
    Category 2         0.614      0.020     30.818      0.000
    Category 3         0.182      0.013     13.866      0.000
    Category 4         0.196      0.017     11.676      0.000
 W4_FV
    Category 1         0.416      0.018     23.587      0.000
    Category 2         0.584      0.018     33.124      0.000
 W5_FV
    Category 1         0.429      0.019     22.624      0.000
    Category 2         0.571      0.019     30.156      0.000
 W6_FV
    Category 1         0.385      0.018     20.955      0.000
    Category 2         0.615      0.018     33.466      0.000
 W7_FV
    Category 1         0.363      0.018     20.019      0.000
    Category 2         0.637      0.018     35.119      0.000
 W8_FV
    Category 1         0.377      0.018     20.880      0.000
    Category 2         0.623      0.018     34.433      0.000

Latent Class 2

 W4_SMOKE
    Category 1         0.926      0.012     74.075      0.000
    Category 2         0.074      0.012      5.944      0.000
 W5_SMOKE
    Category 1         0.912      0.016     56.846      0.000
    Category 2         0.088      0.016      5.496      0.000
 W6_SMOKE
    Category 1         0.932      0.014     67.251      0.000
    Category 2         0.068      0.014      4.942      0.000
 W7_SMOKE
    Category 1         0.935      0.014     68.580      0.000
    Category 2         0.065      0.014      4.804      0.000
 W8_SMOKE
    Category 1         0.937      0.013     71.793      0.000
    Category 2         0.063      0.013      4.789      0.000
 W4_DRINK
    Category 1         0.015      0.005      2.913      0.004
    Category 2         0.221      0.031      7.051      0.000
    Category 3         0.654      0.027     23.884      0.000
    Category 4         0.110      0.013      8.241      0.000
 W5_DRINK
    Category 1         0.011      0.004      2.870      0.004
    Category 2         0.206      0.030      6.796      0.000
    Category 3         0.675      0.027     25.127      0.000
    Category 4         0.108      0.013      8.433      0.000
 W6_DRINK
    Category 1         0.028      0.007      3.960      0.000
    Category 2         0.221      0.030      7.324      0.000
    Category 3         0.644      0.027     24.229      0.000
    Category 4         0.107      0.013      8.324      0.000
 W7_DRINK
    Category 1         0.018      0.006      3.169      0.002
    Category 2         0.251      0.031      7.986      0.000
    Category 3         0.618      0.027     22.828      0.000
    Category 4         0.113      0.014      8.294      0.000
 W8_DRINK
    Category 1         0.019      0.005      3.545      0.000
    Category 2         0.268      0.032      8.461      0.000
    Category 3         0.618      0.028     22.032      0.000
    Category 4         0.095      0.012      7.710      0.000
 W4_PA
    Category 1         0.002      0.002      0.953      0.341
    Category 2         0.417      0.021     19.709      0.000
    Category 3         0.248      0.017     14.868      0.000
    Category 4         0.334      0.020     16.925      0.000
 W5_PA
    Category 1         0.007      0.004      1.890      0.059
    Category 2         0.408      0.022     18.620      0.000
    Category 3         0.279      0.018     15.750      0.000
    Category 4         0.306      0.019     15.786      0.000
 W6_PA
    Category 1         0.000      0.000      0.000      1.000
    Category 2         0.412      0.021     19.494      0.000
    Category 3         0.245      0.016     14.907      0.000
    Category 4         0.343      0.021     16.504      0.000
 W7_PA
    Category 1         0.002      0.001      1.384      0.167
    Category 2         0.424      0.021     20.355      0.000
    Category 3         0.259      0.017     15.244      0.000
    Category 4         0.315      0.021     14.982      0.000
 W8_PA
    Category 1         0.006      0.003      1.952      0.051
    Category 2         0.431      0.021     20.824      0.000
    Category 3         0.244      0.017     14.789      0.000
    Category 4         0.319      0.020     15.849      0.000
 W4_FV
    Category 1         0.401      0.020     20.043      0.000
    Category 2         0.599      0.020     29.955      0.000
 W5_FV
    Category 1         0.389      0.021     18.485      0.000
    Category 2         0.611      0.021     28.982      0.000
 W6_FV
    Category 1         0.365      0.021     17.393      0.000
    Category 2         0.635      0.021     30.301      0.000
 W7_FV
    Category 1         0.343      0.020     16.904      0.000
    Category 2         0.657      0.020     32.338      0.000
 W8_FV
    Category 1         0.358      0.020     17.598      0.000
    Category 2         0.642      0.020     31.514      0.000


LATENT CLASS ODDS RATIO RESULTS

                                                95% C.I.
                    Estimate       S.E.  Lower 2.5% Upper 2.5%

Latent Class 1 Compared to Latent Class 2

 W4_SMOKE
    Category > 1       1.926      0.477      1.185      3.129
 W5_SMOKE
    Category > 1       2.618      0.721      1.526      4.492
 W6_SMOKE
    Category > 1       3.165      0.909      1.802      5.559
 W7_SMOKE
    Category > 1       3.013      0.895      1.684      5.393
 W8_SMOKE
    Category > 1       2.441      0.724      1.365      4.364
 W4_DRINK
    Category > 1       0.040      0.015      0.019      0.082
    Category > 2       0.018      0.004      0.012      0.027
    Category > 3       0.000      0.000      0.000      0.000
 W5_DRINK
    Category > 1       0.024      0.009      0.012      0.049
    Category > 2       0.014      0.003      0.009      0.022
    Category > 3       0.015      0.019      0.001      0.182
 W6_DRINK
    Category > 1       0.052      0.014      0.030      0.090
    Category > 2       0.012      0.003      0.007      0.020
    Category > 3       0.004      0.006      0.000      0.071
 W7_DRINK
    Category > 1       0.031      0.011      0.016      0.061
    Category > 2       0.009      0.003      0.005      0.017
    Category > 3       0.000      0.000      0.000      0.000
 W8_DRINK
    Category > 1       0.031      0.009      0.017      0.056
    Category > 2       0.012      0.003      0.007      0.021
    Category > 3       0.000      0.000      0.000      0.000
 W4_PA
    Category > 1       0.499      0.641      0.040      6.198
    Category > 2       0.698      0.094      0.535      0.909
    Category > 3       0.667      0.095      0.505      0.880
 W5_PA
    Category > 1       1.005      0.724      0.245      4.125
    Category > 2       0.603      0.088      0.454      0.803
    Category > 3       0.625      0.094      0.466      0.840
 W6_PA
    Category > 1       0.000      0.000      0.000      0.000
    Category > 2       0.537      0.074      0.410      0.703
    Category > 3       0.569      0.090      0.417      0.776
 W7_PA
    Category > 1       0.360      0.338      0.057      2.271
    Category > 2       0.517      0.071      0.395      0.676
    Category > 3       0.564      0.100      0.399      0.797
 W8_PA
    Category > 1       0.789      0.505      0.225      2.764
    Category > 2       0.472      0.064      0.363      0.615
    Category > 3       0.521      0.085      0.379      0.716
 W4_FV
    Category > 1       0.940      0.111      0.745      1.185
 W5_FV
    Category > 1       0.850      0.112      0.656      1.102
 W6_FV
    Category > 1       0.917      0.122      0.706      1.191
 W7_FV
    Category > 1       0.917      0.122      0.707      1.189
 W8_FV
    Category > 1       0.921      0.120      0.713      1.189


QUALITY OF NUMERICAL RESULTS

     Condition Number for the Information Matrix              0.185E-03
       (ratio of smallest to largest eigenvalue)


TECHNICAL 11 OUTPUT

     Random Starts Specifications for the k-1 Class Analysis Model
        Number of initial stage random starts                 500
        Number of final stage optimizations                   100



     VUONG-LO-MENDELL-RUBIN LIKELIHOOD RATIO TEST FOR 1 (H0) VERSUS 2 CLASSES

          H0 Loglikelihood Value                       -33351.398
          2 Times the Loglikelihood Difference           4359.747
          Difference in the Number of Parameters               41
          Mean                                            222.959
          Standard Deviation                              211.937
          P-Value                                          0.0000

     LO-MENDELL-RUBIN ADJUSTED LRT TEST

          Value                                          4346.040
          P-Value                                          0.0000


PLOT INFORMATION

The following plots are available:

  Histograms (sample values)
  Scatterplots (sample values)
  Sample proportions and estimated probabilities

     Beginning Time:  11:54:35
        Ending Time:  11:55:19
       Elapsed Time:  00:00:44



MUTHEN & MUTHEN
3463 Stoner Ave.
Los Angeles, CA  90066

Tel: (310) 391-9971
Fax: (310) 391-8971
Web: www.StatModel.com
Support: Support@StatModel.com

Copyright (c) 1998-2020 Muthen & Muthen
