Mplus VERSION 8.5 (Mac)
MUTHEN & MUTHEN
09/16/2022  12:02 PM

INPUT INSTRUCTIONS

  TITLE:
  C5_LCA_enumerate
  DATA:
  FILE = "./c_lca_enumerate.dat";

  VARIABLE:
  NAMES = idauniq W4_Smoke W5_Smoke W6_Smoke W7_Smoke W8_Smoke W4_Drink W5_Drink
       W6_Drink W7_Drink W8_Drink W4_PA W5_PA W6_PA W7_PA W8_PA W4_FV W5_FV W6_FV
       W7_FV W8_FV Weights Female Age Pat_Int Pat_Hig Self_Int Self_Hig Edu_Upp
       Edu_Ter Wealth_2 Wealth_3 Eye_4 Circul_4 Endocr_4 Muscul_4 Respir_4 Neopla_4
       Nervou_4 Mental_4 Multi_4 CMulti_4 Luncan_4 Multi Eye Circul Endocr Muscul
       Respir Neopla Nervou Mental CMulti Luncan;
   MISSING=.;
   CATEGORICAL = W4_Smoke,W5_Smoke,W6_Smoke,W7_Smoke,W8_Smoke,
  W4_Drink,W5_Drink,W6_Drink,W7_Drink,W8_Drink,
  W4_PA,W5_PA,W6_PA,W7_PA,W8_PA,W4_FV,W5_FV,W6_FV,
  W7_FV,W8_FV;
  USEVARIABLES = W4_Smoke,W5_Smoke,W6_Smoke,W7_Smoke,W8_Smoke,
  W4_Drink,W5_Drink,W6_Drink,W7_Drink,W8_Drink,
  W4_PA,W5_PA,W6_PA,W7_PA,W8_PA,W4_FV,W5_FV,W6_FV,
  W7_FV,W8_FV,Weights;
  USEOBSERVATIONS = Female NE -99 AND Age NE -99
    AND  Pat_Int NE -99 AND
  Pat_Hig NE -99 AND Self_Int NE -99 AND
  Self_Hig NE -99 AND Edu_Upp NE -99 AND
  Edu_Ter NE -99 AND
  Wealth_2 NE -99 AND Wealth_3 NE -99;
          WEIGHT        = Weights;
  MISSING ARE ALL (-99);
          classes = c(5);
  ANALYSIS:
  estimator = mlr;
      type = mixture;
      starts = 500 100;
      STITERATIONS=20;
  LRTSTARTS = 50 10 400 20;
  OUTPUT:
  TECH11 TECH14
  PLOT:
  type = plot3;
      series is W4_Smoke(2) W5_Smoke(3) W6_Smoke(4) W7_Smoke(5)
      W8_Smoke(6) W4_Drink(7) W5_Drink(8)
      W6_Drink(9) W7_Drink(10)
      W8_Drink(11) W4_PA(12) W5_PA(13)
      W6_PA(14) W7_PA(15) W8_PA(16)
      W4_FV(17) W5_FV(18) W6_FV(19)
      W7_FV(20) W8_FV(21);



*** WARNING
  One or more observations has a value of 0 for the WEIGHT variable.
*** WARNING in OUTPUT command
  TECH14 option is not available for TYPE=MIXTURE with weights.
  Request for TECH14 is ignored.
   2 WARNING(S) FOUND IN THE INPUT INSTRUCTIONS




C5_LCA_enumerate

SUMMARY OF ANALYSIS

Number of groups                                                 1
Number of observations                                        2284

Number of dependent variables                                   20
Number of independent variables                                  0
Number of continuous latent variables                            0
Number of categorical latent variables                           1

Observed dependent variables

  Binary and ordered categorical (ordinal)
   W4_SMOKE    W5_SMOKE    W6_SMOKE    W7_SMOKE    W8_SMOKE    W4_DRINK
   W5_DRINK    W6_DRINK    W7_DRINK    W8_DRINK    W4_PA       W5_PA
   W6_PA       W7_PA       W8_PA       W4_FV       W5_FV       W6_FV
   W7_FV       W8_FV

Categorical latent variables
   C

Variables with special functions

  Weight variable       WEIGHTS

Estimator                                                      MLR
Information matrix                                        OBSERVED
Optimization Specifications for the Quasi-Newton Algorithm for
Continuous Outcomes
  Maximum number of iterations                                 100
  Convergence criterion                                  0.100D-05
Optimization Specifications for the EM Algorithm
  Maximum number of iterations                                 500
  Convergence criteria
    Loglikelihood change                                 0.100D-06
    Relative loglikelihood change                        0.100D-06
    Derivative                                           0.100D-05
Optimization Specifications for the M step of the EM Algorithm for
Categorical Latent variables
  Number of M step iterations                                    1
  M step convergence criterion                           0.100D-05
  Basis for M step termination                           ITERATION
Optimization Specifications for the M step of the EM Algorithm for
Censored, Binary or Ordered Categorical (Ordinal), Unordered
Categorical (Nominal) and Count Outcomes
  Number of M step iterations                                    1
  M step convergence criterion                           0.100D-05
  Basis for M step termination                           ITERATION
  Maximum value for logit thresholds                            15
  Minimum value for logit thresholds                           -15
  Minimum expected cell size for chi-square              0.100D-01
Maximum number of iterations for H1                           2000
Convergence criterion for H1                             0.100D-03
Optimization algorithm                                         EMA
Random Starts Specifications
  Number of initial stage random starts                        500
  Number of final stage optimizations                          100
  Number of initial stage iterations                            20
  Initial stage convergence criterion                    0.100D+01
  Random starts scale                                    0.500D+01
  Random seed for generating random starts                       0
Link                                                         LOGIT

Input data file(s)
  ./c_lca_enumerate.dat
Input data format  FREE


SUMMARY OF DATA

     Number of missing data patterns           348
     Number of y missing data patterns           0
     Number of u missing data patterns         348


COVARIANCE COVERAGE OF DATA

Minimum covariance coverage value   0.100


     PROPORTION OF DATA PRESENT FOR U


           Covariance Coverage
              W4_SMOKE      W5_SMOKE      W6_SMOKE      W7_SMOKE      W8_SMOKE
              ________      ________      ________      ________      ________
 W4_SMOKE       0.950
 W5_SMOKE       0.576         0.582
 W6_SMOKE       0.591         0.581         0.597
 W7_SMOKE       0.600         0.581         0.595         0.607
 W8_SMOKE       0.604         0.579         0.592         0.602         0.613
 W4_DRINK       0.819         0.501         0.514         0.521         0.526
 W5_DRINK       0.840         0.515         0.528         0.535         0.539
 W6_DRINK       0.826         0.504         0.514         0.524         0.530
 W7_DRINK       0.817         0.503         0.515         0.523         0.529
 W8_DRINK       0.818         0.508         0.519         0.527         0.530
 W4_PA          0.919         0.559         0.574         0.584         0.588
 W5_PA          0.919         0.562         0.577         0.586         0.590
 W6_PA          0.919         0.560         0.575         0.585         0.591
 W7_PA          0.918         0.560         0.574         0.584         0.589
 W8_PA          0.919         0.563         0.577         0.587         0.594
 W4_FV          0.882         0.535         0.549         0.557         0.562
 W5_FV          0.909         0.553         0.567         0.576         0.581
 W6_FV          0.899         0.547         0.559         0.570         0.577
 W7_FV          0.896         0.549         0.562         0.571         0.577
 W8_FV          0.904         0.555         0.569         0.578         0.581


           Covariance Coverage
              W4_DRINK      W5_DRINK      W6_DRINK      W7_DRINK      W8_DRINK
              ________      ________      ________      ________      ________
 W4_DRINK       0.862
 W5_DRINK       0.803         0.884
 W6_DRINK       0.789         0.820         0.869
 W7_DRINK       0.778         0.811         0.807         0.860
 W8_DRINK       0.780         0.810         0.806         0.802         0.863
 W4_PA          0.837         0.858         0.846         0.838         0.838
 W5_PA          0.839         0.861         0.848         0.838         0.840
 W6_PA          0.840         0.857         0.844         0.835         0.838
 W7_PA          0.838         0.858         0.845         0.836         0.840
 W8_PA          0.839         0.859         0.844         0.838         0.839
 W4_FV          0.862         0.827         0.813         0.803         0.807
 W5_FV          0.831         0.883         0.839         0.829         0.829
 W6_FV          0.819         0.844         0.869         0.824         0.824
 W7_FV          0.813         0.838         0.829         0.858         0.819
 W8_FV          0.826         0.846         0.837         0.827         0.862


           Covariance Coverage
              W4_PA         W5_PA         W6_PA         W7_PA         W8_PA
              ________      ________      ________      ________      ________
 W4_PA          0.967
 W5_PA          0.947         0.968
 W6_PA          0.942         0.946         0.967
 W7_PA          0.943         0.945         0.947         0.967
 W8_PA          0.941         0.943         0.942         0.945         0.969
 W4_FV          0.900         0.901         0.902         0.899         0.901
 W5_FV          0.926         0.927         0.925         0.925         0.927
 W6_FV          0.916         0.916         0.915         0.915         0.916
 W7_FV          0.913         0.912         0.911         0.912         0.915
 W8_FV          0.924         0.925         0.925         0.926         0.926


           Covariance Coverage
              W4_FV         W5_FV         W6_FV         W7_FV         W8_FV
              ________      ________      ________      ________      ________
 W4_FV          0.929
 W5_FV          0.896         0.957
 W6_FV          0.880         0.912         0.945
 W7_FV          0.876         0.907         0.901         0.942
 W8_FV          0.890         0.915         0.908         0.904         0.954


UNIVARIATE PROPORTIONS AND COUNTS FOR CATEGORICAL VARIABLES

    W4_SMOKE
      Category 1    0.891         1925.844
      Category 2    0.109          234.748
    W5_SMOKE
      Category 1    0.851         1157.310
      Category 2    0.149          202.715
    W6_SMOKE
      Category 1    0.867         1208.814
      Category 2    0.133          184.995
    W7_SMOKE
      Category 1    0.876         1240.376
      Category 2    0.124          175.204
    W8_SMOKE
      Category 1    0.896         1283.430
      Category 2    0.104          149.367
    W4_DRINK
      Category 1    0.164          320.482
      Category 2    0.470          917.962
      Category 3    0.318          622.237
      Category 4    0.048           94.323
    W5_DRINK
      Category 1    0.186          374.445
      Category 2    0.442          890.564
      Category 3    0.323          650.148
      Category 4    0.049           97.802
    W6_DRINK
      Category 1    0.211          415.369
      Category 2    0.439          865.797
      Category 3    0.303          598.251
      Category 4    0.048           93.832
    W7_DRINK
      Category 1    0.212          412.957
      Category 2    0.453          882.714
      Category 3    0.285          556.053
      Category 4    0.050           97.302
    W8_DRINK
      Category 1    0.216          421.432
      Category 2    0.446          868.970
      Category 3    0.294          572.844
      Category 4    0.043           83.521
    W4_PA
      Category 1    0.002            5.262
      Category 2    0.468         1022.860
      Category 3    0.244          534.097
      Category 4    0.286          625.309
    W5_PA
      Category 1    0.007           15.191
      Category 2    0.480         1054.783
      Category 3    0.259          568.446
      Category 4    0.255          559.669
    W6_PA
      Category 1    0.005           10.634
      Category 2    0.495         1085.487
      Category 3    0.222          486.969
      Category 4    0.277          607.986
    W7_PA
      Category 1    0.004            8.452
      Category 2    0.515         1132.106
      Category 3    0.228          501.571
      Category 4    0.253          555.694
    W8_PA
      Category 1    0.007           15.509
      Category 2    0.536         1182.815
      Category 3    0.209          460.071
      Category 4    0.248          546.968
    W4_FV
      Category 1    0.410          864.415
      Category 2    0.590         1246.457
    W5_FV
      Category 1    0.412          901.271
      Category 2    0.588         1286.332
    W6_FV
      Category 1    0.376          809.996
      Category 2    0.624         1342.282
    W7_FV
      Category 1    0.355          761.184
      Category 2    0.645         1384.397
    W8_FV
      Category 1    0.369          802.729
      Category 2    0.631         1370.880


RANDOM STARTS RESULTS RANKED FROM THE BEST TO THE WORST LOGLIKELIHOOD VALUES

Final stage loglikelihood values at local maxima, seeds, and initial stage start numbers:

          -28466.904  723775           97
          -28466.904  629320           222
          -28466.904  840078           203
          -28466.904  715561           125
          -28466.904  992389           77
          -28466.904  414828           322
          -28466.904  650371           14
          -28466.904  329127           185
          -28466.904  416463           467
          -28466.904  521575           313
          -28466.904  568405           233
          -28466.904  851945           18
          -28466.904  364676           27
          -28466.904  342019           301
          -28466.904  411615           171
          -28466.904  350608           334
          -28466.904  821011           161
          -28466.904  193569           440
          -28467.523  483369           270
          -28467.523  496881           192
          -28467.523  860772           174
          -28467.523  55115            408
          -28467.523  584397           428
          -28467.523  471438           252
          -28467.523  848163           47
          -28467.523  595153           230
          -28467.523  793035           187
          -28470.102  43523            297
          -28489.000  46437            153
          -28489.000  605358           321
          -28489.000  392418           28
          -28489.000  70118            104
          -28489.000  7959             256
          -28489.000  722748           346
          -28489.000  732596           320
          -28489.000  802256           477
          -28489.000  714997           399
          -28489.000  997222           229
          -28489.000  123985           248
          -28489.000  608496           4
          -28489.317  360419           356
          -28489.317  772131           407
          -28489.317  957392           79

57 perturbed starting value run(s) did not converge or were rejected in the third stage.



THE BEST LOGLIKELIHOOD VALUE HAS BEEN REPLICATED.  RERUN WITH AT LEAST TWICE THE
RANDOM STARTS TO CHECK THAT THE BEST LOGLIKELIHOOD IS STILL OBTAINED AND REPLICATED.

     IN THE OPTIMIZATION, ONE OR MORE LOGIT THRESHOLDS APPROACHED EXTREME VALUES
     OF -15.000 AND 15.000 AND WERE FIXED TO STABILIZE MODEL ESTIMATION.  THESE
     VALUES IMPLY PROBABILITIES OF 0 AND 1.  IN THE MODEL RESULTS SECTION, THESE
     PARAMETERS HAVE 0 STANDARD ERRORS AND 999 IN THE Z-SCORE AND P-VALUE COLUMNS.




THE MODEL ESTIMATION TERMINATED NORMALLY

     THE CHI-SQUARE TEST CANNOT BE COMPUTED BECAUSE THE FREQUENCY TABLE FOR THE
     LATENT CLASS INDICATOR MODEL PART IS TOO LARGE.




MODEL FIT INFORMATION

Number of Free Parameters                      204

Loglikelihood

          H0 Value                      -28466.904
          H0 Scaling Correction Factor      1.3676
            for MLR

Information Criteria

          Akaike (AIC)                   57341.807
          Bayesian (BIC)                 58511.479
          Sample-Size Adjusted BIC       57863.334
            (n* = (n + 2) / 24)



FINAL CLASS COUNTS AND PROPORTIONS FOR THE LATENT CLASSES
BASED ON THE ESTIMATED MODEL

    Latent
   Classes

       1        284.24296          0.12445
       2        203.17638          0.08896
       3        652.44198          0.28566
       4        541.53388          0.23710
       5        602.60480          0.26384


FINAL CLASS COUNTS AND PROPORTIONS FOR THE LATENT CLASSES
BASED ON ESTIMATED POSTERIOR PROBABILITIES

    Latent
   Classes

       1        284.24296          0.12445
       2        203.17638          0.08896
       3        652.44198          0.28566
       4        541.53388          0.23710
       5        602.60480          0.26384


FINAL CLASS COUNTS AND PROPORTIONS FOR THE LATENT CLASSES
BASED ON THEIR MOST LIKELY LATENT CLASS MEMBERSHIP

Class Counts and Proportions

    Latent
   Classes

       1              272          0.11904
       2              193          0.08465
       3              662          0.28995
       4              536          0.23461
       5              621          0.27174


CLASSIFICATION QUALITY

     Entropy                         0.861


Average Latent Class Probabilities for Most Likely Latent Class Membership (Row)
by Latent Class (Column)

           1        2        3        4        5

    1   0.914    0.001    0.036    0.049    0.000
    2   0.000    0.992    0.000    0.001    0.006
    3   0.019    0.004    0.901    0.022    0.054
    4   0.042    0.005    0.020    0.915    0.018
    5   0.001    0.009    0.057    0.038    0.896


Classification Probabilities for the Most Likely Latent Class Membership (Column)
by Latent Class (Row)

           1        2        3        4        5

    1   0.874    0.000    0.044    0.080    0.002
    2   0.001    0.944    0.014    0.014    0.026
    3   0.015    0.000    0.915    0.016    0.054
    4   0.025    0.000    0.027    0.905    0.043
    5   0.000    0.002    0.059    0.016    0.923


Logits for the Classification Probabilities for the Most Likely Latent Class Membership (Column)
by Latent Class (Row)

              1        2        3        4        5

    1      6.074   -7.608    3.074    3.682    0.000
    2     -3.670    3.581   -0.597   -0.610    0.000
    3     -1.266   -6.178    2.832   -1.202    0.000
    4     -0.564   -4.912   -0.474    3.045    0.000
    5    -12.440   -6.098   -2.747   -4.078    0.000


MODEL RESULTS

                                                    Two-Tailed
                    Estimate       S.E.  Est./S.E.    P-Value

Latent Class 1

 Thresholds
    W4_SMOKE$1         4.873      0.804      6.063      0.000
    W5_SMOKE$1         5.537      1.111      4.984      0.000
    W6_SMOKE$1         5.594      1.113      5.025      0.000
    W7_SMOKE$1        15.000      0.000    999.000    999.000
    W8_SMOKE$1        15.000      0.000    999.000    999.000
    W4_DRINK$1        -3.680      0.526     -7.002      0.000
    W4_DRINK$2        -1.530      0.229     -6.691      0.000
    W4_DRINK$3         1.813      0.251      7.232      0.000
    W5_DRINK$1        -4.256      0.692     -6.147      0.000
    W5_DRINK$2        -1.915      0.294     -6.511      0.000
    W5_DRINK$3         1.833      0.253      7.240      0.000
    W6_DRINK$1        -3.574      0.492     -7.261      0.000
    W6_DRINK$2        -1.395      0.257     -5.429      0.000
    W6_DRINK$3         1.952      0.263      7.425      0.000
    W7_DRINK$1       -15.000      0.000    999.000    999.000
    W7_DRINK$2        -1.488      0.252     -5.896      0.000
    W7_DRINK$3         1.804      0.266      6.790      0.000
    W8_DRINK$1        -3.907      0.529     -7.391      0.000
    W8_DRINK$2        -1.418      0.223     -6.357      0.000
    W8_DRINK$3         2.083      0.276      7.560      0.000
    W4_PA$1          -15.000      0.000    999.000    999.000
    W4_PA$2           -1.710      0.257     -6.660      0.000
    W4_PA$3           -0.768      0.230     -3.344      0.001
    W5_PA$1          -15.000      0.000    999.000    999.000
    W5_PA$2           -2.665      0.473     -5.634      0.000
    W5_PA$3           -0.797      0.243     -3.284      0.001
    W6_PA$1          -15.000      0.000    999.000    999.000
    W6_PA$2           -2.307      0.310     -7.443      0.000
    W6_PA$3           -0.926      0.231     -4.000      0.000
    W7_PA$1          -15.000      0.000    999.000    999.000
    W7_PA$2           -1.899      0.255     -7.433      0.000
    W7_PA$3           -0.726      0.190     -3.820      0.000
    W8_PA$1          -15.000      0.000    999.000    999.000
    W8_PA$2           -1.782      0.245     -7.269      0.000
    W8_PA$3           -0.480      0.181     -2.652      0.008
    W4_FV$1           -0.954      0.206     -4.623      0.000
    W5_FV$1           -0.991      0.228     -4.337      0.000
    W6_FV$1           -1.069      0.241     -4.438      0.000
    W7_FV$1           -0.988      0.240     -4.113      0.000
    W8_FV$1           -1.274      0.239     -5.329      0.000

Latent Class 2

 Thresholds
    W4_SMOKE$1        -3.202      0.574     -5.578      0.000
    W5_SMOKE$1        -2.716      0.363     -7.490      0.000
    W6_SMOKE$1        -2.278      0.379     -6.018      0.000
    W7_SMOKE$1        -1.986      0.339     -5.863      0.000
    W8_SMOKE$1        -0.975      0.218     -4.478      0.000
    W4_DRINK$1        -0.993      0.235     -4.217      0.000
    W4_DRINK$2         0.979      0.237      4.127      0.000
    W4_DRINK$3         3.171      0.561      5.649      0.000
    W5_DRINK$1        -0.872      0.232     -3.758      0.000
    W5_DRINK$2         0.840      0.223      3.769      0.000
    W5_DRINK$3         2.725      0.364      7.484      0.000
    W6_DRINK$1        -0.535      0.223     -2.402      0.016
    W6_DRINK$2         0.868      0.228      3.816      0.000
    W6_DRINK$3         2.598      0.378      6.875      0.000
    W7_DRINK$1        -0.339      0.211     -1.603      0.109
    W7_DRINK$2         1.194      0.235      5.080      0.000
    W7_DRINK$3         3.271      0.439      7.451      0.000
    W8_DRINK$1        -0.584      0.219     -2.674      0.007
    W8_DRINK$2         0.964      0.229      4.210      0.000
    W8_DRINK$3         2.278      0.340      6.706      0.000
    W4_PA$1           -4.770      1.006     -4.743      0.000
    W4_PA$2            0.461      0.194      2.377      0.017
    W4_PA$3            1.374      0.249      5.520      0.000
    W5_PA$1           -4.714      1.003     -4.702      0.000
    W5_PA$2            0.535      0.195      2.739      0.006
    W5_PA$3            1.635      0.252      6.477      0.000
    W6_PA$1           -4.685      1.004     -4.666      0.000
    W6_PA$2            0.408      0.192      2.131      0.033
    W6_PA$3            1.524      0.251      6.064      0.000
    W7_PA$1           -5.549      1.005     -5.521      0.000
    W7_PA$2            0.398      0.192      2.069      0.039
    W7_PA$3            1.454      0.243      5.973      0.000
    W8_PA$1           -5.126      1.075     -4.768      0.000
    W8_PA$2            0.741      0.189      3.913      0.000
    W8_PA$3            1.543      0.244      6.329      0.000
    W4_FV$1            0.403      0.199      2.021      0.043
    W5_FV$1            1.006      0.200      5.033      0.000
    W6_FV$1            0.716      0.200      3.585      0.000
    W7_FV$1            0.204      0.186      1.096      0.273
    W8_FV$1            0.263      0.188      1.399      0.162

Latent Class 3

 Thresholds
    W4_SMOKE$1         4.270      0.493      8.666      0.000
    W5_SMOKE$1         4.802      1.087      4.417      0.000
    W6_SMOKE$1         4.756      0.986      4.823      0.000
    W7_SMOKE$1         5.950      1.004      5.927      0.000
    W8_SMOKE$1         4.122      0.532      7.750      0.000
    W4_DRINK$1        -1.621      0.178     -9.087      0.000
    W4_DRINK$2         2.469      0.235     10.485      0.000
    W4_DRINK$3        15.000      0.000    999.000    999.000
    W5_DRINK$1        -1.371      0.161     -8.530      0.000
    W5_DRINK$2         2.259      0.215     10.509      0.000
    W5_DRINK$3        15.000      0.000    999.000    999.000
    W6_DRINK$1        -1.169      0.148     -7.905      0.000
    W6_DRINK$2         2.645      0.244     10.827      0.000
    W6_DRINK$3        15.000      0.000    999.000    999.000
    W7_DRINK$1        -1.117      0.159     -7.006      0.000
    W7_DRINK$2         2.602      0.240     10.854      0.000
    W7_DRINK$3        15.000      0.000    999.000    999.000
    W8_DRINK$1        -1.167      0.156     -7.474      0.000
    W8_DRINK$2         2.573      0.258      9.971      0.000
    W8_DRINK$3        15.000      0.000    999.000    999.000
    W4_PA$1           -6.424      1.004     -6.400      0.000
    W4_PA$2           -1.304      0.158     -8.274      0.000
    W4_PA$3            0.091      0.130      0.701      0.483
    W5_PA$1           -5.963      1.191     -5.007      0.000
    W5_PA$2           -1.385      0.169     -8.203      0.000
    W5_PA$3            0.236      0.136      1.731      0.083
    W6_PA$1           -5.436      1.131     -4.808      0.000
    W6_PA$2           -1.335      0.184     -7.242      0.000
    W6_PA$3            0.063      0.152      0.416      0.677
    W7_PA$1          -15.000      0.000    999.000    999.000
    W7_PA$2           -1.074      0.176     -6.103      0.000
    W7_PA$3            0.155      0.152      1.018      0.309
    W8_PA$1           -5.697      1.142     -4.989      0.000
    W8_PA$2           -0.742      0.139     -5.327      0.000
    W8_PA$3            0.326      0.148      2.206      0.027
    W4_FV$1           -0.865      0.134     -6.450      0.000
    W5_FV$1           -0.880      0.144     -6.115      0.000
    W6_FV$1           -1.118      0.156     -7.158      0.000
    W7_FV$1           -1.163      0.151     -7.730      0.000
    W8_FV$1           -0.979      0.144     -6.789      0.000

Latent Class 4

 Thresholds
    W4_SMOKE$1         2.993      0.287     10.416      0.000
    W5_SMOKE$1         3.499      0.430      8.143      0.000
    W6_SMOKE$1         5.362      0.739      7.255      0.000
    W7_SMOKE$1         5.009      0.726      6.903      0.000
    W8_SMOKE$1         5.068      0.814      6.226      0.000
    W4_DRINK$1        -4.857      0.720     -6.745      0.000
    W4_DRINK$2        -1.446      0.173     -8.364      0.000
    W4_DRINK$3         2.107      0.207     10.197      0.000
    W5_DRINK$1        -5.029      0.612     -8.221      0.000
    W5_DRINK$2        -1.417      0.164     -8.632      0.000
    W5_DRINK$3         2.212      0.205     10.767      0.000
    W6_DRINK$1        -3.482      0.379     -9.194      0.000
    W6_DRINK$2        -1.328      0.174     -7.616      0.000
    W6_DRINK$3         2.162      0.204     10.578      0.000
    W7_DRINK$1        -3.914      0.389    -10.069      0.000
    W7_DRINK$2        -1.076      0.159     -6.774      0.000
    W7_DRINK$3         2.047      0.209      9.800      0.000
    W8_DRINK$1        -3.897      0.431     -9.040      0.000
    W8_DRINK$2        -0.924      0.153     -6.051      0.000
    W8_DRINK$3         2.441      0.225     10.839      0.000
    W4_PA$1           -6.191      1.005     -6.163      0.000
    W4_PA$2            0.397      0.128      3.100      0.002
    W4_PA$3            2.015      0.199     10.141      0.000
    W5_PA$1           -4.385      0.534     -8.206      0.000
    W5_PA$2            0.625      0.141      4.427      0.000
    W5_PA$3            2.605      0.238     10.941      0.000
    W6_PA$1          -15.000      0.000    999.000    999.000
    W6_PA$2            0.558      0.145      3.849      0.000
    W6_PA$3            2.167      0.210     10.317      0.000
    W7_PA$1           -6.199      1.005     -6.170      0.000
    W7_PA$2            0.577      0.146      3.959      0.000
    W7_PA$3            2.697      0.341      7.906      0.000
    W8_PA$1           -4.728      0.595     -7.942      0.000
    W8_PA$2            0.562      0.149      3.780      0.000
    W8_PA$3            2.187      0.243      9.017      0.000
    W4_FV$1           -0.093      0.123     -0.753      0.451
    W5_FV$1           -0.208      0.135     -1.540      0.124
    W6_FV$1           -0.303      0.142     -2.132      0.033
    W7_FV$1           -0.428      0.142     -3.008      0.003
    W8_FV$1           -0.222      0.131     -1.696      0.090

Latent Class 5

 Thresholds
    W4_SMOKE$1         3.826      0.541      7.070      0.000
    W5_SMOKE$1         3.866      0.715      5.407      0.000
    W6_SMOKE$1         4.556      0.742      6.142      0.000
    W7_SMOKE$1         4.966      0.758      6.550      0.000
    W8_SMOKE$1         5.934      1.478      4.014      0.000
    W4_DRINK$1        -0.616      0.154     -4.011      0.000
    W4_DRINK$2         2.714      0.288      9.430      0.000
    W4_DRINK$3        15.000      0.000    999.000    999.000
    W5_DRINK$1        -0.405      0.161     -2.517      0.012
    W5_DRINK$2         3.621      0.489      7.412      0.000
    W5_DRINK$3         5.476      1.091      5.018      0.000
    W6_DRINK$1        -0.395      0.148     -2.666      0.008
    W6_DRINK$2         3.405      0.403      8.458      0.000
    W6_DRINK$3         7.284      2.444      2.981      0.003
    W7_DRINK$1        -0.378      0.162     -2.332      0.020
    W7_DRINK$2         4.034      0.515      7.829      0.000
    W7_DRINK$3        15.000      0.000    999.000    999.000
    W8_DRINK$1        -0.179      0.160     -1.123      0.262
    W8_DRINK$2         3.764      0.483      7.801      0.000
    W8_DRINK$3        15.000      0.000    999.000    999.000
    W4_PA$1           -5.852      0.780     -7.498      0.000
    W4_PA$2            1.103      0.187      5.909      0.000
    W4_PA$3            2.821      0.337      8.361      0.000
    W5_PA$1           -4.648      0.741     -6.272      0.000
    W5_PA$2            1.470      0.233      6.321      0.000
    W5_PA$3            3.305      0.413      7.993      0.000
    W6_PA$1           -4.518      0.578     -7.815      0.000
    W6_PA$2            1.943      0.296      6.572      0.000
    W6_PA$3            3.938      0.676      5.822      0.000
    W7_PA$1           -4.431      0.599     -7.395      0.000
    W7_PA$2            1.889      0.238      7.927      0.000
    W7_PA$3            4.781      1.109      4.311      0.000
    W8_PA$1           -4.298      0.502     -8.560      0.000
    W8_PA$2            1.767      0.246      7.170      0.000
    W8_PA$3            3.342      0.404      8.279      0.000
    W4_FV$1           -0.106      0.132     -0.804      0.422
    W5_FV$1           -0.132      0.149     -0.885      0.376
    W6_FV$1           -0.249      0.148     -1.676      0.094
    W7_FV$1           -0.326      0.145     -2.247      0.025
    W8_FV$1           -0.356      0.140     -2.534      0.011

Categorical Latent Variables

 Means
    C#1               -0.751      0.136     -5.519      0.000
    C#2               -1.087      0.121     -9.002      0.000
    C#3                0.079      0.134      0.592      0.554
    C#4               -0.107      0.102     -1.048      0.294


RESULTS IN PROBABILITY SCALE

Latent Class 1

 W4_SMOKE
    Category 1         0.992      0.006    163.883      0.000
    Category 2         0.008      0.006      1.254      0.210
 W5_SMOKE
    Category 1         0.996      0.004    229.559      0.000
    Category 2         0.004      0.004      0.904      0.366
 W6_SMOKE
    Category 1         0.996      0.004    242.265      0.000
    Category 2         0.004      0.004      0.902      0.367
 W7_SMOKE
    Category 1         1.000      0.000      0.000      1.000
    Category 2         0.000      0.000      0.000      1.000
 W8_SMOKE
    Category 1         1.000      0.000      0.000      1.000
    Category 2         0.000      0.000      0.000      1.000
 W4_DRINK
    Category 1         0.025      0.013      1.951      0.051
    Category 2         0.153      0.032      4.786      0.000
    Category 3         0.682      0.035     19.202      0.000
    Category 4         0.140      0.030      4.641      0.000
 W5_DRINK
    Category 1         0.014      0.010      1.465      0.143
    Category 2         0.114      0.031      3.701      0.000
    Category 3         0.734      0.033     21.942      0.000
    Category 4         0.138      0.030      4.581      0.000
 W6_DRINK
    Category 1         0.027      0.013      2.088      0.037
    Category 2         0.171      0.040      4.274      0.000
    Category 3         0.677      0.038     17.842      0.000
    Category 4         0.124      0.029      4.345      0.000
 W7_DRINK
    Category 1         0.000      0.000      0.000      1.000
    Category 2         0.184      0.038      4.856      0.000
    Category 3         0.674      0.037     18.161      0.000
    Category 4         0.141      0.032      4.385      0.000
 W8_DRINK
    Category 1         0.020      0.010      1.930      0.054
    Category 2         0.175      0.034      5.122      0.000
    Category 3         0.694      0.035     19.573      0.000
    Category 4         0.111      0.027      4.081      0.000
 W4_PA
    Category 1         0.000      0.000      0.000      1.000
    Category 2         0.153      0.033      4.600      0.000
    Category 3         0.164      0.036      4.597      0.000
    Category 4         0.683      0.050     13.737      0.000
 W5_PA
    Category 1         0.000      0.000      0.000      1.000
    Category 2         0.065      0.029      2.261      0.024
    Category 3         0.246      0.041      5.951      0.000
    Category 4         0.689      0.052     13.258      0.000
 W6_PA
    Category 1         0.000      0.000      0.000      1.000
    Category 2         0.091      0.026      3.547      0.000
    Category 3         0.193      0.039      4.990      0.000
    Category 4         0.716      0.047     15.226      0.000
 W7_PA
    Category 1         0.000      0.000      0.000      1.000
    Category 2         0.130      0.029      4.501      0.000
    Category 3         0.196      0.035      5.635      0.000
    Category 4         0.674      0.042     16.139      0.000
 W8_PA
    Category 1         0.000      0.000      0.000      1.000
    Category 2         0.144      0.030      4.765      0.000
    Category 3         0.238      0.035      6.862      0.000
    Category 4         0.618      0.043     14.445      0.000
 W4_FV
    Category 1         0.278      0.041      6.709      0.000
    Category 2         0.722      0.041     17.423      0.000
 W5_FV
    Category 1         0.271      0.045      6.005      0.000
    Category 2         0.729      0.045     16.170      0.000
 W6_FV
    Category 1         0.256      0.046      5.576      0.000
    Category 2         0.744      0.046     16.241      0.000
 W7_FV
    Category 1         0.271      0.048      5.710      0.000
    Category 2         0.729      0.048     15.342      0.000
 W8_FV
    Category 1         0.219      0.041      5.354      0.000
    Category 2         0.781      0.041     19.136      0.000

Latent Class 2

 W4_SMOKE
    Category 1         0.039      0.022      1.813      0.070
    Category 2         0.961      0.022     44.556      0.000
 W5_SMOKE
    Category 1         0.062      0.021      2.941      0.003
    Category 2         0.938      0.021     44.446      0.000
 W6_SMOKE
    Category 1         0.093      0.032      2.912      0.004
    Category 2         0.907      0.032     28.422      0.000
 W7_SMOKE
    Category 1         0.121      0.036      3.357      0.001
    Category 2         0.879      0.036     24.468      0.000
 W8_SMOKE
    Category 1         0.274      0.043      6.330      0.000
    Category 2         0.726      0.043     16.773      0.000
 W4_DRINK
    Category 1         0.270      0.046      5.821      0.000
    Category 2         0.457      0.050      9.094      0.000
    Category 3         0.233      0.043      5.363      0.000
    Category 4         0.040      0.022      1.856      0.063
 W5_DRINK
    Category 1         0.295      0.048      6.116      0.000
    Category 2         0.403      0.047      8.549      0.000
    Category 3         0.240      0.043      5.563      0.000
    Category 4         0.061      0.021      2.926      0.003
 W6_DRINK
    Category 1         0.369      0.052      7.113      0.000
    Category 2         0.335      0.046      7.301      0.000
    Category 3         0.226      0.042      5.372      0.000
    Category 4         0.069      0.024      2.843      0.004
 W7_DRINK
    Category 1         0.416      0.051      8.107      0.000
    Category 2         0.351      0.047      7.468      0.000
    Category 3         0.196      0.039      5.028      0.000
    Category 4         0.037      0.015      2.365      0.018
 W8_DRINK
    Category 1         0.358      0.050      7.126      0.000
    Category 2         0.366      0.047      7.738      0.000
    Category 3         0.183      0.039      4.746      0.000
    Category 4         0.093      0.029      3.246      0.001
 W4_PA
    Category 1         0.008      0.008      1.003      0.316
    Category 2         0.605      0.046     13.096      0.000
    Category 3         0.185      0.035      5.309      0.000
    Category 4         0.202      0.040      5.035      0.000
 W5_PA
    Category 1         0.009      0.009      1.006      0.314
    Category 2         0.622      0.046     13.621      0.000
    Category 3         0.206      0.036      5.716      0.000
    Category 4         0.163      0.034      4.734      0.000
 W6_PA
    Category 1         0.009      0.009      1.005      0.315
    Category 2         0.592      0.046     12.820      0.000
    Category 3         0.220      0.037      5.913      0.000
    Category 4         0.179      0.037      4.844      0.000
 W7_PA
    Category 1         0.004      0.004      0.999      0.318
    Category 2         0.594      0.046     12.842      0.000
    Category 3         0.212      0.037      5.801      0.000
    Category 4         0.189      0.037      5.068      0.000
 W8_PA
    Category 1         0.006      0.006      0.936      0.349
    Category 2         0.671      0.042     16.153      0.000
    Category 3         0.147      0.030      4.840      0.000
    Category 4         0.176      0.035      4.980      0.000
 W4_FV
    Category 1         0.599      0.048     12.515      0.000
    Category 2         0.401      0.048      8.362      0.000
 W5_FV
    Category 1         0.732      0.039     18.684      0.000
    Category 2         0.268      0.039      6.830      0.000
 W6_FV
    Category 1         0.672      0.044     15.250      0.000
    Category 2         0.328      0.044      7.453      0.000
 W7_FV
    Category 1         0.551      0.046     11.974      0.000
    Category 2         0.449      0.046      9.767      0.000
 W8_FV
    Category 1         0.565      0.046     12.225      0.000
    Category 2         0.435      0.046      9.393      0.000

Latent Class 3

 W4_SMOKE
    Category 1         0.986      0.007    147.162      0.000
    Category 2         0.014      0.007      2.058      0.040
 W5_SMOKE
    Category 1         0.992      0.009    112.869      0.000
    Category 2         0.008      0.009      0.927      0.354
 W6_SMOKE
    Category 1         0.991      0.008    118.965      0.000
    Category 2         0.009      0.008      1.023      0.306
 W7_SMOKE
    Category 1         0.997      0.003    383.356      0.000
    Category 2         0.003      0.003      0.999      0.318
 W8_SMOKE
    Category 1         0.984      0.008    117.813      0.000
    Category 2         0.016      0.008      1.911      0.056
 W4_DRINK
    Category 1         0.165      0.025      6.712      0.000
    Category 2         0.757      0.025     30.799      0.000
    Category 3         0.078      0.017      4.607      0.000
    Category 4         0.000      0.000      0.000      1.000
 W5_DRINK
    Category 1         0.202      0.026      7.801      0.000
    Category 2         0.703      0.026     27.278      0.000
    Category 3         0.095      0.018      5.139      0.000
    Category 4         0.000      0.000      0.000      1.000
 W6_DRINK
    Category 1         0.237      0.027      8.862      0.000
    Category 2         0.697      0.025     27.560      0.000
    Category 3         0.066      0.015      4.384      0.000
    Category 4         0.000      0.000      0.000      1.000
 W7_DRINK
    Category 1         0.246      0.030      8.321      0.000
    Category 2         0.685      0.027     25.177      0.000
    Category 3         0.069      0.015      4.480      0.000
    Category 4         0.000      0.000      0.000      1.000
 W8_DRINK
    Category 1         0.237      0.028      8.399      0.000
    Category 2         0.692      0.027     25.573      0.000
    Category 3         0.071      0.017      4.171      0.000
    Category 4         0.000      0.000      0.000      1.000
 W4_PA
    Category 1         0.002      0.002      0.998      0.318
    Category 2         0.212      0.026      8.008      0.000
    Category 3         0.309      0.024     13.017      0.000
    Category 4         0.477      0.032     14.768      0.000
 W5_PA
    Category 1         0.003      0.003      0.842      0.400
    Category 2         0.198      0.027      7.410      0.000
    Category 3         0.359      0.025     14.173      0.000
    Category 4         0.441      0.034     13.137      0.000
 W6_PA
    Category 1         0.004      0.005      0.888      0.374
    Category 2         0.204      0.030      6.787      0.000
    Category 3         0.308      0.024     12.932      0.000
    Category 4         0.484      0.038     12.747      0.000
 W7_PA
    Category 1         0.000      0.000      0.000      1.000
    Category 2         0.255      0.033      7.623      0.000
    Category 3         0.284      0.022     12.793      0.000
    Category 4         0.461      0.038     12.174      0.000
 W8_PA
    Category 1         0.003      0.004      0.879      0.380
    Category 2         0.319      0.030     10.672      0.000
    Category 3         0.258      0.023     11.247      0.000
    Category 4         0.419      0.036     11.644      0.000
 W4_FV
    Category 1         0.296      0.028     10.597      0.000
    Category 2         0.704      0.028     25.166      0.000
 W5_FV
    Category 1         0.293      0.030      9.825      0.000
    Category 2         0.707      0.030     23.698      0.000
 W6_FV
    Category 1         0.246      0.029      8.497      0.000
    Category 2         0.754      0.029     25.988      0.000
 W7_FV
    Category 1         0.238      0.027      8.720      0.000
    Category 2         0.762      0.027     27.913      0.000
 W8_FV
    Category 1         0.273      0.029      9.540      0.000
    Category 2         0.727      0.029     25.393      0.000

Latent Class 4

 W4_SMOKE
    Category 1         0.952      0.013     72.906      0.000
    Category 2         0.048      0.013      3.654      0.000
 W5_SMOKE
    Category 1         0.971      0.012     79.328      0.000
    Category 2         0.029      0.012      2.397      0.017
 W6_SMOKE
    Category 1         0.995      0.003    289.855      0.000
    Category 2         0.005      0.003      1.359      0.174
 W7_SMOKE
    Category 1         0.993      0.005    207.832      0.000
    Category 2         0.007      0.005      1.387      0.165
 W8_SMOKE
    Category 1         0.994      0.005    196.337      0.000
    Category 2         0.006      0.005      1.236      0.216
 W4_DRINK
    Category 1         0.008      0.006      1.400      0.162
    Category 2         0.183      0.026      6.915      0.000
    Category 3         0.701      0.027     25.567      0.000
    Category 4         0.108      0.020      5.428      0.000
 W5_DRINK
    Category 1         0.007      0.004      1.645      0.100
    Category 2         0.189      0.026      7.356      0.000
    Category 3         0.706      0.026     26.698      0.000
    Category 4         0.099      0.018      5.402      0.000
 W6_DRINK
    Category 1         0.030      0.011      2.722      0.006
    Category 2         0.180      0.028      6.521      0.000
    Category 3         0.687      0.028     24.513      0.000
    Category 4         0.103      0.019      5.457      0.000
 W7_DRINK
    Category 1         0.020      0.007      2.624      0.009
    Category 2         0.235      0.029      8.027      0.000
    Category 3         0.631      0.029     21.809      0.000
    Category 4         0.114      0.021      5.407      0.000
 W8_DRINK
    Category 1         0.020      0.008      2.367      0.018
    Category 2         0.264      0.030      8.855      0.000
    Category 3         0.636      0.030     21.419      0.000
    Category 4         0.080      0.017      4.827      0.000
 W4_PA
    Category 1         0.002      0.002      0.997      0.319
    Category 2         0.596      0.031     19.378      0.000
    Category 3         0.284      0.026     11.027      0.000
    Category 4         0.118      0.021      5.704      0.000
 W5_PA
    Category 1         0.012      0.006      1.895      0.058
    Category 2         0.639      0.032     19.960      0.000
    Category 3         0.280      0.029      9.680      0.000
    Category 4         0.069      0.015      4.510      0.000
 W6_PA
    Category 1         0.000      0.000      0.000      1.000
    Category 2         0.636      0.034     18.945      0.000
    Category 3         0.261      0.028      9.456      0.000
    Category 4         0.103      0.019      5.306      0.000
 W7_PA
    Category 1         0.002      0.002      0.997      0.319
    Category 2         0.638      0.034     19.032      0.000
    Category 3         0.296      0.026     11.294      0.000
    Category 4         0.063      0.020      3.129      0.002
 W8_PA
    Category 1         0.009      0.005      1.695      0.090
    Category 2         0.628      0.034     18.306      0.000
    Category 3         0.262      0.026      9.996      0.000
    Category 4         0.101      0.022      4.585      0.000
 W4_FV
    Category 1         0.477      0.031     15.495      0.000
    Category 2         0.523      0.031     17.004      0.000
 W5_FV
    Category 1         0.448      0.033     13.388      0.000
    Category 2         0.552      0.033     16.490      0.000
 W6_FV
    Category 1         0.425      0.035     12.227      0.000
    Category 2         0.575      0.035     16.556      0.000
 W7_FV
    Category 1         0.395      0.034     11.604      0.000
    Category 2         0.605      0.034     17.806      0.000
 W8_FV
    Category 1         0.445      0.032     13.756      0.000
    Category 2         0.555      0.032     17.177      0.000

Latent Class 5

 W4_SMOKE
    Category 1         0.979      0.011     86.632      0.000
    Category 2         0.021      0.011      1.888      0.059
 W5_SMOKE
    Category 1         0.979      0.014     68.162      0.000
    Category 2         0.021      0.014      1.428      0.153
 W6_SMOKE
    Category 1         0.990      0.008    129.662      0.000
    Category 2         0.010      0.008      1.362      0.173
 W7_SMOKE
    Category 1         0.993      0.005    190.569      0.000
    Category 2         0.007      0.005      1.328      0.184
 W8_SMOKE
    Category 1         0.997      0.004    256.180      0.000
    Category 2         0.003      0.004      0.678      0.498
 W4_DRINK
    Category 1         0.351      0.035     10.024      0.000
    Category 2         0.587      0.034     17.367      0.000
    Category 3         0.062      0.017      3.705      0.000
    Category 4         0.000      0.000      0.000      1.000
 W5_DRINK
    Category 1         0.400      0.039     10.370      0.000
    Category 2         0.574      0.037     15.529      0.000
    Category 3         0.022      0.011      1.919      0.055
    Category 4         0.004      0.005      0.920      0.357
 W6_DRINK
    Category 1         0.403      0.036     11.296      0.000
    Category 2         0.565      0.033     17.021      0.000
    Category 3         0.031      0.012      2.531      0.011
    Category 4         0.001      0.002      0.409      0.682
 W7_DRINK
    Category 1         0.407      0.039     10.406      0.000
    Category 2         0.576      0.037     15.541      0.000
    Category 3         0.017      0.009      1.975      0.048
    Category 4         0.000      0.000      0.000      1.000
 W8_DRINK
    Category 1         0.455      0.040     11.499      0.000
    Category 2         0.522      0.038     13.702      0.000
    Category 3         0.023      0.011      2.121      0.034
    Category 4         0.000      0.000      0.000      1.000
 W4_PA
    Category 1         0.003      0.002      1.285      0.199
    Category 2         0.748      0.035     21.457      0.000
    Category 3         0.193      0.028      6.992      0.000
    Category 4         0.056      0.018      3.140      0.002
 W5_PA
    Category 1         0.009      0.007      1.362      0.173
    Category 2         0.804      0.036     22.384      0.000
    Category 3         0.151      0.029      5.257      0.000
    Category 4         0.035      0.014      2.508      0.012
 W6_PA
    Category 1         0.011      0.006      1.749      0.080
    Category 2         0.864      0.033     26.326      0.000
    Category 3         0.106      0.027      3.922      0.000
    Category 4         0.019      0.013      1.507      0.132
 W7_PA
    Category 1         0.012      0.007      1.689      0.091
    Category 2         0.857      0.027     31.531      0.000
    Category 3         0.123      0.023      5.376      0.000
    Category 4         0.008      0.009      0.909      0.363
 W8_PA
    Category 1         0.013      0.007      2.019      0.044
    Category 2         0.841      0.032     26.513      0.000
    Category 3         0.112      0.026      4.344      0.000
    Category 4         0.034      0.013      2.565      0.010
 W4_FV
    Category 1         0.473      0.033     14.344      0.000
    Category 2         0.527      0.033     15.955      0.000
 W5_FV
    Category 1         0.467      0.037     12.596      0.000
    Category 2         0.533      0.037     14.371      0.000
 W6_FV
    Category 1         0.438      0.037     11.988      0.000
    Category 2         0.562      0.037     15.374      0.000
 W7_FV
    Category 1         0.419      0.035     11.889      0.000
    Category 2         0.581      0.035     16.462      0.000
 W8_FV
    Category 1         0.412      0.034     12.118      0.000
    Category 2         0.588      0.034     17.294      0.000


LATENT CLASS ODDS RATIO RESULTS

                                                95% C.I.
                    Estimate       S.E.  Lower 2.5% Upper 2.5%

Latent Class 1 Compared to Latent Class 2

 W4_SMOKE
    Category > 1       0.000      0.000      0.000      0.002
 W5_SMOKE
    Category > 1       0.000      0.000      0.000      0.003
 W6_SMOKE
    Category > 1       0.000      0.000      0.000      0.004
 W7_SMOKE
    Category > 1       0.000      0.000      0.000      0.000
 W8_SMOKE
    Category > 1       0.000      0.000      0.000      0.000
 W4_DRINK
    Category > 1      14.694      8.471      4.747     45.485
    Category > 2      12.295      4.032      6.465     23.380
    Category > 3       3.890      2.364      1.182     12.802
 W5_DRINK
    Category > 1      29.508     21.554      7.050    123.513
    Category > 2      15.718      5.751      7.673     32.201
    Category > 3       2.440      1.078      1.026      5.803
 W6_DRINK
    Category > 1      20.886     11.273      7.251     60.160
    Category > 2       9.615      3.286      4.921     18.788
    Category > 3       1.908      0.867      0.783      4.649
 W7_DRINK
    Category > 1   *********      0.000  *********  *********
    Category > 2      14.617      5.020      7.457     28.655
    Category > 3       4.336      2.192      1.610     11.680
 W8_DRINK
    Category > 1      27.734     15.829      9.061     84.888
    Category > 2      10.832      3.453      5.800     20.232
    Category > 3       1.215      0.526      0.520      2.836
 W4_PA
    Category > 1   27713.061      0.000  27713.059  27713.059
    Category > 2       8.766      2.829      4.657     16.501
    Category > 3       8.516      2.897      4.372     16.590
 W5_PA
    Category > 1   29319.410      0.000  29319.408  29319.408
    Category > 2      24.532     12.593      8.970     67.096
    Category > 3      11.387      4.006      5.715     22.691
 W6_PA
    Category > 1   30169.324      0.000  30169.322  30169.322
    Category > 2      15.113      5.518      7.389     30.915
    Category > 3      11.588      3.978      5.913     22.709
 W7_PA
    Category > 1   12722.908      0.000  12722.909  12722.909
    Category > 2       9.943      3.181      5.312     18.612
    Category > 3       8.846      2.732      4.829     16.204
 W8_PA
    Category > 1   19415.740      0.000  19415.740  19415.740
    Category > 2      12.465      3.865      6.788     22.889
    Category > 3       7.560      2.303      4.161     13.735
 W4_FV
    Category > 1       3.887      1.117      2.213      6.827
 W5_FV
    Category > 1       7.367      2.240      4.059     13.370
 W6_FV
    Category > 1       5.960      1.868      3.225     11.016
 W7_FV
    Category > 1       3.294      1.003      1.813      5.984
 W8_FV
    Category > 1       4.652      1.420      2.557      8.461

Latent Class 1 Compared to Latent Class 3

 W4_SMOKE
    Category > 1       0.547      0.521      0.085      3.541
 W5_SMOKE
    Category > 1       0.479      0.772      0.020     11.272
 W6_SMOKE
    Category > 1       0.433      0.668      0.021      8.929
 W7_SMOKE
    Category > 1       0.000      0.000      0.000      0.000
 W8_SMOKE
    Category > 1       0.000      0.000      0.000      0.000
 W4_DRINK
    Category > 1       7.839      4.412      2.601     23.625
    Category > 2      54.503     16.124     30.522     97.329
    Category > 3   *********      0.000  *********  *********
 W5_DRINK
    Category > 1      17.908     12.652      4.484     71.519
    Category > 2      64.975     21.544     33.924    124.448
    Category > 3   *********      0.000  *********  *********
 W6_DRINK
    Category > 1      11.081      5.732      4.021     30.540
    Category > 2      56.819     18.667     29.843    108.182
    Category > 3   *********      0.000  *********  *********
 W7_DRINK
    Category > 1   *********      0.000  *********  *********
    Category > 2      59.769     18.271     32.830    108.815
    Category > 3   *********      0.000  *********  *********
 W8_DRINK
    Category > 1      15.491      8.566      5.240     45.792
    Category > 2      54.134     16.821     29.442     99.534
    Category > 3   *********      0.000  *********  *********
 W4_PA
    Category > 1    5303.976      0.000   5303.976   5303.976
    Category > 2       1.501      0.475      0.807      2.792
    Category > 3       2.361      0.645      1.381      4.034
 W5_PA
    Category > 1    8407.036      0.000   8407.036   8407.036
    Category > 2       3.597      1.848      1.314      9.845
    Category > 3       2.810      0.810      1.597      4.944
 W6_PA
    Category > 1   14243.629      0.000  14243.628  14243.628
    Category > 2       2.643      0.976      1.282      5.450
    Category > 3       2.688      0.754      1.551      4.658
 W7_PA
    Category > 1       1.000      0.000      1.000      1.000
    Category > 2       2.281      0.726      1.222      4.257
    Category > 3       2.413      0.609      1.472      3.958
 W8_PA
    Category > 1   10966.870      0.000  10966.872  10966.872
    Category > 2       2.829      0.818      1.606      4.985
    Category > 3       2.240      0.547      1.388      3.616
 W4_FV
    Category > 1       1.094      0.283      0.658      1.816
 W5_FV
    Category > 1       1.116      0.324      0.632      1.971
 W6_FV
    Category > 1       0.952      0.295      0.519      1.746
 W7_FV
    Category > 1       0.839      0.256      0.461      1.528
 W8_FV
    Category > 1       1.343      0.403      0.746      2.418

Latent Class 1 Compared to Latent Class 4

 W4_SMOKE
    Category > 1       0.153      0.133      0.028      0.838
 W5_SMOKE
    Category > 1       0.130      0.156      0.012      1.372
 W6_SMOKE
    Category > 1       0.794      1.062      0.058     10.931
 W7_SMOKE
    Category > 1       0.000      0.000      0.000      0.000
 W8_SMOKE
    Category > 1       0.000      0.000      0.000      0.000
 W4_DRINK
    Category > 1       0.308      0.290      0.049      1.944
    Category > 2       1.088      0.329      0.601      1.969
    Category > 3       1.342      0.503      0.644      2.796
 W5_DRINK
    Category > 1       0.462      0.430      0.074      2.864
    Category > 2       1.645      0.590      0.814      3.322
    Category > 3       1.460      0.548      0.700      3.047
 W6_DRINK
    Category > 1       1.097      0.728      0.299      4.029
    Category > 2       1.069      0.361      0.552      2.072
    Category > 3       1.234      0.476      0.579      2.626
 W7_DRINK
    Category > 1   65241.477      0.000  65241.477  65241.477
    Category > 2       1.510      0.482      0.808      2.822
    Category > 3       1.275      0.503      0.589      2.762
 W8_DRINK
    Category > 1       1.010      0.740      0.240      4.244
    Category > 2       1.639      0.468      0.936      2.870
    Category > 3       1.430      0.584      0.642      3.184
 W4_PA
    Category > 1    6692.703      0.000   6692.702   6692.702
    Category > 2       8.222      2.289      4.765     14.188
    Category > 3      16.169      4.640      9.213     28.378
 W5_PA
    Category > 1   40742.051      0.000  40742.051  40742.051
    Category > 2      26.861     12.683     10.647     67.770
    Category > 3      30.046      9.566     16.098     56.080
 W6_PA
    Category > 1       1.000      0.000      1.000      1.000
    Category > 2      17.557      5.707      9.284     33.202
    Category > 3      22.032      6.264     12.619     38.466
 W7_PA
    Category > 1    6644.078      0.000   6644.078   6644.078
    Category > 2      11.890      3.609      6.559     21.557
    Category > 3      30.657     11.243     14.940     62.907
 W8_PA
    Category > 1   28912.020      0.000  28912.020  28912.020
    Category > 2      10.430      3.046      5.884     18.487
    Category > 3      14.405      4.259      8.070     25.714
 W4_FV
    Category > 1       2.367      0.630      1.405      3.986
 W5_FV
    Category > 1       2.186      0.666      1.203      3.973
 W6_FV
    Category > 1       2.151      0.694      1.143      4.049
 W7_FV
    Category > 1       1.751      0.569      0.926      3.312
 W8_FV
    Category > 1       2.863      0.869      1.578      5.191

Latent Class 1 Compared to Latent Class 5

 W4_SMOKE
    Category > 1       0.351      0.338      0.053      2.317
 W5_SMOKE
    Category > 1       0.188      0.245      0.015      2.423
 W6_SMOKE
    Category > 1       0.354      0.467      0.027      4.697
 W7_SMOKE
    Category > 1       0.000      0.000      0.000      0.000
 W8_SMOKE
    Category > 1       0.000      0.000      0.000      0.000
 W4_DRINK
    Category > 1      21.417     11.606      7.405     61.948
    Category > 2      69.660     26.804     32.768    148.089
    Category > 3   *********      0.000  *********  *********
 W5_DRINK
    Category > 1      47.064     33.184     11.817    187.443
    Category > 2     253.734    148.649     80.482    799.946
    Category > 3      38.187     43.020      4.197    347.419
 W6_DRINK
    Category > 1      24.031     12.351      8.776     65.804
    Category > 2     121.532     59.332     46.679    316.412
    Category > 3     206.843    508.475      1.672  25595.121
 W7_DRINK
    Category > 1   *********      0.000  *********  *********
    Category > 2     250.152    147.365     78.841    793.705
    Category > 3   *********      0.000  *********  *********
 W8_DRINK
    Category > 1      41.588     23.012     14.059    123.022
    Category > 2     178.117     94.890     62.694    506.038
    Category > 3   *********      0.000  *********  *********
 W4_PA
    Category > 1    9399.975      0.000   9399.975   9399.975
    Category > 2      16.650      5.495      8.720     31.792
    Category > 3      36.214     15.126     15.971     82.115
 W5_PA
    Category > 1   31324.258      0.000  31324.256  31324.256
    Category > 2      62.523     33.069     22.173    176.304
    Category > 3      60.465     29.502     23.237    157.334
 W6_PA
    Category > 1   35660.746      0.000  35660.746  35660.746
    Category > 2      70.124     30.305     30.061    163.580
    Category > 3     129.427     93.382     31.468    532.333
 W7_PA
    Category > 1   38897.438      0.000  38897.434  38897.434
    Category > 2      44.172     15.340     22.363     87.248
    Category > 3     246.357    278.325     26.909   2255.481
 W8_PA
    Category > 1   44460.918      0.000  44460.926  44460.926
    Category > 2      34.774     11.942     17.739     68.168
    Category > 3      45.697     20.166     19.242    108.527
 W4_FV
    Category > 1       2.335      0.552      1.469      3.712
 W5_FV
    Category > 1       2.360      0.598      1.436      3.878
 W6_FV
    Category > 1       2.271      0.604      1.349      3.825
 W7_FV
    Category > 1       1.940      0.510      1.159      3.249
 W8_FV
    Category > 1       2.504      0.653      1.502      4.176

Latent Class 2 Compared to Latent Class 3

 W4_SMOKE
    Category > 1    1757.202   1335.464    396.188   7793.670
 W5_SMOKE
    Category > 1    1839.488   2106.670    194.914  17360.078
 W6_SMOKE
    Category > 1    1135.511   1213.840    139.719   9228.401
 W7_SMOKE
    Category > 1    2798.321   2970.210    349.457  22407.926
 W8_SMOKE
    Category > 1     163.384     93.792     53.035    503.334
 W4_DRINK
    Category > 1       0.533      0.157      0.299      0.951
    Category > 2       4.433      1.480      2.305      8.528
    Category > 3   *********      0.000  *********  *********
 W5_DRINK
    Category > 1       0.607      0.171      0.350      1.054
    Category > 2       4.134      1.288      2.244      7.614
    Category > 3   *********      0.000  *********  *********
 W6_DRINK
    Category > 1       0.531      0.142      0.314      0.897
    Category > 2       5.909      1.973      3.071     11.371
    Category > 3   *********      0.000  *********  *********
 W7_DRINK
    Category > 1       0.459      0.121      0.274      0.768
    Category > 2       4.089      1.374      2.117      7.899
    Category > 3   *********      0.000  *********  *********
 W8_DRINK
    Category > 1       0.559      0.150      0.330      0.947
    Category > 2       4.997      1.728      2.538      9.841
    Category > 3   *********      0.000  *********  *********
 W4_PA
    Category > 1       0.191      0.272      0.012      3.099
    Category > 2       0.171      0.043      0.105      0.280
    Category > 3       0.277      0.078      0.160      0.481
 W5_PA
    Category > 1       0.287      0.447      0.014      6.083
    Category > 2       0.147      0.038      0.088      0.244
    Category > 3       0.247      0.071      0.140      0.434
 W6_PA
    Category > 1       0.472      0.713      0.024      9.104
    Category > 2       0.175      0.047      0.103      0.296
    Category > 3       0.232      0.069      0.130      0.414
 W7_PA
    Category > 1       0.000      0.000      0.000      0.000
    Category > 2       0.229      0.060      0.137      0.383
    Category > 3       0.273      0.078      0.155      0.479
 W8_PA
    Category > 1       0.565      0.887      0.026     12.275
    Category > 2       0.227      0.054      0.143      0.361
    Category > 3       0.296      0.085      0.169      0.519
 W4_FV
    Category > 1       0.281      0.067      0.176      0.449
 W5_FV
    Category > 1       0.152      0.037      0.094      0.245
 W6_FV
    Category > 1       0.160      0.040      0.098      0.262
 W7_FV
    Category > 1       0.255      0.061      0.160      0.406
 W8_FV
    Category > 1       0.289      0.068      0.182      0.458

Latent Class 2 Compared to Latent Class 4

 W4_SMOKE
    Category > 1     490.293    318.543    137.221   1751.823
 W5_SMOKE
    Category > 1     500.130    283.977    164.345   1521.984
 W6_SMOKE
    Category > 1    2081.485   1721.679    411.432  10530.496
 W7_SMOKE
    Category > 1    1092.114    875.728    226.833   5258.110
 W8_SMOKE
    Category > 1     420.823    351.931     81.702   2167.535
 W4_DRINK
    Category > 1       0.021      0.016      0.005      0.093
    Category > 2       0.088      0.026      0.049      0.158
    Category > 3       0.345      0.211      0.104      1.143
 W5_DRINK
    Category > 1       0.016      0.010      0.004      0.056
    Category > 2       0.105      0.030      0.060      0.182
    Category > 3       0.598      0.252      0.262      1.367
 W6_DRINK
    Category > 1       0.053      0.023      0.022      0.125
    Category > 2       0.111      0.032      0.063      0.197
    Category > 3       0.647      0.286      0.272      1.539
 W7_DRINK
    Category > 1       0.028      0.012      0.012      0.067
    Category > 2       0.103      0.030      0.059      0.182
    Category > 3       0.294      0.147      0.110      0.783
 W8_DRINK
    Category > 1       0.036      0.018      0.014      0.095
    Category > 2       0.151      0.042      0.087      0.262
    Category > 3       1.177      0.496      0.516      2.686
 W4_PA
    Category > 1       0.242      0.343      0.015      3.918
    Category > 2       0.938      0.220      0.592      1.485
    Category > 3       1.899      0.609      1.012      3.561
 W5_PA
    Category > 1       1.390      1.579      0.150     12.893
    Category > 2       1.095      0.267      0.679      1.765
    Category > 3       2.639      0.924      1.329      5.241
 W6_PA
    Category > 1       0.000      0.000      0.000      0.000
    Category > 2       1.162      0.282      0.722      1.868
    Category > 3       1.901      0.626      0.997      3.624
 W7_PA
    Category > 1       0.522      0.742      0.032      8.464
    Category > 2       1.196      0.292      0.741      1.930
    Category > 3       3.466      1.474      1.506      7.977
 W8_PA
    Category > 1       1.489      1.861      0.129     17.237
    Category > 2       0.837      0.202      0.521      1.344
    Category > 3       1.906      0.659      0.967      3.754
 W4_FV
    Category > 1       0.609      0.144      0.383      0.968
 W5_FV
    Category > 1       0.297      0.072      0.185      0.476
 W6_FV
    Category > 1       0.361      0.089      0.223      0.585
 W7_FV
    Category > 1       0.532      0.125      0.335      0.843
 W8_FV
    Category > 1       0.615      0.141      0.392      0.966

Latent Class 2 Compared to Latent Class 5

 W4_SMOKE
    Category > 1    1127.469    818.418    271.778   4677.288
 W5_SMOKE
    Category > 1     721.532    556.586    159.086   3272.506
 W6_SMOKE
    Category > 1     929.015    745.026    192.925   4473.608
 W7_SMOKE
    Category > 1    1045.885    822.056    224.097   4881.268
 W8_SMOKE
    Category > 1    1000.929   1494.526     53.631  18680.502
 W4_DRINK
    Category > 1       1.458      0.423      0.826      2.573
    Category > 2       5.666      2.173      2.672     12.015
    Category > 3   *********      0.000  *********  *********
 W5_DRINK
    Category > 1       1.595      0.472      0.893      2.847
    Category > 2      16.142      8.771      5.565     46.823
    Category > 3      15.648     18.079      1.626    150.624
 W6_DRINK
    Category > 1       1.151      0.320      0.667      1.986
    Category > 2      12.640      5.962      5.014     31.861
    Category > 3     108.421    270.974      0.809  14539.041
 W7_DRINK
    Category > 1       0.962      0.269      0.556      1.664
    Category > 2      17.113      9.820      5.557     52.697
    Category > 3   *********      0.000  *********  *********
 W8_DRINK
    Category > 1       1.500      0.421      0.864      2.601
    Category > 2      16.443      8.844      5.730     47.185
    Category > 3   *********      0.000  *********  *********
 W4_PA
    Category > 1       0.339      0.432      0.028      4.124
    Category > 2       1.899      0.516      1.115      3.235
    Category > 3       4.252      1.781      1.871      9.661
 W5_PA
    Category > 1       1.068      1.331      0.093     12.269
    Category > 2       2.549      0.779      1.400      4.640
    Category > 3       5.310      2.615      2.022     13.942
 W6_PA
    Category > 1       1.182      1.380      0.120     11.656
    Category > 2       4.640      1.646      2.315      9.299
    Category > 3      11.169      8.074      2.708     46.064
 W7_PA
    Category > 1       3.057      3.579      0.308     30.328
    Category > 2       4.443      1.364      2.433      8.111
    Category > 3      27.850     31.515      3.031    255.892
 W8_PA
    Category > 1       2.290      2.715      0.224     23.400
    Category > 2       2.790      0.877      1.506      5.167
    Category > 3       6.045      2.886      2.371     15.411
 W4_FV
    Category > 1       0.601      0.149      0.370      0.976
 W5_FV
    Category > 1       0.320      0.082      0.194      0.530
 W6_FV
    Category > 1       0.381      0.099      0.229      0.635
 W7_FV
    Category > 1       0.589      0.144      0.365      0.951
 W8_FV
    Category > 1       0.538      0.131      0.334      0.868

Latent Class 3 Compared to Latent Class 4

 W4_SMOKE
    Category > 1       0.279      0.161      0.090      0.863
 W5_SMOKE
    Category > 1       0.272      0.322      0.027      2.761
 W6_SMOKE
    Category > 1       1.833      2.296      0.157     21.359
 W7_SMOKE
    Category > 1       0.390      0.484      0.034      4.430
 W8_SMOKE
    Category > 1       2.576      2.511      0.381     17.410
 W4_DRINK
    Category > 1       0.039      0.029      0.009      0.169
    Category > 2       0.020      0.006      0.011      0.035
    Category > 3       0.000      0.000      0.000      0.000
 W5_DRINK
    Category > 1       0.026      0.016      0.007      0.089
    Category > 2       0.025      0.007      0.015      0.043
    Category > 3       0.000      0.000      0.000      0.000
 W6_DRINK
    Category > 1       0.099      0.041      0.044      0.221
    Category > 2       0.019      0.006      0.011      0.034
    Category > 3       0.000      0.000      0.000      0.000
 W7_DRINK
    Category > 1       0.061      0.026      0.027      0.140
    Category > 2       0.025      0.007      0.014      0.045
    Category > 3       0.000      0.000      0.000      0.000
 W8_DRINK
    Category > 1       0.065      0.030      0.026      0.161
    Category > 2       0.030      0.009      0.017      0.055
    Category > 3       0.000      0.000      0.000      0.000
 W4_PA
    Category > 1       1.262      1.794      0.078     20.467
    Category > 2       5.479      1.102      3.694      8.127
    Category > 3       6.850      1.592      4.344     10.802
 W5_PA
    Category > 1       4.846      6.343      0.373     63.015
    Category > 2       7.467      1.619      4.882     11.422
    Category > 3      10.692      2.874      6.313     18.108
 W6_PA
    Category > 1       0.000      0.000      0.000      0.000
    Category > 2       6.643      1.538      4.220     10.458
    Category > 3       8.196      2.136      4.918     13.658
 W7_PA
    Category > 1    6644.078      0.000   6644.078   6644.078
    Category > 2       5.213      1.174      3.353      8.106
    Category > 3      12.702      4.749      6.104     26.432
 W8_PA
    Category > 1       2.636      3.392      0.212     32.830
    Category > 2       3.686      0.742      2.484      5.470
    Category > 3       6.431      1.821      3.692     11.202
 W4_FV
    Category > 1       2.164      0.398      1.509      3.104
 W5_FV
    Category > 1       1.958      0.383      1.334      2.874
 W6_FV
    Category > 1       2.259      0.477      1.493      3.417
 W7_FV
    Category > 1       2.086      0.428      1.396      3.118
 W8_FV
    Category > 1       2.132      0.417      1.453      3.127

Latent Class 3 Compared to Latent Class 5

 W4_SMOKE
    Category > 1       0.642      0.520      0.131      3.138
 W5_SMOKE
    Category > 1       0.392      0.593      0.020      7.601
 W6_SMOKE
    Category > 1       0.818      1.171      0.050     13.516
 W7_SMOKE
    Category > 1       0.374      0.479      0.030      4.615
 W8_SMOKE
    Category > 1       6.126     10.167      0.237    158.457
 W4_DRINK
    Category > 1       2.732      0.726      1.624      4.598
    Category > 2       1.278      0.509      0.586      2.789
    Category > 3       1.000      0.000      1.000      1.000
 W5_DRINK
    Category > 1       2.628      0.687      1.575      4.386
    Category > 2       3.905      2.133      1.339     11.389
    Category > 3       0.000      0.000      0.000      0.000
 W6_DRINK
    Category > 1       2.169      0.506      1.372      3.427
    Category > 2       2.139      1.072      0.801      5.714
    Category > 3       0.000      0.000      0.000      0.000
 W7_DRINK
    Category > 1       2.095      0.555      1.246      3.523
    Category > 2       4.185      2.483      1.308     13.391
    Category > 3       1.000      0.000      1.000      1.000
 W8_DRINK
    Category > 1       2.685      0.689      1.623      4.440
    Category > 2       3.290      1.891      1.067     10.150
    Category > 3       1.000      0.000      1.000      1.000
 W4_PA
    Category > 1       1.772      2.351      0.132     23.872
    Category > 2      11.095      2.215      7.502     16.409
    Category > 3      15.341      5.132      7.963     29.555
 W5_PA
    Category > 1       3.726      5.979      0.160     86.528
    Category > 2      17.381      4.037     11.025     27.401
    Category > 3      21.516      8.564      9.861     46.943
 W6_PA
    Category > 1       2.504      3.575      0.152     41.127
    Category > 2      26.533      7.175     15.617     45.079
    Category > 3      48.148     32.052     13.059    177.517
 W7_PA
    Category > 1   38897.438      0.000  38897.434  38897.434
    Category > 2      19.366      4.757     11.966     31.343
    Category > 3     102.076    110.337     12.269    849.231
 W8_PA
    Category > 1       4.054      5.757      0.251     65.548
    Category > 2      12.291      3.021      7.592     19.898
    Category > 3      20.401      8.574      8.952     46.493
 W4_FV
    Category > 1       2.135      0.454      1.408      3.238
 W5_FV
    Category > 1       2.114      0.512      1.315      3.398
 W6_FV
    Category > 1       2.385      0.590      1.469      3.873
 W7_FV
    Category > 1       2.312      0.552      1.448      3.691
 W8_FV
    Category > 1       1.865      0.428      1.190      2.923

Latent Class 4 Compared to Latent Class 5

 W4_SMOKE
    Category > 1       2.300      1.423      0.684      7.735
 W5_SMOKE
    Category > 1       1.443      1.175      0.292      7.119
 W6_SMOKE
    Category > 1       0.446      0.475      0.055      3.598
 W7_SMOKE
    Category > 1       0.958      1.007      0.122      7.521
 W8_SMOKE
    Category > 1       2.379      4.016      0.087     65.069
 W4_DRINK
    Category > 1      69.447     51.250     16.349    295.003
    Category > 2      64.040     20.174     34.539    118.740
    Category > 3   *********      0.000  *********  *********
 W5_DRINK
    Category > 1     101.904     64.641     29.393    353.303
    Category > 2     154.260     76.130     58.635    405.832
    Category > 3      26.155     29.051      2.965    230.689
 W6_DRINK
    Category > 1      21.912      8.887      9.896     48.520
    Category > 2     113.668     47.429     50.172    257.522
    Category > 3     167.684    411.975      1.359  20692.188
 W7_DRINK
    Category > 1      34.343     14.435     15.068     78.275
    Category > 2     165.642     85.306     60.366    454.514
    Category > 3   *********      0.000  *********  *********
 W8_DRINK
    Category > 1      41.192     18.762     16.869    100.582
    Category > 2     108.660     53.877     41.116    287.164
    Category > 3   *********      0.000  *********  *********
 W4_PA
    Category > 1       1.405      1.787      0.116     17.001
    Category > 2       2.025      0.462      1.295      3.166
    Category > 3       2.240      0.877      1.039      4.827
 W5_PA
    Category > 1       0.769      0.703      0.128      4.615
    Category > 2       2.328      0.642      1.356      3.995
    Category > 3       2.012      0.959      0.791      5.123
 W6_PA
    Category > 1   35660.746      0.000  35660.746  35660.746
    Category > 2       3.994      1.342      2.067      7.717
    Category > 3       5.875      4.243      1.426     24.201
 W7_PA
    Category > 1       5.854      6.854      0.590     58.085
    Category > 2       3.715      1.061      2.123      6.501
    Category > 3       8.036      9.445      0.803     80.454
 W8_PA
    Category > 1       1.538      1.200      0.333      7.102
    Category > 2       3.334      0.982      1.872      5.940
    Category > 3       3.172      1.542      1.223      8.227
 W4_FV
    Category > 1       0.987      0.185      0.683      1.426
 W5_FV
    Category > 1       1.080      0.234      0.705      1.652
 W6_FV
    Category > 1       1.056      0.232      0.687      1.623
 W7_FV
    Category > 1       1.108      0.241      0.724      1.697
 W8_FV
    Category > 1       0.875      0.180      0.584      1.310


QUALITY OF NUMERICAL RESULTS

     Condition Number for the Information Matrix              0.969E-07
       (ratio of smallest to largest eigenvalue)


TECHNICAL 11 OUTPUT

     Random Starts Specifications for the k-1 Class Analysis Model
        Number of initial stage random starts                 500
        Number of final stage optimizations                   100



     VUONG-LO-MENDELL-RUBIN LIKELIHOOD RATIO TEST FOR 4 (H0) VERSUS 5 CLASSES

          H0 Loglikelihood Value                       -28914.822
          2 Times the Loglikelihood Difference            895.837
          Difference in the Number of Parameters               41
          Mean                                         305729.798
          Standard Deviation                           431943.111
          P-Value                                          0.7598

     LO-MENDELL-RUBIN ADJUSTED LRT TEST

          Value                                           893.021
          P-Value                                          0.7598


PLOT INFORMATION

The following plots are available:

  Histograms (sample values)
  Scatterplots (sample values)
  Sample proportions and estimated probabilities

     Beginning Time:  12:02:12
        Ending Time:  12:09:04
       Elapsed Time:  00:06:52



MUTHEN & MUTHEN
3463 Stoner Ave.
Los Angeles, CA  90066

Tel: (310) 391-9971
Fax: (310) 391-8971
Web: www.StatModel.com
Support: Support@StatModel.com

Copyright (c) 1998-2020 Muthen & Muthen
