Mplus VERSION 8.5 (Mac)
MUTHEN & MUTHEN
09/16/2022  12:09 PM

INPUT INSTRUCTIONS

  TITLE:
  C6_LCA_enumerate
  DATA:
  FILE = "./c_lca_enumerate.dat";

  VARIABLE:
  NAMES = idauniq W4_Smoke W5_Smoke W6_Smoke W7_Smoke W8_Smoke W4_Drink W5_Drink
       W6_Drink W7_Drink W8_Drink W4_PA W5_PA W6_PA W7_PA W8_PA W4_FV W5_FV W6_FV
       W7_FV W8_FV Weights Female Age Pat_Int Pat_Hig Self_Int Self_Hig Edu_Upp
       Edu_Ter Wealth_2 Wealth_3 Eye_4 Circul_4 Endocr_4 Muscul_4 Respir_4 Neopla_4
       Nervou_4 Mental_4 Multi_4 CMulti_4 Luncan_4 Multi Eye Circul Endocr Muscul
       Respir Neopla Nervou Mental CMulti Luncan;
   MISSING=.;
   CATEGORICAL = W4_Smoke,W5_Smoke,W6_Smoke,W7_Smoke,W8_Smoke,
  W4_Drink,W5_Drink,W6_Drink,W7_Drink,W8_Drink,
  W4_PA,W5_PA,W6_PA,W7_PA,W8_PA,W4_FV,W5_FV,W6_FV,
  W7_FV,W8_FV;
  USEVARIABLES = W4_Smoke,W5_Smoke,W6_Smoke,W7_Smoke,W8_Smoke,
  W4_Drink,W5_Drink,W6_Drink,W7_Drink,W8_Drink,
  W4_PA,W5_PA,W6_PA,W7_PA,W8_PA,W4_FV,W5_FV,W6_FV,
  W7_FV,W8_FV,Weights;
  USEOBSERVATIONS = Female NE -99 AND Age NE -99
    AND  Pat_Int NE -99 AND
  Pat_Hig NE -99 AND Self_Int NE -99 AND
  Self_Hig NE -99 AND Edu_Upp NE -99 AND
  Edu_Ter NE -99 AND
  Wealth_2 NE -99 AND Wealth_3 NE -99;
          WEIGHT        = Weights;
  MISSING ARE ALL (-99);
          classes = c(6);
  ANALYSIS:
  estimator = mlr;
      type = mixture;
      starts = 500 100;
      STITERATIONS=20;
  LRTSTARTS = 50 10 400 20;
  OUTPUT:
  TECH11 TECH14
  PLOT:
  type = plot3;
      series is W4_Smoke(2) W5_Smoke(3) W6_Smoke(4) W7_Smoke(5)
      W8_Smoke(6) W4_Drink(7) W5_Drink(8)
      W6_Drink(9) W7_Drink(10)
      W8_Drink(11) W4_PA(12) W5_PA(13)
      W6_PA(14) W7_PA(15) W8_PA(16)
      W4_FV(17) W5_FV(18) W6_FV(19)
      W7_FV(20) W8_FV(21);



*** WARNING
  One or more observations has a value of 0 for the WEIGHT variable.
*** WARNING in OUTPUT command
  TECH14 option is not available for TYPE=MIXTURE with weights.
  Request for TECH14 is ignored.
   2 WARNING(S) FOUND IN THE INPUT INSTRUCTIONS




C6_LCA_enumerate

SUMMARY OF ANALYSIS

Number of groups                                                 1
Number of observations                                        2284

Number of dependent variables                                   20
Number of independent variables                                  0
Number of continuous latent variables                            0
Number of categorical latent variables                           1

Observed dependent variables

  Binary and ordered categorical (ordinal)
   W4_SMOKE    W5_SMOKE    W6_SMOKE    W7_SMOKE    W8_SMOKE    W4_DRINK
   W5_DRINK    W6_DRINK    W7_DRINK    W8_DRINK    W4_PA       W5_PA
   W6_PA       W7_PA       W8_PA       W4_FV       W5_FV       W6_FV
   W7_FV       W8_FV

Categorical latent variables
   C

Variables with special functions

  Weight variable       WEIGHTS

Estimator                                                      MLR
Information matrix                                        OBSERVED
Optimization Specifications for the Quasi-Newton Algorithm for
Continuous Outcomes
  Maximum number of iterations                                 100
  Convergence criterion                                  0.100D-05
Optimization Specifications for the EM Algorithm
  Maximum number of iterations                                 500
  Convergence criteria
    Loglikelihood change                                 0.100D-06
    Relative loglikelihood change                        0.100D-06
    Derivative                                           0.100D-05
Optimization Specifications for the M step of the EM Algorithm for
Categorical Latent variables
  Number of M step iterations                                    1
  M step convergence criterion                           0.100D-05
  Basis for M step termination                           ITERATION
Optimization Specifications for the M step of the EM Algorithm for
Censored, Binary or Ordered Categorical (Ordinal), Unordered
Categorical (Nominal) and Count Outcomes
  Number of M step iterations                                    1
  M step convergence criterion                           0.100D-05
  Basis for M step termination                           ITERATION
  Maximum value for logit thresholds                            15
  Minimum value for logit thresholds                           -15
  Minimum expected cell size for chi-square              0.100D-01
Maximum number of iterations for H1                           2000
Convergence criterion for H1                             0.100D-03
Optimization algorithm                                         EMA
Random Starts Specifications
  Number of initial stage random starts                        500
  Number of final stage optimizations                          100
  Number of initial stage iterations                            20
  Initial stage convergence criterion                    0.100D+01
  Random starts scale                                    0.500D+01
  Random seed for generating random starts                       0
Link                                                         LOGIT

Input data file(s)
  ./c_lca_enumerate.dat
Input data format  FREE


SUMMARY OF DATA

     Number of missing data patterns           348
     Number of y missing data patterns           0
     Number of u missing data patterns         348


COVARIANCE COVERAGE OF DATA

Minimum covariance coverage value   0.100


     PROPORTION OF DATA PRESENT FOR U


           Covariance Coverage
              W4_SMOKE      W5_SMOKE      W6_SMOKE      W7_SMOKE      W8_SMOKE
              ________      ________      ________      ________      ________
 W4_SMOKE       0.950
 W5_SMOKE       0.576         0.582
 W6_SMOKE       0.591         0.581         0.597
 W7_SMOKE       0.600         0.581         0.595         0.607
 W8_SMOKE       0.604         0.579         0.592         0.602         0.613
 W4_DRINK       0.819         0.501         0.514         0.521         0.526
 W5_DRINK       0.840         0.515         0.528         0.535         0.539
 W6_DRINK       0.826         0.504         0.514         0.524         0.530
 W7_DRINK       0.817         0.503         0.515         0.523         0.529
 W8_DRINK       0.818         0.508         0.519         0.527         0.530
 W4_PA          0.919         0.559         0.574         0.584         0.588
 W5_PA          0.919         0.562         0.577         0.586         0.590
 W6_PA          0.919         0.560         0.575         0.585         0.591
 W7_PA          0.918         0.560         0.574         0.584         0.589
 W8_PA          0.919         0.563         0.577         0.587         0.594
 W4_FV          0.882         0.535         0.549         0.557         0.562
 W5_FV          0.909         0.553         0.567         0.576         0.581
 W6_FV          0.899         0.547         0.559         0.570         0.577
 W7_FV          0.896         0.549         0.562         0.571         0.577
 W8_FV          0.904         0.555         0.569         0.578         0.581


           Covariance Coverage
              W4_DRINK      W5_DRINK      W6_DRINK      W7_DRINK      W8_DRINK
              ________      ________      ________      ________      ________
 W4_DRINK       0.862
 W5_DRINK       0.803         0.884
 W6_DRINK       0.789         0.820         0.869
 W7_DRINK       0.778         0.811         0.807         0.860
 W8_DRINK       0.780         0.810         0.806         0.802         0.863
 W4_PA          0.837         0.858         0.846         0.838         0.838
 W5_PA          0.839         0.861         0.848         0.838         0.840
 W6_PA          0.840         0.857         0.844         0.835         0.838
 W7_PA          0.838         0.858         0.845         0.836         0.840
 W8_PA          0.839         0.859         0.844         0.838         0.839
 W4_FV          0.862         0.827         0.813         0.803         0.807
 W5_FV          0.831         0.883         0.839         0.829         0.829
 W6_FV          0.819         0.844         0.869         0.824         0.824
 W7_FV          0.813         0.838         0.829         0.858         0.819
 W8_FV          0.826         0.846         0.837         0.827         0.862


           Covariance Coverage
              W4_PA         W5_PA         W6_PA         W7_PA         W8_PA
              ________      ________      ________      ________      ________
 W4_PA          0.967
 W5_PA          0.947         0.968
 W6_PA          0.942         0.946         0.967
 W7_PA          0.943         0.945         0.947         0.967
 W8_PA          0.941         0.943         0.942         0.945         0.969
 W4_FV          0.900         0.901         0.902         0.899         0.901
 W5_FV          0.926         0.927         0.925         0.925         0.927
 W6_FV          0.916         0.916         0.915         0.915         0.916
 W7_FV          0.913         0.912         0.911         0.912         0.915
 W8_FV          0.924         0.925         0.925         0.926         0.926


           Covariance Coverage
              W4_FV         W5_FV         W6_FV         W7_FV         W8_FV
              ________      ________      ________      ________      ________
 W4_FV          0.929
 W5_FV          0.896         0.957
 W6_FV          0.880         0.912         0.945
 W7_FV          0.876         0.907         0.901         0.942
 W8_FV          0.890         0.915         0.908         0.904         0.954


UNIVARIATE PROPORTIONS AND COUNTS FOR CATEGORICAL VARIABLES

    W4_SMOKE
      Category 1    0.891         1925.844
      Category 2    0.109          234.748
    W5_SMOKE
      Category 1    0.851         1157.310
      Category 2    0.149          202.715
    W6_SMOKE
      Category 1    0.867         1208.814
      Category 2    0.133          184.995
    W7_SMOKE
      Category 1    0.876         1240.376
      Category 2    0.124          175.204
    W8_SMOKE
      Category 1    0.896         1283.430
      Category 2    0.104          149.367
    W4_DRINK
      Category 1    0.164          320.482
      Category 2    0.470          917.962
      Category 3    0.318          622.237
      Category 4    0.048           94.323
    W5_DRINK
      Category 1    0.186          374.445
      Category 2    0.442          890.564
      Category 3    0.323          650.148
      Category 4    0.049           97.802
    W6_DRINK
      Category 1    0.211          415.369
      Category 2    0.439          865.797
      Category 3    0.303          598.251
      Category 4    0.048           93.832
    W7_DRINK
      Category 1    0.212          412.957
      Category 2    0.453          882.714
      Category 3    0.285          556.053
      Category 4    0.050           97.302
    W8_DRINK
      Category 1    0.216          421.432
      Category 2    0.446          868.970
      Category 3    0.294          572.844
      Category 4    0.043           83.521
    W4_PA
      Category 1    0.002            5.262
      Category 2    0.468         1022.860
      Category 3    0.244          534.097
      Category 4    0.286          625.309
    W5_PA
      Category 1    0.007           15.191
      Category 2    0.480         1054.783
      Category 3    0.259          568.446
      Category 4    0.255          559.669
    W6_PA
      Category 1    0.005           10.634
      Category 2    0.495         1085.487
      Category 3    0.222          486.969
      Category 4    0.277          607.986
    W7_PA
      Category 1    0.004            8.452
      Category 2    0.515         1132.106
      Category 3    0.228          501.571
      Category 4    0.253          555.694
    W8_PA
      Category 1    0.007           15.509
      Category 2    0.536         1182.815
      Category 3    0.209          460.071
      Category 4    0.248          546.968
    W4_FV
      Category 1    0.410          864.415
      Category 2    0.590         1246.457
    W5_FV
      Category 1    0.412          901.271
      Category 2    0.588         1286.332
    W6_FV
      Category 1    0.376          809.996
      Category 2    0.624         1342.282
    W7_FV
      Category 1    0.355          761.184
      Category 2    0.645         1384.397
    W8_FV
      Category 1    0.369          802.729
      Category 2    0.631         1370.880


RANDOM STARTS RESULTS RANKED FROM THE BEST TO THE WORST LOGLIKELIHOOD VALUES

Final stage loglikelihood values at local maxima, seeds, and initial stage start numbers:

          -28093.037  714997           399
          -28093.037  383986           159
          -28093.037  476498           179
          -28093.037  966014           37
          -28093.037  303634           169
          -28093.037  903420           5
          -28093.037  618760           489
          -28093.037  529455           268
          -28093.037  514326           325
          -28093.037  372176           23
          -28093.037  751054           117
          -28093.037  617243           237
          -28093.037  345070           114
          -28093.408  957392           79
          -28093.408  972430           491
          -28093.408  85114            385
          -28093.408  751153           110
          -28093.408  297518           166
          -28102.266  701525           239
          -28102.266  772131           407
          -28102.266  629320           222
          -28102.266  146900           391
          -28105.073  471438           252
          -28107.560  592219           119
          -28109.064  848331           137
          -28110.133  164305           128
          -28115.166  360419           356
          -28139.683  741484           441
          -28150.134  136842           58

71 perturbed starting value run(s) did not converge or were rejected in the third stage.



THE BEST LOGLIKELIHOOD VALUE HAS BEEN REPLICATED.  RERUN WITH AT LEAST TWICE THE
RANDOM STARTS TO CHECK THAT THE BEST LOGLIKELIHOOD IS STILL OBTAINED AND REPLICATED.

     IN THE OPTIMIZATION, ONE OR MORE LOGIT THRESHOLDS APPROACHED EXTREME VALUES
     OF -15.000 AND 15.000 AND WERE FIXED TO STABILIZE MODEL ESTIMATION.  THESE
     VALUES IMPLY PROBABILITIES OF 0 AND 1.  IN THE MODEL RESULTS SECTION, THESE
     PARAMETERS HAVE 0 STANDARD ERRORS AND 999 IN THE Z-SCORE AND P-VALUE COLUMNS.




THE MODEL ESTIMATION TERMINATED NORMALLY

     THE CHI-SQUARE TEST CANNOT BE COMPUTED BECAUSE THE FREQUENCY TABLE FOR THE
     LATENT CLASS INDICATOR MODEL PART IS TOO LARGE.




MODEL FIT INFORMATION

Number of Free Parameters                      245

Loglikelihood

          H0 Value                      -28093.037
          H0 Scaling Correction Factor      1.4005
            for MLR

Information Criteria

          Akaike (AIC)                   56676.074
          Bayesian (BIC)                 58080.827
          Sample-Size Adjusted BIC       57302.418
            (n* = (n + 2) / 24)



FINAL CLASS COUNTS AND PROPORTIONS FOR THE LATENT CLASSES
BASED ON THE ESTIMATED MODEL

    Latent
   Classes

       1        422.60239          0.18503
       2        401.72706          0.17589
       3        198.97387          0.08712
       4        310.02853          0.13574
       5        563.03914          0.24651
       6        387.62901          0.16971


FINAL CLASS COUNTS AND PROPORTIONS FOR THE LATENT CLASSES
BASED ON ESTIMATED POSTERIOR PROBABILITIES

    Latent
   Classes

       1        422.60239          0.18503
       2        401.72706          0.17589
       3        198.97387          0.08712
       4        310.02853          0.13574
       5        563.03914          0.24651
       6        387.62901          0.16971


FINAL CLASS COUNTS AND PROPORTIONS FOR THE LATENT CLASSES
BASED ON THEIR MOST LIKELY LATENT CLASS MEMBERSHIP

Class Counts and Proportions

    Latent
   Classes

       1              426          0.18639
       2              395          0.17279
       3              196          0.08562
       4              297          0.13021
       5              589          0.25800
       6              381          0.16699


CLASSIFICATION QUALITY

     Entropy                         0.849


Average Latent Class Probabilities for Most Likely Latent Class Membership (Row)
by Latent Class (Column)

           1        2        3        4        5        6

    1   0.905    0.029    0.000    0.040    0.026    0.001
    2   0.022    0.896    0.001    0.012    0.050    0.019
    3   0.003    0.000    0.977    0.010    0.006    0.002
    4   0.041    0.010    0.004    0.908    0.031    0.007
    5   0.027    0.042    0.004    0.023    0.849    0.056
    6   0.000    0.023    0.010    0.008    0.057    0.903


Classification Probabilities for the Most Likely Latent Class Membership (Column)
by Latent Class (Row)

           1        2        3        4        5        6

    1   0.912    0.021    0.001    0.029    0.037    0.000
    2   0.030    0.880    0.000    0.007    0.061    0.021
    3   0.001    0.002    0.961    0.005    0.012    0.019
    4   0.055    0.015    0.007    0.871    0.044    0.009
    5   0.019    0.035    0.002    0.016    0.889    0.039
    6   0.001    0.020    0.001    0.006    0.085    0.888


Logits for the Classification Probabilities for the Most Likely Latent Class Membership (Column)
by Latent Class (Row)

              1        2        3        4        5        6

    1      8.145    4.350    1.658    4.699    4.943    0.000
    2      0.347    3.718   -4.815   -1.099    1.050    0.000
    3     -3.140   -2.262    3.917   -1.246   -0.473    0.000
    4      1.754    0.467   -0.357    4.523    1.530    0.000
    5     -0.687   -0.096   -2.844   -0.869    3.137    0.000
    6     -7.299   -3.804   -6.679   -5.075   -2.348    0.000


MODEL RESULTS

                                                    Two-Tailed
                    Estimate       S.E.  Est./S.E.    P-Value

Latent Class 1

 Thresholds
    W4_SMOKE$1         3.991      0.583      6.844      0.000
    W5_SMOKE$1         5.857      1.118      5.239      0.000
    W6_SMOKE$1         6.218      1.140      5.452      0.000
    W7_SMOKE$1         5.623      1.021      5.509      0.000
    W8_SMOKE$1         6.146      1.138      5.401      0.000
    W4_DRINK$1        -4.611      0.651     -7.086      0.000
    W4_DRINK$2        -1.784      0.237     -7.527      0.000
    W4_DRINK$3         1.960      0.199      9.874      0.000
    W5_DRINK$1        -4.679      0.719     -6.508      0.000
    W5_DRINK$2        -1.838      0.226     -8.147      0.000
    W5_DRINK$3         1.967      0.202      9.737      0.000
    W6_DRINK$1        -3.524      0.341    -10.337      0.000
    W6_DRINK$2        -1.579      0.218     -7.256      0.000
    W6_DRINK$3         2.138      0.213     10.022      0.000
    W7_DRINK$1        -5.273      0.820     -6.428      0.000
    W7_DRINK$2        -1.734      0.239     -7.266      0.000
    W7_DRINK$3         1.765      0.204      8.673      0.000
    W8_DRINK$1        -3.906      0.430     -9.082      0.000
    W8_DRINK$2        -1.503      0.187     -8.026      0.000
    W8_DRINK$3         2.236      0.236      9.455      0.000
    W4_PA$1          -15.000      0.000    999.000    999.000
    W4_PA$2           -0.655      0.166     -3.947      0.000
    W4_PA$3            0.331      0.182      1.816      0.069
    W5_PA$1           -4.482      0.688     -6.515      0.000
    W5_PA$2           -0.609      0.181     -3.361      0.001
    W5_PA$3            0.474      0.185      2.554      0.011
    W6_PA$1          -15.000      0.000    999.000    999.000
    W6_PA$2           -0.720      0.199     -3.624      0.000
    W6_PA$3            0.311      0.175      1.775      0.076
    W7_PA$1          -15.000      0.000    999.000    999.000
    W7_PA$2           -0.482      0.181     -2.663      0.008
    W7_PA$3            0.609      0.193      3.155      0.002
    W8_PA$1           -5.027      0.955     -5.266      0.000
    W8_PA$2           -0.548      0.170     -3.221      0.001
    W8_PA$3            0.708      0.180      3.924      0.000
    W4_FV$1           -1.266      0.162     -7.789      0.000
    W5_FV$1           -2.018      0.233     -8.674      0.000
    W6_FV$1           -2.367      0.268     -8.837      0.000
    W7_FV$1           -2.271      0.292     -7.788      0.000
    W8_FV$1           -1.981      0.246     -8.070      0.000

Latent Class 2

 Thresholds
    W4_SMOKE$1         4.285      0.600      7.145      0.000
    W5_SMOKE$1         5.630      1.398      4.027      0.000
    W6_SMOKE$1         4.571      0.889      5.142      0.000
    W7_SMOKE$1         5.480      1.011      5.423      0.000
    W8_SMOKE$1         3.689      0.552      6.681      0.000
    W4_DRINK$1        -1.640      0.295     -5.554      0.000
    W4_DRINK$2         2.129      0.443      4.804      0.000
    W4_DRINK$3        15.000      0.000    999.000    999.000
    W5_DRINK$1        -1.324      0.265     -4.990      0.000
    W5_DRINK$2         1.978      0.459      4.307      0.000
    W5_DRINK$3        15.000      0.000    999.000    999.000
    W6_DRINK$1        -1.176      0.251     -4.687      0.000
    W6_DRINK$2         2.249      0.421      5.337      0.000
    W6_DRINK$3        15.000      0.000    999.000    999.000
    W7_DRINK$1        -1.120      0.268     -4.171      0.000
    W7_DRINK$2         2.204      0.384      5.736      0.000
    W7_DRINK$3        15.000      0.000    999.000    999.000
    W8_DRINK$1        -1.094      0.230     -4.755      0.000
    W8_DRINK$2         2.159      0.503      4.289      0.000
    W8_DRINK$3        15.000      0.000    999.000    999.000
    W4_PA$1           -5.987      1.020     -5.872      0.000
    W4_PA$2           -1.955      0.261     -7.487      0.000
    W4_PA$3           -0.548      0.205     -2.671      0.008
    W5_PA$1          -15.000      0.000    999.000    999.000
    W5_PA$2           -2.412      0.345     -6.985      0.000
    W5_PA$3           -0.509      0.201     -2.538      0.011
    W6_PA$1           -5.030      1.039     -4.841      0.000
    W6_PA$2           -2.460      0.369     -6.664      0.000
    W6_PA$3           -0.846      0.289     -2.926      0.003
    W7_PA$1          -15.000      0.000    999.000    999.000
    W7_PA$2           -2.243      0.359     -6.243      0.000
    W7_PA$3           -0.751      0.299     -2.510      0.012
    W8_PA$1          -15.000      0.000    999.000    999.000
    W8_PA$2           -1.699      0.331     -5.133      0.000
    W8_PA$3           -0.524      0.263     -1.994      0.046
    W4_FV$1           -0.897      0.180     -4.975      0.000
    W5_FV$1           -0.865      0.200     -4.331      0.000
    W6_FV$1           -1.150      0.228     -5.043      0.000
    W7_FV$1           -1.202      0.213     -5.634      0.000
    W8_FV$1           -1.054      0.213     -4.952      0.000

Latent Class 3

 Thresholds
    W4_SMOKE$1        -3.337      0.556     -6.002      0.000
    W5_SMOKE$1        -2.825      0.385     -7.341      0.000
    W6_SMOKE$1        -2.466      0.415     -5.938      0.000
    W7_SMOKE$1        -2.071      0.362     -5.724      0.000
    W8_SMOKE$1        -0.973      0.221     -4.407      0.000
    W4_DRINK$1        -1.049      0.231     -4.536      0.000
    W4_DRINK$2         0.959      0.240      3.994      0.000
    W4_DRINK$3         3.166      0.552      5.732      0.000
    W5_DRINK$1        -0.920      0.219     -4.204      0.000
    W5_DRINK$2         0.848      0.222      3.814      0.000
    W5_DRINK$3         2.694      0.374      7.208      0.000
    W6_DRINK$1        -0.562      0.215     -2.612      0.009
    W6_DRINK$2         0.862      0.232      3.713      0.000
    W6_DRINK$3         2.592      0.369      7.020      0.000
    W7_DRINK$1        -0.367      0.206     -1.785      0.074
    W7_DRINK$2         1.217      0.241      5.056      0.000
    W7_DRINK$3         3.192      0.439      7.273      0.000
    W8_DRINK$1        -0.623      0.209     -2.985      0.003
    W8_DRINK$2         0.980      0.233      4.207      0.000
    W8_DRINK$3         2.270      0.338      6.721      0.000
    W4_PA$1           -4.746      1.005     -4.723      0.000
    W4_PA$2            0.461      0.196      2.351      0.019
    W4_PA$3            1.384      0.252      5.497      0.000
    W5_PA$1           -4.694      1.003     -4.680      0.000
    W5_PA$2            0.546      0.195      2.799      0.005
    W5_PA$3            1.631      0.249      6.560      0.000
    W6_PA$1           -4.666      1.004     -4.645      0.000
    W6_PA$2            0.395      0.191      2.066      0.039
    W6_PA$3            1.548      0.251      6.157      0.000
    W7_PA$1           -5.530      1.005     -5.505      0.000
    W7_PA$2            0.469      0.196      2.393      0.017
    W7_PA$3            1.494      0.250      5.975      0.000
    W8_PA$1          -15.000      0.000    999.000    999.000
    W8_PA$2            0.785      0.193      4.072      0.000
    W8_PA$3            1.591      0.246      6.463      0.000
    W4_FV$1            0.363      0.200      1.816      0.069
    W5_FV$1            0.962      0.200      4.819      0.000
    W6_FV$1            0.632      0.198      3.200      0.001
    W7_FV$1            0.133      0.188      0.709      0.478
    W8_FV$1            0.197      0.191      1.031      0.303

Latent Class 4

 Thresholds
    W4_SMOKE$1         2.645      0.329      8.044      0.000
    W5_SMOKE$1         2.915      0.440      6.624      0.000
    W6_SMOKE$1         5.109      1.065      4.798      0.000
    W7_SMOKE$1         4.849      1.032      4.697      0.000
    W8_SMOKE$1         4.164      0.740      5.623      0.000
    W4_DRINK$1        -3.670      0.664     -5.527      0.000
    W4_DRINK$2        -1.759      0.344     -5.113      0.000
    W4_DRINK$3         1.733      0.241      7.202      0.000
    W5_DRINK$1        -5.197      1.003     -5.183      0.000
    W5_DRINK$2        -1.726      0.312     -5.528      0.000
    W5_DRINK$3         1.942      0.270      7.195      0.000
    W6_DRINK$1        -3.597      0.600     -5.995      0.000
    W6_DRINK$2        -1.363      0.297     -4.587      0.000
    W6_DRINK$3         1.743      0.252      6.929      0.000
    W7_DRINK$1        -3.739      0.613     -6.096      0.000
    W7_DRINK$2        -1.235      0.293     -4.217      0.000
    W7_DRINK$3         1.921      0.270      7.105      0.000
    W8_DRINK$1        -4.747      0.805     -5.894      0.000
    W8_DRINK$2        -1.216      0.285     -4.266      0.000
    W8_DRINK$3         2.111      0.279      7.576      0.000
    W4_PA$1           -5.628      1.013     -5.558      0.000
    W4_PA$2            0.180      0.205      0.876      0.381
    W4_PA$3            1.528      0.274      5.570      0.000
    W5_PA$1           -5.411      1.015     -5.332      0.000
    W5_PA$2            0.204      0.220      0.927      0.354
    W5_PA$3            1.817      0.309      5.874      0.000
    W6_PA$1          -15.000      0.000    999.000    999.000
    W6_PA$2            0.215      0.226      0.953      0.341
    W6_PA$3            1.388      0.270      5.134      0.000
    W7_PA$1           -5.639      1.013     -5.568      0.000
    W7_PA$2            0.117      0.220      0.531      0.595
    W7_PA$3            1.508      0.301      5.018      0.000
    W8_PA$1           -4.576      0.839     -5.452      0.000
    W8_PA$2            0.185      0.213      0.869      0.385
    W8_PA$3            1.228      0.242      5.077      0.000
    W4_FV$1            0.675      0.166      4.056      0.000
    W5_FV$1            1.363      0.226      6.036      0.000
    W6_FV$1            1.478      0.309      4.775      0.000
    W7_FV$1            1.138      0.280      4.062      0.000
    W8_FV$1            1.085      0.218      4.978      0.000

Latent Class 5

 Thresholds
    W4_SMOKE$1         4.476      0.638      7.014      0.000
    W5_SMOKE$1         3.813      0.614      6.205      0.000
    W6_SMOKE$1         4.268      0.626      6.817      0.000
    W7_SMOKE$1         6.052      1.329      4.554      0.000
    W8_SMOKE$1        15.000      0.000    999.000    999.000
    W4_DRINK$1        -2.984      0.389     -7.678      0.000
    W4_DRINK$2         1.704      0.283      6.027      0.000
    W4_DRINK$3        15.000      0.000    999.000    999.000
    W5_DRINK$1        -3.036      0.469     -6.474      0.000
    W5_DRINK$2         1.710      0.282      6.059      0.000
    W5_DRINK$3         4.857      0.773      6.283      0.000
    W6_DRINK$1        -2.217      0.294     -7.550      0.000
    W6_DRINK$2         1.753      0.291      6.021      0.000
    W6_DRINK$3         6.235      1.324      4.710      0.000
    W7_DRINK$1        -2.437      0.289     -8.430      0.000
    W7_DRINK$2         2.316      0.315      7.360      0.000
    W7_DRINK$3        15.000      0.000    999.000    999.000
    W8_DRINK$1        -2.067      0.261     -7.914      0.000
    W8_DRINK$2         2.446      0.312      7.836      0.000
    W8_DRINK$3         6.954      2.379      2.923      0.003
    W4_PA$1           -6.285      1.208     -5.202      0.000
    W4_PA$2            0.272      0.182      1.497      0.135
    W4_PA$3            1.886      0.247      7.636      0.000
    W5_PA$1           -4.994      0.788     -6.341      0.000
    W5_PA$2            0.495      0.220      2.250      0.024
    W5_PA$3            2.163      0.343      6.300      0.000
    W6_PA$1           -4.435      0.521     -8.506      0.000
    W6_PA$2            0.757      0.239      3.172      0.002
    W6_PA$3            2.867      0.346      8.293      0.000
    W7_PA$1          -15.000      0.000    999.000    999.000
    W7_PA$2            0.895      0.236      3.786      0.000
    W7_PA$3            2.711      0.364      7.445      0.000
    W8_PA$1          -15.000      0.000    999.000    999.000
    W8_PA$2            1.076      0.200      5.365      0.000
    W8_PA$3            2.651      0.293      9.044      0.000
    W4_FV$1           -0.589      0.187     -3.156      0.002
    W5_FV$1           -0.830      0.243     -3.416      0.001
    W6_FV$1           -0.902      0.246     -3.668      0.000
    W7_FV$1           -0.940      0.235     -4.005      0.000
    W8_FV$1           -0.779      0.242     -3.222      0.001

Latent Class 6

 Thresholds
    W4_SMOKE$1         3.334      0.480      6.944      0.000
    W5_SMOKE$1         4.338      1.105      3.926      0.000
    W6_SMOKE$1        15.000      0.000    999.000    999.000
    W7_SMOKE$1         4.715      0.861      5.479      0.000
    W8_SMOKE$1         4.920      0.930      5.291      0.000
    W4_DRINK$1         0.363      0.196      1.848      0.065
    W4_DRINK$2         4.136      1.247      3.318      0.001
    W4_DRINK$3        15.000      0.000    999.000    999.000
    W5_DRINK$1         0.803      0.234      3.433      0.001
    W5_DRINK$2         4.817      1.343      3.587      0.000
    W5_DRINK$3        15.000      0.000    999.000    999.000
    W6_DRINK$1         0.682      0.232      2.937      0.003
    W6_DRINK$2         7.878      8.689      0.907      0.365
    W6_DRINK$3         7.878      8.689      0.907      0.365
    W7_DRINK$1         0.919      0.258      3.564      0.000
    W7_DRINK$2         5.756      1.471      3.913      0.000
    W7_DRINK$3        15.000      0.000    999.000    999.000
    W8_DRINK$1         1.106      0.232      4.764      0.000
    W8_DRINK$2         4.164      0.826      5.040      0.000
    W8_DRINK$3        15.000      0.000    999.000    999.000
    W4_PA$1           -6.306      1.939     -3.251      0.001
    W4_PA$2            0.917      0.240      3.817      0.000
    W4_PA$3            2.044      0.339      6.023      0.000
    W5_PA$1           -4.532      0.784     -5.780      0.000
    W5_PA$2            1.102      0.241      4.576      0.000
    W5_PA$3            2.564      0.370      6.931      0.000
    W6_PA$1          -15.000      0.000    999.000    999.000
    W6_PA$2            1.338      0.322      4.152      0.000
    W6_PA$3            2.180      0.408      5.339      0.000
    W7_PA$1           -3.973      0.595     -6.673      0.000
    W7_PA$2            1.337      0.242      5.527      0.000
    W7_PA$3            2.823      0.392      7.208      0.000
    W8_PA$1           -3.600      0.373     -9.658      0.000
    W8_PA$2            1.247      0.269      4.633      0.000
    W8_PA$3            2.442      0.349      6.994      0.000
    W4_FV$1            0.107      0.174      0.612      0.540
    W5_FV$1            0.172      0.209      0.823      0.411
    W6_FV$1           -0.066      0.205     -0.321      0.748
    W7_FV$1           -0.156      0.204     -0.765      0.444
    W8_FV$1           -0.247      0.208     -1.190      0.234

Categorical Latent Variables

 Means
    C#1                0.086      0.124      0.695      0.487
    C#2                0.036      0.145      0.247      0.805
    C#3               -0.667      0.123     -5.429      0.000
    C#4               -0.223      0.132     -1.690      0.091
    C#5                0.373      0.119      3.146      0.002


RESULTS IN PROBABILITY SCALE

Latent Class 1

 W4_SMOKE
    Category 1         0.982      0.010     94.490      0.000
    Category 2         0.018      0.010      1.747      0.081
 W5_SMOKE
    Category 1         0.997      0.003    313.770      0.000
    Category 2         0.003      0.003      0.897      0.370
 W6_SMOKE
    Category 1         0.998      0.002    440.731      0.000
    Category 2         0.002      0.002      0.879      0.380
 W7_SMOKE
    Category 1         0.996      0.004    272.095      0.000
    Category 2         0.004      0.004      0.983      0.326
 W8_SMOKE
    Category 1         0.998      0.002    411.212      0.000
    Category 2         0.002      0.002      0.881      0.379
 W4_DRINK
    Category 1         0.010      0.006      1.552      0.121
    Category 2         0.134      0.029      4.680      0.000
    Category 3         0.733      0.029     25.079      0.000
    Category 4         0.123      0.021      5.747      0.000
 W5_DRINK
    Category 1         0.009      0.007      1.404      0.160
    Category 2         0.128      0.026      4.934      0.000
    Category 3         0.740      0.027     26.993      0.000
    Category 4         0.123      0.022      5.643      0.000
 W6_DRINK
    Category 1         0.029      0.009      3.020      0.003
    Category 2         0.142      0.030      4.715      0.000
    Category 3         0.724      0.030     24.430      0.000
    Category 4         0.105      0.020      5.239      0.000
 W7_DRINK
    Category 1         0.005      0.004      1.225      0.221
    Category 2         0.145      0.030      4.768      0.000
    Category 3         0.704      0.030     23.616      0.000
    Category 4         0.146      0.025      5.755      0.000
 W8_DRINK
    Category 1         0.020      0.008      2.372      0.018
    Category 2         0.162      0.026      6.131      0.000
    Category 3         0.721      0.028     25.314      0.000
    Category 4         0.097      0.021      4.681      0.000
 W4_PA
    Category 1         0.000      0.000      0.000      1.000
    Category 2         0.342      0.037      9.162      0.000
    Category 3         0.240      0.028      8.655      0.000
    Category 4         0.418      0.044      9.433      0.000
 W5_PA
    Category 1         0.011      0.008      1.470      0.142
    Category 2         0.341      0.041      8.417      0.000
    Category 3         0.264      0.027      9.730      0.000
    Category 4         0.384      0.044      8.751      0.000
 W6_PA
    Category 1         0.000      0.000      0.000      1.000
    Category 2         0.327      0.044      7.479      0.000
    Category 3         0.250      0.026      9.659      0.000
    Category 4         0.423      0.043      9.893      0.000
 W7_PA
    Category 1         0.000      0.000      0.000      1.000
    Category 2         0.382      0.043      8.932      0.000
    Category 3         0.266      0.027      9.678      0.000
    Category 4         0.352      0.044      8.000      0.000
 W8_PA
    Category 1         0.007      0.006      1.054      0.292
    Category 2         0.360      0.038      9.432      0.000
    Category 3         0.303      0.028     10.696      0.000
    Category 4         0.330      0.040      8.279      0.000
 W4_FV
    Category 1         0.220      0.028      7.891      0.000
    Category 2         0.780      0.028     27.974      0.000
 W5_FV
    Category 1         0.117      0.024      4.870      0.000
    Category 2         0.883      0.024     36.637      0.000
 W6_FV
    Category 1         0.086      0.021      4.084      0.000
    Category 2         0.914      0.021     43.543      0.000
 W7_FV
    Category 1         0.094      0.025      3.784      0.000
    Category 2         0.906      0.025     36.651      0.000
 W8_FV
    Category 1         0.121      0.026      4.634      0.000
    Category 2         0.879      0.026     33.610      0.000

Latent Class 2

 W4_SMOKE
    Category 1         0.986      0.008    122.692      0.000
    Category 2         0.014      0.008      1.690      0.091
 W5_SMOKE
    Category 1         0.996      0.005    199.999      0.000
    Category 2         0.004      0.005      0.718      0.473
 W6_SMOKE
    Category 1         0.990      0.009    109.821      0.000
    Category 2         0.010      0.009      1.137      0.256
 W7_SMOKE
    Category 1         0.996      0.004    238.410      0.000
    Category 2         0.004      0.004      0.994      0.320
 W8_SMOKE
    Category 1         0.976      0.013     74.286      0.000
    Category 2         0.024      0.013      1.856      0.063
 W4_DRINK
    Category 1         0.162      0.040      4.042      0.000
    Category 2         0.731      0.042     17.548      0.000
    Category 3         0.106      0.042      2.525      0.012
    Category 4         0.000      0.000      0.000      1.000
 W5_DRINK
    Category 1         0.210      0.044      4.770      0.000
    Category 2         0.668      0.044     15.250      0.000
    Category 3         0.122      0.049      2.479      0.013
    Category 4         0.000      0.000      0.000      1.000
 W6_DRINK
    Category 1         0.236      0.045      5.212      0.000
    Category 2         0.669      0.039     17.221      0.000
    Category 3         0.095      0.036      2.624      0.009
    Category 4         0.000      0.000      0.000      1.000
 W7_DRINK
    Category 1         0.246      0.050      4.941      0.000
    Category 2         0.655      0.043     15.143      0.000
    Category 3         0.099      0.034      2.890      0.004
    Category 4         0.000      0.000      0.000      1.000
 W8_DRINK
    Category 1         0.251      0.043      5.799      0.000
    Category 2         0.646      0.043     15.054      0.000
    Category 3         0.103      0.047      2.216      0.027
    Category 4         0.000      0.000      0.000      1.000
 W4_PA
    Category 1         0.003      0.003      0.983      0.325
    Category 2         0.122      0.028      4.296      0.000
    Category 3         0.242      0.033      7.265      0.000
    Category 4         0.634      0.048     13.299      0.000
 W5_PA
    Category 1         0.000      0.000      0.000      1.000
    Category 2         0.082      0.026      3.156      0.002
    Category 3         0.293      0.036      8.146      0.000
    Category 4         0.625      0.047     13.283      0.000
 W6_PA
    Category 1         0.006      0.007      0.969      0.333
    Category 2         0.072      0.026      2.751      0.006
    Category 3         0.222      0.045      4.976      0.000
    Category 4         0.700      0.061     11.520      0.000
 W7_PA
    Category 1         0.000      0.000      0.000      1.000
    Category 2         0.096      0.031      3.078      0.002
    Category 3         0.225      0.045      4.963      0.000
    Category 4         0.679      0.065     10.424      0.000
 W8_PA
    Category 1         0.000      0.000      0.000      1.000
    Category 2         0.155      0.043      3.573      0.000
    Category 3         0.217      0.034      6.468      0.000
    Category 4         0.628      0.061     10.234      0.000
 W4_FV
    Category 1         0.290      0.037      7.808      0.000
    Category 2         0.710      0.037     19.146      0.000
 W5_FV
    Category 1         0.296      0.042      7.114      0.000
    Category 2         0.704      0.042     16.897      0.000
 W6_FV
    Category 1         0.240      0.042      5.773      0.000
    Category 2         0.760      0.042     18.235      0.000
 W7_FV
    Category 1         0.231      0.038      6.098      0.000
    Category 2         0.769      0.038     20.281      0.000
 W8_FV
    Category 1         0.258      0.041      6.333      0.000
    Category 2         0.742      0.041     18.176      0.000

Latent Class 3

 W4_SMOKE
    Category 1         0.034      0.018      1.863      0.063
    Category 2         0.966      0.018     52.397      0.000
 W5_SMOKE
    Category 1         0.056      0.020      2.753      0.006
    Category 2         0.944      0.020     46.412      0.000
 W6_SMOKE
    Category 1         0.078      0.030      2.612      0.009
    Category 2         0.922      0.030     30.764      0.000
 W7_SMOKE
    Category 1         0.112      0.036      3.113      0.002
    Category 2         0.888      0.036     24.688      0.000
 W8_SMOKE
    Category 1         0.274      0.044      6.244      0.000
    Category 2         0.726      0.044     16.516      0.000
 W4_DRINK
    Category 1         0.259      0.044      5.835      0.000
    Category 2         0.464      0.052      8.980      0.000
    Category 3         0.237      0.045      5.268      0.000
    Category 4         0.040      0.021      1.887      0.059
 W5_DRINK
    Category 1         0.285      0.045      6.390      0.000
    Category 2         0.415      0.048      8.674      0.000
    Category 3         0.237      0.043      5.540      0.000
    Category 4         0.063      0.022      2.856      0.004
 W6_DRINK
    Category 1         0.363      0.050      7.293      0.000
    Category 2         0.340      0.047      7.271      0.000
    Category 3         0.227      0.044      5.123      0.000
    Category 4         0.070      0.024      2.911      0.004
 W7_DRINK
    Category 1         0.409      0.050      8.225      0.000
    Category 2         0.362      0.048      7.621      0.000
    Category 3         0.189      0.039      4.839      0.000
    Category 4         0.039      0.017      2.372      0.018
 W8_DRINK
    Category 1         0.349      0.047      7.357      0.000
    Category 2         0.378      0.048      7.832      0.000
    Category 3         0.179      0.039      4.587      0.000
    Category 4         0.094      0.029      3.266      0.001
 W4_PA
    Category 1         0.009      0.009      1.004      0.315
    Category 2         0.605      0.047     12.958      0.000
    Category 3         0.186      0.035      5.295      0.000
    Category 4         0.200      0.040      4.968      0.000
 W5_PA
    Category 1         0.009      0.009      1.006      0.314
    Category 2         0.624      0.045     13.717      0.000
    Category 3         0.203      0.036      5.573      0.000
    Category 4         0.164      0.034      4.808      0.000
 W6_PA
    Category 1         0.009      0.009      1.005      0.315
    Category 2         0.588      0.046     12.736      0.000
    Category 3         0.227      0.038      5.949      0.000
    Category 4         0.175      0.036      4.823      0.000
 W7_PA
    Category 1         0.004      0.004      0.999      0.318
    Category 2         0.611      0.046     13.156      0.000
    Category 3         0.202      0.036      5.540      0.000
    Category 4         0.183      0.037      4.895      0.000
 W8_PA
    Category 1         0.000      0.000      0.000      1.000
    Category 2         0.687      0.041     16.561      0.000
    Category 3         0.144      0.030      4.787      0.000
    Category 4         0.169      0.035      4.891      0.000
 W4_FV
    Category 1         0.590      0.048     12.189      0.000
    Category 2         0.410      0.048      8.476      0.000
 W5_FV
    Category 1         0.724      0.040     18.119      0.000
    Category 2         0.276      0.040      6.923      0.000
 W6_FV
    Category 1         0.653      0.045     14.582      0.000
    Category 2         0.347      0.045      7.748      0.000
 W7_FV
    Category 1         0.533      0.047     11.407      0.000
    Category 2         0.467      0.047      9.985      0.000
 W8_FV
    Category 1         0.549      0.047     11.623      0.000
    Category 2         0.451      0.047      9.547      0.000

Latent Class 4

 W4_SMOKE
    Category 1         0.934      0.020     45.859      0.000
    Category 2         0.066      0.020      3.258      0.001
 W5_SMOKE
    Category 1         0.949      0.021     44.185      0.000
    Category 2         0.051      0.021      2.396      0.017
 W6_SMOKE
    Category 1         0.994      0.006    156.312      0.000
    Category 2         0.006      0.006      0.945      0.345
 W7_SMOKE
    Category 1         0.992      0.008    124.613      0.000
    Category 2         0.008      0.008      0.976      0.329
 W8_SMOKE
    Category 1         0.985      0.011     88.203      0.000
    Category 2         0.015      0.011      1.372      0.170
 W4_DRINK
    Category 1         0.025      0.016      1.544      0.123
    Category 2         0.122      0.038      3.190      0.001
    Category 3         0.703      0.039     17.860      0.000
    Category 4         0.150      0.031      4.892      0.000
 W5_DRINK
    Category 1         0.006      0.005      1.003      0.316
    Category 2         0.146      0.040      3.635      0.000
    Category 3         0.723      0.037     19.533      0.000
    Category 4         0.125      0.030      4.237      0.000
 W6_DRINK
    Category 1         0.027      0.016      1.713      0.087
    Category 2         0.177      0.047      3.794      0.000
    Category 3         0.647      0.045     14.404      0.000
    Category 4         0.149      0.032      4.671      0.000
 W7_DRINK
    Category 1         0.023      0.014      1.669      0.095
    Category 2         0.202      0.048      4.236      0.000
    Category 3         0.647      0.043     14.883      0.000
    Category 4         0.128      0.030      4.240      0.000
 W8_DRINK
    Category 1         0.009      0.007      1.252      0.210
    Category 2         0.220      0.049      4.455      0.000
    Category 3         0.663      0.044     15.088      0.000
    Category 4         0.108      0.027      4.024      0.000
 W4_PA
    Category 1         0.004      0.004      0.991      0.322
    Category 2         0.541      0.051     10.629      0.000
    Category 3         0.277      0.037      7.470      0.000
    Category 4         0.178      0.040      4.437      0.000
 W5_PA
    Category 1         0.004      0.004      0.990      0.322
    Category 2         0.546      0.054     10.037      0.000
    Category 3         0.309      0.040      7.677      0.000
    Category 4         0.140      0.037      3.758      0.000
 W6_PA
    Category 1         0.000      0.000      0.000      1.000
    Category 2         0.554      0.056      9.916      0.000
    Category 3         0.247      0.034      7.263      0.000
    Category 4         0.200      0.043      4.623      0.000
 W7_PA
    Category 1         0.004      0.004      0.991      0.322
    Category 2         0.526      0.055      9.587      0.000
    Category 3         0.290      0.036      8.011      0.000
    Category 4         0.181      0.045      4.064      0.000
 W8_PA
    Category 1         0.010      0.008      1.204      0.229
    Category 2         0.536      0.052     10.309      0.000
    Category 3         0.227      0.034      6.659      0.000
    Category 4         0.226      0.042      5.344      0.000
 W4_FV
    Category 1         0.663      0.037     17.808      0.000
    Category 2         0.337      0.037      9.067      0.000
 W5_FV
    Category 1         0.796      0.037     21.735      0.000
    Category 2         0.204      0.037      5.561      0.000
 W6_FV
    Category 1         0.814      0.047     17.393      0.000
    Category 2         0.186      0.047      3.969      0.000
 W7_FV
    Category 1         0.757      0.051     14.707      0.000
    Category 2         0.243      0.051      4.714      0.000
 W8_FV
    Category 1         0.747      0.041     18.168      0.000
    Category 2         0.253      0.041      6.141      0.000

Latent Class 5

 W4_SMOKE
    Category 1         0.989      0.007    139.247      0.000
    Category 2         0.011      0.007      1.585      0.113
 W5_SMOKE
    Category 1         0.978      0.013     75.301      0.000
    Category 2         0.022      0.013      1.663      0.096
 W6_SMOKE
    Category 1         0.986      0.009    115.644      0.000
    Category 2         0.014      0.009      1.620      0.105
 W7_SMOKE
    Category 1         0.998      0.003    320.588      0.000
    Category 2         0.002      0.003      0.754      0.451
 W8_SMOKE
    Category 1         1.000      0.000      0.000      1.000
    Category 2         0.000      0.000      0.000      1.000
 W4_DRINK
    Category 1         0.048      0.018      2.704      0.007
    Category 2         0.798      0.037     21.721      0.000
    Category 3         0.154      0.037      4.180      0.000
    Category 4         0.000      0.000      0.000      1.000
 W5_DRINK
    Category 1         0.046      0.021      2.235      0.025
    Category 2         0.801      0.033     24.204      0.000
    Category 3         0.145      0.035      4.150      0.000
    Category 4         0.008      0.006      1.304      0.192
 W6_DRINK
    Category 1         0.098      0.026      3.777      0.000
    Category 2         0.754      0.032     23.350      0.000
    Category 3         0.146      0.036      4.044      0.000
    Category 4         0.002      0.003      0.757      0.449
 W7_DRINK
    Category 1         0.080      0.021      3.761      0.000
    Category 2         0.830      0.029     28.910      0.000
    Category 3         0.090      0.026      3.490      0.000
    Category 4         0.000      0.000      0.000      1.000
 W8_DRINK
    Category 1         0.112      0.026      4.313      0.000
    Category 2         0.808      0.030     26.818      0.000
    Category 3         0.079      0.022      3.525      0.000
    Category 4         0.001      0.002      0.421      0.674
 W4_PA
    Category 1         0.002      0.002      0.829      0.407
    Category 2         0.566      0.045     12.632      0.000
    Category 3         0.301      0.030     10.014      0.000
    Category 4         0.132      0.028      4.665      0.000
 W5_PA
    Category 1         0.007      0.005      1.278      0.201
    Category 2         0.615      0.051     12.061      0.000
    Category 3         0.276      0.032      8.625      0.000
    Category 4         0.103      0.032      3.247      0.001
 W6_PA
    Category 1         0.012      0.006      1.941      0.052
    Category 2         0.669      0.052     12.868      0.000
    Category 3         0.266      0.042      6.264      0.000
    Category 4         0.054      0.018      3.057      0.002
 W7_PA
    Category 1         0.000      0.000      0.000      1.000
    Category 2         0.710      0.049     14.585      0.000
    Category 3         0.228      0.036      6.382      0.000
    Category 4         0.062      0.021      2.929      0.003
 W8_PA
    Category 1         0.000      0.000      0.000      1.000
    Category 2         0.746      0.038     19.612      0.000
    Category 3         0.188      0.029      6.546      0.000
    Category 4         0.066      0.018      3.652      0.000
 W4_FV
    Category 1         0.357      0.043      8.323      0.000
    Category 2         0.643      0.043     15.006      0.000
 W5_FV
    Category 1         0.304      0.051      5.911      0.000
    Category 2         0.696      0.051     13.555      0.000
 W6_FV
    Category 1         0.289      0.050      5.715      0.000
    Category 2         0.711      0.050     14.087      0.000
 W7_FV
    Category 1         0.281      0.047      5.922      0.000
    Category 2         0.719      0.047     15.164      0.000
 W8_FV
    Category 1         0.315      0.052      6.034      0.000
    Category 2         0.685      0.052     13.149      0.000

Latent Class 6

 W4_SMOKE
    Category 1         0.966      0.016     60.507      0.000
    Category 2         0.034      0.016      2.157      0.031
 W5_SMOKE
    Category 1         0.987      0.014     70.163      0.000
    Category 2         0.013      0.014      0.917      0.359
 W6_SMOKE
    Category 1         1.000      0.000      0.000      1.000
    Category 2         0.000      0.000      0.000      1.000
 W7_SMOKE
    Category 1         0.991      0.008    130.895      0.000
    Category 2         0.009      0.008      1.172      0.241
 W8_SMOKE
    Category 1         0.993      0.007    148.401      0.000
    Category 2         0.007      0.007      1.083      0.279
 W4_DRINK
    Category 1         0.590      0.047     12.420      0.000
    Category 2         0.395      0.041      9.544      0.000
    Category 3         0.016      0.019      0.815      0.415
    Category 4         0.000      0.000      0.000      1.000
 W5_DRINK
    Category 1         0.691      0.050     13.820      0.000
    Category 2         0.301      0.046      6.517      0.000
    Category 3         0.008      0.011      0.751      0.453
    Category 4         0.000      0.000      0.000      1.000
 W6_DRINK
    Category 1         0.664      0.052     12.823      0.000
    Category 2         0.335      0.051      6.610      0.000
    Category 3         0.000      0.000      0.000      1.000
    Category 4         0.000      0.003      0.115      0.908
 W7_DRINK
    Category 1         0.715      0.053     13.602      0.000
    Category 2         0.282      0.051      5.498      0.000
    Category 3         0.003      0.005      0.682      0.495
    Category 4         0.000      0.000      0.000      1.000
 W8_DRINK
    Category 1         0.751      0.043     17.326      0.000
    Category 2         0.233      0.041      5.711      0.000
    Category 3         0.015      0.012      1.229      0.219
    Category 4         0.000      0.000      0.000      1.000
 W4_PA
    Category 1         0.002      0.004      0.517      0.605
    Category 2         0.713      0.049     14.479      0.000
    Category 3         0.171      0.030      5.607      0.000
    Category 4         0.115      0.034      3.329      0.001
 W5_PA
    Category 1         0.011      0.008      1.289      0.197
    Category 2         0.740      0.045     16.511      0.000
    Category 3         0.178      0.033      5.466      0.000
    Category 4         0.071      0.025      2.911      0.004
 W6_PA
    Category 1         0.000      0.000      0.000      1.000
    Category 2         0.792      0.053     14.930      0.000
    Category 3         0.106      0.029      3.723      0.000
    Category 4         0.102      0.037      2.727      0.006
 W7_PA
    Category 1         0.018      0.011      1.711      0.087
    Category 2         0.774      0.040     19.399      0.000
    Category 3         0.152      0.029      5.171      0.000
    Category 4         0.056      0.021      2.705      0.007
 W8_PA
    Category 1         0.027      0.010      2.756      0.006
    Category 2         0.750      0.047     15.863      0.000
    Category 3         0.143      0.033      4.358      0.000
    Category 4         0.080      0.026      3.113      0.002
 W4_FV
    Category 1         0.527      0.043     12.109      0.000
    Category 2         0.473      0.043     10.882      0.000
 W5_FV
    Category 1         0.543      0.052     10.458      0.000
    Category 2         0.457      0.052      8.805      0.000
 W6_FV
    Category 1         0.484      0.051      9.446      0.000
    Category 2         0.516      0.051     10.088      0.000
 W7_FV
    Category 1         0.461      0.051      9.077      0.000
    Category 2         0.539      0.051     10.613      0.000
 W8_FV
    Category 1         0.438      0.051      8.566      0.000
    Category 2         0.562      0.051     10.970      0.000


LATENT CLASS ODDS RATIO RESULTS

                                                95% C.I.
                    Estimate       S.E.  Lower 2.5% Upper 2.5%

Latent Class 1 Compared to Latent Class 2

 W4_SMOKE
    Category > 1       1.342      1.131      0.257      7.004
 W5_SMOKE
    Category > 1       0.796      1.457      0.022     28.753
 W6_SMOKE
    Category > 1       0.193      0.285      0.011      3.504
 W7_SMOKE
    Category > 1       0.867      1.248      0.052     14.556
 W8_SMOKE
    Category > 1       0.086      0.111      0.007      1.075
 W4_DRINK
    Category > 1      19.496     13.769      4.884     77.822
    Category > 2      50.066     20.585     22.365    112.078
    Category > 3   *********      0.000  *********  *********
 W5_DRINK
    Category > 1      28.631     22.200      6.264    130.872
    Category > 2      45.418     20.960     18.382    112.219
    Category > 3   *********      0.000  *********  *********
 W6_DRINK
    Category > 1      10.458      4.487      4.511     24.247
    Category > 2      45.935     18.324     21.018    100.391
    Category > 3   *********      0.000  *********  *********
 W7_DRINK
    Category > 1      63.685     55.699     11.470    353.600
    Category > 2      51.301     18.941     24.880    105.779
    Category > 3   *********      0.000  *********  *********
 W8_DRINK
    Category > 1      16.635      7.774      6.656     41.575
    Category > 2      38.938     19.787     14.381    105.425
    Category > 3   *********      0.000  *********  *********
 W4_PA
    Category > 1    8207.832      0.000   8207.832   8207.832
    Category > 2       0.273      0.093      0.139      0.533
    Category > 3       0.415      0.131      0.224      0.770
 W5_PA
    Category > 1       0.000      0.000      0.000      0.000
    Category > 2       0.165      0.071      0.071      0.382
    Category > 3       0.374      0.118      0.201      0.696
 W6_PA
    Category > 1   21380.344      0.000  21380.346  21380.346
    Category > 2       0.176      0.080      0.072      0.430
    Category > 3       0.315      0.117      0.152      0.653
 W7_PA
    Category > 1       1.000      0.000      1.000      1.000
    Category > 2       0.172      0.076      0.072      0.409
    Category > 3       0.257      0.106      0.115      0.575
 W8_PA
    Category > 1       0.000      0.000      0.000      0.000
    Category > 2       0.316      0.129      0.142      0.704
    Category > 3       0.292      0.104      0.145      0.587
 W4_FV
    Category > 1       1.446      0.369      0.876      2.385
 W5_FV
    Category > 1       3.167      1.024      1.681      5.968
 W6_FV
    Category > 1       3.375      1.243      1.640      6.947
 W7_FV
    Category > 1       2.912      1.062      1.425      5.952
 W8_FV
    Category > 1       2.527      0.860      1.297      4.925

Latent Class 1 Compared to Latent Class 3

 W4_SMOKE
    Category > 1       0.001      0.001      0.000      0.003
 W5_SMOKE
    Category > 1       0.000      0.000      0.000      0.002
 W6_SMOKE
    Category > 1       0.000      0.000      0.000      0.002
 W7_SMOKE
    Category > 1       0.000      0.000      0.000      0.004
 W8_SMOKE
    Category > 1       0.001      0.001      0.000      0.008
 W4_DRINK
    Category > 1      35.205     24.315      9.093    136.308
    Category > 2      15.538      5.253      8.009     30.144
    Category > 3       3.341      1.961      1.057     10.559
 W5_DRINK
    Category > 1      42.898     32.258      9.825    187.296
    Category > 2      14.669      4.666      7.864     27.364
    Category > 3       2.070      0.879      0.901      4.757
 W6_DRINK
    Category > 1      19.329      7.790      8.774     42.585
    Category > 2      11.474      3.661      6.140     21.443
    Category > 3       1.574      0.670      0.684      3.625
 W7_DRINK
    Category > 1     135.126    114.303     25.745    709.224
    Category > 2      19.128      6.510      9.817     37.271
    Category > 3       4.166      2.015      1.614     10.751
 W8_DRINK
    Category > 1      26.646     12.720     10.454     67.916
    Category > 2      11.982      3.587      6.664     21.544
    Category > 3       1.035      0.427      0.462      2.323
 W4_PA
    Category > 1   28391.748      0.000  28391.746  28391.746
    Category > 2       3.051      0.777      1.852      5.025
    Category > 3       2.867      0.885      1.565      5.250
 W5_PA
    Category > 1       0.809      0.984      0.075      8.774
    Category > 2       3.173      0.834      1.896      5.311
    Category > 3       3.182      0.973      1.748      5.795
 W6_PA
    Category > 1   30763.891      0.000  30763.891  30763.891
    Category > 2       3.051      0.835      1.784      5.218
    Category > 3       3.446      1.050      1.896      6.263
 W7_PA
    Category > 1   12958.413      0.000  12958.414  12958.414
    Category > 2       2.589      0.686      1.540      4.350
    Category > 3       2.424      0.762      1.309      4.489
 W8_PA
    Category > 1       0.000      0.000      0.000      0.000
    Category > 2       3.791      0.969      2.296      6.257
    Category > 3       2.418      0.734      1.334      4.383
 W4_FV
    Category > 1       5.098      1.315      3.075      8.451
 W5_FV
    Category > 1      19.691      6.059     10.773     35.992
 W6_FV
    Category > 1      20.066      6.715     10.413     38.666
 W7_FV
    Category > 1      11.065      3.846      5.598     21.870
 W8_FV
    Category > 1       8.829      2.756      4.789     16.278

Latent Class 1 Compared to Latent Class 4

 W4_SMOKE
    Category > 1       0.260      0.182      0.066      1.023
 W5_SMOKE
    Category > 1       0.053      0.065      0.005      0.581
 W6_SMOKE
    Category > 1       0.330      0.536      0.014      7.958
 W7_SMOKE
    Category > 1       0.461      0.673      0.026      8.067
 W8_SMOKE
    Category > 1       0.138      0.192      0.009      2.121
 W4_DRINK
    Category > 1       2.561      2.471      0.386     16.976
    Category > 2       1.026      0.439      0.444      2.372
    Category > 3       0.797      0.266      0.414      1.533
 W5_DRINK
    Category > 1       0.596      0.794      0.044      8.131
    Category > 2       1.118      0.446      0.512      2.442
    Category > 3       0.975      0.364      0.469      2.026
 W6_DRINK
    Category > 1       0.930      0.659      0.232      3.733
    Category > 2       1.240      0.463      0.596      2.579
    Category > 3       0.673      0.245      0.330      1.373
 W7_DRINK
    Category > 1       4.639      4.968      0.569     37.850
    Category > 2       1.647      0.614      0.793      3.421
    Category > 3       1.169      0.437      0.562      2.433
 W8_DRINK
    Category > 1       0.431      0.400      0.070      2.655
    Category > 2       1.332      0.458      0.679      2.614
    Category > 3       0.883      0.362      0.395      1.971
 W4_PA
    Category > 1   11749.151      0.000  11749.150  11749.150
    Category > 2       2.303      0.644      1.331      3.986
    Category > 3       3.310      1.184      1.642      6.672
 W5_PA
    Category > 1       0.395      0.492      0.034      4.551
    Category > 2       2.255      0.692      1.235      4.115
    Category > 3       3.832      1.498      1.781      8.245
 W6_PA
    Category > 1       1.000      0.000      1.000      1.000
    Category > 2       2.549      0.848      1.327      4.894
    Category > 3       2.936      1.018      1.488      5.794
 W7_PA
    Category > 1   11626.642      0.000  11626.641  11626.641
    Category > 2       1.820      0.564      0.992      3.340
    Category > 3       2.458      0.941      1.161      5.204
 W8_PA
    Category > 1       1.569      2.301      0.089     27.807
    Category > 2       2.080      0.606      1.175      3.683
    Category > 3       1.683      0.554      0.883      3.209
 W4_FV
    Category > 1       6.963      1.594      4.445     10.906
 W5_FV
    Category > 1      29.407      8.940     16.206     53.362
 W6_FV
    Category > 1      46.719     18.595     21.414    101.928
 W7_FV
    Category > 1      30.221     12.852     13.131     69.549
 W8_FV
    Category > 1      21.455      6.526     11.819     38.945

Latent Class 1 Compared to Latent Class 5

 W4_SMOKE
    Category > 1       1.624      1.412      0.295      8.932
 W5_SMOKE
    Category > 1       0.129      0.165      0.011      1.584
 W6_SMOKE
    Category > 1       0.142      0.185      0.011      1.827
 W7_SMOKE
    Category > 1       1.536      2.581      0.057     41.387
 W8_SMOKE
    Category > 1    7000.073      0.000   7000.072   7000.072
 W4_DRINK
    Category > 1       5.088      3.929      1.120     23.112
    Category > 2      32.744     12.140     15.833     67.720
    Category > 3   *********      0.000  *********  *********
 W5_DRINK
    Category > 1       5.172      4.450      0.958     27.930
    Category > 2      34.740     11.822     17.830     67.688
    Category > 3      18.000     14.412      3.747     86.463
 W6_DRINK
    Category > 1       3.695      1.689      1.508      9.052
    Category > 2      27.974     10.067     13.818     56.634
    Category > 3      60.151     81.005      4.295    842.499
 W7_DRINK
    Category > 1      17.053     15.014      3.037     95.766
    Category > 2      57.403     21.757     27.309    120.660
    Category > 3   *********      0.000  *********  *********
 W8_DRINK
    Category > 1       6.290      3.314      2.240     17.664
    Category > 2      51.904     17.694     26.608    101.247
    Category > 3     112.031    268.689      1.018  12326.870
 W4_PA
    Category > 1    6096.228      0.000   6096.229   6096.229
    Category > 2       2.526      0.663      1.510      4.225
    Category > 3       4.734      1.556      2.485      9.016
 W5_PA
    Category > 1       0.599      0.661      0.069      5.210
    Category > 2       3.015      0.937      1.639      5.546
    Category > 3       5.419      2.256      2.397     12.252
 W6_PA
    Category > 1   38771.074      0.000  38771.070  38771.070
    Category > 2       4.379      1.488      2.250      8.526
    Category > 3      12.890      5.240      5.810     28.596
 W7_PA
    Category > 1       1.000      0.000      1.000      1.000
    Category > 2       3.963      1.284      2.100      7.479
    Category > 3       8.180      3.607      3.446     19.413
 W8_PA
    Category > 1       0.000      0.000      0.000      0.000
    Category > 2       5.070      1.445      2.899      8.864
    Category > 3       6.983      2.517      3.445     14.154
 W4_FV
    Category > 1       1.966      0.491      1.205      3.208
 W5_FV
    Category > 1       3.281      1.089      1.712      6.287
 W6_FV
    Category > 1       4.325      1.621      2.075      9.016
 W7_FV
    Category > 1       3.782      1.510      1.730      8.270
 W8_FV
    Category > 1       3.328      1.151      1.690      6.555

Latent Class 1 Compared to Latent Class 6

 W4_SMOKE
    Category > 1       0.519      0.394      0.117      2.295
 W5_SMOKE
    Category > 1       0.219      0.345      0.010      4.803
 W6_SMOKE
    Category > 1    6517.223      0.000   6517.224   6517.224
 W7_SMOKE
    Category > 1       0.403      0.540      0.029      5.561
 W8_SMOKE
    Category > 1       0.293      0.431      0.016      5.227
 W4_DRINK
    Category > 1     144.495     98.788     37.835    551.836
    Category > 2     372.511    478.201     30.089   4611.752
    Category > 3   *********      0.000  *********  *********
 W5_DRINK
    Category > 1     240.222    181.482     54.644   1056.053
    Category > 2     776.940   1068.747     52.416  11516.188
    Category > 3   *********      0.000  *********  *********
 W6_DRINK
    Category > 1      67.073     27.631     29.914    150.388
    Category > 2   12785.050  *********      0.001  *********
    Category > 3     310.843   2701.263      0.000  *********
 W7_DRINK
    Category > 1     488.971    416.545     92.076   2596.677
    Category > 2    1789.721   2692.682     93.779  34155.754
    Category > 3   *********      0.000  *********  *********
 W8_DRINK
    Category > 1     150.143     73.186     57.755    390.324
    Category > 2     289.120    245.104     54.885   1523.021
    Category > 3   *********      0.000  *********  *********
 W4_PA
    Category > 1    5969.605      0.000   5969.606   5969.606
    Category > 2       4.817      1.497      2.620      8.857
    Category > 3       5.546      2.308      2.453     12.539
 W5_PA
    Category > 1       0.951      0.990      0.124      7.311
    Category > 2       5.534      1.767      2.960     10.349
    Category > 3       8.089      3.562      3.412     19.176
 W6_PA
    Category > 1       1.000      0.000      1.000      1.000
    Category > 2       7.832      3.154      3.558     17.243
    Category > 3       6.480      3.081      2.552     16.453
 W7_PA
    Category > 1   61490.562      0.000  61490.562  61490.562
    Category > 2       6.170      1.991      3.278     11.614
    Category > 3       9.151      4.282      3.658     22.895
 W8_PA
    Category > 1       4.165      4.279      0.556     31.192
    Category > 2       6.018      2.021      3.116     11.621
    Category > 3       5.667      2.369      2.497     12.860
 W4_FV
    Category > 1       3.945      0.930      2.485      6.263
 W5_FV
    Category > 1       8.936      2.752      4.886     16.341
 W6_FV
    Category > 1       9.982      3.247      5.276     18.885
 W7_FV
    Category > 1       8.283      2.815      4.255     16.124
 W8_FV
    Category > 1       5.663      1.806      3.030     10.582

Latent Class 2 Compared to Latent Class 3

 W4_SMOKE
    Category > 1       0.000      0.000      0.000      0.002
 W5_SMOKE
    Category > 1       0.000      0.000      0.000      0.004
 W6_SMOKE
    Category > 1       0.001      0.001      0.000      0.006
 W7_SMOKE
    Category > 1       0.001      0.001      0.000      0.004
 W8_SMOKE
    Category > 1       0.009      0.006      0.003      0.030
 W4_DRINK
    Category > 1       1.806      0.677      0.866      3.764
    Category > 2       0.310      0.157      0.115      0.839
    Category > 3       0.000      0.000      0.000      0.000
 W5_DRINK
    Category > 1       1.498      0.517      0.762      2.945
    Category > 2       0.323      0.166      0.118      0.884
    Category > 3       0.000      0.000      0.000      0.000
 W6_DRINK
    Category > 1       1.848      0.617      0.960      3.557
    Category > 2       0.250      0.120      0.097      0.643
    Category > 3       0.000      0.000      0.000      0.000
 W7_DRINK
    Category > 1       2.122      0.726      1.085      4.148
    Category > 2       0.373      0.170      0.153      0.909
    Category > 3       0.000      0.000      0.000      0.000
 W8_DRINK
    Category > 1       1.602      0.505      0.863      2.972
    Category > 2       0.308      0.171      0.103      0.916
    Category > 3       0.000      0.000      0.000      0.000
 W4_PA
    Category > 1       3.459      4.949      0.209     57.118
    Category > 2      11.192      3.686      5.869     21.343
    Category > 3       6.904      2.250      3.646     13.076
 W5_PA
    Category > 1   29923.127      0.000  29923.127  29923.127
    Category > 2      19.251      7.779      8.720     42.500
    Category > 3       8.501      2.773      4.486     16.111
 W6_PA
    Category > 1       1.439      2.077      0.085     24.351
    Category > 2      17.380      7.301      7.629     39.595
    Category > 3      10.954      4.213      5.155     23.278
 W7_PA
    Category > 1   12958.413      0.000  12958.414  12958.414
    Category > 2      15.060      6.233      6.691     33.895
    Category > 3       9.444      3.703      4.379     20.366
 W8_PA
    Category > 1       1.000      0.000      1.000      1.000
    Category > 2      11.990      4.620      5.634     25.516
    Category > 3       8.286      3.008      4.068     16.878
 W4_FV
    Category > 1       3.526      0.943      2.087      5.956
 W5_FV
    Category > 1       6.217      1.734      3.598     10.741
 W6_FV
    Category > 1       5.945      1.775      3.311     10.674
 W7_FV
    Category > 1       3.800      1.066      2.192      6.586
 W8_FV
    Category > 1       3.494      0.989      2.006      6.085

Latent Class 2 Compared to Latent Class 4

 W4_SMOKE
    Category > 1       0.194      0.133      0.051      0.742
 W5_SMOKE
    Category > 1       0.066      0.098      0.004      1.200
 W6_SMOKE
    Category > 1       1.713      2.509      0.097     30.238
 W7_SMOKE
    Category > 1       0.532      0.771      0.031      9.104
 W8_SMOKE
    Category > 1       1.607      1.512      0.254     10.163
 W4_DRINK
    Category > 1       0.131      0.096      0.032      0.547
    Category > 2       0.020      0.011      0.007      0.060
    Category > 3       0.000      0.000      0.000      0.000
 W5_DRINK
    Category > 1       0.021      0.022      0.003      0.160
    Category > 2       0.025      0.014      0.008      0.074
    Category > 3       0.000      0.000      0.000      0.000
 W6_DRINK
    Category > 1       0.089      0.057      0.025      0.314
    Category > 2       0.027      0.013      0.010      0.071
    Category > 3       0.000      0.000      0.000      0.000
 W7_DRINK
    Category > 1       0.073      0.049      0.019      0.276
    Category > 2       0.032      0.015      0.012      0.083
    Category > 3       0.000      0.000      0.000      0.000
 W8_DRINK
    Category > 1       0.026      0.022      0.005      0.138
    Category > 2       0.034      0.020      0.011      0.108
    Category > 3       0.000      0.000      0.000      0.000
 W4_PA
    Category > 1       1.431      2.063      0.085     24.125
    Category > 2       8.451      3.115      4.104     17.403
    Category > 3       7.973      3.003      3.810     16.683
 W5_PA
    Category > 1   14597.519      0.000  14597.518  14597.518
    Category > 2      13.679      6.040      5.757     32.504
    Category > 3      10.236      4.023      4.737     22.115
 W6_PA
    Category > 1       0.000      0.000      0.000      0.000
    Category > 2      14.517      6.844      5.762     36.573
    Category > 3       9.333      4.176      3.883     22.432
 W7_PA
    Category > 1   11626.642      0.000  11626.641  11626.641
    Category > 2      10.589      4.878      4.293     26.120
    Category > 3       9.574      4.606      3.729     24.584
 W8_PA
    Category > 1   33644.215      0.000  33644.215  33644.215
    Category > 2       6.580      2.892      2.780     15.571
    Category > 3       5.766      2.303      2.636     12.614
 W4_FV
    Category > 1       4.816      1.209      2.945      7.876
 W5_FV
    Category > 1       9.284      3.036      4.891     17.622
 W6_FV
    Category > 1      13.842      5.782      6.104     31.390
 W7_FV
    Category > 1      10.378      3.989      4.886     22.045
 W8_FV
    Category > 1       8.490      2.831      4.416     16.321

Latent Class 2 Compared to Latent Class 5

 W4_SMOKE
    Category > 1       1.210      1.118      0.198      7.398
 W5_SMOKE
    Category > 1       0.163      0.256      0.007      3.568
 W6_SMOKE
    Category > 1       0.739      0.803      0.088      6.215
 W7_SMOKE
    Category > 1       1.771      2.961      0.067     46.900
 W8_SMOKE
    Category > 1   81676.539      0.000  81676.539  81676.539
 W4_DRINK
    Category > 1       0.261      0.139      0.092      0.743
    Category > 2       0.654      0.375      0.213      2.009
    Category > 3       1.000      0.000      1.000      1.000
 W5_DRINK
    Category > 1       0.181      0.102      0.060      0.544
    Category > 2       0.765      0.460      0.236      2.484
    Category > 3       0.000      0.000      0.000      0.000
 W6_DRINK
    Category > 1       0.353      0.143      0.160      0.782
    Category > 2       0.609      0.356      0.193      1.917
    Category > 3       0.000      0.000      0.000      0.000
 W7_DRINK
    Category > 1       0.268      0.116      0.115      0.626
    Category > 2       1.119      0.629      0.371      3.370
    Category > 3       1.000      0.000      1.000      1.000
 W8_DRINK
    Category > 1       0.378      0.148      0.175      0.815
    Category > 2       1.333      0.860      0.377      4.717
    Category > 3       0.000      0.000      0.000      0.000
 W4_PA
    Category > 1       0.743      1.162      0.035     15.953
    Category > 2       9.268      2.358      5.628     15.262
    Category > 3      11.402      2.712      7.154     18.173
 W5_PA
    Category > 1   22152.336      0.000  22152.338  22152.338
    Category > 2      18.293      6.375      9.239     36.219
    Category > 3      14.475      4.651      7.711     27.171
 W6_PA
    Category > 1       1.813      2.236      0.162     20.321
    Category > 2      24.946      8.109     13.192     47.173
    Category > 3      40.979     13.485     21.500     78.104
 W7_PA
    Category > 1       1.000      0.000      1.000      1.000
    Category > 2      23.054      8.035     11.643     45.647
    Category > 3      31.866     11.348     15.856     64.041
 W8_PA
    Category > 1       1.000      0.000      1.000      1.000
    Category > 2      16.036      4.617      9.121     28.195
    Category > 3      23.923      7.400     13.047     43.865
 W4_FV
    Category > 1       1.360      0.400      0.764      2.421
 W5_FV
    Category > 1       1.036      0.374      0.510      2.102
 W6_FV
    Category > 1       1.282      0.493      0.602      2.726
 W7_FV
    Category > 1       1.299      0.465      0.644      2.621
 W8_FV
    Category > 1       1.317      0.485      0.640      2.710

Latent Class 2 Compared to Latent Class 6

 W4_SMOKE
    Category > 1       0.387      0.298      0.085      1.753
 W5_SMOKE
    Category > 1       0.275      0.495      0.008      9.405
 W6_SMOKE
    Category > 1   33836.539      0.000  33836.539  33836.539
 W7_SMOKE
    Category > 1       0.465      0.619      0.034      6.312
 W8_SMOKE
    Category > 1       3.423      3.726      0.405     28.909
 W4_DRINK
    Category > 1       7.412      3.063      3.297     16.659
    Category > 2       7.440     10.176      0.510    108.578
    Category > 3       1.000      0.000      1.000      1.000
 W5_DRINK
    Category > 1       8.390      3.457      3.742     18.813
    Category > 2      17.106     24.736      1.005    291.104
    Category > 3       1.000      0.000      1.000      1.000
 W6_DRINK
    Category > 1       6.413      2.515      2.973     13.833
    Category > 2     278.326   2429.405      0.000  *********
    Category > 3       0.001      0.000      0.001      0.001
 W7_DRINK
    Category > 1       7.678      3.320      3.290     17.918
    Category > 2      34.887     53.522      1.725    705.631
    Category > 3       1.000      0.000      1.000      1.000
 W8_DRINK
    Category > 1       9.026      3.221      4.484     18.166
    Category > 2       7.425      7.389      1.056     52.213
    Category > 3       1.000      0.000      1.000      1.000
 W4_PA
    Category > 1       0.727      1.655      0.008     62.919
    Category > 2      17.674      5.782      9.307     33.560
    Category > 3      13.357      5.145      6.279     28.416
 W5_PA
    Category > 1   35187.688      0.000  35187.688  35187.688
    Category > 2      33.575     12.101     16.566     68.048
    Category > 3      21.608      8.283     10.193     45.806
 W6_PA
    Category > 1       0.000      0.000      0.000      0.000
    Category > 2      44.614     20.717     17.956    110.851
    Category > 3      20.600      9.945      7.997     53.066
 W7_PA
    Category > 1   61490.562      0.000  61490.562  61490.562
    Category > 2      35.895     13.351     17.315     74.411
    Category > 3      35.650     15.388     15.298     83.079
 W8_PA
    Category > 1   89307.719      0.000  89307.727  89307.727
    Category > 2      19.036      7.870      8.465     42.806
    Category > 3      19.416      8.075      8.593     43.871
 W4_FV
    Category > 1       2.729      0.692      1.660      4.486
 W5_FV
    Category > 1       2.821      0.817      1.599      4.978
 W6_FV
    Category > 1       2.958      0.902      1.626      5.379
 W7_FV
    Category > 1       2.845      0.856      1.578      5.130
 W8_FV
    Category > 1       2.241      0.655      1.263      3.974

Latent Class 3 Compared to Latent Class 4

 W4_SMOKE
    Category > 1     396.030    259.982    109.378   1433.924
 W5_SMOKE
    Category > 1     310.978    182.186     98.638    980.427
 W6_SMOKE
    Category > 1    1948.674   2198.254    213.551  17781.883
 W7_SMOKE
    Category > 1    1012.237   1106.015    118.906   8617.088
 W8_SMOKE
    Category > 1     170.094    130.430     37.841    764.560
 W4_DRINK
    Category > 1       0.073      0.051      0.018      0.290
    Category > 2       0.066      0.028      0.029      0.152
    Category > 3       0.238      0.145      0.072      0.786
 W5_DRINK
    Category > 1       0.014      0.014      0.002      0.104
    Category > 2       0.076      0.030      0.036      0.163
    Category > 3       0.471      0.223      0.187      1.190
 W6_DRINK
    Category > 1       0.048      0.031      0.014      0.168
    Category > 2       0.108      0.042      0.051      0.230
    Category > 3       0.428      0.193      0.176      1.037
 W7_DRINK
    Category > 1       0.034      0.022      0.010      0.123
    Category > 2       0.086      0.033      0.040      0.184
    Category > 3       0.281      0.145      0.102      0.771
 W8_DRINK
    Category > 1       0.016      0.013      0.003      0.083
    Category > 2       0.111      0.042      0.053      0.232
    Category > 3       0.853      0.384      0.353      2.060
 W4_PA
    Category > 1       0.414      0.591      0.025      6.791
    Category > 2       0.755      0.215      0.432      1.319
    Category > 3       1.155      0.436      0.551      2.420
 W5_PA
    Category > 1       0.488      0.697      0.030      8.023
    Category > 2       0.711      0.210      0.398      1.269
    Category > 3       1.204      0.479      0.552      2.625
 W6_PA
    Category > 1       0.000      0.000      0.000      0.000
    Category > 2       0.835      0.248      0.466      1.496
    Category > 3       0.852      0.318      0.410      1.771
 W7_PA
    Category > 1       0.897      1.281      0.055     14.715
    Category > 2       0.703      0.210      0.392      1.263
    Category > 3       1.014      0.400      0.468      2.196
 W8_PA
    Category > 1   33644.215      0.000  33644.215  33644.215
    Category > 2       0.549      0.159      0.311      0.968
    Category > 3       0.696      0.241      0.353      1.373
 W4_FV
    Category > 1       1.366      0.357      0.818      2.280
 W5_FV
    Category > 1       1.493      0.453      0.824      2.706
 W6_FV
    Category > 1       2.328      0.864      1.125      4.820
 W7_FV
    Category > 1       2.731      0.939      1.393      5.357
 W8_FV
    Category > 1       2.430      0.720      1.359      4.344

Latent Class 3 Compared to Latent Class 5

 W4_SMOKE
    Category > 1    2471.660   1982.566    513.111  11906.016
 W5_SMOKE
    Category > 1     763.277    545.280    188.182   3095.892
 W6_SMOKE
    Category > 1     841.007    602.136    206.706   3421.732
 W7_SMOKE
    Category > 1    3370.602   4547.898    239.427  47450.520
 W8_SMOKE
    Category > 1   *********      0.000  *********  *********
 W4_DRINK
    Category > 1       0.145      0.065      0.059      0.351
    Category > 2       2.107      0.797      1.004      4.422
    Category > 3   *********      0.000  *********  *********
 W5_DRINK
    Category > 1       0.121      0.065      0.042      0.345
    Category > 2       2.368      0.864      1.158      4.843
    Category > 3       8.697      7.471      1.615     46.843
 W6_DRINK
    Category > 1       0.191      0.072      0.092      0.398
    Category > 2       2.438      0.920      1.164      5.106
    Category > 3      38.210     52.461      2.591    563.477
 W7_DRINK
    Category > 1       0.126      0.046      0.062      0.257
    Category > 2       3.001      1.212      1.360      6.622
    Category > 3   *********      0.000  *********  *********
 W8_DRINK
    Category > 1       0.236      0.079      0.122      0.456
    Category > 2       4.332      1.710      1.998      9.392
    Category > 3     108.210    260.248      0.971  12063.433
 W4_PA
    Category > 1       0.215      0.336      0.010      4.604
    Category > 2       0.828      0.222      0.489      1.401
    Category > 3       1.651      0.581      0.828      3.293
 W5_PA
    Category > 1       0.740      0.945      0.061      9.032
    Category > 2       0.950      0.283      0.530      1.704
    Category > 3       1.703      0.739      0.727      3.987
 W6_PA
    Category > 1       1.260      1.437      0.135     11.771
    Category > 2       1.435      0.444      0.783      2.633
    Category > 3       3.741      1.606      1.613      8.676
 W7_PA
    Category > 1       0.000      0.000      0.000      0.000
    Category > 2       1.531      0.470      0.838      2.795
    Category > 3       3.374      1.497      1.415      8.049
 W8_PA
    Category > 1       1.000      0.000      1.000      1.000
    Category > 2       1.337      0.374      0.773      2.315
    Category > 3       2.887      1.111      1.358      6.139
 W4_FV
    Category > 1       0.386      0.106      0.225      0.660
 W5_FV
    Category > 1       0.167      0.053      0.089      0.311
 W6_FV
    Category > 1       0.216      0.068      0.116      0.401
 W7_FV
    Category > 1       0.342      0.103      0.189      0.618
 W8_FV
    Category > 1       0.377      0.117      0.205      0.692

Latent Class 3 Compared to Latent Class 6

 W4_SMOKE
    Category > 1     789.229    560.727    196.081   3176.662
 W5_SMOKE
    Category > 1    1290.163   1463.619    139.632  11920.763
 W6_SMOKE
    Category > 1   *********      0.000  *********  *********
 W7_SMOKE
    Category > 1     885.462    789.929    154.096   5088.021
 W8_SMOKE
    Category > 1     362.399    340.640     57.422   2287.154
 W4_DRINK
    Category > 1       4.104      1.253      2.256      7.465
    Category > 2      23.974     30.362      2.003    286.917
    Category > 3   *********      0.000  *********  *********
 W5_DRINK
    Category > 1       5.600      1.793      2.990     10.488
    Category > 2      52.964     72.104      3.674    763.514
    Category > 3   *********      0.000  *********  *********
 W6_DRINK
    Category > 1       3.470      1.095      1.869      6.442
    Category > 2    1114.278   9677.978      0.000  *********
    Category > 3     197.456   1724.673      0.000  *********
 W7_DRINK
    Category > 1       3.619      1.203      1.886      6.942
    Category > 2      93.564    138.987      5.089   1720.165
    Category > 3   *********      0.000  *********  *********
 W8_DRINK
    Category > 1       5.635      1.753      3.062     10.369
    Category > 2      24.130     20.665      4.504    129.287
    Category > 3   *********      0.000  *********  *********
 W4_PA
    Category > 1       0.210      0.462      0.003     15.574
    Category > 2       1.579      0.503      0.846      2.947
    Category > 3       1.935      0.834      0.831      4.503
 W5_PA
    Category > 1       1.176      1.495      0.097     14.217
    Category > 2       1.744      0.556      0.934      3.256
    Category > 3       2.542      1.152      1.045      6.180
 W6_PA
    Category > 1       0.000      0.000      0.000      0.000
    Category > 2       2.567      0.977      1.218      5.411
    Category > 3       1.881      0.915      0.724      4.882
 W7_PA
    Category > 1       4.745      5.542      0.481     46.815
    Category > 2       2.383      0.760      1.276      4.453
    Category > 3       3.775      1.778      1.499      9.505
 W8_PA
    Category > 1   89307.719      0.000  89307.727  89307.727
    Category > 2       1.588      0.533      0.822      3.067
    Category > 3       2.343      1.015      1.002      5.477
 W4_FV
    Category > 1       0.774      0.213      0.451      1.326
 W5_FV
    Category > 1       0.454      0.133      0.255      0.806
 W6_FV
    Category > 1       0.497      0.147      0.279      0.886
 W7_FV
    Category > 1       0.749      0.214      0.427      1.311
 W8_FV
    Category > 1       0.641      0.185      0.365      1.128

Latent Class 4 Compared to Latent Class 5

 W4_SMOKE
    Category > 1       6.241      4.642      1.452     26.818
 W5_SMOKE
    Category > 1       2.454      1.928      0.526     11.447
 W6_SMOKE
    Category > 1       0.432      0.542      0.037      5.055
 W7_SMOKE
    Category > 1       3.330      5.656      0.119     92.968
 W8_SMOKE
    Category > 1   50835.172      0.000  50835.176  50835.176
 W4_DRINK
    Category > 1       1.987      1.602      0.409      9.655
    Category > 2      31.913     12.073     15.203     66.987
    Category > 3   *********      0.000  *********  *********
 W5_DRINK
    Category > 1       8.683      9.732      0.965     78.113
    Category > 2      31.072     11.081     15.446     62.506
    Category > 3      18.461     15.039      3.740     91.134
 W6_DRINK
    Category > 1       3.974      2.723      1.037     15.225
    Category > 2      22.554      8.726     10.565     48.147
    Category > 3      89.317    117.737      6.743   1183.036
 W7_DRINK
    Category > 1       3.676      2.459      0.991     13.642
    Category > 2      34.857     12.536     17.225     70.540
    Category > 3   *********      0.000  *********  *********
 W8_DRINK
    Category > 1      14.588     12.133      2.858     74.462
    Category > 2      38.958     13.495     19.758     76.816
    Category > 3     126.920    302.201      1.193  13499.133
 W4_PA
    Category > 1       0.519      0.829      0.023     11.871
    Category > 2       1.097      0.341      0.597      2.016
    Category > 3       1.430      0.592      0.635      3.220
 W5_PA
    Category > 1       1.518      1.948      0.123     18.787
    Category > 2       1.337      0.471      0.670      2.669
    Category > 3       1.414      0.735      0.511      3.915
 W6_PA
    Category > 1   38771.074      0.000  38771.070  38771.070
    Category > 2       1.718      0.646      0.822      3.591
    Category > 3       4.391      2.085      1.731     11.136
 W7_PA
    Category > 1       0.000      0.000      0.000      0.000
    Category > 2       2.177      0.807      1.052      4.504
    Category > 3       3.328      1.734      1.199      9.238
 W8_PA
    Category > 1       0.000      0.000      0.000      0.000
    Category > 2       2.437      0.803      1.277      4.650
    Category > 3       4.149      1.687      1.870      9.206
 W4_FV
    Category > 1       0.282      0.072      0.172      0.465
 W5_FV
    Category > 1       0.112      0.036      0.059      0.209
 W6_FV
    Category > 1       0.093      0.034      0.045      0.191
 W7_FV
    Category > 1       0.125      0.041      0.066      0.239
 W8_FV
    Category > 1       0.155      0.051      0.081      0.296

Latent Class 4 Compared to Latent Class 6

 W4_SMOKE
    Category > 1       1.993      1.152      0.642      6.189
 W5_SMOKE
    Category > 1       4.149      4.840      0.422     40.821
 W6_SMOKE
    Category > 1   19758.543      0.000  19758.543  19758.543
 W7_SMOKE
    Category > 1       0.875      1.176      0.063     12.209
 W8_SMOKE
    Category > 1       2.131      2.518      0.210     21.608
 W4_DRINK
    Category > 1      56.418     39.188     14.460    220.127
    Category > 2     363.051    488.284     26.009   5067.658
    Category > 3   *********      0.000  *********  *********
 W5_DRINK
    Category > 1     403.277    414.525     53.783   3023.867
    Category > 2     694.911    973.777     44.578  10832.738
    Category > 3   *********      0.000  *********  *********
 W6_DRINK
    Category > 1      72.138     45.918     20.717    251.184
    Category > 2   10307.925  89960.805      0.000  *********
    Category > 3     461.565   4025.139      0.000  *********
 W7_DRINK
    Category > 1     105.403     70.160     28.592    388.554
    Category > 2    1086.788   1680.639     52.456  22515.975
    Category > 3   *********      0.000  *********  *********
 W8_DRINK
    Category > 1     348.238    291.050     67.678   1791.865
    Category > 2     217.010    193.256     37.882   1243.144
    Category > 3   *********      0.000  *********  *********
 W4_PA
    Category > 1       0.508      1.101      0.007     35.578
    Category > 2       2.091      0.668      1.118      3.912
    Category > 3       1.675      0.728      0.714      3.928
 W5_PA
    Category > 1       2.411      3.096      0.194     29.881
    Category > 2       2.454      0.814      1.281      4.702
    Category > 3       2.111      1.027      0.814      5.477
 W6_PA
    Category > 1       1.000      0.000      1.000      1.000
    Category > 2       3.073      1.216      1.415      6.675
    Category > 3       2.207      1.098      0.833      5.851
 W7_PA
    Category > 1       5.289      6.219      0.528     53.002
    Category > 2       3.390      1.109      1.785      6.438
    Category > 3       3.724      1.870      1.391      9.966
 W8_PA
    Category > 1       2.654      2.434      0.440     16.019
    Category > 2       2.893      1.003      1.467      5.706
    Category > 3       3.367      1.435      1.460      7.763
 W4_FV
    Category > 1       0.567      0.137      0.353      0.909
 W5_FV
    Category > 1       0.304      0.095      0.165      0.561
 W6_FV
    Category > 1       0.214      0.081      0.101      0.451
 W7_FV
    Category > 1       0.274      0.099      0.135      0.556
 W8_FV
    Category > 1       0.264      0.079      0.147      0.474

Latent Class 5 Compared to Latent Class 6

 W4_SMOKE
    Category > 1       0.319      0.262      0.064      1.592
 W5_SMOKE
    Category > 1       1.690      2.105      0.147     19.414
 W6_SMOKE
    Category > 1   45781.926      0.000  45781.922  45781.922
 W7_SMOKE
    Category > 1       0.263      0.413      0.012      5.739
 W8_SMOKE
    Category > 1       0.000      0.000      0.000      0.000
 W4_DRINK
    Category > 1      28.398     11.413     12.918     62.431
    Category > 2      11.376     15.726      0.757    170.861
    Category > 3       1.000      0.000      1.000      1.000
 W5_DRINK
    Category > 1      46.446     23.800     17.012    126.802
    Category > 2      22.364     32.005      1.353    369.577
    Category > 3   25405.941      0.000  25405.943  25405.943
 W6_DRINK
    Category > 1      18.153      7.071      8.460     38.951
    Category > 2     457.032   3986.830      0.000  *********
    Category > 3       5.168     48.633      0.000  *********
 W7_DRINK
    Category > 1      28.673     10.168     14.309     57.456
    Category > 2      31.178     48.444      1.483    655.331
    Category > 3       1.000      0.000      1.000      1.000
 W8_DRINK
    Category > 1      23.871      7.561     12.830     44.412
    Category > 2       5.570      5.052      0.941     32.956
    Category > 3    3119.766      0.000   3119.766   3119.766
 W4_PA
    Category > 1       0.979      2.677      0.005    207.970
    Category > 2       1.907      0.634      0.994      3.658
    Category > 3       1.172      0.516      0.494      2.780
 W5_PA
    Category > 1       1.588      1.821      0.168     15.019
    Category > 2       1.835      0.647      0.919      3.664
    Category > 3       1.493      0.806      0.518      4.301
 W6_PA
    Category > 1       0.000      0.000      0.000      0.000
    Category > 2       1.788      0.784      0.757      4.223
    Category > 3       0.503      0.280      0.169      1.497
 W7_PA
    Category > 1   61490.562      0.000  61490.562  61490.562
    Category > 2       1.557      0.562      0.768      3.158
    Category > 3       1.119      0.624      0.375      3.339
 W8_PA
    Category > 1   89307.719      0.000  89307.727  89307.727
    Category > 2       1.187      0.429      0.585      2.410
    Category > 3       0.812      0.392      0.315      2.090
 W4_FV
    Category > 1       2.006      0.589      1.128      3.569
 W5_FV
    Category > 1       2.723      1.065      1.266      5.860
 W6_FV
    Category > 1       2.308      0.891      1.082      4.921
 W7_FV
    Category > 1       2.190      0.820      1.051      4.563
 W8_FV
    Category > 1       1.702      0.667      0.789      3.670


QUALITY OF NUMERICAL RESULTS

     Condition Number for the Information Matrix              0.185E-06
       (ratio of smallest to largest eigenvalue)


TECHNICAL 11 OUTPUT

     Random Starts Specifications for the k-1 Class Analysis Model
        Number of initial stage random starts                 500
        Number of final stage optimizations                   100



     VUONG-LO-MENDELL-RUBIN LIKELIHOOD RATIO TEST FOR 5 (H0) VERSUS 6 CLASSES

          H0 Loglikelihood Value                       -28466.904
          2 Times the Loglikelihood Difference            747.733
          Difference in the Number of Parameters               41
          Mean                                         437496.875
          Standard Deviation                           601385.473
          P-Value                                          0.7662

     LO-MENDELL-RUBIN ADJUSTED LRT TEST

          Value                                           745.382
          P-Value                                          0.7662


PLOT INFORMATION

The following plots are available:

  Histograms (sample values)
  Scatterplots (sample values)
  Sample proportions and estimated probabilities

     Beginning Time:  12:09:06
        Ending Time:  12:25:22
       Elapsed Time:  00:16:16



MUTHEN & MUTHEN
3463 Stoner Ave.
Los Angeles, CA  90066

Tel: (310) 391-9971
Fax: (310) 391-8971
Web: www.StatModel.com
Support: Support@StatModel.com

Copyright (c) 1998-2020 Muthen & Muthen
