Mplus VERSION 8.5 (Mac)
MUTHEN & MUTHEN
11/08/2022   1:27 PM

INPUT INSTRUCTIONS

  TITLE:
  C1_LCA_enumerate
  DATA:
  FILE = "./c_lca_enumerate.dat";

  VARIABLE:
  NAMES = idauniq W4_Smoke W5_Smoke W6_Smoke W7_Smoke W8_Smoke W4_Drink W5_Drink
       W6_Drink W7_Drink W8_Drink W4_PA W5_PA W6_PA W7_PA W8_PA W4_FV W5_FV W6_FV
       W7_FV W8_FV Weights Female Age Pat_Int Pat_Hig Self_Int Self_Hig Edu_Upp
       Edu_Ter Wealth_2 Wealth_3 Eye_4 Circul_4 Endocr_4 Muscul_4 Respir_4 Neopla_4
       Nervou_4 Mental_4 Multi_4 CMulti_4 Luncan_4 Eye Circul Endocr Muscul Respir
       Neopla Nervou Mental Multi CMulti Luncan;
   MISSING=.;
   CATEGORICAL = W4_Smoke,W5_Smoke,W6_Smoke,W7_Smoke,W8_Smoke,
  W4_Drink,W5_Drink,W6_Drink,W7_Drink,W8_Drink,
  W4_PA,W5_PA,W6_PA,W7_PA,W8_PA,W4_FV,W5_FV,W6_FV,
  W7_FV,W8_FV;
  USEVARIABLES = W4_Smoke,W5_Smoke,W6_Smoke,W7_Smoke,W8_Smoke,
  W4_Drink,W5_Drink,W6_Drink,W7_Drink,W8_Drink,
  W4_PA,W5_PA,W6_PA,W7_PA,W8_PA,W4_FV,W5_FV,W6_FV,
  W7_FV,W8_FV,Weights;
          WEIGHT        = Weights;
  MISSING ARE ALL (-99);
          classes = c(1);
  ANALYSIS:
  estimator = mlr;
      type = mixture;
      starts = 500 100;
      STITERATIONS=20;
  LRTSTARTS = 50 10 400 20;
  OUTPUT:
  TECH11 TECH14
  PLOT:
  type = plot3;
      series is W4_Smoke(2) W5_Smoke(3) W6_Smoke(4) W7_Smoke(5)
      W8_Smoke(6) W4_Drink(7) W5_Drink(8)
      W6_Drink(9) W7_Drink(10)
      W8_Drink(11) W4_PA(12) W5_PA(13)
      W6_PA(14) W7_PA(15) W8_PA(16)
      W4_FV(17) W5_FV(18) W6_FV(19)
      W7_FV(20) W8_FV(21);



*** WARNING
  One or more observations has a value of 0 for the WEIGHT variable.
*** WARNING in OUTPUT command
  TECH11 option is not available for TYPE=MIXTURE with only one class.
  Request for TECH11 is ignored.
*** WARNING in OUTPUT command
  TECH14 option is not available for TYPE=MIXTURE with weights.
  Request for TECH14 is ignored.
   3 WARNING(S) FOUND IN THE INPUT INSTRUCTIONS




C1_LCA_enumerate

SUMMARY OF ANALYSIS

Number of groups                                                 1
Number of observations                                        5429

Number of dependent variables                                   20
Number of independent variables                                  0
Number of continuous latent variables                            0
Number of categorical latent variables                           1

Observed dependent variables

  Binary and ordered categorical (ordinal)
   W4_SMOKE    W5_SMOKE    W6_SMOKE    W7_SMOKE    W8_SMOKE    W4_DRINK
   W5_DRINK    W6_DRINK    W7_DRINK    W8_DRINK    W4_PA       W5_PA
   W6_PA       W7_PA       W8_PA       W4_FV       W5_FV       W6_FV
   W7_FV       W8_FV

Categorical latent variables
   C

Variables with special functions

  Weight variable       WEIGHTS

Estimator                                                      MLR
Information matrix                                        OBSERVED
Optimization Specifications for the Quasi-Newton Algorithm for
Continuous Outcomes
  Maximum number of iterations                                 100
  Convergence criterion                                  0.100D-05
Optimization Specifications for the EM Algorithm
  Maximum number of iterations                                 500
  Convergence criteria
    Loglikelihood change                                 0.100D-06
    Relative loglikelihood change                        0.100D-06
    Derivative                                           0.100D-05
Optimization Specifications for the M step of the EM Algorithm for
Categorical Latent variables
  Number of M step iterations                                    1
  M step convergence criterion                           0.100D-05
  Basis for M step termination                           ITERATION
Optimization Specifications for the M step of the EM Algorithm for
Censored, Binary or Ordered Categorical (Ordinal), Unordered
Categorical (Nominal) and Count Outcomes
  Number of M step iterations                                    1
  M step convergence criterion                           0.100D-05
  Basis for M step termination                           ITERATION
  Maximum value for logit thresholds                            15
  Minimum value for logit thresholds                           -15
  Minimum expected cell size for chi-square              0.100D-01
Maximum number of iterations for H1                           2000
Convergence criterion for H1                             0.100D-03
Optimization algorithm                                         EMA
Random Starts Specifications
  Number of initial stage random starts                        500
  Number of final stage optimizations                          100
  Number of initial stage iterations                            20
  Initial stage convergence criterion                    0.100D+01
  Random starts scale                                    0.500D+01
  Random seed for generating random starts                       0
Link                                                         LOGIT

Input data file(s)
  ./c_lca_enumerate.dat
Input data format  FREE


SUMMARY OF DATA

     Number of missing data patterns          1208
     Number of y missing data patterns           0
     Number of u missing data patterns        1208


COVARIANCE COVERAGE OF DATA

Minimum covariance coverage value   0.100


     PROPORTION OF DATA PRESENT FOR U


           Covariance Coverage
              W4_SMOKE      W5_SMOKE      W6_SMOKE      W7_SMOKE      W8_SMOKE
              ________      ________      ________      ________      ________
 W4_SMOKE       0.884
 W5_SMOKE       0.579         0.591
 W6_SMOKE       0.596         0.591         0.615
 W7_SMOKE       0.605         0.590         0.613         0.625
 W8_SMOKE       0.609         0.588         0.609         0.620         0.631
 W4_DRINK       0.708         0.472         0.487         0.495         0.500
 W5_DRINK       0.731         0.493         0.506         0.513         0.519
 W6_DRINK       0.705         0.475         0.486         0.495         0.500
 W7_DRINK       0.692         0.467         0.479         0.485         0.490
 W8_DRINK       0.679         0.461         0.473         0.479         0.481
 W4_PA          0.796         0.532         0.552         0.561         0.566
 W5_PA          0.791         0.530         0.552         0.561         0.565
 W6_PA          0.801         0.535         0.555         0.565         0.570
 W7_PA          0.806         0.538         0.559         0.568         0.573
 W8_PA          0.787         0.524         0.544         0.554         0.559
 W4_FV          0.795         0.527         0.544         0.553         0.558
 W5_FV          0.828         0.553         0.570         0.578         0.583
 W6_FV          0.811         0.542         0.556         0.566         0.572
 W7_FV          0.797         0.533         0.548         0.556         0.561
 W8_FV          0.797         0.534         0.549         0.557         0.559


           Covariance Coverage
              W4_DRINK      W5_DRINK      W6_DRINK      W7_DRINK      W8_DRINK
              ________      ________      ________      ________      ________
 W4_DRINK       0.795
 W5_DRINK       0.729         0.824
 W6_DRINK       0.705         0.739         0.795
 W7_DRINK       0.690         0.725         0.717         0.781
 W8_DRINK       0.679         0.710         0.701         0.695         0.766
 W4_PA          0.721         0.747         0.724         0.712         0.697
 W5_PA          0.720         0.746         0.722         0.707         0.692
 W6_PA          0.733         0.755         0.731         0.719         0.703
 W7_PA          0.733         0.761         0.738         0.723         0.711
 W8_PA          0.720         0.746         0.725         0.714         0.702
 W4_FV          0.793         0.756         0.729         0.718         0.705
 W5_FV          0.763         0.821         0.763         0.749         0.733
 W6_FV          0.746         0.776         0.794         0.745         0.727
 W7_FV          0.734         0.763         0.745         0.777         0.716
 W8_FV          0.736         0.761         0.743         0.730         0.763


           Covariance Coverage
              W4_PA         W5_PA         W6_PA         W7_PA         W8_PA
              ________      ________      ________      ________      ________
 W4_PA          0.899
 W5_PA          0.825         0.896
 W6_PA          0.831         0.831         0.908
 W7_PA          0.834         0.832         0.848         0.913
 W8_PA          0.816         0.809         0.825         0.834         0.894
 W4_FV          0.807         0.805         0.818         0.818         0.803
 W5_FV          0.841         0.839         0.850         0.856         0.836
 W6_FV          0.825         0.822         0.835         0.840         0.822
 W7_FV          0.813         0.810         0.823         0.826         0.813
 W8_FV          0.814         0.810         0.822         0.829         0.814


           Covariance Coverage
              W4_FV         W5_FV         W6_FV         W7_FV         W8_FV
              ________      ________      ________      ________      ________
 W4_FV          0.894
 W5_FV          0.854         0.933
 W6_FV          0.835         0.874         0.915
 W7_FV          0.822         0.860         0.855         0.899
 W8_FV          0.824         0.858         0.849         0.838         0.900


UNIVARIATE PROPORTIONS AND COUNTS FOR CATEGORICAL VARIABLES

    W4_SMOKE
      Category 1    0.850         4108.210
      Category 2    0.150          722.637
    W5_SMOKE
      Category 1    0.798         2640.464
      Category 2    0.202          667.518
    W6_SMOKE
      Category 1    0.825         2830.362
      Category 2    0.175          598.332
    W7_SMOKE
      Category 1    0.840         2922.771
      Category 2    0.160          558.735
    W8_SMOKE
      Category 1    0.854         2997.749
      Category 2    0.146          512.923
    W4_DRINK
      Category 1    0.232          979.065
      Category 2    0.453         1913.994
      Category 3    0.273         1154.167
      Category 4    0.041          173.494
    W5_DRINK
      Category 1    0.253         1109.021
      Category 2    0.435         1906.253
      Category 3    0.270         1181.554
      Category 4    0.042          184.523
    W6_DRINK
      Category 1    0.264         1111.150
      Category 2    0.434         1831.670
      Category 3    0.259         1090.483
      Category 4    0.043          183.213
    W7_DRINK
      Category 1    0.270         1117.056
      Category 2    0.437         1803.585
      Category 3    0.250         1033.934
      Category 4    0.042          175.378
    W8_DRINK
      Category 1    0.278         1128.050
      Category 2    0.432         1754.504
      Category 3    0.253         1029.076
      Category 4    0.037          151.177
    W4_PA
      Category 1    0.006           28.025
      Category 2    0.578         2784.907
      Category 3    0.177          854.299
      Category 4    0.239         1149.546
    W5_PA
      Category 1    0.007           35.811
      Category 2    0.588         2832.707
      Category 3    0.175          845.291
      Category 4    0.230         1107.536
    W6_PA
      Category 1    0.009           41.825
      Category 2    0.602         2935.563
      Category 3    0.163          795.490
      Category 4    0.226         1100.417
    W7_PA
      Category 1    0.008           38.196
      Category 2    0.628         3071.849
      Category 3    0.162          791.286
      Category 4    0.202          990.440
    W8_PA
      Category 1    0.009           43.534
      Category 2    0.647         3095.584
      Category 3    0.149          713.479
      Category 4    0.195          933.595
    W4_FV
      Category 1    0.431         2073.426
      Category 2    0.569         2735.168
    W5_FV
      Category 1    0.432         2181.914
      Category 2    0.568         2864.285
    W6_FV
      Category 1    0.407         2010.362
      Category 2    0.593         2928.232
    W7_FV
      Category 1    0.391         1893.511
      Category 2    0.609         2945.422
    W8_FV
      Category 1    0.407         1983.813
      Category 2    0.593         2886.050


RANDOM STARTS RESULTS RANKED FROM THE BEST TO THE WORST LOGLIKELIHOOD VALUES

Final stage loglikelihood values at local maxima, seeds, and initial stage start numbers:

          -73374.843  unperturbed      0
          -73374.843  971853           402
          -73374.843  471040           403
          -73374.843  605565           404
          -73374.843  596257           405
          -73374.843  926797           406
          -73374.843  772131           407
          -73374.843  112586           494
          -73374.843  55115            408
          -73374.843  605161           409
          -73374.843  746978           410
          -73374.843  652266           490
          -73374.843  85734            411
          -73374.843  918558           412
          -73374.843  275475           413
          -73374.843  354395           486
          -73374.843  736574           414
          -73374.843  399508           415
          -73374.843  791285           416
          -73374.843  665121           417
          -73374.843  298275           418
          -73374.843  802682           419
          -73374.843  749635           420
          -73374.843  226322           478
          -73374.843  484406           421
          -73374.843  173191           422
          -73374.843  798821           423
          -73374.843  216565           474
          -73374.843  505879           424
          -73374.843  762461           425
          -73374.843  937885           426
          -73374.843  971693           470
          -73374.843  699554           427
          -73374.843  584397           428
          -73374.843  153394           429
          -73374.843  238906           430
          -73374.843  853195           431
          -73374.843  518828           432
          -73374.843  783102           433
          -73374.843  68850            462
          -73374.843  640833           434
          -73374.843  283492           435
          -73374.843  399380           436
          -73374.843  359578           458
          -73374.843  317640           437
          -73374.843  375590           438
          -73374.843  631413           439
          -73374.843  263049           454
          -73374.843  193569           440
          -73374.843  741484           441
          -73374.843  404510           442
          -73374.843  217130           443
          -73374.843  888905           444
          -73374.843  502532           445
          -73374.843  508482           446
          -73374.843  263221           447
          -73374.843  354624           448
          -73374.843  614535           449
          -73374.843  408713           450
          -73374.843  188640           451
          -73374.843  582296           452
          -73374.843  879211           453
          -73374.843  224950           455
          -73374.843  922596           456
          -73374.843  769907           457
          -73374.843  539751           459
          -73374.843  662718           460
          -73374.843  345726           461
          -73374.843  965639           463
          -73374.843  349360           464
          -73374.843  320494           465
          -73374.843  898745           466
          -73374.843  416463           467
          -73374.843  862607           468
          -73374.843  790059           469
          -73374.843  315029           471
          -73374.843  69413            472
          -73374.843  376411           473
          -73374.843  988761           475
          -73374.843  714455           476
          -73374.843  802256           477
          -73374.843  823392           479
          -73374.843  392751           480
          -73374.843  863691           481
          -73374.843  787985           482
          -73374.843  53621            483
          -73374.843  366533           484
          -73374.843  425982           485
          -73374.843  252949           487
          -73374.843  978061           488
          -73374.843  618760           489
          -73374.843  972430           491
          -73374.843  922042           492
          -73374.843  887580           493
          -73374.843  860102           495
          -73374.843  335485           496
          -73374.843  978781           497
          -73374.843  485483           498
          -73374.843  319575           499
          -73374.843  140442           500



THE MODEL ESTIMATION TERMINATED NORMALLY

     THE CHI-SQUARE TEST CANNOT BE COMPUTED BECAUSE THE FREQUENCY TABLE FOR THE
     LATENT CLASS INDICATOR MODEL PART IS TOO LARGE.




MODEL FIT INFORMATION

Number of Free Parameters                       40

Loglikelihood

          H0 Value                      -73374.843
          H0 Scaling Correction Factor      1.2886
            for MLR

Information Criteria

          Akaike (AIC)                  146829.686
          Bayesian (BIC)                147093.666
          Sample-Size Adjusted BIC      146966.559
            (n* = (n + 2) / 24)



FINAL CLASS COUNTS AND PROPORTIONS FOR THE LATENT CLASSES
BASED ON THE ESTIMATED MODEL

    Latent
   Classes

       1       5429.00000          1.00000


FINAL CLASS COUNTS AND PROPORTIONS FOR THE LATENT CLASSES
BASED ON ESTIMATED POSTERIOR PROBABILITIES

    Latent
   Classes

       1       5429.00000          1.00000


FINAL CLASS COUNTS AND PROPORTIONS FOR THE LATENT CLASSES
BASED ON THEIR MOST LIKELY LATENT CLASS MEMBERSHIP

Class Counts and Proportions

    Latent
   Classes

       1             5429          1.00000


Average Latent Class Probabilities for Most Likely Latent Class Membership (Row)
by Latent Class (Column)

           1

    1   1.000


Classification Probabilities for the Most Likely Latent Class Membership (Column)
by Latent Class (Row)

           1

    1   1.000


Logits for the Classification Probabilities for the Most Likely Latent Class Membership (Column)
by Latent Class (Row)

              1

    1      0.000


MODEL RESULTS

                                                    Two-Tailed
                    Estimate       S.E.  Est./S.E.    P-Value

Latent Class 1

 Thresholds
    W4_SMOKE$1         1.738      0.048     36.070      0.000
    W5_SMOKE$1         1.375      0.052     26.648      0.000
    W6_SMOKE$1         1.554      0.054     28.835      0.000
    W7_SMOKE$1         1.655      0.056     29.758      0.000
    W8_SMOKE$1         1.765      0.058     30.539      0.000
    W4_DRINK$1        -1.197      0.042    -28.448      0.000
    W4_DRINK$2         0.779      0.037     21.304      0.000
    W4_DRINK$3         3.150      0.082     38.199      0.000
    W5_DRINK$1        -1.082      0.039    -27.437      0.000
    W5_DRINK$2         0.792      0.036     21.924      0.000
    W5_DRINK$3         3.124      0.081     38.558      0.000
    W6_DRINK$1        -1.028      0.040    -25.832      0.000
    W6_DRINK$2         0.837      0.037     22.629      0.000
    W6_DRINK$3         3.092      0.084     36.727      0.000
    W7_DRINK$1        -0.992      0.040    -24.834      0.000
    W7_DRINK$2         0.882      0.038     23.358      0.000
    W7_DRINK$3         3.116      0.088     35.339      0.000
    W8_DRINK$1        -0.956      0.040    -24.142      0.000
    W8_DRINK$2         0.893      0.038     23.347      0.000
    W8_DRINK$3         3.253      0.090     36.311      0.000
    W4_PA$1           -5.141      0.214    -24.013      0.000
    W4_PA$2            0.339      0.033     10.380      0.000
    W4_PA$3            1.160      0.037     31.184      0.000
    W5_PA$1           -4.895      0.211    -23.195      0.000
    W5_PA$2            0.385      0.033     11.720      0.000
    W5_PA$3            1.210      0.038     32.064      0.000
    W6_PA$1           -4.749      0.194    -24.454      0.000
    W6_PA$2            0.451      0.033     13.813      0.000
    W6_PA$3            1.232      0.038     32.692      0.000
    W7_PA$1           -4.845      0.196    -24.658      0.000
    W7_PA$2            0.557      0.033     16.902      0.000
    W7_PA$3            1.371      0.039     35.087      0.000
    W8_PA$1           -4.691      0.174    -26.905      0.000
    W8_PA$2            0.645      0.034     19.158      0.000
    W8_PA$3            1.417      0.040     35.663      0.000
    W4_FV$1           -0.277      0.033     -8.410      0.000
    W5_FV$1           -0.272      0.032     -8.432      0.000
    W6_FV$1           -0.376      0.033    -11.411      0.000
    W7_FV$1           -0.442      0.034    -13.171      0.000
    W8_FV$1           -0.375      0.033    -11.302      0.000


RESULTS IN PROBABILITY SCALE

Latent Class 1

 W4_SMOKE
    Category 1         0.850      0.006    138.753      0.000
    Category 2         0.150      0.006     24.407      0.000
 W5_SMOKE
    Category 1         0.798      0.008     96.033      0.000
    Category 2         0.202      0.008     24.277      0.000
 W6_SMOKE
    Category 1         0.825      0.008    106.328      0.000
    Category 2         0.175      0.008     22.478      0.000
 W7_SMOKE
    Category 1         0.840      0.007    112.064      0.000
    Category 2         0.160      0.007     21.423      0.000
 W8_SMOKE
    Category 1         0.854      0.007    118.392      0.000
    Category 2         0.146      0.007     20.257      0.000
 W4_DRINK
    Category 1         0.232      0.007     30.938      0.000
    Category 2         0.453      0.009     53.134      0.000
    Category 3         0.273      0.008     36.109      0.000
    Category 4         0.041      0.003     12.648      0.000
 W5_DRINK
    Category 1         0.253      0.007     33.951      0.000
    Category 2         0.435      0.008     52.013      0.000
    Category 3         0.270      0.007     36.300      0.000
    Category 4         0.042      0.003     12.884      0.000
 W6_DRINK
    Category 1         0.264      0.008     34.128      0.000
    Category 2         0.434      0.009     50.864      0.000
    Category 3         0.259      0.007     34.910      0.000
    Category 4         0.043      0.003     12.419      0.000
 W7_DRINK
    Category 1         0.270      0.008     34.309      0.000
    Category 2         0.437      0.009     50.778      0.000
    Category 3         0.250      0.007     33.866      0.000
    Category 4         0.042      0.004     11.845      0.000
 W8_DRINK
    Category 1         0.278      0.008     34.955      0.000
    Category 2         0.432      0.009     49.899      0.000
    Category 3         0.253      0.008     33.511      0.000
    Category 4         0.037      0.003     11.593      0.000
 W4_PA
    Category 1         0.006      0.001      4.698      0.000
    Category 2         0.578      0.008     72.645      0.000
    Category 3         0.177      0.006     29.139      0.000
    Category 4         0.239      0.007     35.308      0.000
 W5_PA
    Category 1         0.007      0.002      4.774      0.000
    Category 2         0.588      0.008     74.006      0.000
    Category 3         0.175      0.006     28.754      0.000
    Category 4         0.230      0.007     34.404      0.000
 W6_PA
    Category 1         0.009      0.002      5.193      0.000
    Category 2         0.602      0.008     77.107      0.000
    Category 3         0.163      0.006     28.281      0.000
    Category 4         0.226      0.007     34.271      0.000
 W7_PA
    Category 1         0.008      0.002      5.130      0.000
    Category 2         0.628      0.008     81.777      0.000
    Category 3         0.162      0.006     28.182      0.000
    Category 4         0.202      0.006     32.092      0.000
 W8_PA
    Category 1         0.009      0.002      5.788      0.000
    Category 2         0.647      0.008     84.489      0.000
    Category 3         0.149      0.006     26.328      0.000
    Category 4         0.195      0.006     31.257      0.000
 W4_FV
    Category 1         0.431      0.008     53.379      0.000
    Category 2         0.569      0.008     70.415      0.000
 W5_FV
    Category 1         0.432      0.008     54.590      0.000
    Category 2         0.568      0.008     71.662      0.000
 W6_FV
    Category 1         0.407      0.008     51.173      0.000
    Category 2         0.593      0.008     74.538      0.000
 W7_FV
    Category 1         0.391      0.008     48.974      0.000
    Category 2         0.609      0.008     76.181      0.000
 W8_FV
    Category 1         0.407      0.008     50.875      0.000
    Category 2         0.593      0.008     74.013      0.000


QUALITY OF NUMERICAL RESULTS

     Condition Number for the Information Matrix              0.573E-02
       (ratio of smallest to largest eigenvalue)


PLOT INFORMATION

The following plots are available:

  Histograms (sample values)
  Scatterplots (sample values)
  Sample proportions and estimated probabilities

     Beginning Time:  13:27:12
        Ending Time:  13:27:19
       Elapsed Time:  00:00:07



MUTHEN & MUTHEN
3463 Stoner Ave.
Los Angeles, CA  90066

Tel: (310) 391-9971
Fax: (310) 391-8971
Web: www.StatModel.com
Support: Support@StatModel.com

Copyright (c) 1998-2020 Muthen & Muthen
