Mplus VERSION 8.5 (Mac)
MUTHEN & MUTHEN
11/08/2022   1:39 PM

INPUT INSTRUCTIONS

  TITLE:
  C5_LCA_enumerate
  DATA:
  FILE = "./c_lca_enumerate.dat";

  VARIABLE:
  NAMES = idauniq W4_Smoke W5_Smoke W6_Smoke W7_Smoke W8_Smoke W4_Drink W5_Drink
       W6_Drink W7_Drink W8_Drink W4_PA W5_PA W6_PA W7_PA W8_PA W4_FV W5_FV W6_FV
       W7_FV W8_FV Weights Female Age Pat_Int Pat_Hig Self_Int Self_Hig Edu_Upp
       Edu_Ter Wealth_2 Wealth_3 Eye_4 Circul_4 Endocr_4 Muscul_4 Respir_4 Neopla_4
       Nervou_4 Mental_4 Multi_4 CMulti_4 Luncan_4 Eye Circul Endocr Muscul Respir
       Neopla Nervou Mental Multi CMulti Luncan;
   MISSING=.;
   CATEGORICAL = W4_Smoke,W5_Smoke,W6_Smoke,W7_Smoke,W8_Smoke,
  W4_Drink,W5_Drink,W6_Drink,W7_Drink,W8_Drink,
  W4_PA,W5_PA,W6_PA,W7_PA,W8_PA,W4_FV,W5_FV,W6_FV,
  W7_FV,W8_FV;
  USEVARIABLES = W4_Smoke,W5_Smoke,W6_Smoke,W7_Smoke,W8_Smoke,
  W4_Drink,W5_Drink,W6_Drink,W7_Drink,W8_Drink,
  W4_PA,W5_PA,W6_PA,W7_PA,W8_PA,W4_FV,W5_FV,W6_FV,
  W7_FV,W8_FV,Weights;
          WEIGHT        = Weights;
  MISSING ARE ALL (-99);
          classes = c(5);
  ANALYSIS:
  estimator = mlr;
      type = mixture;
      starts = 500 100;
      STITERATIONS=20;
  LRTSTARTS = 50 10 400 20;
  OUTPUT:
  TECH11 TECH14
  PLOT:
  type = plot3;
      series is W4_Smoke(2) W5_Smoke(3) W6_Smoke(4) W7_Smoke(5)
      W8_Smoke(6) W4_Drink(7) W5_Drink(8)
      W6_Drink(9) W7_Drink(10)
      W8_Drink(11) W4_PA(12) W5_PA(13)
      W6_PA(14) W7_PA(15) W8_PA(16)
      W4_FV(17) W5_FV(18) W6_FV(19)
      W7_FV(20) W8_FV(21);



*** WARNING
  One or more observations has a value of 0 for the WEIGHT variable.
*** WARNING in OUTPUT command
  TECH14 option is not available for TYPE=MIXTURE with weights.
  Request for TECH14 is ignored.
   2 WARNING(S) FOUND IN THE INPUT INSTRUCTIONS




C5_LCA_enumerate

SUMMARY OF ANALYSIS

Number of groups                                                 1
Number of observations                                        5429

Number of dependent variables                                   20
Number of independent variables                                  0
Number of continuous latent variables                            0
Number of categorical latent variables                           1

Observed dependent variables

  Binary and ordered categorical (ordinal)
   W4_SMOKE    W5_SMOKE    W6_SMOKE    W7_SMOKE    W8_SMOKE    W4_DRINK
   W5_DRINK    W6_DRINK    W7_DRINK    W8_DRINK    W4_PA       W5_PA
   W6_PA       W7_PA       W8_PA       W4_FV       W5_FV       W6_FV
   W7_FV       W8_FV

Categorical latent variables
   C

Variables with special functions

  Weight variable       WEIGHTS

Estimator                                                      MLR
Information matrix                                        OBSERVED
Optimization Specifications for the Quasi-Newton Algorithm for
Continuous Outcomes
  Maximum number of iterations                                 100
  Convergence criterion                                  0.100D-05
Optimization Specifications for the EM Algorithm
  Maximum number of iterations                                 500
  Convergence criteria
    Loglikelihood change                                 0.100D-06
    Relative loglikelihood change                        0.100D-06
    Derivative                                           0.100D-05
Optimization Specifications for the M step of the EM Algorithm for
Categorical Latent variables
  Number of M step iterations                                    1
  M step convergence criterion                           0.100D-05
  Basis for M step termination                           ITERATION
Optimization Specifications for the M step of the EM Algorithm for
Censored, Binary or Ordered Categorical (Ordinal), Unordered
Categorical (Nominal) and Count Outcomes
  Number of M step iterations                                    1
  M step convergence criterion                           0.100D-05
  Basis for M step termination                           ITERATION
  Maximum value for logit thresholds                            15
  Minimum value for logit thresholds                           -15
  Minimum expected cell size for chi-square              0.100D-01
Maximum number of iterations for H1                           2000
Convergence criterion for H1                             0.100D-03
Optimization algorithm                                         EMA
Random Starts Specifications
  Number of initial stage random starts                        500
  Number of final stage optimizations                          100
  Number of initial stage iterations                            20
  Initial stage convergence criterion                    0.100D+01
  Random starts scale                                    0.500D+01
  Random seed for generating random starts                       0
Link                                                         LOGIT

Input data file(s)
  ./c_lca_enumerate.dat
Input data format  FREE


SUMMARY OF DATA

     Number of missing data patterns          1208
     Number of y missing data patterns           0
     Number of u missing data patterns        1208


COVARIANCE COVERAGE OF DATA

Minimum covariance coverage value   0.100


     PROPORTION OF DATA PRESENT FOR U


           Covariance Coverage
              W4_SMOKE      W5_SMOKE      W6_SMOKE      W7_SMOKE      W8_SMOKE
              ________      ________      ________      ________      ________
 W4_SMOKE       0.884
 W5_SMOKE       0.579         0.591
 W6_SMOKE       0.596         0.591         0.615
 W7_SMOKE       0.605         0.590         0.613         0.625
 W8_SMOKE       0.609         0.588         0.609         0.620         0.631
 W4_DRINK       0.708         0.472         0.487         0.495         0.500
 W5_DRINK       0.731         0.493         0.506         0.513         0.519
 W6_DRINK       0.705         0.475         0.486         0.495         0.500
 W7_DRINK       0.692         0.467         0.479         0.485         0.490
 W8_DRINK       0.679         0.461         0.473         0.479         0.481
 W4_PA          0.796         0.532         0.552         0.561         0.566
 W5_PA          0.791         0.530         0.552         0.561         0.565
 W6_PA          0.801         0.535         0.555         0.565         0.570
 W7_PA          0.806         0.538         0.559         0.568         0.573
 W8_PA          0.787         0.524         0.544         0.554         0.559
 W4_FV          0.795         0.527         0.544         0.553         0.558
 W5_FV          0.828         0.553         0.570         0.578         0.583
 W6_FV          0.811         0.542         0.556         0.566         0.572
 W7_FV          0.797         0.533         0.548         0.556         0.561
 W8_FV          0.797         0.534         0.549         0.557         0.559


           Covariance Coverage
              W4_DRINK      W5_DRINK      W6_DRINK      W7_DRINK      W8_DRINK
              ________      ________      ________      ________      ________
 W4_DRINK       0.795
 W5_DRINK       0.729         0.824
 W6_DRINK       0.705         0.739         0.795
 W7_DRINK       0.690         0.725         0.717         0.781
 W8_DRINK       0.679         0.710         0.701         0.695         0.766
 W4_PA          0.721         0.747         0.724         0.712         0.697
 W5_PA          0.720         0.746         0.722         0.707         0.692
 W6_PA          0.733         0.755         0.731         0.719         0.703
 W7_PA          0.733         0.761         0.738         0.723         0.711
 W8_PA          0.720         0.746         0.725         0.714         0.702
 W4_FV          0.793         0.756         0.729         0.718         0.705
 W5_FV          0.763         0.821         0.763         0.749         0.733
 W6_FV          0.746         0.776         0.794         0.745         0.727
 W7_FV          0.734         0.763         0.745         0.777         0.716
 W8_FV          0.736         0.761         0.743         0.730         0.763


           Covariance Coverage
              W4_PA         W5_PA         W6_PA         W7_PA         W8_PA
              ________      ________      ________      ________      ________
 W4_PA          0.899
 W5_PA          0.825         0.896
 W6_PA          0.831         0.831         0.908
 W7_PA          0.834         0.832         0.848         0.913
 W8_PA          0.816         0.809         0.825         0.834         0.894
 W4_FV          0.807         0.805         0.818         0.818         0.803
 W5_FV          0.841         0.839         0.850         0.856         0.836
 W6_FV          0.825         0.822         0.835         0.840         0.822
 W7_FV          0.813         0.810         0.823         0.826         0.813
 W8_FV          0.814         0.810         0.822         0.829         0.814


           Covariance Coverage
              W4_FV         W5_FV         W6_FV         W7_FV         W8_FV
              ________      ________      ________      ________      ________
 W4_FV          0.894
 W5_FV          0.854         0.933
 W6_FV          0.835         0.874         0.915
 W7_FV          0.822         0.860         0.855         0.899
 W8_FV          0.824         0.858         0.849         0.838         0.900


UNIVARIATE PROPORTIONS AND COUNTS FOR CATEGORICAL VARIABLES

    W4_SMOKE
      Category 1    0.850         4108.210
      Category 2    0.150          722.637
    W5_SMOKE
      Category 1    0.798         2640.464
      Category 2    0.202          667.518
    W6_SMOKE
      Category 1    0.825         2830.362
      Category 2    0.175          598.332
    W7_SMOKE
      Category 1    0.840         2922.771
      Category 2    0.160          558.735
    W8_SMOKE
      Category 1    0.854         2997.749
      Category 2    0.146          512.923
    W4_DRINK
      Category 1    0.232          979.065
      Category 2    0.453         1913.994
      Category 3    0.273         1154.167
      Category 4    0.041          173.494
    W5_DRINK
      Category 1    0.253         1109.021
      Category 2    0.435         1906.253
      Category 3    0.270         1181.554
      Category 4    0.042          184.523
    W6_DRINK
      Category 1    0.264         1111.150
      Category 2    0.434         1831.670
      Category 3    0.259         1090.483
      Category 4    0.043          183.213
    W7_DRINK
      Category 1    0.270         1117.056
      Category 2    0.437         1803.585
      Category 3    0.250         1033.934
      Category 4    0.042          175.378
    W8_DRINK
      Category 1    0.278         1128.050
      Category 2    0.432         1754.504
      Category 3    0.253         1029.076
      Category 4    0.037          151.177
    W4_PA
      Category 1    0.006           28.025
      Category 2    0.578         2784.907
      Category 3    0.177          854.299
      Category 4    0.239         1149.546
    W5_PA
      Category 1    0.007           35.811
      Category 2    0.588         2832.707
      Category 3    0.175          845.291
      Category 4    0.230         1107.536
    W6_PA
      Category 1    0.009           41.825
      Category 2    0.602         2935.563
      Category 3    0.163          795.490
      Category 4    0.226         1100.417
    W7_PA
      Category 1    0.008           38.196
      Category 2    0.628         3071.849
      Category 3    0.162          791.286
      Category 4    0.202          990.440
    W8_PA
      Category 1    0.009           43.534
      Category 2    0.647         3095.584
      Category 3    0.149          713.479
      Category 4    0.195          933.595
    W4_FV
      Category 1    0.431         2073.426
      Category 2    0.569         2735.168
    W5_FV
      Category 1    0.432         2181.914
      Category 2    0.568         2864.285
    W6_FV
      Category 1    0.407         2010.362
      Category 2    0.593         2928.232
    W7_FV
      Category 1    0.391         1893.511
      Category 2    0.609         2945.422
    W8_FV
      Category 1    0.407         1983.813
      Category 2    0.593         2886.050


RANDOM STARTS RESULTS RANKED FROM THE BEST TO THE WORST LOGLIKELIHOOD VALUES

Final stage loglikelihood values at local maxima, seeds, and initial stage start numbers:

          -61518.742  534483           290
          -61518.742  456213           160
          -61518.742  700349           401
          -61518.742  68850            462
          -61518.742  345070           114
          -61518.742  930872           277
          -61518.742  30098            209
          -61518.742  314084           81
          -61518.742  505879           424
          -61518.742  951709           348
          -61518.742  36714            201
          -61518.742  215353           164
          -61518.742  479273           156
          -61518.742  741888           138
          -61518.742  783110           72
          -61518.742  313407           132
          -61518.742  89970            223
          -61518.742  871851           257
          -61518.742  789985           67
          -61518.742  648555           113
          -61518.742  948615           140
          -61518.742  152496           123
          -61518.742  840031           276
          -61518.742  562716           300
          -61518.742  284109           82
          -61518.742  273992           349
          -61518.742  73576            213
          -61518.742  824126           287
          -61518.742  404426           344
          -61518.742  603842           61
          -61518.742  502532           445
          -61518.742  404510           442
          -61518.742  848890           95
          -61518.742  798821           423
          -61596.404  751153           110
          -61596.404  140442           500
          -61596.404  192071           142
          -61596.404  484406           421
          -61596.404  40340            188
          -61596.404  635245           121
          -61596.404  168762           200
          -61596.404  484687           306
          -61596.404  100874           108
          -61596.404  568859           49
          -61596.404  178475           231
          -61596.404  364676           27
          -61596.404  621542           375
          -61596.404  443442           380
          -61596.404  354559           73
          -61596.404  749635           420
          -61596.404  573096           20
          -61596.404  569833           85
          -61596.404  417035           149
          -61596.404  736574           414
          -61596.404  978781           497
          -61596.404  518828           432
          -61596.404  136842           58

43 perturbed starting value run(s) did not converge or were rejected in the third stage.



THE BEST LOGLIKELIHOOD VALUE HAS BEEN REPLICATED.  RERUN WITH AT LEAST TWICE THE
RANDOM STARTS TO CHECK THAT THE BEST LOGLIKELIHOOD IS STILL OBTAINED AND REPLICATED.

     IN THE OPTIMIZATION, ONE OR MORE LOGIT THRESHOLDS APPROACHED EXTREME VALUES
     OF -15.000 AND 15.000 AND WERE FIXED TO STABILIZE MODEL ESTIMATION.  THESE
     VALUES IMPLY PROBABILITIES OF 0 AND 1.  IN THE MODEL RESULTS SECTION, THESE
     PARAMETERS HAVE 0 STANDARD ERRORS AND 999 IN THE Z-SCORE AND P-VALUE COLUMNS.




THE MODEL ESTIMATION TERMINATED NORMALLY

     THE CHI-SQUARE TEST CANNOT BE COMPUTED BECAUSE THE FREQUENCY TABLE FOR THE
     LATENT CLASS INDICATOR MODEL PART IS TOO LARGE.




MODEL FIT INFORMATION

Number of Free Parameters                      204

Loglikelihood

          H0 Value                      -61518.742
          H0 Scaling Correction Factor      1.3749
            for MLR

Information Criteria

          Akaike (AIC)                  123445.484
          Bayesian (BIC)                124791.784
          Sample-Size Adjusted BIC      124143.536
            (n* = (n + 2) / 24)



FINAL CLASS COUNTS AND PROPORTIONS FOR THE LATENT CLASSES
BASED ON THE ESTIMATED MODEL

    Latent
   Classes

       1        686.74082          0.12649
       2        954.65021          0.17584
       3       1223.56256          0.22538
       4       1259.80378          0.23205
       5       1304.24263          0.24024


FINAL CLASS COUNTS AND PROPORTIONS FOR THE LATENT CLASSES
BASED ON ESTIMATED POSTERIOR PROBABILITIES

    Latent
   Classes

       1        686.74082          0.12649
       2        954.65021          0.17584
       3       1223.56256          0.22538
       4       1259.80378          0.23205
       5       1304.24263          0.24024


FINAL CLASS COUNTS AND PROPORTIONS FOR THE LATENT CLASSES
BASED ON THEIR MOST LIKELY LATENT CLASS MEMBERSHIP

Class Counts and Proportions

    Latent
   Classes

       1              664          0.12236
       2              935          0.17219
       3             1221          0.22484
       4             1264          0.23273
       5             1346          0.24788


CLASSIFICATION QUALITY

     Entropy                         0.828


Average Latent Class Probabilities for Most Likely Latent Class Membership (Row)
by Latent Class (Column)

           1        2        3        4        5

    1   0.971    0.002    0.006    0.008    0.013
    2   0.002    0.889    0.038    0.048    0.024
    3   0.007    0.033    0.921    0.033    0.005
    4   0.006    0.044    0.035    0.829    0.086
    5   0.017    0.020    0.012    0.090    0.861


Classification Probabilities for the Most Likely Latent Class Membership (Column)
by Latent Class (Row)

           1        2        3        4        5

    1   0.940    0.003    0.013    0.011    0.032
    2   0.001    0.870    0.042    0.058    0.028
    3   0.003    0.029    0.919    0.036    0.013
    4   0.004    0.035    0.032    0.832    0.096
    5   0.007    0.017    0.005    0.083    0.888


Logits for the Classification Probabilities for the Most Likely Latent Class Membership (Column)
by Latent Class (Row)

              1        2        3        4        5

    1      3.364   -2.299   -0.899   -1.041    0.000
    2     -3.141    3.422    0.390    0.720    0.000
    3     -1.425    0.782    4.247    1.004    0.000
    4     -3.150   -1.004   -1.090    2.155    0.000
    5     -4.876   -3.953   -5.233   -2.371    0.000


MODEL RESULTS

                                                    Two-Tailed
                    Estimate       S.E.  Est./S.E.    P-Value

Latent Class 1

 Thresholds
    W4_SMOKE$1        -3.266      0.288    -11.334      0.000
    W5_SMOKE$1        -2.852      0.215    -13.242      0.000
    W6_SMOKE$1        -2.215      0.212    -10.429      0.000
    W7_SMOKE$1        -1.751      0.171    -10.232      0.000
    W8_SMOKE$1        -1.219      0.135     -9.035      0.000
    W4_DRINK$1        -0.711      0.128     -5.566      0.000
    W4_DRINK$2         0.896      0.142      6.299      0.000
    W4_DRINK$3         3.096      0.280     11.069      0.000
    W5_DRINK$1        -0.781      0.126     -6.210      0.000
    W5_DRINK$2         0.852      0.135      6.288      0.000
    W5_DRINK$3         2.796      0.226     12.371      0.000
    W6_DRINK$1        -0.582      0.125     -4.666      0.000
    W6_DRINK$2         0.902      0.141      6.377      0.000
    W6_DRINK$3         2.409      0.233     10.348      0.000
    W7_DRINK$1        -0.542      0.127     -4.280      0.000
    W7_DRINK$2         1.096      0.146      7.497      0.000
    W7_DRINK$3         2.767      0.298      9.277      0.000
    W8_DRINK$1        -0.546      0.127     -4.308      0.000
    W8_DRINK$2         0.881      0.142      6.210      0.000
    W8_DRINK$3         2.622      0.235     11.179      0.000
    W4_PA$1           -4.207      0.420    -10.013      0.000
    W4_PA$2            0.859      0.115      7.491      0.000
    W4_PA$3            1.698      0.147     11.584      0.000
    W5_PA$1           -3.857      0.357    -10.791      0.000
    W5_PA$2            0.799      0.117      6.851      0.000
    W5_PA$3            1.606      0.139     11.568      0.000
    W6_PA$1           -3.936      0.379    -10.381      0.000
    W6_PA$2            0.960      0.119      8.075      0.000
    W6_PA$3            1.941      0.160     12.108      0.000
    W7_PA$1           -4.002      0.389    -10.280      0.000
    W7_PA$2            1.046      0.120      8.740      0.000
    W7_PA$3            1.824      0.149     12.241      0.000
    W8_PA$1           -3.864      0.335    -11.523      0.000
    W8_PA$2            1.246      0.128      9.731      0.000
    W8_PA$3            1.988      0.161     12.373      0.000
    W4_FV$1            0.473      0.110      4.293      0.000
    W5_FV$1            0.694      0.109      6.364      0.000
    W6_FV$1            0.549      0.109      5.034      0.000
    W7_FV$1            0.364      0.110      3.297      0.001
    W8_FV$1            0.442      0.107      4.139      0.000

Latent Class 2

 Thresholds
    W4_SMOKE$1         4.433      0.466      9.503      0.000
    W5_SMOKE$1         5.057      0.829      6.100      0.000
    W6_SMOKE$1         5.400      0.799      6.757      0.000
    W7_SMOKE$1         5.305      0.636      8.336      0.000
    W8_SMOKE$1         4.724      0.525      9.005      0.000
    W4_DRINK$1        -1.700      0.177     -9.623      0.000
    W4_DRINK$2         1.658      0.240      6.912      0.000
    W4_DRINK$3         5.183      0.807      6.419      0.000
    W5_DRINK$1        -1.450      0.172     -8.434      0.000
    W5_DRINK$2         1.836      0.267      6.880      0.000
    W5_DRINK$3         7.460      1.167      6.390      0.000
    W6_DRINK$1        -1.343      0.155     -8.683      0.000
    W6_DRINK$2         1.852      0.230      8.050      0.000
    W6_DRINK$3        15.000      0.000    999.000    999.000
    W7_DRINK$1        -1.198      0.164     -7.326      0.000
    W7_DRINK$2         2.030      0.246      8.263      0.000
    W7_DRINK$3        15.000      0.000    999.000    999.000
    W8_DRINK$1        -1.218      0.157     -7.761      0.000
    W8_DRINK$2         2.016      0.262      7.680      0.000
    W8_DRINK$3         6.517      1.209      5.391      0.000
    W4_PA$1           -6.126      0.724     -8.464      0.000
    W4_PA$2           -1.530      0.127    -12.029      0.000
    W4_PA$3           -0.293      0.107     -2.726      0.006
    W5_PA$1          -15.000      0.000    999.000    999.000
    W5_PA$2           -1.769      0.172    -10.303      0.000
    W5_PA$3           -0.388      0.134     -2.900      0.004
    W6_PA$1          -15.000      0.000    999.000    999.000
    W6_PA$2           -1.880      0.201     -9.339      0.000
    W6_PA$3           -0.479      0.145     -3.307      0.001
    W7_PA$1          -15.000      0.000    999.000    999.000
    W7_PA$2           -1.715      0.193     -8.870      0.000
    W7_PA$3           -0.314      0.139     -2.268      0.023
    W8_PA$1          -15.000      0.000    999.000    999.000
    W8_PA$2           -1.220      0.155     -7.896      0.000
    W8_PA$3           -0.120      0.134     -0.898      0.369
    W4_FV$1           -1.051      0.109     -9.639      0.000
    W5_FV$1           -1.050      0.123     -8.547      0.000
    W6_FV$1           -1.166      0.133     -8.749      0.000
    W7_FV$1           -1.206      0.128     -9.428      0.000
    W8_FV$1           -1.099      0.125     -8.787      0.000

Latent Class 3

 Thresholds
    W4_SMOKE$1         3.172      0.208     15.213      0.000
    W5_SMOKE$1         3.535      0.285     12.418      0.000
    W6_SMOKE$1         5.378      0.526     10.216      0.000
    W7_SMOKE$1         4.867      0.470     10.347      0.000
    W8_SMOKE$1         5.395      0.660      8.172      0.000
    W4_DRINK$1        -3.955      0.310    -12.759      0.000
    W4_DRINK$2        -1.914      0.128    -14.912      0.000
    W4_DRINK$3         1.816      0.105     17.240      0.000
    W5_DRINK$1        -4.192      0.303    -13.837      0.000
    W5_DRINK$2        -1.986      0.131    -15.158      0.000
    W5_DRINK$3         1.832      0.107     17.062      0.000
    W6_DRINK$1        -3.592      0.247    -14.542      0.000
    W6_DRINK$2        -1.827      0.134    -13.646      0.000
    W6_DRINK$3         1.868      0.109     17.162      0.000
    W7_DRINK$1        -4.261      0.337    -12.632      0.000
    W7_DRINK$2        -1.756      0.136    -12.863      0.000
    W7_DRINK$3         1.827      0.110     16.573      0.000
    W8_DRINK$1        -4.124      0.343    -12.029      0.000
    W8_DRINK$2        -1.519      0.124    -12.263      0.000
    W8_DRINK$3         2.061      0.118     17.469      0.000
    W4_PA$1           -6.775      0.989     -6.849      0.000
    W4_PA$2           -0.133      0.095     -1.395      0.163
    W4_PA$3            0.780      0.106      7.355      0.000
    W5_PA$1           -4.765      0.469    -10.168      0.000
    W5_PA$2           -0.061      0.100     -0.608      0.543
    W5_PA$3            0.882      0.113      7.812      0.000
    W6_PA$1           -5.813      0.738     -7.872      0.000
    W6_PA$2           -0.077      0.104     -0.744      0.457
    W6_PA$3            0.776      0.110      7.080      0.000
    W7_PA$1           -5.817      0.597     -9.752      0.000
    W7_PA$2            0.064      0.095      0.675      0.500
    W7_PA$3            1.062      0.113      9.429      0.000
    W8_PA$1           -5.048      0.460    -10.975      0.000
    W8_PA$2            0.036      0.096      0.376      0.707
    W8_PA$3            0.993      0.107      9.310      0.000
    W4_FV$1           -0.315      0.080     -3.916      0.000
    W5_FV$1           -0.286      0.084     -3.412      0.001
    W6_FV$1           -0.399      0.082     -4.853      0.000
    W7_FV$1           -0.472      0.084     -5.623      0.000
    W8_FV$1           -0.376      0.085     -4.442      0.000

Latent Class 4

 Thresholds
    W4_SMOKE$1         4.509      0.596      7.561      0.000
    W5_SMOKE$1         4.142      0.545      7.604      0.000
    W6_SMOKE$1         4.898      0.484     10.115      0.000
    W7_SMOKE$1        15.000      0.000    999.000    999.000
    W8_SMOKE$1         6.317      1.047      6.035      0.000
    W4_DRINK$1        -2.519      0.217    -11.620      0.000
    W4_DRINK$2         1.749      0.160     10.946      0.000
    W4_DRINK$3         6.091      0.943      6.458      0.000
    W5_DRINK$1        -2.866      0.246    -11.646      0.000
    W5_DRINK$2         1.894      0.182     10.409      0.000
    W5_DRINK$3         5.644      0.673      8.390      0.000
    W6_DRINK$1        -2.296      0.197    -11.680      0.000
    W6_DRINK$2         2.048      0.199     10.317      0.000
    W6_DRINK$3         6.370      0.847      7.525      0.000
    W7_DRINK$1        -2.263      0.193    -11.733      0.000
    W7_DRINK$2         2.221      0.192     11.566      0.000
    W7_DRINK$3        15.000      0.000    999.000    999.000
    W8_DRINK$1        -1.906      0.180    -10.609      0.000
    W8_DRINK$2         2.230      0.187     11.918      0.000
    W8_DRINK$3         6.697      1.590      4.211      0.000
    W4_PA$1           -4.748      0.419    -11.325      0.000
    W4_PA$2            1.106      0.139      7.976      0.000
    W4_PA$3            2.240      0.192     11.642      0.000
    W5_PA$1           -5.271      0.655     -8.041      0.000
    W5_PA$2            1.268      0.152      8.339      0.000
    W5_PA$3            2.586      0.224     11.555      0.000
    W6_PA$1           -4.499      0.422    -10.651      0.000
    W6_PA$2            1.673      0.164     10.201      0.000
    W6_PA$3            3.402      0.275     12.379      0.000
    W7_PA$1           -5.672      0.579     -9.802      0.000
    W7_PA$2            1.745      0.178      9.798      0.000
    W7_PA$3            3.129      0.274     11.436      0.000
    W8_PA$1           -5.705      0.879     -6.492      0.000
    W8_PA$2            1.933      0.178     10.877      0.000
    W8_PA$3            3.452      0.283     12.179      0.000
    W4_FV$1           -0.363      0.109     -3.320      0.001
    W5_FV$1           -0.434      0.135     -3.205      0.001
    W6_FV$1           -0.514      0.134     -3.835      0.000
    W7_FV$1           -0.650      0.142     -4.571      0.000
    W8_FV$1           -0.409      0.137     -2.994      0.003

Latent Class 5

 Thresholds
    W4_SMOKE$1         3.377      0.297     11.357      0.000
    W5_SMOKE$1         3.191      0.374      8.525      0.000
    W6_SMOKE$1         4.242      0.438      9.685      0.000
    W7_SMOKE$1         4.857      0.590      8.229      0.000
    W8_SMOKE$1         4.360      0.474      9.196      0.000
    W4_DRINK$1         0.653      0.102      6.402      0.000
    W4_DRINK$2         5.006      0.599      8.354      0.000
    W4_DRINK$3        15.000      0.000    999.000    999.000
    W5_DRINK$1         1.183      0.134      8.809      0.000
    W5_DRINK$2         5.303      0.836      6.342      0.000
    W5_DRINK$3        15.000      0.000    999.000    999.000
    W6_DRINK$1         1.020      0.123      8.295      0.000
    W6_DRINK$2         6.169      1.007      6.126      0.000
    W6_DRINK$3        15.000      0.000    999.000    999.000
    W7_DRINK$1         1.287      0.142      9.051      0.000
    W7_DRINK$2         5.227      0.618      8.452      0.000
    W7_DRINK$3         6.470      1.002      6.456      0.000
    W8_DRINK$1         1.404      0.136     10.334      0.000
    W8_DRINK$2         5.356      0.789      6.788      0.000
    W8_DRINK$3        15.000      0.000    999.000    999.000
    W4_PA$1           -5.121      0.494    -10.366      0.000
    W4_PA$2            1.333      0.137      9.705      0.000
    W4_PA$3            2.361      0.193     12.235      0.000
    W5_PA$1           -4.886      0.463    -10.558      0.000
    W5_PA$2            1.513      0.142     10.632      0.000
    W5_PA$3            2.532      0.184     13.729      0.000
    W6_PA$1           -4.336      0.430    -10.072      0.000
    W6_PA$2            1.554      0.156      9.975      0.000
    W6_PA$3            2.501      0.211     11.839      0.000
    W7_PA$1           -4.003      0.297    -13.475      0.000
    W7_PA$2            1.929      0.164     11.729      0.000
    W7_PA$3            3.164      0.258     12.284      0.000
    W8_PA$1           -3.951      0.295    -13.396      0.000
    W8_PA$2            1.880      0.157     11.969      0.000
    W8_PA$3            2.890      0.206     14.021      0.000
    W4_FV$1            0.000      0.094     -0.005      0.996
    W5_FV$1           -0.073      0.105     -0.691      0.490
    W6_FV$1           -0.181      0.106     -1.707      0.088
    W7_FV$1           -0.137      0.111     -1.238      0.216
    W8_FV$1           -0.272      0.109     -2.492      0.013

Categorical Latent Variables

 Means
    C#1               -0.641      0.069     -9.295      0.000
    C#2               -0.312      0.082     -3.798      0.000
    C#3               -0.064      0.071     -0.904      0.366
    C#4               -0.035      0.071     -0.489      0.625


RESULTS IN PROBABILITY SCALE

Latent Class 1

 W4_SMOKE
    Category 1         0.037      0.010      3.602      0.000
    Category 2         0.963      0.010     94.440      0.000
 W5_SMOKE
    Category 1         0.055      0.011      4.911      0.000
    Category 2         0.945      0.011     85.073      0.000
 W6_SMOKE
    Category 1         0.098      0.019      5.222      0.000
    Category 2         0.902      0.019     47.844      0.000
 W7_SMOKE
    Category 1         0.148      0.022      6.857      0.000
    Category 2         0.852      0.022     39.509      0.000
 W8_SMOKE
    Category 1         0.228      0.024      9.602      0.000
    Category 2         0.772      0.024     32.491      0.000
 W4_DRINK
    Category 1         0.329      0.028     11.678      0.000
    Category 2         0.381      0.028     13.357      0.000
    Category 3         0.247      0.027      9.038      0.000
    Category 4         0.043      0.012      3.737      0.000
 W5_DRINK
    Category 1         0.314      0.027     11.591      0.000
    Category 2         0.387      0.028     14.059      0.000
    Category 3         0.242      0.026      9.236      0.000
    Category 4         0.058      0.012      4.694      0.000
 W6_DRINK
    Category 1         0.358      0.029     12.490      0.000
    Category 2         0.353      0.028     12.823      0.000
    Category 3         0.206      0.024      8.533      0.000
    Category 4         0.083      0.018      4.682      0.000
 W7_DRINK
    Category 1         0.368      0.029     12.487      0.000
    Category 2         0.382      0.028     13.584      0.000
    Category 3         0.191      0.023      8.367      0.000
    Category 4         0.059      0.017      3.564      0.000
 W8_DRINK
    Category 1         0.367      0.029     12.473      0.000
    Category 2         0.340      0.028     12.288      0.000
    Category 3         0.225      0.026      8.570      0.000
    Category 4         0.068      0.015      4.573      0.000
 W4_PA
    Category 1         0.015      0.006      2.416      0.016
    Category 2         0.688      0.024     28.326      0.000
    Category 3         0.143      0.018      8.121      0.000
    Category 4         0.155      0.019      8.072      0.000
 W5_PA
    Category 1         0.021      0.007      2.857      0.004
    Category 2         0.669      0.025     26.401      0.000
    Category 3         0.143      0.019      7.573      0.000
    Category 4         0.167      0.019      8.645      0.000
 W6_PA
    Category 1         0.019      0.007      2.689      0.007
    Category 2         0.704      0.024     28.960      0.000
    Category 3         0.151      0.018      8.279      0.000
    Category 4         0.126      0.018      7.135      0.000
 W7_PA
    Category 1         0.018      0.007      2.615      0.009
    Category 2         0.722      0.023     30.827      0.000
    Category 3         0.121      0.016      7.490      0.000
    Category 4         0.139      0.018      7.795      0.000
 W8_PA
    Category 1         0.021      0.007      3.045      0.002
    Category 2         0.756      0.023     33.234      0.000
    Category 3         0.103      0.016      6.448      0.000
    Category 4         0.120      0.017      7.078      0.000
 W4_FV
    Category 1         0.616      0.026     23.629      0.000
    Category 2         0.384      0.026     14.718      0.000
 W5_FV
    Category 1         0.667      0.024     27.520      0.000
    Category 2         0.333      0.024     13.745      0.000
 W6_FV
    Category 1         0.634      0.025     25.054      0.000
    Category 2         0.366      0.025     14.472      0.000
 W7_FV
    Category 1         0.590      0.027     22.111      0.000
    Category 2         0.410      0.027     15.371      0.000
 W8_FV
    Category 1         0.609      0.025     23.952      0.000
    Category 2         0.391      0.025     15.402      0.000

Latent Class 2

 W4_SMOKE
    Category 1         0.988      0.005    182.616      0.000
    Category 2         0.012      0.005      2.169      0.030
 W5_SMOKE
    Category 1         0.994      0.005    190.764      0.000
    Category 2         0.006      0.005      1.214      0.225
 W6_SMOKE
    Category 1         0.996      0.004    278.275      0.000
    Category 2         0.004      0.004      1.257      0.209
 W7_SMOKE
    Category 1         0.995      0.003    317.812      0.000
    Category 2         0.005      0.003      1.579      0.114
 W8_SMOKE
    Category 1         0.991      0.005    216.607      0.000
    Category 2         0.009      0.005      1.923      0.054
 W4_DRINK
    Category 1         0.154      0.023      6.693      0.000
    Category 2         0.685      0.026     25.936      0.000
    Category 3         0.155      0.032      4.834      0.000
    Category 4         0.006      0.004      1.245      0.213
 W5_DRINK
    Category 1         0.190      0.026      7.180      0.000
    Category 2         0.673      0.025     27.000      0.000
    Category 3         0.137      0.032      4.336      0.000
    Category 4         0.001      0.001      0.857      0.391
 W6_DRINK
    Category 1         0.207      0.025      8.156      0.000
    Category 2         0.657      0.024     27.254      0.000
    Category 3         0.136      0.027      5.028      0.000
    Category 4         0.000      0.000      0.000      1.000
 W7_DRINK
    Category 1         0.232      0.029      7.959      0.000
    Category 2         0.652      0.024     26.922      0.000
    Category 3         0.116      0.025      4.606      0.000
    Category 4         0.000      0.000      0.000      1.000
 W8_DRINK
    Category 1         0.228      0.028      8.258      0.000
    Category 2         0.654      0.024     27.071      0.000
    Category 3         0.116      0.027      4.277      0.000
    Category 4         0.001      0.002      0.828      0.407
 W4_PA
    Category 1         0.002      0.002      1.385      0.166
    Category 2         0.176      0.019      9.484      0.000
    Category 3         0.249      0.019     12.870      0.000
    Category 4         0.573      0.026     21.774      0.000
 W5_PA
    Category 1         0.000      0.000      0.000      1.000
    Category 2         0.146      0.021      6.816      0.000
    Category 3         0.259      0.021     12.166      0.000
    Category 4         0.596      0.032     18.496      0.000
 W6_PA
    Category 1         0.000      0.000      0.000      1.000
    Category 2         0.132      0.023      5.727      0.000
    Category 3         0.250      0.021     12.113      0.000
    Category 4         0.617      0.034     18.060      0.000
 W7_PA
    Category 1         0.000      0.000      0.000      1.000
    Category 2         0.152      0.025      6.101      0.000
    Category 3         0.270      0.020     13.375      0.000
    Category 4         0.578      0.034     17.091      0.000
 W8_PA
    Category 1         0.000      0.000      0.000      1.000
    Category 2         0.228      0.027      8.380      0.000
    Category 3         0.242      0.019     12.559      0.000
    Category 4         0.530      0.033     15.876      0.000
 W4_FV
    Category 1         0.259      0.021     12.383      0.000
    Category 2         0.741      0.021     35.408      0.000
 W5_FV
    Category 1         0.259      0.024     10.993      0.000
    Category 2         0.741      0.024     31.403      0.000
 W6_FV
    Category 1         0.238      0.024      9.842      0.000
    Category 2         0.762      0.024     31.582      0.000
 W7_FV
    Category 1         0.230      0.023     10.160      0.000
    Category 2         0.770      0.023     33.928      0.000
 W8_FV
    Category 1         0.250      0.023     10.659      0.000
    Category 2         0.750      0.023     31.992      0.000

Latent Class 3

 W4_SMOKE
    Category 1         0.960      0.008    119.201      0.000
    Category 2         0.040      0.008      4.997      0.000
 W5_SMOKE
    Category 1         0.972      0.008    124.008      0.000
    Category 2         0.028      0.008      3.615      0.000
 W6_SMOKE
    Category 1         0.995      0.002    413.447      0.000
    Category 2         0.005      0.002      1.908      0.056
 W7_SMOKE
    Category 1         0.992      0.004    278.412      0.000
    Category 2         0.008      0.004      2.142      0.032
 W8_SMOKE
    Category 1         0.995      0.003    335.302      0.000
    Category 2         0.005      0.003      1.522      0.128
 W4_DRINK
    Category 1         0.019      0.006      3.288      0.001
    Category 2         0.110      0.014      8.035      0.000
    Category 3         0.732      0.016     46.062      0.000
    Category 4         0.140      0.013     11.041      0.000
 W5_DRINK
    Category 1         0.015      0.004      3.350      0.001
    Category 2         0.106      0.013      7.890      0.000
    Category 3         0.741      0.015     48.293      0.000
    Category 4         0.138      0.013     10.801      0.000
 W6_DRINK
    Category 1         0.027      0.006      4.160      0.000
    Category 2         0.112      0.014      7.720      0.000
    Category 3         0.728      0.016     45.231      0.000
    Category 4         0.134      0.013     10.607      0.000
 W7_DRINK
    Category 1         0.014      0.005      3.006      0.003
    Category 2         0.133      0.017      8.011      0.000
    Category 3         0.714      0.017     42.641      0.000
    Category 4         0.139      0.013     10.529      0.000
 W8_DRINK
    Category 1         0.016      0.005      2.964      0.003
    Category 2         0.164      0.018      9.345      0.000
    Category 3         0.707      0.018     40.138      0.000
    Category 4         0.113      0.012      9.557      0.000
 W4_PA
    Category 1         0.001      0.001      1.012      0.311
    Category 2         0.466      0.024     19.682      0.000
    Category 3         0.219      0.014     15.313      0.000
    Category 4         0.314      0.023     13.755      0.000
 W5_PA
    Category 1         0.008      0.004      2.152      0.031
    Category 2         0.476      0.025     19.429      0.000
    Category 3         0.222      0.015     15.326      0.000
    Category 4         0.293      0.023     12.523      0.000
 W6_PA
    Category 1         0.003      0.002      1.358      0.174
    Category 2         0.478      0.026     18.576      0.000
    Category 3         0.204      0.014     14.670      0.000
    Category 4         0.315      0.024     13.319      0.000
 W7_PA
    Category 1         0.003      0.002      1.681      0.093
    Category 2         0.513      0.024     21.563      0.000
    Category 3         0.227      0.015     15.578      0.000
    Category 4         0.257      0.021     11.955      0.000
 W8_PA
    Category 1         0.006      0.003      2.188      0.029
    Category 2         0.503      0.024     21.112      0.000
    Category 3         0.221      0.015     14.985      0.000
    Category 4         0.270      0.021     12.852      0.000
 W4_FV
    Category 1         0.422      0.020     21.538      0.000
    Category 2         0.578      0.020     29.500      0.000
 W5_FV
    Category 1         0.429      0.021     20.853      0.000
    Category 2         0.571      0.021     27.771      0.000
 W6_FV
    Category 1         0.401      0.020     20.311      0.000
    Category 2         0.599      0.020     30.277      0.000
 W7_FV
    Category 1         0.384      0.020     19.342      0.000
    Category 2         0.616      0.020     31.010      0.000
 W8_FV
    Category 1         0.407      0.020     19.905      0.000
    Category 2         0.593      0.020     29.002      0.000

Latent Class 4

 W4_SMOKE
    Category 1         0.989      0.006    154.038      0.000
    Category 2         0.011      0.006      1.695      0.090
 W5_SMOKE
    Category 1         0.984      0.008    117.318      0.000
    Category 2         0.016      0.008      1.865      0.062
 W6_SMOKE
    Category 1         0.993      0.004    278.899      0.000
    Category 2         0.007      0.004      2.080      0.037
 W7_SMOKE
    Category 1         1.000      0.000      0.000      1.000
    Category 2         0.000      0.000      0.000      1.000
 W8_SMOKE
    Category 1         0.998      0.002    530.166      0.000
    Category 2         0.002      0.002      0.957      0.339
 W4_DRINK
    Category 1         0.075      0.015      4.983      0.000
    Category 2         0.777      0.020     38.091      0.000
    Category 3         0.146      0.020      7.338      0.000
    Category 4         0.002      0.002      1.063      0.288
 W5_DRINK
    Category 1         0.054      0.013      4.296      0.000
    Category 2         0.815      0.019     42.244      0.000
    Category 3         0.127      0.020      6.220      0.000
    Category 4         0.004      0.002      1.492      0.136
 W6_DRINK
    Category 1         0.091      0.016      5.598      0.000
    Category 2         0.794      0.020     39.764      0.000
    Category 3         0.113      0.020      5.651      0.000
    Category 4         0.002      0.001      1.183      0.237
 W7_DRINK
    Category 1         0.094      0.016      5.725      0.000
    Category 2         0.808      0.019     42.474      0.000
    Category 3         0.098      0.017      5.773      0.000
    Category 4         0.000      0.000      0.000      1.000
 W8_DRINK
    Category 1         0.129      0.020      6.392      0.000
    Category 2         0.774      0.020     37.897      0.000
    Category 3         0.096      0.016      5.975      0.000
    Category 4         0.001      0.002      0.630      0.529
 W4_PA
    Category 1         0.009      0.004      2.406      0.016
    Category 2         0.743      0.026     28.682      0.000
    Category 3         0.152      0.016      9.349      0.000
    Category 4         0.096      0.017      5.752      0.000
 W5_PA
    Category 1         0.005      0.003      1.533      0.125
    Category 2         0.775      0.026     29.838      0.000
    Category 3         0.150      0.018      8.247      0.000
    Category 4         0.070      0.015      4.806      0.000
 W6_PA
    Category 1         0.011      0.005      2.394      0.017
    Category 2         0.831      0.021     38.906      0.000
    Category 3         0.126      0.018      7.085      0.000
    Category 4         0.032      0.009      3.759      0.000
 W7_PA
    Category 1         0.003      0.002      1.734      0.083
    Category 2         0.848      0.022     37.848      0.000
    Category 3         0.107      0.017      6.396      0.000
    Category 4         0.042      0.011      3.815      0.000
 W8_PA
    Category 1         0.003      0.003      1.142      0.254
    Category 2         0.870      0.019     45.304      0.000
    Category 3         0.096      0.015      6.230      0.000
    Category 4         0.031      0.008      3.640      0.000
 W4_FV
    Category 1         0.410      0.026     15.526      0.000
    Category 2         0.590      0.026     22.312      0.000
 W5_FV
    Category 1         0.393      0.032     12.183      0.000
    Category 2         0.607      0.032     18.795      0.000
 W6_FV
    Category 1         0.374      0.031     11.911      0.000
    Category 2         0.626      0.031     19.922      0.000
 W7_FV
    Category 1         0.343      0.032     10.710      0.000
    Category 2         0.657      0.032     20.507      0.000
 W8_FV
    Category 1         0.399      0.033     12.168      0.000
    Category 2         0.601      0.033     18.324      0.000

Latent Class 5

 W4_SMOKE
    Category 1         0.967      0.009    101.812      0.000
    Category 2         0.033      0.009      3.478      0.001
 W5_SMOKE
    Category 1         0.961      0.014     67.637      0.000
    Category 2         0.039      0.014      2.781      0.005
 W6_SMOKE
    Category 1         0.986      0.006    161.008      0.000
    Category 2         0.014      0.006      2.316      0.021
 W7_SMOKE
    Category 1         0.992      0.005    219.643      0.000
    Category 2         0.008      0.005      1.707      0.088
 W8_SMOKE
    Category 1         0.987      0.006    167.114      0.000
    Category 2         0.013      0.006      2.136      0.033
 W4_DRINK
    Category 1         0.658      0.023     28.653      0.000
    Category 2         0.336      0.023     14.841      0.000
    Category 3         0.007      0.004      1.680      0.093
    Category 4         0.000      0.000      0.000      1.000
 W5_DRINK
    Category 1         0.765      0.024     31.751      0.000
    Category 2         0.230      0.024      9.649      0.000
    Category 3         0.005      0.004      1.202      0.229
    Category 4         0.000      0.000      0.000      1.000
 W6_DRINK
    Category 1         0.735      0.024     30.682      0.000
    Category 2         0.263      0.024     10.964      0.000
    Category 3         0.002      0.002      0.995      0.320
    Category 4         0.000      0.000      0.000      1.000
 W7_DRINK
    Category 1         0.784      0.024     32.505      0.000
    Category 2         0.211      0.024      8.858      0.000
    Category 3         0.004      0.003      1.302      0.193
    Category 4         0.002      0.002      0.999      0.318
 W8_DRINK
    Category 1         0.803      0.022     37.325      0.000
    Category 2         0.193      0.021      9.170      0.000
    Category 3         0.005      0.004      1.273      0.203
    Category 4         0.000      0.000      0.000      1.000
 W4_PA
    Category 1         0.006      0.003      2.036      0.042
    Category 2         0.785      0.023     34.573      0.000
    Category 3         0.122      0.014      8.674      0.000
    Category 4         0.086      0.015      5.670      0.000
 W5_PA
    Category 1         0.007      0.003      2.177      0.029
    Category 2         0.812      0.021     38.445      0.000
    Category 3         0.107      0.015      7.369      0.000
    Category 4         0.074      0.013      5.852      0.000
 W6_PA
    Category 1         0.013      0.005      2.353      0.019
    Category 2         0.813      0.022     36.330      0.000
    Category 3         0.099      0.013      7.569      0.000
    Category 4         0.076      0.015      5.122      0.000
 W7_PA
    Category 1         0.018      0.005      3.428      0.001
    Category 2         0.855      0.018     46.483      0.000
    Category 3         0.086      0.013      6.829      0.000
    Category 4         0.041      0.010      4.046      0.000
 W8_PA
    Category 1         0.019      0.005      3.456      0.001
    Category 2         0.849      0.018     46.307      0.000
    Category 3         0.080      0.012      6.474      0.000
    Category 4         0.053      0.010      5.121      0.000
 W4_FV
    Category 1         0.500      0.024     21.184      0.000
    Category 2         0.500      0.024     21.193      0.000
 W5_FV
    Category 1         0.482      0.026     18.330      0.000
    Category 2         0.518      0.026     19.712      0.000
 W6_FV
    Category 1         0.455      0.026     17.343      0.000
    Category 2         0.545      0.026     20.775      0.000
 W7_FV
    Category 1         0.466      0.028     16.864      0.000
    Category 2         0.534      0.028     19.347      0.000
 W8_FV
    Category 1         0.432      0.027     16.154      0.000
    Category 2         0.568      0.027     21.200      0.000


LATENT CLASS ODDS RATIO RESULTS

                                                95% C.I.
                    Estimate       S.E.  Lower 2.5% Upper 2.5%

Latent Class 1 Compared to Latent Class 2

 W4_SMOKE
    Category > 1    2206.990   1206.312    756.025   6442.653
 W5_SMOKE
    Category > 1    2722.321   2328.117    509.310  14551.122
 W6_SMOKE
    Category > 1    2028.388   1680.568    399.850  10289.756
 W7_SMOKE
    Category > 1    1159.515    763.950    318.749   4217.968
 W8_SMOKE
    Category > 1     381.113    206.594    131.712   1102.763
 W4_DRINK
    Category > 1       0.372      0.081      0.242      0.571
    Category > 2       2.142      0.610      1.225      3.744
    Category > 3       8.062      6.894      1.508     43.083
 W5_DRINK
    Category > 1       0.512      0.110      0.336      0.780
    Category > 2       2.677      0.820      1.468      4.880
    Category > 3     105.959    126.143     10.275   1092.701
 W6_DRINK
    Category > 1       0.467      0.094      0.315      0.694
    Category > 2       2.586      0.717      1.502      4.452
    Category > 3   *********      0.000  *********  *********
 W7_DRINK
    Category > 1       0.519      0.108      0.345      0.780
    Category > 2       2.543      0.744      1.434      4.511
    Category > 3   *********      0.000  *********  *********
 W8_DRINK
    Category > 1       0.511      0.103      0.343      0.760
    Category > 2       3.110      0.948      1.711      5.653
    Category > 3      49.161     60.575      4.393    550.150
 W4_PA
    Category > 1       0.147      0.123      0.028      0.757
    Category > 2       0.092      0.016      0.066      0.128
    Category > 3       0.137      0.025      0.096      0.195
 W5_PA
    Category > 1       0.000      0.000      0.000      0.000
    Category > 2       0.077      0.016      0.051      0.116
    Category > 3       0.136      0.026      0.093      0.199
 W6_PA
    Category > 1       0.000      0.000      0.000      0.000
    Category > 2       0.058      0.014      0.037      0.093
    Category > 3       0.089      0.019      0.058      0.136
 W7_PA
    Category > 1       0.000      0.000      0.000      0.000
    Category > 2       0.063      0.015      0.040      0.099
    Category > 3       0.118      0.024      0.079      0.176
 W8_PA
    Category > 1       0.000      0.000      0.000      0.000
    Category > 2       0.085      0.017      0.057      0.126
    Category > 3       0.121      0.026      0.080      0.183
 W4_FV
    Category > 1       0.218      0.034      0.161      0.295
 W5_FV
    Category > 1       0.175      0.029      0.127      0.241
 W6_FV
    Category > 1       0.180      0.031      0.129      0.252
 W7_FV
    Category > 1       0.208      0.035      0.150      0.290
 W8_FV
    Category > 1       0.214      0.035      0.156      0.295

Latent Class 1 Compared to Latent Class 3

 W4_SMOKE
    Category > 1     625.325    222.645    311.195   1256.549
 W5_SMOKE
    Category > 1     594.190    212.107    295.167   1196.143
 W6_SMOKE
    Category > 1    1985.022   1115.133    660.046   5969.759
 W7_SMOKE
    Category > 1     748.850    372.643    282.366   1985.992
 W8_SMOKE
    Category > 1     745.678    500.176    200.255   2776.637
 W4_DRINK
    Category > 1       0.039      0.013      0.020      0.075
    Category > 2       0.060      0.012      0.041      0.088
    Category > 3       0.278      0.085      0.153      0.506
 W5_DRINK
    Category > 1       0.033      0.011      0.017      0.063
    Category > 2       0.059      0.011      0.040      0.085
    Category > 3       0.381      0.098      0.231      0.630
 W6_DRINK
    Category > 1       0.049      0.014      0.029      0.085
    Category > 2       0.065      0.013      0.044      0.097
    Category > 3       0.582      0.152      0.349      0.972
 W7_DRINK
    Category > 1       0.024      0.009      0.012      0.049
    Category > 2       0.058      0.012      0.039      0.086
    Category > 3       0.391      0.127      0.207      0.737
 W8_DRINK
    Category > 1       0.028      0.010      0.014      0.057
    Category > 2       0.091      0.017      0.062      0.132
    Category > 3       0.570      0.154      0.335      0.970
 W4_PA
    Category > 1       0.077      0.082      0.009      0.630
    Category > 2       0.371      0.056      0.276      0.498
    Category > 3       0.399      0.073      0.279      0.571
 W5_PA
    Category > 1       0.404      0.238      0.127      1.282
    Category > 2       0.423      0.065      0.313      0.573
    Category > 3       0.485      0.087      0.340      0.690
 W6_PA
    Category > 1       0.153      0.127      0.030      0.779
    Category > 2       0.354      0.056      0.260      0.484
    Category > 3       0.312      0.061      0.213      0.458
 W7_PA
    Category > 1       0.163      0.116      0.040      0.658
    Category > 2       0.375      0.058      0.277      0.506
    Category > 3       0.467      0.088      0.323      0.674
 W8_PA
    Category > 1       0.306      0.174      0.100      0.934
    Category > 2       0.298      0.048      0.218      0.408
    Category > 3       0.370      0.072      0.253      0.540
 W4_FV
    Category > 1       0.455      0.063      0.346      0.597
 W5_FV
    Category > 1       0.375      0.053      0.285      0.494
 W6_FV
    Category > 1       0.387      0.054      0.295      0.509
 W7_FV
    Category > 1       0.434      0.061      0.329      0.571
 W8_FV
    Category > 1       0.441      0.061      0.337      0.578

Latent Class 1 Compared to Latent Class 4

 W4_SMOKE
    Category > 1    2382.169   1572.732    653.116   8688.698
 W5_SMOKE
    Category > 1    1089.615    642.402    343.101   3460.376
 W6_SMOKE
    Category > 1    1228.140    648.146    436.538   3455.209
 W7_SMOKE
    Category > 1   *********      0.000  *********  *********
 W8_SMOKE
    Category > 1    1874.458   1981.380    236.104  14881.525
 W4_DRINK
    Category > 1       0.164      0.042      0.100      0.269
    Category > 2       2.347      0.504      1.540      3.576
    Category > 3      19.998     19.702      2.900    137.910
 W5_DRINK
    Category > 1       0.124      0.035      0.072      0.215
    Category > 2       2.837      0.644      1.818      4.427
    Category > 3      17.244     12.236      4.291     69.290
 W6_DRINK
    Category > 1       0.180      0.043      0.113      0.286
    Category > 2       3.146      0.767      1.952      5.072
    Category > 3      52.538     46.437      9.292    297.065
 W7_DRINK
    Category > 1       0.179      0.042      0.113      0.283
    Category > 2       3.079      0.748      1.913      4.956
    Category > 3   *********      0.000  *********  *********
 W8_DRINK
    Category > 1       0.256      0.057      0.165      0.398
    Category > 2       3.854      0.910      2.427      6.121
    Category > 3      58.857     94.501      2.530   1369.367
 W4_PA
    Category > 1       0.582      0.346      0.182      1.866
    Category > 2       1.280      0.230      0.900      1.821
    Category > 3       1.719      0.417      1.069      2.765
 W5_PA
    Category > 1       0.243      0.183      0.056      1.061
    Category > 2       1.598      0.307      1.097      2.329
    Category > 3       2.662      0.703      1.586      4.467
 W6_PA
    Category > 1       0.570      0.324      0.187      1.737
    Category > 2       2.039      0.413      1.371      3.033
    Category > 3       4.313      1.373      2.311      8.050
 W7_PA
    Category > 1       0.188      0.131      0.048      0.737
    Category > 2       2.012      0.431      1.321      3.063
    Category > 3       3.688      1.152      2.000      6.801
 W8_PA
    Category > 1       0.159      0.149      0.025      1.000
    Category > 2       1.988      0.436      1.293      3.056
    Category > 3       4.323      1.410      2.281      8.194
 W4_FV
    Category > 1       0.433      0.067      0.320      0.586
 W5_FV
    Category > 1       0.324      0.056      0.231      0.454
 W6_FV
    Category > 1       0.345      0.059      0.247      0.483
 W7_FV
    Category > 1       0.363      0.065      0.256      0.515
 W8_FV
    Category > 1       0.427      0.074      0.304      0.600

Latent Class 1 Compared to Latent Class 5

 W4_SMOKE
    Category > 1     767.357    301.768    355.018   1658.611
 W5_SMOKE
    Category > 1     421.269    180.050    182.285    973.572
 W6_SMOKE
    Category > 1     636.844    293.953    257.710   1573.749
 W7_SMOKE
    Category > 1     741.187    440.661    231.127   2376.871
 W8_SMOKE
    Category > 1     264.700    127.866    102.699    682.249
 W4_DRINK
    Category > 1       3.909      0.646      2.827      5.406
    Category > 2      60.951     37.614     18.184    204.306
    Category > 3   *********      0.000  *********  *********
 W5_DRINK
    Category > 1       7.128      1.325      4.951     10.261
    Category > 2      85.781     72.728     16.282    451.943
    Category > 3   *********      0.000  *********  *********
 W6_DRINK
    Category > 1       4.966      0.882      3.506      7.033
    Category > 2     193.793    197.063     26.409   1422.058
    Category > 3   *********      0.000  *********  *********
 W7_DRINK
    Category > 1       6.230      1.207      4.261      9.109
    Category > 2      62.207     39.588     17.870    216.543
    Category > 3      40.576     42.445      5.222    315.281
 W8_DRINK
    Category > 1       7.023      1.318      4.862     10.144
    Category > 2      87.763     70.401     18.217    422.797
    Category > 3   *********      0.000  *********  *********
 W4_PA
    Category > 1       0.401      0.261      0.112      1.436
    Category > 2       1.607      0.296      1.120      2.306
    Category > 3       1.942      0.482      1.193      3.160
 W5_PA
    Category > 1       0.357      0.212      0.112      1.141
    Category > 2       2.041      0.388      1.406      2.964
    Category > 3       2.524      0.595      1.590      4.008
 W6_PA
    Category > 1       0.671      0.386      0.217      2.071
    Category > 2       1.810      0.368      1.216      2.696
    Category > 3       1.751      0.481      1.023      2.999
 W7_PA
    Category > 1       1.000      0.498      0.377      2.655
    Category > 2       2.418      0.510      1.599      3.654
    Category > 3       3.821      1.158      2.110      6.921
 W8_PA
    Category > 1       0.916      0.412      0.379      2.213
    Category > 2       1.884      0.395      1.249      2.843
    Category > 3       2.465      0.657      1.463      4.155
 W4_FV
    Category > 1       0.623      0.093      0.464      0.835
 W5_FV
    Category > 1       0.464      0.073      0.342      0.632
 W6_FV
    Category > 1       0.482      0.076      0.354      0.658
 W7_FV
    Category > 1       0.606      0.099      0.440      0.834
 W8_FV
    Category > 1       0.490      0.077      0.360      0.667

Latent Class 2 Compared to Latent Class 3

 W4_SMOKE
    Category > 1       0.283      0.148      0.102      0.788
 W5_SMOKE
    Category > 1       0.218      0.196      0.038      1.265
 W6_SMOKE
    Category > 1       0.979      0.995      0.134      7.172
 W7_SMOKE
    Category > 1       0.646      0.520      0.133      3.132
 W8_SMOKE
    Category > 1       1.957      1.662      0.370     10.340
 W4_DRINK
    Category > 1       0.105      0.038      0.051      0.214
    Category > 2       0.028      0.007      0.017      0.046
    Category > 3       0.034      0.028      0.007      0.171
 W5_DRINK
    Category > 1       0.064      0.023      0.032      0.128
    Category > 2       0.022      0.006      0.013      0.037
    Category > 3       0.004      0.004      0.000      0.036
 W6_DRINK
    Category > 1       0.105      0.030      0.061      0.184
    Category > 2       0.025      0.005      0.017      0.038
    Category > 3       0.000      0.000      0.000      0.000
 W7_DRINK
    Category > 1       0.047      0.018      0.022      0.100
    Category > 2       0.023      0.006      0.014      0.037
    Category > 3       0.000      0.000      0.000      0.000
 W8_DRINK
    Category > 1       0.055      0.021      0.026      0.115
    Category > 2       0.029      0.008      0.017      0.049
    Category > 3       0.012      0.014      0.001      0.126
 W4_PA
    Category > 1       0.523      0.645      0.047      5.859
    Category > 2       4.045      0.712      2.865      5.713
    Category > 3       2.924      0.511      2.075      4.119
 W5_PA
    Category > 1   27870.150      0.000  27870.148  27870.148
    Category > 2       5.522      1.246      3.548      8.594
    Category > 3       3.561      0.741      2.368      5.353
 W6_PA
    Category > 1    9768.286      0.000   9768.286   9768.286
    Category > 2       6.063      1.527      3.701      9.933
    Category > 3       3.508      0.735      2.326      5.289
 W7_PA
    Category > 1    9726.010      0.000   9726.010   9726.010
    Category > 2       5.929      1.406      3.724      9.437
    Category > 3       3.959      0.824      2.632      5.953
 W8_PA
    Category > 1   20993.842      0.000  20993.844  20993.844
    Category > 2       3.513      0.722      2.348      5.256
    Category > 3       3.044      0.607      2.059      4.500
 W4_FV
    Category > 1       2.088      0.298      1.578      2.762
 W5_FV
    Category > 1       2.145      0.336      1.577      2.917
 W6_FV
    Category > 1       2.153      0.353      1.561      2.968
 W7_FV
    Category > 1       2.083      0.334      1.521      2.852
 W8_FV
    Category > 1       2.060      0.332      1.502      2.824

Latent Class 2 Compared to Latent Class 4

 W4_SMOKE
    Category > 1       1.079      0.910      0.207      5.639
 W5_SMOKE
    Category > 1       0.400      0.425      0.050      3.206
 W6_SMOKE
    Category > 1       0.605      0.575      0.094      3.895
 W7_SMOKE
    Category > 1   16244.023      0.000  16244.023  16244.023
 W8_SMOKE
    Category > 1       4.918      5.782      0.491     49.256
 W4_DRINK
    Category > 1       0.441      0.134      0.243      0.798
    Category > 2       1.096      0.341      0.596      2.015
    Category > 3       2.481      3.399      0.169     36.379
 W5_DRINK
    Category > 1       0.243      0.079      0.128      0.460
    Category > 2       1.060      0.371      0.533      2.106
    Category > 3       0.163      0.221      0.011      2.324
 W6_DRINK
    Category > 1       0.385      0.105      0.226      0.656
    Category > 2       1.217      0.404      0.634      2.334
    Category > 3       0.000      0.000      0.000      0.000
 W7_DRINK
    Category > 1       0.345      0.094      0.203      0.587
    Category > 2       1.211      0.410      0.624      2.351
    Category > 3       1.000      0.000      1.000      1.000
 W8_DRINK
    Category > 1       0.502      0.131      0.302      0.837
    Category > 2       1.239      0.432      0.625      2.456
    Category > 3       1.197      2.406      0.023     61.514
 W4_PA
    Category > 1       3.967      3.353      0.757     20.794
    Category > 2      13.958      2.197     10.252     19.002
    Category > 3      12.586      2.365      8.708     18.192
 W5_PA
    Category > 1   16800.535      0.000  16800.535  16800.535
    Category > 2      20.848      3.841     14.528     29.916
    Category > 3      19.560      4.375     12.618     30.321
 W6_PA
    Category > 1   36355.215      0.000  36355.211  36355.211
    Category > 2      34.894      6.524     24.188     50.339
    Category > 3      48.479     12.795     28.900     81.322
 W7_PA
    Category > 1   11249.890      0.000  11249.890  11249.890
    Category > 2      31.841      6.295     21.612     46.911
    Category > 3      31.292      8.348     18.550     52.786
 W8_PA
    Category > 1   10885.854      0.000  10885.855  10885.855
    Category > 2      23.417      4.311     16.324     33.592
    Category > 3      35.590      9.693     20.869     60.695
 W4_FV
    Category > 1       1.990      0.333      1.434      2.761
 W5_FV
    Category > 1       1.852      0.384      1.233      2.781
 W6_FV
    Category > 1       1.918      0.412      1.259      2.922
 W7_FV
    Category > 1       1.744      0.380      1.138      2.672
 W8_FV
    Category > 1       1.993      0.419      1.320      3.010

Latent Class 2 Compared to Latent Class 5

 W4_SMOKE
    Category > 1       0.348      0.190      0.119      1.015
 W5_SMOKE
    Category > 1       0.155      0.140      0.026      0.915
 W6_SMOKE
    Category > 1       0.314      0.288      0.052      1.893
 W7_SMOKE
    Category > 1       0.639      0.560      0.115      3.558
 W8_SMOKE
    Category > 1       0.695      0.494      0.172      2.801
 W4_DRINK
    Category > 1      10.516      2.214      6.960     15.888
    Category > 2      28.455     18.539      7.935    102.035
    Category > 3   18345.867      0.000  18345.867  18345.867
 W5_DRINK
    Category > 1      13.918      3.242      8.817     21.971
    Category > 2      32.043     28.372      5.650    181.736
    Category > 3    1882.765      0.000   1882.765   1882.765
 W6_DRINK
    Category > 1      10.622      2.180      7.104     15.882
    Category > 2      74.938     77.784      9.798    573.119
    Category > 3       1.000      0.000      1.000      1.000
 W7_DRINK
    Category > 1      12.008      2.817      7.582     19.018
    Category > 2      24.460     16.432      6.555     91.264
    Category > 3       0.000      0.000      0.000      0.000
 W8_DRINK
    Category > 1      13.755      2.985      8.990     21.046
    Category > 2      28.219     23.795      5.405    147.338
    Category > 3    4831.370      0.000   4831.370   4831.370
 W4_PA
    Category > 1       2.732      2.414      0.483     15.442
    Category > 2      17.526      3.124     12.358     24.855
    Category > 3      14.215      2.971      9.437     21.412
 W5_PA
    Category > 1   24678.002      0.000  24678.004  24678.004
    Category > 2      26.625      5.227     18.121     39.121
    Category > 3      18.548      3.869     12.324     27.915
 W6_PA
    Category > 1   42806.039      0.000  42806.043  42806.043
    Category > 2      30.976      7.420     19.369     49.538
    Category > 3      19.684      4.684     12.346     31.382
 W7_PA
    Category > 1   59721.992      0.000  59721.988  59721.988
    Category > 2      38.265      8.876     24.286     60.290
    Category > 3      32.423      8.796     19.051     55.181
 W8_PA
    Category > 1   62864.059      0.000  62864.059  62864.059
    Category > 2      22.198      4.417     15.029     32.787
    Category > 3      20.296      4.641     12.965     31.771
 W4_FV
    Category > 1       2.858      0.405      2.166      3.772
 W5_FV
    Category > 1       2.656      0.417      1.952      3.614
 W6_FV
    Category > 1       2.679      0.446      1.933      3.712
 W7_FV
    Category > 1       2.911      0.477      2.111      4.015
 W8_FV
    Category > 1       2.287      0.365      1.672      3.128

Latent Class 3 Compared to Latent Class 4

 W4_SMOKE
    Category > 1       3.809      2.451      1.079     13.447
 W5_SMOKE
    Category > 1       1.834      1.151      0.536      6.274
 W6_SMOKE
    Category > 1       0.619      0.444      0.152      2.523
 W7_SMOKE
    Category > 1   25152.158      0.000  25152.162  25152.162
 W8_SMOKE
    Category > 1       2.514      3.123      0.220     28.694
 W4_DRINK
    Category > 1       4.202      1.624      1.971      8.962
    Category > 2      38.993      7.343     26.959     56.400
    Category > 3      71.933     67.971     11.287    458.421
 W5_DRINK
    Category > 1       3.770      1.498      1.730      8.216
    Category > 2      48.449      9.763     32.640     71.914
    Category > 3      45.218     30.845     11.875    172.173
 W6_DRINK
    Category > 1       3.654      1.185      1.935      6.900
    Category > 2      48.215     11.128     30.670     75.796
    Category > 3      90.228     77.040     16.925    480.994
 W7_DRINK
    Category > 1       7.378      2.908      3.408     15.973
    Category > 2      53.331     11.253     35.267     80.648
    Category > 3   *********      0.000  *********  *********
 W8_DRINK
    Category > 1       9.187      3.605      4.258     19.824
    Category > 2      42.477      8.610     28.550     63.197
    Category > 3     103.184    164.963      4.495   2368.520
 W4_PA
    Category > 1       7.588      8.370      0.874     65.920
    Category > 2       3.450      0.627      2.416      4.927
    Category > 3       4.305      1.017      2.709      6.841
 W5_PA
    Category > 1       0.603      0.524      0.110      3.312
    Category > 2       3.775      0.738      2.573      5.539
    Category > 3       5.494      1.464      3.259      9.261
 W6_PA
    Category > 1       3.722      3.341      0.641     21.625
    Category > 2       5.755      1.211      3.810      8.692
    Category > 3      13.821      4.262      7.552     25.294
 W7_PA
    Category > 1       1.157      0.973      0.222      6.015
    Category > 2       5.371      1.159      3.519      8.197
    Category > 3       7.905      2.435      4.322     14.458
 W8_PA
    Category > 1       0.519      0.538      0.068      3.965
    Category > 2       6.666      1.418      4.393     10.116
    Category > 3      11.692      3.669      6.320     21.629
 W4_FV
    Category > 1       0.953      0.139      0.717      1.267
 W5_FV
    Category > 1       0.863      0.149      0.616      1.210
 W6_FV
    Category > 1       0.891      0.151      0.639      1.243
 W7_FV
    Category > 1       0.837      0.148      0.592      1.185
 W8_FV
    Category > 1       0.968      0.167      0.689      1.358

Latent Class 3 Compared to Latent Class 5

 W4_SMOKE
    Category > 1       1.227      0.443      0.604      2.492
 W5_SMOKE
    Category > 1       0.709      0.326      0.288      1.747
 W6_SMOKE
    Category > 1       0.321      0.222      0.083      1.244
 W7_SMOKE
    Category > 1       0.990      0.750      0.224      4.368
 W8_SMOKE
    Category > 1       0.355      0.293      0.071      1.787
 W4_DRINK
    Category > 1     100.252     32.897     52.695    190.728
    Category > 2    1012.676    621.474    304.146   3371.772
    Category > 3   *********      0.000  *********  *********
 W5_DRINK
    Category > 1     216.031     72.283    112.124    416.227
    Category > 2    1465.101   1244.420    277.246   7742.303
    Category > 3   *********      0.000  *********  *********
 W6_DRINK
    Category > 1     100.735     27.852     58.591    173.192
    Category > 2    2969.638   3023.030    403.815  21838.598
    Category > 3   *********      0.000  *********  *********
 W7_DRINK
    Category > 1     256.893     93.205    126.158    523.104
    Category > 2    1077.421    684.202    310.335   3740.585
    Category > 3     103.836    104.762     14.373    750.169
 W8_DRINK
    Category > 1     251.601     92.565    122.333    517.464
    Category > 2     967.209    773.908    201.569   4641.066
    Category > 3   *********      0.000  *********  *********
 W4_PA
    Category > 1       5.226      5.760      0.602     45.332
    Category > 2       4.332      0.793      3.026      6.202
    Category > 3       4.862      1.172      3.031      7.799
 W5_PA
    Category > 1       0.885      0.589      0.240      3.265
    Category > 2       4.822      0.919      3.319      7.005
    Category > 3       5.209      1.216      3.297      8.230
 W6_PA
    Category > 1       4.382      3.727      0.827     23.213
    Category > 2       5.109      1.060      3.401      7.673
    Category > 3       5.612      1.471      3.357      9.380
 W7_PA
    Category > 1       6.140      4.113      1.652     22.820
    Category > 2       6.454      1.337      4.300      9.687
    Category > 3       8.191      2.478      4.527     14.819
 W8_PA
    Category > 1       2.994      1.623      1.035      8.664
    Category > 2       6.319      1.266      4.266      9.360
    Category > 3       6.667      1.662      4.090     10.868
 W4_FV
    Category > 1       1.369      0.169      1.075      1.743
 W5_FV
    Category > 1       1.238      0.163      0.957      1.603
 W6_FV
    Category > 1       1.244      0.162      0.964      1.606
 W7_FV
    Category > 1       1.398      0.192      1.068      1.828
 W8_FV
    Category > 1       1.110      0.151      0.851      1.448

Latent Class 4 Compared to Latent Class 5

 W4_SMOKE
    Category > 1       0.322      0.230      0.080      1.305
 W5_SMOKE
    Category > 1       0.387      0.273      0.097      1.540
 W6_SMOKE
    Category > 1       0.519      0.348      0.139      1.936
 W7_SMOKE
    Category > 1       0.000      0.000      0.000      0.000
 W8_SMOKE
    Category > 1       0.141      0.172      0.013      1.533
 W4_DRINK
    Category > 1      23.856      5.288     15.449     36.837
    Category > 2      25.970     16.403      7.531     89.558
    Category > 3    7395.652      0.000   7395.652   7395.652
 W5_DRINK
    Category > 1      57.310     13.949     35.566     92.346
    Category > 2      30.240     26.255      5.515    165.819
    Category > 3   11569.204      0.000  11569.202  11569.202
 W6_DRINK
    Category > 1      27.571      5.712     18.370     41.381
    Category > 2      61.592     63.536      8.155    465.160
    Category > 3    5595.451      0.000   5595.452   5595.452
 W7_DRINK
    Category > 1      34.818      7.338     23.036     52.625
    Category > 2      20.202     13.161      5.635     72.435
    Category > 3       0.000      0.000      0.000      0.000
 W8_DRINK
    Category > 1      27.386      5.444     18.550     40.432
    Category > 2      22.770     18.629      4.581    113.177
    Category > 3    4035.433      0.000   4035.433   4035.433
 W4_PA
    Category > 1       0.689      0.493      0.170      2.798
    Category > 2       1.256      0.257      0.841      1.875
    Category > 3       1.129      0.316      0.652      1.955
 W5_PA
    Category > 1       1.469      1.224      0.287      7.520
    Category > 2       1.277      0.283      0.827      1.973
    Category > 3       0.948      0.290      0.521      1.727
 W6_PA
    Category > 1       1.177      0.818      0.301      4.599
    Category > 2       0.888      0.209      0.559      1.409
    Category > 3       0.406      0.144      0.202      0.814
 W7_PA
    Category > 1       5.309      3.608      1.401     20.113
    Category > 2       1.202      0.302      0.734      1.968
    Category > 3       1.036      0.403      0.483      2.223
 W8_PA
    Category > 1       5.775      5.903      0.779     42.823
    Category > 2       0.948      0.236      0.582      1.543
    Category > 3       0.570      0.210      0.277      1.173
 W4_FV
    Category > 1       1.436      0.242      1.032      1.999
 W5_FV
    Category > 1       1.435      0.299      0.953      2.159
 W6_FV
    Category > 1       1.396      0.289      0.931      2.095
 W7_FV
    Category > 1       1.669      0.366      1.086      2.566
 W8_FV
    Category > 1       1.147      0.245      0.755      1.743


QUALITY OF NUMERICAL RESULTS

     Condition Number for the Information Matrix              0.162E-03
       (ratio of smallest to largest eigenvalue)


TECHNICAL 11 OUTPUT

     Random Starts Specifications for the k-1 Class Analysis Model
        Number of initial stage random starts                 500
        Number of final stage optimizations                   100



     VUONG-LO-MENDELL-RUBIN LIKELIHOOD RATIO TEST FOR 4 (H0) VERSUS 5 CLASSES

          H0 Loglikelihood Value                       -62511.254
          2 Times the Loglikelihood Difference           1985.025
          Difference in the Number of Parameters               41
          Mean                                            150.468
          Standard Deviation                              183.731
          P-Value                                          0.0000

     LO-MENDELL-RUBIN ADJUSTED LRT TEST

          Value                                          1979.411
          P-Value                                          0.0000


PLOT INFORMATION

The following plots are available:

  Histograms (sample values)
  Scatterplots (sample values)
  Sample proportions and estimated probabilities

     Beginning Time:  13:39:39
        Ending Time:  13:47:36
       Elapsed Time:  00:07:57



MUTHEN & MUTHEN
3463 Stoner Ave.
Los Angeles, CA  90066

Tel: (310) 391-9971
Fax: (310) 391-8971
Web: www.StatModel.com
Support: Support@StatModel.com

Copyright (c) 1998-2020 Muthen & Muthen
