Mplus VERSION 8.5 (Mac)
MUTHEN & MUTHEN
09/16/2022  11:54 AM

INPUT INSTRUCTIONS

  TITLE:
  C1_LCA_enumerate
  DATA:
  FILE = "./c_lca_enumerate.dat";

  VARIABLE:
  NAMES = idauniq W4_Smoke W5_Smoke W6_Smoke W7_Smoke W8_Smoke W4_Drink W5_Drink
       W6_Drink W7_Drink W8_Drink W4_PA W5_PA W6_PA W7_PA W8_PA W4_FV W5_FV W6_FV
       W7_FV W8_FV Weights Female Age Pat_Int Pat_Hig Self_Int Self_Hig Edu_Upp
       Edu_Ter Wealth_2 Wealth_3 Eye_4 Circul_4 Endocr_4 Muscul_4 Respir_4 Neopla_4
       Nervou_4 Mental_4 Multi_4 CMulti_4 Luncan_4 Multi Eye Circul Endocr Muscul
       Respir Neopla Nervou Mental CMulti Luncan;
   MISSING=.;
   CATEGORICAL = W4_Smoke,W5_Smoke,W6_Smoke,W7_Smoke,W8_Smoke,
  W4_Drink,W5_Drink,W6_Drink,W7_Drink,W8_Drink,
  W4_PA,W5_PA,W6_PA,W7_PA,W8_PA,W4_FV,W5_FV,W6_FV,
  W7_FV,W8_FV;
  USEVARIABLES = W4_Smoke,W5_Smoke,W6_Smoke,W7_Smoke,W8_Smoke,
  W4_Drink,W5_Drink,W6_Drink,W7_Drink,W8_Drink,
  W4_PA,W5_PA,W6_PA,W7_PA,W8_PA,W4_FV,W5_FV,W6_FV,
  W7_FV,W8_FV,Weights;
  USEOBSERVATIONS = Female NE -99 AND Age NE -99
    AND  Pat_Int NE -99 AND
  Pat_Hig NE -99 AND Self_Int NE -99 AND
  Self_Hig NE -99 AND Edu_Upp NE -99 AND
  Edu_Ter NE -99 AND
  Wealth_2 NE -99 AND Wealth_3 NE -99;
          WEIGHT        = Weights;
  MISSING ARE ALL (-99);
          classes = c(1);
  ANALYSIS:
  estimator = mlr;
      type = mixture;
      starts = 500 100;
      STITERATIONS=20;
  LRTSTARTS = 50 10 400 20;
  OUTPUT:
  TECH11 TECH14
  PLOT:
  type = plot3;
      series is W4_Smoke(2) W5_Smoke(3) W6_Smoke(4) W7_Smoke(5)
      W8_Smoke(6) W4_Drink(7) W5_Drink(8)
      W6_Drink(9) W7_Drink(10)
      W8_Drink(11) W4_PA(12) W5_PA(13)
      W6_PA(14) W7_PA(15) W8_PA(16)
      W4_FV(17) W5_FV(18) W6_FV(19)
      W7_FV(20) W8_FV(21);



*** WARNING
  One or more observations has a value of 0 for the WEIGHT variable.
*** WARNING in OUTPUT command
  TECH11 option is not available for TYPE=MIXTURE with only one class.
  Request for TECH11 is ignored.
*** WARNING in OUTPUT command
  TECH14 option is not available for TYPE=MIXTURE with weights.
  Request for TECH14 is ignored.
   3 WARNING(S) FOUND IN THE INPUT INSTRUCTIONS




C1_LCA_enumerate

SUMMARY OF ANALYSIS

Number of groups                                                 1
Number of observations                                        2284

Number of dependent variables                                   20
Number of independent variables                                  0
Number of continuous latent variables                            0
Number of categorical latent variables                           1

Observed dependent variables

  Binary and ordered categorical (ordinal)
   W4_SMOKE    W5_SMOKE    W6_SMOKE    W7_SMOKE    W8_SMOKE    W4_DRINK
   W5_DRINK    W6_DRINK    W7_DRINK    W8_DRINK    W4_PA       W5_PA
   W6_PA       W7_PA       W8_PA       W4_FV       W5_FV       W6_FV
   W7_FV       W8_FV

Categorical latent variables
   C

Variables with special functions

  Weight variable       WEIGHTS

Estimator                                                      MLR
Information matrix                                        OBSERVED
Optimization Specifications for the Quasi-Newton Algorithm for
Continuous Outcomes
  Maximum number of iterations                                 100
  Convergence criterion                                  0.100D-05
Optimization Specifications for the EM Algorithm
  Maximum number of iterations                                 500
  Convergence criteria
    Loglikelihood change                                 0.100D-06
    Relative loglikelihood change                        0.100D-06
    Derivative                                           0.100D-05
Optimization Specifications for the M step of the EM Algorithm for
Categorical Latent variables
  Number of M step iterations                                    1
  M step convergence criterion                           0.100D-05
  Basis for M step termination                           ITERATION
Optimization Specifications for the M step of the EM Algorithm for
Censored, Binary or Ordered Categorical (Ordinal), Unordered
Categorical (Nominal) and Count Outcomes
  Number of M step iterations                                    1
  M step convergence criterion                           0.100D-05
  Basis for M step termination                           ITERATION
  Maximum value for logit thresholds                            15
  Minimum value for logit thresholds                           -15
  Minimum expected cell size for chi-square              0.100D-01
Maximum number of iterations for H1                           2000
Convergence criterion for H1                             0.100D-03
Optimization algorithm                                         EMA
Random Starts Specifications
  Number of initial stage random starts                        500
  Number of final stage optimizations                          100
  Number of initial stage iterations                            20
  Initial stage convergence criterion                    0.100D+01
  Random starts scale                                    0.500D+01
  Random seed for generating random starts                       0
Link                                                         LOGIT

Input data file(s)
  ./c_lca_enumerate.dat
Input data format  FREE


SUMMARY OF DATA

     Number of missing data patterns           348
     Number of y missing data patterns           0
     Number of u missing data patterns         348


COVARIANCE COVERAGE OF DATA

Minimum covariance coverage value   0.100


     PROPORTION OF DATA PRESENT FOR U


           Covariance Coverage
              W4_SMOKE      W5_SMOKE      W6_SMOKE      W7_SMOKE      W8_SMOKE
              ________      ________      ________      ________      ________
 W4_SMOKE       0.950
 W5_SMOKE       0.576         0.582
 W6_SMOKE       0.591         0.581         0.597
 W7_SMOKE       0.600         0.581         0.595         0.607
 W8_SMOKE       0.604         0.579         0.592         0.602         0.613
 W4_DRINK       0.819         0.501         0.514         0.521         0.526
 W5_DRINK       0.840         0.515         0.528         0.535         0.539
 W6_DRINK       0.826         0.504         0.514         0.524         0.530
 W7_DRINK       0.817         0.503         0.515         0.523         0.529
 W8_DRINK       0.818         0.508         0.519         0.527         0.530
 W4_PA          0.919         0.559         0.574         0.584         0.588
 W5_PA          0.919         0.562         0.577         0.586         0.590
 W6_PA          0.919         0.560         0.575         0.585         0.591
 W7_PA          0.918         0.560         0.574         0.584         0.589
 W8_PA          0.919         0.563         0.577         0.587         0.594
 W4_FV          0.882         0.535         0.549         0.557         0.562
 W5_FV          0.909         0.553         0.567         0.576         0.581
 W6_FV          0.899         0.547         0.559         0.570         0.577
 W7_FV          0.896         0.549         0.562         0.571         0.577
 W8_FV          0.904         0.555         0.569         0.578         0.581


           Covariance Coverage
              W4_DRINK      W5_DRINK      W6_DRINK      W7_DRINK      W8_DRINK
              ________      ________      ________      ________      ________
 W4_DRINK       0.862
 W5_DRINK       0.803         0.884
 W6_DRINK       0.789         0.820         0.869
 W7_DRINK       0.778         0.811         0.807         0.860
 W8_DRINK       0.780         0.810         0.806         0.802         0.863
 W4_PA          0.837         0.858         0.846         0.838         0.838
 W5_PA          0.839         0.861         0.848         0.838         0.840
 W6_PA          0.840         0.857         0.844         0.835         0.838
 W7_PA          0.838         0.858         0.845         0.836         0.840
 W8_PA          0.839         0.859         0.844         0.838         0.839
 W4_FV          0.862         0.827         0.813         0.803         0.807
 W5_FV          0.831         0.883         0.839         0.829         0.829
 W6_FV          0.819         0.844         0.869         0.824         0.824
 W7_FV          0.813         0.838         0.829         0.858         0.819
 W8_FV          0.826         0.846         0.837         0.827         0.862


           Covariance Coverage
              W4_PA         W5_PA         W6_PA         W7_PA         W8_PA
              ________      ________      ________      ________      ________
 W4_PA          0.967
 W5_PA          0.947         0.968
 W6_PA          0.942         0.946         0.967
 W7_PA          0.943         0.945         0.947         0.967
 W8_PA          0.941         0.943         0.942         0.945         0.969
 W4_FV          0.900         0.901         0.902         0.899         0.901
 W5_FV          0.926         0.927         0.925         0.925         0.927
 W6_FV          0.916         0.916         0.915         0.915         0.916
 W7_FV          0.913         0.912         0.911         0.912         0.915
 W8_FV          0.924         0.925         0.925         0.926         0.926


           Covariance Coverage
              W4_FV         W5_FV         W6_FV         W7_FV         W8_FV
              ________      ________      ________      ________      ________
 W4_FV          0.929
 W5_FV          0.896         0.957
 W6_FV          0.880         0.912         0.945
 W7_FV          0.876         0.907         0.901         0.942
 W8_FV          0.890         0.915         0.908         0.904         0.954


UNIVARIATE PROPORTIONS AND COUNTS FOR CATEGORICAL VARIABLES

    W4_SMOKE
      Category 1    0.891         1925.844
      Category 2    0.109          234.748
    W5_SMOKE
      Category 1    0.851         1157.310
      Category 2    0.149          202.715
    W6_SMOKE
      Category 1    0.867         1208.814
      Category 2    0.133          184.995
    W7_SMOKE
      Category 1    0.876         1240.376
      Category 2    0.124          175.204
    W8_SMOKE
      Category 1    0.896         1283.430
      Category 2    0.104          149.367
    W4_DRINK
      Category 1    0.164          320.482
      Category 2    0.470          917.962
      Category 3    0.318          622.237
      Category 4    0.048           94.323
    W5_DRINK
      Category 1    0.186          374.445
      Category 2    0.442          890.564
      Category 3    0.323          650.148
      Category 4    0.049           97.802
    W6_DRINK
      Category 1    0.211          415.369
      Category 2    0.439          865.797
      Category 3    0.303          598.251
      Category 4    0.048           93.832
    W7_DRINK
      Category 1    0.212          412.957
      Category 2    0.453          882.714
      Category 3    0.285          556.053
      Category 4    0.050           97.302
    W8_DRINK
      Category 1    0.216          421.432
      Category 2    0.446          868.970
      Category 3    0.294          572.844
      Category 4    0.043           83.521
    W4_PA
      Category 1    0.002            5.262
      Category 2    0.468         1022.860
      Category 3    0.244          534.097
      Category 4    0.286          625.309
    W5_PA
      Category 1    0.007           15.191
      Category 2    0.480         1054.783
      Category 3    0.259          568.446
      Category 4    0.255          559.669
    W6_PA
      Category 1    0.005           10.634
      Category 2    0.495         1085.487
      Category 3    0.222          486.969
      Category 4    0.277          607.986
    W7_PA
      Category 1    0.004            8.452
      Category 2    0.515         1132.106
      Category 3    0.228          501.571
      Category 4    0.253          555.694
    W8_PA
      Category 1    0.007           15.509
      Category 2    0.536         1182.815
      Category 3    0.209          460.071
      Category 4    0.248          546.968
    W4_FV
      Category 1    0.410          864.415
      Category 2    0.590         1246.457
    W5_FV
      Category 1    0.412          901.271
      Category 2    0.588         1286.332
    W6_FV
      Category 1    0.376          809.996
      Category 2    0.624         1342.282
    W7_FV
      Category 1    0.355          761.184
      Category 2    0.645         1384.397
    W8_FV
      Category 1    0.369          802.729
      Category 2    0.631         1370.880


RANDOM STARTS RESULTS RANKED FROM THE BEST TO THE WORST LOGLIKELIHOOD VALUES

Final stage loglikelihood values at local maxima, seeds, and initial stage start numbers:

          -33351.398  unperturbed      0
          -33351.398  971853           402
          -33351.398  471040           403
          -33351.398  605565           404
          -33351.398  596257           405
          -33351.398  926797           406
          -33351.398  772131           407
          -33351.398  112586           494
          -33351.398  55115            408
          -33351.398  605161           409
          -33351.398  746978           410
          -33351.398  652266           490
          -33351.398  85734            411
          -33351.398  918558           412
          -33351.398  275475           413
          -33351.398  354395           486
          -33351.398  736574           414
          -33351.398  399508           415
          -33351.398  791285           416
          -33351.398  665121           417
          -33351.398  298275           418
          -33351.398  802682           419
          -33351.398  749635           420
          -33351.398  226322           478
          -33351.398  484406           421
          -33351.398  173191           422
          -33351.398  798821           423
          -33351.398  216565           474
          -33351.398  505879           424
          -33351.398  762461           425
          -33351.398  937885           426
          -33351.398  971693           470
          -33351.398  699554           427
          -33351.398  584397           428
          -33351.398  153394           429
          -33351.398  238906           430
          -33351.398  853195           431
          -33351.398  518828           432
          -33351.398  783102           433
          -33351.398  68850            462
          -33351.398  640833           434
          -33351.398  283492           435
          -33351.398  399380           436
          -33351.398  359578           458
          -33351.398  317640           437
          -33351.398  375590           438
          -33351.398  631413           439
          -33351.398  263049           454
          -33351.398  193569           440
          -33351.398  741484           441
          -33351.398  404510           442
          -33351.398  217130           443
          -33351.398  888905           444
          -33351.398  502532           445
          -33351.398  508482           446
          -33351.398  263221           447
          -33351.398  354624           448
          -33351.398  614535           449
          -33351.398  408713           450
          -33351.398  188640           451
          -33351.398  582296           452
          -33351.398  879211           453
          -33351.398  224950           455
          -33351.398  922596           456
          -33351.398  769907           457
          -33351.398  539751           459
          -33351.398  662718           460
          -33351.398  345726           461
          -33351.398  965639           463
          -33351.398  349360           464
          -33351.398  320494           465
          -33351.398  898745           466
          -33351.398  416463           467
          -33351.398  862607           468
          -33351.398  790059           469
          -33351.398  315029           471
          -33351.398  69413            472
          -33351.398  376411           473
          -33351.398  988761           475
          -33351.398  714455           476
          -33351.398  802256           477
          -33351.398  823392           479
          -33351.398  392751           480
          -33351.398  863691           481
          -33351.398  787985           482
          -33351.398  53621            483
          -33351.398  366533           484
          -33351.398  425982           485
          -33351.398  252949           487
          -33351.398  978061           488
          -33351.398  618760           489
          -33351.398  972430           491
          -33351.398  922042           492
          -33351.398  887580           493
          -33351.398  860102           495
          -33351.398  335485           496
          -33351.398  978781           497
          -33351.398  485483           498
          -33351.398  319575           499
          -33351.398  140442           500



THE MODEL ESTIMATION TERMINATED NORMALLY

     THE CHI-SQUARE TEST CANNOT BE COMPUTED BECAUSE THE FREQUENCY TABLE FOR THE
     LATENT CLASS INDICATOR MODEL PART IS TOO LARGE.




MODEL FIT INFORMATION

Number of Free Parameters                       40

Loglikelihood

          H0 Value                      -33351.398
          H0 Scaling Correction Factor      1.3346
            for MLR

Information Criteria

          Akaike (AIC)                   66782.796
          Bayesian (BIC)                 67012.144
          Sample-Size Adjusted BIC       66885.057
            (n* = (n + 2) / 24)



FINAL CLASS COUNTS AND PROPORTIONS FOR THE LATENT CLASSES
BASED ON THE ESTIMATED MODEL

    Latent
   Classes

       1       2284.00000          1.00000


FINAL CLASS COUNTS AND PROPORTIONS FOR THE LATENT CLASSES
BASED ON ESTIMATED POSTERIOR PROBABILITIES

    Latent
   Classes

       1       2284.00000          1.00000


FINAL CLASS COUNTS AND PROPORTIONS FOR THE LATENT CLASSES
BASED ON THEIR MOST LIKELY LATENT CLASS MEMBERSHIP

Class Counts and Proportions

    Latent
   Classes

       1             2284          1.00000


Average Latent Class Probabilities for Most Likely Latent Class Membership (Row)
by Latent Class (Column)

           1

    1   1.000


Classification Probabilities for the Most Likely Latent Class Membership (Column)
by Latent Class (Row)

           1

    1   1.000


Logits for the Classification Probabilities for the Most Likely Latent Class Membership (Column)
by Latent Class (Row)

              1

    1      0.000


MODEL RESULTS

                                                    Two-Tailed
                    Estimate       S.E.  Est./S.E.    P-Value

Latent Class 1

 Thresholds
    W4_SMOKE$1         2.105      0.083     25.242      0.000
    W5_SMOKE$1         1.742      0.091     19.106      0.000
    W6_SMOKE$1         1.877      0.095     19.745      0.000
    W7_SMOKE$1         1.957      0.097     20.157      0.000
    W8_SMOKE$1         2.151      0.104     20.725      0.000
    W4_DRINK$1        -1.629      0.072    -22.637      0.000
    W4_DRINK$2         0.547      0.053     10.393      0.000
    W4_DRINK$3         2.982      0.116     25.729      0.000
    W5_DRINK$1        -1.476      0.067    -21.992      0.000
    W5_DRINK$2         0.525      0.052     10.109      0.000
    W5_DRINK$3         2.975      0.112     26.574      0.000
    W6_DRINK$1        -1.322      0.064    -20.639      0.000
    W6_DRINK$2         0.616      0.053     11.654      0.000
    W6_DRINK$3         2.997      0.111     26.903      0.000
    W7_DRINK$1        -1.314      0.065    -20.302      0.000
    W7_DRINK$2         0.685      0.054     12.755      0.000
    W7_DRINK$3         2.946      0.114     25.794      0.000
    W8_DRINK$1        -1.286      0.063    -20.381      0.000
    W8_DRINK$2         0.676      0.054     12.624      0.000
    W8_DRINK$3         3.105      0.122     25.534      0.000
    W4_PA$1           -6.028      0.464    -13.002      0.000
    W4_PA$2           -0.120      0.049     -2.475      0.013
    W4_PA$3            0.916      0.053     17.256      0.000
    W5_PA$1           -4.968      0.353    -14.053      0.000
    W5_PA$2           -0.053      0.048     -1.093      0.274
    W5_PA$3            1.074      0.054     19.783      0.000
    W6_PA$1           -5.323      0.397    -13.398      0.000
    W6_PA$2            0.001      0.048      0.022      0.982
    W6_PA$3            0.957      0.054     17.881      0.000
    W7_PA$1           -5.557      0.486    -11.431      0.000
    W7_PA$2            0.076      0.048      1.569      0.117
    W7_PA$3            1.084      0.055     19.752      0.000
    W8_PA$1           -4.950      0.299    -16.563      0.000
    W8_PA$2            0.174      0.048      3.591      0.000
    W8_PA$3            1.109      0.055     20.094      0.000
    W4_FV$1           -0.366      0.051     -7.242      0.000
    W5_FV$1           -0.356      0.050     -7.144      0.000
    W6_FV$1           -0.505      0.051     -9.961      0.000
    W7_FV$1           -0.598      0.052    -11.549      0.000
    W8_FV$1           -0.535      0.051    -10.557      0.000


RESULTS IN PROBABILITY SCALE

Latent Class 1

 W4_SMOKE
    Category 1         0.891      0.008    110.389      0.000
    Category 2         0.109      0.008     13.456      0.000
 W5_SMOKE
    Category 1         0.851      0.012     73.581      0.000
    Category 2         0.149      0.012     12.888      0.000
 W6_SMOKE
    Category 1         0.867      0.011     79.253      0.000
    Category 2         0.133      0.011     12.129      0.000
 W7_SMOKE
    Category 1         0.876      0.011     83.209      0.000
    Category 2         0.124      0.011     11.753      0.000
 W8_SMOKE
    Category 1         0.896      0.010     92.430      0.000
    Category 2         0.104      0.010     10.757      0.000
 W4_DRINK
    Category 1         0.164      0.010     16.618      0.000
    Category 2         0.470      0.013     36.824      0.000
    Category 3         0.318      0.012     26.964      0.000
    Category 4         0.048      0.005      9.065      0.000
 W5_DRINK
    Category 1         0.186      0.010     18.304      0.000
    Category 2         0.442      0.013     35.363      0.000
    Category 3         0.323      0.012     27.452      0.000
    Category 4         0.049      0.005      9.390      0.000
 W6_DRINK
    Category 1         0.211      0.011     19.776      0.000
    Category 2         0.439      0.013     34.762      0.000
    Category 3         0.303      0.012     26.096      0.000
    Category 4         0.048      0.005      9.424      0.000
 W7_DRINK
    Category 1         0.212      0.011     19.610      0.000
    Category 2         0.453      0.013     35.596      0.000
    Category 3         0.285      0.011     24.962      0.000
    Category 4         0.050      0.005      9.215      0.000
 W8_DRINK
    Category 1         0.216      0.011     20.222      0.000
    Category 2         0.446      0.013     35.214      0.000
    Category 3         0.294      0.012     25.499      0.000
    Category 4         0.043      0.005      8.592      0.000
 W4_PA
    Category 1         0.002      0.001      2.162      0.031
    Category 2         0.468      0.012     38.672      0.000
    Category 3         0.244      0.010     23.592      0.000
    Category 4         0.286      0.011     26.390      0.000
 W5_PA
    Category 1         0.007      0.002      2.849      0.004
    Category 2         0.480      0.012     39.702      0.000
    Category 3         0.259      0.011     24.447      0.000
    Category 4         0.255      0.010     24.708      0.000
 W6_PA
    Category 1         0.005      0.002      2.529      0.011
    Category 2         0.495      0.012     40.967      0.000
    Category 3         0.222      0.010     22.268      0.000
    Category 4         0.277      0.011     25.861      0.000
 W7_PA
    Category 1         0.004      0.002      2.065      0.039
    Category 2         0.515      0.012     42.660      0.000
    Category 3         0.228      0.010     22.692      0.000
    Category 4         0.253      0.010     24.398      0.000
 W8_PA
    Category 1         0.007      0.002      3.370      0.001
    Category 2         0.536      0.012     44.565      0.000
    Category 3         0.209      0.010     21.226      0.000
    Category 4         0.248      0.010     24.090      0.000
 W4_FV
    Category 1         0.410      0.012     33.508      0.000
    Category 2         0.590      0.012     48.317      0.000
 W5_FV
    Category 1         0.412      0.012     34.151      0.000
    Category 2         0.588      0.012     48.742      0.000
 W6_FV
    Category 1         0.376      0.012     31.620      0.000
    Category 2         0.624      0.012     52.399      0.000
 W7_FV
    Category 1         0.355      0.012     29.925      0.000
    Category 2         0.645      0.012     54.425      0.000
 W8_FV
    Category 1         0.369      0.012     31.276      0.000
    Category 2         0.631      0.012     53.412      0.000


QUALITY OF NUMERICAL RESULTS

     Condition Number for the Information Matrix              0.215E-02
       (ratio of smallest to largest eigenvalue)


PLOT INFORMATION

The following plots are available:

  Histograms (sample values)
  Scatterplots (sample values)
  Sample proportions and estimated probabilities

     Beginning Time:  11:54:31
        Ending Time:  11:54:34
       Elapsed Time:  00:00:03



MUTHEN & MUTHEN
3463 Stoner Ave.
Los Angeles, CA  90066

Tel: (310) 391-9971
Fax: (310) 391-8971
Web: www.StatModel.com
Support: Support@StatModel.com

Copyright (c) 1998-2020 Muthen & Muthen
