Mplus VERSION 8.5 (Mac)
MUTHEN & MUTHEN
09/16/2022  11:55 AM

INPUT INSTRUCTIONS

  TITLE:
  C3_LCA_enumerate
  DATA:
  FILE = "./c_lca_enumerate.dat";

  VARIABLE:
  NAMES = idauniq W4_Smoke W5_Smoke W6_Smoke W7_Smoke W8_Smoke W4_Drink W5_Drink
       W6_Drink W7_Drink W8_Drink W4_PA W5_PA W6_PA W7_PA W8_PA W4_FV W5_FV W6_FV
       W7_FV W8_FV Weights Female Age Pat_Int Pat_Hig Self_Int Self_Hig Edu_Upp
       Edu_Ter Wealth_2 Wealth_3 Eye_4 Circul_4 Endocr_4 Muscul_4 Respir_4 Neopla_4
       Nervou_4 Mental_4 Multi_4 CMulti_4 Luncan_4 Multi Eye Circul Endocr Muscul
       Respir Neopla Nervou Mental CMulti Luncan;
   MISSING=.;
   CATEGORICAL = W4_Smoke,W5_Smoke,W6_Smoke,W7_Smoke,W8_Smoke,
  W4_Drink,W5_Drink,W6_Drink,W7_Drink,W8_Drink,
  W4_PA,W5_PA,W6_PA,W7_PA,W8_PA,W4_FV,W5_FV,W6_FV,
  W7_FV,W8_FV;
  USEVARIABLES = W4_Smoke,W5_Smoke,W6_Smoke,W7_Smoke,W8_Smoke,
  W4_Drink,W5_Drink,W6_Drink,W7_Drink,W8_Drink,
  W4_PA,W5_PA,W6_PA,W7_PA,W8_PA,W4_FV,W5_FV,W6_FV,
  W7_FV,W8_FV,Weights;
  USEOBSERVATIONS = Female NE -99 AND Age NE -99
    AND  Pat_Int NE -99 AND
  Pat_Hig NE -99 AND Self_Int NE -99 AND
  Self_Hig NE -99 AND Edu_Upp NE -99 AND
  Edu_Ter NE -99 AND
  Wealth_2 NE -99 AND Wealth_3 NE -99;
          WEIGHT        = Weights;
  MISSING ARE ALL (-99);
          classes = c(3);
  ANALYSIS:
  estimator = mlr;
      type = mixture;
      starts = 500 100;
      STITERATIONS=20;
  LRTSTARTS = 50 10 400 20;
  OUTPUT:
  TECH11 TECH14
  PLOT:
  type = plot3;
      series is W4_Smoke(2) W5_Smoke(3) W6_Smoke(4) W7_Smoke(5)
      W8_Smoke(6) W4_Drink(7) W5_Drink(8)
      W6_Drink(9) W7_Drink(10)
      W8_Drink(11) W4_PA(12) W5_PA(13)
      W6_PA(14) W7_PA(15) W8_PA(16)
      W4_FV(17) W5_FV(18) W6_FV(19)
      W7_FV(20) W8_FV(21);



*** WARNING
  One or more observations has a value of 0 for the WEIGHT variable.
*** WARNING in OUTPUT command
  TECH14 option is not available for TYPE=MIXTURE with weights.
  Request for TECH14 is ignored.
   2 WARNING(S) FOUND IN THE INPUT INSTRUCTIONS




C3_LCA_enumerate

SUMMARY OF ANALYSIS

Number of groups                                                 1
Number of observations                                        2284

Number of dependent variables                                   20
Number of independent variables                                  0
Number of continuous latent variables                            0
Number of categorical latent variables                           1

Observed dependent variables

  Binary and ordered categorical (ordinal)
   W4_SMOKE    W5_SMOKE    W6_SMOKE    W7_SMOKE    W8_SMOKE    W4_DRINK
   W5_DRINK    W6_DRINK    W7_DRINK    W8_DRINK    W4_PA       W5_PA
   W6_PA       W7_PA       W8_PA       W4_FV       W5_FV       W6_FV
   W7_FV       W8_FV

Categorical latent variables
   C

Variables with special functions

  Weight variable       WEIGHTS

Estimator                                                      MLR
Information matrix                                        OBSERVED
Optimization Specifications for the Quasi-Newton Algorithm for
Continuous Outcomes
  Maximum number of iterations                                 100
  Convergence criterion                                  0.100D-05
Optimization Specifications for the EM Algorithm
  Maximum number of iterations                                 500
  Convergence criteria
    Loglikelihood change                                 0.100D-06
    Relative loglikelihood change                        0.100D-06
    Derivative                                           0.100D-05
Optimization Specifications for the M step of the EM Algorithm for
Categorical Latent variables
  Number of M step iterations                                    1
  M step convergence criterion                           0.100D-05
  Basis for M step termination                           ITERATION
Optimization Specifications for the M step of the EM Algorithm for
Censored, Binary or Ordered Categorical (Ordinal), Unordered
Categorical (Nominal) and Count Outcomes
  Number of M step iterations                                    1
  M step convergence criterion                           0.100D-05
  Basis for M step termination                           ITERATION
  Maximum value for logit thresholds                            15
  Minimum value for logit thresholds                           -15
  Minimum expected cell size for chi-square              0.100D-01
Maximum number of iterations for H1                           2000
Convergence criterion for H1                             0.100D-03
Optimization algorithm                                         EMA
Random Starts Specifications
  Number of initial stage random starts                        500
  Number of final stage optimizations                          100
  Number of initial stage iterations                            20
  Initial stage convergence criterion                    0.100D+01
  Random starts scale                                    0.500D+01
  Random seed for generating random starts                       0
Link                                                         LOGIT

Input data file(s)
  ./c_lca_enumerate.dat
Input data format  FREE


SUMMARY OF DATA

     Number of missing data patterns           348
     Number of y missing data patterns           0
     Number of u missing data patterns         348


COVARIANCE COVERAGE OF DATA

Minimum covariance coverage value   0.100


     PROPORTION OF DATA PRESENT FOR U


           Covariance Coverage
              W4_SMOKE      W5_SMOKE      W6_SMOKE      W7_SMOKE      W8_SMOKE
              ________      ________      ________      ________      ________
 W4_SMOKE       0.950
 W5_SMOKE       0.576         0.582
 W6_SMOKE       0.591         0.581         0.597
 W7_SMOKE       0.600         0.581         0.595         0.607
 W8_SMOKE       0.604         0.579         0.592         0.602         0.613
 W4_DRINK       0.819         0.501         0.514         0.521         0.526
 W5_DRINK       0.840         0.515         0.528         0.535         0.539
 W6_DRINK       0.826         0.504         0.514         0.524         0.530
 W7_DRINK       0.817         0.503         0.515         0.523         0.529
 W8_DRINK       0.818         0.508         0.519         0.527         0.530
 W4_PA          0.919         0.559         0.574         0.584         0.588
 W5_PA          0.919         0.562         0.577         0.586         0.590
 W6_PA          0.919         0.560         0.575         0.585         0.591
 W7_PA          0.918         0.560         0.574         0.584         0.589
 W8_PA          0.919         0.563         0.577         0.587         0.594
 W4_FV          0.882         0.535         0.549         0.557         0.562
 W5_FV          0.909         0.553         0.567         0.576         0.581
 W6_FV          0.899         0.547         0.559         0.570         0.577
 W7_FV          0.896         0.549         0.562         0.571         0.577
 W8_FV          0.904         0.555         0.569         0.578         0.581


           Covariance Coverage
              W4_DRINK      W5_DRINK      W6_DRINK      W7_DRINK      W8_DRINK
              ________      ________      ________      ________      ________
 W4_DRINK       0.862
 W5_DRINK       0.803         0.884
 W6_DRINK       0.789         0.820         0.869
 W7_DRINK       0.778         0.811         0.807         0.860
 W8_DRINK       0.780         0.810         0.806         0.802         0.863
 W4_PA          0.837         0.858         0.846         0.838         0.838
 W5_PA          0.839         0.861         0.848         0.838         0.840
 W6_PA          0.840         0.857         0.844         0.835         0.838
 W7_PA          0.838         0.858         0.845         0.836         0.840
 W8_PA          0.839         0.859         0.844         0.838         0.839
 W4_FV          0.862         0.827         0.813         0.803         0.807
 W5_FV          0.831         0.883         0.839         0.829         0.829
 W6_FV          0.819         0.844         0.869         0.824         0.824
 W7_FV          0.813         0.838         0.829         0.858         0.819
 W8_FV          0.826         0.846         0.837         0.827         0.862


           Covariance Coverage
              W4_PA         W5_PA         W6_PA         W7_PA         W8_PA
              ________      ________      ________      ________      ________
 W4_PA          0.967
 W5_PA          0.947         0.968
 W6_PA          0.942         0.946         0.967
 W7_PA          0.943         0.945         0.947         0.967
 W8_PA          0.941         0.943         0.942         0.945         0.969
 W4_FV          0.900         0.901         0.902         0.899         0.901
 W5_FV          0.926         0.927         0.925         0.925         0.927
 W6_FV          0.916         0.916         0.915         0.915         0.916
 W7_FV          0.913         0.912         0.911         0.912         0.915
 W8_FV          0.924         0.925         0.925         0.926         0.926


           Covariance Coverage
              W4_FV         W5_FV         W6_FV         W7_FV         W8_FV
              ________      ________      ________      ________      ________
 W4_FV          0.929
 W5_FV          0.896         0.957
 W6_FV          0.880         0.912         0.945
 W7_FV          0.876         0.907         0.901         0.942
 W8_FV          0.890         0.915         0.908         0.904         0.954


UNIVARIATE PROPORTIONS AND COUNTS FOR CATEGORICAL VARIABLES

    W4_SMOKE
      Category 1    0.891         1925.844
      Category 2    0.109          234.748
    W5_SMOKE
      Category 1    0.851         1157.310
      Category 2    0.149          202.715
    W6_SMOKE
      Category 1    0.867         1208.814
      Category 2    0.133          184.995
    W7_SMOKE
      Category 1    0.876         1240.376
      Category 2    0.124          175.204
    W8_SMOKE
      Category 1    0.896         1283.430
      Category 2    0.104          149.367
    W4_DRINK
      Category 1    0.164          320.482
      Category 2    0.470          917.962
      Category 3    0.318          622.237
      Category 4    0.048           94.323
    W5_DRINK
      Category 1    0.186          374.445
      Category 2    0.442          890.564
      Category 3    0.323          650.148
      Category 4    0.049           97.802
    W6_DRINK
      Category 1    0.211          415.369
      Category 2    0.439          865.797
      Category 3    0.303          598.251
      Category 4    0.048           93.832
    W7_DRINK
      Category 1    0.212          412.957
      Category 2    0.453          882.714
      Category 3    0.285          556.053
      Category 4    0.050           97.302
    W8_DRINK
      Category 1    0.216          421.432
      Category 2    0.446          868.970
      Category 3    0.294          572.844
      Category 4    0.043           83.521
    W4_PA
      Category 1    0.002            5.262
      Category 2    0.468         1022.860
      Category 3    0.244          534.097
      Category 4    0.286          625.309
    W5_PA
      Category 1    0.007           15.191
      Category 2    0.480         1054.783
      Category 3    0.259          568.446
      Category 4    0.255          559.669
    W6_PA
      Category 1    0.005           10.634
      Category 2    0.495         1085.487
      Category 3    0.222          486.969
      Category 4    0.277          607.986
    W7_PA
      Category 1    0.004            8.452
      Category 2    0.515         1132.106
      Category 3    0.228          501.571
      Category 4    0.253          555.694
    W8_PA
      Category 1    0.007           15.509
      Category 2    0.536         1182.815
      Category 3    0.209          460.071
      Category 4    0.248          546.968
    W4_FV
      Category 1    0.410          864.415
      Category 2    0.590         1246.457
    W5_FV
      Category 1    0.412          901.271
      Category 2    0.588         1286.332
    W6_FV
      Category 1    0.376          809.996
      Category 2    0.624         1342.282
    W7_FV
      Category 1    0.355          761.184
      Category 2    0.645         1384.397
    W8_FV
      Category 1    0.369          802.729
      Category 2    0.631         1370.880


RANDOM STARTS RESULTS RANKED FROM THE BEST TO THE WORST LOGLIKELIHOOD VALUES

Final stage loglikelihood values at local maxima, seeds, and initial stage start numbers:

          -29760.110  582296           452
          -29760.110  76337            76
          -29760.110  662718           460
          -29760.110  22089            143
          -29760.110  416463           467
          -29760.110  224950           455
          -29760.110  40340            188
          -29760.110  856536           144
          -29760.110  341041           34
          -29760.110  140442           500
          -29760.110  23012            352
          -29760.110  372176           23
          -29760.110  39136            226
          -29760.110  471438           252
          -29760.110  644297           340
          -29760.110  391179           78
          -29760.110  407108           366
          -29760.110  49221            254
          -29760.110  414828           322
          -29760.110  499150           216
          -29760.110  407168           44
          -29760.110  791396           243
          -29760.110  717754           180
          -29760.110  741484           441
          -29760.110  629320           222
          -29760.110  871851           257
          -29760.110  848890           95
          -29760.110  484406           421
          -29760.110  1548             384
          -29760.110  781190           219
          -29760.110  392418           28
          -29760.110  319575           499
          -29760.110  354559           73
          -29760.110  30098            209
          -29760.110  285380           1
          -29760.110  85734            411
          -29760.110  443442           380
          -29760.110  988761           475
          -29760.110  137305           379
          -29760.110  667250           318
          -29760.110  505879           424
          -29760.110  637095           207
          -29760.110  345726           461
          -29760.110  887580           493
          -29760.110  283492           435
          -29760.110  153942           31
          -29760.110  700349           401
          -29760.110  987090           70
          -29760.110  375590           438
          -29760.110  790059           469
          -29760.110  232226           235
          -29760.110  836066           372
          -29760.110  535804           111
          -29760.110  193042           316
          -29760.110  609089           241
          -29760.110  960438           116
          -29760.110  746978           410
          -29760.110  195353           225
          -29760.110  475420           71
          -29760.110  366706           29
          -29760.110  417035           149
          -29760.110  59674            240
          -29760.110  393232           152
          -29760.110  887676           22
          -29760.110  374219           353
          -29760.110  462953           7
          -29760.110  404426           344
          -29760.110  220454           288
          -29760.110  281462           285
          -29760.110  422103           62
          -29760.110  89970            223
          -29760.110  570908           98
          -29760.110  246575           291
          -29760.110  686482           215
          -29760.110  652266           490
          -29760.110  462228           298
          -29760.110  146900           391
          -29760.110  50887            389
          -29760.110  526324           178
          -29760.110  576596           99
          -29760.110  264081           186
          -29760.110  545140           278
          -29760.110  273992           349
          -29760.110  790452           303
          -29760.110  340112           126
          -29760.110  783110           72
          -29760.110  544048           87
          -29760.110  253358           2
          -29760.110  918558           412
          -29760.110  132336           362
          -29760.110  168762           200
          -29760.110  350608           334
          -29760.110  112586           494
          -29760.110  66276            217
          -29760.110  458181           189
          -29760.110  215353           164
          -29760.110  485256           371
          -29760.110  802682           419
          -29760.110  823392           479
          -29760.110  674171           195



THE BEST LOGLIKELIHOOD VALUE HAS BEEN REPLICATED.  RERUN WITH AT LEAST TWICE THE
RANDOM STARTS TO CHECK THAT THE BEST LOGLIKELIHOOD IS STILL OBTAINED AND REPLICATED.

     IN THE OPTIMIZATION, ONE OR MORE LOGIT THRESHOLDS APPROACHED EXTREME VALUES
     OF -15.000 AND 15.000 AND WERE FIXED TO STABILIZE MODEL ESTIMATION.  THESE
     VALUES IMPLY PROBABILITIES OF 0 AND 1.  IN THE MODEL RESULTS SECTION, THESE
     PARAMETERS HAVE 0 STANDARD ERRORS AND 999 IN THE Z-SCORE AND P-VALUE COLUMNS.




THE MODEL ESTIMATION TERMINATED NORMALLY

     THE CHI-SQUARE TEST CANNOT BE COMPUTED BECAUSE THE FREQUENCY TABLE FOR THE
     LATENT CLASS INDICATOR MODEL PART IS TOO LARGE.




MODEL FIT INFORMATION

Number of Free Parameters                      122

Loglikelihood

          H0 Value                      -29760.110
          H0 Scaling Correction Factor      1.4304
            for MLR

Information Criteria

          Akaike (AIC)                   59764.220
          Bayesian (BIC)                 60463.729
          Sample-Size Adjusted BIC       60076.113
            (n* = (n + 2) / 24)



FINAL CLASS COUNTS AND PROPORTIONS FOR THE LATENT CLASSES
BASED ON THE ESTIMATED MODEL

    Latent
   Classes

       1        835.61853          0.36586
       2        236.31315          0.10346
       3       1212.06832          0.53068


FINAL CLASS COUNTS AND PROPORTIONS FOR THE LATENT CLASSES
BASED ON ESTIMATED POSTERIOR PROBABILITIES

    Latent
   Classes

       1        835.61853          0.36586
       2        236.31315          0.10346
       3       1212.06832          0.53068


FINAL CLASS COUNTS AND PROPORTIONS FOR THE LATENT CLASSES
BASED ON THEIR MOST LIKELY LATENT CLASS MEMBERSHIP

Class Counts and Proportions

    Latent
   Classes

       1              819          0.35855
       2              221          0.09678
       3             1244          0.54467


CLASSIFICATION QUALITY

     Entropy                         0.886


Average Latent Class Probabilities for Most Likely Latent Class Membership (Row)
by Latent Class (Column)

           1        2        3

    1   0.954    0.006    0.040
    2   0.006    0.966    0.027
    3   0.042    0.014    0.943


Classification Probabilities for the Most Likely Latent Class Membership (Column)
by Latent Class (Row)

           1        2        3

    1   0.935    0.002    0.063
    2   0.021    0.904    0.075
    3   0.027    0.005    0.968


Logits for the Classification Probabilities for the Most Likely Latent Class Membership (Column)
by Latent Class (Row)

              1        2        3

    1      2.697   -3.616    0.000
    2     -1.278    2.485    0.000
    3     -3.588   -5.264    0.000


MODEL RESULTS

                                                    Two-Tailed
                    Estimate       S.E.  Est./S.E.    P-Value

Latent Class 1

 Thresholds
    W4_SMOKE$1         3.446      0.304     11.332      0.000
    W5_SMOKE$1         4.022      0.507      7.927      0.000
    W6_SMOKE$1         5.442      0.607      8.966      0.000
    W7_SMOKE$1         5.170      0.658      7.856      0.000
    W8_SMOKE$1         4.958      0.692      7.162      0.000
    W4_DRINK$1        -4.320      0.416    -10.388      0.000
    W4_DRINK$2        -1.433      0.160     -8.929      0.000
    W4_DRINK$3         2.020      0.135     14.923      0.000
    W5_DRINK$1        -4.555      0.428    -10.656      0.000
    W5_DRINK$2        -1.503      0.161     -9.309      0.000
    W5_DRINK$3         2.079      0.135     15.440      0.000
    W6_DRINK$1        -3.517      0.276    -12.765      0.000
    W6_DRINK$2        -1.268      0.146     -8.695      0.000
    W6_DRINK$3         2.106      0.136     15.476      0.000
    W7_DRINK$1        -4.423      0.389    -11.376      0.000
    W7_DRINK$2        -1.193      0.137     -8.713      0.000
    W7_DRINK$3         1.968      0.138     14.265      0.000
    W8_DRINK$1        -3.981      0.298    -13.361      0.000
    W8_DRINK$2        -1.077      0.135     -7.976      0.000
    W8_DRINK$3         2.313      0.150     15.408      0.000
    W4_PA$1           -6.633      1.003     -6.616      0.000
    W4_PA$2           -0.345      0.094     -3.676      0.000
    W4_PA$3            0.679      0.097      6.974      0.000
    W5_PA$1           -4.833      0.534     -9.052      0.000
    W5_PA$2           -0.322      0.095     -3.381      0.001
    W5_PA$3            0.819      0.101      8.110      0.000
    W6_PA$1          -15.000      0.000    999.000    999.000
    W6_PA$2           -0.345      0.095     -3.615      0.000
    W6_PA$3            0.635      0.100      6.344      0.000
    W7_PA$1           -6.636      1.003     -6.619      0.000
    W7_PA$2           -0.255      0.093     -2.744      0.006
    W7_PA$3            0.841      0.104      8.051      0.000
    W8_PA$1           -5.189      0.592     -8.758      0.000
    W8_PA$2           -0.250      0.095     -2.641      0.008
    W8_PA$3            0.815      0.104      7.812      0.000
    W4_FV$1           -0.431      0.091     -4.722      0.000
    W5_FV$1           -0.493      0.095     -5.191      0.000
    W6_FV$1           -0.588      0.098     -5.993      0.000
    W7_FV$1           -0.639      0.096     -6.669      0.000
    W8_FV$1           -0.584      0.095     -6.127      0.000

Latent Class 2

 Thresholds
    W4_SMOKE$1        -1.889      0.824     -2.292      0.022
    W5_SMOKE$1        -2.663      0.355     -7.503      0.000
    W6_SMOKE$1        -2.043      0.312     -6.555      0.000
    W7_SMOKE$1        -1.777      0.291     -6.097      0.000
    W8_SMOKE$1        -0.865      0.208     -4.163      0.000
    W4_DRINK$1        -0.769      0.340     -2.263      0.024
    W4_DRINK$2         1.114      0.315      3.532      0.000
    W4_DRINK$3         3.261      0.597      5.465      0.000
    W5_DRINK$1        -0.714      0.311     -2.295      0.022
    W5_DRINK$2         0.974      0.301      3.236      0.001
    W5_DRINK$3         2.953      0.429      6.890      0.000
    W6_DRINK$1        -0.399      0.293     -1.364      0.173
    W6_DRINK$2         0.973      0.313      3.106      0.002
    W6_DRINK$3         2.708      0.405      6.689      0.000
    W7_DRINK$1        -0.275      0.260     -1.058      0.290
    W7_DRINK$2         1.322      0.311      4.245      0.000
    W7_DRINK$3         3.481      0.554      6.283      0.000
    W8_DRINK$1        -0.452      0.290     -1.560      0.119
    W8_DRINK$2         1.054      0.310      3.403      0.001
    W8_DRINK$3         2.469      0.416      5.935      0.000
    W4_PA$1           -4.928      1.013     -4.864      0.000
    W4_PA$2            0.622      0.215      2.896      0.004
    W4_PA$3            1.603      0.288      5.566      0.000
    W5_PA$1           -4.867      1.008     -4.828      0.000
    W5_PA$2            0.754      0.219      3.446      0.001
    W5_PA$3            1.846      0.274      6.748      0.000
    W6_PA$1           -4.827      1.005     -4.802      0.000
    W6_PA$2            0.631      0.246      2.570      0.010
    W6_PA$3            1.751      0.284      6.159      0.000
    W7_PA$1           -5.458      1.064     -5.128      0.000
    W7_PA$2            0.621      0.250      2.489      0.013
    W7_PA$3            1.677      0.307      5.461      0.000
    W8_PA$1           -5.212      1.010     -5.161      0.000
    W8_PA$2            0.884      0.219      4.032      0.000
    W8_PA$3            1.693      0.256      6.607      0.000
    W4_FV$1            0.491      0.187      2.628      0.009
    W5_FV$1            1.103      0.205      5.379      0.000
    W6_FV$1            0.830      0.204      4.068      0.000
    W7_FV$1            0.326      0.219      1.487      0.137
    W8_FV$1            0.408      0.214      1.907      0.056

Latent Class 3

 Thresholds
    W4_SMOKE$1         4.137      0.313     13.203      0.000
    W5_SMOKE$1         4.534      0.480      9.454      0.000
    W6_SMOKE$1         4.687      0.508      9.230      0.000
    W7_SMOKE$1         5.563      0.643      8.655      0.000
    W8_SMOKE$1         4.923      0.564      8.723      0.000
    W4_DRINK$1        -1.117      0.123     -9.060      0.000
    W4_DRINK$2         2.647      0.190     13.923      0.000
    W4_DRINK$3        15.000      0.000    999.000    999.000
    W5_DRINK$1        -0.904      0.115     -7.882      0.000
    W5_DRINK$2         2.753      0.220     12.493      0.000
    W5_DRINK$3         6.184      1.015      6.095      0.000
    W6_DRINK$1        -0.809      0.110     -7.367      0.000
    W6_DRINK$2         2.951      0.235     12.534      0.000
    W6_DRINK$3        15.000      0.000    999.000    999.000
    W7_DRINK$1        -0.766      0.110     -6.947      0.000
    W7_DRINK$2         3.187      0.277     11.493      0.000
    W7_DRINK$3        15.000      0.000    999.000    999.000
    W8_DRINK$1        -0.688      0.111     -6.198      0.000
    W8_DRINK$2         3.183      0.276     11.534      0.000
    W8_DRINK$3        15.000      0.000    999.000    999.000
    W4_PA$1           -6.080      0.588    -10.333      0.000
    W4_PA$2           -0.098      0.091     -1.087      0.277
    W4_PA$3            0.983      0.097     10.095      0.000
    W5_PA$1           -5.098      0.536     -9.510      0.000
    W5_PA$2           -0.014      0.093     -0.152      0.879
    W5_PA$3            1.146      0.101     11.405      0.000
    W6_PA$1           -4.870      0.438    -11.115      0.000
    W6_PA$2            0.124      0.095      1.304      0.192
    W6_PA$3            1.077      0.104     10.374      0.000
    W7_PA$1           -5.188      0.619     -8.377      0.000
    W7_PA$2            0.207      0.094      2.201      0.028
    W7_PA$3            1.169      0.110     10.662      0.000
    W8_PA$1           -4.775      0.370    -12.897      0.000
    W8_PA$2            0.337      0.091      3.709      0.000
    W8_PA$3            1.232      0.104     11.898      0.000
    W4_FV$1           -0.483      0.085     -5.666      0.000
    W5_FV$1           -0.541      0.100     -5.432      0.000
    W6_FV$1           -0.712      0.103     -6.916      0.000
    W7_FV$1           -0.771      0.105     -7.368      0.000
    W8_FV$1           -0.696      0.100     -6.994      0.000

Categorical Latent Variables

 Means
    C#1               -0.372      0.068     -5.442      0.000
    C#2               -1.635      0.141    -11.608      0.000


RESULTS IN PROBABILITY SCALE

Latent Class 1

 W4_SMOKE
    Category 1         0.969      0.009    106.471      0.000
    Category 2         0.031      0.009      3.393      0.001
 W5_SMOKE
    Category 1         0.982      0.009    111.942      0.000
    Category 2         0.018      0.009      2.006      0.045
 W6_SMOKE
    Category 1         0.996      0.003    382.013      0.000
    Category 2         0.004      0.003      1.655      0.098
 W7_SMOKE
    Category 1         0.994      0.004    268.887      0.000
    Category 2         0.006      0.004      1.528      0.126
 W8_SMOKE
    Category 1         0.993      0.005    207.075      0.000
    Category 2         0.007      0.005      1.455      0.146
 W4_DRINK
    Category 1         0.013      0.005      2.437      0.015
    Category 2         0.180      0.025      7.280      0.000
    Category 3         0.690      0.023     29.697      0.000
    Category 4         0.117      0.014      8.368      0.000
 W5_DRINK
    Category 1         0.010      0.004      2.364      0.018
    Category 2         0.172      0.023      7.426      0.000
    Category 3         0.707      0.022     31.643      0.000
    Category 4         0.111      0.013      8.354      0.000
 W6_DRINK
    Category 1         0.029      0.008      3.737      0.000
    Category 2         0.191      0.024      7.850      0.000
    Category 3         0.672      0.023     29.183      0.000
    Category 4         0.109      0.013      8.244      0.000
 W7_DRINK
    Category 1         0.012      0.005      2.603      0.009
    Category 2         0.221      0.024      9.232      0.000
    Category 3         0.645      0.022     28.795      0.000
    Category 4         0.123      0.015      8.264      0.000
 W8_DRINK
    Category 1         0.018      0.005      3.419      0.001
    Category 2         0.236      0.025      9.327      0.000
    Category 3         0.656      0.023     28.002      0.000
    Category 4         0.090      0.012      7.321      0.000
 W4_PA
    Category 1         0.001      0.001      0.999      0.318
    Category 2         0.413      0.023     18.134      0.000
    Category 3         0.249      0.018     14.088      0.000
    Category 4         0.337      0.022     15.493      0.000
 W5_PA
    Category 1         0.008      0.004      1.888      0.059
    Category 2         0.412      0.023     17.875      0.000
    Category 3         0.274      0.018     14.876      0.000
    Category 4         0.306      0.021     14.272      0.000
 W6_PA
    Category 1         0.000      0.000      0.000      1.000
    Category 2         0.415      0.023     17.928      0.000
    Category 3         0.239      0.018     13.622      0.000
    Category 4         0.346      0.023     15.288      0.000
 W7_PA
    Category 1         0.001      0.001      0.999      0.318
    Category 2         0.435      0.023     19.051      0.000
    Category 3         0.262      0.018     14.369      0.000
    Category 4         0.301      0.022     13.698      0.000
 W8_PA
    Category 1         0.006      0.003      1.697      0.090
    Category 2         0.432      0.023     18.628      0.000
    Category 3         0.255      0.018     14.039      0.000
    Category 4         0.307      0.022     13.822      0.000
 W4_FV
    Category 1         0.394      0.022     18.099      0.000
    Category 2         0.606      0.022     27.838      0.000
 W5_FV
    Category 1         0.379      0.022     16.951      0.000
    Category 2         0.621      0.022     27.759      0.000
 W6_FV
    Category 1         0.357      0.023     15.854      0.000
    Category 2         0.643      0.023     28.544      0.000
 W7_FV
    Category 1         0.345      0.022     15.938      0.000
    Category 2         0.655      0.022     30.204      0.000
 W8_FV
    Category 1         0.358      0.022     16.351      0.000
    Category 2         0.642      0.022     29.313      0.000

Latent Class 2

 W4_SMOKE
    Category 1         0.131      0.094      1.396      0.163
    Category 2         0.869      0.094      9.237      0.000
 W5_SMOKE
    Category 1         0.065      0.022      3.013      0.003
    Category 2         0.935      0.022     43.224      0.000
 W6_SMOKE
    Category 1         0.115      0.032      3.624      0.000
    Category 2         0.885      0.032     27.957      0.000
 W7_SMOKE
    Category 1         0.145      0.036      4.013      0.000
    Category 2         0.855      0.036     23.713      0.000
 W8_SMOKE
    Category 1         0.296      0.043      6.844      0.000
    Category 2         0.704      0.043     16.248      0.000
 W4_DRINK
    Category 1         0.317      0.074      4.310      0.000
    Category 2         0.436      0.051      8.586      0.000
    Category 3         0.210      0.051      4.146      0.000
    Category 4         0.037      0.021      1.740      0.082
 W5_DRINK
    Category 1         0.329      0.069      4.787      0.000
    Category 2         0.397      0.047      8.529      0.000
    Category 3         0.225      0.052      4.352      0.000
    Category 4         0.050      0.020      2.455      0.014
 W6_DRINK
    Category 1         0.402      0.070      5.708      0.000
    Category 2         0.324      0.045      7.211      0.000
    Category 3         0.212      0.052      4.074      0.000
    Category 4         0.063      0.024      2.635      0.008
 W7_DRINK
    Category 1         0.432      0.064      6.761      0.000
    Category 2         0.358      0.047      7.587      0.000
    Category 3         0.181      0.045      4.047      0.000
    Category 4         0.030      0.016      1.861      0.063
 W8_DRINK
    Category 1         0.389      0.069      5.646      0.000
    Category 2         0.353      0.048      7.413      0.000
    Category 3         0.180      0.044      4.065      0.000
    Category 4         0.078      0.030      2.608      0.009
 W4_PA
    Category 1         0.007      0.007      0.994      0.320
    Category 2         0.643      0.049     13.024      0.000
    Category 3         0.182      0.033      5.518      0.000
    Category 4         0.168      0.040      4.170      0.000
 W5_PA
    Category 1         0.008      0.008      1.000      0.318
    Category 2         0.672      0.048     13.939      0.000
    Category 3         0.184      0.035      5.280      0.000
    Category 4         0.136      0.032      4.231      0.000
 W6_PA
    Category 1         0.008      0.008      1.003      0.316
    Category 2         0.645      0.056     11.469      0.000
    Category 3         0.199      0.040      4.997      0.000
    Category 4         0.148      0.036      4.127      0.000
 W7_PA
    Category 1         0.004      0.004      0.944      0.345
    Category 2         0.646      0.056     11.590      0.000
    Category 3         0.192      0.036      5.406      0.000
    Category 4         0.158      0.041      3.866      0.000
 W8_PA
    Category 1         0.005      0.005      0.996      0.319
    Category 2         0.702      0.046     15.333      0.000
    Category 3         0.137      0.030      4.567      0.000
    Category 4         0.155      0.034      4.620      0.000
 W4_FV
    Category 1         0.620      0.044     14.104      0.000
    Category 2         0.380      0.044      8.635      0.000
 W5_FV
    Category 1         0.751      0.038     19.571      0.000
    Category 2         0.249      0.038      6.496      0.000
 W6_FV
    Category 1         0.696      0.043     16.142      0.000
    Category 2         0.304      0.043      7.040      0.000
 W7_FV
    Category 1         0.581      0.053     10.894      0.000
    Category 2         0.419      0.053      7.866      0.000
 W8_FV
    Category 1         0.601      0.051     11.710      0.000
    Category 2         0.399      0.051      7.789      0.000

Latent Class 3

 W4_SMOKE
    Category 1         0.984      0.005    203.051      0.000
    Category 2         0.016      0.005      3.242      0.001
 W5_SMOKE
    Category 1         0.989      0.005    196.241      0.000
    Category 2         0.011      0.005      2.108      0.035
 W6_SMOKE
    Category 1         0.991      0.005    215.746      0.000
    Category 2         0.009      0.005      1.987      0.047
 W7_SMOKE
    Category 1         0.996      0.002    406.979      0.000
    Category 2         0.004      0.002      1.562      0.118
 W8_SMOKE
    Category 1         0.993      0.004    245.264      0.000
    Category 2         0.007      0.004      1.785      0.074
 W4_DRINK
    Category 1         0.247      0.023     10.766      0.000
    Category 2         0.687      0.021     33.315      0.000
    Category 3         0.066      0.012      5.633      0.000
    Category 4         0.000      0.000      0.000      1.000
 W5_DRINK
    Category 1         0.288      0.024     12.248      0.000
    Category 2         0.652      0.020     31.980      0.000
    Category 3         0.058      0.012      4.755      0.000
    Category 4         0.002      0.002      0.988      0.323
 W6_DRINK
    Category 1         0.308      0.023     13.156      0.000
    Category 2         0.642      0.020     31.388      0.000
    Category 3         0.050      0.011      4.470      0.000
    Category 4         0.000      0.000      0.000      1.000
 W7_DRINK
    Category 1         0.317      0.024     13.296      0.000
    Category 2         0.643      0.020     31.700      0.000
    Category 3         0.040      0.011      3.755      0.000
    Category 4         0.000      0.000      0.000      1.000
 W8_DRINK
    Category 1         0.335      0.025     13.540      0.000
    Category 2         0.626      0.021     29.182      0.000
    Category 3         0.040      0.011      3.774      0.000
    Category 4         0.000      0.000      0.000      1.000
 W4_PA
    Category 1         0.002      0.001      1.703      0.088
    Category 2         0.473      0.023     20.933      0.000
    Category 3         0.252      0.015     16.317      0.000
    Category 4         0.272      0.019     14.108      0.000
 W5_PA
    Category 1         0.006      0.003      1.877      0.061
    Category 2         0.490      0.023     21.102      0.000
    Category 3         0.262      0.016     16.197      0.000
    Category 4         0.241      0.018     13.112      0.000
 W6_PA
    Category 1         0.008      0.003      2.300      0.021
    Category 2         0.523      0.024     22.140      0.000
    Category 3         0.215      0.015     14.608      0.000
    Category 4         0.254      0.020     12.912      0.000
 W7_PA
    Category 1         0.006      0.003      1.624      0.104
    Category 2         0.546      0.023     23.778      0.000
    Category 3         0.211      0.014     15.097      0.000
    Category 4         0.237      0.020     11.959      0.000
 W8_PA
    Category 1         0.008      0.003      2.724      0.006
    Category 2         0.575      0.022     26.034      0.000
    Category 3         0.191      0.014     13.413      0.000
    Category 4         0.226      0.018     12.479      0.000
 W4_FV
    Category 1         0.382      0.020     18.986      0.000
    Category 2         0.618      0.020     30.762      0.000
 W5_FV
    Category 1         0.368      0.023     15.884      0.000
    Category 2         0.632      0.023     27.286      0.000
 W6_FV
    Category 1         0.329      0.023     14.492      0.000
    Category 2         0.671      0.023     29.522      0.000
 W7_FV
    Category 1         0.316      0.023     13.984      0.000
    Category 2         0.684      0.023     30.223      0.000
 W8_FV
    Category 1         0.333      0.022     15.050      0.000
    Category 2         0.667      0.022     30.197      0.000


LATENT CLASS ODDS RATIO RESULTS

                                                95% C.I.
                    Estimate       S.E.  Lower 2.5% Upper 2.5%

Latent Class 1 Compared to Latent Class 2

 W4_SMOKE
    Category > 1       0.005      0.005      0.001      0.032
 W5_SMOKE
    Category > 1       0.001      0.001      0.000      0.005
 W6_SMOKE
    Category > 1       0.001      0.000      0.000      0.002
 W7_SMOKE
    Category > 1       0.001      0.001      0.000      0.004
 W8_SMOKE
    Category > 1       0.003      0.002      0.001      0.012
 W4_DRINK
    Category > 1      34.852     18.963     11.997    101.245
    Category > 2      12.766      4.981      5.941     27.428
    Category > 3       3.459      2.170      1.011     11.832
 W5_DRINK
    Category > 1      46.580     25.961     15.623    138.875
    Category > 2      11.902      4.540      5.636     25.135
    Category > 3       2.396      1.110      0.967      5.939
 W6_DRINK
    Category > 1      22.607      9.110     10.262     49.804
    Category > 2       9.403      3.589      4.450     19.867
    Category > 3       1.826      0.809      0.766      4.350
 W7_DRINK
    Category > 1      63.286     30.139     24.885    160.949
    Category > 2      12.364      4.548      6.013     25.425
    Category > 3       4.540      2.693      1.420     14.519
 W8_DRINK
    Category > 1      34.074     14.249     15.013     77.339
    Category > 2       8.426      3.094      4.103     17.306
    Category > 3       1.169      0.545      0.469      2.914
 W4_PA
    Category > 1       5.505      7.858      0.336     90.329
    Category > 2       2.630      0.604      1.677      4.124
    Category > 3       2.522      0.754      1.403      4.533
 W5_PA
    Category > 1       0.966      1.105      0.103      9.094
    Category > 2       2.932      0.684      1.856      4.630
    Category > 3       2.794      0.806      1.588      4.918
 W6_PA
    Category > 1   26192.746      0.000  26192.746  26192.746
    Category > 2       2.652      0.679      1.606      4.381
    Category > 3       3.054      0.908      1.706      5.469
 W7_PA
    Category > 1       3.247      4.727      0.187     56.321
    Category > 2       2.402      0.624      1.443      3.997
    Category > 3       2.306      0.726      1.244      4.273
 W8_PA
    Category > 1       0.977      1.146      0.098      9.738
    Category > 2       3.108      0.727      1.965      4.916
    Category > 3       2.405      0.652      1.414      4.092
 W4_FV
    Category > 1       2.512      0.522      1.672      3.774
 W5_FV
    Category > 1       4.934      1.103      3.183      7.647
 W6_FV
    Category > 1       4.128      0.914      2.676      6.370
 W7_FV
    Category > 1       2.625      0.607      1.668      4.130
 W8_FV
    Category > 1       2.695      0.611      1.728      4.204

Latent Class 1 Compared to Latent Class 3

 W4_SMOKE
    Category > 1       1.996      0.912      0.815      4.890
 W5_SMOKE
    Category > 1       1.669      1.194      0.410      6.784
 W6_SMOKE
    Category > 1       0.470      0.379      0.097      2.286
 W7_SMOKE
    Category > 1       1.481      1.384      0.237      9.245
 W8_SMOKE
    Category > 1       0.965      0.918      0.150      6.223
 W4_DRINK
    Category > 1      24.603     10.679     10.508     57.606
    Category > 2      59.126     12.071     39.628     88.219
    Category > 3   *********      0.000  *********  *********
 W5_DRINK
    Category > 1      38.522     16.490     16.646     89.144
    Category > 2      70.494     15.436     45.895    108.279
    Category > 3      60.657     62.081      8.160    450.894
 W6_DRINK
    Category > 1      15.003      4.478      8.358     26.930
    Category > 2      67.951     15.401     43.579    105.954
    Category > 3   *********      0.000  *********  *********
 W7_DRINK
    Category > 1      38.762     15.474     17.725     84.766
    Category > 2      79.875     20.255     48.591    131.300
    Category > 3   *********      0.000  *********  *********
 W8_DRINK
    Category > 1      26.921      8.563     14.432     50.217
    Category > 2      70.782     18.418     42.503    117.874
    Category > 3   *********      0.000  *********  *********
 W4_PA
    Category > 1       1.739      2.024      0.178     17.019
    Category > 2       1.280      0.189      0.959      1.709
    Category > 3       1.356      0.212      0.999      1.842
 W5_PA
    Category > 1       0.767      0.583      0.173      3.400
    Category > 2       1.360      0.206      1.010      1.830
    Category > 3       1.387      0.226      1.008      1.910
 W6_PA
    Category > 1   25073.270      0.000  25073.271  25073.271
    Category > 2       1.597      0.244      1.184      2.154
    Category > 3       1.556      0.259      1.124      2.155
 W7_PA
    Category > 1       4.256      5.033      0.419     43.218
    Category > 2       1.588      0.237      1.185      2.128
    Category > 3       1.387      0.245      0.981      1.961
 W8_PA
    Category > 1       1.513      1.061      0.383      5.981
    Category > 2       1.799      0.268      1.344      2.408
    Category > 3       1.516      0.258      1.086      2.118
 W4_FV
    Category > 1       0.949      0.129      0.728      1.238
 W5_FV
    Category > 1       0.953      0.147      0.705      1.289
 W6_FV
    Category > 1       0.884      0.142      0.645      1.211
 W7_FV
    Category > 1       0.877      0.138      0.644      1.194
 W8_FV
    Category > 1       0.893      0.137      0.661      1.208

Latent Class 2 Compared to Latent Class 3

 W4_SMOKE
    Category > 1     414.273    344.246     81.275   2111.628
 W5_SMOKE
    Category > 1    1335.549    769.041    432.025   4128.677
 W6_SMOKE
    Category > 1     837.358    492.364    264.483   2651.089
 W7_SMOKE
    Category > 1    1540.014   1078.891    390.108   6079.450
 W8_SMOKE
    Category > 1     326.215    196.962     99.898   1065.251
 W4_DRINK
    Category > 1       0.706      0.295      0.311      1.602
    Category > 2       4.632      1.870      2.099     10.218
    Category > 3   *********      0.000  *********  *********
 W5_DRINK
    Category > 1       0.827      0.315      0.392      1.746
    Category > 2       5.923      2.462      2.622     13.378
    Category > 3      25.312     28.192      2.853    224.596
 W6_DRINK
    Category > 1       0.664      0.238      0.329      1.339
    Category > 2       7.227      3.144      3.080     16.956
    Category > 3   *********      0.000  *********  *********
 W7_DRINK
    Category > 1       0.612      0.197      0.326      1.152
    Category > 2       6.460      3.072      2.544     16.405
    Category > 3   *********      0.000  *********  *********
 W8_DRINK
    Category > 1       0.790      0.281      0.394      1.585
    Category > 2       8.400      3.955      3.338     21.138
    Category > 3   *********      0.000  *********  *********
 W4_PA
    Category > 1       0.316      0.371      0.032      3.153
    Category > 2       0.487      0.125      0.295      0.804
    Category > 3       0.538      0.176      0.284      1.020
 W5_PA
    Category > 1       0.794      0.904      0.085      7.404
    Category > 2       0.464      0.122      0.277      0.778
    Category > 3       0.497      0.154      0.271      0.911
 W6_PA
    Category > 1       0.957      1.058      0.110      8.353
    Category > 2       0.602      0.178      0.337      1.076
    Category > 3       0.509      0.165      0.270      0.962
 W7_PA
    Category > 1       1.311      1.703      0.103     16.737
    Category > 2       0.661      0.198      0.367      1.189
    Category > 3       0.602      0.215      0.299      1.213
 W8_PA
    Category > 1       1.549      1.670      0.187     12.808
    Category > 2       0.579      0.151      0.348      0.964
    Category > 3       0.630      0.185      0.355      1.120
 W4_FV
    Category > 1       0.378      0.081      0.248      0.575
 W5_FV
    Category > 1       0.193      0.048      0.119      0.314
 W6_FV
    Category > 1       0.214      0.054      0.130      0.352
 W7_FV
    Category > 1       0.334      0.093      0.193      0.577
 W8_FV
    Category > 1       0.331      0.089      0.196      0.560


QUALITY OF NUMERICAL RESULTS

     Condition Number for the Information Matrix              0.273E-07
       (ratio of smallest to largest eigenvalue)


TECHNICAL 11 OUTPUT

     Random Starts Specifications for the k-1 Class Analysis Model
        Number of initial stage random starts                 500
        Number of final stage optimizations                   100



     VUONG-LO-MENDELL-RUBIN LIKELIHOOD RATIO TEST FOR 2 (H0) VERSUS 3 CLASSES

          H0 Loglikelihood Value                       -31171.525
          2 Times the Loglikelihood Difference           2822.830
          Difference in the Number of Parameters               41
          Mean                                            179.967
          Standard Deviation                              335.266
          P-Value                                          0.0000

     LO-MENDELL-RUBIN ADJUSTED LRT TEST

          Value                                          2813.956
          P-Value                                          0.0000


PLOT INFORMATION

The following plots are available:

  Histograms (sample values)
  Scatterplots (sample values)
  Sample proportions and estimated probabilities

     Beginning Time:  11:55:19
        Ending Time:  11:57:23
       Elapsed Time:  00:02:04



MUTHEN & MUTHEN
3463 Stoner Ave.
Los Angeles, CA  90066

Tel: (310) 391-9971
Fax: (310) 391-8971
Web: www.StatModel.com
Support: Support@StatModel.com

Copyright (c) 1998-2020 Muthen & Muthen
