Mplus VERSION 8.5 (Mac)
MUTHEN & MUTHEN
09/16/2022  11:57 AM

INPUT INSTRUCTIONS

  TITLE:
  C4_LCA_enumerate
  DATA:
  FILE = "./c_lca_enumerate.dat";

  VARIABLE:
  NAMES = idauniq W4_Smoke W5_Smoke W6_Smoke W7_Smoke W8_Smoke W4_Drink W5_Drink
       W6_Drink W7_Drink W8_Drink W4_PA W5_PA W6_PA W7_PA W8_PA W4_FV W5_FV W6_FV
       W7_FV W8_FV Weights Female Age Pat_Int Pat_Hig Self_Int Self_Hig Edu_Upp
       Edu_Ter Wealth_2 Wealth_3 Eye_4 Circul_4 Endocr_4 Muscul_4 Respir_4 Neopla_4
       Nervou_4 Mental_4 Multi_4 CMulti_4 Luncan_4 Multi Eye Circul Endocr Muscul
       Respir Neopla Nervou Mental CMulti Luncan;
   MISSING=.;
   CATEGORICAL = W4_Smoke,W5_Smoke,W6_Smoke,W7_Smoke,W8_Smoke,
  W4_Drink,W5_Drink,W6_Drink,W7_Drink,W8_Drink,
  W4_PA,W5_PA,W6_PA,W7_PA,W8_PA,W4_FV,W5_FV,W6_FV,
  W7_FV,W8_FV;
  USEVARIABLES = W4_Smoke,W5_Smoke,W6_Smoke,W7_Smoke,W8_Smoke,
  W4_Drink,W5_Drink,W6_Drink,W7_Drink,W8_Drink,
  W4_PA,W5_PA,W6_PA,W7_PA,W8_PA,W4_FV,W5_FV,W6_FV,
  W7_FV,W8_FV,Weights;
  USEOBSERVATIONS = Female NE -99 AND Age NE -99
    AND  Pat_Int NE -99 AND
  Pat_Hig NE -99 AND Self_Int NE -99 AND
  Self_Hig NE -99 AND Edu_Upp NE -99 AND
  Edu_Ter NE -99 AND
  Wealth_2 NE -99 AND Wealth_3 NE -99;
          WEIGHT        = Weights;
  MISSING ARE ALL (-99);
          classes = c(4);
  ANALYSIS:
  estimator = mlr;
      type = mixture;
      starts = 500 100;
      STITERATIONS=20;
  LRTSTARTS = 50 10 400 20;
  OUTPUT:
  TECH11 TECH14
  PLOT:
  type = plot3;
      series is W4_Smoke(2) W5_Smoke(3) W6_Smoke(4) W7_Smoke(5)
      W8_Smoke(6) W4_Drink(7) W5_Drink(8)
      W6_Drink(9) W7_Drink(10)
      W8_Drink(11) W4_PA(12) W5_PA(13)
      W6_PA(14) W7_PA(15) W8_PA(16)
      W4_FV(17) W5_FV(18) W6_FV(19)
      W7_FV(20) W8_FV(21);



*** WARNING
  One or more observations has a value of 0 for the WEIGHT variable.
*** WARNING in OUTPUT command
  TECH14 option is not available for TYPE=MIXTURE with weights.
  Request for TECH14 is ignored.
   2 WARNING(S) FOUND IN THE INPUT INSTRUCTIONS




C4_LCA_enumerate

SUMMARY OF ANALYSIS

Number of groups                                                 1
Number of observations                                        2284

Number of dependent variables                                   20
Number of independent variables                                  0
Number of continuous latent variables                            0
Number of categorical latent variables                           1

Observed dependent variables

  Binary and ordered categorical (ordinal)
   W4_SMOKE    W5_SMOKE    W6_SMOKE    W7_SMOKE    W8_SMOKE    W4_DRINK
   W5_DRINK    W6_DRINK    W7_DRINK    W8_DRINK    W4_PA       W5_PA
   W6_PA       W7_PA       W8_PA       W4_FV       W5_FV       W6_FV
   W7_FV       W8_FV

Categorical latent variables
   C

Variables with special functions

  Weight variable       WEIGHTS

Estimator                                                      MLR
Information matrix                                        OBSERVED
Optimization Specifications for the Quasi-Newton Algorithm for
Continuous Outcomes
  Maximum number of iterations                                 100
  Convergence criterion                                  0.100D-05
Optimization Specifications for the EM Algorithm
  Maximum number of iterations                                 500
  Convergence criteria
    Loglikelihood change                                 0.100D-06
    Relative loglikelihood change                        0.100D-06
    Derivative                                           0.100D-05
Optimization Specifications for the M step of the EM Algorithm for
Categorical Latent variables
  Number of M step iterations                                    1
  M step convergence criterion                           0.100D-05
  Basis for M step termination                           ITERATION
Optimization Specifications for the M step of the EM Algorithm for
Censored, Binary or Ordered Categorical (Ordinal), Unordered
Categorical (Nominal) and Count Outcomes
  Number of M step iterations                                    1
  M step convergence criterion                           0.100D-05
  Basis for M step termination                           ITERATION
  Maximum value for logit thresholds                            15
  Minimum value for logit thresholds                           -15
  Minimum expected cell size for chi-square              0.100D-01
Maximum number of iterations for H1                           2000
Convergence criterion for H1                             0.100D-03
Optimization algorithm                                         EMA
Random Starts Specifications
  Number of initial stage random starts                        500
  Number of final stage optimizations                          100
  Number of initial stage iterations                            20
  Initial stage convergence criterion                    0.100D+01
  Random starts scale                                    0.500D+01
  Random seed for generating random starts                       0
Link                                                         LOGIT

Input data file(s)
  ./c_lca_enumerate.dat
Input data format  FREE


SUMMARY OF DATA

     Number of missing data patterns           348
     Number of y missing data patterns           0
     Number of u missing data patterns         348


COVARIANCE COVERAGE OF DATA

Minimum covariance coverage value   0.100


     PROPORTION OF DATA PRESENT FOR U


           Covariance Coverage
              W4_SMOKE      W5_SMOKE      W6_SMOKE      W7_SMOKE      W8_SMOKE
              ________      ________      ________      ________      ________
 W4_SMOKE       0.950
 W5_SMOKE       0.576         0.582
 W6_SMOKE       0.591         0.581         0.597
 W7_SMOKE       0.600         0.581         0.595         0.607
 W8_SMOKE       0.604         0.579         0.592         0.602         0.613
 W4_DRINK       0.819         0.501         0.514         0.521         0.526
 W5_DRINK       0.840         0.515         0.528         0.535         0.539
 W6_DRINK       0.826         0.504         0.514         0.524         0.530
 W7_DRINK       0.817         0.503         0.515         0.523         0.529
 W8_DRINK       0.818         0.508         0.519         0.527         0.530
 W4_PA          0.919         0.559         0.574         0.584         0.588
 W5_PA          0.919         0.562         0.577         0.586         0.590
 W6_PA          0.919         0.560         0.575         0.585         0.591
 W7_PA          0.918         0.560         0.574         0.584         0.589
 W8_PA          0.919         0.563         0.577         0.587         0.594
 W4_FV          0.882         0.535         0.549         0.557         0.562
 W5_FV          0.909         0.553         0.567         0.576         0.581
 W6_FV          0.899         0.547         0.559         0.570         0.577
 W7_FV          0.896         0.549         0.562         0.571         0.577
 W8_FV          0.904         0.555         0.569         0.578         0.581


           Covariance Coverage
              W4_DRINK      W5_DRINK      W6_DRINK      W7_DRINK      W8_DRINK
              ________      ________      ________      ________      ________
 W4_DRINK       0.862
 W5_DRINK       0.803         0.884
 W6_DRINK       0.789         0.820         0.869
 W7_DRINK       0.778         0.811         0.807         0.860
 W8_DRINK       0.780         0.810         0.806         0.802         0.863
 W4_PA          0.837         0.858         0.846         0.838         0.838
 W5_PA          0.839         0.861         0.848         0.838         0.840
 W6_PA          0.840         0.857         0.844         0.835         0.838
 W7_PA          0.838         0.858         0.845         0.836         0.840
 W8_PA          0.839         0.859         0.844         0.838         0.839
 W4_FV          0.862         0.827         0.813         0.803         0.807
 W5_FV          0.831         0.883         0.839         0.829         0.829
 W6_FV          0.819         0.844         0.869         0.824         0.824
 W7_FV          0.813         0.838         0.829         0.858         0.819
 W8_FV          0.826         0.846         0.837         0.827         0.862


           Covariance Coverage
              W4_PA         W5_PA         W6_PA         W7_PA         W8_PA
              ________      ________      ________      ________      ________
 W4_PA          0.967
 W5_PA          0.947         0.968
 W6_PA          0.942         0.946         0.967
 W7_PA          0.943         0.945         0.947         0.967
 W8_PA          0.941         0.943         0.942         0.945         0.969
 W4_FV          0.900         0.901         0.902         0.899         0.901
 W5_FV          0.926         0.927         0.925         0.925         0.927
 W6_FV          0.916         0.916         0.915         0.915         0.916
 W7_FV          0.913         0.912         0.911         0.912         0.915
 W8_FV          0.924         0.925         0.925         0.926         0.926


           Covariance Coverage
              W4_FV         W5_FV         W6_FV         W7_FV         W8_FV
              ________      ________      ________      ________      ________
 W4_FV          0.929
 W5_FV          0.896         0.957
 W6_FV          0.880         0.912         0.945
 W7_FV          0.876         0.907         0.901         0.942
 W8_FV          0.890         0.915         0.908         0.904         0.954


UNIVARIATE PROPORTIONS AND COUNTS FOR CATEGORICAL VARIABLES

    W4_SMOKE
      Category 1    0.891         1925.844
      Category 2    0.109          234.748
    W5_SMOKE
      Category 1    0.851         1157.310
      Category 2    0.149          202.715
    W6_SMOKE
      Category 1    0.867         1208.814
      Category 2    0.133          184.995
    W7_SMOKE
      Category 1    0.876         1240.376
      Category 2    0.124          175.204
    W8_SMOKE
      Category 1    0.896         1283.430
      Category 2    0.104          149.367
    W4_DRINK
      Category 1    0.164          320.482
      Category 2    0.470          917.962
      Category 3    0.318          622.237
      Category 4    0.048           94.323
    W5_DRINK
      Category 1    0.186          374.445
      Category 2    0.442          890.564
      Category 3    0.323          650.148
      Category 4    0.049           97.802
    W6_DRINK
      Category 1    0.211          415.369
      Category 2    0.439          865.797
      Category 3    0.303          598.251
      Category 4    0.048           93.832
    W7_DRINK
      Category 1    0.212          412.957
      Category 2    0.453          882.714
      Category 3    0.285          556.053
      Category 4    0.050           97.302
    W8_DRINK
      Category 1    0.216          421.432
      Category 2    0.446          868.970
      Category 3    0.294          572.844
      Category 4    0.043           83.521
    W4_PA
      Category 1    0.002            5.262
      Category 2    0.468         1022.860
      Category 3    0.244          534.097
      Category 4    0.286          625.309
    W5_PA
      Category 1    0.007           15.191
      Category 2    0.480         1054.783
      Category 3    0.259          568.446
      Category 4    0.255          559.669
    W6_PA
      Category 1    0.005           10.634
      Category 2    0.495         1085.487
      Category 3    0.222          486.969
      Category 4    0.277          607.986
    W7_PA
      Category 1    0.004            8.452
      Category 2    0.515         1132.106
      Category 3    0.228          501.571
      Category 4    0.253          555.694
    W8_PA
      Category 1    0.007           15.509
      Category 2    0.536         1182.815
      Category 3    0.209          460.071
      Category 4    0.248          546.968
    W4_FV
      Category 1    0.410          864.415
      Category 2    0.590         1246.457
    W5_FV
      Category 1    0.412          901.271
      Category 2    0.588         1286.332
    W6_FV
      Category 1    0.376          809.996
      Category 2    0.624         1342.282
    W7_FV
      Category 1    0.355          761.184
      Category 2    0.645         1384.397
    W8_FV
      Category 1    0.369          802.729
      Category 2    0.631         1370.880


RANDOM STARTS RESULTS RANKED FROM THE BEST TO THE WORST LOGLIKELIHOOD VALUES

Final stage loglikelihood values at local maxima, seeds, and initial stage start numbers:

          -28914.822  273992           349
          -28914.822  350608           334
          -28914.822  313407           132
          -28914.822  468036           131
          -28914.822  193042           316
          -28914.822  329127           185
          -28914.822  544048           87
          -28914.822  741888           138
          -28914.822  695155           150
          -28914.822  319144           176
          -28914.822  642909           251
          -28914.822  777045           377
          -28914.822  12477            155
          -28914.822  862607           468
          -28914.822  73576            213
          -28914.822  496881           192
          -28914.822  481835           57
          -28914.822  751153           110
          -28914.822  65651            214
          -28914.822  415502           194
          -28914.822  168762           200
          -28914.822  416250           390
          -28914.822  918558           412
          -28914.822  97158            205
          -28914.822  545140           278
          -28914.822  608460           244
          -28914.822  782821           272
          -28914.822  568405           233
          -28914.822  53621            483
          -28914.822  1548             384
          -28914.822  746978           410
          -28914.822  50887            389
          -28914.822  621542           375
          -28914.822  392766           331

66 perturbed starting value run(s) did not converge or were rejected in the third stage.



THE BEST LOGLIKELIHOOD VALUE HAS BEEN REPLICATED.  RERUN WITH AT LEAST TWICE THE
RANDOM STARTS TO CHECK THAT THE BEST LOGLIKELIHOOD IS STILL OBTAINED AND REPLICATED.

     IN THE OPTIMIZATION, ONE OR MORE LOGIT THRESHOLDS APPROACHED EXTREME VALUES
     OF -15.000 AND 15.000 AND WERE FIXED TO STABILIZE MODEL ESTIMATION.  THESE
     VALUES IMPLY PROBABILITIES OF 0 AND 1.  IN THE MODEL RESULTS SECTION, THESE
     PARAMETERS HAVE 0 STANDARD ERRORS AND 999 IN THE Z-SCORE AND P-VALUE COLUMNS.




THE MODEL ESTIMATION TERMINATED NORMALLY

     THE CHI-SQUARE TEST CANNOT BE COMPUTED BECAUSE THE FREQUENCY TABLE FOR THE
     LATENT CLASS INDICATOR MODEL PART IS TOO LARGE.




MODEL FIT INFORMATION

Number of Free Parameters                      163

Loglikelihood

          H0 Value                      -28914.822
          H0 Scaling Correction Factor      1.4087
            for MLR

Information Criteria

          Akaike (AIC)                   58155.645
          Bayesian (BIC)                 59090.235
          Sample-Size Adjusted BIC       58572.355
            (n* = (n + 2) / 24)



FINAL CLASS COUNTS AND PROPORTIONS FOR THE LATENT CLASSES
BASED ON THE ESTIMATED MODEL

    Latent
   Classes

       1        208.22056          0.09116
       2        754.93240          0.33053
       3        693.62716          0.30369
       4        627.21988          0.27461


FINAL CLASS COUNTS AND PROPORTIONS FOR THE LATENT CLASSES
BASED ON ESTIMATED POSTERIOR PROBABILITIES

    Latent
   Classes

       1        208.22056          0.09116
       2        754.93240          0.33053
       3        693.62716          0.30369
       4        627.21988          0.27461


FINAL CLASS COUNTS AND PROPORTIONS FOR THE LATENT CLASSES
BASED ON THEIR MOST LIKELY LATENT CLASS MEMBERSHIP

Class Counts and Proportions

    Latent
   Classes

       1              197          0.08646
       2              755          0.33073
       3              713          0.31201
       4              618          0.27079


CLASSIFICATION QUALITY

     Entropy                         0.869


Average Latent Class Probabilities for Most Likely Latent Class Membership (Row)
by Latent Class (Column)

           1        2        3        4

    1   0.988    0.005    0.007    0.000
    2   0.004    0.946    0.017    0.032
    3   0.010    0.025    0.907    0.057
    4   0.004    0.034    0.053    0.909


Classification Probabilities for the Most Likely Latent Class Membership (Column)
by Latent Class (Row)

           1        2        3        4

    1   0.937    0.016    0.036    0.012
    2   0.001    0.947    0.024    0.028
    3   0.002    0.019    0.932    0.047
    4   0.000    0.039    0.065    0.897


Logits for the Classification Probabilities for the Most Likely Latent Class Membership (Column)
by Latent Class (Row)

              1        2        3        4

    1      4.391    0.317    1.121    0.000
    2     -3.145    3.519   -0.167    0.000
    3     -3.111   -0.918    2.988    0.000
    4     -9.396   -3.148   -2.626    0.000


MODEL RESULTS

                                                    Two-Tailed
                    Estimate       S.E.  Est./S.E.    P-Value

Latent Class 1

 Thresholds
    W4_SMOKE$1        -3.072      0.578     -5.313      0.000
    W5_SMOKE$1        -2.697      0.356     -7.583      0.000
    W6_SMOKE$1        -2.148      0.366     -5.862      0.000
    W7_SMOKE$1        -1.863      0.329     -5.667      0.000
    W8_SMOKE$1        -0.925      0.220     -4.208      0.000
    W4_DRINK$1        -0.985      0.240     -4.100      0.000
    W4_DRINK$2         0.989      0.249      3.967      0.000
    W4_DRINK$3         3.162      0.565      5.593      0.000
    W5_DRINK$1        -0.872      0.238     -3.662      0.000
    W5_DRINK$2         0.835      0.230      3.636      0.000
    W5_DRINK$3         2.800      0.390      7.181      0.000
    W6_DRINK$1        -0.547      0.227     -2.413      0.016
    W6_DRINK$2         0.862      0.240      3.590      0.000
    W6_DRINK$3         2.623      0.376      6.976      0.000
    W7_DRINK$1        -0.353      0.214     -1.651      0.099
    W7_DRINK$2         1.199      0.245      4.901      0.000
    W7_DRINK$3         3.332      0.504      6.613      0.000
    W8_DRINK$1        -0.600      0.224     -2.682      0.007
    W8_DRINK$2         0.936      0.238      3.931      0.000
    W8_DRINK$3         2.334      0.363      6.421      0.000
    W4_PA$1           -4.797      1.006     -4.768      0.000
    W4_PA$2            0.475      0.193      2.462      0.014
    W4_PA$3            1.424      0.253      5.621      0.000
    W5_PA$1           -4.739      1.003     -4.724      0.000
    W5_PA$2            0.566      0.196      2.885      0.004
    W5_PA$3            1.678      0.259      6.468      0.000
    W6_PA$1           -4.710      1.005     -4.688      0.000
    W6_PA$2            0.426      0.192      2.219      0.027
    W6_PA$3            1.563      0.258      6.062      0.000
    W7_PA$1           -5.573      1.005     -5.546      0.000
    W7_PA$2            0.431      0.193      2.230      0.026
    W7_PA$3            1.491      0.251      5.948      0.000
    W8_PA$1           -5.102      1.003     -5.088      0.000
    W8_PA$2            0.755      0.191      3.943      0.000
    W8_PA$3            1.561      0.241      6.482      0.000
    W4_FV$1            0.409      0.197      2.078      0.038
    W5_FV$1            1.021      0.201      5.067      0.000
    W6_FV$1            0.721      0.198      3.647      0.000
    W7_FV$1            0.221      0.186      1.188      0.235
    W8_FV$1            0.283      0.190      1.493      0.135

Latent Class 2

 Thresholds
    W4_SMOKE$1         3.369      0.299     11.275      0.000
    W5_SMOKE$1         3.970      0.517      7.674      0.000
    W6_SMOKE$1         5.467      0.690      7.927      0.000
    W7_SMOKE$1         5.153      0.708      7.280      0.000
    W8_SMOKE$1         5.370      0.825      6.513      0.000
    W4_DRINK$1        -4.468      0.447     -9.994      0.000
    W4_DRINK$2        -1.721      0.155    -11.078      0.000
    W4_DRINK$3         1.912      0.134     14.273      0.000
    W5_DRINK$1        -5.045      0.524     -9.632      0.000
    W5_DRINK$2        -1.746      0.138    -12.617      0.000
    W5_DRINK$3         1.986      0.134     14.838      0.000
    W6_DRINK$1        -3.547      0.303    -11.688      0.000
    W6_DRINK$2        -1.492      0.145    -10.324      0.000
    W6_DRINK$3         1.999      0.135     14.836      0.000
    W7_DRINK$1        -4.575      0.450    -10.162      0.000
    W7_DRINK$2        -1.416      0.143     -9.870      0.000
    W7_DRINK$3         1.863      0.136     13.680      0.000
    W8_DRINK$1        -4.073      0.334    -12.188      0.000
    W8_DRINK$2        -1.274      0.131     -9.756      0.000
    W8_DRINK$3         2.208      0.148     14.881      0.000
    W4_PA$1           -6.533      1.002     -6.518      0.000
    W4_PA$2           -0.258      0.101     -2.560      0.010
    W4_PA$3            0.780      0.112      6.941      0.000
    W5_PA$1           -4.728      0.534     -8.851      0.000
    W5_PA$2           -0.239      0.102     -2.341      0.019
    W5_PA$3            0.948      0.117      8.110      0.000
    W6_PA$1          -15.000      0.000    999.000    999.000
    W6_PA$2           -0.263      0.105     -2.505      0.012
    W6_PA$3            0.751      0.112      6.715      0.000
    W7_PA$1           -6.534      1.002     -6.519      0.000
    W7_PA$2           -0.179      0.100     -1.793      0.073
    W7_PA$3            0.999      0.118      8.457      0.000
    W8_PA$1           -5.087      0.592     -8.589      0.000
    W8_PA$2           -0.178      0.100     -1.788      0.074
    W8_PA$3            0.950      0.112      8.499      0.000
    W4_FV$1           -0.409      0.097     -4.230      0.000
    W5_FV$1           -0.483      0.097     -5.002      0.000
    W6_FV$1           -0.550      0.099     -5.572      0.000
    W7_FV$1           -0.604      0.098     -6.144      0.000
    W8_FV$1           -0.526      0.098     -5.352      0.000

Latent Class 3

 Thresholds
    W4_SMOKE$1         3.872      0.468      8.265      0.000
    W5_SMOKE$1         3.952      0.703      5.619      0.000
    W6_SMOKE$1         4.588      0.672      6.828      0.000
    W7_SMOKE$1         5.212      0.757      6.883      0.000
    W8_SMOKE$1         5.958      1.163      5.125      0.000
    W4_DRINK$1        -0.765      0.144     -5.308      0.000
    W4_DRINK$2         2.432      0.253      9.611      0.000
    W4_DRINK$3        15.000      0.000    999.000    999.000
    W5_DRINK$1        -0.577      0.150     -3.855      0.000
    W5_DRINK$2         2.853      0.358      7.962      0.000
    W5_DRINK$3         5.299      0.831      6.379      0.000
    W6_DRINK$1        -0.539      0.140     -3.857      0.000
    W6_DRINK$2         2.770      0.312      8.882      0.000
    W6_DRINK$3         6.724      1.481      4.540      0.000
    W7_DRINK$1        -0.516      0.144     -3.578      0.000
    W7_DRINK$2         3.212      0.362      8.872      0.000
    W7_DRINK$3        15.000      0.000    999.000    999.000
    W8_DRINK$1        -0.355      0.147     -2.411      0.016
    W8_DRINK$2         3.327      0.383      8.690      0.000
    W8_DRINK$3        15.000      0.000    999.000    999.000
    W4_PA$1           -5.978      0.767     -7.792      0.000
    W4_PA$2            0.994      0.212      4.686      0.000
    W4_PA$3            2.679      0.368      7.283      0.000
    W5_PA$1           -4.713      0.748     -6.304      0.000
    W5_PA$2            1.323      0.259      5.109      0.000
    W5_PA$3            3.169      0.403      7.862      0.000
    W6_PA$1           -4.614      0.568     -8.128      0.000
    W6_PA$2            1.732      0.333      5.209      0.000
    W6_PA$3            3.657      0.680      5.376      0.000
    W7_PA$1           -4.578      0.601     -7.623      0.000
    W7_PA$2            1.731      0.262      6.599      0.000
    W7_PA$3            4.356      1.172      3.716      0.000
    W8_PA$1           -4.384      0.439     -9.997      0.000
    W8_PA$2            1.637      0.269      6.088      0.000
    W8_PA$3            3.292      0.406      8.116      0.000
    W4_FV$1           -0.094      0.118     -0.793      0.427
    W5_FV$1           -0.160      0.128     -1.253      0.210
    W6_FV$1           -0.284      0.130     -2.193      0.028
    W7_FV$1           -0.375      0.127     -2.963      0.003
    W8_FV$1           -0.380      0.125     -3.052      0.002

Latent Class 4

 Thresholds
    W4_SMOKE$1         4.352      0.528      8.236      0.000
    W5_SMOKE$1         5.079      1.772      2.866      0.004
    W6_SMOKE$1         4.866      1.251      3.891      0.000
    W7_SMOKE$1         5.926      1.006      5.891      0.000
    W8_SMOKE$1         4.120      0.536      7.680      0.000
    W4_DRINK$1        -1.644      0.195     -8.453      0.000
    W4_DRINK$2         2.315      0.293      7.898      0.000
    W4_DRINK$3        15.000      0.000    999.000    999.000
    W5_DRINK$1        -1.384      0.170     -8.132      0.000
    W5_DRINK$2         2.019      0.281      7.193      0.000
    W5_DRINK$3         7.775      2.795      2.782      0.005
    W6_DRINK$1        -1.215      0.159     -7.628      0.000
    W6_DRINK$2         2.332      0.282      8.257      0.000
    W6_DRINK$3        15.000      0.000    999.000    999.000
    W7_DRINK$1        -1.170      0.176     -6.659      0.000
    W7_DRINK$2         2.413      0.275      8.776      0.000
    W7_DRINK$3        15.000      0.000    999.000    999.000
    W8_DRINK$1        -1.204      0.163     -7.407      0.000
    W8_DRINK$2         2.293      0.297      7.731      0.000
    W8_DRINK$3        15.000      0.000    999.000    999.000
    W4_PA$1           -6.413      1.004     -6.384      0.000
    W4_PA$2           -1.455      0.190     -7.675      0.000
    W4_PA$3           -0.063      0.162     -0.390      0.697
    W5_PA$1           -6.221      1.925     -3.231      0.001
    W5_PA$2           -1.584      0.221     -7.179      0.000
    W5_PA$3            0.059      0.183      0.322      0.747
    W6_PA$1           -5.519      1.288     -4.287      0.000
    W6_PA$2           -1.569      0.248     -6.317      0.000
    W6_PA$3           -0.113      0.195     -0.580      0.562
    W7_PA$1          -15.000      0.000    999.000    999.000
    W7_PA$2           -1.293      0.238     -5.436      0.000
    W7_PA$3           -0.045      0.191     -0.233      0.816
    W8_PA$1           -5.886      1.126     -5.226      0.000
    W8_PA$2           -0.903      0.174     -5.191      0.000
    W8_PA$3            0.151      0.186      0.811      0.418
    W4_FV$1           -0.905      0.150     -6.030      0.000
    W5_FV$1           -0.900      0.158     -5.681      0.000
    W6_FV$1           -1.165      0.178     -6.556      0.000
    W7_FV$1           -1.198      0.164     -7.324      0.000
    W8_FV$1           -1.041      0.175     -5.945      0.000

Categorical Latent Variables

 Means
    C#1               -1.103      0.130     -8.479      0.000
    C#2                0.185      0.105      1.758      0.079
    C#3                0.101      0.176      0.572      0.567


RESULTS IN PROBABILITY SCALE

Latent Class 1

 W4_SMOKE
    Category 1         0.044      0.024      1.810      0.070
    Category 2         0.956      0.024     39.058      0.000
 W5_SMOKE
    Category 1         0.063      0.021      3.001      0.003
    Category 2         0.937      0.021     44.518      0.000
 W6_SMOKE
    Category 1         0.105      0.034      3.047      0.002
    Category 2         0.895      0.034     26.109      0.000
 W7_SMOKE
    Category 1         0.134      0.038      3.515      0.000
    Category 2         0.866      0.038     22.636      0.000
 W8_SMOKE
    Category 1         0.284      0.045      6.356      0.000
    Category 2         0.716      0.045     16.024      0.000
 W4_DRINK
    Category 1         0.272      0.048      5.720      0.000
    Category 2         0.457      0.050      9.072      0.000
    Category 3         0.230      0.045      5.143      0.000
    Category 4         0.041      0.022      1.844      0.065
 W5_DRINK
    Category 1         0.295      0.050      5.952      0.000
    Category 2         0.403      0.047      8.514      0.000
    Category 3         0.245      0.044      5.582      0.000
    Category 4         0.057      0.021      2.720      0.007
 W6_DRINK
    Category 1         0.367      0.053      6.966      0.000
    Category 2         0.337      0.046      7.300      0.000
    Category 3         0.229      0.045      5.115      0.000
    Category 4         0.068      0.024      2.852      0.004
 W7_DRINK
    Category 1         0.413      0.052      7.953      0.000
    Category 2         0.356      0.047      7.543      0.000
    Category 3         0.197      0.039      5.013      0.000
    Category 4         0.034      0.017      2.056      0.040
 W8_DRINK
    Category 1         0.354      0.051      6.927      0.000
    Category 2         0.364      0.048      7.658      0.000
    Category 3         0.193      0.040      4.832      0.000
    Category 4         0.088      0.029      3.018      0.003
 W4_PA
    Category 1         0.008      0.008      1.002      0.316
    Category 2         0.608      0.046     13.290      0.000
    Category 3         0.189      0.035      5.405      0.000
    Category 4         0.194      0.040      4.900      0.000
 W5_PA
    Category 1         0.009      0.009      1.006      0.315
    Category 2         0.629      0.046     13.828      0.000
    Category 3         0.205      0.036      5.740      0.000
    Category 4         0.157      0.034      4.576      0.000
 W6_PA
    Category 1         0.009      0.009      1.004      0.315
    Category 2         0.596      0.046     12.949      0.000
    Category 3         0.222      0.038      5.917      0.000
    Category 4         0.173      0.037      4.690      0.000
 W7_PA
    Category 1         0.004      0.004      0.999      0.318
    Category 2         0.602      0.046     13.046      0.000
    Category 3         0.210      0.036      5.840      0.000
    Category 4         0.184      0.038      4.886      0.000
 W8_PA
    Category 1         0.006      0.006      1.003      0.316
    Category 2         0.674      0.042     16.139      0.000
    Category 3         0.146      0.031      4.794      0.000
    Category 4         0.173      0.035      5.023      0.000
 W4_FV
    Category 1         0.601      0.047     12.739      0.000
    Category 2         0.399      0.047      8.465      0.000
 W5_FV
    Category 1         0.735      0.039     18.740      0.000
    Category 2         0.265      0.039      6.751      0.000
 W6_FV
    Category 1         0.673      0.044     15.456      0.000
    Category 2         0.327      0.044      7.513      0.000
 W7_FV
    Category 1         0.555      0.046     12.068      0.000
    Category 2         0.445      0.046      9.673      0.000
 W8_FV
    Category 1         0.570      0.047     12.262      0.000
    Category 2         0.430      0.047      9.235      0.000

Latent Class 2

 W4_SMOKE
    Category 1         0.967      0.010    100.543      0.000
    Category 2         0.033      0.010      3.462      0.001
 W5_SMOKE
    Category 1         0.981      0.009    104.334      0.000
    Category 2         0.019      0.009      1.970      0.049
 W6_SMOKE
    Category 1         0.996      0.003    344.751      0.000
    Category 2         0.004      0.003      1.456      0.145
 W7_SMOKE
    Category 1         0.994      0.004    245.708      0.000
    Category 2         0.006      0.004      1.421      0.155
 W8_SMOKE
    Category 1         0.995      0.004    261.802      0.000
    Category 2         0.005      0.004      1.219      0.223
 W4_DRINK
    Category 1         0.011      0.005      2.262      0.024
    Category 2         0.140      0.020      7.196      0.000
    Category 3         0.719      0.021     34.715      0.000
    Category 4         0.129      0.015      8.571      0.000
 W5_DRINK
    Category 1         0.006      0.003      1.922      0.055
    Category 2         0.142      0.017      8.206      0.000
    Category 3         0.731      0.019     37.796      0.000
    Category 4         0.121      0.014      8.496      0.000
 W6_DRINK
    Category 1         0.028      0.008      3.390      0.001
    Category 2         0.156      0.020      7.710      0.000
    Category 3         0.697      0.021     32.587      0.000
    Category 4         0.119      0.014      8.427      0.000
 W7_DRINK
    Category 1         0.010      0.005      2.244      0.025
    Category 2         0.185      0.022      8.346      0.000
    Category 3         0.670      0.022     30.396      0.000
    Category 4         0.134      0.016      8.483      0.000
 W8_DRINK
    Category 1         0.017      0.005      3.043      0.002
    Category 2         0.202      0.022      9.324      0.000
    Category 3         0.682      0.022     31.207      0.000
    Category 4         0.099      0.013      7.480      0.000
 W4_PA
    Category 1         0.001      0.001      0.999      0.318
    Category 2         0.434      0.025     17.544      0.000
    Category 3         0.250      0.019     13.372      0.000
    Category 4         0.314      0.024     12.972      0.000
 W5_PA
    Category 1         0.009      0.005      1.889      0.059
    Category 2         0.432      0.025     17.246      0.000
    Category 3         0.280      0.020     14.327      0.000
    Category 4         0.279      0.024     11.866      0.000
 W6_PA
    Category 1         0.000      0.000      0.000      1.000
    Category 2         0.435      0.026     16.810      0.000
    Category 3         0.245      0.019     13.139      0.000
    Category 4         0.321      0.024     13.159      0.000
 W7_PA
    Category 1         0.001      0.001      0.999      0.318
    Category 2         0.454      0.025     18.311      0.000
    Category 3         0.276      0.019     14.199      0.000
    Category 4         0.269      0.023     11.586      0.000
 W8_PA
    Category 1         0.006      0.004      1.699      0.089
    Category 2         0.449      0.025     18.255      0.000
    Category 3         0.266      0.019     13.768      0.000
    Category 4         0.279      0.022     12.408      0.000
 W4_FV
    Category 1         0.399      0.023     17.194      0.000
    Category 2         0.601      0.023     25.891      0.000
 W5_FV
    Category 1         0.382      0.023     16.753      0.000
    Category 2         0.618      0.023     27.151      0.000
 W6_FV
    Category 1         0.366      0.023     15.990      0.000
    Category 2         0.634      0.023     27.704      0.000
 W7_FV
    Category 1         0.353      0.022     15.740      0.000
    Category 2         0.647      0.022     28.789      0.000
 W8_FV
    Category 1         0.372      0.023     16.198      0.000
    Category 2         0.628      0.023     27.402      0.000

Latent Class 3

 W4_SMOKE
    Category 1         0.980      0.009    104.682      0.000
    Category 2         0.020      0.009      2.179      0.029
 W5_SMOKE
    Category 1         0.981      0.013     75.438      0.000
    Category 2         0.019      0.013      1.449      0.147
 W6_SMOKE
    Category 1         0.990      0.007    147.797      0.000
    Category 2         0.010      0.007      1.503      0.133
 W7_SMOKE
    Category 1         0.995      0.004    243.604      0.000
    Category 2         0.005      0.004      1.328      0.184
 W8_SMOKE
    Category 1         0.997      0.003    333.609      0.000
    Category 2         0.003      0.003      0.862      0.388
 W4_DRINK
    Category 1         0.317      0.031     10.161      0.000
    Category 2         0.602      0.031     19.333      0.000
    Category 3         0.081      0.019      4.298      0.000
    Category 4         0.000      0.000      0.000      1.000
 W5_DRINK
    Category 1         0.360      0.034     10.424      0.000
    Category 2         0.586      0.031     18.786      0.000
    Category 3         0.050      0.018      2.774      0.006
    Category 4         0.005      0.004      1.210      0.226
 W6_DRINK
    Category 1         0.368      0.033     11.337      0.000
    Category 2         0.573      0.031     18.452      0.000
    Category 3         0.058      0.017      3.385      0.001
    Category 4         0.001      0.002      0.676      0.499
 W7_DRINK
    Category 1         0.374      0.034     11.086      0.000
    Category 2         0.587      0.031     18.959      0.000
    Category 3         0.039      0.013      2.873      0.004
    Category 4         0.000      0.000      0.000      1.000
 W8_DRINK
    Category 1         0.412      0.036     11.560      0.000
    Category 2         0.553      0.033     16.646      0.000
    Category 3         0.035      0.013      2.706      0.007
    Category 4         0.000      0.000      0.000      1.000
 W4_PA
    Category 1         0.003      0.002      1.307      0.191
    Category 2         0.727      0.042     17.446      0.000
    Category 3         0.206      0.028      7.362      0.000
    Category 4         0.064      0.022      2.905      0.004
 W5_PA
    Category 1         0.009      0.007      1.349      0.177
    Category 2         0.781      0.044     17.659      0.000
    Category 3         0.170      0.033      5.086      0.000
    Category 4         0.040      0.016      2.585      0.010
 W6_PA
    Category 1         0.010      0.006      1.779      0.075
    Category 2         0.840      0.043     19.577      0.000
    Category 3         0.125      0.031      3.976      0.000
    Category 4         0.025      0.017      1.508      0.132
 W7_PA
    Category 1         0.010      0.006      1.682      0.093
    Category 2         0.839      0.033     25.393      0.000
    Category 3         0.138      0.024      5.842      0.000
    Category 4         0.013      0.015      0.864      0.388
 W8_PA
    Category 1         0.012      0.005      2.309      0.021
    Category 2         0.825      0.037     22.349      0.000
    Category 3         0.127      0.029      4.402      0.000
    Category 4         0.036      0.014      2.557      0.011
 W4_FV
    Category 1         0.477      0.029     16.156      0.000
    Category 2         0.523      0.029     17.745      0.000
 W5_FV
    Category 1         0.460      0.032     14.502      0.000
    Category 2         0.540      0.032     17.020      0.000
 W6_FV
    Category 1         0.429      0.032     13.510      0.000
    Category 2         0.571      0.032     17.955      0.000
 W7_FV
    Category 1         0.407      0.031     13.323      0.000
    Category 2         0.593      0.031     19.388      0.000
 W8_FV
    Category 1         0.406      0.030     13.512      0.000
    Category 2         0.594      0.030     19.765      0.000

Latent Class 4

 W4_SMOKE
    Category 1         0.987      0.007    148.804      0.000
    Category 2         0.013      0.007      1.917      0.055
 W5_SMOKE
    Category 1         0.994      0.011     91.187      0.000
    Category 2         0.006      0.011      0.568      0.570
 W6_SMOKE
    Category 1         0.992      0.009    104.548      0.000
    Category 2         0.008      0.009      0.806      0.420
 W7_SMOKE
    Category 1         0.997      0.003    373.470      0.000
    Category 2         0.003      0.003      0.997      0.319
 W8_SMOKE
    Category 1         0.984      0.008    116.615      0.000
    Category 2         0.016      0.008      1.894      0.058
 W4_DRINK
    Category 1         0.162      0.026      6.134      0.000
    Category 2         0.748      0.026     29.283      0.000
    Category 3         0.090      0.024      3.749      0.000
    Category 4         0.000      0.000      0.000      1.000
 W5_DRINK
    Category 1         0.200      0.027      7.350      0.000
    Category 2         0.682      0.027     25.151      0.000
    Category 3         0.117      0.029      4.073      0.000
    Category 4         0.000      0.001      0.358      0.720
 W6_DRINK
    Category 1         0.229      0.028      8.141      0.000
    Category 2         0.683      0.026     26.722      0.000
    Category 3         0.089      0.023      3.885      0.000
    Category 4         0.000      0.000      0.000      1.000
 W7_DRINK
    Category 1         0.237      0.032      7.460      0.000
    Category 2         0.681      0.027     25.485      0.000
    Category 3         0.082      0.021      3.962      0.000
    Category 4         0.000      0.000      0.000      1.000
 W8_DRINK
    Category 1         0.231      0.029      7.999      0.000
    Category 2         0.678      0.027     24.839      0.000
    Category 3         0.092      0.025      3.711      0.000
    Category 4         0.000      0.000      0.000      1.000
 W4_PA
    Category 1         0.002      0.002      0.997      0.319
    Category 2         0.188      0.029      6.446      0.000
    Category 3         0.295      0.026     11.389      0.000
    Category 4         0.516      0.040     12.750      0.000
 W5_PA
    Category 1         0.002      0.004      0.520      0.603
    Category 2         0.168      0.030      5.668      0.000
    Category 3         0.345      0.029     12.061      0.000
    Category 4         0.485      0.046     10.593      0.000
 W6_PA
    Category 1         0.004      0.005      0.780      0.436
    Category 2         0.168      0.035      4.866      0.000
    Category 3         0.299      0.026     11.350      0.000
    Category 4         0.528      0.049     10.889      0.000
 W7_PA
    Category 1         0.000      0.000      0.000      1.000
    Category 2         0.215      0.040      5.360      0.000
    Category 3         0.273      0.023     11.855      0.000
    Category 4         0.511      0.048     10.682      0.000
 W8_PA
    Category 1         0.003      0.003      0.890      0.373
    Category 2         0.286      0.035      8.121      0.000
    Category 3         0.249      0.025      9.927      0.000
    Category 4         0.462      0.046     10.020      0.000
 W4_FV
    Category 1         0.288      0.031      9.357      0.000
    Category 2         0.712      0.031     23.134      0.000
 W5_FV
    Category 1         0.289      0.033      8.881      0.000
    Category 2         0.711      0.033     21.841      0.000
 W6_FV
    Category 1         0.238      0.032      7.379      0.000
    Category 2         0.762      0.032     23.667      0.000
 W7_FV
    Category 1         0.232      0.029      7.957      0.000
    Category 2         0.768      0.029     26.369      0.000
 W8_FV
    Category 1         0.261      0.034      7.725      0.000
    Category 2         0.739      0.034     21.882      0.000


LATENT CLASS ODDS RATIO RESULTS

                                                95% C.I.
                    Estimate       S.E.  Lower 2.5% Upper 2.5%

Latent Class 1 Compared to Latent Class 2

 W4_SMOKE
    Category > 1     626.701    412.284    172.614   2275.335
 W5_SMOKE
    Category > 1     785.691    502.022    224.575   2748.795
 W6_SMOKE
    Category > 1    2028.837   1545.868    455.684   9032.964
 W7_SMOKE
    Category > 1    1113.650    850.067    249.460   4971.603
 W8_SMOKE
    Category > 1     541.664    454.665    104.528   2806.911
 W4_DRINK
    Category > 1       0.031      0.016      0.011      0.083
    Category > 2       0.067      0.020      0.037      0.119
    Category > 3       0.287      0.168      0.090      0.907
 W5_DRINK
    Category > 1       0.015      0.009      0.005      0.048
    Category > 2       0.076      0.021      0.044      0.129
    Category > 3       0.443      0.185      0.195      1.005
 W6_DRINK
    Category > 1       0.050      0.019      0.024      0.105
    Category > 2       0.095      0.027      0.054      0.166
    Category > 3       0.536      0.217      0.242      1.185
 W7_DRINK
    Category > 1       0.015      0.007      0.005      0.039
    Category > 2       0.073      0.021      0.042      0.129
    Category > 3       0.230      0.123      0.081      0.657
 W8_DRINK
    Category > 1       0.031      0.013      0.014      0.068
    Category > 2       0.110      0.030      0.064      0.188
    Category > 3       0.882      0.358      0.398      1.953
 W4_PA
    Category > 1       0.176      0.250      0.011      2.851
    Category > 2       0.480      0.105      0.312      0.739
    Category > 3       0.526      0.148      0.303      0.911
 W5_PA
    Category > 1       1.011      1.150      0.109      9.393
    Category > 2       0.447      0.100      0.289      0.692
    Category > 3       0.482      0.138      0.275      0.846
 W6_PA
    Category > 1       0.000      0.000      0.000      0.000
    Category > 2       0.502      0.111      0.325      0.774
    Category > 3       0.444      0.126      0.254      0.775
 W7_PA
    Category > 1       0.382      0.543      0.024      6.173
    Category > 2       0.543      0.119      0.353      0.835
    Category > 3       0.611      0.171      0.353      1.057
 W8_PA
    Category > 1       1.015      1.182      0.104      9.951
    Category > 2       0.393      0.085      0.257      0.601
    Category > 3       0.543      0.144      0.322      0.913
 W4_FV
    Category > 1       0.441      0.097      0.286      0.680
 W5_FV
    Category > 1       0.222      0.050      0.143      0.345
 W6_FV
    Category > 1       0.281      0.063      0.181      0.434
 W7_FV
    Category > 1       0.438      0.093      0.289      0.664
 W8_FV
    Category > 1       0.445      0.096      0.292      0.679

Latent Class 1 Compared to Latent Class 3

 W4_SMOKE
    Category > 1    1036.833    716.143    267.776   4014.639
 W5_SMOKE
    Category > 1     772.274    592.328    171.749   3472.552
 W6_SMOKE
    Category > 1     842.333    612.949    202.335   3506.693
 W7_SMOKE
    Category > 1    1181.706    945.017    246.482   5665.427
 W8_SMOKE
    Category > 1     975.219   1152.633     96.168   9889.513
 W4_DRINK
    Category > 1       1.245      0.362      0.704      2.202
    Category > 2       4.233      1.556      2.059      8.701
    Category > 3   *********      0.000  *********  *********
 W5_DRINK
    Category > 1       1.343      0.397      0.752      2.398
    Category > 2       7.522      3.261      3.216     17.595
    Category > 3      12.171     11.218      1.999     74.108
 W6_DRINK
    Category > 1       1.008      0.279      0.586      1.735
    Category > 2       6.739      2.726      3.050     14.890
    Category > 3      60.381     93.794      2.875   1268.095
 W7_DRINK
    Category > 1       0.850      0.230      0.500      1.445
    Category > 2       7.484      3.347      3.115     17.980
    Category > 3   *********      0.000  *********  *********
 W8_DRINK
    Category > 1       1.277      0.355      0.741      2.203
    Category > 2      10.920      5.006      4.446     26.821
    Category > 3   *********      0.000  *********  *********
 W4_PA
    Category > 1       0.307      0.389      0.026      3.678
    Category > 2       1.680      0.485      0.954      2.960
    Category > 3       3.510      1.562      1.467      8.398
 W5_PA
    Category > 1       1.026      1.281      0.089     11.867
    Category > 2       2.130      0.700      1.119      4.057
    Category > 3       4.442      2.172      1.704     11.583
 W6_PA
    Category > 1       1.101      1.280      0.113     10.749
    Category > 2       3.692      1.431      1.727      7.894
    Category > 3       8.119      5.965      1.923     34.268
 W7_PA
    Category > 1       2.705      3.169      0.272     26.891
    Category > 2       3.667      1.201      1.930      6.966
    Category > 3      17.539     20.986      1.681    183.018
 W8_PA
    Category > 1       2.050      2.243      0.240     17.500
    Category > 2       2.415      0.811      1.251      4.665
    Category > 3       5.648      2.715      2.201     14.490
 W4_FV
    Category > 1       0.605      0.142      0.381      0.959
 W5_FV
    Category > 1       0.307      0.075      0.190      0.496
 W6_FV
    Category > 1       0.366      0.090      0.226      0.592
 W7_FV
    Category > 1       0.551      0.128      0.349      0.868
 W8_FV
    Category > 1       0.515      0.121      0.324      0.817

Latent Class 1 Compared to Latent Class 4

 W4_SMOKE
    Category > 1    1675.486   1301.372    365.586   7678.785
 W5_SMOKE
    Category > 1    2381.748   4304.500     68.945  82278.922
 W6_SMOKE
    Category > 1    1111.720   1473.408     82.764  14933.046
 W7_SMOKE
    Category > 1    2413.199   2555.633    302.785  19233.199
 W8_SMOKE
    Category > 1     155.196     89.938     49.841    483.249
 W4_DRINK
    Category > 1       0.517      0.160      0.282      0.947
    Category > 2       3.764      1.452      1.767      8.019
    Category > 3   *********      0.000  *********  *********
 W5_DRINK
    Category > 1       0.600      0.174      0.339      1.060
    Category > 2       3.267      1.195      1.595      6.691
    Category > 3     144.704    408.361      0.573  36529.887
 W6_DRINK
    Category > 1       0.513      0.142      0.298      0.883
    Category > 2       4.347      1.620      2.094      9.024
    Category > 3   *********      0.000  *********  *********
 W7_DRINK
    Category > 1       0.442      0.121      0.258      0.758
    Category > 2       3.366      1.248      1.627      6.963
    Category > 3   *********      0.000  *********  *********
 W8_DRINK
    Category > 1       0.547      0.151      0.318      0.941
    Category > 2       3.886      1.496      1.828      8.264
    Category > 3   *********      0.000  *********  *********
 W4_PA
    Category > 1       0.199      0.283      0.012      3.224
    Category > 2       0.145      0.039      0.085      0.247
    Category > 3       0.226      0.068      0.126      0.407
 W5_PA
    Category > 1       0.227      0.493      0.003     16.090
    Category > 2       0.116      0.035      0.065      0.209
    Category > 3       0.198      0.063      0.106      0.370
 W6_PA
    Category > 1       0.445      0.726      0.018     10.885
    Category > 2       0.136      0.043      0.073      0.253
    Category > 3       0.187      0.061      0.099      0.353
 W7_PA
    Category > 1       0.000      0.000      0.000      0.000
    Category > 2       0.178      0.055      0.098      0.326
    Category > 3       0.215      0.068      0.116      0.399
 W8_PA
    Category > 1       0.457      0.690      0.024      8.824
    Category > 2       0.191      0.050      0.114      0.318
    Category > 3       0.244      0.074      0.134      0.444
 W4_FV
    Category > 1       0.269      0.066      0.166      0.435
 W5_FV
    Category > 1       0.146      0.037      0.089      0.242
 W6_FV
    Category > 1       0.152      0.040      0.091      0.254
 W7_FV
    Category > 1       0.242      0.059      0.150      0.391
 W8_FV
    Category > 1       0.266      0.068      0.161      0.439

Latent Class 2 Compared to Latent Class 3

 W4_SMOKE
    Category > 1       1.654      0.908      0.565      4.849
 W5_SMOKE
    Category > 1       0.983      0.801      0.199      4.853
 W6_SMOKE
    Category > 1       0.415      0.378      0.070      2.476
 W7_SMOKE
    Category > 1       1.061      1.107      0.137      8.200
 W8_SMOKE
    Category > 1       1.800      2.563      0.111     29.310
 W4_DRINK
    Category > 1      40.569     18.969     16.225    101.436
    Category > 2      63.650     18.514     35.992    112.563
    Category > 3   *********      0.000  *********  *********
 W5_DRINK
    Category > 1      87.136     47.587     29.876    254.139
    Category > 2      99.376     36.728     48.159    205.059
    Category > 3      27.474     23.152      5.267    143.293
 W6_DRINK
    Category > 1      20.249      6.714     10.573     38.781
    Category > 2      70.976     23.903     36.681    137.335
    Category > 3     112.702    167.802      6.089   2085.985
 W7_DRINK
    Category > 1      57.920     26.862     23.337    143.750
    Category > 2     102.296     38.242     49.163    212.851
    Category > 3   *********      0.000  *********  *********
 W8_DRINK
    Category > 1      41.205     14.818     20.363     83.382
    Category > 2      99.536     38.830     46.335    213.822
    Category > 3   *********      0.000  *********  *********
 W4_PA
    Category > 1       1.742      2.201      0.146     20.724
    Category > 2       3.498      0.887      2.128      5.750
    Category > 3       6.679      2.760      2.972     15.013
 W5_PA
    Category > 1       1.015      0.929      0.168      6.109
    Category > 2       4.766      1.421      2.657      8.550
    Category > 3       9.213      4.123      3.832     22.149
 W6_PA
    Category > 1   32410.543      0.000  32410.543  32410.543
    Category > 2       7.357      2.750      3.536     15.305
    Category > 3      18.289     13.165      4.461     74.976
 W7_PA
    Category > 1       7.075      8.281      0.713     70.157
    Category > 2       6.752      2.023      3.754     12.146
    Category > 3      28.707     34.737      2.679    307.608
 W8_PA
    Category > 1       2.019      1.489      0.476      8.568
    Category > 2       6.140      1.871      3.379     11.156
    Category > 3      10.407      4.599      4.377     24.745
 W4_FV
    Category > 1       1.371      0.214      1.010      1.862
 W5_FV
    Category > 1       1.381      0.224      1.005      1.898
 W6_FV
    Category > 1       1.304      0.216      0.943      1.803
 W7_FV
    Category > 1       1.257      0.205      0.912      1.731
 W8_FV
    Category > 1       1.156      0.185      0.846      1.581

Latent Class 2 Compared to Latent Class 4

 W4_SMOKE
    Category > 1       2.673      1.663      0.790      9.045
 W5_SMOKE
    Category > 1       3.031      5.856      0.069    133.649
 W6_SMOKE
    Category > 1       0.548      0.874      0.024     12.475
 W7_SMOKE
    Category > 1       2.167      2.670      0.194     24.240
 W8_SMOKE
    Category > 1       0.287      0.285      0.041      2.017
 W4_DRINK
    Category > 1      16.848      8.277      6.432     44.132
    Category > 2      56.599     16.742     31.696    101.066
    Category > 3   *********      0.000  *********  *********
 W5_DRINK
    Category > 1      38.902     21.508     13.163    114.971
    Category > 2      43.162     12.790     24.147     77.151
    Category > 3     326.640    913.752      1.358  78575.133
 W6_DRINK
    Category > 1      10.296      3.487      5.302     19.997
    Category > 2      45.783     12.867     26.392     79.419
    Category > 3   *********      0.000  *********  *********
 W7_DRINK
    Category > 1      30.111     14.921     11.400     79.532
    Category > 2      46.003     12.827     26.634     79.457
    Category > 3   *********      0.000  *********  *********
 W8_DRINK
    Category > 1      17.629      6.494      8.563     36.292
    Category > 2      35.422     10.795     19.493     64.369
    Category > 3   *********      0.000  *********  *********
 W4_PA
    Category > 1       1.128      1.602      0.070     18.253
    Category > 2       0.302      0.070      0.192      0.476
    Category > 3       0.430      0.096      0.278      0.666
 W5_PA
    Category > 1       0.225      0.452      0.004     11.604
    Category > 2       0.261      0.068      0.156      0.436
    Category > 3       0.411      0.102      0.253      0.667
 W6_PA
    Category > 1   13104.500      0.000  13104.500  13104.500
    Category > 2       0.271      0.079      0.153      0.480
    Category > 3       0.422      0.105      0.258      0.688
 W7_PA
    Category > 1       0.000      0.000      0.000      0.000
    Category > 2       0.329      0.091      0.191      0.564
    Category > 3       0.352      0.089      0.214      0.579
 W8_PA
    Category > 1       0.450      0.576      0.037      5.526
    Category > 2       0.485      0.104      0.318      0.738
    Category > 3       0.450      0.108      0.281      0.719
 W4_FV
    Category > 1       0.609      0.117      0.418      0.888
 W5_FV
    Category > 1       0.659      0.131      0.447      0.972
 W6_FV
    Category > 1       0.540      0.118      0.352      0.828
 W7_FV
    Category > 1       0.552      0.113      0.370      0.823
 W8_FV
    Category > 1       0.597      0.131      0.389      0.917

Latent Class 3 Compared to Latent Class 4

 W4_SMOKE
    Category > 1       1.616      1.249      0.355      7.355
 W5_SMOKE
    Category > 1       3.084      6.737      0.043    223.080
 W6_SMOKE
    Category > 1       1.320      2.115      0.057     30.502
 W7_SMOKE
    Category > 1       2.042      2.610      0.167     25.010
 W8_SMOKE
    Category > 1       0.159      0.209      0.012      2.094
 W4_DRINK
    Category > 1       0.415      0.109      0.248      0.696
    Category > 2       0.889      0.387      0.379      2.085
    Category > 3       1.000      0.000      1.000      1.000
 W5_DRINK
    Category > 1       0.446      0.112      0.273      0.730
    Category > 2       0.434      0.211      0.167      1.128
    Category > 3      11.889     35.254      0.036   3973.646
 W6_DRINK
    Category > 1       0.508      0.118      0.323      0.800
    Category > 2       0.645      0.301      0.258      1.611
    Category > 3    3928.906      0.000   3928.906   3928.906
 W7_DRINK
    Category > 1       0.520      0.133      0.315      0.859
    Category > 2       0.450      0.222      0.171      1.184
    Category > 3       1.000      0.000      1.000      1.000
 W8_DRINK
    Category > 1       0.428      0.104      0.266      0.687
    Category > 2       0.356      0.178      0.134      0.947
    Category > 3       1.000      0.000      1.000      1.000
 W4_PA
    Category > 1       0.647      0.846      0.050      8.378
    Category > 2       0.086      0.017      0.059      0.127
    Category > 3       0.064      0.020      0.035      0.120
 W5_PA
    Category > 1       0.221      0.527      0.002     23.562
    Category > 2       0.055      0.012      0.036      0.083
    Category > 3       0.045      0.015      0.023      0.088
 W6_PA
    Category > 1       0.404      0.639      0.018      8.935
    Category > 2       0.037      0.009      0.023      0.060
    Category > 3       0.023      0.014      0.007      0.075
 W7_PA
    Category > 1       0.000      0.000      0.000      0.000
    Category > 2       0.049      0.011      0.031      0.075
    Category > 3       0.012      0.013      0.001      0.101
 W8_PA
    Category > 1       0.223      0.288      0.018      2.808
    Category > 2       0.079      0.018      0.050      0.124
    Category > 3       0.043      0.016      0.021      0.091
 W4_FV
    Category > 1       0.444      0.092      0.296      0.666
 W5_FV
    Category > 1       0.477      0.111      0.303      0.753
 W6_FV
    Category > 1       0.414      0.102      0.256      0.671
 W7_FV
    Category > 1       0.439      0.100      0.281      0.686
 W8_FV
    Category > 1       0.516      0.126      0.320      0.832


QUALITY OF NUMERICAL RESULTS

     Condition Number for the Information Matrix              0.469E-07
       (ratio of smallest to largest eigenvalue)


TECHNICAL 11 OUTPUT

     Random Starts Specifications for the k-1 Class Analysis Model
        Number of initial stage random starts                 500
        Number of final stage optimizations                   100



     VUONG-LO-MENDELL-RUBIN LIKELIHOOD RATIO TEST FOR 3 (H0) VERSUS 4 CLASSES

          H0 Loglikelihood Value                       -29760.110
          2 Times the Loglikelihood Difference           1690.575
          Difference in the Number of Parameters               41
          Mean                                             43.890
          Standard Deviation                              310.499
          P-Value                                          0.0000

     LO-MENDELL-RUBIN ADJUSTED LRT TEST

          Value                                          1685.260
          P-Value                                          0.0000


PLOT INFORMATION

The following plots are available:

  Histograms (sample values)
  Scatterplots (sample values)
  Sample proportions and estimated probabilities

     Beginning Time:  11:57:24
        Ending Time:  12:02:10
       Elapsed Time:  00:04:46



MUTHEN & MUTHEN
3463 Stoner Ave.
Los Angeles, CA  90066

Tel: (310) 391-9971
Fax: (310) 391-8971
Web: www.StatModel.com
Support: Support@StatModel.com

Copyright (c) 1998-2020 Muthen & Muthen
