Mplus VERSION 8.5 (Mac)
MUTHEN & MUTHEN
11/19/2022   8:24 PM

INPUT INSTRUCTIONS

  TITLE:
  Step3 - 3step LSAY - Lab9
  DATA:
  FILE = "./Step1_MPlus_Outcomes.dat";

  VARIABLE:
  NAMES = W4_SMOKE W5_SMOKE W6_SMOKE W7_SMOKE W8_SMOKE W4_DRINK W5_DRINK W6_DRINK
       W7_DRINK W8_DRINK W4_PA W5_PA W6_PA W7_PA W8_PA W4_FV W5_FV W6_FV W7_FV W8_FV
       FEMALE AGE PAT_INT PAT_HIG SELF_INT SELF_HIG EDU_UPP EDU_TER WEALTH_2 WEALTH_3
       EYE_4 CIRCUL_4 ENDOCR_4 MUSCUL_4 RESPIR_4 NEOPLA_4 NERVOU_4 MENTAL_4 MULTI_4
       CMULTI_4 LUNCAN_4 EYE CIRCUL ENDOCR MUSCUL RESPIR NEOPLA NERVOU MENTAL MULTI
       CMULTI LUNCAN CPROB1 CPROB2 CPROB3 CPROB4 CPROB5 CPROB6 N WEIGHTS;
   MISSING=.;
   nominal=N;
    usevar = n;
    USEOBSERVATIONS = Female NE -99 AND Age NE -99 AND
    Pat_Int NE -99 AND
  Pat_Hig NE -99 AND Self_Int NE -99 AND
  Self_Hig NE -99 AND Edu_Upp NE -99 AND
  Edu_Ter NE -99 AND
  Wealth_2 NE -99 AND Wealth_3 NE -99;
    missing are all (-99);
    classes = c(6);
    CATEGORICAL = RESPIR;
    usevar = Female Age
     Pat_Int Pat_Hig Self_Int Self_Hig Edu_Upp
     Edu_Ter Wealth_2 Wealth_3 RESPIR;
    WEIGHT  = Weights;
  ANALYSIS:
  estimator = mlr;
    type = mixture;
    starts = 0;
    ITERATIONS = 1000;
  MODEL:
  %OVERALL%

  RESPIR ON Age
     Pat_Int Pat_Hig Self_Int Self_Hig Edu_Upp
     Edu_Ter Wealth_2 Wealth_3 ;         ! covariate as predictor of distal
  RESPIR ON Female;
      %C#1%
      [n#1@3.551];
      [n#2@-0.359];
      [n#3@-0.744];
      [n#4@0.855];
      [n#5@-5.262];

    [RESPIR$1](m1);
   RESPIR ON Female(s1);
     %C#2%
    [n#1@3.635];
    [n#2@6.175];
    [n#3@3.837];
    [n#4@0.016];
    [n#5@-4.895];

    [RESPIR$1](m2);
   RESPIR ON Female(s2);
    %C#3%
   [n#1@-0.391];
    [n#2@0.208];
    [n#3@3.255];
    [n#4@0.355];
    [n#5@-4.856];


    [RESPIR$1](m3);
   RESPIR ON Female(s3);
     %C#4%
    [n#1@-0.118];
    [n#2@-5.902];
    [n#3@-0.905];
    [n#4@2.93];
    [n#5@-4.442];


    [RESPIR$1](m4);
   RESPIR ON Female(s4);

     %C#5%
    [n#1@-1.316];
    [n#2@-2.843];
    [n#3@-0.178];
    [n#4@-0.75];
    [n#5@4.251];


    [RESPIR$1](m5);
   RESPIR ON Female(s5);
      %C#6%
    [n#1@-3.545];
    [n#2@-8.357];
    [n#3@-3.614];
    [n#4@-2.593];
    [n#5@-6.997];

      [RESPIR$1](m6);
     RESPIR ON Female(s6);
  MODEL CONSTRAINT:
  New (diff12 diff13 diff23 diff14
    diff24 diff34 diff15 diff16 diff25
    diff26 diff35 diff36 diff45
    diff46 diff56
    slope12 slope13 slope23 slope14
    slope24 slope34 slope15 slope16 slope25
    slope26 slope35 slope36 slope45 slope46 slope56);
    diff12 = m1-m2;  ! test pairwise distal mean differences
    diff13 = m1-m3;
    diff23 = m2-m3;
    diff14 = m1-m4;
    diff24 = m2-m4;
    diff34 = m3-m4;
    diff15 = m1-m5;
    diff16 = m1-m6;
    diff25 = m2-m5;
    diff26 = m2-m6;
    diff35 = m3-m5;
    diff36 = m3-m6;
    diff45 = m4-m5;
    diff46 = m4-m6;
    diff56 = m5-m6;
      slope12 = s1-s2;
    slope13 = s1-s3;
    slope23 = s2-s3;
    slope14 = s1-s4;
    slope24 = s2-s4;
    slope34 = s3-s4;
    slope15 = s1-s5;
    slope16 = s1-s6;
    slope25 = s2-s5;
    slope26 = s2-s6;
    slope35 = s3-s5;
    slope36 = s3-s6;
    slope45 = s4-s5;
    slope46 = s4-s6;
    slope56 = s5-s6;

  MODEL TEST:

     0=s1-s2;
     0=s2-s3;
     0=s3-s4;
     0=s4-s5;
     0=s5-s6;
  OUTPUT:
  sampstat residual TECH11 TECH14;



*** WARNING
  One or more observations has a value of 0 for the WEIGHT variable.
*** WARNING in OUTPUT command
  TECH11 option is not available in conjunction with nonlinear constraints
  through the use of MODEL CONSTRAINT.  Request for TECH11 is ignored.
*** WARNING in OUTPUT command
  TECH14 option is not available for TYPE=MIXTURE with weights.
  Request for TECH14 is ignored.
   3 WARNING(S) FOUND IN THE INPUT INSTRUCTIONS




Step3 - 3step LSAY - Lab9

SUMMARY OF ANALYSIS

Number of groups                                                 1
Number of observations                                        3787

Number of dependent variables                                    2
Number of independent variables                                 10
Number of continuous latent variables                            0
Number of categorical latent variables                           1

Observed dependent variables

  Binary and ordered categorical (ordinal)
   RESPIR

  Unordered categorical (nominal)
   N

Observed independent variables
   FEMALE      AGE         PAT_INT     PAT_HIG     SELF_INT    SELF_HIG
   EDU_UPP     EDU_TER     WEALTH_2    WEALTH_3

Categorical latent variables
   C

Variables with special functions

  Weight variable       WEIGHTS

Estimator                                                      MLR
Information matrix                                        OBSERVED
Optimization Specifications for the Quasi-Newton Algorithm for
Continuous Outcomes
  Maximum number of iterations                                1000
  Convergence criterion                                  0.100D-05
Optimization Specifications for the EM Algorithm
  Maximum number of iterations                                 500
  Convergence criteria
    Loglikelihood change                                 0.100D-06
    Relative loglikelihood change                        0.100D-06
    Derivative                                           0.100D-05
Optimization Specifications for the M step of the EM Algorithm for
Categorical Latent variables
  Number of M step iterations                                    1
  M step convergence criterion                           0.100D-05
  Basis for M step termination                           ITERATION
Optimization Specifications for the M step of the EM Algorithm for
Censored, Binary or Ordered Categorical (Ordinal), Unordered
Categorical (Nominal) and Count Outcomes
  Number of M step iterations                                    1
  M step convergence criterion                           0.100D-05
  Basis for M step termination                           ITERATION
  Maximum value for logit thresholds                            15
  Minimum value for logit thresholds                           -15
  Minimum expected cell size for chi-square              0.100D-01
Maximum number of iterations for H1                           2000
Convergence criterion for H1                             0.100D-03
Optimization algorithm                                         EMA
Link                                                         LOGIT

Input data file(s)
  ./Step1_MPlus_Outcomes.dat
Input data format  FREE


SUMMARY OF DATA

     Number of missing data patterns             1
     Number of y missing data patterns           0
     Number of u missing data patterns           1


COVARIANCE COVERAGE OF DATA

Minimum covariance coverage value   0.100


UNIVARIATE PROPORTIONS AND COUNTS FOR CATEGORICAL VARIABLES

    RESPIR
      Category 1    0.859         3251.919
      Category 2    0.141          535.081
    N
      Category 1    0.211          798.978
      Category 2    0.105          398.439
      Category 3    0.176          667.361
      Category 4    0.231          874.945
      Category 5    0.101          383.414
      Category 6    0.175          663.864


SAMPLE STATISTICS


     SAMPLE STATISTICS


           Means
              FEMALE        AGE           PAT_INT       PAT_HIG       SELF_INT
              ________      ________      ________      ________      ________
                0.521        63.677         0.328         0.382         0.246


           Means
              SELF_HIG      EDU_UPP       EDU_TER       WEALTH_2      WEALTH_3
              ________      ________      ________      ________      ________
                0.350         0.475         0.168         0.336         0.358


           Covariances
              FEMALE        AGE           PAT_INT       PAT_HIG       SELF_INT
              ________      ________      ________      ________      ________
 FEMALE         0.250
 AGE            0.237        67.179
 PAT_INT       -0.011        -0.023         0.220
 PAT_HIG        0.008        -0.193        -0.125         0.236
 SELF_INT       0.019        -0.013         0.002         0.007         0.185
 SELF_HIG      -0.030        -0.428        -0.014         0.053        -0.086
 EDU_UPP       -0.013        -0.376         0.001         0.014         0.022
 EDU_TER       -0.021        -0.425        -0.019         0.045        -0.014
 WEALTH_2      -0.003        -0.008         0.013        -0.012         0.005
 WEALTH_3      -0.010        -0.213        -0.020         0.063         0.012


           Covariances
              SELF_HIG      EDU_UPP       EDU_TER       WEALTH_2      WEALTH_3
              ________      ________      ________      ________      ________
 SELF_HIG       0.228
 EDU_UPP        0.006         0.249
 EDU_TER        0.072        -0.080         0.140
 WEALTH_2      -0.010         0.013        -0.014         0.223
 WEALTH_3       0.062         0.010         0.049        -0.120         0.230


           Correlations
              FEMALE        AGE           PAT_INT       PAT_HIG       SELF_INT
              ________      ________      ________      ________      ________
 FEMALE         1.000
 AGE            0.058         1.000
 PAT_INT       -0.048        -0.006         1.000
 PAT_HIG        0.034        -0.048        -0.550         1.000
 SELF_INT       0.088        -0.004         0.009         0.032         1.000
 SELF_HIG      -0.124        -0.109        -0.062         0.227        -0.419
 EDU_UPP       -0.051        -0.092         0.003         0.058         0.104
 EDU_TER       -0.113        -0.139        -0.107         0.248        -0.087
 WEALTH_2      -0.012        -0.002         0.059        -0.052         0.026
 WEALTH_3      -0.043        -0.054        -0.089         0.271         0.060


           Correlations
              SELF_HIG      EDU_UPP       EDU_TER       WEALTH_2      WEALTH_3
              ________      ________      ________      ________      ________
 SELF_HIG       1.000
 EDU_UPP        0.027         1.000
 EDU_TER        0.405        -0.427         1.000
 WEALTH_2      -0.045         0.053        -0.079         1.000
 WEALTH_3       0.271         0.042         0.274        -0.530         1.000


UNIVARIATE SAMPLE STATISTICS


     UNIVARIATE HIGHER-ORDER MOMENT DESCRIPTIVE STATISTICS

         Variable/         Mean/     Skewness/   Minimum/ % with                Percentiles
        Sample Size      Variance    Kurtosis    Maximum  Min/Max      20%/60%    40%/80%    Median

     FEMALE                0.521      -0.085       0.000   44.57%       0.000      0.000      1.000
            3787.000       0.250      -1.993       1.000   55.43%       1.000      1.000
     AGE                  63.677       0.649      36.000    0.05%      55.000     60.000     61.000
            3787.000      67.179      -0.452      99.000    0.03%      64.000     70.000
     PAT_INT               0.328       0.732       0.000   68.37%       0.000      0.000      0.000
            3787.000       0.220      -1.464       1.000   31.63%       0.000      1.000
     PAT_HIG               0.382       0.484       0.000   58.44%       0.000      0.000      0.000
            3787.000       0.236      -1.766       1.000   41.56%       1.000      1.000
     SELF_INT              0.246       1.181       0.000   74.33%       0.000      0.000      0.000
            3787.000       0.185      -0.605       1.000   25.67%       0.000      1.000
     SELF_HIG              0.350       0.627       0.000   59.92%       0.000      0.000      0.000
            3787.000       0.228      -1.607       1.000   40.08%       1.000      1.000
     EDU_UPP               0.475       0.100       0.000   48.67%       0.000      0.000      1.000
            3787.000       0.249      -1.990       1.000   51.33%       1.000      1.000
     EDU_TER               0.168       1.780       0.000   79.03%       0.000      0.000      0.000
            3787.000       0.140       1.167       1.000   20.97%       0.000      1.000
     WEALTH_2              0.336       0.696       0.000   66.36%       0.000      0.000      0.000
            3787.000       0.223      -1.516       1.000   33.64%       0.000      1.000
     WEALTH_3              0.358       0.594       0.000   59.99%       0.000      0.000      0.000
            3787.000       0.230      -1.647       1.000   40.01%       0.000      1.000


THE MODEL ESTIMATION TERMINATED NORMALLY



MODEL FIT INFORMATION

Number of Free Parameters                       26

Loglikelihood

          H0 Value                       -8118.197
          H0 Scaling Correction Factor      1.2551
            for MLR

Information Criteria

          Akaike (AIC)                   16288.394
          Bayesian (BIC)                 16450.616
          Sample-Size Adjusted BIC       16368.001
            (n* = (n + 2) / 24)

Wald Test of Parameter Constraints

          Value                              1.815
          Degrees of Freedom                     5
          P-Value                           0.8741



FINAL CLASS COUNTS AND PROPORTIONS FOR THE LATENT CLASSES
BASED ON THE ESTIMATED MODEL

    Latent
   Classes

       1        793.25256          0.20947
       2        419.83292          0.11086
       3        685.58245          0.18104
       4        841.21949          0.22213
       5        396.48516          0.10470
       6        650.62742          0.17181


FINAL CLASS COUNTS AND PROPORTIONS FOR THE LATENT CLASSES
BASED ON ESTIMATED POSTERIOR PROBABILITIES

    Latent
   Classes

       1        793.25256          0.20947
       2        419.83292          0.11086
       3        685.58245          0.18104
       4        841.21949          0.22213
       5        396.48516          0.10470
       6        650.62742          0.17181


FINAL CLASS COUNTS AND PROPORTIONS FOR THE LATENT CLASSES
BASED ON THEIR MOST LIKELY LATENT CLASS MEMBERSHIP

Class Counts and Proportions

    Latent
   Classes

       1              799          0.21098
       2              398          0.10521
       3              667          0.17622
       4              875          0.23104
       5              383          0.10124
       6              664          0.17530


CLASSIFICATION QUALITY

     Entropy                         0.728


Average Latent Class Probabilities for Most Likely Latent Class Membership (Row)
by Latent Class (Column)

           1        2        3        4        5        6

    1   0.879    0.035    0.019    0.044    0.002    0.021
    2   0.035    0.893    0.070    0.000    0.001    0.000
    3   0.014    0.051    0.880    0.024    0.007    0.023
    4   0.054    0.001    0.037    0.856    0.003    0.049
    5   0.000    0.000    0.000    0.001    0.997    0.001
    6   0.030    0.001    0.034    0.060    0.008    0.866


Classification Probabilities for the Most Likely Latent Class Membership (Column)
by Latent Class (Row)

           1        2        3        4        5        6

    1   0.885    0.018    0.012    0.060    0.000    0.025
    2   0.067    0.848    0.082    0.002    0.000    0.002
    3   0.022    0.041    0.857    0.047    0.000    0.033
    4   0.042    0.000    0.019    0.890    0.001    0.048
    5   0.004    0.001    0.011    0.006    0.964    0.014
    6   0.026    0.000    0.024    0.066    0.001    0.884


Logits for the Classification Probabilities for the Most Likely Latent Class Membership (Column)
by Latent Class (Row)

              1        2        3        4        5        6

    1      3.551   -0.359   -0.744    0.855   -5.263    0.000
    2      3.635    6.175    3.837    0.016   -4.896    0.000
    3     -0.391    0.208    3.255    0.355   -4.857    0.000
    4     -0.118   -5.902   -0.905    2.930   -4.443    0.000
    5     -1.317   -2.843   -0.180   -0.750    4.250    0.000
    6     -3.545   -8.357   -3.614   -2.593   -6.998    0.000


MODEL RESULTS

                                                    Two-Tailed
                    Estimate       S.E.  Est./S.E.    P-Value

Latent Class 1

 RESPIR     ON
    AGE                0.010      0.007      1.508      0.132
    PAT_INT            0.059      0.142      0.415      0.678
    PAT_HIG            0.357      0.144      2.482      0.013
    SELF_INT          -0.055      0.142     -0.387      0.698
    SELF_HIG          -0.274      0.146     -1.882      0.060
    EDU_UPP           -0.051      0.130     -0.391      0.696
    EDU_TER           -0.089      0.190     -0.466      0.641
    WEALTH_2          -0.279      0.136     -2.059      0.039
    WEALTH_3          -0.486      0.154     -3.165      0.002
    FEMALE            -0.088      0.287     -0.305      0.760

 Means
    N#1                3.551      0.000    999.000    999.000
    N#2               -0.359      0.000    999.000    999.000
    N#3               -0.744      0.000    999.000    999.000
    N#4                0.855      0.000    999.000    999.000
    N#5               -5.262      0.000    999.000    999.000

 Thresholds
    RESPIR$1           2.445      0.523      4.679      0.000

Latent Class 2

 RESPIR     ON
    AGE                0.010      0.007      1.508      0.132
    PAT_INT            0.059      0.142      0.415      0.678
    PAT_HIG            0.357      0.144      2.482      0.013
    SELF_INT          -0.055      0.142     -0.387      0.698
    SELF_HIG          -0.274      0.146     -1.882      0.060
    EDU_UPP           -0.051      0.130     -0.391      0.696
    EDU_TER           -0.089      0.190     -0.466      0.641
    WEALTH_2          -0.279      0.136     -2.059      0.039
    WEALTH_3          -0.486      0.154     -3.165      0.002
    FEMALE            -0.240      0.411     -0.583      0.560

 Means
    N#1                3.635      0.000    999.000    999.000
    N#2                6.175      0.000    999.000    999.000
    N#3                3.837      0.000    999.000    999.000
    N#4                0.016      0.000    999.000    999.000
    N#5               -4.895      0.000    999.000    999.000

 Thresholds
    RESPIR$1           2.229      0.521      4.282      0.000

Latent Class 3

 RESPIR     ON
    AGE                0.010      0.007      1.508      0.132
    PAT_INT            0.059      0.142      0.415      0.678
    PAT_HIG            0.357      0.144      2.482      0.013
    SELF_INT          -0.055      0.142     -0.387      0.698
    SELF_HIG          -0.274      0.146     -1.882      0.060
    EDU_UPP           -0.051      0.130     -0.391      0.696
    EDU_TER           -0.089      0.190     -0.466      0.641
    WEALTH_2          -0.279      0.136     -2.059      0.039
    WEALTH_3          -0.486      0.154     -3.165      0.002
    FEMALE             0.333      0.304      1.094      0.274

 Means
    N#1               -0.391      0.000    999.000    999.000
    N#2                0.208      0.000    999.000    999.000
    N#3                3.255      0.000    999.000    999.000
    N#4                0.355      0.000    999.000    999.000
    N#5               -4.856      0.000    999.000    999.000

 Thresholds
    RESPIR$1           2.441      0.516      4.728      0.000

Latent Class 4

 RESPIR     ON
    AGE                0.010      0.007      1.508      0.132
    PAT_INT            0.059      0.142      0.415      0.678
    PAT_HIG            0.357      0.144      2.482      0.013
    SELF_INT          -0.055      0.142     -0.387      0.698
    SELF_HIG          -0.274      0.146     -1.882      0.060
    EDU_UPP           -0.051      0.130     -0.391      0.696
    EDU_TER           -0.089      0.190     -0.466      0.641
    WEALTH_2          -0.279      0.136     -2.059      0.039
    WEALTH_3          -0.486      0.154     -3.165      0.002
    FEMALE             0.024      0.274      0.087      0.930

 Means
    N#1               -0.118      0.000    999.000    999.000
    N#2               -5.902      0.000    999.000    999.000
    N#3               -0.905      0.000    999.000    999.000
    N#4                2.930      0.000    999.000    999.000
    N#5               -4.442      0.000    999.000    999.000

 Thresholds
    RESPIR$1           2.132      0.533      4.000      0.000

Latent Class 5

 RESPIR     ON
    AGE                0.010      0.007      1.508      0.132
    PAT_INT            0.059      0.142      0.415      0.678
    PAT_HIG            0.357      0.144      2.482      0.013
    SELF_INT          -0.055      0.142     -0.387      0.698
    SELF_HIG          -0.274      0.146     -1.882      0.060
    EDU_UPP           -0.051      0.130     -0.391      0.696
    EDU_TER           -0.089      0.190     -0.466      0.641
    WEALTH_2          -0.279      0.136     -2.059      0.039
    WEALTH_3          -0.486      0.154     -3.165      0.002
    FEMALE             0.018      0.284      0.062      0.950

 Means
    N#1               -1.316      0.000    999.000    999.000
    N#2               -2.843      0.000    999.000    999.000
    N#3               -0.178      0.000    999.000    999.000
    N#4               -0.750      0.000    999.000    999.000
    N#5                4.251      0.000    999.000    999.000

 Thresholds
    RESPIR$1           1.607      0.490      3.278      0.001

Latent Class 6

 RESPIR     ON
    AGE                0.010      0.007      1.508      0.132
    PAT_INT            0.059      0.142      0.415      0.678
    PAT_HIG            0.357      0.144      2.482      0.013
    SELF_INT          -0.055      0.142     -0.387      0.698
    SELF_HIG          -0.274      0.146     -1.882      0.060
    EDU_UPP           -0.051      0.130     -0.391      0.696
    EDU_TER           -0.089      0.190     -0.466      0.641
    WEALTH_2          -0.279      0.136     -2.059      0.039
    WEALTH_3          -0.486      0.154     -3.165      0.002
    FEMALE            -0.194      0.324     -0.597      0.550

 Means
    N#1               -3.545      0.000    999.000    999.000
    N#2               -8.357      0.000    999.000    999.000
    N#3               -3.614      0.000    999.000    999.000
    N#4               -2.593      0.000    999.000    999.000
    N#5               -6.997      0.000    999.000    999.000

 Thresholds
    RESPIR$1           2.302      0.525      4.385      0.000

Categorical Latent Variables

 Means
    C#1                0.198      0.071      2.779      0.005
    C#2               -0.438      0.081     -5.430      0.000
    C#3                0.052      0.075      0.693      0.488
    C#4                0.257      0.076      3.382      0.001
    C#5               -0.495      0.082     -6.045      0.000

New/Additional Parameters
    DIFF12             0.216      0.328      0.658      0.511
    DIFF13             0.004      0.300      0.012      0.990
    DIFF23            -0.212      0.321     -0.660      0.509
    DIFF14             0.313      0.337      0.928      0.354
    DIFF24             0.097      0.328      0.296      0.767
    DIFF34             0.309      0.319      0.968      0.333
    DIFF15             0.838      0.307      2.732      0.006
    DIFF16             0.143      0.333      0.429      0.668
    DIFF25             0.622      0.312      1.993      0.046
    DIFF26            -0.073      0.334     -0.219      0.827
    DIFF35             0.834      0.298      2.800      0.005
    DIFF36             0.139      0.325      0.428      0.669
    DIFF45             0.525      0.317      1.653      0.098
    DIFF46            -0.170      0.353     -0.481      0.630
    DIFF56            -0.695      0.324     -2.142      0.032
    SLOPE12            0.152      0.519      0.292      0.770
    SLOPE13           -0.421      0.423     -0.994      0.320
    SLOPE23           -0.573      0.539     -1.063      0.288
    SLOPE14           -0.112      0.418     -0.267      0.789
    SLOPE24           -0.264      0.490     -0.537      0.591
    SLOPE34            0.309      0.421      0.734      0.463
    SLOPE15           -0.105      0.405     -0.260      0.795
    SLOPE16            0.106      0.443      0.240      0.810
    SLOPE25           -0.257      0.501     -0.514      0.607
    SLOPE26           -0.046      0.523     -0.087      0.930
    SLOPE35            0.315      0.419      0.753      0.451
    SLOPE36            0.527      0.459      1.148      0.251
    SLOPE45            0.006      0.396      0.016      0.987
    SLOPE46            0.218      0.450      0.485      0.628
    SLOPE56            0.212      0.431      0.491      0.623


RESULTS IN PROBABILITY SCALE

                    Estimate

Latent Class 1

 RESPIR
    Category 1         0.896
    Category 2         0.104

Latent Class 2

 RESPIR
    Category 1         0.886
    Category 2         0.114

Latent Class 3

 RESPIR
    Category 1         0.873
    Category 2         0.127

Latent Class 4

 RESPIR
    Category 1         0.837
    Category 2         0.163

Latent Class 5

 RESPIR
    Category 1         0.758
    Category 2         0.242

Latent Class 6

 RESPIR
    Category 1         0.871
    Category 2         0.129


LOGISTIC REGRESSION ODDS RATIO RESULTS

                                                95% C.I.
                    Estimate       S.E.  Lower 2.5% Upper 2.5%

Latent Class 1

 RESPIR     ON
    AGE                1.010      0.007      0.997      1.023
    PAT_INT            1.061      0.151      0.803      1.402
    PAT_HIG            1.429      0.205      1.078      1.893
    SELF_INT           0.946      0.135      0.716      1.251
    SELF_HIG           0.760      0.111      0.571      1.011
    EDU_UPP            0.950      0.123      0.737      1.226
    EDU_TER            0.915      0.174      0.630      1.329
    WEALTH_2           0.756      0.103      0.580      0.987
    WEALTH_3           0.615      0.094      0.455      0.831
    FEMALE             0.916      0.263      0.521      1.609

Latent Class 2

 RESPIR     ON
    AGE                1.010      0.007      0.997      1.023
    PAT_INT            1.061      0.151      0.803      1.402
    PAT_HIG            1.429      0.205      1.078      1.893
    SELF_INT           0.946      0.135      0.716      1.251
    SELF_HIG           0.760      0.111      0.571      1.011
    EDU_UPP            0.950      0.123      0.737      1.226
    EDU_TER            0.915      0.174      0.630      1.329
    WEALTH_2           0.756      0.103      0.580      0.987
    WEALTH_3           0.615      0.094      0.455      0.831
    FEMALE             0.787      0.323      0.352      1.760

Latent Class 3

 RESPIR     ON
    AGE                1.010      0.007      0.997      1.023
    PAT_INT            1.061      0.151      0.803      1.402
    PAT_HIG            1.429      0.205      1.078      1.893
    SELF_INT           0.946      0.135      0.716      1.251
    SELF_HIG           0.760      0.111      0.571      1.011
    EDU_UPP            0.950      0.123      0.737      1.226
    EDU_TER            0.915      0.174      0.630      1.329
    WEALTH_2           0.756      0.103      0.580      0.987
    WEALTH_3           0.615      0.094      0.455      0.831
    FEMALE             1.395      0.425      0.768      2.534

Latent Class 4

 RESPIR     ON
    AGE                1.010      0.007      0.997      1.023
    PAT_INT            1.061      0.151      0.803      1.402
    PAT_HIG            1.429      0.205      1.078      1.893
    SELF_INT           0.946      0.135      0.716      1.251
    SELF_HIG           0.760      0.111      0.571      1.011
    EDU_UPP            0.950      0.123      0.737      1.226
    EDU_TER            0.915      0.174      0.630      1.329
    WEALTH_2           0.756      0.103      0.580      0.987
    WEALTH_3           0.615      0.094      0.455      0.831
    FEMALE             1.024      0.281      0.598      1.754

Latent Class 5

 RESPIR     ON
    AGE                1.010      0.007      0.997      1.023
    PAT_INT            1.061      0.151      0.803      1.402
    PAT_HIG            1.429      0.205      1.078      1.893
    SELF_INT           0.946      0.135      0.716      1.251
    SELF_HIG           0.760      0.111      0.571      1.011
    EDU_UPP            0.950      0.123      0.737      1.226
    EDU_TER            0.915      0.174      0.630      1.329
    WEALTH_2           0.756      0.103      0.580      0.987
    WEALTH_3           0.615      0.094      0.455      0.831
    FEMALE             1.018      0.289      0.584      1.775

Latent Class 6

 RESPIR     ON
    AGE                1.010      0.007      0.997      1.023
    PAT_INT            1.061      0.151      0.803      1.402
    PAT_HIG            1.429      0.205      1.078      1.893
    SELF_INT           0.946      0.135      0.716      1.251
    SELF_HIG           0.760      0.111      0.571      1.011
    EDU_UPP            0.950      0.123      0.737      1.226
    EDU_TER            0.915      0.174      0.630      1.329
    WEALTH_2           0.756      0.103      0.580      0.987
    WEALTH_3           0.615      0.094      0.455      0.831
    FEMALE             0.824      0.267      0.436      1.556


QUALITY OF NUMERICAL RESULTS

     Condition Number for the Information Matrix              0.104E-08
       (ratio of smallest to largest eigenvalue)


RESIDUAL OUTPUT


     ESTIMATED MODEL AND RESIDUALS (OBSERVED - ESTIMATED) FOR CLASS 1


           Model Estimated Means
              FEMALE        AGE           PAT_INT       PAT_HIG       SELF_INT
              ________      ________      ________      ________      ________
                0.529        62.478         0.330         0.425         0.274


           Model Estimated Means
              SELF_HIG      EDU_UPP       EDU_TER       WEALTH_2      WEALTH_3
              ________      ________      ________      ________      ________
                0.396         0.494         0.225         0.362         0.448


           Residuals for Means
              FEMALE        AGE           PAT_INT       PAT_HIG       SELF_INT
              ________      ________      ________      ________      ________
                0.000         0.000         0.000         0.000         0.000


           Residuals for Means
              SELF_HIG      EDU_UPP       EDU_TER       WEALTH_2      WEALTH_3
              ________      ________      ________      ________      ________
                0.000         0.000         0.000         0.000         0.000


           Model Estimated Covariances
              FEMALE        AGE           PAT_INT       PAT_HIG       SELF_INT
              ________      ________      ________      ________      ________
 FEMALE         0.249
 AGE            0.023        52.231
 PAT_INT        0.000         0.000         0.221
 PAT_HIG        0.023         0.000         0.000         0.244
 SELF_INT       0.017         0.134         0.013         0.000         0.199
 SELF_HIG       0.000         0.000         0.000         0.048         0.000
 EDU_UPP        0.000         0.070         0.007         0.000         0.028
 EDU_TER        0.000         0.000         0.000         0.053         0.000
 WEALTH_2       0.000         0.074         0.016         0.000         0.006
 WEALTH_3       0.009         0.000         0.000         0.057         0.004


           Model Estimated Covariances
              SELF_HIG      EDU_UPP       EDU_TER       WEALTH_2      WEALTH_3
              ________      ________      ________      ________      ________
 SELF_HIG       0.239
 EDU_UPP        0.000         0.250
 EDU_TER        0.085         0.000         0.174
 WEALTH_2       0.000         0.005         0.000         0.231
 WEALTH_3       0.051         0.000         0.045         0.000         0.247


           Residuals for Covariances
              FEMALE        AGE           PAT_INT       PAT_HIG       SELF_INT
              ________      ________      ________      ________      ________
 FEMALE         0.000
 AGE            0.000         0.000
 PAT_INT        0.000         0.000         0.000
 PAT_HIG        0.000         0.000         0.000         0.000
 SELF_INT       0.000         0.000         0.000         0.000         0.000
 SELF_HIG       0.000         0.000         0.000         0.000         0.000
 EDU_UPP        0.000         0.000         0.000         0.000         0.000
 EDU_TER        0.000         0.000         0.000         0.000         0.000
 WEALTH_2       0.000         0.000         0.000         0.000         0.000
 WEALTH_3       0.000         0.000         0.000         0.000         0.000


           Residuals for Covariances
              SELF_HIG      EDU_UPP       EDU_TER       WEALTH_2      WEALTH_3
              ________      ________      ________      ________      ________
 SELF_HIG       0.000
 EDU_UPP        0.000         0.000
 EDU_TER        0.000         0.000         0.000
 WEALTH_2       0.000         0.000         0.000         0.000
 WEALTH_3       0.000         0.000         0.000         0.000         0.000


     ESTIMATED MODEL AND RESIDUALS (OBSERVED - ESTIMATED) FOR CLASS 2


           Model Estimated Means
              FEMALE        AGE           PAT_INT       PAT_HIG       SELF_INT
              ________      ________      ________      ________      ________
                0.330        60.765         0.290         0.490         0.244


           Model Estimated Means
              SELF_HIG      EDU_UPP       EDU_TER       WEALTH_2      WEALTH_3
              ________      ________      ________      ________      ________
                0.543         0.494         0.334         0.294         0.568


           Residuals for Means
              FEMALE        AGE           PAT_INT       PAT_HIG       SELF_INT
              ________      ________      ________      ________      ________
                0.000         0.000         0.000         0.000         0.000


           Residuals for Means
              SELF_HIG      EDU_UPP       EDU_TER       WEALTH_2      WEALTH_3
              ________      ________      ________      ________      ________
                0.000         0.000         0.000         0.000         0.000


           Model Estimated Covariances
              FEMALE        AGE           PAT_INT       PAT_HIG       SELF_INT
              ________      ________      ________      ________      ________
 FEMALE         0.221
 AGE            0.000        38.174
 PAT_INT        0.000         0.000         0.206
 PAT_HIG        0.033         0.247         0.000         0.250
 SELF_INT       0.022         0.063         0.000         0.000         0.184
 SELF_HIG       0.000         0.000         0.000         0.047         0.000
 EDU_UPP        0.003         0.080         0.017         0.000         0.021
 EDU_TER        0.000         0.000         0.000         0.048         0.000
 WEALTH_2       0.000         0.003         0.011         0.000         0.006
 WEALTH_3       0.016         0.145         0.000         0.048         0.000


           Model Estimated Covariances
              SELF_HIG      EDU_UPP       EDU_TER       WEALTH_2      WEALTH_3
              ________      ________      ________      ________      ________
 SELF_HIG       0.248
 EDU_UPP        0.000         0.250
 EDU_TER        0.086         0.000         0.222
 WEALTH_2       0.000         0.033         0.000         0.208
 WEALTH_3       0.062         0.000         0.068         0.000         0.245


           Residuals for Covariances
              FEMALE        AGE           PAT_INT       PAT_HIG       SELF_INT
              ________      ________      ________      ________      ________
 FEMALE         0.000
 AGE            0.000         0.000
 PAT_INT        0.000         0.000         0.000
 PAT_HIG        0.000         0.000         0.000         0.000
 SELF_INT       0.000         0.000         0.000         0.000         0.000
 SELF_HIG       0.000         0.000         0.000         0.000         0.000
 EDU_UPP        0.000         0.000         0.000         0.000         0.000
 EDU_TER        0.000         0.000         0.000         0.000         0.000
 WEALTH_2       0.000         0.000         0.000         0.000         0.000
 WEALTH_3       0.000         0.000         0.000         0.000         0.000


           Residuals for Covariances
              SELF_HIG      EDU_UPP       EDU_TER       WEALTH_2      WEALTH_3
              ________      ________      ________      ________      ________
 SELF_HIG       0.000
 EDU_UPP        0.000         0.000
 EDU_TER        0.000         0.000         0.000
 WEALTH_2       0.000         0.000         0.000         0.000
 WEALTH_3       0.000         0.000         0.000         0.000         0.000


     ESTIMATED MODEL AND RESIDUALS (OBSERVED - ESTIMATED) FOR CLASS 3


           Model Estimated Means
              FEMALE        AGE           PAT_INT       PAT_HIG       SELF_INT
              ________      ________      ________      ________      ________
                0.391        63.403         0.301         0.447         0.239


           Model Estimated Means
              SELF_HIG      EDU_UPP       EDU_TER       WEALTH_2      WEALTH_3
              ________      ________      ________      ________      ________
                0.407         0.502         0.222         0.332         0.440


           Residuals for Means
              FEMALE        AGE           PAT_INT       PAT_HIG       SELF_INT
              ________      ________      ________      ________      ________
                0.000         0.000         0.000         0.000         0.000


           Residuals for Means
              SELF_HIG      EDU_UPP       EDU_TER       WEALTH_2      WEALTH_3
              ________      ________      ________      ________      ________
                0.000         0.000         0.000         0.000         0.000


           Model Estimated Covariances
              FEMALE        AGE           PAT_INT       PAT_HIG       SELF_INT
              ________      ________      ________      ________      ________
 FEMALE         0.238
 AGE            0.154        59.365
 PAT_INT        0.000         0.000         0.210
 PAT_HIG        0.013         0.050         0.000         0.247
 SELF_INT       0.036         0.000         0.005         0.008         0.182
 SELF_HIG       0.000         0.000         0.000         0.059         0.000
 EDU_UPP        0.000         0.000         0.011         0.002         0.019
 EDU_TER        0.000         0.000         0.000         0.054         0.000
 WEALTH_2       0.000         0.000         0.009         0.000         0.000
 WEALTH_3       0.009         0.146         0.000         0.083         0.011


           Model Estimated Covariances
              SELF_HIG      EDU_UPP       EDU_TER       WEALTH_2      WEALTH_3
              ________      ________      ________      ________      ________
 SELF_HIG       0.241
 EDU_UPP        0.000         0.250
 EDU_TER        0.084         0.000         0.172
 WEALTH_2       0.000         0.003         0.000         0.222
 WEALTH_3       0.071         0.012         0.056         0.000         0.246


           Residuals for Covariances
              FEMALE        AGE           PAT_INT       PAT_HIG       SELF_INT
              ________      ________      ________      ________      ________
 FEMALE         0.000
 AGE            0.000         0.000
 PAT_INT        0.000         0.000         0.000
 PAT_HIG        0.000         0.000         0.000         0.000
 SELF_INT       0.000         0.000         0.000         0.000         0.000
 SELF_HIG       0.000         0.000         0.000         0.000         0.000
 EDU_UPP        0.000         0.000         0.000         0.000         0.000
 EDU_TER        0.000         0.000         0.000         0.000         0.000
 WEALTH_2       0.000         0.000         0.000         0.000         0.000
 WEALTH_3       0.000         0.000         0.000         0.000         0.000


           Residuals for Covariances
              SELF_HIG      EDU_UPP       EDU_TER       WEALTH_2      WEALTH_3
              ________      ________      ________      ________      ________
 SELF_HIG       0.000
 EDU_UPP        0.000         0.000
 EDU_TER        0.000         0.000         0.000
 WEALTH_2       0.000         0.000         0.000         0.000
 WEALTH_3       0.000         0.000         0.000         0.000         0.000


     ESTIMATED MODEL AND RESIDUALS (OBSERVED - ESTIMATED) FOR CLASS 4


           Model Estimated Means
              FEMALE        AGE           PAT_INT       PAT_HIG       SELF_INT
              ________      ________      ________      ________      ________
                0.661        65.918         0.313         0.359         0.224


           Model Estimated Means
              SELF_HIG      EDU_UPP       EDU_TER       WEALTH_2      WEALTH_3
              ________      ________      ________      ________      ________
                0.287         0.462         0.104         0.360         0.268


           Residuals for Means
              FEMALE        AGE           PAT_INT       PAT_HIG       SELF_INT
              ________      ________      ________      ________      ________
                0.000         0.000         0.000         0.000         0.000


           Residuals for Means
              SELF_HIG      EDU_UPP       EDU_TER       WEALTH_2      WEALTH_3
              ________      ________      ________      ________      ________
                0.000         0.000         0.000         0.000         0.000


           Model Estimated Covariances
              FEMALE        AGE           PAT_INT       PAT_HIG       SELF_INT
              ________      ________      ________      ________      ________
 FEMALE         0.224
 AGE            0.000        75.877
 PAT_INT        0.000         0.226         0.215
 PAT_HIG        0.024         0.000         0.000         0.230
 SELF_INT       0.013         0.000         0.002         0.010         0.174
 SELF_HIG       0.000         0.000         0.000         0.055         0.000
 EDU_UPP        0.000         0.000         0.000         0.034         0.024
 EDU_TER        0.000         0.000         0.000         0.034         0.000
 WEALTH_2       0.003         0.000         0.023         0.000         0.008
 WEALTH_3       0.002         0.000         0.000         0.059         0.024


           Model Estimated Covariances
              SELF_HIG      EDU_UPP       EDU_TER       WEALTH_2      WEALTH_3
              ________      ________      ________      ________      ________
 SELF_HIG       0.205
 EDU_UPP        0.029         0.249
 EDU_TER        0.051         0.000         0.093
 WEALTH_2       0.000         0.011         0.000         0.230
 WEALTH_3       0.047         0.018         0.026         0.000         0.196


           Residuals for Covariances
              FEMALE        AGE           PAT_INT       PAT_HIG       SELF_INT
              ________      ________      ________      ________      ________
 FEMALE         0.000
 AGE            0.000         0.000
 PAT_INT        0.000         0.000         0.000
 PAT_HIG        0.000         0.000         0.000         0.000
 SELF_INT       0.000         0.000         0.000         0.000         0.000
 SELF_HIG       0.000         0.000         0.000         0.000         0.000
 EDU_UPP        0.000         0.000         0.000         0.000         0.000
 EDU_TER        0.000         0.000         0.000         0.000         0.000
 WEALTH_2       0.000         0.000         0.000         0.000         0.000
 WEALTH_3       0.000         0.000         0.000         0.000         0.000


           Residuals for Covariances
              SELF_HIG      EDU_UPP       EDU_TER       WEALTH_2      WEALTH_3
              ________      ________      ________      ________      ________
 SELF_HIG       0.000
 EDU_UPP        0.000         0.000
 EDU_TER        0.000         0.000         0.000
 WEALTH_2       0.000         0.000         0.000         0.000
 WEALTH_3       0.000         0.000         0.000         0.000         0.000


     ESTIMATED MODEL AND RESIDUALS (OBSERVED - ESTIMATED) FOR CLASS 5


           Model Estimated Means
              FEMALE        AGE           PAT_INT       PAT_HIG       SELF_INT
              ________      ________      ________      ________      ________
                0.546        60.930         0.404         0.250         0.224


           Model Estimated Means
              SELF_HIG      EDU_UPP       EDU_TER       WEALTH_2      WEALTH_3
              ________      ________      ________      ________      ________
                0.260         0.432         0.080         0.281         0.206


           Residuals for Means
              FEMALE        AGE           PAT_INT       PAT_HIG       SELF_INT
              ________      ________      ________      ________      ________
                0.000         0.000         0.000         0.000         0.000


           Residuals for Means
              SELF_HIG      EDU_UPP       EDU_TER       WEALTH_2      WEALTH_3
              ________      ________      ________      ________      ________
                0.000         0.000         0.000         0.000         0.000


           Model Estimated Covariances
              FEMALE        AGE           PAT_INT       PAT_HIG       SELF_INT
              ________      ________      ________      ________      ________
 FEMALE         0.248
 AGE            0.290        52.444
 PAT_INT        0.016         0.000         0.241
 PAT_HIG        0.000         0.000         0.000         0.187
 SELF_INT       0.017         0.099         0.006         0.007         0.174
 SELF_HIG       0.000         0.000         0.006         0.033         0.000
 EDU_UPP        0.000         0.000         0.005         0.030         0.009
 EDU_TER        0.000         0.000         0.000         0.023         0.000
 WEALTH_2       0.004         0.015         0.016         0.000         0.017
 WEALTH_3       0.000         0.000         0.000         0.040         0.012


           Model Estimated Covariances
              SELF_HIG      EDU_UPP       EDU_TER       WEALTH_2      WEALTH_3
              ________      ________      ________      ________      ________
 SELF_HIG       0.192
 EDU_UPP        0.044         0.245
 EDU_TER        0.037         0.000         0.074
 WEALTH_2       0.000         0.008         0.000         0.202
 WEALTH_3       0.050         0.013         0.025         0.000         0.163


           Residuals for Covariances
              FEMALE        AGE           PAT_INT       PAT_HIG       SELF_INT
              ________      ________      ________      ________      ________
 FEMALE         0.000
 AGE            0.000         0.000
 PAT_INT        0.000         0.000         0.000
 PAT_HIG        0.000         0.000         0.000         0.000
 SELF_INT       0.000         0.000         0.000         0.000         0.000
 SELF_HIG       0.000         0.000         0.000         0.000         0.000
 EDU_UPP        0.000         0.000         0.000         0.000         0.000
 EDU_TER        0.000         0.000         0.000         0.000         0.000
 WEALTH_2       0.000         0.000         0.000         0.000         0.000
 WEALTH_3       0.000         0.000         0.000         0.000         0.000


           Residuals for Covariances
              SELF_HIG      EDU_UPP       EDU_TER       WEALTH_2      WEALTH_3
              ________      ________      ________      ________      ________
 SELF_HIG       0.000
 EDU_UPP        0.000         0.000
 EDU_TER        0.000         0.000         0.000
 WEALTH_2       0.000         0.000         0.000         0.000
 WEALTH_3       0.000         0.000         0.000         0.000         0.000


     ESTIMATED MODEL AND RESIDUALS (OBSERVED - ESTIMATED) FOR CLASS 6


           Model Estimated Means
              FEMALE        AGE           PAT_INT       PAT_HIG       SELF_INT
              ________      ________      ________      ________      ________
                0.576        66.081         0.351         0.305         0.260


           Model Estimated Means
              SELF_HIG      EDU_UPP       EDU_TER       WEALTH_2      WEALTH_3
              ________      ________      ________      ________      ________
                0.247         0.455         0.069         0.337         0.232


           Residuals for Means
              FEMALE        AGE           PAT_INT       PAT_HIG       SELF_INT
              ________      ________      ________      ________      ________
                0.000         0.000         0.000         0.000         0.000


           Residuals for Means
              SELF_HIG      EDU_UPP       EDU_TER       WEALTH_2      WEALTH_3
              ________      ________      ________      ________      ________
                0.000         0.000         0.000         0.000         0.000


           Model Estimated Covariances
              FEMALE        AGE           PAT_INT       PAT_HIG       SELF_INT
              ________      ________      ________      ________      ________
 FEMALE         0.244
 AGE            0.344        85.909
 PAT_INT        0.000         0.000         0.228
 PAT_HIG        0.007         0.000         0.000         0.212
 SELF_INT       0.012         0.000         0.000         0.025         0.192
 SELF_HIG       0.000         0.000         0.000         0.028         0.000
 EDU_UPP        0.000         0.000         0.000         0.031         0.025
 EDU_TER        0.000         0.000         0.000         0.017         0.000
 WEALTH_2       0.000         0.000         0.003         0.014         0.005
 WEALTH_3       0.000         0.000         0.000         0.029         0.020


           Model Estimated Covariances
              SELF_HIG      EDU_UPP       EDU_TER       WEALTH_2      WEALTH_3
              ________      ________      ________      ________      ________
 SELF_HIG       0.186
 EDU_UPP        0.035         0.248
 EDU_TER        0.036         0.000         0.064
 WEALTH_2       0.011         0.023         0.002         0.223
 WEALTH_3       0.028         0.026         0.016         0.000         0.178


           Residuals for Covariances
              FEMALE        AGE           PAT_INT       PAT_HIG       SELF_INT
              ________      ________      ________      ________      ________
 FEMALE         0.000
 AGE            0.000         0.000
 PAT_INT        0.000         0.000         0.000
 PAT_HIG        0.000         0.000         0.000         0.000
 SELF_INT       0.000         0.000         0.000         0.000         0.000
 SELF_HIG       0.000         0.000         0.000         0.000         0.000
 EDU_UPP        0.000         0.000         0.000         0.000         0.000
 EDU_TER        0.000         0.000         0.000         0.000         0.000
 WEALTH_2       0.000         0.000         0.000         0.000         0.000
 WEALTH_3       0.000         0.000         0.000         0.000         0.000


           Residuals for Covariances
              SELF_HIG      EDU_UPP       EDU_TER       WEALTH_2      WEALTH_3
              ________      ________      ________      ________      ________
 SELF_HIG       0.000
 EDU_UPP        0.000         0.000
 EDU_TER        0.000         0.000         0.000
 WEALTH_2       0.000         0.000         0.000         0.000
 WEALTH_3       0.000         0.000         0.000         0.000         0.000


     UNIVARIATE DISTRIBUTION FIT FOR CLASS 1

     Variable          Observed      Estimated      Residual (Obs.-Est.)    Stand. Residual
     N
       Category 0        0.885          0.885                  0.000               -0.001
       Category 1        0.018          0.018                  0.000                0.000
       Category 2        0.012          0.012                  0.000                0.000
       Category 3        0.060          0.060                  0.000                0.001
       Category 4        0.000          0.000                  0.000                0.000
       Category 5        0.025          0.025                  0.000                0.000


     UNIVARIATE DISTRIBUTION FIT FOR CLASS 2

     Variable          Observed      Estimated      Residual (Obs.-Est.)    Stand. Residual
     N
       Category 0        0.067          0.067                  0.000                0.000
       Category 1        0.848          0.848                  0.000                0.000
       Category 2        0.082          0.082                  0.000                0.000
       Category 3        0.002          0.002                  0.000                0.000
       Category 4        0.000          0.000                  0.000                0.000
       Category 5        0.002          0.002                  0.000                0.000


     UNIVARIATE DISTRIBUTION FIT FOR CLASS 3

     Variable          Observed      Estimated      Residual (Obs.-Est.)    Stand. Residual
     N
       Category 0        0.022          0.022                  0.000                0.000
       Category 1        0.041          0.041                  0.000                0.000
       Category 2        0.857          0.857                  0.000                0.000
       Category 3        0.047          0.047                  0.000                0.000
       Category 4        0.000          0.000                  0.000                0.000
       Category 5        0.033          0.033                  0.000                0.000


     UNIVARIATE DISTRIBUTION FIT FOR CLASS 4

     Variable          Observed      Estimated      Residual (Obs.-Est.)    Stand. Residual
     N
       Category 0        0.042          0.042                  0.000                0.000
       Category 1        0.000          0.000                  0.000                0.000
       Category 2        0.019          0.019                  0.000                0.000
       Category 3        0.890          0.890                  0.000                0.000
       Category 4        0.001          0.001                  0.000                0.000
       Category 5        0.048          0.048                  0.000                0.001


     UNIVARIATE DISTRIBUTION FIT FOR CLASS 5

     Variable          Observed      Estimated      Residual (Obs.-Est.)    Stand. Residual
     N
       Category 0        0.004          0.004                  0.000                0.000
       Category 1        0.001          0.001                  0.000                0.000
       Category 2        0.011          0.011                  0.000               -0.002
       Category 3        0.006          0.006                  0.000                0.001
       Category 4        0.964          0.964                  0.000                0.000
       Category 5        0.014          0.014                  0.000                0.002


     UNIVARIATE DISTRIBUTION FIT FOR CLASS 6

     Variable          Observed      Estimated      Residual (Obs.-Est.)    Stand. Residual
     N
       Category 0        0.026          0.026                  0.000                0.000
       Category 1        0.000          0.000                  0.000                0.000
       Category 2        0.024          0.024                  0.000                0.000
       Category 3        0.066          0.066                  0.000                0.001
       Category 4        0.001          0.001                  0.000               -0.001
       Category 5        0.884          0.884                  0.000                0.000


     UNIVARIATE DISTRIBUTION FIT FOR CLASS 1

     Variable          Observed      Estimated      Residual (Obs.-Est.)    Stand. Residual
     RESPIR
       Category 1        0.896          0.896                  0.000                0.000
       Category 2        0.104          0.104                  0.000                0.000


     UNIVARIATE DISTRIBUTION FIT FOR CLASS 2

     Variable          Observed      Estimated      Residual (Obs.-Est.)    Stand. Residual
     RESPIR
       Category 1        0.886          0.886                  0.000                0.000
       Category 2        0.114          0.114                  0.000                0.000


     UNIVARIATE DISTRIBUTION FIT FOR CLASS 3

     Variable          Observed      Estimated      Residual (Obs.-Est.)    Stand. Residual
     RESPIR
       Category 1        0.873          0.873                  0.000                0.000
       Category 2        0.127          0.127                  0.000                0.000


     UNIVARIATE DISTRIBUTION FIT FOR CLASS 4

     Variable          Observed      Estimated      Residual (Obs.-Est.)    Stand. Residual
     RESPIR
       Category 1        0.837          0.837                  0.000                0.000
       Category 2        0.163          0.163                  0.000                0.000


     UNIVARIATE DISTRIBUTION FIT FOR CLASS 5

     Variable          Observed      Estimated      Residual (Obs.-Est.)    Stand. Residual
     RESPIR
       Category 1        0.758          0.758                  0.000                0.000
       Category 2        0.242          0.242                  0.000                0.000


     UNIVARIATE DISTRIBUTION FIT FOR CLASS 6

     Variable          Observed      Estimated      Residual (Obs.-Est.)    Stand. Residual
     RESPIR
       Category 1        0.871          0.871                  0.000                0.000
       Category 2        0.129          0.129                  0.000                0.000


     Beginning Time:  20:24:30
        Ending Time:  20:24:31
       Elapsed Time:  00:00:01



MUTHEN & MUTHEN
3463 Stoner Ave.
Los Angeles, CA  90066

Tel: (310) 391-9971
Fax: (310) 391-8971
Web: www.StatModel.com
Support: Support@StatModel.com

Copyright (c) 1998-2020 Muthen & Muthen
