Mplus VERSION 8.5 (Mac)
MUTHEN & MUTHEN
09/17/2022   9:04 PM

INPUT INSTRUCTIONS

  TITLE:
  C1_LCA_enumerate
  DATA:
  FILE = "./c_lca_enumerate.dat";

  VARIABLE:
  NAMES = idauniq W4_Smoke W5_Smoke W6_Smoke W7_Smoke W8_Smoke W4_Drink W5_Drink
       W6_Drink W7_Drink W8_Drink W4_PA W5_PA W6_PA W7_PA W8_PA W4_FV W5_FV W6_FV
       W7_FV W8_FV Weights Female Age Pat_Int Pat_Hig Self_Int Self_Hig Edu_Upp
       Edu_Ter Wealth_2 Wealth_3 Eye_4 Circul_4 Endocr_4 Muscul_4 Respir_4 Neopla_4
       Nervou_4 Mental_4 Multi_4 CMulti_4 Luncan_4 Multi Eye Circul Endocr Muscul
       Respir Neopla Nervou Mental CMulti Luncan;
   MISSING=.;
   CATEGORICAL = W4_Smoke,W5_Smoke,W6_Smoke,W7_Smoke,W8_Smoke,
  W4_Drink,W5_Drink,W6_Drink,W7_Drink,W8_Drink,
  W4_PA,W5_PA,W6_PA,W7_PA,W8_PA,W4_FV,W5_FV,W6_FV,
  W7_FV,W8_FV;
  USEVARIABLES = W4_Smoke,W5_Smoke,W6_Smoke,W7_Smoke,W8_Smoke,
  W4_Drink,W5_Drink,W6_Drink,W7_Drink,W8_Drink,
  W4_PA,W5_PA,W6_PA,W7_PA,W8_PA,W4_FV,W5_FV,W6_FV,
  W7_FV,W8_FV,Weights;
  USEOBSERVATIONS = Female NE -99 AND Age NE -99
    AND  Pat_Int NE -99 AND
  Pat_Hig NE -99 AND Self_Int NE -99 AND
  Self_Hig NE -99 AND Edu_Upp NE -99 AND
  Edu_Ter NE -99 AND
  Wealth_2 NE -99 AND Wealth_3 NE -99;
          WEIGHT        = Weights;
  MISSING ARE ALL (-99);
          classes = c(1);
  ANALYSIS:
  estimator = mlr;
      type = mixture;
      starts = 500 100;
      STITERATIONS=20;
  LRTSTARTS = 50 10 400 20;
  OUTPUT:
  TECH11 TECH14
  PLOT:
  type = plot3;
      series is W4_Smoke(2) W5_Smoke(3) W6_Smoke(4) W7_Smoke(5)
      W8_Smoke(6) W4_Drink(7) W5_Drink(8)
      W6_Drink(9) W7_Drink(10)
      W8_Drink(11) W4_PA(12) W5_PA(13)
      W6_PA(14) W7_PA(15) W8_PA(16)
      W4_FV(17) W5_FV(18) W6_FV(19)
      W7_FV(20) W8_FV(21);



*** WARNING
  One or more observations has a value of 0 for the WEIGHT variable.
*** WARNING in OUTPUT command
  TECH11 option is not available for TYPE=MIXTURE with only one class.
  Request for TECH11 is ignored.
*** WARNING in OUTPUT command
  TECH14 option is not available for TYPE=MIXTURE with weights.
  Request for TECH14 is ignored.
   3 WARNING(S) FOUND IN THE INPUT INSTRUCTIONS




C1_LCA_enumerate

SUMMARY OF ANALYSIS

Number of groups                                                 1
Number of observations                                        2284

Number of dependent variables                                   20
Number of independent variables                                  0
Number of continuous latent variables                            0
Number of categorical latent variables                           1

Observed dependent variables

  Binary and ordered categorical (ordinal)
   W4_SMOKE    W5_SMOKE    W6_SMOKE    W7_SMOKE    W8_SMOKE    W4_DRINK
   W5_DRINK    W6_DRINK    W7_DRINK    W8_DRINK    W4_PA       W5_PA
   W6_PA       W7_PA       W8_PA       W4_FV       W5_FV       W6_FV
   W7_FV       W8_FV

Categorical latent variables
   C

Variables with special functions

  Weight variable       WEIGHTS

Estimator                                                      MLR
Information matrix                                        OBSERVED
Optimization Specifications for the Quasi-Newton Algorithm for
Continuous Outcomes
  Maximum number of iterations                                 100
  Convergence criterion                                  0.100D-05
Optimization Specifications for the EM Algorithm
  Maximum number of iterations                                 500
  Convergence criteria
    Loglikelihood change                                 0.100D-06
    Relative loglikelihood change                        0.100D-06
    Derivative                                           0.100D-05
Optimization Specifications for the M step of the EM Algorithm for
Categorical Latent variables
  Number of M step iterations                                    1
  M step convergence criterion                           0.100D-05
  Basis for M step termination                           ITERATION
Optimization Specifications for the M step of the EM Algorithm for
Censored, Binary or Ordered Categorical (Ordinal), Unordered
Categorical (Nominal) and Count Outcomes
  Number of M step iterations                                    1
  M step convergence criterion                           0.100D-05
  Basis for M step termination                           ITERATION
  Maximum value for logit thresholds                            15
  Minimum value for logit thresholds                           -15
  Minimum expected cell size for chi-square              0.100D-01
Maximum number of iterations for H1                           2000
Convergence criterion for H1                             0.100D-03
Optimization algorithm                                         EMA
Random Starts Specifications
  Number of initial stage random starts                        500
  Number of final stage optimizations                          100
  Number of initial stage iterations                            20
  Initial stage convergence criterion                    0.100D+01
  Random starts scale                                    0.500D+01
  Random seed for generating random starts                       0
Link                                                         LOGIT

Input data file(s)
  ./c_lca_enumerate.dat
Input data format  FREE


SUMMARY OF DATA

     Number of missing data patterns           443
     Number of y missing data patterns           0
     Number of u missing data patterns         443


COVARIANCE COVERAGE OF DATA

Minimum covariance coverage value   0.100


     PROPORTION OF DATA PRESENT FOR U


           Covariance Coverage
              W4_SMOKE      W5_SMOKE      W6_SMOKE      W7_SMOKE      W8_SMOKE
              ________      ________      ________      ________      ________
 W4_SMOKE       0.950
 W5_SMOKE       0.576         0.582
 W6_SMOKE       0.591         0.581         0.597
 W7_SMOKE       0.600         0.581         0.595         0.607
 W8_SMOKE       0.604         0.579         0.592         0.602         0.613
 W4_DRINK       0.819         0.501         0.514         0.521         0.526
 W5_DRINK       0.840         0.515         0.528         0.535         0.539
 W6_DRINK       0.826         0.504         0.514         0.524         0.530
 W7_DRINK       0.817         0.503         0.515         0.523         0.529
 W8_DRINK       0.818         0.508         0.519         0.527         0.530
 W4_PA          0.867         0.529         0.542         0.552         0.556
 W5_PA          0.870         0.534         0.549         0.558         0.562
 W6_PA          0.882         0.539         0.553         0.562         0.567
 W7_PA          0.881         0.535         0.550         0.559         0.564
 W8_PA          0.885         0.539         0.553         0.562         0.569
 W4_FV          0.882         0.535         0.549         0.557         0.562
 W5_FV          0.909         0.553         0.567         0.576         0.581
 W6_FV          0.899         0.547         0.559         0.570         0.577
 W7_FV          0.896         0.549         0.562         0.571         0.577
 W8_FV          0.904         0.555         0.569         0.578         0.581


           Covariance Coverage
              W4_DRINK      W5_DRINK      W6_DRINK      W7_DRINK      W8_DRINK
              ________      ________      ________      ________      ________
 W4_DRINK       0.862
 W5_DRINK       0.803         0.884
 W6_DRINK       0.789         0.820         0.869
 W7_DRINK       0.778         0.811         0.807         0.860
 W8_DRINK       0.780         0.810         0.806         0.802         0.863
 W4_PA          0.788         0.810         0.798         0.791         0.791
 W5_PA          0.795         0.815         0.802         0.792         0.793
 W6_PA          0.808         0.821         0.809         0.802         0.803
 W7_PA          0.803         0.824         0.811         0.799         0.806
 W8_PA          0.807         0.826         0.813         0.806         0.807
 W4_FV          0.862         0.827         0.813         0.803         0.807
 W5_FV          0.831         0.883         0.839         0.829         0.829
 W6_FV          0.819         0.844         0.869         0.824         0.824
 W7_FV          0.813         0.838         0.829         0.858         0.819
 W8_FV          0.826         0.846         0.837         0.827         0.862


           Covariance Coverage
              W4_PA         W5_PA         W6_PA         W7_PA         W8_PA
              ________      ________      ________      ________      ________
 W4_PA          0.912
 W5_PA          0.850         0.917
 W6_PA          0.853         0.862         0.926
 W7_PA          0.855         0.859         0.872         0.928
 W8_PA          0.854         0.859         0.868         0.874         0.932
 W4_FV          0.847         0.854         0.866         0.861         0.866
 W5_FV          0.874         0.878         0.887         0.890         0.892
 W6_FV          0.863         0.866         0.876         0.878         0.882
 W7_FV          0.862         0.863         0.874         0.874         0.881
 W8_FV          0.873         0.876         0.887         0.888         0.890


           Covariance Coverage
              W4_FV         W5_FV         W6_FV         W7_FV         W8_FV
              ________      ________      ________      ________      ________
 W4_FV          0.929
 W5_FV          0.896         0.957
 W6_FV          0.880         0.912         0.945
 W7_FV          0.876         0.907         0.901         0.942
 W8_FV          0.890         0.915         0.908         0.904         0.954


UNIVARIATE PROPORTIONS AND COUNTS FOR CATEGORICAL VARIABLES

    W4_SMOKE
      Category 1    0.891         1925.844
      Category 2    0.109          234.748
    W5_SMOKE
      Category 1    0.851         1157.310
      Category 2    0.149          202.715
    W6_SMOKE
      Category 1    0.867         1208.814
      Category 2    0.133          184.995
    W7_SMOKE
      Category 1    0.876         1240.376
      Category 2    0.124          175.204
    W8_SMOKE
      Category 1    0.896         1283.430
      Category 2    0.104          149.367
    W4_DRINK
      Category 1    0.164          320.482
      Category 2    0.470          917.962
      Category 3    0.318          622.237
      Category 4    0.048           94.323
    W5_DRINK
      Category 1    0.186          374.445
      Category 2    0.442          890.564
      Category 3    0.323          650.148
      Category 4    0.049           97.802
    W6_DRINK
      Category 1    0.211          415.369
      Category 2    0.439          865.797
      Category 3    0.303          598.251
      Category 4    0.048           93.832
    W7_DRINK
      Category 1    0.212          412.957
      Category 2    0.453          882.714
      Category 3    0.285          556.053
      Category 4    0.050           97.302
    W8_DRINK
      Category 1    0.216          421.432
      Category 2    0.446          868.970
      Category 3    0.294          572.844
      Category 4    0.043           83.521
    W4_PA
      Category 1    0.003            5.262
      Category 2    0.497         1022.860
      Category 3    0.197          405.410
      Category 4    0.304          625.309
    W5_PA
      Category 1    0.007           15.191
      Category 2    0.505         1054.783
      Category 3    0.219          457.806
      Category 4    0.268          559.669
    W6_PA
      Category 1    0.005           10.634
      Category 2    0.518         1085.487
      Category 3    0.187          391.755
      Category 4    0.290          607.986
    W7_PA
      Category 1    0.004            8.452
      Category 2    0.539         1132.106
      Category 3    0.193          404.560
      Category 4    0.265          555.694
    W8_PA
      Category 1    0.007           15.509
      Category 2    0.559         1182.815
      Category 3    0.175          370.050
      Category 4    0.259          546.968
    W4_FV
      Category 1    0.410          864.415
      Category 2    0.590         1246.457
    W5_FV
      Category 1    0.412          901.271
      Category 2    0.588         1286.332
    W6_FV
      Category 1    0.376          809.996
      Category 2    0.624         1342.282
    W7_FV
      Category 1    0.355          761.184
      Category 2    0.645         1384.397
    W8_FV
      Category 1    0.369          802.729
      Category 2    0.631         1370.880


RANDOM STARTS RESULTS RANKED FROM THE BEST TO THE WORST LOGLIKELIHOOD VALUES

Final stage loglikelihood values at local maxima, seeds, and initial stage start numbers:

          -32547.589  unperturbed      0
          -32547.589  285380           1
          -32547.589  93468            3
          -32547.589  971853           402
          -32547.589  471040           403
          -32547.589  605565           404
          -32547.589  596257           405
          -32547.589  112586           494
          -32547.589  926797           406
          -32547.589  772131           407
          -32547.589  55115            408
          -32547.589  652266           490
          -32547.589  605161           409
          -32547.589  746978           410
          -32547.589  85734            411
          -32547.589  354395           486
          -32547.589  918558           412
          -32547.589  275475           413
          -32547.589  736574           414
          -32547.589  399508           415
          -32547.589  791285           416
          -32547.589  665121           417
          -32547.589  298275           418
          -32547.589  226322           478
          -32547.589  802682           419
          -32547.589  749635           420
          -32547.589  484406           421
          -32547.589  216565           474
          -32547.589  173191           422
          -32547.589  798821           423
          -32547.589  505879           424
          -32547.589  971693           470
          -32547.589  762461           425
          -32547.589  937885           426
          -32547.589  584397           428
          -32547.589  153394           429
          -32547.589  238906           430
          -32547.589  853195           431
          -32547.589  518828           432
          -32547.589  68850            462
          -32547.589  783102           433
          -32547.589  640833           434
          -32547.589  283492           435
          -32547.589  359578           458
          -32547.589  399380           436
          -32547.589  317640           437
          -32547.589  375590           438
          -32547.589  263049           454
          -32547.589  631413           439
          -32547.589  193569           440
          -32547.589  741484           441
          -32547.589  404510           442
          -32547.589  217130           443
          -32547.589  888905           444
          -32547.589  502532           445
          -32547.589  508482           446
          -32547.589  263221           447
          -32547.589  354624           448
          -32547.589  614535           449
          -32547.589  408713           450
          -32547.589  188640           451
          -32547.589  582296           452
          -32547.589  879211           453
          -32547.589  224950           455
          -32547.589  922596           456
          -32547.589  769907           457
          -32547.589  539751           459
          -32547.589  662718           460
          -32547.589  345726           461
          -32547.589  965639           463
          -32547.589  349360           464
          -32547.589  320494           465
          -32547.589  898745           466
          -32547.589  416463           467
          -32547.589  862607           468
          -32547.589  790059           469
          -32547.589  315029           471
          -32547.589  69413            472
          -32547.589  376411           473
          -32547.589  988761           475
          -32547.589  714455           476
          -32547.589  802256           477
          -32547.589  392751           480
          -32547.589  863691           481
          -32547.589  787985           482
          -32547.589  53621            483
          -32547.589  366533           484
          -32547.589  425982           485
          -32547.589  252949           487
          -32547.589  978061           488
          -32547.589  618760           489
          -32547.589  972430           491
          -32547.589  922042           492
          -32547.589  887580           493
          -32547.589  860102           495
          -32547.589  335485           496
          -32547.589  978781           497
          -32547.589  485483           498
          -32547.589  319575           499
          -32547.589  140442           500



THE MODEL ESTIMATION TERMINATED NORMALLY

     THE CHI-SQUARE TEST CANNOT BE COMPUTED BECAUSE THE FREQUENCY TABLE FOR THE
     LATENT CLASS INDICATOR MODEL PART IS TOO LARGE.




MODEL FIT INFORMATION

Number of Free Parameters                       40

Loglikelihood

          H0 Value                      -32547.589
          H0 Scaling Correction Factor      1.3330
            for MLR

Information Criteria

          Akaike (AIC)                   65175.179
          Bayesian (BIC)                 65404.526
          Sample-Size Adjusted BIC       65277.439
            (n* = (n + 2) / 24)



FINAL CLASS COUNTS AND PROPORTIONS FOR THE LATENT CLASSES
BASED ON THE ESTIMATED MODEL

    Latent
   Classes

       1       2284.00000          1.00000


FINAL CLASS COUNTS AND PROPORTIONS FOR THE LATENT CLASSES
BASED ON ESTIMATED POSTERIOR PROBABILITIES

    Latent
   Classes

       1       2284.00000          1.00000


FINAL CLASS COUNTS AND PROPORTIONS FOR THE LATENT CLASSES
BASED ON THEIR MOST LIKELY LATENT CLASS MEMBERSHIP

Class Counts and Proportions

    Latent
   Classes

       1             2284          1.00000


Average Latent Class Probabilities for Most Likely Latent Class Membership (Row)
by Latent Class (Column)

           1

    1   1.000


Classification Probabilities for the Most Likely Latent Class Membership (Column)
by Latent Class (Row)

           1

    1   1.000


Logits for the Classification Probabilities for the Most Likely Latent Class Membership (Column)
by Latent Class (Row)

              1

    1      0.000


MODEL RESULTS

                                                    Two-Tailed
                    Estimate       S.E.  Est./S.E.    P-Value

Latent Class 1

 Thresholds
    W4_SMOKE$1         2.105      0.083     25.242      0.000
    W5_SMOKE$1         1.742      0.091     19.106      0.000
    W6_SMOKE$1         1.877      0.095     19.745      0.000
    W7_SMOKE$1         1.957      0.097     20.157      0.000
    W8_SMOKE$1         2.151      0.104     20.725      0.000
    W4_DRINK$1        -1.629      0.072    -22.637      0.000
    W4_DRINK$2         0.547      0.053     10.393      0.000
    W4_DRINK$3         2.982      0.116     25.729      0.000
    W5_DRINK$1        -1.476      0.067    -21.992      0.000
    W5_DRINK$2         0.525      0.052     10.109      0.000
    W5_DRINK$3         2.975      0.112     26.574      0.000
    W6_DRINK$1        -1.322      0.064    -20.639      0.000
    W6_DRINK$2         0.616      0.053     11.654      0.000
    W6_DRINK$3         2.997      0.111     26.903      0.000
    W7_DRINK$1        -1.314      0.065    -20.302      0.000
    W7_DRINK$2         0.685      0.054     12.755      0.000
    W7_DRINK$3         2.946      0.114     25.794      0.000
    W8_DRINK$1        -1.286      0.063    -20.381      0.000
    W8_DRINK$2         0.676      0.054     12.624      0.000
    W8_DRINK$3         3.105      0.122     25.534      0.000
    W4_PA$1           -5.967      0.464    -12.870      0.000
    W4_PA$2           -0.003      0.050     -0.051      0.960
    W4_PA$3            0.830      0.054     15.429      0.000
    W5_PA$1           -4.916      0.354    -13.905      0.000
    W5_PA$2            0.050      0.050      1.015      0.310
    W5_PA$3            1.004      0.055     18.311      0.000
    W6_PA$1           -5.279      0.397    -13.285      0.000
    W6_PA$2            0.092      0.049      1.862      0.063
    W6_PA$3            0.895      0.054     16.572      0.000
    W7_PA$1           -5.512      0.486    -11.338      0.000
    W7_PA$2            0.172      0.049      3.476      0.001
    W7_PA$3            1.023      0.055     18.488      0.000
    W8_PA$1           -4.908      0.299    -16.421      0.000
    W8_PA$2            0.268      0.049      5.414      0.000
    W8_PA$3            1.053      0.056     18.967      0.000
    W4_FV$1           -0.366      0.051     -7.242      0.000
    W5_FV$1           -0.356      0.050     -7.144      0.000
    W6_FV$1           -0.505      0.051     -9.961      0.000
    W7_FV$1           -0.598      0.052    -11.549      0.000
    W8_FV$1           -0.535      0.051    -10.557      0.000


RESULTS IN PROBABILITY SCALE

Latent Class 1

 W4_SMOKE
    Category 1         0.891      0.008    110.389      0.000
    Category 2         0.109      0.008     13.456      0.000
 W5_SMOKE
    Category 1         0.851      0.012     73.581      0.000
    Category 2         0.149      0.012     12.888      0.000
 W6_SMOKE
    Category 1         0.867      0.011     79.253      0.000
    Category 2         0.133      0.011     12.129      0.000
 W7_SMOKE
    Category 1         0.876      0.011     83.209      0.000
    Category 2         0.124      0.011     11.753      0.000
 W8_SMOKE
    Category 1         0.896      0.010     92.430      0.000
    Category 2         0.104      0.010     10.757      0.000
 W4_DRINK
    Category 1         0.164      0.010     16.618      0.000
    Category 2         0.470      0.013     36.824      0.000
    Category 3         0.318      0.012     26.964      0.000
    Category 4         0.048      0.005      9.065      0.000
 W5_DRINK
    Category 1         0.186      0.010     18.304      0.000
    Category 2         0.442      0.013     35.363      0.000
    Category 3         0.323      0.012     27.452      0.000
    Category 4         0.049      0.005      9.390      0.000
 W6_DRINK
    Category 1         0.211      0.011     19.776      0.000
    Category 2         0.439      0.013     34.762      0.000
    Category 3         0.303      0.012     26.096      0.000
    Category 4         0.048      0.005      9.424      0.000
 W7_DRINK
    Category 1         0.212      0.011     19.610      0.000
    Category 2         0.453      0.013     35.596      0.000
    Category 3         0.285      0.011     24.962      0.000
    Category 4         0.050      0.005      9.215      0.000
 W8_DRINK
    Category 1         0.216      0.011     20.222      0.000
    Category 2         0.446      0.013     35.214      0.000
    Category 3         0.294      0.012     25.499      0.000
    Category 4         0.043      0.005      8.592      0.000
 W4_PA
    Category 1         0.003      0.001      2.162      0.031
    Category 2         0.497      0.012     39.826      0.000
    Category 3         0.197      0.010     19.961      0.000
    Category 4         0.304      0.011     26.709      0.000
 W5_PA
    Category 1         0.007      0.003      2.849      0.004
    Category 2         0.505      0.012     40.762      0.000
    Category 3         0.219      0.010     21.375      0.000
    Category 4         0.268      0.011     24.914      0.000
 W6_PA
    Category 1         0.005      0.002      2.530      0.011
    Category 2         0.518      0.012     41.973      0.000
    Category 3         0.187      0.010     19.616      0.000
    Category 4         0.290      0.011     26.084      0.000
 W7_PA
    Category 1         0.004      0.002      2.065      0.039
    Category 2         0.539      0.012     43.815      0.000
    Category 3         0.193      0.010     19.993      0.000
    Category 4         0.265      0.011     24.581      0.000
 W8_PA
    Category 1         0.007      0.002      3.370      0.001
    Category 2         0.559      0.012     45.965      0.000
    Category 3         0.175      0.009     18.975      0.000
    Category 4         0.259      0.011     24.284      0.000
 W4_FV
    Category 1         0.410      0.012     33.508      0.000
    Category 2         0.590      0.012     48.317      0.000
 W5_FV
    Category 1         0.412      0.012     34.151      0.000
    Category 2         0.588      0.012     48.742      0.000
 W6_FV
    Category 1         0.376      0.012     31.620      0.000
    Category 2         0.624      0.012     52.399      0.000
 W7_FV
    Category 1         0.355      0.012     29.925      0.000
    Category 2         0.645      0.012     54.425      0.000
 W8_FV
    Category 1         0.369      0.012     31.276      0.000
    Category 2         0.631      0.012     53.412      0.000


QUALITY OF NUMERICAL RESULTS

     Condition Number for the Information Matrix              0.207E-02
       (ratio of smallest to largest eigenvalue)


PLOT INFORMATION

The following plots are available:

  Histograms (sample values)
  Scatterplots (sample values)
  Sample proportions and estimated probabilities

     Beginning Time:  21:04:27
        Ending Time:  21:04:31
       Elapsed Time:  00:00:04



MUTHEN & MUTHEN
3463 Stoner Ave.
Los Angeles, CA  90066

Tel: (310) 391-9971
Fax: (310) 391-8971
Web: www.StatModel.com
Support: Support@StatModel.com

Copyright (c) 1998-2020 Muthen & Muthen
