Mplus VERSION 8.5 (Mac)
MUTHEN & MUTHEN
09/17/2022   9:05 PM

INPUT INSTRUCTIONS

  TITLE:
  C3_LCA_enumerate
  DATA:
  FILE = "./c_lca_enumerate.dat";

  VARIABLE:
  NAMES = idauniq W4_Smoke W5_Smoke W6_Smoke W7_Smoke W8_Smoke W4_Drink W5_Drink
       W6_Drink W7_Drink W8_Drink W4_PA W5_PA W6_PA W7_PA W8_PA W4_FV W5_FV W6_FV
       W7_FV W8_FV Weights Female Age Pat_Int Pat_Hig Self_Int Self_Hig Edu_Upp
       Edu_Ter Wealth_2 Wealth_3 Eye_4 Circul_4 Endocr_4 Muscul_4 Respir_4 Neopla_4
       Nervou_4 Mental_4 Multi_4 CMulti_4 Luncan_4 Multi Eye Circul Endocr Muscul
       Respir Neopla Nervou Mental CMulti Luncan;
   MISSING=.;
   CATEGORICAL = W4_Smoke,W5_Smoke,W6_Smoke,W7_Smoke,W8_Smoke,
  W4_Drink,W5_Drink,W6_Drink,W7_Drink,W8_Drink,
  W4_PA,W5_PA,W6_PA,W7_PA,W8_PA,W4_FV,W5_FV,W6_FV,
  W7_FV,W8_FV;
  USEVARIABLES = W4_Smoke,W5_Smoke,W6_Smoke,W7_Smoke,W8_Smoke,
  W4_Drink,W5_Drink,W6_Drink,W7_Drink,W8_Drink,
  W4_PA,W5_PA,W6_PA,W7_PA,W8_PA,W4_FV,W5_FV,W6_FV,
  W7_FV,W8_FV,Weights;
  USEOBSERVATIONS = Female NE -99 AND Age NE -99
    AND  Pat_Int NE -99 AND
  Pat_Hig NE -99 AND Self_Int NE -99 AND
  Self_Hig NE -99 AND Edu_Upp NE -99 AND
  Edu_Ter NE -99 AND
  Wealth_2 NE -99 AND Wealth_3 NE -99;
          WEIGHT        = Weights;
  MISSING ARE ALL (-99);
          classes = c(3);
  ANALYSIS:
  estimator = mlr;
      type = mixture;
      starts = 500 100;
      STITERATIONS=20;
  LRTSTARTS = 50 10 400 20;
  OUTPUT:
  TECH11 TECH14
  PLOT:
  type = plot3;
      series is W4_Smoke(2) W5_Smoke(3) W6_Smoke(4) W7_Smoke(5)
      W8_Smoke(6) W4_Drink(7) W5_Drink(8)
      W6_Drink(9) W7_Drink(10)
      W8_Drink(11) W4_PA(12) W5_PA(13)
      W6_PA(14) W7_PA(15) W8_PA(16)
      W4_FV(17) W5_FV(18) W6_FV(19)
      W7_FV(20) W8_FV(21);



*** WARNING
  One or more observations has a value of 0 for the WEIGHT variable.
*** WARNING in OUTPUT command
  TECH14 option is not available for TYPE=MIXTURE with weights.
  Request for TECH14 is ignored.
   2 WARNING(S) FOUND IN THE INPUT INSTRUCTIONS




C3_LCA_enumerate

SUMMARY OF ANALYSIS

Number of groups                                                 1
Number of observations                                        2284

Number of dependent variables                                   20
Number of independent variables                                  0
Number of continuous latent variables                            0
Number of categorical latent variables                           1

Observed dependent variables

  Binary and ordered categorical (ordinal)
   W4_SMOKE    W5_SMOKE    W6_SMOKE    W7_SMOKE    W8_SMOKE    W4_DRINK
   W5_DRINK    W6_DRINK    W7_DRINK    W8_DRINK    W4_PA       W5_PA
   W6_PA       W7_PA       W8_PA       W4_FV       W5_FV       W6_FV
   W7_FV       W8_FV

Categorical latent variables
   C

Variables with special functions

  Weight variable       WEIGHTS

Estimator                                                      MLR
Information matrix                                        OBSERVED
Optimization Specifications for the Quasi-Newton Algorithm for
Continuous Outcomes
  Maximum number of iterations                                 100
  Convergence criterion                                  0.100D-05
Optimization Specifications for the EM Algorithm
  Maximum number of iterations                                 500
  Convergence criteria
    Loglikelihood change                                 0.100D-06
    Relative loglikelihood change                        0.100D-06
    Derivative                                           0.100D-05
Optimization Specifications for the M step of the EM Algorithm for
Categorical Latent variables
  Number of M step iterations                                    1
  M step convergence criterion                           0.100D-05
  Basis for M step termination                           ITERATION
Optimization Specifications for the M step of the EM Algorithm for
Censored, Binary or Ordered Categorical (Ordinal), Unordered
Categorical (Nominal) and Count Outcomes
  Number of M step iterations                                    1
  M step convergence criterion                           0.100D-05
  Basis for M step termination                           ITERATION
  Maximum value for logit thresholds                            15
  Minimum value for logit thresholds                           -15
  Minimum expected cell size for chi-square              0.100D-01
Maximum number of iterations for H1                           2000
Convergence criterion for H1                             0.100D-03
Optimization algorithm                                         EMA
Random Starts Specifications
  Number of initial stage random starts                        500
  Number of final stage optimizations                          100
  Number of initial stage iterations                            20
  Initial stage convergence criterion                    0.100D+01
  Random starts scale                                    0.500D+01
  Random seed for generating random starts                       0
Link                                                         LOGIT

Input data file(s)
  ./c_lca_enumerate.dat
Input data format  FREE


SUMMARY OF DATA

     Number of missing data patterns           443
     Number of y missing data patterns           0
     Number of u missing data patterns         443


COVARIANCE COVERAGE OF DATA

Minimum covariance coverage value   0.100


     PROPORTION OF DATA PRESENT FOR U


           Covariance Coverage
              W4_SMOKE      W5_SMOKE      W6_SMOKE      W7_SMOKE      W8_SMOKE
              ________      ________      ________      ________      ________
 W4_SMOKE       0.950
 W5_SMOKE       0.576         0.582
 W6_SMOKE       0.591         0.581         0.597
 W7_SMOKE       0.600         0.581         0.595         0.607
 W8_SMOKE       0.604         0.579         0.592         0.602         0.613
 W4_DRINK       0.819         0.501         0.514         0.521         0.526
 W5_DRINK       0.840         0.515         0.528         0.535         0.539
 W6_DRINK       0.826         0.504         0.514         0.524         0.530
 W7_DRINK       0.817         0.503         0.515         0.523         0.529
 W8_DRINK       0.818         0.508         0.519         0.527         0.530
 W4_PA          0.867         0.529         0.542         0.552         0.556
 W5_PA          0.870         0.534         0.549         0.558         0.562
 W6_PA          0.882         0.539         0.553         0.562         0.567
 W7_PA          0.881         0.535         0.550         0.559         0.564
 W8_PA          0.885         0.539         0.553         0.562         0.569
 W4_FV          0.882         0.535         0.549         0.557         0.562
 W5_FV          0.909         0.553         0.567         0.576         0.581
 W6_FV          0.899         0.547         0.559         0.570         0.577
 W7_FV          0.896         0.549         0.562         0.571         0.577
 W8_FV          0.904         0.555         0.569         0.578         0.581


           Covariance Coverage
              W4_DRINK      W5_DRINK      W6_DRINK      W7_DRINK      W8_DRINK
              ________      ________      ________      ________      ________
 W4_DRINK       0.862
 W5_DRINK       0.803         0.884
 W6_DRINK       0.789         0.820         0.869
 W7_DRINK       0.778         0.811         0.807         0.860
 W8_DRINK       0.780         0.810         0.806         0.802         0.863
 W4_PA          0.788         0.810         0.798         0.791         0.791
 W5_PA          0.795         0.815         0.802         0.792         0.793
 W6_PA          0.808         0.821         0.809         0.802         0.803
 W7_PA          0.803         0.824         0.811         0.799         0.806
 W8_PA          0.807         0.826         0.813         0.806         0.807
 W4_FV          0.862         0.827         0.813         0.803         0.807
 W5_FV          0.831         0.883         0.839         0.829         0.829
 W6_FV          0.819         0.844         0.869         0.824         0.824
 W7_FV          0.813         0.838         0.829         0.858         0.819
 W8_FV          0.826         0.846         0.837         0.827         0.862


           Covariance Coverage
              W4_PA         W5_PA         W6_PA         W7_PA         W8_PA
              ________      ________      ________      ________      ________
 W4_PA          0.912
 W5_PA          0.850         0.917
 W6_PA          0.853         0.862         0.926
 W7_PA          0.855         0.859         0.872         0.928
 W8_PA          0.854         0.859         0.868         0.874         0.932
 W4_FV          0.847         0.854         0.866         0.861         0.866
 W5_FV          0.874         0.878         0.887         0.890         0.892
 W6_FV          0.863         0.866         0.876         0.878         0.882
 W7_FV          0.862         0.863         0.874         0.874         0.881
 W8_FV          0.873         0.876         0.887         0.888         0.890


           Covariance Coverage
              W4_FV         W5_FV         W6_FV         W7_FV         W8_FV
              ________      ________      ________      ________      ________
 W4_FV          0.929
 W5_FV          0.896         0.957
 W6_FV          0.880         0.912         0.945
 W7_FV          0.876         0.907         0.901         0.942
 W8_FV          0.890         0.915         0.908         0.904         0.954


UNIVARIATE PROPORTIONS AND COUNTS FOR CATEGORICAL VARIABLES

    W4_SMOKE
      Category 1    0.891         1925.844
      Category 2    0.109          234.748
    W5_SMOKE
      Category 1    0.851         1157.310
      Category 2    0.149          202.715
    W6_SMOKE
      Category 1    0.867         1208.814
      Category 2    0.133          184.995
    W7_SMOKE
      Category 1    0.876         1240.376
      Category 2    0.124          175.204
    W8_SMOKE
      Category 1    0.896         1283.430
      Category 2    0.104          149.367
    W4_DRINK
      Category 1    0.164          320.482
      Category 2    0.470          917.962
      Category 3    0.318          622.237
      Category 4    0.048           94.323
    W5_DRINK
      Category 1    0.186          374.445
      Category 2    0.442          890.564
      Category 3    0.323          650.148
      Category 4    0.049           97.802
    W6_DRINK
      Category 1    0.211          415.369
      Category 2    0.439          865.797
      Category 3    0.303          598.251
      Category 4    0.048           93.832
    W7_DRINK
      Category 1    0.212          412.957
      Category 2    0.453          882.714
      Category 3    0.285          556.053
      Category 4    0.050           97.302
    W8_DRINK
      Category 1    0.216          421.432
      Category 2    0.446          868.970
      Category 3    0.294          572.844
      Category 4    0.043           83.521
    W4_PA
      Category 1    0.003            5.262
      Category 2    0.497         1022.860
      Category 3    0.197          405.410
      Category 4    0.304          625.309
    W5_PA
      Category 1    0.007           15.191
      Category 2    0.505         1054.783
      Category 3    0.219          457.806
      Category 4    0.268          559.669
    W6_PA
      Category 1    0.005           10.634
      Category 2    0.518         1085.487
      Category 3    0.187          391.755
      Category 4    0.290          607.986
    W7_PA
      Category 1    0.004            8.452
      Category 2    0.539         1132.106
      Category 3    0.193          404.560
      Category 4    0.265          555.694
    W8_PA
      Category 1    0.007           15.509
      Category 2    0.559         1182.815
      Category 3    0.175          370.050
      Category 4    0.259          546.968
    W4_FV
      Category 1    0.410          864.415
      Category 2    0.590         1246.457
    W5_FV
      Category 1    0.412          901.271
      Category 2    0.588         1286.332
    W6_FV
      Category 1    0.376          809.996
      Category 2    0.624         1342.282
    W7_FV
      Category 1    0.355          761.184
      Category 2    0.645         1384.397
    W8_FV
      Category 1    0.369          802.729
      Category 2    0.631         1370.880


RANDOM STARTS RESULTS RANKED FROM THE BEST TO THE WORST LOGLIKELIHOOD VALUES

Final stage loglikelihood values at local maxima, seeds, and initial stage start numbers:

          -28953.881  319575           499
          -28953.881  30098            209
          -28953.881  781190           219
          -28953.881  717754           180
          -28953.881  59674            240
          -28953.881  55115            408
          -28953.881  89970            223
          -28953.881  987090           70
          -28953.881  637095           207
          -28953.881  22089            143
          -28953.881  790059           469
          -28953.881  232226           235
          -28953.881  871851           257
          -28953.881  391179           78
          -28953.881  39136            226
          -28953.881  499150           216
          -28953.881  918558           412
          -28953.881  629320           222
          -28953.881  374219           353
          -28953.881  741484           441
          -28953.881  856536           144
          -28953.881  414828           322
          -28953.881  791396           243
          -28953.881  146900           391
          -28953.881  140442           500
          -28953.881  407168           44
          -28953.881  471438           252
          -28953.881  887580           493
          -28953.881  484406           421
          -28953.881  40340            188
          -28953.881  644297           340
          -28953.881  224950           455
          -28953.881  443442           380
          -28953.881  372176           23
          -28953.881  285380           1
          -28953.881  662718           460
          -28953.881  195353           225
          -28953.881  783110           72
          -28953.881  50887            389
          -28953.881  193042           316
          -28953.881  609089           241
          -28953.881  345726           461
          -28953.881  85734            411
          -28953.881  354559           73
          -28953.881  350608           334
          -28953.881  526324           178
          -28953.881  153942           31
          -28953.881  462228           298
          -28953.881  404426           344
          -28953.881  667250           318
          -28953.881  1548             384
          -28953.881  281462           285
          -28953.881  76337            76
          -28953.881  686482           215
          -28953.881  416463           467
          -28953.881  988761           475
          -28953.881  568859           49
          -28953.881  790452           303
          -28953.881  576596           99
          -28953.881  485256           371
          -28953.881  544048           87
          -28953.881  132336           362
          -28953.881  505879           424
          -28953.881  23012            352
          -28953.881  582296           452
          -28953.881  960438           116
          -28953.881  112586           494
          -28953.881  475420           71
          -28953.881  654136           167
          -28953.881  49221            254
          -28953.881  836066           372
          -28953.881  417035           149
          -28953.881  392418           28
          -28953.881  570908           98
          -28953.881  407108           366
          -28953.881  253358           2
          -28953.881  66276            217
          -28953.881  175199           247
          -28953.881  700349           401
          -28953.881  462953           7
          -28953.881  458181           189
          -28953.881  341041           34
          -28953.881  823392           479
          -28953.881  545140           278
          -28953.881  283492           435
          -28953.881  485483           498
          -28953.881  652266           490
          -28953.881  422103           62
          -28953.881  746978           410
          -28953.881  273992           349
          -28953.881  393232           152
          -28953.881  468036           131
          -28953.881  375590           438
          -28953.881  535804           111
          -28953.881  887676           22
          -28953.881  246575           291
          -28953.881  220454           288
          -28953.881  985387           381
          -28953.881  168762           200
          -28953.881  802682           419



THE BEST LOGLIKELIHOOD VALUE HAS BEEN REPLICATED.  RERUN WITH AT LEAST TWICE THE
RANDOM STARTS TO CHECK THAT THE BEST LOGLIKELIHOOD IS STILL OBTAINED AND REPLICATED.

     IN THE OPTIMIZATION, ONE OR MORE LOGIT THRESHOLDS APPROACHED EXTREME VALUES
     OF -15.000 AND 15.000 AND WERE FIXED TO STABILIZE MODEL ESTIMATION.  THESE
     VALUES IMPLY PROBABILITIES OF 0 AND 1.  IN THE MODEL RESULTS SECTION, THESE
     PARAMETERS HAVE 0 STANDARD ERRORS AND 999 IN THE Z-SCORE AND P-VALUE COLUMNS.




THE MODEL ESTIMATION TERMINATED NORMALLY

     THE CHI-SQUARE TEST CANNOT BE COMPUTED BECAUSE THE FREQUENCY TABLE FOR THE
     LATENT CLASS INDICATOR MODEL PART IS TOO LARGE.




MODEL FIT INFORMATION

Number of Free Parameters                      122

Loglikelihood

          H0 Value                      -28953.881
          H0 Scaling Correction Factor      1.4302
            for MLR

Information Criteria

          Akaike (AIC)                   58151.761
          Bayesian (BIC)                 58851.271
          Sample-Size Adjusted BIC       58463.655
            (n* = (n + 2) / 24)



FINAL CLASS COUNTS AND PROPORTIONS FOR THE LATENT CLASSES
BASED ON THE ESTIMATED MODEL

    Latent
   Classes

       1        236.95848          0.10375
       2        834.95660          0.36557
       3       1212.08493          0.53069


FINAL CLASS COUNTS AND PROPORTIONS FOR THE LATENT CLASSES
BASED ON ESTIMATED POSTERIOR PROBABILITIES

    Latent
   Classes

       1        236.95848          0.10375
       2        834.95660          0.36557
       3       1212.08493          0.53069


FINAL CLASS COUNTS AND PROPORTIONS FOR THE LATENT CLASSES
BASED ON THEIR MOST LIKELY LATENT CLASS MEMBERSHIP

Class Counts and Proportions

    Latent
   Classes

       1              220          0.09614
       2              819          0.35851
       3             1246          0.54536


CLASSIFICATION QUALITY

     Entropy                         0.886


Average Latent Class Probabilities for Most Likely Latent Class Membership (Row)
by Latent Class (Column)

           1        2        3

    1   0.971    0.006    0.023
    2   0.006    0.954    0.040
    3   0.015    0.042    0.943


Classification Probabilities for the Most Likely Latent Class Membership (Column)
by Latent Class (Row)

           1        2        3

    1   0.899    0.022    0.079
    2   0.002    0.935    0.063
    3   0.004    0.027    0.969


Logits for the Classification Probabilities for the Most Likely Latent Class Membership (Column)
by Latent Class (Row)

              1        2        3

    1      2.437   -1.273    0.000
    2     -3.689    2.696    0.000
    3     -5.430   -3.582    0.000


MODEL RESULTS

                                                    Two-Tailed
                    Estimate       S.E.  Est./S.E.    P-Value

Latent Class 1

 Thresholds
    W4_SMOKE$1        -1.880      0.819     -2.295      0.022
    W5_SMOKE$1        -2.667      0.353     -7.549      0.000
    W6_SMOKE$1        -2.036      0.309     -6.589      0.000
    W7_SMOKE$1        -1.776      0.288     -6.161      0.000
    W8_SMOKE$1        -0.862      0.207     -4.170      0.000
    W4_DRINK$1        -0.771      0.338     -2.280      0.023
    W4_DRINK$2         1.110      0.320      3.468      0.001
    W4_DRINK$3         3.253      0.593      5.482      0.000
    W5_DRINK$1        -0.718      0.310     -2.318      0.020
    W5_DRINK$2         0.973      0.304      3.200      0.001
    W5_DRINK$3         2.939      0.438      6.706      0.000
    W6_DRINK$1        -0.402      0.291     -1.384      0.166
    W6_DRINK$2         0.971      0.318      3.049      0.002
    W6_DRINK$3         2.709      0.405      6.693      0.000
    W7_DRINK$1        -0.279      0.258     -1.078      0.281
    W7_DRINK$2         1.315      0.315      4.176      0.000
    W7_DRINK$3         3.445      0.573      6.007      0.000
    W8_DRINK$1        -0.453      0.288     -1.574      0.115
    W8_DRINK$2         1.049      0.312      3.359      0.001
    W8_DRINK$3         2.460      0.424      5.804      0.000
    W4_PA$1           -4.872      1.012     -4.817      0.000
    W4_PA$2            0.786      0.237      3.314      0.001
    W4_PA$3            1.529      0.291      5.261      0.000
    W5_PA$1           -4.833      1.008     -4.796      0.000
    W5_PA$2            0.864      0.232      3.724      0.000
    W5_PA$3            1.800      0.277      6.501      0.000
    W6_PA$1           -4.796      1.005     -4.770      0.000
    W6_PA$2            0.729      0.256      2.842      0.004
    W6_PA$3            1.708      0.290      5.879      0.000
    W7_PA$1           -5.404      1.063     -5.085      0.000
    W7_PA$2            0.806      0.275      2.933      0.003
    W7_PA$3            1.601      0.314      5.091      0.000
    W8_PA$1           -5.174      1.009     -5.129      0.000
    W8_PA$2            1.023      0.226      4.519      0.000
    W8_PA$3            1.651      0.260      6.348      0.000
    W4_FV$1            0.498      0.187      2.660      0.008
    W5_FV$1            1.104      0.206      5.356      0.000
    W6_FV$1            0.831      0.203      4.087      0.000
    W7_FV$1            0.323      0.221      1.464      0.143
    W8_FV$1            0.409      0.216      1.896      0.058

Latent Class 2

 Thresholds
    W4_SMOKE$1         3.455      0.310     11.145      0.000
    W5_SMOKE$1         4.041      0.529      7.640      0.000
    W6_SMOKE$1         5.445      0.607      8.972      0.000
    W7_SMOKE$1         5.216      0.709      7.361      0.000
    W8_SMOKE$1         4.953      0.690      7.181      0.000
    W4_DRINK$1        -4.312      0.416    -10.374      0.000
    W4_DRINK$2        -1.433      0.162     -8.830      0.000
    W4_DRINK$3         2.020      0.136     14.901      0.000
    W5_DRINK$1        -4.556      0.427    -10.665      0.000
    W5_DRINK$2        -1.505      0.163     -9.216      0.000
    W5_DRINK$3         2.081      0.136     15.337      0.000
    W6_DRINK$1        -3.519      0.276    -12.754      0.000
    W6_DRINK$2        -1.267      0.146     -8.677      0.000
    W6_DRINK$3         2.105      0.136     15.442      0.000
    W7_DRINK$1        -4.432      0.391    -11.345      0.000
    W7_DRINK$2        -1.195      0.138     -8.660      0.000
    W7_DRINK$3         1.969      0.139     14.148      0.000
    W8_DRINK$1        -3.981      0.298    -13.369      0.000
    W8_DRINK$2        -1.077      0.136     -7.897      0.000
    W8_DRINK$3         2.315      0.152     15.273      0.000
    W4_PA$1           -6.586      1.003     -6.568      0.000
    W4_PA$2           -0.271      0.096     -2.828      0.005
    W4_PA$3            0.611      0.098      6.212      0.000
    W5_PA$1           -4.783      0.534     -8.958      0.000
    W5_PA$2           -0.240      0.097     -2.481      0.013
    W5_PA$3            0.750      0.102      7.341      0.000
    W6_PA$1          -15.000      0.000    999.000    999.000
    W6_PA$2           -0.286      0.096     -2.965      0.003
    W6_PA$3            0.580      0.101      5.742      0.000
    W7_PA$1           -6.590      1.003     -6.573      0.000
    W7_PA$2           -0.175      0.095     -1.838      0.066
    W7_PA$3            0.775      0.105      7.366      0.000
    W8_PA$1           -5.138      0.593     -8.670      0.000
    W8_PA$2           -0.159      0.097     -1.632      0.103
    W8_PA$3            0.739      0.105      7.038      0.000
    W4_FV$1           -0.431      0.091     -4.720      0.000
    W5_FV$1           -0.493      0.095     -5.186      0.000
    W6_FV$1           -0.588      0.098     -5.986      0.000
    W7_FV$1           -0.638      0.096     -6.666      0.000
    W8_FV$1           -0.582      0.095     -6.105      0.000

Latent Class 3

 Thresholds
    W4_SMOKE$1         4.133      0.311     13.271      0.000
    W5_SMOKE$1         4.539      0.483      9.395      0.000
    W6_SMOKE$1         4.688      0.509      9.205      0.000
    W7_SMOKE$1         5.561      0.641      8.672      0.000
    W8_SMOKE$1         4.929      0.565      8.729      0.000
    W4_DRINK$1        -1.118      0.123     -9.088      0.000
    W4_DRINK$2         2.644      0.190     13.940      0.000
    W4_DRINK$3        15.000      0.000    999.000    999.000
    W5_DRINK$1        -0.904      0.114     -7.899      0.000
    W5_DRINK$2         2.752      0.221     12.472      0.000
    W5_DRINK$3         6.182      1.020      6.060      0.000
    W6_DRINK$1        -0.809      0.109     -7.392      0.000
    W6_DRINK$2         2.943      0.238     12.355      0.000
    W6_DRINK$3        15.000      0.000    999.000    999.000
    W7_DRINK$1        -0.766      0.110     -6.974      0.000
    W7_DRINK$2         3.185      0.279     11.434      0.000
    W7_DRINK$3        15.000      0.000    999.000    999.000
    W8_DRINK$1        -0.689      0.111     -6.215      0.000
    W8_DRINK$2         3.178      0.276     11.534      0.000
    W8_DRINK$3        15.000      0.000    999.000    999.000
    W4_PA$1           -6.009      0.589    -10.211      0.000
    W4_PA$2            0.047      0.095      0.494      0.622
    W4_PA$3            0.882      0.099      8.935      0.000
    W5_PA$1           -5.040      0.536     -9.402      0.000
    W5_PA$2            0.106      0.096      1.105      0.269
    W5_PA$3            1.069      0.102     10.477      0.000
    W6_PA$1           -4.818      0.438    -10.995      0.000
    W6_PA$2            0.241      0.098      2.468      0.014
    W6_PA$3            1.006      0.106      9.512      0.000
    W7_PA$1           -5.144      0.619     -8.315      0.000
    W7_PA$2            0.305      0.099      3.088      0.002
    W7_PA$3            1.114      0.110     10.113      0.000
    W8_PA$1           -4.738      0.370    -12.792      0.000
    W8_PA$2            0.427      0.094      4.555      0.000
    W8_PA$3            1.186      0.104     11.397      0.000
    W4_FV$1           -0.484      0.085     -5.669      0.000
    W5_FV$1           -0.542      0.100     -5.434      0.000
    W6_FV$1           -0.712      0.103     -6.930      0.000
    W7_FV$1           -0.772      0.104     -7.385      0.000
    W8_FV$1           -0.699      0.100     -7.004      0.000

Categorical Latent Variables

 Means
    C#1               -1.632      0.140    -11.678      0.000
    C#2               -0.373      0.069     -5.411      0.000


RESULTS IN PROBABILITY SCALE

Latent Class 1

 W4_SMOKE
    Category 1         0.132      0.094      1.407      0.159
    Category 2         0.868      0.094      9.218      0.000
 W5_SMOKE
    Category 1         0.065      0.021      3.027      0.002
    Category 2         0.935      0.021     43.587      0.000
 W6_SMOKE
    Category 1         0.115      0.032      3.659      0.000
    Category 2         0.885      0.032     28.022      0.000
 W7_SMOKE
    Category 1         0.145      0.036      4.056      0.000
    Category 2         0.855      0.036     23.960      0.000
 W8_SMOKE
    Category 1         0.297      0.043      6.880      0.000
    Category 2         0.703      0.043     16.293      0.000
 W4_DRINK
    Category 1         0.316      0.073      4.327      0.000
    Category 2         0.436      0.050      8.674      0.000
    Category 3         0.211      0.052      4.082      0.000
    Category 4         0.037      0.021      1.751      0.080
 W5_DRINK
    Category 1         0.328      0.068      4.802      0.000
    Category 2         0.398      0.046      8.574      0.000
    Category 3         0.224      0.051      4.359      0.000
    Category 4         0.050      0.021      2.403      0.016
 W6_DRINK
    Category 1         0.401      0.070      5.742      0.000
    Category 2         0.324      0.045      7.248      0.000
    Category 3         0.212      0.053      4.017      0.000
    Category 4         0.062      0.024      2.635      0.008
 W7_DRINK
    Category 1         0.431      0.063      6.797      0.000
    Category 2         0.358      0.047      7.595      0.000
    Category 3         0.181      0.044      4.073      0.000
    Category 4         0.031      0.017      1.799      0.072
 W8_DRINK
    Category 1         0.389      0.068      5.682      0.000
    Category 2         0.352      0.047      7.424      0.000
    Category 3         0.181      0.044      4.095      0.000
    Category 4         0.079      0.031      2.561      0.010
 W4_PA
    Category 1         0.008      0.008      0.996      0.319
    Category 2         0.679      0.052     13.149      0.000
    Category 3         0.135      0.030      4.525      0.000
    Category 4         0.178      0.043      4.188      0.000
 W5_PA
    Category 1         0.008      0.008      1.000      0.317
    Category 2         0.696      0.049     14.172      0.000
    Category 3         0.155      0.033      4.635      0.000
    Category 4         0.142      0.034      4.208      0.000
 W6_PA
    Category 1         0.008      0.008      1.003      0.316
    Category 2         0.666      0.057     11.706      0.000
    Category 3         0.172      0.038      4.516      0.000
    Category 4         0.153      0.038      4.066      0.000
 W7_PA
    Category 1         0.004      0.005      0.945      0.345
    Category 2         0.687      0.058     11.924      0.000
    Category 3         0.141      0.032      4.352      0.000
    Category 4         0.168      0.044      3.822      0.000
 W8_PA
    Category 1         0.006      0.006      0.997      0.319
    Category 2         0.730      0.044     16.411      0.000
    Category 3         0.103      0.026      3.996      0.000
    Category 4         0.161      0.035      4.582      0.000
 W4_FV
    Category 1         0.622      0.044     14.137      0.000
    Category 2         0.378      0.044      8.595      0.000
 W5_FV
    Category 1         0.751      0.039     19.484      0.000
    Category 2         0.249      0.039      6.459      0.000
 W6_FV
    Category 1         0.696      0.043     16.213      0.000
    Category 2         0.304      0.043      7.066      0.000
 W7_FV
    Category 1         0.580      0.054     10.791      0.000
    Category 2         0.420      0.054      7.812      0.000
 W8_FV
    Category 1         0.601      0.052     11.613      0.000
    Category 2         0.399      0.052      7.716      0.000

Latent Class 2

 W4_SMOKE
    Category 1         0.969      0.009    105.363      0.000
    Category 2         0.031      0.009      3.327      0.001
 W5_SMOKE
    Category 1         0.983      0.009    109.413      0.000
    Category 2         0.017      0.009      1.924      0.054
 W6_SMOKE
    Category 1         0.996      0.003    383.279      0.000
    Category 2         0.004      0.003      1.655      0.098
 W7_SMOKE
    Category 1         0.995      0.004    261.448      0.000
    Category 2         0.005      0.004      1.419      0.156
 W8_SMOKE
    Category 1         0.993      0.005    206.701      0.000
    Category 2         0.007      0.005      1.460      0.144
 W4_DRINK
    Category 1         0.013      0.005      2.438      0.015
    Category 2         0.179      0.025      7.183      0.000
    Category 3         0.690      0.023     29.452      0.000
    Category 4         0.117      0.014      8.355      0.000
 W5_DRINK
    Category 1         0.010      0.004      2.366      0.018
    Category 2         0.171      0.023      7.334      0.000
    Category 3         0.707      0.022     31.541      0.000
    Category 4         0.111      0.013      8.291      0.000
 W6_DRINK
    Category 1         0.029      0.008      3.732      0.000
    Category 2         0.191      0.024      7.849      0.000
    Category 3         0.672      0.023     29.164      0.000
    Category 4         0.109      0.013      8.228      0.000
 W7_DRINK
    Category 1         0.012      0.005      2.590      0.010
    Category 2         0.221      0.024      9.158      0.000
    Category 3         0.645      0.022     28.776      0.000
    Category 4         0.122      0.015      8.188      0.000
 W8_DRINK
    Category 1         0.018      0.005      3.421      0.001
    Category 2         0.236      0.026      9.242      0.000
    Category 3         0.656      0.024     27.865      0.000
    Category 4         0.090      0.012      7.250      0.000
 W4_PA
    Category 1         0.001      0.001      0.999      0.318
    Category 2         0.431      0.023     18.388      0.000
    Category 3         0.215      0.017     12.697      0.000
    Category 4         0.352      0.022     15.692      0.000
 W5_PA
    Category 1         0.008      0.004      1.888      0.059
    Category 2         0.432      0.024     18.160      0.000
    Category 3         0.239      0.018     13.269      0.000
    Category 4         0.321      0.022     14.407      0.000
 W6_PA
    Category 1         0.000      0.000      0.000      1.000
    Category 2         0.429      0.024     18.180      0.000
    Category 3         0.212      0.017     12.614      0.000
    Category 4         0.359      0.023     15.455      0.000
 W7_PA
    Category 1         0.001      0.001      0.999      0.318
    Category 2         0.455      0.024     19.220      0.000
    Category 3         0.228      0.018     12.788      0.000
    Category 4         0.315      0.023     13.890      0.000
 W8_PA
    Category 1         0.006      0.003      1.697      0.090
    Category 2         0.455      0.024     18.865      0.000
    Category 3         0.217      0.017     12.381      0.000
    Category 4         0.323      0.023     14.061      0.000
 W4_FV
    Category 1         0.394      0.022     18.051      0.000
    Category 2         0.606      0.022     27.788      0.000
 W5_FV
    Category 1         0.379      0.022     16.937      0.000
    Category 2         0.621      0.022     27.735      0.000
 W6_FV
    Category 1         0.357      0.023     15.827      0.000
    Category 2         0.643      0.023     28.501      0.000
 W7_FV
    Category 1         0.346      0.022     15.968      0.000
    Category 2         0.654      0.022     30.223      0.000
 W8_FV
    Category 1         0.359      0.022     16.357      0.000
    Category 2         0.641      0.022     29.268      0.000

Latent Class 3

 W4_SMOKE
    Category 1         0.984      0.005    203.487      0.000
    Category 2         0.016      0.005      3.262      0.001
 W5_SMOKE
    Category 1         0.989      0.005    195.762      0.000
    Category 2         0.011      0.005      2.092      0.036
 W6_SMOKE
    Category 1         0.991      0.005    215.302      0.000
    Category 2         0.009      0.005      1.981      0.048
 W7_SMOKE
    Category 1         0.996      0.002    407.138      0.000
    Category 2         0.004      0.002      1.565      0.118
 W8_SMOKE
    Category 1         0.993      0.004    246.505      0.000
    Category 2         0.007      0.004      1.784      0.074
 W4_DRINK
    Category 1         0.246      0.023     10.788      0.000
    Category 2         0.687      0.021     33.414      0.000
    Category 3         0.066      0.012      5.646      0.000
    Category 4         0.000      0.000      0.000      1.000
 W5_DRINK
    Category 1         0.288      0.023     12.273      0.000
    Category 2         0.652      0.020     32.060      0.000
    Category 3         0.058      0.012      4.749      0.000
    Category 4         0.002      0.002      0.982      0.326
 W6_DRINK
    Category 1         0.308      0.023     13.198      0.000
    Category 2         0.642      0.020     31.643      0.000
    Category 3         0.050      0.011      4.420      0.000
    Category 4         0.000      0.000      0.000      1.000
 W7_DRINK
    Category 1         0.317      0.024     13.337      0.000
    Category 2         0.643      0.020     31.873      0.000
    Category 3         0.040      0.011      3.738      0.000
    Category 4         0.000      0.000      0.000      1.000
 W8_DRINK
    Category 1         0.334      0.025     13.559      0.000
    Category 2         0.626      0.021     29.250      0.000
    Category 3         0.040      0.011      3.780      0.000
    Category 4         0.000      0.000      0.000      1.000
 W4_PA
    Category 1         0.002      0.001      1.703      0.088
    Category 2         0.509      0.024     21.366      0.000
    Category 3         0.195      0.015     13.168      0.000
    Category 4         0.293      0.020     14.331      0.000
 W5_PA
    Category 1         0.006      0.003      1.877      0.060
    Category 2         0.520      0.024     21.897      0.000
    Category 3         0.218      0.016     14.028      0.000
    Category 4         0.256      0.019     13.166      0.000
 W6_PA
    Category 1         0.008      0.003      2.301      0.021
    Category 2         0.552      0.024     22.934      0.000
    Category 3         0.172      0.014     12.566      0.000
    Category 4         0.268      0.021     12.913      0.000
 W7_PA
    Category 1         0.006      0.004      1.626      0.104
    Category 2         0.570      0.024     23.950      0.000
    Category 3         0.177      0.013     13.203      0.000
    Category 4         0.247      0.020     12.057      0.000
 W8_PA
    Category 1         0.009      0.003      2.724      0.006
    Category 2         0.596      0.022     26.645      0.000
    Category 3         0.161      0.013     12.224      0.000
    Category 4         0.234      0.019     12.550      0.000
 W4_FV
    Category 1         0.381      0.020     18.945      0.000
    Category 2         0.619      0.020     30.731      0.000
 W5_FV
    Category 1         0.368      0.023     15.853      0.000
    Category 2         0.632      0.023     27.261      0.000
 W6_FV
    Category 1         0.329      0.023     14.502      0.000
    Category 2         0.671      0.023     29.563      0.000
 W7_FV
    Category 1         0.316      0.023     13.996      0.000
    Category 2         0.684      0.023     30.275      0.000
 W8_FV
    Category 1         0.332      0.022     15.013      0.000
    Category 2         0.668      0.022     30.188      0.000


LATENT CLASS ODDS RATIO RESULTS

                                                95% C.I.
                    Estimate       S.E.  Lower 2.5% Upper 2.5%

Latent Class 1 Compared to Latent Class 2

 W4_SMOKE
    Category > 1     207.470    200.081     31.337   1373.589
 W5_SMOKE
    Category > 1     818.997    551.533    218.802   3065.581
 W6_SMOKE
    Category > 1    1773.861   1197.926    472.144   6664.455
 W7_SMOKE
    Category > 1    1088.673    827.012    245.623   4825.319
 W8_SMOKE
    Category > 1     335.245    238.540     83.116   1352.191
 W4_DRINK
    Category > 1       0.029      0.016      0.010      0.084
    Category > 2       0.079      0.031      0.036      0.171
    Category > 3       0.292      0.182      0.086      0.991
 W5_DRINK
    Category > 1       0.022      0.012      0.007      0.064
    Category > 2       0.084      0.032      0.039      0.179
    Category > 3       0.424      0.202      0.167      1.077
 W6_DRINK
    Category > 1       0.044      0.018      0.020      0.097
    Category > 2       0.107      0.041      0.050      0.228
    Category > 3       0.547      0.242      0.229      1.303
 W7_DRINK
    Category > 1       0.016      0.007      0.006      0.040
    Category > 2       0.081      0.030      0.039      0.169
    Category > 3       0.229      0.141      0.068      0.764
 W8_DRINK
    Category > 1       0.029      0.012      0.013      0.067
    Category > 2       0.119      0.044      0.058      0.247
    Category > 3       0.865      0.413      0.339      2.204
 W4_PA
    Category > 1       0.180      0.257      0.011      2.950
    Category > 2       0.348      0.087      0.213      0.567
    Category > 3       0.399      0.121      0.221      0.722
 W5_PA
    Category > 1       1.051      1.202      0.112      9.890
    Category > 2       0.331      0.082      0.205      0.537
    Category > 3       0.350      0.102      0.198      0.620
 W6_PA
    Category > 1       0.000      0.000      0.000      0.000
    Category > 2       0.363      0.097      0.215      0.612
    Category > 3       0.324      0.098      0.179      0.586
 W7_PA
    Category > 1       0.305      0.444      0.018      5.287
    Category > 2       0.375      0.106      0.215      0.654
    Category > 3       0.438      0.141      0.233      0.824
 W8_PA
    Category > 1       1.037      1.215      0.104     10.317
    Category > 2       0.307      0.074      0.191      0.492
    Category > 3       0.402      0.110      0.235      0.688
 W4_FV
    Category > 1       0.395      0.082      0.263      0.594
 W5_FV
    Category > 1       0.202      0.045      0.130      0.314
 W6_FV
    Category > 1       0.242      0.053      0.157      0.373
 W7_FV
    Category > 1       0.382      0.089      0.242      0.604
 W8_FV
    Category > 1       0.371      0.085      0.237      0.581

Latent Class 1 Compared to Latent Class 3

 W4_SMOKE
    Category > 1     408.674    338.440     80.621   2071.602
 W5_SMOKE
    Category > 1    1347.577    777.852    434.722   4177.300
 W6_SMOKE
    Category > 1     832.197    490.793    261.948   2643.850
 W7_SMOKE
    Category > 1    1536.570   1072.815    391.059   6037.566
 W8_SMOKE
    Category > 1     327.245    197.513    100.256   1068.157
 W4_DRINK
    Category > 1       0.707      0.294      0.313      1.597
    Category > 2       4.637      1.892      2.084     10.317
    Category > 3   *********      0.000  *********  *********
 W5_DRINK
    Category > 1       0.830      0.315      0.395      1.746
    Category > 2       5.925      2.481      2.607     13.463
    Category > 3      25.631     28.786      2.836    231.614
 W6_DRINK
    Category > 1       0.666      0.236      0.332      1.335
    Category > 2       7.186      3.181      3.018     17.110
    Category > 3   *********      0.000  *********  *********
 W7_DRINK
    Category > 1       0.614      0.196      0.328      1.149
    Category > 2       6.491      3.115      2.534     16.627
    Category > 3   *********      0.000  *********  *********
 W8_DRINK
    Category > 1       0.790      0.279      0.396      1.578
    Category > 2       8.405      3.972      3.329     21.223
    Category > 3   *********      0.000  *********  *********
 W4_PA
    Category > 1       0.321      0.376      0.032      3.193
    Category > 2       0.478      0.135      0.274      0.832
    Category > 3       0.524      0.173      0.274      0.999
 W5_PA
    Category > 1       0.813      0.926      0.087      7.582
    Category > 2       0.469      0.130      0.272      0.808
    Category > 3       0.481      0.151      0.260      0.891
 W6_PA
    Category > 1       0.978      1.081      0.112      8.536
    Category > 2       0.614      0.189      0.335      1.123
    Category > 3       0.496      0.165      0.258      0.952
 W7_PA
    Category > 1       1.297      1.681      0.102     16.455
    Category > 2       0.606      0.199      0.318      1.153
    Category > 3       0.615      0.225      0.300      1.258
 W8_PA
    Category > 1       1.546      1.665      0.187     12.766
    Category > 2       0.551      0.148      0.326      0.931
    Category > 3       0.628      0.187      0.350      1.126
 W4_FV
    Category > 1       0.375      0.081      0.246      0.571
 W5_FV
    Category > 1       0.193      0.048      0.118      0.314
 W6_FV
    Category > 1       0.214      0.054      0.130      0.351
 W7_FV
    Category > 1       0.335      0.094      0.193      0.580
 W8_FV
    Category > 1       0.330      0.089      0.195      0.561

Latent Class 2 Compared to Latent Class 3

 W4_SMOKE
    Category > 1       1.970      0.907      0.799      4.858
 W5_SMOKE
    Category > 1       1.645      1.218      0.386      7.019
 W6_SMOKE
    Category > 1       0.469      0.379      0.096      2.282
 W7_SMOKE
    Category > 1       1.411      1.377      0.209      9.549
 W8_SMOKE
    Category > 1       0.976      0.925      0.152      6.250
 W4_DRINK
    Category > 1      24.388     10.593     10.410     57.136
    Category > 2      59.024     12.044     39.567     88.048
    Category > 3   *********      0.000  *********  *********
 W5_DRINK
    Category > 1      38.528     16.487     16.654     89.131
    Category > 2      70.582     15.456     45.950    108.416
    Category > 3      60.449     62.211      8.042    454.388
 W6_DRINK
    Category > 1      15.024      4.487      8.367     26.976
    Category > 2      67.298     15.285     43.119    105.034
    Category > 3   *********      0.000  *********  *********
 W7_DRINK
    Category > 1      39.081     15.665     17.815     85.736
    Category > 2      79.878     20.263     48.585    131.327
    Category > 3   *********      0.000  *********  *********
 W8_DRINK
    Category > 1      26.911      8.547     14.440     50.153
    Category > 2      70.426     18.256     42.371    117.055
    Category > 3   *********      0.000  *********  *********
 W4_PA
    Category > 1       1.780      2.072      0.182     17.425
    Category > 2       1.374      0.210      1.018      1.854
    Category > 3       1.311      0.207      0.962      1.786
 W5_PA
    Category > 1       0.774      0.588      0.175      3.428
    Category > 2       1.413      0.218      1.044      1.914
    Category > 3       1.376      0.227      0.995      1.902
 W6_PA
    Category > 1   26426.037      0.000  26426.037  26426.037
    Category > 2       1.693      0.263      1.249      2.295
    Category > 3       1.532      0.258      1.101      2.131
 W7_PA
    Category > 1       4.245      5.020      0.418     43.100
    Category > 2       1.616      0.252      1.191      2.193
    Category > 3       1.404      0.249      0.992      1.987
 W8_PA
    Category > 1       1.492      1.046      0.377      5.899
    Category > 2       1.796      0.276      1.329      2.428
    Category > 3       1.562      0.267      1.117      2.185
 W4_FV
    Category > 1       0.949      0.129      0.727      1.238
 W5_FV
    Category > 1       0.952      0.147      0.704      1.288
 W6_FV
    Category > 1       0.883      0.142      0.645      1.211
 W7_FV
    Category > 1       0.875      0.137      0.643      1.190
 W8_FV
    Category > 1       0.890      0.137      0.658      1.203


QUALITY OF NUMERICAL RESULTS

     Condition Number for the Information Matrix              0.813E-07
       (ratio of smallest to largest eigenvalue)


TECHNICAL 11 OUTPUT

     Random Starts Specifications for the k-1 Class Analysis Model
        Number of initial stage random starts                 500
        Number of final stage optimizations                   100



     VUONG-LO-MENDELL-RUBIN LIKELIHOOD RATIO TEST FOR 2 (H0) VERSUS 3 CLASSES

          H0 Loglikelihood Value                       -30363.752
          2 Times the Loglikelihood Difference           2819.744
          Difference in the Number of Parameters               41
          Mean                                            186.040
          Standard Deviation                              341.695
          P-Value                                          0.0000

     LO-MENDELL-RUBIN ADJUSTED LRT TEST

          Value                                          2810.879
          P-Value                                          0.0000


PLOT INFORMATION

The following plots are available:

  Histograms (sample values)
  Scatterplots (sample values)
  Sample proportions and estimated probabilities

     Beginning Time:  21:05:13
        Ending Time:  21:06:58
       Elapsed Time:  00:01:45



MUTHEN & MUTHEN
3463 Stoner Ave.
Los Angeles, CA  90066

Tel: (310) 391-9971
Fax: (310) 391-8971
Web: www.StatModel.com
Support: Support@StatModel.com

Copyright (c) 1998-2020 Muthen & Muthen
