Mplus VERSION 8.5 (Mac)
MUTHEN & MUTHEN
09/17/2022   9:06 PM

INPUT INSTRUCTIONS

  TITLE:
  C4_LCA_enumerate
  DATA:
  FILE = "./c_lca_enumerate.dat";

  VARIABLE:
  NAMES = idauniq W4_Smoke W5_Smoke W6_Smoke W7_Smoke W8_Smoke W4_Drink W5_Drink
       W6_Drink W7_Drink W8_Drink W4_PA W5_PA W6_PA W7_PA W8_PA W4_FV W5_FV W6_FV
       W7_FV W8_FV Weights Female Age Pat_Int Pat_Hig Self_Int Self_Hig Edu_Upp
       Edu_Ter Wealth_2 Wealth_3 Eye_4 Circul_4 Endocr_4 Muscul_4 Respir_4 Neopla_4
       Nervou_4 Mental_4 Multi_4 CMulti_4 Luncan_4 Multi Eye Circul Endocr Muscul
       Respir Neopla Nervou Mental CMulti Luncan;
   MISSING=.;
   CATEGORICAL = W4_Smoke,W5_Smoke,W6_Smoke,W7_Smoke,W8_Smoke,
  W4_Drink,W5_Drink,W6_Drink,W7_Drink,W8_Drink,
  W4_PA,W5_PA,W6_PA,W7_PA,W8_PA,W4_FV,W5_FV,W6_FV,
  W7_FV,W8_FV;
  USEVARIABLES = W4_Smoke,W5_Smoke,W6_Smoke,W7_Smoke,W8_Smoke,
  W4_Drink,W5_Drink,W6_Drink,W7_Drink,W8_Drink,
  W4_PA,W5_PA,W6_PA,W7_PA,W8_PA,W4_FV,W5_FV,W6_FV,
  W7_FV,W8_FV,Weights;
  USEOBSERVATIONS = Female NE -99 AND Age NE -99
    AND  Pat_Int NE -99 AND
  Pat_Hig NE -99 AND Self_Int NE -99 AND
  Self_Hig NE -99 AND Edu_Upp NE -99 AND
  Edu_Ter NE -99 AND
  Wealth_2 NE -99 AND Wealth_3 NE -99;
          WEIGHT        = Weights;
  MISSING ARE ALL (-99);
          classes = c(4);
  ANALYSIS:
  estimator = mlr;
      type = mixture;
      starts = 500 100;
      STITERATIONS=20;
  LRTSTARTS = 50 10 400 20;
  OUTPUT:
  TECH11 TECH14
  PLOT:
  type = plot3;
      series is W4_Smoke(2) W5_Smoke(3) W6_Smoke(4) W7_Smoke(5)
      W8_Smoke(6) W4_Drink(7) W5_Drink(8)
      W6_Drink(9) W7_Drink(10)
      W8_Drink(11) W4_PA(12) W5_PA(13)
      W6_PA(14) W7_PA(15) W8_PA(16)
      W4_FV(17) W5_FV(18) W6_FV(19)
      W7_FV(20) W8_FV(21);



*** WARNING
  One or more observations has a value of 0 for the WEIGHT variable.
*** WARNING in OUTPUT command
  TECH14 option is not available for TYPE=MIXTURE with weights.
  Request for TECH14 is ignored.
   2 WARNING(S) FOUND IN THE INPUT INSTRUCTIONS




C4_LCA_enumerate

SUMMARY OF ANALYSIS

Number of groups                                                 1
Number of observations                                        2284

Number of dependent variables                                   20
Number of independent variables                                  0
Number of continuous latent variables                            0
Number of categorical latent variables                           1

Observed dependent variables

  Binary and ordered categorical (ordinal)
   W4_SMOKE    W5_SMOKE    W6_SMOKE    W7_SMOKE    W8_SMOKE    W4_DRINK
   W5_DRINK    W6_DRINK    W7_DRINK    W8_DRINK    W4_PA       W5_PA
   W6_PA       W7_PA       W8_PA       W4_FV       W5_FV       W6_FV
   W7_FV       W8_FV

Categorical latent variables
   C

Variables with special functions

  Weight variable       WEIGHTS

Estimator                                                      MLR
Information matrix                                        OBSERVED
Optimization Specifications for the Quasi-Newton Algorithm for
Continuous Outcomes
  Maximum number of iterations                                 100
  Convergence criterion                                  0.100D-05
Optimization Specifications for the EM Algorithm
  Maximum number of iterations                                 500
  Convergence criteria
    Loglikelihood change                                 0.100D-06
    Relative loglikelihood change                        0.100D-06
    Derivative                                           0.100D-05
Optimization Specifications for the M step of the EM Algorithm for
Categorical Latent variables
  Number of M step iterations                                    1
  M step convergence criterion                           0.100D-05
  Basis for M step termination                           ITERATION
Optimization Specifications for the M step of the EM Algorithm for
Censored, Binary or Ordered Categorical (Ordinal), Unordered
Categorical (Nominal) and Count Outcomes
  Number of M step iterations                                    1
  M step convergence criterion                           0.100D-05
  Basis for M step termination                           ITERATION
  Maximum value for logit thresholds                            15
  Minimum value for logit thresholds                           -15
  Minimum expected cell size for chi-square              0.100D-01
Maximum number of iterations for H1                           2000
Convergence criterion for H1                             0.100D-03
Optimization algorithm                                         EMA
Random Starts Specifications
  Number of initial stage random starts                        500
  Number of final stage optimizations                          100
  Number of initial stage iterations                            20
  Initial stage convergence criterion                    0.100D+01
  Random starts scale                                    0.500D+01
  Random seed for generating random starts                       0
Link                                                         LOGIT

Input data file(s)
  ./c_lca_enumerate.dat
Input data format  FREE


SUMMARY OF DATA

     Number of missing data patterns           443
     Number of y missing data patterns           0
     Number of u missing data patterns         443


COVARIANCE COVERAGE OF DATA

Minimum covariance coverage value   0.100


     PROPORTION OF DATA PRESENT FOR U


           Covariance Coverage
              W4_SMOKE      W5_SMOKE      W6_SMOKE      W7_SMOKE      W8_SMOKE
              ________      ________      ________      ________      ________
 W4_SMOKE       0.950
 W5_SMOKE       0.576         0.582
 W6_SMOKE       0.591         0.581         0.597
 W7_SMOKE       0.600         0.581         0.595         0.607
 W8_SMOKE       0.604         0.579         0.592         0.602         0.613
 W4_DRINK       0.819         0.501         0.514         0.521         0.526
 W5_DRINK       0.840         0.515         0.528         0.535         0.539
 W6_DRINK       0.826         0.504         0.514         0.524         0.530
 W7_DRINK       0.817         0.503         0.515         0.523         0.529
 W8_DRINK       0.818         0.508         0.519         0.527         0.530
 W4_PA          0.867         0.529         0.542         0.552         0.556
 W5_PA          0.870         0.534         0.549         0.558         0.562
 W6_PA          0.882         0.539         0.553         0.562         0.567
 W7_PA          0.881         0.535         0.550         0.559         0.564
 W8_PA          0.885         0.539         0.553         0.562         0.569
 W4_FV          0.882         0.535         0.549         0.557         0.562
 W5_FV          0.909         0.553         0.567         0.576         0.581
 W6_FV          0.899         0.547         0.559         0.570         0.577
 W7_FV          0.896         0.549         0.562         0.571         0.577
 W8_FV          0.904         0.555         0.569         0.578         0.581


           Covariance Coverage
              W4_DRINK      W5_DRINK      W6_DRINK      W7_DRINK      W8_DRINK
              ________      ________      ________      ________      ________
 W4_DRINK       0.862
 W5_DRINK       0.803         0.884
 W6_DRINK       0.789         0.820         0.869
 W7_DRINK       0.778         0.811         0.807         0.860
 W8_DRINK       0.780         0.810         0.806         0.802         0.863
 W4_PA          0.788         0.810         0.798         0.791         0.791
 W5_PA          0.795         0.815         0.802         0.792         0.793
 W6_PA          0.808         0.821         0.809         0.802         0.803
 W7_PA          0.803         0.824         0.811         0.799         0.806
 W8_PA          0.807         0.826         0.813         0.806         0.807
 W4_FV          0.862         0.827         0.813         0.803         0.807
 W5_FV          0.831         0.883         0.839         0.829         0.829
 W6_FV          0.819         0.844         0.869         0.824         0.824
 W7_FV          0.813         0.838         0.829         0.858         0.819
 W8_FV          0.826         0.846         0.837         0.827         0.862


           Covariance Coverage
              W4_PA         W5_PA         W6_PA         W7_PA         W8_PA
              ________      ________      ________      ________      ________
 W4_PA          0.912
 W5_PA          0.850         0.917
 W6_PA          0.853         0.862         0.926
 W7_PA          0.855         0.859         0.872         0.928
 W8_PA          0.854         0.859         0.868         0.874         0.932
 W4_FV          0.847         0.854         0.866         0.861         0.866
 W5_FV          0.874         0.878         0.887         0.890         0.892
 W6_FV          0.863         0.866         0.876         0.878         0.882
 W7_FV          0.862         0.863         0.874         0.874         0.881
 W8_FV          0.873         0.876         0.887         0.888         0.890


           Covariance Coverage
              W4_FV         W5_FV         W6_FV         W7_FV         W8_FV
              ________      ________      ________      ________      ________
 W4_FV          0.929
 W5_FV          0.896         0.957
 W6_FV          0.880         0.912         0.945
 W7_FV          0.876         0.907         0.901         0.942
 W8_FV          0.890         0.915         0.908         0.904         0.954


UNIVARIATE PROPORTIONS AND COUNTS FOR CATEGORICAL VARIABLES

    W4_SMOKE
      Category 1    0.891         1925.844
      Category 2    0.109          234.748
    W5_SMOKE
      Category 1    0.851         1157.310
      Category 2    0.149          202.715
    W6_SMOKE
      Category 1    0.867         1208.814
      Category 2    0.133          184.995
    W7_SMOKE
      Category 1    0.876         1240.376
      Category 2    0.124          175.204
    W8_SMOKE
      Category 1    0.896         1283.430
      Category 2    0.104          149.367
    W4_DRINK
      Category 1    0.164          320.482
      Category 2    0.470          917.962
      Category 3    0.318          622.237
      Category 4    0.048           94.323
    W5_DRINK
      Category 1    0.186          374.445
      Category 2    0.442          890.564
      Category 3    0.323          650.148
      Category 4    0.049           97.802
    W6_DRINK
      Category 1    0.211          415.369
      Category 2    0.439          865.797
      Category 3    0.303          598.251
      Category 4    0.048           93.832
    W7_DRINK
      Category 1    0.212          412.957
      Category 2    0.453          882.714
      Category 3    0.285          556.053
      Category 4    0.050           97.302
    W8_DRINK
      Category 1    0.216          421.432
      Category 2    0.446          868.970
      Category 3    0.294          572.844
      Category 4    0.043           83.521
    W4_PA
      Category 1    0.003            5.262
      Category 2    0.497         1022.860
      Category 3    0.197          405.410
      Category 4    0.304          625.309
    W5_PA
      Category 1    0.007           15.191
      Category 2    0.505         1054.783
      Category 3    0.219          457.806
      Category 4    0.268          559.669
    W6_PA
      Category 1    0.005           10.634
      Category 2    0.518         1085.487
      Category 3    0.187          391.755
      Category 4    0.290          607.986
    W7_PA
      Category 1    0.004            8.452
      Category 2    0.539         1132.106
      Category 3    0.193          404.560
      Category 4    0.265          555.694
    W8_PA
      Category 1    0.007           15.509
      Category 2    0.559         1182.815
      Category 3    0.175          370.050
      Category 4    0.259          546.968
    W4_FV
      Category 1    0.410          864.415
      Category 2    0.590         1246.457
    W5_FV
      Category 1    0.412          901.271
      Category 2    0.588         1286.332
    W6_FV
      Category 1    0.376          809.996
      Category 2    0.624         1342.282
    W7_FV
      Category 1    0.355          761.184
      Category 2    0.645         1384.397
    W8_FV
      Category 1    0.369          802.729
      Category 2    0.631         1370.880


RANDOM STARTS RESULTS RANKED FROM THE BEST TO THE WORST LOGLIKELIHOOD VALUES

Final stage loglikelihood values at local maxima, seeds, and initial stage start numbers:

          -28099.252  1548             384
          -28099.252  97158            205
          -28099.252  997222           229
          -28099.252  545140           278
          -28099.252  416250           390
          -28099.252  50887            389
          -28099.252  568405           233
          -28099.252  471438           252
          -28099.252  392766           331
          -28099.252  782821           272
          -28099.252  592219           119
          -28099.252  264935           281
          -28099.252  137377           397
          -28099.252  781190           219
          -28099.252  496881           192
          -28099.252  314757           345
          -28099.252  856536           144
          -28099.252  168762           200
          -28099.252  790452           303
          -28099.252  273992           349
          -28099.252  484501           163
          -28099.252  164305           128
          -28099.252  415502           194
          -28099.252  629320           222
          -28099.252  422103           62
          -28099.252  621542           375
          -28099.252  780698           337
          -28099.252  609185           181
          -28099.252  192071           142
          -28099.252  751054           117
          -28099.252  53621            483
          -28099.252  608460           244
          -28099.252  746978           410
          -28099.252  341041           34

66 perturbed starting value run(s) did not converge or were rejected in the third stage.



THE BEST LOGLIKELIHOOD VALUE HAS BEEN REPLICATED.  RERUN WITH AT LEAST TWICE THE
RANDOM STARTS TO CHECK THAT THE BEST LOGLIKELIHOOD IS STILL OBTAINED AND REPLICATED.

     IN THE OPTIMIZATION, ONE OR MORE LOGIT THRESHOLDS APPROACHED EXTREME VALUES
     OF -15.000 AND 15.000 AND WERE FIXED TO STABILIZE MODEL ESTIMATION.  THESE
     VALUES IMPLY PROBABILITIES OF 0 AND 1.  IN THE MODEL RESULTS SECTION, THESE
     PARAMETERS HAVE 0 STANDARD ERRORS AND 999 IN THE Z-SCORE AND P-VALUE COLUMNS.




THE MODEL ESTIMATION TERMINATED NORMALLY

     THE CHI-SQUARE TEST CANNOT BE COMPUTED BECAUSE THE FREQUENCY TABLE FOR THE
     LATENT CLASS INDICATOR MODEL PART IS TOO LARGE.




MODEL FIT INFORMATION

Number of Free Parameters                      163

Loglikelihood

          H0 Value                      -28099.252
          H0 Scaling Correction Factor      1.3906
            for MLR

Information Criteria

          Akaike (AIC)                   56524.504
          Bayesian (BIC)                 57459.094
          Sample-Size Adjusted BIC       56941.214
            (n* = (n + 2) / 24)



FINAL CLASS COUNTS AND PROPORTIONS FOR THE LATENT CLASSES
BASED ON THE ESTIMATED MODEL

    Latent
   Classes

       1        625.81316          0.27400
       2        208.54796          0.09131
       3        753.56673          0.32993
       4        696.07216          0.30476


FINAL CLASS COUNTS AND PROPORTIONS FOR THE LATENT CLASSES
BASED ON ESTIMATED POSTERIOR PROBABILITIES

    Latent
   Classes

       1        625.81316          0.27400
       2        208.54796          0.09131
       3        753.56673          0.32993
       4        696.07216          0.30476


FINAL CLASS COUNTS AND PROPORTIONS FOR THE LATENT CLASSES
BASED ON THEIR MOST LIKELY LATENT CLASS MEMBERSHIP

Class Counts and Proportions

    Latent
   Classes

       1              626          0.27416
       2              199          0.08721
       3              754          0.33017
       4              705          0.30846


CLASSIFICATION QUALITY

     Entropy                         0.871


Average Latent Class Probabilities for Most Likely Latent Class Membership (Row)
by Latent Class (Column)

           1        2        3        4

    1   0.905    0.005    0.036    0.054
    2   0.002    0.984    0.006    0.009
    3   0.031    0.004    0.946    0.018
    4   0.050    0.009    0.023    0.918


Classification Probabilities for the Most Likely Latent Class Membership (Column)
by Latent Class (Row)

           1        2        3        4

    1   0.905    0.001    0.038    0.057
    2   0.015    0.940    0.015    0.030
    3   0.030    0.001    0.947    0.022
    4   0.049    0.003    0.020    0.929


Logits for the Classification Probabilities for the Most Likely Latent Class Membership (Column)
by Latent Class (Row)

              1        2        3        4

    1      2.773   -4.681   -0.402    0.000
    2     -0.680    3.440   -0.695    0.000
    3      0.324   -2.684    3.780    0.000
    4     -2.944   -5.877   -3.859    0.000


MODEL RESULTS

                                                    Two-Tailed
                    Estimate       S.E.  Est./S.E.    P-Value

Latent Class 1

 Thresholds
    W4_SMOKE$1         4.314      0.506      8.528      0.000
    W5_SMOKE$1         4.968      1.248      3.981      0.000
    W6_SMOKE$1         4.879      1.031      4.730      0.000
    W7_SMOKE$1         5.907      1.005      5.879      0.000
    W8_SMOKE$1         4.128      0.533      7.738      0.000
    W4_DRINK$1        -1.623      0.185     -8.788      0.000
    W4_DRINK$2         2.321      0.287      8.091      0.000
    W4_DRINK$3        15.000      0.000    999.000    999.000
    W5_DRINK$1        -1.364      0.166     -8.206      0.000
    W5_DRINK$2         2.023      0.275      7.350      0.000
    W5_DRINK$3         7.642      2.351      3.251      0.001
    W6_DRINK$1        -1.209      0.157     -7.686      0.000
    W6_DRINK$2         2.333      0.270      8.627      0.000
    W6_DRINK$3        15.000      0.000    999.000    999.000
    W7_DRINK$1        -1.159      0.169     -6.853      0.000
    W7_DRINK$2         2.401      0.261      9.212      0.000
    W7_DRINK$3        15.000      0.000    999.000    999.000
    W8_DRINK$1        -1.184      0.159     -7.435      0.000
    W8_DRINK$2         2.281      0.288      7.929      0.000
    W8_DRINK$3        15.000      0.000    999.000    999.000
    W4_PA$1           -6.349      1.003     -6.328      0.000
    W4_PA$2           -1.355      0.178     -7.600      0.000
    W4_PA$3           -0.195      0.147     -1.331      0.183
    W5_PA$1           -6.068      1.755     -3.458      0.001
    W5_PA$2           -1.495      0.201     -7.427      0.000
    W5_PA$3           -0.058      0.164     -0.354      0.723
    W6_PA$1           -5.481      1.316     -4.163      0.000
    W6_PA$2           -1.487      0.220     -6.762      0.000
    W6_PA$3           -0.262      0.173     -1.516      0.129
    W7_PA$1          -15.000      0.000    999.000    999.000
    W7_PA$2           -1.284      0.202     -6.339      0.000
    W7_PA$3           -0.141      0.168     -0.837      0.402
    W8_PA$1           -5.825      1.084     -5.375      0.000
    W8_PA$2           -0.863      0.157     -5.487      0.000
    W8_PA$3            0.084      0.159      0.528      0.598
    W4_FV$1           -0.907      0.141     -6.419      0.000
    W5_FV$1           -0.905      0.150     -6.045      0.000
    W6_FV$1           -1.164      0.165     -7.045      0.000
    W7_FV$1           -1.187      0.153     -7.743      0.000
    W8_FV$1           -1.047      0.161     -6.513      0.000

Latent Class 2

 Thresholds
    W4_SMOKE$1        -3.096      0.568     -5.451      0.000
    W5_SMOKE$1        -2.697      0.355     -7.601      0.000
    W6_SMOKE$1        -2.134      0.354     -6.030      0.000
    W7_SMOKE$1        -1.867      0.322     -5.807      0.000
    W8_SMOKE$1        -0.923      0.216     -4.282      0.000
    W4_DRINK$1        -0.986      0.240     -4.108      0.000
    W4_DRINK$2         0.981      0.247      3.967      0.000
    W4_DRINK$3         3.157      0.563      5.610      0.000
    W5_DRINK$1        -0.879      0.236     -3.721      0.000
    W5_DRINK$2         0.830      0.228      3.646      0.000
    W5_DRINK$3         2.781      0.384      7.249      0.000
    W6_DRINK$1        -0.552      0.226     -2.448      0.014
    W6_DRINK$2         0.854      0.238      3.589      0.000
    W6_DRINK$3         2.622      0.375      6.991      0.000
    W7_DRINK$1        -0.357      0.213     -1.675      0.094
    W7_DRINK$2         1.195      0.243      4.912      0.000
    W7_DRINK$3         3.285      0.486      6.761      0.000
    W8_DRINK$1        -0.598      0.224     -2.673      0.008
    W8_DRINK$2         0.933      0.236      3.954      0.000
    W8_DRINK$3         2.320      0.357      6.493      0.000
    W4_PA$1           -4.745      1.006     -4.715      0.000
    W4_PA$2            0.610      0.202      3.021      0.003
    W4_PA$3            1.349      0.254      5.320      0.000
    W5_PA$1           -4.702      1.003     -4.687      0.000
    W5_PA$2            0.667      0.203      3.291      0.001
    W5_PA$3            1.625      0.259      6.277      0.000
    W6_PA$1           -4.674      1.005     -4.653      0.000
    W6_PA$2            0.518      0.198      2.617      0.009
    W6_PA$3            1.509      0.259      5.833      0.000
    W7_PA$1           -5.514      1.005     -5.487      0.000
    W7_PA$2            0.590      0.206      2.869      0.004
    W7_PA$3            1.411      0.250      5.648      0.000
    W8_PA$1           -5.061      1.003     -5.047      0.000
    W8_PA$2            0.887      0.199      4.450      0.000
    W8_PA$3            1.510      0.243      6.212      0.000
    W4_FV$1            0.416      0.196      2.123      0.034
    W5_FV$1            1.023      0.200      5.116      0.000
    W6_FV$1            0.724      0.197      3.681      0.000
    W7_FV$1            0.220      0.185      1.186      0.236
    W8_FV$1            0.280      0.189      1.481      0.139

Latent Class 3

 Thresholds
    W4_SMOKE$1         3.382      0.297     11.392      0.000
    W5_SMOKE$1         4.001      0.515      7.770      0.000
    W6_SMOKE$1         5.479      0.687      7.981      0.000
    W7_SMOKE$1         5.217      0.728      7.162      0.000
    W8_SMOKE$1         5.370      0.824      6.520      0.000
    W4_DRINK$1        -4.455      0.447     -9.972      0.000
    W4_DRINK$2        -1.730      0.156    -11.117      0.000
    W4_DRINK$3         1.910      0.134     14.258      0.000
    W5_DRINK$1        -5.044      0.523     -9.636      0.000
    W5_DRINK$2        -1.752      0.139    -12.612      0.000
    W5_DRINK$3         1.987      0.134     14.830      0.000
    W6_DRINK$1        -3.549      0.304    -11.694      0.000
    W6_DRINK$2        -1.494      0.145    -10.320      0.000
    W6_DRINK$3         1.998      0.135     14.822      0.000
    W7_DRINK$1        -4.571      0.449    -10.179      0.000
    W7_DRINK$2        -1.414      0.143     -9.914      0.000
    W7_DRINK$3         1.864      0.136     13.693      0.000
    W8_DRINK$1        -4.074      0.334    -12.192      0.000
    W8_DRINK$2        -1.274      0.131     -9.756      0.000
    W8_DRINK$3         2.210      0.148     14.898      0.000
    W4_PA$1           -6.482      1.002     -6.467      0.000
    W4_PA$2           -0.178      0.103     -1.722      0.085
    W4_PA$3            0.711      0.112      6.356      0.000
    W5_PA$1           -4.677      0.534     -8.753      0.000
    W5_PA$2           -0.151      0.104     -1.445      0.148
    W5_PA$3            0.880      0.117      7.523      0.000
    W6_PA$1          -15.000      0.000    999.000    999.000
    W6_PA$2           -0.206      0.106     -1.944      0.052
    W6_PA$3            0.703      0.112      6.276      0.000
    W7_PA$1           -6.487      1.002     -6.471      0.000
    W7_PA$2           -0.093      0.102     -0.909      0.364
    W7_PA$3            0.936      0.118      7.929      0.000
    W8_PA$1           -5.032      0.592     -8.496      0.000
    W8_PA$2           -0.078      0.102     -0.764      0.445
    W8_PA$3            0.871      0.112      7.753      0.000
    W4_FV$1           -0.411      0.096     -4.263      0.000
    W5_FV$1           -0.483      0.096     -5.012      0.000
    W6_FV$1           -0.551      0.098     -5.603      0.000
    W7_FV$1           -0.604      0.098     -6.168      0.000
    W8_FV$1           -0.524      0.098     -5.355      0.000

Latent Class 4

 Thresholds
    W4_SMOKE$1         3.890      0.453      8.591      0.000
    W5_SMOKE$1         3.961      0.644      6.148      0.000
    W6_SMOKE$1         4.534      0.595      7.620      0.000
    W7_SMOKE$1         5.227      0.756      6.914      0.000
    W8_SMOKE$1         5.909      1.073      5.508      0.000
    W4_DRINK$1        -0.783      0.139     -5.646      0.000
    W4_DRINK$2         2.426      0.243      9.986      0.000
    W4_DRINK$3        15.000      0.000    999.000    999.000
    W5_DRINK$1        -0.595      0.143     -4.166      0.000
    W5_DRINK$2         2.835      0.345      8.214      0.000
    W5_DRINK$3         5.314      0.819      6.486      0.000
    W6_DRINK$1        -0.546      0.133     -4.094      0.000
    W6_DRINK$2         2.758      0.304      9.057      0.000
    W6_DRINK$3         6.770      1.534      4.413      0.000
    W7_DRINK$1        -0.528      0.139     -3.798      0.000
    W7_DRINK$2         3.186      0.354      8.991      0.000
    W7_DRINK$3        15.000      0.000    999.000    999.000
    W8_DRINK$1        -0.374      0.139     -2.700      0.007
    W8_DRINK$2         3.326      0.370      8.988      0.000
    W8_DRINK$3        15.000      0.000    999.000    999.000
    W4_PA$1           -5.907      0.763     -7.739      0.000
    W4_PA$2            1.282      0.206      6.225      0.000
    W4_PA$3            2.547      0.301      8.453      0.000
    W5_PA$1           -4.684      0.766     -6.115      0.000
    W5_PA$2            1.575      0.245      6.437      0.000
    W5_PA$3            3.090      0.347      8.893      0.000
    W6_PA$1           -4.565      0.568     -8.043      0.000
    W6_PA$2            2.042      0.316      6.466      0.000
    W6_PA$3            3.697      0.610      6.060      0.000
    W7_PA$1           -4.534      0.596     -7.612      0.000
    W7_PA$2            2.139      0.308      6.952      0.000
    W7_PA$3            4.565      1.176      3.883      0.000
    W8_PA$1           -4.357      0.435    -10.024      0.000
    W8_PA$2            1.877      0.249      7.546      0.000
    W8_PA$3            3.245      0.381      8.512      0.000
    W4_FV$1           -0.094      0.116     -0.813      0.416
    W5_FV$1           -0.159      0.124     -1.286      0.198
    W6_FV$1           -0.287      0.125     -2.299      0.021
    W7_FV$1           -0.385      0.122     -3.144      0.002
    W8_FV$1           -0.378      0.121     -3.128      0.002

Categorical Latent Variables

 Means
    C#1               -0.106      0.139     -0.765      0.444
    C#2               -1.205      0.119    -10.090      0.000
    C#3                0.079      0.100      0.796      0.426


RESULTS IN PROBABILITY SCALE

Latent Class 1

 W4_SMOKE
    Category 1         0.987      0.007    149.666      0.000
    Category 2         0.013      0.007      2.003      0.045
 W5_SMOKE
    Category 1         0.993      0.009    115.964      0.000
    Category 2         0.007      0.009      0.807      0.420
 W6_SMOKE
    Category 1         0.992      0.008    128.464      0.000
    Category 2         0.008      0.008      0.977      0.329
 W7_SMOKE
    Category 1         0.997      0.003    366.833      0.000
    Category 2         0.003      0.003      0.998      0.318
 W8_SMOKE
    Category 1         0.984      0.008    118.177      0.000
    Category 2         0.016      0.008      1.905      0.057
 W4_DRINK
    Category 1         0.165      0.025      6.482      0.000
    Category 2         0.746      0.025     29.436      0.000
    Category 3         0.089      0.023      3.827      0.000
    Category 4         0.000      0.000      0.000      1.000
 W5_DRINK
    Category 1         0.204      0.027      7.556      0.000
    Category 2         0.680      0.027     25.331      0.000
    Category 3         0.116      0.028      4.140      0.000
    Category 4         0.000      0.001      0.426      0.670
 W6_DRINK
    Category 1         0.230      0.028      8.255      0.000
    Category 2         0.682      0.025     26.809      0.000
    Category 3         0.088      0.022      4.056      0.000
    Category 4         0.000      0.000      0.000      1.000
 W7_DRINK
    Category 1         0.239      0.031      7.765      0.000
    Category 2         0.678      0.027     25.533      0.000
    Category 3         0.083      0.020      4.184      0.000
    Category 4         0.000      0.000      0.000      1.000
 W8_DRINK
    Category 1         0.234      0.029      8.201      0.000
    Category 2         0.673      0.027     25.013      0.000
    Category 3         0.093      0.024      3.831      0.000
    Category 4         0.000      0.000      0.000      1.000
 W4_PA
    Category 1         0.002      0.002      0.998      0.318
    Category 2         0.203      0.029      6.996      0.000
    Category 3         0.246      0.023     10.604      0.000
    Category 4         0.549      0.036     15.119      0.000
 W5_PA
    Category 1         0.002      0.004      0.571      0.568
    Category 2         0.181      0.029      6.292      0.000
    Category 3         0.302      0.026     11.465      0.000
    Category 4         0.515      0.041     12.562      0.000
 W6_PA
    Category 1         0.004      0.005      0.763      0.446
    Category 2         0.180      0.032      5.578      0.000
    Category 3         0.250      0.024     10.416      0.000
    Category 4         0.565      0.042     13.309      0.000
 W7_PA
    Category 1         0.000      0.000      0.000      1.000
    Category 2         0.217      0.034      6.307      0.000
    Category 3         0.248      0.023     10.795      0.000
    Category 4         0.535      0.042     12.769      0.000
 W8_PA
    Category 1         0.003      0.003      0.925      0.355
    Category 2         0.294      0.032      9.071      0.000
    Category 3         0.224      0.023      9.844      0.000
    Category 4         0.479      0.040     12.088      0.000
 W4_FV
    Category 1         0.288      0.029      9.932      0.000
    Category 2         0.712      0.029     24.605      0.000
 W5_FV
    Category 1         0.288      0.031      9.380      0.000
    Category 2         0.712      0.031     23.191      0.000
 W6_FV
    Category 1         0.238      0.030      7.940      0.000
    Category 2         0.762      0.030     25.437      0.000
 W7_FV
    Category 1         0.234      0.027      8.514      0.000
    Category 2         0.766      0.027     27.901      0.000
 W8_FV
    Category 1         0.260      0.031      8.407      0.000
    Category 2         0.740      0.031     23.946      0.000

Latent Class 2

 W4_SMOKE
    Category 1         0.043      0.024      1.841      0.066
    Category 2         0.957      0.024     40.683      0.000
 W5_SMOKE
    Category 1         0.063      0.021      3.008      0.003
    Category 2         0.937      0.021     44.629      0.000
 W6_SMOKE
    Category 1         0.106      0.033      3.160      0.002
    Category 2         0.894      0.033     26.702      0.000
 W7_SMOKE
    Category 1         0.134      0.037      3.591      0.000
    Category 2         0.866      0.037     23.232      0.000
 W8_SMOKE
    Category 1         0.284      0.044      6.483      0.000
    Category 2         0.716      0.044     16.316      0.000
 W4_DRINK
    Category 1         0.272      0.048      5.719      0.000
    Category 2         0.456      0.050      9.089      0.000
    Category 3         0.232      0.045      5.184      0.000
    Category 4         0.041      0.022      1.853      0.064
 W5_DRINK
    Category 1         0.293      0.049      5.991      0.000
    Category 2         0.403      0.047      8.545      0.000
    Category 3         0.245      0.044      5.601      0.000
    Category 4         0.058      0.021      2.768      0.006
 W6_DRINK
    Category 1         0.365      0.052      6.987      0.000
    Category 2         0.336      0.046      7.312      0.000
    Category 3         0.231      0.045      5.174      0.000
    Category 4         0.068      0.024      2.861      0.004
 W7_DRINK
    Category 1         0.412      0.052      7.971      0.000
    Category 2         0.356      0.047      7.559      0.000
    Category 3         0.196      0.039      5.016      0.000
    Category 4         0.036      0.017      2.135      0.033
 W8_DRINK
    Category 1         0.355      0.051      6.928      0.000
    Category 2         0.363      0.047      7.673      0.000
    Category 3         0.193      0.040      4.837      0.000
    Category 4         0.089      0.029      3.073      0.002
 W4_PA
    Category 1         0.009      0.009      1.002      0.316
    Category 2         0.639      0.046     13.823      0.000
    Category 3         0.146      0.032      4.610      0.000
    Category 4         0.206      0.041      4.968      0.000
 W5_PA
    Category 1         0.009      0.009      1.006      0.314
    Category 2         0.652      0.046     14.281      0.000
    Category 3         0.175      0.034      5.130      0.000
    Category 4         0.164      0.036      4.622      0.000
 W6_PA
    Category 1         0.009      0.009      1.005      0.315
    Category 2         0.618      0.047     13.265      0.000
    Category 3         0.192      0.036      5.303      0.000
    Category 4         0.181      0.038      4.720      0.000
 W7_PA
    Category 1         0.004      0.004      0.999      0.318
    Category 2         0.639      0.047     13.540      0.000
    Category 3         0.160      0.033      4.818      0.000
    Category 4         0.196      0.039      4.979      0.000
 W8_PA
    Category 1         0.006      0.006      1.004      0.316
    Category 2         0.702      0.041     16.998      0.000
    Category 3         0.111      0.027      4.140      0.000
    Category 4         0.181      0.036      5.022      0.000
 W4_FV
    Category 1         0.602      0.047     12.844      0.000
    Category 2         0.398      0.047      8.476      0.000
 W5_FV
    Category 1         0.736      0.039     18.911      0.000
    Category 2         0.264      0.039      6.798      0.000
 W6_FV
    Category 1         0.673      0.043     15.572      0.000
    Category 2         0.327      0.043      7.549      0.000
 W7_FV
    Category 1         0.555      0.046     12.114      0.000
    Category 2         0.445      0.046      9.723      0.000
 W8_FV
    Category 1         0.569      0.046     12.307      0.000
    Category 2         0.431      0.046      9.306      0.000

Latent Class 3

 W4_SMOKE
    Category 1         0.967      0.009    102.523      0.000
    Category 2         0.033      0.009      3.482      0.000
 W5_SMOKE
    Category 1         0.982      0.009    108.097      0.000
    Category 2         0.018      0.009      1.978      0.048
 W6_SMOKE
    Category 1         0.996      0.003    350.451      0.000
    Category 2         0.004      0.003      1.463      0.144
 W7_SMOKE
    Category 1         0.995      0.004    254.494      0.000
    Category 2         0.005      0.004      1.380      0.168
 W8_SMOKE
    Category 1         0.995      0.004    262.080      0.000
    Category 2         0.005      0.004      1.220      0.223
 W4_DRINK
    Category 1         0.011      0.005      2.265      0.024
    Category 2         0.139      0.019      7.168      0.000
    Category 3         0.720      0.021     34.815      0.000
    Category 4         0.129      0.015      8.571      0.000
 W5_DRINK
    Category 1         0.006      0.003      1.923      0.055
    Category 2         0.141      0.017      8.166      0.000
    Category 3         0.732      0.019     37.831      0.000
    Category 4         0.121      0.014      8.486      0.000
 W6_DRINK
    Category 1         0.028      0.008      3.389      0.001
    Category 2         0.155      0.020      7.686      0.000
    Category 3         0.697      0.021     32.576      0.000
    Category 4         0.119      0.014      8.427      0.000
 W7_DRINK
    Category 1         0.010      0.005      2.250      0.024
    Category 2         0.185      0.022      8.392      0.000
    Category 3         0.670      0.022     30.469      0.000
    Category 4         0.134      0.016      8.483      0.000
 W8_DRINK
    Category 1         0.017      0.005      3.044      0.002
    Category 2         0.202      0.022      9.319      0.000
    Category 3         0.683      0.022     31.214      0.000
    Category 4         0.099      0.013      7.480      0.000
 W4_PA
    Category 1         0.002      0.002      0.999      0.318
    Category 2         0.454      0.026     17.724      0.000
    Category 3         0.215      0.018     12.042      0.000
    Category 4         0.329      0.025     13.326      0.000
 W5_PA
    Category 1         0.009      0.005      1.889      0.059
    Category 2         0.453      0.026     17.564      0.000
    Category 3         0.244      0.019     12.751      0.000
    Category 4         0.293      0.024     12.099      0.000
 W6_PA
    Category 1         0.000      0.000      0.000      1.000
    Category 2         0.449      0.026     17.138      0.000
    Category 3         0.220      0.018     12.306      0.000
    Category 4         0.331      0.025     13.347      0.000
 W7_PA
    Category 1         0.002      0.002      0.999      0.318
    Category 2         0.475      0.026     18.611      0.000
    Category 3         0.242      0.019     12.665      0.000
    Category 4         0.282      0.024     11.795      0.000
 W8_PA
    Category 1         0.006      0.004      1.699      0.089
    Category 2         0.474      0.025     18.695      0.000
    Category 3         0.224      0.019     12.065      0.000
    Category 4         0.295      0.023     12.628      0.000
 W4_FV
    Category 1         0.399      0.023     17.241      0.000
    Category 2         0.601      0.023     26.009      0.000
 W5_FV
    Category 1         0.382      0.023     16.775      0.000
    Category 2         0.618      0.023     27.193      0.000
 W6_FV
    Category 1         0.366      0.023     16.022      0.000
    Category 2         0.634      0.023     27.804      0.000
 W7_FV
    Category 1         0.354      0.022     15.810      0.000
    Category 2         0.646      0.022     28.908      0.000
 W8_FV
    Category 1         0.372      0.023     16.268      0.000
    Category 2         0.628      0.023     27.475      0.000

Latent Class 4

 W4_SMOKE
    Category 1         0.980      0.009    110.270      0.000
    Category 2         0.020      0.009      2.253      0.024
 W5_SMOKE
    Category 1         0.981      0.012     83.033      0.000
    Category 2         0.019      0.012      1.582      0.114
 W6_SMOKE
    Category 1         0.989      0.006    158.144      0.000
    Category 2         0.011      0.006      1.699      0.089
 W7_SMOKE
    Category 1         0.995      0.004    247.692      0.000
    Category 2         0.005      0.004      1.330      0.184
 W8_SMOKE
    Category 1         0.997      0.003    344.391      0.000
    Category 2         0.003      0.003      0.935      0.350
 W4_DRINK
    Category 1         0.314      0.030     10.509      0.000
    Category 2         0.605      0.030     20.399      0.000
    Category 3         0.081      0.018      4.480      0.000
    Category 4         0.000      0.000      0.000      1.000
 W5_DRINK
    Category 1         0.356      0.033     10.870      0.000
    Category 2         0.589      0.030     19.704      0.000
    Category 3         0.051      0.018      2.884      0.004
    Category 4         0.005      0.004      1.226      0.220
 W6_DRINK
    Category 1         0.367      0.031     11.841      0.000
    Category 2         0.574      0.029     19.584      0.000
    Category 3         0.058      0.017      3.468      0.001
    Category 4         0.001      0.002      0.653      0.514
 W7_DRINK
    Category 1         0.371      0.032     11.435      0.000
    Category 2         0.589      0.030     19.618      0.000
    Category 3         0.040      0.014      2.939      0.003
    Category 4         0.000      0.000      0.000      1.000
 W8_DRINK
    Category 1         0.408      0.033     12.177      0.000
    Category 2         0.558      0.032     17.645      0.000
    Category 3         0.035      0.012      2.800      0.005
    Category 4         0.000      0.000      0.000      1.000
 W4_PA
    Category 1         0.003      0.002      1.314      0.189
    Category 2         0.780      0.035     22.320      0.000
    Category 3         0.145      0.024      6.046      0.000
    Category 4         0.073      0.020      3.579      0.000
 W5_PA
    Category 1         0.009      0.007      1.318      0.188
    Category 2         0.819      0.036     22.648      0.000
    Category 3         0.128      0.027      4.676      0.000
    Category 4         0.044      0.014      3.009      0.003
 W6_PA
    Category 1         0.010      0.006      1.780      0.075
    Category 2         0.875      0.033     26.755      0.000
    Category 3         0.091      0.024      3.809      0.000
    Category 4         0.024      0.014      1.680      0.093
 W7_PA
    Category 1         0.011      0.006      1.697      0.090
    Category 2         0.884      0.029     30.545      0.000
    Category 3         0.095      0.021      4.473      0.000
    Category 4         0.010      0.012      0.859      0.390
 W8_PA
    Category 1         0.013      0.005      2.330      0.020
    Category 2         0.855      0.029     29.218      0.000
    Category 3         0.095      0.021      4.459      0.000
    Category 4         0.037      0.014      2.725      0.006
 W4_FV
    Category 1         0.477      0.029     16.528      0.000
    Category 2         0.523      0.029     18.157      0.000
 W5_FV
    Category 1         0.460      0.031     14.996      0.000
    Category 2         0.540      0.031     17.579      0.000
 W6_FV
    Category 1         0.429      0.031     14.025      0.000
    Category 2         0.571      0.031     18.687      0.000
 W7_FV
    Category 1         0.405      0.030     13.722      0.000
    Category 2         0.595      0.030     20.167      0.000
 W8_FV
    Category 1         0.407      0.029     13.939      0.000
    Category 2         0.593      0.029     20.346      0.000


LATENT CLASS ODDS RATIO RESULTS

                                                95% C.I.
                    Estimate       S.E.  Lower 2.5% Upper 2.5%

Latent Class 1 Compared to Latent Class 2

 W4_SMOKE
    Category > 1       0.001      0.000      0.000      0.003
 W5_SMOKE
    Category > 1       0.000      0.001      0.000      0.006
 W6_SMOKE
    Category > 1       0.001      0.001      0.000      0.008
 W7_SMOKE
    Category > 1       0.000      0.000      0.000      0.003
 W8_SMOKE
    Category > 1       0.006      0.004      0.002      0.020
 W4_DRINK
    Category > 1       1.891      0.580      1.037      3.448
    Category > 2       0.262      0.100      0.124      0.555
    Category > 3       0.000      0.000      0.000      0.000
 W5_DRINK
    Category > 1       1.624      0.475      0.915      2.882
    Category > 2       0.303      0.110      0.149      0.618
    Category > 3       0.008      0.018      0.000      0.828
 W6_DRINK
    Category > 1       1.929      0.538      1.117      3.331
    Category > 2       0.228      0.083      0.111      0.466
    Category > 3       0.000      0.000      0.000      0.000
 W7_DRINK
    Category > 1       2.230      0.613      1.301      3.822
    Category > 2       0.299      0.108      0.147      0.608
    Category > 3       0.000      0.000      0.000      0.000
 W8_DRINK
    Category > 1       1.797      0.502      1.039      3.107
    Category > 2       0.260      0.098      0.124      0.545
    Category > 3       0.000      0.000      0.000      0.000
 W4_PA
    Category > 1       4.976      7.070      0.307     80.612
    Category > 2       7.133      1.928      4.199     12.115
    Category > 3       4.682      1.370      2.639      8.308
 W5_PA
    Category > 1       3.919      7.927      0.074    206.529
    Category > 2       8.685      2.503      4.938     15.278
    Category > 3       5.384      1.653      2.950      9.826
 W6_PA
    Category > 1       2.240      3.702      0.088     57.147
    Category > 2       7.427      2.202      4.153     13.280
    Category > 3       5.877      1.832      3.190     10.828
 W7_PA
    Category > 1   13169.749      0.000  13169.749  13169.749
    Category > 2       6.514      1.891      3.687     11.508
    Category > 3       4.721      1.424      2.614      8.526
 W8_PA
    Category > 1       2.148      3.178      0.118     39.000
    Category > 2       5.756      1.470      3.489      9.496
    Category > 3       4.164      1.213      2.352      7.371
 W4_FV
    Category > 1       3.754      0.904      2.342      6.018
 W5_FV
    Category > 1       6.877      1.714      4.220     11.209
 W6_FV
    Category > 1       6.608      1.691      4.002     10.913
 W7_FV
    Category > 1       4.083      0.978      2.553      6.529
 W8_FV
    Category > 1       3.767      0.928      2.324      6.106

Latent Class 1 Compared to Latent Class 3

 W4_SMOKE
    Category > 1       0.394      0.236      0.122      1.277
 W5_SMOKE
    Category > 1       0.380      0.539      0.024      6.115
 W6_SMOKE
    Category > 1       1.822      2.495      0.124     26.692
 W7_SMOKE
    Category > 1       0.502      0.624      0.044      5.738
 W8_SMOKE
    Category > 1       3.463      3.443      0.494     24.302
 W4_DRINK
    Category > 1       0.059      0.029      0.023      0.153
    Category > 2       0.017      0.005      0.010      0.031
    Category > 3       0.000      0.000      0.000      0.000
 W5_DRINK
    Category > 1       0.025      0.014      0.009      0.074
    Category > 2       0.023      0.007      0.013      0.041
    Category > 3       0.004      0.008      0.000      0.353
 W6_DRINK
    Category > 1       0.096      0.033      0.050      0.187
    Category > 2       0.022      0.006      0.013      0.037
    Category > 3       0.000      0.000      0.000      0.000
 W7_DRINK
    Category > 1       0.033      0.016      0.013      0.086
    Category > 2       0.022      0.006      0.013      0.037
    Category > 3       0.000      0.000      0.000      0.000
 W8_DRINK
    Category > 1       0.056      0.020      0.027      0.114
    Category > 2       0.029      0.008      0.016      0.051
    Category > 3       0.000      0.000      0.000      0.000
 W4_PA
    Category > 1       0.875      1.243      0.054     14.156
    Category > 2       3.244      0.725      2.093      5.027
    Category > 3       2.475      0.510      1.652      3.707
 W5_PA
    Category > 1       4.019      7.422      0.108    150.053
    Category > 2       3.835      0.938      2.374      6.193
    Category > 3       2.554      0.581      1.635      3.990
 W6_PA
    Category > 1       0.000      0.000      0.000      0.000
    Category > 2       3.599      0.947      2.150      6.027
    Category > 3       2.625      0.599      1.678      4.105
 W7_PA
    Category > 1    4980.652      0.000   4980.652   4980.652
    Category > 2       3.289      0.799      2.043      5.294
    Category > 3       2.936      0.678      1.867      4.616
 W8_PA
    Category > 1       2.212      2.747      0.194     25.234
    Category > 2       2.193      0.441      1.478      3.253
    Category > 3       2.197      0.472      1.442      3.347
 W4_FV
    Category > 1       1.642      0.301      1.146      2.353
 W5_FV
    Category > 1       1.525      0.290      1.051      2.214
 W6_FV
    Category > 1       1.846      0.380      1.234      2.763
 W7_FV
    Category > 1       1.792      0.347      1.226      2.620
 W8_FV
    Category > 1       1.687      0.345      1.130      2.517

Latent Class 1 Compared to Latent Class 4

 W4_SMOKE
    Category > 1       0.655      0.477      0.157      2.733
 W5_SMOKE
    Category > 1       0.365      0.576      0.017      8.027
 W6_SMOKE
    Category > 1       0.708      0.900      0.059      8.560
 W7_SMOKE
    Category > 1       0.507      0.648      0.041      6.220
 W8_SMOKE
    Category > 1       5.939      7.223      0.548     64.397
 W4_DRINK
    Category > 1       2.317      0.582      1.416      3.792
    Category > 2       1.110      0.461      0.492      2.507
    Category > 3       1.000      0.000      1.000      1.000
 W5_DRINK
    Category > 1       2.158      0.524      1.341      3.472
    Category > 2       2.253      1.062      0.894      5.677
    Category > 3       0.098      0.246      0.001     13.582
 W6_DRINK
    Category > 1       1.940      0.439      1.246      3.022
    Category > 2       1.529      0.680      0.640      3.657
    Category > 3       0.000      0.000      0.000      0.000
 W7_DRINK
    Category > 1       1.880      0.462      1.161      3.045
    Category > 2       2.191      1.037      0.866      5.541
    Category > 3       1.000      0.000      1.000      1.000
 W8_DRINK
    Category > 1       2.248      0.525      1.422      3.552
    Category > 2       2.842      1.396      1.085      7.443
    Category > 3       1.000      0.000      1.000      1.000
 W4_PA
    Category > 1       1.557      2.023      0.122     19.871
    Category > 2      13.964      2.857      9.351     20.852
    Category > 3      15.511      4.399      8.896     27.043
 W5_PA
    Category > 1       3.990      8.928      0.050    320.351
    Category > 2      21.539      4.911     13.776     33.676
    Category > 3      23.283      7.492     12.392     43.745
 W6_PA
    Category > 1       2.500      4.027      0.106     58.759
    Category > 2      34.079      9.092     20.202     57.489
    Category > 3      52.403     29.223     17.565    156.332
 W7_PA
    Category > 1   35114.707      0.000  35114.707  35114.707
    Category > 2      30.654      8.313     18.015     52.160
    Category > 3     110.643    122.261     12.686    964.984
 W8_PA
    Category > 1       4.343      5.406      0.378     49.824
    Category > 2      15.485      3.602      9.815     24.430
    Category > 3      23.604      8.745     11.419     48.790
 W4_FV
    Category > 1       2.255      0.449      1.527      3.330
 W5_FV
    Category > 1       2.109      0.467      1.366      3.256
 W6_FV
    Category > 1       2.404      0.558      1.526      3.788
 W7_FV
    Category > 1       2.230      0.481      1.461      3.404
 W8_FV
    Category > 1       1.951      0.440      1.254      3.036

Latent Class 2 Compared to Latent Class 3

 W4_SMOKE
    Category > 1     650.734    421.970    182.570   2319.411
 W5_SMOKE
    Category > 1     810.907    516.733    232.568   2827.425
 W6_SMOKE
    Category > 1    2024.790   1532.772    459.204   8927.991
 W7_SMOKE
    Category > 1    1193.043    934.251    257.089   5536.426
 W8_SMOKE
    Category > 1     540.778    453.488    104.521   2797.927
 W4_DRINK
    Category > 1       0.031      0.016      0.012      0.084
    Category > 2       0.066      0.020      0.037      0.118
    Category > 3       0.287      0.168      0.091      0.906
 W5_DRINK
    Category > 1       0.016      0.009      0.005      0.048
    Category > 2       0.076      0.020      0.045      0.129
    Category > 3       0.452      0.186      0.202      1.012
 W6_DRINK
    Category > 1       0.050      0.019      0.024      0.105
    Category > 2       0.096      0.027      0.055      0.167
    Category > 3       0.536      0.217      0.242      1.184
 W7_DRINK
    Category > 1       0.015      0.007      0.006      0.039
    Category > 2       0.074      0.021      0.042      0.129
    Category > 3       0.242      0.125      0.088      0.665
 W8_DRINK
    Category > 1       0.031      0.013      0.014      0.068
    Category > 2       0.110      0.030      0.064      0.188
    Category > 3       0.896      0.358      0.409      1.959
 W4_PA
    Category > 1       0.176      0.250      0.011      2.847
    Category > 2       0.455      0.104      0.291      0.712
    Category > 3       0.529      0.148      0.305      0.915
 W5_PA
    Category > 1       1.025      1.166      0.110      9.532
    Category > 2       0.442      0.101      0.281      0.693
    Category > 3       0.474      0.136      0.270      0.833
 W6_PA
    Category > 1       0.000      0.000      0.000      0.000
    Category > 2       0.485      0.110      0.310      0.757
    Category > 3       0.447      0.128      0.255      0.782
 W7_PA
    Category > 1       0.378      0.537      0.023      6.108
    Category > 2       0.505      0.117      0.320      0.795
    Category > 3       0.622      0.173      0.360      1.074
 W8_PA
    Category > 1       1.029      1.199      0.105     10.089
    Category > 2       0.381      0.086      0.245      0.592
    Category > 3       0.528      0.142      0.312      0.893
 W4_FV
    Category > 1       0.437      0.096      0.284      0.673
 W5_FV
    Category > 1       0.222      0.049      0.143      0.343
 W6_FV
    Category > 1       0.279      0.062      0.181      0.431
 W7_FV
    Category > 1       0.439      0.093      0.290      0.663
 W8_FV
    Category > 1       0.448      0.096      0.294      0.681

Latent Class 2 Compared to Latent Class 4

 W4_SMOKE
    Category > 1    1081.632    740.766    282.563   4140.411
 W5_SMOKE
    Category > 1     778.721    560.602    189.928   3192.817
 W6_SMOKE
    Category > 1     786.664    523.469    213.483   2898.773
 W7_SMOKE
    Category > 1    1205.064    962.048    252.029   5761.948
 W8_SMOKE
    Category > 1     927.424   1013.898    108.816   7904.310
 W4_DRINK
    Category > 1       1.226      0.351      0.699      2.150
    Category > 2       4.240      1.509      2.111      8.518
    Category > 3   *********      0.000  *********  *********
 W5_DRINK
    Category > 1       1.329      0.383      0.755      2.339
    Category > 2       7.431      3.117      3.266     16.908
    Category > 3      12.595     11.431      2.127     74.595
 W6_DRINK
    Category > 1       1.006      0.273      0.591      1.712
    Category > 2       6.714      2.644      3.102     14.529
    Category > 3      63.337    101.865      2.708   1481.372
 W7_DRINK
    Category > 1       0.843      0.223      0.502      1.416
    Category > 2       7.321      3.207      3.102     17.277
    Category > 3   *********      0.000  *********  *********
 W8_DRINK
    Category > 1       1.251      0.341      0.733      2.133
    Category > 2      10.942      4.885      4.561     26.251
    Category > 3   *********      0.000  *********  *********
 W4_PA
    Category > 1       0.313      0.396      0.026      3.729
    Category > 2       1.958      0.570      1.107      3.463
    Category > 3       3.313      1.306      1.529      7.175
 W5_PA
    Category > 1       1.018      1.284      0.086     12.049
    Category > 2       2.480      0.797      1.321      4.656
    Category > 3       4.324      1.912      1.818     10.286
 W6_PA
    Category > 1       1.116      1.297      0.114     10.895
    Category > 2       4.589      1.720      2.201      9.568
    Category > 3       8.917      5.921      2.426     32.768
 W7_PA
    Category > 1       2.666      3.117      0.270     26.366
    Category > 2       4.706      1.748      2.272      9.747
    Category > 3      23.438     28.147      2.227    246.704
 W8_PA
    Category > 1       2.021      2.208      0.237     17.205
    Category > 2       2.690      0.870      1.428      5.069
    Category > 3       5.669      2.603      2.305     13.943
 W4_FV
    Category > 1       0.601      0.140      0.380      0.949
 W5_FV
    Category > 1       0.307      0.074      0.191      0.492
 W6_FV
    Category > 1       0.364      0.088      0.227      0.584
 W7_FV
    Category > 1       0.546      0.125      0.349      0.855
 W8_FV
    Category > 1       0.518      0.120      0.329      0.816

Latent Class 3 Compared to Latent Class 4

 W4_SMOKE
    Category > 1       1.662      0.892      0.581      4.756
 W5_SMOKE
    Category > 1       0.960      0.752      0.207      4.460
 W6_SMOKE
    Category > 1       0.389      0.344      0.068      2.208
 W7_SMOKE
    Category > 1       1.010      1.067      0.128      8.001
 W8_SMOKE
    Category > 1       1.715      2.319      0.121     24.279
 W4_DRINK
    Category > 1      39.318     18.321     15.775     98.001
    Category > 2      63.816     17.925     36.799    110.668
    Category > 3   *********      0.000  *********  *********
 W5_DRINK
    Category > 1      85.590     46.556     29.472    248.562
    Category > 2      98.223     35.151     48.706    198.080
    Category > 3      27.863     23.162      5.463    142.107
 W6_DRINK
    Category > 1      20.152      6.661     10.542     38.520
    Category > 2      70.202     23.139     36.794    133.942
    Category > 3     118.216    182.162      5.768   2422.947
 W7_DRINK
    Category > 1      56.998     26.347     23.035    141.037
    Category > 2      99.434     36.463     48.461    204.022
    Category > 3   *********      0.000  *********  *********
 W8_DRINK
    Category > 1      40.433     14.470     20.049     81.540
    Category > 2      99.465     37.635     47.380    208.807
    Category > 3   *********      0.000  *********  *********
 W4_PA
    Category > 1       1.778      2.242      0.150     21.049
    Category > 2       4.305      1.073      2.641      7.016
    Category > 3       6.268      2.155      3.195     12.296
 W5_PA
    Category > 1       0.993      0.925      0.160      6.160
    Category > 2       5.617      1.596      3.218      9.803
    Category > 3       9.115      3.541      4.256     19.519
 W6_PA
    Category > 1   34040.445      0.000  34040.445  34040.445
    Category > 2       9.468      3.369      4.714     19.016
    Category > 3      19.966     12.901      5.627     70.846
 W7_PA
    Category > 1       7.050      8.233      0.715     69.530
    Category > 2       9.321      3.195      4.762     18.248
    Category > 3      37.687     45.616      3.515    404.117
 W8_PA
    Category > 1       1.964      1.443      0.465      8.289
    Category > 2       7.061      2.014      4.037     12.351
    Category > 3      10.743      4.469      4.754     24.277
 W4_FV
    Category > 1       1.373      0.211      1.016      1.856
 W5_FV
    Category > 1       1.383      0.220      1.013      1.888
 W6_FV
    Category > 1       1.302      0.210      0.950      1.786
 W7_FV
    Category > 1       1.244      0.199      0.910      1.702
 W8_FV
    Category > 1       1.157      0.182      0.850      1.575


QUALITY OF NUMERICAL RESULTS

     Condition Number for the Information Matrix              0.160E-06
       (ratio of smallest to largest eigenvalue)


TECHNICAL 11 OUTPUT

     Random Starts Specifications for the k-1 Class Analysis Model
        Number of initial stage random starts                 500
        Number of final stage optimizations                   100



     VUONG-LO-MENDELL-RUBIN LIKELIHOOD RATIO TEST FOR 3 (H0) VERSUS 4 CLASSES

          H0 Loglikelihood Value                       -28953.881
          2 Times the Loglikelihood Difference           1709.258
          Difference in the Number of Parameters               41
          Mean                                        4196546.971
          Standard Deviation                          5905487.468
          P-Value                                          0.7612

     LO-MENDELL-RUBIN ADJUSTED LRT TEST

          Value                                          1703.884
          P-Value                                          0.7613


PLOT INFORMATION

The following plots are available:

  Histograms (sample values)
  Scatterplots (sample values)
  Sample proportions and estimated probabilities

     Beginning Time:  21:06:58
        Ending Time:  21:09:26
       Elapsed Time:  00:02:28



MUTHEN & MUTHEN
3463 Stoner Ave.
Los Angeles, CA  90066

Tel: (310) 391-9971
Fax: (310) 391-8971
Web: www.StatModel.com
Support: Support@StatModel.com

Copyright (c) 1998-2020 Muthen & Muthen
