Mplus VERSION 8.5 (Mac)
MUTHEN & MUTHEN
09/17/2022   9:09 PM

INPUT INSTRUCTIONS

  TITLE:
  C5_LCA_enumerate
  DATA:
  FILE = "./c_lca_enumerate.dat";

  VARIABLE:
  NAMES = idauniq W4_Smoke W5_Smoke W6_Smoke W7_Smoke W8_Smoke W4_Drink W5_Drink
       W6_Drink W7_Drink W8_Drink W4_PA W5_PA W6_PA W7_PA W8_PA W4_FV W5_FV W6_FV
       W7_FV W8_FV Weights Female Age Pat_Int Pat_Hig Self_Int Self_Hig Edu_Upp
       Edu_Ter Wealth_2 Wealth_3 Eye_4 Circul_4 Endocr_4 Muscul_4 Respir_4 Neopla_4
       Nervou_4 Mental_4 Multi_4 CMulti_4 Luncan_4 Multi Eye Circul Endocr Muscul
       Respir Neopla Nervou Mental CMulti Luncan;
   MISSING=.;
   CATEGORICAL = W4_Smoke,W5_Smoke,W6_Smoke,W7_Smoke,W8_Smoke,
  W4_Drink,W5_Drink,W6_Drink,W7_Drink,W8_Drink,
  W4_PA,W5_PA,W6_PA,W7_PA,W8_PA,W4_FV,W5_FV,W6_FV,
  W7_FV,W8_FV;
  USEVARIABLES = W4_Smoke,W5_Smoke,W6_Smoke,W7_Smoke,W8_Smoke,
  W4_Drink,W5_Drink,W6_Drink,W7_Drink,W8_Drink,
  W4_PA,W5_PA,W6_PA,W7_PA,W8_PA,W4_FV,W5_FV,W6_FV,
  W7_FV,W8_FV,Weights;
  USEOBSERVATIONS = Female NE -99 AND Age NE -99
    AND  Pat_Int NE -99 AND
  Pat_Hig NE -99 AND Self_Int NE -99 AND
  Self_Hig NE -99 AND Edu_Upp NE -99 AND
  Edu_Ter NE -99 AND
  Wealth_2 NE -99 AND Wealth_3 NE -99;
          WEIGHT        = Weights;
  MISSING ARE ALL (-99);
          classes = c(5);
  ANALYSIS:
  estimator = mlr;
      type = mixture;
      starts = 500 100;
      STITERATIONS=20;
  LRTSTARTS = 50 10 400 20;
  OUTPUT:
  TECH11 TECH14
  PLOT:
  type = plot3;
      series is W4_Smoke(2) W5_Smoke(3) W6_Smoke(4) W7_Smoke(5)
      W8_Smoke(6) W4_Drink(7) W5_Drink(8)
      W6_Drink(9) W7_Drink(10)
      W8_Drink(11) W4_PA(12) W5_PA(13)
      W6_PA(14) W7_PA(15) W8_PA(16)
      W4_FV(17) W5_FV(18) W6_FV(19)
      W7_FV(20) W8_FV(21);



*** WARNING
  One or more observations has a value of 0 for the WEIGHT variable.
*** WARNING in OUTPUT command
  TECH14 option is not available for TYPE=MIXTURE with weights.
  Request for TECH14 is ignored.
   2 WARNING(S) FOUND IN THE INPUT INSTRUCTIONS




C5_LCA_enumerate

SUMMARY OF ANALYSIS

Number of groups                                                 1
Number of observations                                        2284

Number of dependent variables                                   20
Number of independent variables                                  0
Number of continuous latent variables                            0
Number of categorical latent variables                           1

Observed dependent variables

  Binary and ordered categorical (ordinal)
   W4_SMOKE    W5_SMOKE    W6_SMOKE    W7_SMOKE    W8_SMOKE    W4_DRINK
   W5_DRINK    W6_DRINK    W7_DRINK    W8_DRINK    W4_PA       W5_PA
   W6_PA       W7_PA       W8_PA       W4_FV       W5_FV       W6_FV
   W7_FV       W8_FV

Categorical latent variables
   C

Variables with special functions

  Weight variable       WEIGHTS

Estimator                                                      MLR
Information matrix                                        OBSERVED
Optimization Specifications for the Quasi-Newton Algorithm for
Continuous Outcomes
  Maximum number of iterations                                 100
  Convergence criterion                                  0.100D-05
Optimization Specifications for the EM Algorithm
  Maximum number of iterations                                 500
  Convergence criteria
    Loglikelihood change                                 0.100D-06
    Relative loglikelihood change                        0.100D-06
    Derivative                                           0.100D-05
Optimization Specifications for the M step of the EM Algorithm for
Categorical Latent variables
  Number of M step iterations                                    1
  M step convergence criterion                           0.100D-05
  Basis for M step termination                           ITERATION
Optimization Specifications for the M step of the EM Algorithm for
Censored, Binary or Ordered Categorical (Ordinal), Unordered
Categorical (Nominal) and Count Outcomes
  Number of M step iterations                                    1
  M step convergence criterion                           0.100D-05
  Basis for M step termination                           ITERATION
  Maximum value for logit thresholds                            15
  Minimum value for logit thresholds                           -15
  Minimum expected cell size for chi-square              0.100D-01
Maximum number of iterations for H1                           2000
Convergence criterion for H1                             0.100D-03
Optimization algorithm                                         EMA
Random Starts Specifications
  Number of initial stage random starts                        500
  Number of final stage optimizations                          100
  Number of initial stage iterations                            20
  Initial stage convergence criterion                    0.100D+01
  Random starts scale                                    0.500D+01
  Random seed for generating random starts                       0
Link                                                         LOGIT

Input data file(s)
  ./c_lca_enumerate.dat
Input data format  FREE


SUMMARY OF DATA

     Number of missing data patterns           443
     Number of y missing data patterns           0
     Number of u missing data patterns         443


COVARIANCE COVERAGE OF DATA

Minimum covariance coverage value   0.100


     PROPORTION OF DATA PRESENT FOR U


           Covariance Coverage
              W4_SMOKE      W5_SMOKE      W6_SMOKE      W7_SMOKE      W8_SMOKE
              ________      ________      ________      ________      ________
 W4_SMOKE       0.950
 W5_SMOKE       0.576         0.582
 W6_SMOKE       0.591         0.581         0.597
 W7_SMOKE       0.600         0.581         0.595         0.607
 W8_SMOKE       0.604         0.579         0.592         0.602         0.613
 W4_DRINK       0.819         0.501         0.514         0.521         0.526
 W5_DRINK       0.840         0.515         0.528         0.535         0.539
 W6_DRINK       0.826         0.504         0.514         0.524         0.530
 W7_DRINK       0.817         0.503         0.515         0.523         0.529
 W8_DRINK       0.818         0.508         0.519         0.527         0.530
 W4_PA          0.867         0.529         0.542         0.552         0.556
 W5_PA          0.870         0.534         0.549         0.558         0.562
 W6_PA          0.882         0.539         0.553         0.562         0.567
 W7_PA          0.881         0.535         0.550         0.559         0.564
 W8_PA          0.885         0.539         0.553         0.562         0.569
 W4_FV          0.882         0.535         0.549         0.557         0.562
 W5_FV          0.909         0.553         0.567         0.576         0.581
 W6_FV          0.899         0.547         0.559         0.570         0.577
 W7_FV          0.896         0.549         0.562         0.571         0.577
 W8_FV          0.904         0.555         0.569         0.578         0.581


           Covariance Coverage
              W4_DRINK      W5_DRINK      W6_DRINK      W7_DRINK      W8_DRINK
              ________      ________      ________      ________      ________
 W4_DRINK       0.862
 W5_DRINK       0.803         0.884
 W6_DRINK       0.789         0.820         0.869
 W7_DRINK       0.778         0.811         0.807         0.860
 W8_DRINK       0.780         0.810         0.806         0.802         0.863
 W4_PA          0.788         0.810         0.798         0.791         0.791
 W5_PA          0.795         0.815         0.802         0.792         0.793
 W6_PA          0.808         0.821         0.809         0.802         0.803
 W7_PA          0.803         0.824         0.811         0.799         0.806
 W8_PA          0.807         0.826         0.813         0.806         0.807
 W4_FV          0.862         0.827         0.813         0.803         0.807
 W5_FV          0.831         0.883         0.839         0.829         0.829
 W6_FV          0.819         0.844         0.869         0.824         0.824
 W7_FV          0.813         0.838         0.829         0.858         0.819
 W8_FV          0.826         0.846         0.837         0.827         0.862


           Covariance Coverage
              W4_PA         W5_PA         W6_PA         W7_PA         W8_PA
              ________      ________      ________      ________      ________
 W4_PA          0.912
 W5_PA          0.850         0.917
 W6_PA          0.853         0.862         0.926
 W7_PA          0.855         0.859         0.872         0.928
 W8_PA          0.854         0.859         0.868         0.874         0.932
 W4_FV          0.847         0.854         0.866         0.861         0.866
 W5_FV          0.874         0.878         0.887         0.890         0.892
 W6_FV          0.863         0.866         0.876         0.878         0.882
 W7_FV          0.862         0.863         0.874         0.874         0.881
 W8_FV          0.873         0.876         0.887         0.888         0.890


           Covariance Coverage
              W4_FV         W5_FV         W6_FV         W7_FV         W8_FV
              ________      ________      ________      ________      ________
 W4_FV          0.929
 W5_FV          0.896         0.957
 W6_FV          0.880         0.912         0.945
 W7_FV          0.876         0.907         0.901         0.942
 W8_FV          0.890         0.915         0.908         0.904         0.954


UNIVARIATE PROPORTIONS AND COUNTS FOR CATEGORICAL VARIABLES

    W4_SMOKE
      Category 1    0.891         1925.844
      Category 2    0.109          234.748
    W5_SMOKE
      Category 1    0.851         1157.310
      Category 2    0.149          202.715
    W6_SMOKE
      Category 1    0.867         1208.814
      Category 2    0.133          184.995
    W7_SMOKE
      Category 1    0.876         1240.376
      Category 2    0.124          175.204
    W8_SMOKE
      Category 1    0.896         1283.430
      Category 2    0.104          149.367
    W4_DRINK
      Category 1    0.164          320.482
      Category 2    0.470          917.962
      Category 3    0.318          622.237
      Category 4    0.048           94.323
    W5_DRINK
      Category 1    0.186          374.445
      Category 2    0.442          890.564
      Category 3    0.323          650.148
      Category 4    0.049           97.802
    W6_DRINK
      Category 1    0.211          415.369
      Category 2    0.439          865.797
      Category 3    0.303          598.251
      Category 4    0.048           93.832
    W7_DRINK
      Category 1    0.212          412.957
      Category 2    0.453          882.714
      Category 3    0.285          556.053
      Category 4    0.050           97.302
    W8_DRINK
      Category 1    0.216          421.432
      Category 2    0.446          868.970
      Category 3    0.294          572.844
      Category 4    0.043           83.521
    W4_PA
      Category 1    0.003            5.262
      Category 2    0.497         1022.860
      Category 3    0.197          405.410
      Category 4    0.304          625.309
    W5_PA
      Category 1    0.007           15.191
      Category 2    0.505         1054.783
      Category 3    0.219          457.806
      Category 4    0.268          559.669
    W6_PA
      Category 1    0.005           10.634
      Category 2    0.518         1085.487
      Category 3    0.187          391.755
      Category 4    0.290          607.986
    W7_PA
      Category 1    0.004            8.452
      Category 2    0.539         1132.106
      Category 3    0.193          404.560
      Category 4    0.265          555.694
    W8_PA
      Category 1    0.007           15.509
      Category 2    0.559         1182.815
      Category 3    0.175          370.050
      Category 4    0.259          546.968
    W4_FV
      Category 1    0.410          864.415
      Category 2    0.590         1246.457
    W5_FV
      Category 1    0.412          901.271
      Category 2    0.588         1286.332
    W6_FV
      Category 1    0.376          809.996
      Category 2    0.624         1342.282
    W7_FV
      Category 1    0.355          761.184
      Category 2    0.645         1384.397
    W8_FV
      Category 1    0.369          802.729
      Category 2    0.631         1370.880


RANDOM STARTS RESULTS RANKED FROM THE BEST TO THE WORST LOGLIKELIHOOD VALUES

Final stage loglikelihood values at local maxima, seeds, and initial stage start numbers:

          -27658.810  50887            389
          -27658.810  851945           18
          -27658.810  193569           440
          -27658.810  840078           203
          -27658.810  416463           467
          -27658.810  650371           14
          -27658.810  568405           233
          -27658.810  329127           185
          -27658.810  848163           47
          -27658.810  224950           455
          -27658.810  701525           239
          -27658.810  342019           301
          -27658.810  182524           373
          -27658.810  992389           77
          -27658.810  723775           97
          -27658.810  264935           281
          -27658.810  364676           27
          -27658.810  926797           406
          -27658.810  414828           322
          -27658.810  521575           313
          -27658.810  411615           171
          -27658.810  879211           453
          -27658.810  821011           161
          -27659.374  715561           125
          -27659.374  275475           413
          -27659.374  793035           187
          -27659.374  584397           428
          -27659.374  595153           230
          -27659.374  471438           252
          -27659.374  55115            408
          -27659.374  860772           174
          -27659.374  700349           401
          -27662.009  43523            297
          -27673.970  7959             256
          -27673.970  314757           345
          -27673.970  605358           321
          -27673.970  46437            153
          -27673.970  830392           35
          -27673.970  407108           366
          -27673.970  714997           399
          -27673.970  496881           192
          -27673.970  70118            104
          -27673.970  392418           28
          -27673.970  922042           492
          -27673.970  760878           249
          -27673.970  609185           181
          -27673.970  732596           320
          -27673.970  814975           129
          -27673.970  570908           98
          -27673.970  123985           248
          -27673.970  667250           318
          -27673.970  76974            16
          -27673.970  997222           229
          -27673.970  802256           477
          -27673.970  608496           4
          -27673.970  40340            188
          -27673.970  340112           126
          -27673.970  722748           346
          -27673.970  637095           207
          -27673.970  605565           404
          -27673.970  407168           44
          -27673.970  297518           166
          -27673.970  736574           414
          -27674.365  801717           364
          -27674.365  939709           112
          -27674.365  957392           79
          -27674.365  950604           172
          -27674.365  374219           353
          -27674.365  360419           356
          -27674.365  561664           392

30 perturbed starting value run(s) did not converge or were rejected in the third stage.



THE BEST LOGLIKELIHOOD VALUE HAS BEEN REPLICATED.  RERUN WITH AT LEAST TWICE THE
RANDOM STARTS TO CHECK THAT THE BEST LOGLIKELIHOOD IS STILL OBTAINED AND REPLICATED.

     IN THE OPTIMIZATION, ONE OR MORE LOGIT THRESHOLDS APPROACHED EXTREME VALUES
     OF -15.000 AND 15.000 AND WERE FIXED TO STABILIZE MODEL ESTIMATION.  THESE
     VALUES IMPLY PROBABILITIES OF 0 AND 1.  IN THE MODEL RESULTS SECTION, THESE
     PARAMETERS HAVE 0 STANDARD ERRORS AND 999 IN THE Z-SCORE AND P-VALUE COLUMNS.




THE MODEL ESTIMATION TERMINATED NORMALLY

     THE CHI-SQUARE TEST CANNOT BE COMPUTED BECAUSE THE FREQUENCY TABLE FOR THE
     LATENT CLASS INDICATOR MODEL PART IS TOO LARGE.




MODEL FIT INFORMATION

Number of Free Parameters                      204

Loglikelihood

          H0 Value                      -27658.810
          H0 Scaling Correction Factor      1.3644
            for MLR

Information Criteria

          Akaike (AIC)                   55725.620
          Bayesian (BIC)                 56895.292
          Sample-Size Adjusted BIC       56247.147
            (n* = (n + 2) / 24)



FINAL CLASS COUNTS AND PROPORTIONS FOR THE LATENT CLASSES
BASED ON THE ESTIMATED MODEL

    Latent
   Classes

       1        298.03123          0.13049
       2        641.10125          0.28069
       3        526.93026          0.23071
       4        614.11602          0.26888
       5        203.82125          0.08924


FINAL CLASS COUNTS AND PROPORTIONS FOR THE LATENT CLASSES
BASED ON ESTIMATED POSTERIOR PROBABILITIES

    Latent
   Classes

       1        298.03123          0.13049
       2        641.10125          0.28069
       3        526.93026          0.23071
       4        614.11602          0.26888
       5        203.82125          0.08924


FINAL CLASS COUNTS AND PROPORTIONS FOR THE LATENT CLASSES
BASED ON THEIR MOST LIKELY LATENT CLASS MEMBERSHIP

Class Counts and Proportions

    Latent
   Classes

       1              286          0.12522
       2              648          0.28378
       3              523          0.22900
       4              633          0.27735
       5              193          0.08465


CLASSIFICATION QUALITY

     Entropy                         0.860


Average Latent Class Probabilities for Most Likely Latent Class Membership (Row)
by Latent Class (Column)

           1        2        3        4        5

    1   0.906    0.039    0.055    0.000    0.000
    2   0.020    0.904    0.019    0.052    0.005
    3   0.049    0.019    0.908    0.017    0.007
    4   0.001    0.054    0.037    0.900    0.008
    5   0.000    0.000    0.001    0.006    0.993


Classification Probabilities for the Most Likely Latent Class Membership (Column)
by Latent Class (Row)

           1        2        3        4        5

    1   0.869    0.043    0.085    0.002    0.000
    2   0.017    0.914    0.016    0.053    0.000
    3   0.030    0.024    0.902    0.045    0.000
    4   0.000    0.055    0.015    0.928    0.002
    5   0.001    0.016    0.017    0.025    0.942


Logits for the Classification Probabilities for the Most Likely Latent Class Membership (Column)
by Latent Class (Row)

              1        2        3        4        5

    1     13.675   10.676   11.353    7.672    0.000
    2      4.980    8.946    4.888    6.104    0.000
    3      4.648    4.419    8.060    5.057    0.000
    4     -5.604    3.379    2.051    6.201    0.000
    5     -7.209   -4.097   -4.009   -3.640    0.000


MODEL RESULTS

                                                    Two-Tailed
                    Estimate       S.E.  Est./S.E.    P-Value

Latent Class 1

 Thresholds
    W4_SMOKE$1         4.838      0.788      6.143      0.000
    W5_SMOKE$1         5.566      1.127      4.941      0.000
    W6_SMOKE$1         5.620      1.133      4.961      0.000
    W7_SMOKE$1        15.000      0.000    999.000    999.000
    W8_SMOKE$1        15.000      0.000    999.000    999.000
    W4_DRINK$1        -3.650      0.504     -7.247      0.000
    W4_DRINK$2        -1.552      0.228     -6.797      0.000
    W4_DRINK$3         1.825      0.257      7.113      0.000
    W5_DRINK$1        -4.357      0.740     -5.885      0.000
    W5_DRINK$2        -1.924      0.289     -6.659      0.000
    W5_DRINK$3         1.854      0.260      7.127      0.000
    W6_DRINK$1        -3.569      0.490     -7.282      0.000
    W6_DRINK$2        -1.375      0.249     -5.530      0.000
    W6_DRINK$3         1.984      0.271      7.326      0.000
    W7_DRINK$1       -15.000      0.000    999.000    999.000
    W7_DRINK$2        -1.484      0.255     -5.823      0.000
    W7_DRINK$3         1.813      0.269      6.746      0.000
    W8_DRINK$1        -3.915      0.527     -7.426      0.000
    W8_DRINK$2        -1.411      0.222     -6.359      0.000
    W8_DRINK$3         2.125      0.280      7.587      0.000
    W4_PA$1          -15.000      0.000    999.000    999.000
    W4_PA$2           -1.655      0.256     -6.475      0.000
    W4_PA$3           -0.710      0.235     -3.019      0.003
    W5_PA$1          -15.000      0.000    999.000    999.000
    W5_PA$2           -2.504      0.477     -5.253      0.000
    W5_PA$3           -0.771      0.264     -2.919      0.004
    W6_PA$1          -15.000      0.000    999.000    999.000
    W6_PA$2           -2.267      0.305     -7.430      0.000
    W6_PA$3           -0.853      0.242     -3.522      0.000
    W7_PA$1          -15.000      0.000    999.000    999.000
    W7_PA$2           -1.854      0.257     -7.222      0.000
    W7_PA$3           -0.758      0.203     -3.729      0.000
    W8_PA$1          -15.000      0.000    999.000    999.000
    W8_PA$2           -1.734      0.243     -7.135      0.000
    W8_PA$3           -0.512      0.198     -2.583      0.010
    W4_FV$1           -0.921      0.218     -4.222      0.000
    W5_FV$1           -0.948      0.244     -3.886      0.000
    W6_FV$1           -1.033      0.256     -4.035      0.000
    W7_FV$1           -0.949      0.260     -3.644      0.000
    W8_FV$1           -1.220      0.259     -4.718      0.000

Latent Class 2

 Thresholds
    W4_SMOKE$1         4.229      0.478      8.847      0.000
    W5_SMOKE$1         4.833      0.873      5.533      0.000
    W6_SMOKE$1         4.891      0.882      5.542      0.000
    W7_SMOKE$1         5.914      1.003      5.894      0.000
    W8_SMOKE$1         4.130      0.523      7.894      0.000
    W4_DRINK$1        -1.608      0.171     -9.377      0.000
    W4_DRINK$2         2.499      0.240     10.407      0.000
    W4_DRINK$3        15.000      0.000    999.000    999.000
    W5_DRINK$1        -1.348      0.155     -8.711      0.000
    W5_DRINK$2         2.272      0.219     10.362      0.000
    W5_DRINK$3        15.000      0.000    999.000    999.000
    W6_DRINK$1        -1.164      0.145     -7.997      0.000
    W6_DRINK$2         2.638      0.245     10.752      0.000
    W6_DRINK$3        15.000      0.000    999.000    999.000
    W7_DRINK$1        -1.111      0.153     -7.260      0.000
    W7_DRINK$2         2.575      0.231     11.130      0.000
    W7_DRINK$3        15.000      0.000    999.000    999.000
    W8_DRINK$1        -1.149      0.150     -7.650      0.000
    W8_DRINK$2         2.563      0.255     10.065      0.000
    W8_DRINK$3        15.000      0.000    999.000    999.000
    W4_PA$1           -6.344      1.003     -6.324      0.000
    W4_PA$2           -1.209      0.149     -8.105      0.000
    W4_PA$3           -0.066      0.122     -0.540      0.590
    W5_PA$1           -5.840      1.120     -5.215      0.000
    W5_PA$2           -1.312      0.163     -8.051      0.000
    W5_PA$3            0.098      0.130      0.757      0.449
    W6_PA$1           -5.400      1.186     -4.553      0.000
    W6_PA$2           -1.277      0.172     -7.420      0.000
    W6_PA$3           -0.107      0.141     -0.760      0.447
    W7_PA$1          -15.000      0.000    999.000    999.000
    W7_PA$2           -1.092      0.163     -6.712      0.000
    W7_PA$3            0.040      0.141      0.284      0.776
    W8_PA$1           -5.688      1.050     -5.416      0.000
    W8_PA$2           -0.716      0.134     -5.343      0.000
    W8_PA$3            0.236      0.134      1.764      0.078
    W4_FV$1           -0.871      0.131     -6.636      0.000
    W5_FV$1           -0.884      0.143     -6.198      0.000
    W6_FV$1           -1.121      0.155     -7.254      0.000
    W7_FV$1           -1.160      0.147     -7.874      0.000
    W8_FV$1           -0.992      0.144     -6.898      0.000

Latent Class 3

 Thresholds
    W4_SMOKE$1         2.984      0.293     10.186      0.000
    W5_SMOKE$1         3.501      0.439      7.977      0.000
    W6_SMOKE$1         5.378      0.740      7.265      0.000
    W7_SMOKE$1         4.986      0.725      6.880      0.000
    W8_SMOKE$1         5.052      0.812      6.225      0.000
    W4_DRINK$1        -4.869      0.724     -6.723      0.000
    W4_DRINK$2        -1.442      0.178     -8.090      0.000
    W4_DRINK$3         2.106      0.219      9.603      0.000
    W5_DRINK$1        -5.006      0.613     -8.165      0.000
    W5_DRINK$2        -1.410      0.169     -8.354      0.000
    W5_DRINK$3         2.209      0.217     10.165      0.000
    W6_DRINK$1        -3.477      0.389     -8.928      0.000
    W6_DRINK$2        -1.347      0.179     -7.523      0.000
    W6_DRINK$3         2.143      0.214     10.022      0.000
    W7_DRINK$1        -3.916      0.387    -10.113      0.000
    W7_DRINK$2        -1.072      0.162     -6.607      0.000
    W7_DRINK$3         2.045      0.219      9.344      0.000
    W8_DRINK$1        -3.893      0.437     -8.918      0.000
    W8_DRINK$2        -0.910      0.157     -5.792      0.000
    W8_DRINK$3         2.421      0.232     10.454      0.000
    W4_PA$1           -6.102      1.005     -6.072      0.000
    W4_PA$2            0.593      0.147      4.042      0.000
    W4_PA$3            1.962      0.208      9.453      0.000
    W5_PA$1           -4.302      0.535     -8.043      0.000
    W5_PA$2            0.846      0.161      5.244      0.000
    W5_PA$3            2.565      0.244     10.517      0.000
    W6_PA$1          -15.000      0.000    999.000    999.000
    W6_PA$2            0.759      0.166      4.577      0.000
    W6_PA$3            2.139      0.215      9.927      0.000
    W7_PA$1           -6.120      1.005     -6.089      0.000
    W7_PA$2            0.796      0.182      4.363      0.000
    W7_PA$3            2.774      0.407      6.818      0.000
    W8_PA$1           -4.642      0.595     -7.799      0.000
    W8_PA$2            0.802      0.181      4.438      0.000
    W8_PA$3            2.167      0.259      8.367      0.000
    W4_FV$1           -0.086      0.131     -0.656      0.512
    W5_FV$1           -0.212      0.146     -1.458      0.145
    W6_FV$1           -0.299      0.154     -1.944      0.052
    W7_FV$1           -0.433      0.155     -2.802      0.005
    W8_FV$1           -0.213      0.139     -1.536      0.125

Latent Class 4

 Thresholds
    W4_SMOKE$1         3.867      0.522      7.409      0.000
    W5_SMOKE$1         3.854      0.645      5.977      0.000
    W6_SMOKE$1         4.418      0.599      7.381      0.000
    W7_SMOKE$1         5.015      0.758      6.615      0.000
    W8_SMOKE$1         5.797      1.128      5.139      0.000
    W4_DRINK$1        -0.644      0.145     -4.455      0.000
    W4_DRINK$2         2.690      0.269      9.991      0.000
    W4_DRINK$3        15.000      0.000    999.000    999.000
    W5_DRINK$1        -0.437      0.149     -2.929      0.003
    W5_DRINK$2         3.559      0.455      7.817      0.000
    W5_DRINK$3         5.477      1.047      5.229      0.000
    W6_DRINK$1        -0.415      0.139     -2.978      0.003
    W6_DRINK$2         3.444      0.391      8.803      0.000
    W6_DRINK$3         7.893      4.602      1.715      0.086
    W7_DRINK$1        -0.397      0.149     -2.662      0.008
    W7_DRINK$2         4.065      0.518      7.849      0.000
    W7_DRINK$3        15.000      0.000    999.000    999.000
    W8_DRINK$1        -0.213      0.146     -1.459      0.145
    W8_DRINK$2         3.706      0.437      8.475      0.000
    W8_DRINK$3        15.000      0.000    999.000    999.000
    W4_PA$1           -5.793      0.775     -7.478      0.000
    W4_PA$2            1.369      0.192      7.138      0.000
    W4_PA$3            2.635      0.296      8.914      0.000
    W5_PA$1           -4.630      0.743     -6.232      0.000
    W5_PA$2            1.692      0.224      7.542      0.000
    W5_PA$3            3.175      0.356      8.920      0.000
    W6_PA$1           -4.478      0.577     -7.763      0.000
    W6_PA$2            2.204      0.291      7.574      0.000
    W6_PA$3            3.981      0.639      6.231      0.000
    W7_PA$1           -4.404      0.596     -7.395      0.000
    W7_PA$2            2.320      0.288      8.049      0.000
    W7_PA$3            4.923      1.108      4.443      0.000
    W8_PA$1           -4.271      0.465     -9.175      0.000
    W8_PA$2            1.987      0.231      8.596      0.000
    W8_PA$3            3.298      0.383      8.613      0.000
    W4_FV$1           -0.117      0.127     -0.925      0.355
    W5_FV$1           -0.142      0.140     -1.010      0.313
    W6_FV$1           -0.265      0.140     -1.891      0.059
    W7_FV$1           -0.345      0.137     -2.512      0.012
    W8_FV$1           -0.362      0.135     -2.673      0.008

Latent Class 5

 Thresholds
    W4_SMOKE$1        -3.205      0.567     -5.657      0.000
    W5_SMOKE$1        -2.713      0.360     -7.540      0.000
    W6_SMOKE$1        -2.259      0.372     -6.072      0.000
    W7_SMOKE$1        -1.980      0.336     -5.894      0.000
    W8_SMOKE$1        -0.971      0.216     -4.500      0.000
    W4_DRINK$1        -0.995      0.235     -4.227      0.000
    W4_DRINK$2         0.980      0.236      4.146      0.000
    W4_DRINK$3         3.171      0.561      5.654      0.000
    W5_DRINK$1        -0.878      0.230     -3.824      0.000
    W5_DRINK$2         0.839      0.221      3.788      0.000
    W5_DRINK$3         2.725      0.364      7.497      0.000
    W6_DRINK$1        -0.541      0.221     -2.445      0.015
    W6_DRINK$2         0.867      0.225      3.847      0.000
    W6_DRINK$3         2.598      0.378      6.876      0.000
    W7_DRINK$1        -0.343      0.210     -1.636      0.102
    W7_DRINK$2         1.195      0.234      5.119      0.000
    W7_DRINK$3         3.272      0.438      7.472      0.000
    W8_DRINK$1        -0.583      0.218     -2.673      0.008
    W8_DRINK$2         0.963      0.227      4.237      0.000
    W8_DRINK$3         2.281      0.339      6.728      0.000
    W4_PA$1           -4.721      1.006     -4.693      0.000
    W4_PA$2            0.593      0.202      2.934      0.003
    W4_PA$3            1.307      0.250      5.224      0.000
    W5_PA$1           -4.678      1.003     -4.666      0.000
    W5_PA$2            0.638      0.202      3.166      0.002
    W5_PA$3            1.587      0.253      6.262      0.000
    W6_PA$1           -4.652      1.004     -4.633      0.000
    W6_PA$2            0.498      0.198      2.523      0.012
    W6_PA$3            1.480      0.253      5.840      0.000
    W7_PA$1           -5.490      1.005     -5.462      0.000
    W7_PA$2            0.564      0.205      2.753      0.006
    W7_PA$3            1.379      0.244      5.642      0.000
    W8_PA$1           -5.077      1.058     -4.799      0.000
    W8_PA$2            0.869      0.200      4.348      0.000
    W8_PA$3            1.492      0.245      6.095      0.000
    W4_FV$1            0.409      0.199      2.059      0.039
    W5_FV$1            1.014      0.199      5.091      0.000
    W6_FV$1            0.718      0.199      3.607      0.000
    W7_FV$1            0.209      0.185      1.128      0.259
    W8_FV$1            0.266      0.188      1.417      0.157

Categorical Latent Variables

 Means
    C#1                0.380      0.138      2.744      0.006
    C#2                1.146      0.112     10.202      0.000
    C#3                0.950      0.113      8.393      0.000
    C#4                1.103      0.113      9.719      0.000


RESULTS IN PROBABILITY SCALE

Latent Class 1

 W4_SMOKE
    Category 1         0.992      0.006    161.530      0.000
    Category 2         0.008      0.006      1.280      0.201
 W5_SMOKE
    Category 1         0.996      0.004    233.003      0.000
    Category 2         0.004      0.004      0.891      0.373
 W6_SMOKE
    Category 1         0.996      0.004    244.401      0.000
    Category 2         0.004      0.004      0.886      0.376
 W7_SMOKE
    Category 1         1.000      0.000      0.000      1.000
    Category 2         0.000      0.000      0.000      1.000
 W8_SMOKE
    Category 1         1.000      0.000      0.000      1.000
    Category 2         0.000      0.000      0.000      1.000
 W4_DRINK
    Category 1         0.025      0.012      2.037      0.042
    Category 2         0.149      0.032      4.741      0.000
    Category 3         0.686      0.035     19.432      0.000
    Category 4         0.139      0.031      4.527      0.000
 W5_DRINK
    Category 1         0.013      0.009      1.368      0.171
    Category 2         0.115      0.030      3.804      0.000
    Category 3         0.737      0.033     22.383      0.000
    Category 4         0.135      0.030      4.447      0.000
 W6_DRINK
    Category 1         0.027      0.013      2.097      0.036
    Category 2         0.174      0.039      4.439      0.000
    Category 3         0.677      0.037     18.218      0.000
    Category 4         0.121      0.029      4.201      0.000
 W7_DRINK
    Category 1         0.000      0.000      0.000      1.000
    Category 2         0.185      0.038      4.814      0.000
    Category 3         0.675      0.037     18.292      0.000
    Category 4         0.140      0.032      4.328      0.000
 W8_DRINK
    Category 1         0.020      0.010      1.935      0.053
    Category 2         0.177      0.034      5.165      0.000
    Category 3         0.697      0.035     19.817      0.000
    Category 4         0.107      0.027      3.997      0.000
 W4_PA
    Category 1         0.000      0.000      0.000      1.000
    Category 2         0.160      0.034      4.658      0.000
    Category 3         0.169      0.037      4.618      0.000
    Category 4         0.670      0.052     12.896      0.000
 W5_PA
    Category 1         0.000      0.000      0.000      1.000
    Category 2         0.076      0.033      2.270      0.023
    Category 3         0.241      0.042      5.710      0.000
    Category 4         0.684      0.057     11.966      0.000
 W6_PA
    Category 1         0.000      0.000      0.000      1.000
    Category 2         0.094      0.026      3.618      0.000
    Category 3         0.205      0.041      4.935      0.000
    Category 4         0.701      0.051     13.816      0.000
 W7_PA
    Category 1         0.000      0.000      0.000      1.000
    Category 2         0.135      0.030      4.505      0.000
    Category 3         0.184      0.038      4.856      0.000
    Category 4         0.681      0.044     15.415      0.000
 W8_PA
    Category 1         0.000      0.000      0.000      1.000
    Category 2         0.150      0.031      4.843      0.000
    Category 3         0.225      0.038      5.950      0.000
    Category 4         0.625      0.046     13.463      0.000
 W4_FV
    Category 1         0.285      0.044      6.411      0.000
    Category 2         0.715      0.044     16.101      0.000
 W5_FV
    Category 1         0.279      0.049      5.688      0.000
    Category 2         0.721      0.049     14.677      0.000
 W6_FV
    Category 1         0.262      0.050      5.294      0.000
    Category 2         0.738      0.050     14.879      0.000
 W7_FV
    Category 1         0.279      0.052      5.325      0.000
    Category 2         0.721      0.052     13.758      0.000
 W8_FV
    Category 1         0.228      0.046      5.010      0.000
    Category 2         0.772      0.046     16.965      0.000

Latent Class 2

 W4_SMOKE
    Category 1         0.986      0.007    145.754      0.000
    Category 2         0.014      0.007      2.122      0.034
 W5_SMOKE
    Category 1         0.992      0.007    144.863      0.000
    Category 2         0.008      0.007      1.154      0.248
 W6_SMOKE
    Category 1         0.993      0.007    151.899      0.000
    Category 2         0.007      0.007      1.142      0.254
 W7_SMOKE
    Category 1         0.997      0.003    370.053      0.000
    Category 2         0.003      0.003      0.999      0.318
 W8_SMOKE
    Category 1         0.984      0.008    120.786      0.000
    Category 2         0.016      0.008      1.942      0.052
 W4_DRINK
    Category 1         0.167      0.024      6.999      0.000
    Category 2         0.757      0.024     31.320      0.000
    Category 3         0.076      0.017      4.506      0.000
    Category 4         0.000      0.000      0.000      1.000
 W5_DRINK
    Category 1         0.206      0.025      8.138      0.000
    Category 2         0.700      0.025     27.555      0.000
    Category 3         0.094      0.019      5.032      0.000
    Category 4         0.000      0.000      0.000      1.000
 W6_DRINK
    Category 1         0.238      0.026      9.020      0.000
    Category 2         0.695      0.025     27.559      0.000
    Category 3         0.067      0.015      4.366      0.000
    Category 4         0.000      0.000      0.000      1.000
 W7_DRINK
    Category 1         0.248      0.029      8.691      0.000
    Category 2         0.681      0.027     25.586      0.000
    Category 3         0.071      0.015      4.652      0.000
    Category 4         0.000      0.000      0.000      1.000
 W8_DRINK
    Category 1         0.241      0.027      8.764      0.000
    Category 2         0.688      0.026     26.015      0.000
    Category 3         0.072      0.017      4.230      0.000
    Category 4         0.000      0.000      0.000      1.000
 W4_PA
    Category 1         0.002      0.002      0.999      0.318
    Category 2         0.228      0.026      8.643      0.000
    Category 3         0.254      0.022     11.293      0.000
    Category 4         0.516      0.030     16.935      0.000
 W5_PA
    Category 1         0.003      0.003      0.896      0.370
    Category 2         0.209      0.027      7.799      0.000
    Category 3         0.312      0.024     12.782      0.000
    Category 4         0.475      0.032     14.709      0.000
 W6_PA
    Category 1         0.004      0.005      0.847      0.397
    Category 2         0.214      0.029      7.380      0.000
    Category 3         0.255      0.022     11.368      0.000
    Category 4         0.527      0.035     14.984      0.000
 W7_PA
    Category 1         0.000      0.000      0.000      1.000
    Category 2         0.251      0.031      8.211      0.000
    Category 3         0.259      0.022     11.510      0.000
    Category 4         0.490      0.035     13.914      0.000
 W8_PA
    Category 1         0.003      0.004      0.955      0.339
    Category 2         0.325      0.029     11.122      0.000
    Category 3         0.231      0.022     10.627      0.000
    Category 4         0.441      0.033     13.348      0.000
 W4_FV
    Category 1         0.295      0.027     10.812      0.000
    Category 2         0.705      0.027     25.827      0.000
 W5_FV
    Category 1         0.292      0.030      9.902      0.000
    Category 2         0.708      0.030     23.979      0.000
 W6_FV
    Category 1         0.246      0.029      8.582      0.000
    Category 2         0.754      0.029     26.323      0.000
 W7_FV
    Category 1         0.239      0.027      8.915      0.000
    Category 2         0.761      0.027     28.440      0.000
 W8_FV
    Category 1         0.271      0.028      9.536      0.000
    Category 2         0.729      0.028     25.706      0.000

Latent Class 3

 W4_SMOKE
    Category 1         0.952      0.013     70.901      0.000
    Category 2         0.048      0.013      3.586      0.000
 W5_SMOKE
    Category 1         0.971      0.012     77.806      0.000
    Category 2         0.029      0.012      2.347      0.019
 W6_SMOKE
    Category 1         0.995      0.003    293.962      0.000
    Category 2         0.005      0.003      1.357      0.175
 W7_SMOKE
    Category 1         0.993      0.005    203.340      0.000
    Category 2         0.007      0.005      1.389      0.165
 W8_SMOKE
    Category 1         0.994      0.005    193.897      0.000
    Category 2         0.006      0.005      1.240      0.215
 W4_DRINK
    Category 1         0.008      0.005      1.391      0.164
    Category 2         0.184      0.027      6.731      0.000
    Category 3         0.700      0.028     24.856      0.000
    Category 4         0.108      0.021      5.114      0.000
 W5_DRINK
    Category 1         0.007      0.004      1.642      0.101
    Category 2         0.190      0.026      7.168      0.000
    Category 3         0.705      0.027     25.989      0.000
    Category 4         0.099      0.019      5.107      0.000
 W6_DRINK
    Category 1         0.030      0.011      2.647      0.008
    Category 2         0.176      0.028      6.316      0.000
    Category 3         0.689      0.029     24.095      0.000
    Category 4         0.105      0.020      5.224      0.000
 W7_DRINK
    Category 1         0.020      0.007      2.634      0.008
    Category 2         0.236      0.030      7.844      0.000
    Category 3         0.630      0.030     21.228      0.000
    Category 4         0.115      0.022      5.159      0.000
 W8_DRINK
    Category 1         0.020      0.009      2.338      0.019
    Category 2         0.267      0.031      8.667      0.000
    Category 3         0.631      0.031     20.481      0.000
    Category 4         0.082      0.017      4.701      0.000
 W4_PA
    Category 1         0.002      0.002      0.997      0.319
    Category 2         0.642      0.034     19.118      0.000
    Category 3         0.233      0.027      8.777      0.000
    Category 4         0.123      0.022      5.495      0.000
 W5_PA
    Category 1         0.013      0.007      1.895      0.058
    Category 2         0.686      0.034     20.269      0.000
    Category 3         0.229      0.030      7.523      0.000
    Category 4         0.071      0.016      4.415      0.000
 W6_PA
    Category 1         0.000      0.000      0.000      1.000
    Category 2         0.681      0.036     18.913      0.000
    Category 3         0.213      0.029      7.425      0.000
    Category 4         0.105      0.020      5.189      0.000
 W7_PA
    Category 1         0.002      0.002      0.997      0.319
    Category 2         0.687      0.039     17.597      0.000
    Category 3         0.252      0.029      8.839      0.000
    Category 4         0.059      0.022      2.611      0.009
 W8_PA
    Category 1         0.010      0.006      1.696      0.090
    Category 2         0.681      0.039     17.671      0.000
    Category 3         0.207      0.028      7.299      0.000
    Category 4         0.103      0.024      4.303      0.000
 W4_FV
    Category 1         0.479      0.033     14.621      0.000
    Category 2         0.521      0.033     15.934      0.000
 W5_FV
    Category 1         0.447      0.036     12.429      0.000
    Category 2         0.553      0.036     15.366      0.000
 W6_FV
    Category 1         0.426      0.038     11.326      0.000
    Category 2         0.574      0.038     15.271      0.000
 W7_FV
    Category 1         0.393      0.037     10.663      0.000
    Category 2         0.607      0.037     16.444      0.000
 W8_FV
    Category 1         0.447      0.034     13.015      0.000
    Category 2         0.553      0.034     16.109      0.000

Latent Class 4

 W4_SMOKE
    Category 1         0.980      0.010     93.518      0.000
    Category 2         0.020      0.010      1.956      0.050
 W5_SMOKE
    Category 1         0.979      0.013     74.735      0.000
    Category 2         0.021      0.013      1.584      0.113
 W6_SMOKE
    Category 1         0.988      0.007    140.240      0.000
    Category 2         0.012      0.007      1.691      0.091
 W7_SMOKE
    Category 1         0.993      0.005    200.102      0.000
    Category 2         0.007      0.005      1.328      0.184
 W8_SMOKE
    Category 1         0.997      0.003    292.827      0.000
    Category 2         0.003      0.003      0.889      0.374
 W4_DRINK
    Category 1         0.344      0.033     10.545      0.000
    Category 2         0.592      0.032     18.553      0.000
    Category 3         0.064      0.016      3.966      0.000
    Category 4         0.000      0.000      0.000      1.000
 W5_DRINK
    Category 1         0.392      0.036     11.026      0.000
    Category 2         0.580      0.034     16.932      0.000
    Category 3         0.024      0.011      2.068      0.039
    Category 4         0.004      0.004      0.959      0.338
 W6_DRINK
    Category 1         0.398      0.033     11.926      0.000
    Category 2         0.571      0.032     18.121      0.000
    Category 3         0.031      0.012      2.637      0.008
    Category 4         0.000      0.002      0.217      0.828
 W7_DRINK
    Category 1         0.402      0.036     11.219      0.000
    Category 2         0.581      0.034     17.003      0.000
    Category 3         0.017      0.009      1.964      0.050
    Category 4         0.000      0.000      0.000      1.000
 W8_DRINK
    Category 1         0.447      0.036     12.354      0.000
    Category 2         0.529      0.035     15.013      0.000
    Category 3         0.024      0.010      2.343      0.019
    Category 4         0.000      0.000      0.000      1.000
 W4_PA
    Category 1         0.003      0.002      1.295      0.195
    Category 2         0.794      0.031     25.625      0.000
    Category 3         0.136      0.024      5.742      0.000
    Category 4         0.067      0.018      3.625      0.000
 W5_PA
    Category 1         0.010      0.007      1.359      0.174
    Category 2         0.835      0.030     27.602      0.000
    Category 3         0.115      0.024      4.756      0.000
    Category 4         0.040      0.014      2.927      0.003
 W6_PA
    Category 1         0.011      0.006      1.753      0.080
    Category 2         0.889      0.027     33.323      0.000
    Category 3         0.081      0.021      3.785      0.000
    Category 4         0.018      0.011      1.594      0.111
 W7_PA
    Category 1         0.012      0.007      1.700      0.089
    Category 2         0.898      0.024     37.633      0.000
    Category 3         0.082      0.020      4.120      0.000
    Category 4         0.007      0.008      0.909      0.363
 W8_PA
    Category 1         0.014      0.006      2.178      0.029
    Category 2         0.866      0.025     33.947      0.000
    Category 3         0.085      0.019      4.434      0.000
    Category 4         0.036      0.013      2.708      0.007
 W4_FV
    Category 1         0.471      0.032     14.873      0.000
    Category 2         0.529      0.032     16.727      0.000
 W5_FV
    Category 1         0.465      0.035     13.294      0.000
    Category 2         0.535      0.035     15.320      0.000
 W6_FV
    Category 1         0.434      0.034     12.622      0.000
    Category 2         0.566      0.034     16.448      0.000
 W7_FV
    Category 1         0.415      0.033     12.427      0.000
    Category 2         0.585      0.033     17.551      0.000
 W8_FV
    Category 1         0.411      0.033     12.537      0.000
    Category 2         0.589      0.033     18.000      0.000

Latent Class 5

 W4_SMOKE
    Category 1         0.039      0.021      1.837      0.066
    Category 2         0.961      0.021     45.271      0.000
 W5_SMOKE
    Category 1         0.062      0.021      2.964      0.003
    Category 2         0.938      0.021     44.679      0.000
 W6_SMOKE
    Category 1         0.095      0.032      2.968      0.003
    Category 2         0.905      0.032     28.425      0.000
 W7_SMOKE
    Category 1         0.121      0.036      3.388      0.001
    Category 2         0.879      0.036     24.533      0.000
 W8_SMOKE
    Category 1         0.275      0.043      6.390      0.000
    Category 2         0.725      0.043     16.872      0.000
 W4_DRINK
    Category 1         0.270      0.046      5.821      0.000
    Category 2         0.457      0.050      9.127      0.000
    Category 3         0.233      0.043      5.375      0.000
    Category 4         0.040      0.022      1.858      0.063
 W5_DRINK
    Category 1         0.294      0.048      6.161      0.000
    Category 2         0.405      0.047      8.580      0.000
    Category 3         0.240      0.043      5.589      0.000
    Category 4         0.061      0.021      2.931      0.003
 W6_DRINK
    Category 1         0.368      0.051      7.155      0.000
    Category 2         0.336      0.046      7.320      0.000
    Category 3         0.227      0.042      5.424      0.000
    Category 4         0.069      0.024      2.844      0.004
 W7_DRINK
    Category 1         0.415      0.051      8.147      0.000
    Category 2         0.353      0.047      7.482      0.000
    Category 3         0.196      0.039      5.056      0.000
    Category 4         0.037      0.015      2.370      0.018
 W8_DRINK
    Category 1         0.358      0.050      7.137      0.000
    Category 2         0.366      0.047      7.744      0.000
    Category 3         0.184      0.038      4.771      0.000
    Category 4         0.093      0.029      3.251      0.001
 W4_PA
    Category 1         0.009      0.009      1.003      0.316
    Category 2         0.635      0.047     13.648      0.000
    Category 3         0.143      0.032      4.530      0.000
    Category 4         0.213      0.042      5.077      0.000
 W5_PA
    Category 1         0.009      0.009      1.007      0.314
    Category 2         0.645      0.046     14.083      0.000
    Category 3         0.176      0.034      5.114      0.000
    Category 4         0.170      0.036      4.753      0.000
 W6_PA
    Category 1         0.009      0.009      1.005      0.315
    Category 2         0.613      0.047     13.119      0.000
    Category 3         0.192      0.036      5.331      0.000
    Category 4         0.185      0.038      4.845      0.000
 W7_PA
    Category 1         0.004      0.004      0.999      0.318
    Category 2         0.633      0.047     13.367      0.000
    Category 3         0.162      0.034      4.782      0.000
    Category 4         0.201      0.039      5.121      0.000
 W8_PA
    Category 1         0.006      0.007      0.951      0.341
    Category 2         0.698      0.042     16.734      0.000
    Category 3         0.112      0.027      4.144      0.000
    Category 4         0.184      0.037      5.004      0.000
 W4_FV
    Category 1         0.601      0.048     12.611      0.000
    Category 2         0.399      0.048      8.377      0.000
 W5_FV
    Category 1         0.734      0.039     18.861      0.000
    Category 2         0.266      0.039      6.841      0.000
 W6_FV
    Category 1         0.672      0.044     15.327      0.000
    Category 2         0.328      0.044      7.477      0.000
 W7_FV
    Category 1         0.552      0.046     12.050      0.000
    Category 2         0.448      0.046      9.778      0.000
 W8_FV
    Category 1         0.566      0.046     12.284      0.000
    Category 2         0.434      0.046      9.417      0.000


LATENT CLASS ODDS RATIO RESULTS

                                                95% C.I.
                    Estimate       S.E.  Lower 2.5% Upper 2.5%

Latent Class 1 Compared to Latent Class 2

 W4_SMOKE
    Category > 1       0.544      0.506      0.088      3.364
 W5_SMOKE
    Category > 1       0.480      0.707      0.027      8.621
 W6_SMOKE
    Category > 1       0.482      0.721      0.026      9.030
 W7_SMOKE
    Category > 1       0.000      0.000      0.000      0.000
 W8_SMOKE
    Category > 1       0.000      0.000      0.000      0.000
 W4_DRINK
    Category > 1       7.703      4.153      2.677     22.162
    Category > 2      57.476     17.220     31.949    103.398
    Category > 3   *********      0.000  *********  *********
 W5_DRINK
    Category > 1      20.261     15.221      4.647     88.337
    Category > 2      66.378     22.052     34.613    127.296
    Category > 3   *********      0.000  *********  *********
 W6_DRINK
    Category > 1      11.088      5.713      4.039     30.437
    Category > 2      55.359     17.833     29.442    104.087
    Category > 3   *********      0.000  *********  *********
 W7_DRINK
    Category > 1   *********      0.000  *********  *********
    Category > 2      57.911     17.662     31.853    105.286
    Category > 3   *********      0.000  *********  *********
 W8_DRINK
    Category > 1      15.895      8.749      5.404     46.751
    Category > 2      53.198     16.303     29.177     96.996
    Category > 3   *********      0.000  *********  *********
 W4_PA
    Category > 1    5742.359      0.000   5742.358   5742.358
    Category > 2       1.563      0.487      0.849      2.877
    Category > 3       1.905      0.526      1.109      3.274
 W5_PA
    Category > 1    9513.083      0.000   9513.083   9513.083
    Category > 2       3.293      1.697      1.199      9.044
    Category > 3       2.386      0.731      1.308      4.351
 W6_PA
    Category > 1   14761.395      0.000  14761.394  14761.394
    Category > 2       2.691      0.962      1.335      5.424
    Category > 3       2.109      0.603      1.203      3.695
 W7_PA
    Category > 1       1.000      0.000      1.000      1.000
    Category > 2       2.144      0.666      1.166      3.939
    Category > 3       2.222      0.570      1.343      3.675
 W8_PA
    Category > 1   11068.011      0.000  11068.012  11068.012
    Category > 2       2.767      0.786      1.586      4.827
    Category > 3       2.114      0.526      1.298      3.443
 W4_FV
    Category > 1       1.051      0.283      0.620      1.783
 W5_FV
    Category > 1       1.066      0.326      0.585      1.941
 W6_FV
    Category > 1       0.916      0.297      0.485      1.730
 W7_FV
    Category > 1       0.810      0.263      0.429      1.529
 W8_FV
    Category > 1       1.256      0.403      0.670      2.355

Latent Class 1 Compared to Latent Class 3

 W4_SMOKE
    Category > 1       0.157      0.133      0.029      0.832
 W5_SMOKE
    Category > 1       0.127      0.155      0.012      1.397
 W6_SMOKE
    Category > 1       0.785      1.065      0.055     11.220
 W7_SMOKE
    Category > 1       0.000      0.000      0.000      0.000
 W8_SMOKE
    Category > 1       0.000      0.000      0.000      0.000
 W4_DRINK
    Category > 1       0.295      0.270      0.049      1.775
    Category > 2       1.116      0.347      0.607      2.051
    Category > 3       1.325      0.526      0.609      2.885
 W5_DRINK
    Category > 1       0.523      0.507      0.078      3.502
    Category > 2       1.672      0.603      0.824      3.390
    Category > 3       1.426      0.568      0.653      3.115
 W6_DRINK
    Category > 1       1.097      0.744      0.291      4.142
    Category > 2       1.029      0.345      0.534      1.985
    Category > 3       1.173      0.477      0.528      2.605
 W7_DRINK
    Category > 1   65121.566      0.000  65121.566  65121.566
    Category > 2       1.510      0.493      0.796      2.865
    Category > 3       1.261      0.518      0.564      2.821
 W8_DRINK
    Category > 1       1.023      0.759      0.239      4.376
    Category > 2       1.651      0.479      0.935      2.916
    Category > 3       1.345      0.568      0.588      3.075
 W4_PA
    Category > 1    7314.120      0.000   7314.120   7314.120
    Category > 2       9.475      2.654      5.472     16.406
    Category > 3      14.477      4.275      8.116     25.826
 W5_PA
    Category > 1   44282.980      0.000  44282.984  44282.984
    Category > 2      28.502     13.251     11.458     70.895
    Category > 3      28.120      9.583     14.419     54.840
 W6_PA
    Category > 1       1.000      0.000      1.000      1.000
    Category > 2      20.606      6.587     11.013     38.557
    Category > 3      19.922      5.823     11.233     35.331
 W7_PA
    Category > 1    7183.441      0.000   7183.440   7183.440
    Category > 2      14.154      4.635      7.450     26.892
    Category > 3      34.201     14.212     15.147     77.224
 W8_PA
    Category > 1   31494.938      0.000  31494.938  31494.938
    Category > 2      12.620      3.903      6.884     23.138
    Category > 3      14.571      4.612      7.836     27.096
 W4_FV
    Category > 1       2.304      0.663      1.311      4.050
 W5_FV
    Category > 1       2.087      0.697      1.085      4.017
 W6_FV
    Category > 1       2.084      0.737      1.042      4.167
 W7_FV
    Category > 1       1.675      0.607      0.824      3.407
 W8_FV
    Category > 1       2.736      0.914      1.421      5.266

Latent Class 1 Compared to Latent Class 4

 W4_SMOKE
    Category > 1       0.379      0.357      0.060      2.402
 W5_SMOKE
    Category > 1       0.180      0.233      0.014      2.259
 W6_SMOKE
    Category > 1       0.301      0.383      0.025      3.645
 W7_SMOKE
    Category > 1       0.000      0.000      0.000      0.000
 W8_SMOKE
    Category > 1       0.000      0.000      0.000      0.000
 W4_DRINK
    Category > 1      20.195     10.500      7.289     55.951
    Category > 2      69.556     25.784     33.635    143.840
    Category > 3   *********      0.000  *********  *********
 W5_DRINK
    Category > 1      50.391     37.953     11.514    220.529
    Category > 2     240.576    133.118     81.329    711.637
    Category > 3      37.452     40.665      4.459    314.561
 W6_DRINK
    Category > 1      23.449     11.932      8.649     63.574
    Category > 2     123.907     58.755     48.917    313.858
    Category > 3     368.584   1697.432      0.044  *********
 W7_DRINK
    Category > 1   *********      0.000  *********  *********
    Category > 2     256.966    152.751     80.145    823.900
    Category > 3   *********      0.000  *********  *********
 W8_DRINK
    Category > 1      40.525     22.202     13.848    118.594
    Category > 2     166.880     82.845     63.071    441.546
    Category > 3   *********      0.000  *********  *********
 W4_PA
    Category > 1    9962.069      0.000   9962.069   9962.069
    Category > 2      20.592      6.835     10.744     39.468
    Category > 3      28.380     10.974     13.301     60.555
 W5_PA
    Category > 1   31885.918      0.000  31885.918  31885.918
    Category > 2      66.407     35.271     23.447    188.074
    Category > 3      51.755     23.426     21.314    125.675
 W6_PA
    Category > 1   37118.531      0.000  37118.527  37118.527
    Category > 2      87.420     37.326     37.859    201.863
    Category > 3     125.768     87.232     32.298    489.743
 W7_PA
    Category > 1   39973.617      0.000  39973.617  39973.617
    Category > 2      65.001     24.727     30.840    137.004
    Category > 3     293.264    333.088     31.655   2716.864
 W8_PA
    Category > 1   45660.707      0.000  45660.707  45660.707
    Category > 2      41.278     13.652     21.588     78.929
    Category > 3      45.140     19.469     19.383    105.121
 W4_FV
    Category > 1       2.233      0.542      1.388      3.593
 W5_FV
    Category > 1       2.239      0.583      1.344      3.730
 W6_FV
    Category > 1       2.157      0.588      1.264      3.680
 W7_FV
    Category > 1       1.830      0.504      1.066      3.138
 W8_FV
    Category > 1       2.358      0.644      1.380      4.029

Latent Class 1 Compared to Latent Class 5

 W4_SMOKE
    Category > 1       0.000      0.000      0.000      0.002
 W5_SMOKE
    Category > 1       0.000      0.000      0.000      0.003
 W6_SMOKE
    Category > 1       0.000      0.000      0.000      0.004
 W7_SMOKE
    Category > 1       0.000      0.000      0.000      0.000
 W8_SMOKE
    Category > 1       0.000      0.000      0.000      0.000
 W4_DRINK
    Category > 1      14.224      7.909      4.783     42.297
    Category > 2      12.577      4.119      6.619     23.898
    Category > 3       3.844      2.338      1.167     12.661
 W5_DRINK
    Category > 1      32.417     25.165      7.079    148.444
    Category > 2      15.842      5.738      7.789     32.219
    Category > 3       2.390      1.065      0.998      5.725
 W6_DRINK
    Category > 1      20.673     11.095      7.220     59.189
    Category > 2       9.412      3.154      4.880     18.151
    Category > 3       1.848      0.847      0.753      4.536
 W7_DRINK
    Category > 1   *********      0.000  *********  *********
    Category > 2      14.576      5.030      7.412     28.666
    Category > 3       4.302      2.173      1.599     11.575
 W8_DRINK
    Category > 1      27.994     15.932      9.175     85.412
    Category > 2      10.740      3.408      5.766     20.004
    Category > 3       1.169      0.508      0.499      2.740
 W4_PA
    Category > 1   29110.393      0.000  29110.393  29110.393
    Category > 2       9.472      3.093      4.994     17.963
    Category > 3       7.522      2.598      3.822     14.801
 W5_PA
    Category > 1   30381.277      0.000  30381.277  30381.277
    Category > 2      23.144     12.032      8.354     64.117
    Category > 3      10.575      3.893      5.139     21.760
 W6_PA
    Category > 1   31186.904      0.000  31186.902  31186.902
    Category > 2      15.880      5.790      7.771     32.448
    Category > 3      10.310      3.641      5.160     20.599
 W7_PA
    Category > 1   13489.159      0.000  13489.159  13489.159
    Category > 2      11.223      3.679      5.903     21.337
    Category > 3       8.477      2.702      4.538     15.835
 W8_PA
    Category > 1   20395.645      0.000  20395.645  20395.645
    Category > 2      13.498      4.259      7.273     25.051
    Category > 3       7.420      2.346      3.992     13.789
 W4_FV
    Category > 1       3.781      1.115      2.121      6.739
 W5_FV
    Category > 1       7.114      2.241      3.836     13.191
 W6_FV
    Category > 1       5.761      1.866      3.053     10.870
 W7_FV
    Category > 1       3.184      1.018      1.702      5.959
 W8_FV
    Category > 1       4.417      1.413      2.360      8.267

Latent Class 2 Compared to Latent Class 3

 W4_SMOKE
    Category > 1       0.288      0.163      0.095      0.874
 W5_SMOKE
    Category > 1       0.264      0.261      0.038      1.831
 W6_SMOKE
    Category > 1       1.628      1.905      0.164     16.137
 W7_SMOKE
    Category > 1       0.395      0.489      0.035      4.477
 W8_SMOKE
    Category > 1       2.514      2.434      0.377     16.768
 W4_DRINK
    Category > 1       0.038      0.029      0.009      0.166
    Category > 2       0.019      0.006      0.011      0.035
    Category > 3       0.000      0.000      0.000      0.000
 W5_DRINK
    Category > 1       0.026      0.016      0.007      0.089
    Category > 2       0.025      0.007      0.015      0.043
    Category > 3       0.000      0.000      0.000      0.000
 W6_DRINK
    Category > 1       0.099      0.041      0.044      0.224
    Category > 2       0.019      0.006      0.010      0.034
    Category > 3       0.000      0.000      0.000      0.000
 W7_DRINK
    Category > 1       0.060      0.025      0.027      0.137
    Category > 2       0.026      0.007      0.015      0.046
    Category > 3       0.000      0.000      0.000      0.000
 W8_DRINK
    Category > 1       0.064      0.030      0.026      0.160
    Category > 2       0.031      0.009      0.017      0.056
    Category > 3       0.000      0.000      0.000      0.000
 W4_PA
    Category > 1       1.274      1.810      0.079     20.654
    Category > 2       6.062      1.263      4.030      9.120
    Category > 3       7.599      1.805      4.770     12.106
 W5_PA
    Category > 1       4.655      5.794      0.406     53.395
    Category > 2       8.656      1.974      5.536     13.534
    Category > 3      11.786      3.203      6.919     20.078
 W6_PA
    Category > 1       0.000      0.000      0.000      0.000
    Category > 2       7.657      1.816      4.811     12.187
    Category > 3       9.447      2.463      5.668     15.748
 W7_PA
    Category > 1    7183.441      0.000   7183.440   7183.440
    Category > 2       6.603      1.607      4.098     10.640
    Category > 3      15.394      6.686      6.571     36.065
 W8_PA
    Category > 1       2.846      3.433      0.267     30.286
    Category > 2       4.561      1.021      2.940      7.074
    Category > 3       6.894      2.012      3.890     12.216
 W4_FV
    Category > 1       2.192      0.406      1.525      3.151
 W5_FV
    Category > 1       1.959      0.389      1.327      2.891
 W6_FV
    Category > 1       2.275      0.488      1.493      3.465
 W7_FV
    Category > 1       2.069      0.430      1.377      3.108
 W8_FV
    Category > 1       2.178      0.430      1.479      3.208

Latent Class 2 Compared to Latent Class 4

 W4_SMOKE
    Category > 1       0.696      0.535      0.155      3.136
 W5_SMOKE
    Category > 1       0.376      0.450      0.036      3.917
 W6_SMOKE
    Category > 1       0.623      0.705      0.068      5.725
 W7_SMOKE
    Category > 1       0.407      0.523      0.033      5.061
 W8_SMOKE
    Category > 1       5.295      6.729      0.439     63.912
 W4_DRINK
    Category > 1       2.622      0.654      1.608      4.275
    Category > 2       1.210      0.463      0.572      2.561
    Category > 3       1.000      0.000      1.000      1.000
 W5_DRINK
    Category > 1       2.487      0.607      1.542      4.012
    Category > 2       3.624      1.879      1.312     10.014
    Category > 3       0.000      0.000      0.000      0.000
 W6_DRINK
    Category > 1       2.115      0.472      1.365      3.275
    Category > 2       2.238      1.090      0.862      5.814
    Category > 3       0.001      0.000      0.001      0.001
 W7_DRINK
    Category > 1       2.041      0.498      1.265      3.294
    Category > 2       4.437      2.613      1.399     14.073
    Category > 3       1.000      0.000      1.000      1.000
 W8_DRINK
    Category > 1       2.550      0.605      1.601      4.061
    Category > 2       3.137      1.670      1.105      8.907
    Category > 3       1.000      0.000      1.000      1.000
 W4_PA
    Category > 1       1.735      2.286      0.131     22.952
    Category > 2      13.176      2.790      8.700     19.954
    Category > 3      14.897      4.550      8.187     27.106
 W5_PA
    Category > 1       3.352      5.136      0.166     67.544
    Category > 2      20.168      4.846     12.593     32.299
    Category > 3      21.693      7.724     10.795     43.593
 W6_PA
    Category > 1       2.515      3.737      0.137     46.296
    Category > 2      32.485      9.353     18.476     57.116
    Category > 3      59.643     37.584     17.345    205.096
 W7_PA
    Category > 1   39973.617      0.000  39973.617  39973.617
    Category > 2      30.324      8.916     17.042     53.959
    Category > 3     131.999    143.660     15.637   1114.254
 W8_PA
    Category > 1       4.125      5.221      0.345     49.294
    Category > 2      14.918      3.637      9.251     24.056
    Category > 3      21.355      8.514      9.776     46.651
 W4_FV
    Category > 1       2.124      0.435      1.422      3.172
 W5_FV
    Category > 1       2.101      0.489      1.331      3.317
 W6_FV
    Category > 1       2.354      0.562      1.474      3.760
 W7_FV
    Category > 1       2.259      0.516      1.443      3.535
 W8_FV
    Category > 1       1.878      0.422      1.208      2.918

Latent Class 2 Compared to Latent Class 5

 W4_SMOKE
    Category > 1       0.001      0.000      0.000      0.002
 W5_SMOKE
    Category > 1       0.001      0.000      0.000      0.003
 W6_SMOKE
    Category > 1       0.001      0.001      0.000      0.005
 W7_SMOKE
    Category > 1       0.000      0.000      0.000      0.003
 W8_SMOKE
    Category > 1       0.006      0.003      0.002      0.018
 W4_DRINK
    Category > 1       1.847      0.544      1.037      3.289
    Category > 2       0.219      0.074      0.113      0.425
    Category > 3       0.000      0.000      0.000      0.000
 W5_DRINK
    Category > 1       1.600      0.450      0.922      2.777
    Category > 2       0.239      0.075      0.129      0.443
    Category > 3       0.000      0.000      0.000      0.000
 W6_DRINK
    Category > 1       1.864      0.500      1.102      3.155
    Category > 2       0.170      0.057      0.088      0.328
    Category > 3       0.000      0.000      0.000      0.000
 W7_DRINK
    Category > 1       2.154      0.565      1.289      3.600
    Category > 2       0.252      0.083      0.132      0.481
    Category > 3       0.000      0.000      0.000      0.000
 W8_DRINK
    Category > 1       1.761      0.476      1.037      2.990
    Category > 2       0.202      0.069      0.103      0.395
    Category > 3       0.000      0.000      0.000      0.000
 W4_PA
    Category > 1       5.069      7.202      0.313     82.069
    Category > 2       6.060      1.528      3.697      9.935
    Category > 3       3.948      1.104      2.283      6.829
 W5_PA
    Category > 1       3.194      4.803      0.168     60.873
    Category > 2       7.029      1.840      4.208     11.742
    Category > 3       4.432      1.267      2.531      7.762
 W6_PA
    Category > 1       2.113      3.277      0.101     44.164
    Category > 2       5.901      1.559      3.515      9.905
    Category > 3       4.889      1.429      2.757      8.670
 W7_PA
    Category > 1   13489.159      0.000  13489.159  13489.159
    Category > 2       5.236      1.382      3.121      8.784
    Category > 3       3.815      1.077      2.194      6.636
 W8_PA
    Category > 1       1.843      2.751      0.099     34.360
    Category > 2       4.878      1.180      3.036      7.839
    Category > 3       3.510      0.984      2.026      6.081
 W4_FV
    Category > 1       3.596      0.852      2.260      5.722
 W5_FV
    Category > 1       6.676      1.635      4.131     10.788
 W6_FV
    Category > 1       6.288      1.582      3.840     10.296
 W7_FV
    Category > 1       3.932      0.929      2.474      6.247
 W8_FV
    Category > 1       3.517      0.827      2.218      5.576

Latent Class 3 Compared to Latent Class 4

 W4_SMOKE
    Category > 1       2.418      1.465      0.737      7.931
 W5_SMOKE
    Category > 1       1.424      1.086      0.319      6.347
 W6_SMOKE
    Category > 1       0.383      0.368      0.058      2.516
 W7_SMOKE
    Category > 1       1.030      1.082      0.131      8.074
 W8_SMOKE
    Category > 1       2.106      2.927      0.138     32.087
 W4_DRINK
    Category > 1      68.391     50.570     16.054    291.347
    Category > 2      62.316     18.694     34.613    112.190
    Category > 3   *********      0.000  *********  *********
 W5_DRINK
    Category > 1      96.410     60.950     27.925    332.860
    Category > 2     143.917     66.696     58.027    356.942
    Category > 3      26.260     28.058      3.234    213.212
 W6_DRINK
    Category > 1      21.374      8.835      9.507     48.053
    Category > 2     120.381     49.045     54.170    267.519
    Category > 3     314.180   1450.514      0.037  *********
 W7_DRINK
    Category > 1      33.754     13.989     14.981     76.052
    Category > 2     170.146     87.966     61.765    468.709
    Category > 3   *********      0.000  *********  *********
 W8_DRINK
    Category > 1      39.621     18.129     16.160     97.142
    Category > 2     101.055     45.758     41.603    245.468
    Category > 3   *********      0.000  *********  *********
 W4_PA
    Category > 1       1.362      1.729      0.113     16.392
    Category > 2       2.173      0.536      1.340      3.525
    Category > 3       1.960      0.710      0.964      3.987
 W5_PA
    Category > 1       0.720      0.660      0.120      4.337
    Category > 2       2.330      0.661      1.336      4.062
    Category > 3       1.841      0.795      0.789      4.294
 W6_PA
    Category > 1   37118.531      0.000  37118.527  37118.527
    Category > 2       4.242      1.468      2.153      8.360
    Category > 3       6.313      4.340      1.641     24.289
 W7_PA
    Category > 1       5.565      6.507      0.562     55.060
    Category > 2       4.592      1.616      2.304      9.152
    Category > 3       8.575     10.311      0.812     90.528
 W8_PA
    Category > 1       1.450      1.098      0.329      6.396
    Category > 2       3.271      0.995      1.802      5.937
    Category > 3       3.098      1.483      1.212      7.919
 W4_FV
    Category > 1       0.969      0.185      0.666      1.410
 W5_FV
    Category > 1       1.073      0.236      0.697      1.652
 W6_FV
    Category > 1       1.035      0.232      0.667      1.606
 W7_FV
    Category > 1       1.092      0.244      0.705      1.692
 W8_FV
    Category > 1       0.862      0.181      0.571      1.301

Latent Class 3 Compared to Latent Class 5

 W4_SMOKE
    Category > 1       0.002      0.001      0.001      0.007
 W5_SMOKE
    Category > 1       0.002      0.001      0.001      0.006
 W6_SMOKE
    Category > 1       0.000      0.000      0.000      0.002
 W7_SMOKE
    Category > 1       0.001      0.001      0.000      0.005
 W8_SMOKE
    Category > 1       0.002      0.002      0.000      0.012
 W4_DRINK
    Category > 1      48.169     36.787     10.782    215.204
    Category > 2      11.267      3.361      6.279     20.218
    Category > 3       2.900      1.790      0.865      9.724
 W5_DRINK
    Category > 1      62.021     40.622     17.180    223.902
    Category > 2       9.477      2.683      5.441     16.508
    Category > 3       1.676      0.716      0.726      3.871
 W6_DRINK
    Category > 1      18.844      8.483      7.798     45.538
    Category > 2       9.144      2.669      5.160     16.204
    Category > 3       1.575      0.706      0.655      3.790
 W7_DRINK
    Category > 1      35.615     15.700     15.011     84.502
    Category > 2       9.651      2.776      5.493     16.959
    Category > 3       3.411      1.721      1.269      9.171
 W8_DRINK
    Category > 1      27.369     13.448     10.447     71.700
    Category > 2       6.504      1.821      3.757     11.259
    Category > 3       0.869      0.369      0.378      1.998
 W4_PA
    Category > 1       3.980      5.660      0.245     64.631
    Category > 2       1.000      0.251      0.611      1.636
    Category > 3       0.520      0.170      0.273      0.988
 W5_PA
    Category > 1       0.686      0.780      0.074      6.369
    Category > 2       0.812      0.213      0.486      1.356
    Category > 3       0.376      0.134      0.187      0.754
 W6_PA
    Category > 1   31186.904      0.000  31186.902  31186.902
    Category > 2       0.771      0.201      0.462      1.286
    Category > 3       0.518      0.173      0.269      0.997
 W7_PA
    Category > 1       1.878      2.669      0.116     30.460
    Category > 2       0.793      0.221      0.459      1.369
    Category > 3       0.248      0.120      0.096      0.638
 W8_PA
    Category > 1       0.648      0.796      0.058      7.211
    Category > 2       1.070      0.290      0.628      1.821
    Category > 3       0.509      0.183      0.252      1.029
 W4_FV
    Category > 1       1.641      0.394      1.024      2.628
 W5_FV
    Category > 1       3.408      0.841      2.101      5.528
 W6_FV
    Category > 1       2.764      0.701      1.681      4.544
 W7_FV
    Category > 1       1.901      0.461      1.181      3.059
 W8_FV
    Category > 1       1.615      0.378      1.020      2.556

Latent Class 4 Compared to Latent Class 5

 W4_SMOKE
    Category > 1       0.001      0.001      0.000      0.004
 W5_SMOKE
    Category > 1       0.001      0.001      0.000      0.006
 W6_SMOKE
    Category > 1       0.001      0.001      0.000      0.005
 W7_SMOKE
    Category > 1       0.001      0.001      0.000      0.004
 W8_SMOKE
    Category > 1       0.001      0.001      0.000      0.011
 W4_DRINK
    Category > 1       0.704      0.199      0.404      1.227
    Category > 2       0.181      0.066      0.088      0.371
    Category > 3       0.000      0.000      0.000      0.000
 W5_DRINK
    Category > 1       0.643      0.182      0.369      1.121
    Category > 2       0.066      0.034      0.024      0.179
    Category > 3       0.064      0.071      0.007      0.565
 W6_DRINK
    Category > 1       0.882      0.237      0.520      1.494
    Category > 2       0.076      0.035      0.031      0.186
    Category > 3       0.005      0.023      0.000     45.718
 W7_DRINK
    Category > 1       1.055      0.281      0.626      1.779
    Category > 2       0.057      0.033      0.018      0.175
    Category > 3       0.000      0.000      0.000      0.000
 W8_DRINK
    Category > 1       0.691      0.186      0.407      1.172
    Category > 2       0.064      0.032      0.024      0.170
    Category > 3       0.000      0.000      0.000      0.000
 W4_PA
    Category > 1       2.922      3.714      0.242     35.296
    Category > 2       0.460      0.129      0.265      0.798
    Category > 3       0.265      0.103      0.124      0.567
 W5_PA
    Category > 1       0.953      1.188      0.083     10.974
    Category > 2       0.349      0.106      0.192      0.633
    Category > 3       0.204      0.091      0.085      0.489
 W6_PA
    Category > 1       0.840      0.980      0.085      8.274
    Category > 2       0.182      0.064      0.091      0.363
    Category > 3       0.082      0.056      0.021      0.314
 W7_PA
    Category > 1       0.337      0.394      0.034      3.336
    Category > 2       0.173      0.061      0.086      0.345
    Category > 3       0.029      0.033      0.003      0.266
 W8_PA
    Category > 1       0.447      0.516      0.046      4.300
    Category > 2       0.327      0.101      0.179      0.598
    Category > 3       0.164      0.075      0.067      0.404
 W4_FV
    Category > 1       1.693      0.412      1.051      2.728
 W5_FV
    Category > 1       3.177      0.797      1.943      5.194
 W6_FV
    Category > 1       2.671      0.677      1.625      4.391
 W7_FV
    Category > 1       1.741      0.414      1.091      2.776
 W8_FV
    Category > 1       1.873      0.448      1.172      2.994


QUALITY OF NUMERICAL RESULTS

     Condition Number for the Information Matrix              0.297E-06
       (ratio of smallest to largest eigenvalue)


TECHNICAL 11 OUTPUT

     Random Starts Specifications for the k-1 Class Analysis Model
        Number of initial stage random starts                 500
        Number of final stage optimizations                   100



     VUONG-LO-MENDELL-RUBIN LIKELIHOOD RATIO TEST FOR 4 (H0) VERSUS 5 CLASSES

          H0 Loglikelihood Value                       -28099.252
          2 Times the Loglikelihood Difference            880.883
          Difference in the Number of Parameters               41
          Mean                                            291.409
          Standard Deviation                              333.778
          P-Value                                          0.0387

     LO-MENDELL-RUBIN ADJUSTED LRT TEST

          Value                                           878.114
          P-Value                                          0.0394


PLOT INFORMATION

The following plots are available:

  Histograms (sample values)
  Scatterplots (sample values)
  Sample proportions and estimated probabilities

     Beginning Time:  21:09:27
        Ending Time:  21:12:30
       Elapsed Time:  00:03:03



MUTHEN & MUTHEN
3463 Stoner Ave.
Los Angeles, CA  90066

Tel: (310) 391-9971
Fax: (310) 391-8971
Web: www.StatModel.com
Support: Support@StatModel.com

Copyright (c) 1998-2020 Muthen & Muthen
