Mplus VERSION 8.5 (Mac)
MUTHEN & MUTHEN
09/17/2022   9:12 PM

INPUT INSTRUCTIONS

  TITLE:
  C6_LCA_enumerate
  DATA:
  FILE = "./c_lca_enumerate.dat";

  VARIABLE:
  NAMES = idauniq W4_Smoke W5_Smoke W6_Smoke W7_Smoke W8_Smoke W4_Drink W5_Drink
       W6_Drink W7_Drink W8_Drink W4_PA W5_PA W6_PA W7_PA W8_PA W4_FV W5_FV W6_FV
       W7_FV W8_FV Weights Female Age Pat_Int Pat_Hig Self_Int Self_Hig Edu_Upp
       Edu_Ter Wealth_2 Wealth_3 Eye_4 Circul_4 Endocr_4 Muscul_4 Respir_4 Neopla_4
       Nervou_4 Mental_4 Multi_4 CMulti_4 Luncan_4 Multi Eye Circul Endocr Muscul
       Respir Neopla Nervou Mental CMulti Luncan;
   MISSING=.;
   CATEGORICAL = W4_Smoke,W5_Smoke,W6_Smoke,W7_Smoke,W8_Smoke,
  W4_Drink,W5_Drink,W6_Drink,W7_Drink,W8_Drink,
  W4_PA,W5_PA,W6_PA,W7_PA,W8_PA,W4_FV,W5_FV,W6_FV,
  W7_FV,W8_FV;
  USEVARIABLES = W4_Smoke,W5_Smoke,W6_Smoke,W7_Smoke,W8_Smoke,
  W4_Drink,W5_Drink,W6_Drink,W7_Drink,W8_Drink,
  W4_PA,W5_PA,W6_PA,W7_PA,W8_PA,W4_FV,W5_FV,W6_FV,
  W7_FV,W8_FV,Weights;
  USEOBSERVATIONS = Female NE -99 AND Age NE -99
    AND  Pat_Int NE -99 AND
  Pat_Hig NE -99 AND Self_Int NE -99 AND
  Self_Hig NE -99 AND Edu_Upp NE -99 AND
  Edu_Ter NE -99 AND
  Wealth_2 NE -99 AND Wealth_3 NE -99;
          WEIGHT        = Weights;
  MISSING ARE ALL (-99);
          classes = c(6);
  ANALYSIS:
  estimator = mlr;
      type = mixture;
      starts = 500 100;
      STITERATIONS=20;
  LRTSTARTS = 50 10 400 20;
  OUTPUT:
  TECH11 TECH14
  PLOT:
  type = plot3;
      series is W4_Smoke(2) W5_Smoke(3) W6_Smoke(4) W7_Smoke(5)
      W8_Smoke(6) W4_Drink(7) W5_Drink(8)
      W6_Drink(9) W7_Drink(10)
      W8_Drink(11) W4_PA(12) W5_PA(13)
      W6_PA(14) W7_PA(15) W8_PA(16)
      W4_FV(17) W5_FV(18) W6_FV(19)
      W7_FV(20) W8_FV(21);



*** WARNING
  One or more observations has a value of 0 for the WEIGHT variable.
*** WARNING in OUTPUT command
  TECH14 option is not available for TYPE=MIXTURE with weights.
  Request for TECH14 is ignored.
   2 WARNING(S) FOUND IN THE INPUT INSTRUCTIONS




C6_LCA_enumerate

SUMMARY OF ANALYSIS

Number of groups                                                 1
Number of observations                                        2284

Number of dependent variables                                   20
Number of independent variables                                  0
Number of continuous latent variables                            0
Number of categorical latent variables                           1

Observed dependent variables

  Binary and ordered categorical (ordinal)
   W4_SMOKE    W5_SMOKE    W6_SMOKE    W7_SMOKE    W8_SMOKE    W4_DRINK
   W5_DRINK    W6_DRINK    W7_DRINK    W8_DRINK    W4_PA       W5_PA
   W6_PA       W7_PA       W8_PA       W4_FV       W5_FV       W6_FV
   W7_FV       W8_FV

Categorical latent variables
   C

Variables with special functions

  Weight variable       WEIGHTS

Estimator                                                      MLR
Information matrix                                        OBSERVED
Optimization Specifications for the Quasi-Newton Algorithm for
Continuous Outcomes
  Maximum number of iterations                                 100
  Convergence criterion                                  0.100D-05
Optimization Specifications for the EM Algorithm
  Maximum number of iterations                                 500
  Convergence criteria
    Loglikelihood change                                 0.100D-06
    Relative loglikelihood change                        0.100D-06
    Derivative                                           0.100D-05
Optimization Specifications for the M step of the EM Algorithm for
Categorical Latent variables
  Number of M step iterations                                    1
  M step convergence criterion                           0.100D-05
  Basis for M step termination                           ITERATION
Optimization Specifications for the M step of the EM Algorithm for
Censored, Binary or Ordered Categorical (Ordinal), Unordered
Categorical (Nominal) and Count Outcomes
  Number of M step iterations                                    1
  M step convergence criterion                           0.100D-05
  Basis for M step termination                           ITERATION
  Maximum value for logit thresholds                            15
  Minimum value for logit thresholds                           -15
  Minimum expected cell size for chi-square              0.100D-01
Maximum number of iterations for H1                           2000
Convergence criterion for H1                             0.100D-03
Optimization algorithm                                         EMA
Random Starts Specifications
  Number of initial stage random starts                        500
  Number of final stage optimizations                          100
  Number of initial stage iterations                            20
  Initial stage convergence criterion                    0.100D+01
  Random starts scale                                    0.500D+01
  Random seed for generating random starts                       0
Link                                                         LOGIT

Input data file(s)
  ./c_lca_enumerate.dat
Input data format  FREE


SUMMARY OF DATA

     Number of missing data patterns           443
     Number of y missing data patterns           0
     Number of u missing data patterns         443


COVARIANCE COVERAGE OF DATA

Minimum covariance coverage value   0.100


     PROPORTION OF DATA PRESENT FOR U


           Covariance Coverage
              W4_SMOKE      W5_SMOKE      W6_SMOKE      W7_SMOKE      W8_SMOKE
              ________      ________      ________      ________      ________
 W4_SMOKE       0.950
 W5_SMOKE       0.576         0.582
 W6_SMOKE       0.591         0.581         0.597
 W7_SMOKE       0.600         0.581         0.595         0.607
 W8_SMOKE       0.604         0.579         0.592         0.602         0.613
 W4_DRINK       0.819         0.501         0.514         0.521         0.526
 W5_DRINK       0.840         0.515         0.528         0.535         0.539
 W6_DRINK       0.826         0.504         0.514         0.524         0.530
 W7_DRINK       0.817         0.503         0.515         0.523         0.529
 W8_DRINK       0.818         0.508         0.519         0.527         0.530
 W4_PA          0.867         0.529         0.542         0.552         0.556
 W5_PA          0.870         0.534         0.549         0.558         0.562
 W6_PA          0.882         0.539         0.553         0.562         0.567
 W7_PA          0.881         0.535         0.550         0.559         0.564
 W8_PA          0.885         0.539         0.553         0.562         0.569
 W4_FV          0.882         0.535         0.549         0.557         0.562
 W5_FV          0.909         0.553         0.567         0.576         0.581
 W6_FV          0.899         0.547         0.559         0.570         0.577
 W7_FV          0.896         0.549         0.562         0.571         0.577
 W8_FV          0.904         0.555         0.569         0.578         0.581


           Covariance Coverage
              W4_DRINK      W5_DRINK      W6_DRINK      W7_DRINK      W8_DRINK
              ________      ________      ________      ________      ________
 W4_DRINK       0.862
 W5_DRINK       0.803         0.884
 W6_DRINK       0.789         0.820         0.869
 W7_DRINK       0.778         0.811         0.807         0.860
 W8_DRINK       0.780         0.810         0.806         0.802         0.863
 W4_PA          0.788         0.810         0.798         0.791         0.791
 W5_PA          0.795         0.815         0.802         0.792         0.793
 W6_PA          0.808         0.821         0.809         0.802         0.803
 W7_PA          0.803         0.824         0.811         0.799         0.806
 W8_PA          0.807         0.826         0.813         0.806         0.807
 W4_FV          0.862         0.827         0.813         0.803         0.807
 W5_FV          0.831         0.883         0.839         0.829         0.829
 W6_FV          0.819         0.844         0.869         0.824         0.824
 W7_FV          0.813         0.838         0.829         0.858         0.819
 W8_FV          0.826         0.846         0.837         0.827         0.862


           Covariance Coverage
              W4_PA         W5_PA         W6_PA         W7_PA         W8_PA
              ________      ________      ________      ________      ________
 W4_PA          0.912
 W5_PA          0.850         0.917
 W6_PA          0.853         0.862         0.926
 W7_PA          0.855         0.859         0.872         0.928
 W8_PA          0.854         0.859         0.868         0.874         0.932
 W4_FV          0.847         0.854         0.866         0.861         0.866
 W5_FV          0.874         0.878         0.887         0.890         0.892
 W6_FV          0.863         0.866         0.876         0.878         0.882
 W7_FV          0.862         0.863         0.874         0.874         0.881
 W8_FV          0.873         0.876         0.887         0.888         0.890


           Covariance Coverage
              W4_FV         W5_FV         W6_FV         W7_FV         W8_FV
              ________      ________      ________      ________      ________
 W4_FV          0.929
 W5_FV          0.896         0.957
 W6_FV          0.880         0.912         0.945
 W7_FV          0.876         0.907         0.901         0.942
 W8_FV          0.890         0.915         0.908         0.904         0.954


UNIVARIATE PROPORTIONS AND COUNTS FOR CATEGORICAL VARIABLES

    W4_SMOKE
      Category 1    0.891         1925.844
      Category 2    0.109          234.748
    W5_SMOKE
      Category 1    0.851         1157.310
      Category 2    0.149          202.715
    W6_SMOKE
      Category 1    0.867         1208.814
      Category 2    0.133          184.995
    W7_SMOKE
      Category 1    0.876         1240.376
      Category 2    0.124          175.204
    W8_SMOKE
      Category 1    0.896         1283.430
      Category 2    0.104          149.367
    W4_DRINK
      Category 1    0.164          320.482
      Category 2    0.470          917.962
      Category 3    0.318          622.237
      Category 4    0.048           94.323
    W5_DRINK
      Category 1    0.186          374.445
      Category 2    0.442          890.564
      Category 3    0.323          650.148
      Category 4    0.049           97.802
    W6_DRINK
      Category 1    0.211          415.369
      Category 2    0.439          865.797
      Category 3    0.303          598.251
      Category 4    0.048           93.832
    W7_DRINK
      Category 1    0.212          412.957
      Category 2    0.453          882.714
      Category 3    0.285          556.053
      Category 4    0.050           97.302
    W8_DRINK
      Category 1    0.216          421.432
      Category 2    0.446          868.970
      Category 3    0.294          572.844
      Category 4    0.043           83.521
    W4_PA
      Category 1    0.003            5.262
      Category 2    0.497         1022.860
      Category 3    0.197          405.410
      Category 4    0.304          625.309
    W5_PA
      Category 1    0.007           15.191
      Category 2    0.505         1054.783
      Category 3    0.219          457.806
      Category 4    0.268          559.669
    W6_PA
      Category 1    0.005           10.634
      Category 2    0.518         1085.487
      Category 3    0.187          391.755
      Category 4    0.290          607.986
    W7_PA
      Category 1    0.004            8.452
      Category 2    0.539         1132.106
      Category 3    0.193          404.560
      Category 4    0.265          555.694
    W8_PA
      Category 1    0.007           15.509
      Category 2    0.559         1182.815
      Category 3    0.175          370.050
      Category 4    0.259          546.968
    W4_FV
      Category 1    0.410          864.415
      Category 2    0.590         1246.457
    W5_FV
      Category 1    0.412          901.271
      Category 2    0.588         1286.332
    W6_FV
      Category 1    0.376          809.996
      Category 2    0.624         1342.282
    W7_FV
      Category 1    0.355          761.184
      Category 2    0.645         1384.397
    W8_FV
      Category 1    0.369          802.729
      Category 2    0.631         1370.880


RANDOM STARTS RESULTS RANKED FROM THE BEST TO THE WORST LOGLIKELIHOOD VALUES

Final stage loglikelihood values at local maxima, seeds, and initial stage start numbers:

          -27288.912  903420           5
          -27288.912  618760           489
          -27288.912  514326           325
          -27288.912  751054           117
          -27288.912  345726           461
          -27288.912  791396           243
          -27288.912  372176           23
          -27288.912  966014           37
          -27288.912  345070           114
          -27288.912  303634           169
          -27288.912  476498           179
          -27288.912  714997           399
          -27288.912  783102           433
          -27289.342  751153           110
          -27289.342  297518           166
          -27289.342  972430           491
          -27289.342  957392           79
          -27290.637  765392           382
          -27294.336  860772           174
          -27294.336  70118            104
          -27294.336  146900           391
          -27340.881  948615           140
          -27341.805  278692           342
          -27344.269  136842           58
          -27344.269  584397           428

75 perturbed starting value run(s) did not converge or were rejected in the third stage.



THE BEST LOGLIKELIHOOD VALUE HAS BEEN REPLICATED.  RERUN WITH AT LEAST TWICE THE
RANDOM STARTS TO CHECK THAT THE BEST LOGLIKELIHOOD IS STILL OBTAINED AND REPLICATED.

     IN THE OPTIMIZATION, ONE OR MORE LOGIT THRESHOLDS APPROACHED EXTREME VALUES
     OF -15.000 AND 15.000 AND WERE FIXED TO STABILIZE MODEL ESTIMATION.  THESE
     VALUES IMPLY PROBABILITIES OF 0 AND 1.  IN THE MODEL RESULTS SECTION, THESE
     PARAMETERS HAVE 0 STANDARD ERRORS AND 999 IN THE Z-SCORE AND P-VALUE COLUMNS.




THE MODEL ESTIMATION TERMINATED NORMALLY

     THE CHI-SQUARE TEST CANNOT BE COMPUTED BECAUSE THE FREQUENCY TABLE FOR THE
     LATENT CLASS INDICATOR MODEL PART IS TOO LARGE.




MODEL FIT INFORMATION

Number of Free Parameters                      245

Loglikelihood

          H0 Value                      -27288.912
          H0 Scaling Correction Factor      1.4106
            for MLR

Information Criteria

          Akaike (AIC)                   55067.824
          Bayesian (BIC)                 56472.576
          Sample-Size Adjusted BIC       55694.168
            (n* = (n + 2) / 24)



FINAL CLASS COUNTS AND PROPORTIONS FOR THE LATENT CLASSES
BASED ON THE ESTIMATED MODEL

    Latent
   Classes

       1        388.73362          0.17020
       2        419.18518          0.18353
       3        552.08705          0.24172
       4        197.76294          0.08659
       5        303.73149          0.13298
       6        422.49973          0.18498


FINAL CLASS COUNTS AND PROPORTIONS FOR THE LATENT CLASSES
BASED ON ESTIMATED POSTERIOR PROBABILITIES

    Latent
   Classes

       1        388.73362          0.17020
       2        419.18518          0.18353
       3        552.08705          0.24172
       4        197.76294          0.08659
       5        303.73149          0.13298
       6        422.49973          0.18498


FINAL CLASS COUNTS AND PROPORTIONS FOR THE LATENT CLASSES
BASED ON THEIR MOST LIKELY LATENT CLASS MEMBERSHIP

Class Counts and Proportions

    Latent
   Classes

       1              381          0.16677
       2              406          0.17792
       3              585          0.25634
       4              192          0.08409
       5              291          0.12722
       6              429          0.18766


CLASSIFICATION QUALITY

     Entropy                         0.849


Average Latent Class Probabilities for Most Likely Latent Class Membership (Row)
by Latent Class (Column)

           1        2        3        4        5        6

    1   0.904    0.023    0.057    0.010    0.007    0.000
    2   0.021    0.902    0.043    0.001    0.012    0.022
    3   0.057    0.049    0.841    0.005    0.022    0.026
    4   0.003    0.000    0.001    0.986    0.008    0.003
    5   0.007    0.010    0.033    0.005    0.910    0.035
    6   0.001    0.029    0.026    0.000    0.041    0.904


Classification Probabilities for the Most Likely Latent Class Membership (Column)
by Latent Class (Row)

           1        2        3        4        5        6

    1   0.885    0.022    0.086    0.001    0.006    0.001
    2   0.021    0.875    0.068    0.000    0.007    0.029
    3   0.039    0.031    0.892    0.000    0.017    0.020
    4   0.019    0.002    0.014    0.958    0.007    0.001
    5   0.009    0.016    0.043    0.005    0.870    0.057
    6   0.000    0.021    0.036    0.001    0.024    0.917


Logits for the Classification Probabilities for the Most Likely Latent Class Membership (Column)
by Latent Class (Row)

              1        2        3        4        5        6

    1      7.205    3.489    4.870    0.639    2.143    0.000
    2     -0.353    3.393    0.845   -6.210   -1.471    0.000
    3      0.677    0.460    3.804   -4.476   -0.127    0.000
    4      3.225    0.839    2.899    7.134    2.178    0.000
    5     -1.893   -1.292   -0.282   -2.433    2.721    0.000
    6     -8.307   -3.782   -3.234   -6.640   -3.630    0.000


MODEL RESULTS

                                                    Two-Tailed
                    Estimate       S.E.  Est./S.E.    P-Value

Latent Class 1

 Thresholds
    W4_SMOKE$1         3.297      0.447      7.373      0.000
    W5_SMOKE$1         3.863      0.920      4.200      0.000
    W6_SMOKE$1         4.834      2.961      1.633      0.103
    W7_SMOKE$1         4.496      1.728      2.601      0.009
    W8_SMOKE$1         4.919      0.931      5.281      0.000
    W4_DRINK$1         0.354      0.214      1.657      0.098
    W4_DRINK$2         4.334      1.549      2.798      0.005
    W4_DRINK$3        15.000      0.000    999.000    999.000
    W5_DRINK$1         0.828      0.233      3.549      0.000
    W5_DRINK$2         4.919      1.608      3.060      0.002
    W5_DRINK$3        15.000      0.000    999.000    999.000
    W6_DRINK$1         0.710      0.228      3.112      0.002
    W6_DRINK$2        15.000      0.000    999.000    999.000
    W6_DRINK$3        15.000      0.000    999.000    999.000
    W7_DRINK$1         0.927      0.293      3.159      0.002
    W7_DRINK$2         6.000      1.435      4.180      0.000
    W7_DRINK$3        15.000      0.000    999.000    999.000
    W8_DRINK$1         1.079      0.284      3.799      0.000
    W8_DRINK$2         4.183      0.833      5.025      0.000
    W8_DRINK$3        15.000      0.000    999.000    999.000
    W4_PA$1           -6.129      1.642     -3.733      0.000
    W4_PA$2            1.086      0.248      4.378      0.000
    W4_PA$3            1.961      0.326      6.012      0.000
    W5_PA$1           -4.508      0.784     -5.748      0.000
    W5_PA$2            1.212      0.256      4.731      0.000
    W5_PA$3            2.459      0.347      7.082      0.000
    W6_PA$1          -15.000      0.000    999.000    999.000
    W6_PA$2            1.436      0.335      4.288      0.000
    W6_PA$3            2.147      0.415      5.168      0.000
    W7_PA$1           -3.929      0.597     -6.581      0.000
    W7_PA$2            1.571      0.274      5.742      0.000
    W7_PA$3            2.791      0.418      6.671      0.000
    W8_PA$1           -3.561      0.374     -9.517      0.000
    W8_PA$2            1.431      0.274      5.217      0.000
    W8_PA$3            2.392      0.350      6.829      0.000
    W4_FV$1            0.098      0.182      0.540      0.589
    W5_FV$1            0.144      0.213      0.677      0.498
    W6_FV$1           -0.087      0.203     -0.430      0.667
    W7_FV$1           -0.183      0.196     -0.934      0.350
    W8_FV$1           -0.274      0.207     -1.323      0.186

Latent Class 2

 Thresholds
    W4_SMOKE$1         4.288      0.594      7.215      0.000
    W5_SMOKE$1         5.687      1.586      3.586      0.000
    W6_SMOKE$1         4.642      0.932      4.979      0.000
    W7_SMOKE$1         5.521      1.011      5.461      0.000
    W8_SMOKE$1         3.736      0.552      6.766      0.000
    W4_DRINK$1        -1.664      0.283     -5.879      0.000
    W4_DRINK$2         2.161      0.431      5.009      0.000
    W4_DRINK$3        15.000      0.000    999.000    999.000
    W5_DRINK$1        -1.362      0.258     -5.284      0.000
    W5_DRINK$2         2.012      0.438      4.593      0.000
    W5_DRINK$3        15.000      0.000    999.000    999.000
    W6_DRINK$1        -1.198      0.237     -5.046      0.000
    W6_DRINK$2         2.292      0.395      5.800      0.000
    W6_DRINK$3        15.000      0.000    999.000    999.000
    W7_DRINK$1        -1.155      0.259     -4.456      0.000
    W7_DRINK$2         2.242      0.360      6.235      0.000
    W7_DRINK$3        15.000      0.000    999.000    999.000
    W8_DRINK$1        -1.118      0.221     -5.060      0.000
    W8_DRINK$2         2.204      0.485      4.544      0.000
    W8_DRINK$3        15.000      0.000    999.000    999.000
    W4_PA$1           -5.975      1.020     -5.858      0.000
    W4_PA$2           -1.843      0.252     -7.299      0.000
    W4_PA$3           -0.617      0.187     -3.292      0.001
    W5_PA$1          -15.000      0.000    999.000    999.000
    W5_PA$2           -2.282      0.346     -6.591      0.000
    W5_PA$3           -0.611      0.201     -3.042      0.002
    W6_PA$1           -5.004      1.031     -4.853      0.000
    W6_PA$2           -2.290      0.370     -6.187      0.000
    W6_PA$3           -0.892      0.261     -3.413      0.001
    W7_PA$1          -15.000      0.000    999.000    999.000
    W7_PA$2           -2.171      0.354     -6.142      0.000
    W7_PA$3           -0.740      0.268     -2.767      0.006
    W8_PA$1          -15.000      0.000    999.000    999.000
    W8_PA$2           -1.552      0.303     -5.127      0.000
    W8_PA$3           -0.505      0.237     -2.132      0.033
    W4_FV$1           -0.908      0.183     -4.954      0.000
    W5_FV$1           -0.881      0.205     -4.306      0.000
    W6_FV$1           -1.163      0.237     -4.911      0.000
    W7_FV$1           -1.203      0.216     -5.580      0.000
    W8_FV$1           -1.069      0.220     -4.859      0.000

Latent Class 3

 Thresholds
    W4_SMOKE$1         4.474      0.692      6.468      0.000
    W5_SMOKE$1         3.859      0.610      6.325      0.000
    W6_SMOKE$1         4.487      1.464      3.065      0.002
    W7_SMOKE$1         6.850     10.876      0.630      0.529
    W8_SMOKE$1        15.000      0.000    999.000    999.000
    W4_DRINK$1        -3.007      0.423     -7.116      0.000
    W4_DRINK$2         1.629      0.294      5.539      0.000
    W4_DRINK$3        15.000      0.000    999.000    999.000
    W5_DRINK$1        -3.149      0.806     -3.909      0.000
    W5_DRINK$2         1.644      0.293      5.612      0.000
    W5_DRINK$3         4.785      0.751      6.369      0.000
    W6_DRINK$1        -2.298      0.311     -7.391      0.000
    W6_DRINK$2         1.672      0.298      5.607      0.000
    W6_DRINK$3         5.972      1.032      5.790      0.000
    W7_DRINK$1        -2.455      0.300     -8.174      0.000
    W7_DRINK$2         2.245      0.322      6.976      0.000
    W7_DRINK$3        15.000      0.000    999.000    999.000
    W8_DRINK$1        -2.069      0.278     -7.444      0.000
    W8_DRINK$2         2.375      0.318      7.478      0.000
    W8_DRINK$3         6.692      1.804      3.710      0.000
    W4_PA$1           -6.268      1.211     -5.178      0.000
    W4_PA$2            0.596      0.191      3.115      0.002
    W4_PA$3            1.839      0.247      7.459      0.000
    W5_PA$1           -4.852      0.780     -6.218      0.000
    W5_PA$2            0.785      0.220      3.575      0.000
    W5_PA$3            2.217      0.350      6.335      0.000
    W6_PA$1           -4.360      0.525     -8.303      0.000
    W6_PA$2            1.083      0.232      4.666      0.000
    W6_PA$3            2.861      0.354      8.080      0.000
    W7_PA$1          -15.000      0.000    999.000    999.000
    W7_PA$2            1.204      0.259      4.652      0.000
    W7_PA$3            2.767      0.392      7.065      0.000
    W8_PA$1          -15.000      0.000    999.000    999.000
    W8_PA$2            1.301      0.202      6.427      0.000
    W8_PA$3            2.668      0.298      8.958      0.000
    W4_FV$1           -0.559      0.187     -2.989      0.003
    W5_FV$1           -0.789      0.237     -3.326      0.001
    W6_FV$1           -0.861      0.239     -3.608      0.000
    W7_FV$1           -0.905      0.222     -4.073      0.000
    W8_FV$1           -0.734      0.234     -3.140      0.002

Latent Class 4

 Thresholds
    W4_SMOKE$1        -3.533      0.533     -6.632      0.000
    W5_SMOKE$1        -2.826      0.386     -7.325      0.000
    W6_SMOKE$1        -2.492      0.411     -6.060      0.000
    W7_SMOKE$1        -2.131      0.362     -5.882      0.000
    W8_SMOKE$1        -0.997      0.218     -4.575      0.000
    W4_DRINK$1        -1.043      0.232     -4.502      0.000
    W4_DRINK$2         0.947      0.239      3.970      0.000
    W4_DRINK$3         3.157      0.551      5.729      0.000
    W5_DRINK$1        -0.945      0.219     -4.318      0.000
    W5_DRINK$2         0.835      0.221      3.782      0.000
    W5_DRINK$3         2.680      0.372      7.212      0.000
    W6_DRINK$1        -0.584      0.217     -2.686      0.007
    W6_DRINK$2         0.847      0.231      3.669      0.000
    W6_DRINK$3         2.585      0.368      7.023      0.000
    W7_DRINK$1        -0.385      0.207     -1.865      0.062
    W7_DRINK$2         1.196      0.239      5.008      0.000
    W7_DRINK$3         3.144      0.432      7.277      0.000
    W8_DRINK$1        -0.623      0.211     -2.956      0.003
    W8_DRINK$2         0.966      0.232      4.166      0.000
    W8_DRINK$3         2.259      0.336      6.732      0.000
    W4_PA$1           -4.682      1.005     -4.658      0.000
    W4_PA$2            0.601      0.205      2.929      0.003
    W4_PA$3            1.302      0.252      5.157      0.000
    W5_PA$1           -4.647      1.003     -4.632      0.000
    W5_PA$2            0.664      0.200      3.313      0.001
    W5_PA$3            1.602      0.249      6.421      0.000
    W6_PA$1           -4.628      1.004     -4.607      0.000
    W6_PA$2            0.491      0.197      2.496      0.013
    W6_PA$3            1.493      0.252      5.934      0.000
    W7_PA$1           -5.469      1.005     -5.444      0.000
    W7_PA$2            0.610      0.205      2.982      0.003
    W7_PA$3            1.421      0.250      5.676      0.000
    W8_PA$1          -15.000      0.000    999.000    999.000
    W8_PA$2            0.901      0.201      4.480      0.000
    W8_PA$3            1.539      0.248      6.214      0.000
    W4_FV$1            0.375      0.199      1.884      0.060
    W5_FV$1            0.979      0.198      4.945      0.000
    W6_FV$1            0.635      0.195      3.249      0.001
    W7_FV$1            0.137      0.187      0.734      0.463
    W8_FV$1            0.205      0.189      1.084      0.278

Latent Class 5

 Thresholds
    W4_SMOKE$1         2.629      0.331      7.941      0.000
    W5_SMOKE$1         2.896      0.446      6.489      0.000
    W6_SMOKE$1         5.051      1.091      4.628      0.000
    W7_SMOKE$1         4.830      1.034      4.670      0.000
    W8_SMOKE$1         4.132      0.738      5.598      0.000
    W4_DRINK$1        -3.650      0.686     -5.321      0.000
    W4_DRINK$2        -1.807      0.339     -5.331      0.000
    W4_DRINK$3         1.711      0.241      7.106      0.000
    W5_DRINK$1        -5.167      1.000     -5.164      0.000
    W5_DRINK$2        -1.772      0.306     -5.783      0.000
    W5_DRINK$3         1.922      0.272      7.072      0.000
    W6_DRINK$1        -3.559      0.608     -5.851      0.000
    W6_DRINK$2        -1.386      0.310     -4.478      0.000
    W6_DRINK$3         1.721      0.250      6.872      0.000
    W7_DRINK$1        -3.744      0.633     -5.911      0.000
    W7_DRINK$2        -1.265      0.296     -4.268      0.000
    W7_DRINK$3         1.902      0.273      6.970      0.000
    W8_DRINK$1        -4.771      0.855     -5.580      0.000
    W8_DRINK$2        -1.252      0.286     -4.372      0.000
    W8_DRINK$3         2.091      0.279      7.496      0.000
    W4_PA$1           -5.543      1.013     -5.474      0.000
    W4_PA$2            0.316      0.224      1.412      0.158
    W4_PA$3            1.423      0.280      5.083      0.000
    W5_PA$1           -5.340      1.016     -5.257      0.000
    W5_PA$2            0.336      0.240      1.398      0.162
    W5_PA$3            1.720      0.317      5.420      0.000
    W6_PA$1          -15.000      0.000    999.000    999.000
    W6_PA$2            0.332      0.243      1.364      0.172
    W6_PA$3            1.299      0.279      4.652      0.000
    W7_PA$1           -5.569      1.012     -5.501      0.000
    W7_PA$2            0.210      0.237      0.883      0.377
    W7_PA$3            1.421      0.310      4.582      0.000
    W8_PA$1           -4.484      0.848     -5.287      0.000
    W8_PA$2            0.317      0.231      1.373      0.170
    W8_PA$3            1.126      0.250      4.513      0.000
    W4_FV$1            0.678      0.166      4.093      0.000
    W5_FV$1            1.387      0.222      6.247      0.000
    W6_FV$1            1.525      0.297      5.135      0.000
    W7_FV$1            1.171      0.273      4.289      0.000
    W8_FV$1            1.095      0.217      5.054      0.000

Latent Class 6

 Thresholds
    W4_SMOKE$1         3.990      0.577      6.918      0.000
    W5_SMOKE$1         5.865      1.094      5.363      0.000
    W6_SMOKE$1         6.197      1.124      5.511      0.000
    W7_SMOKE$1         5.642      1.015      5.559      0.000
    W8_SMOKE$1         6.126      1.120      5.471      0.000
    W4_DRINK$1        -4.624      0.657     -7.038      0.000
    W4_DRINK$2        -1.790      0.236     -7.584      0.000
    W4_DRINK$3         1.958      0.197      9.916      0.000
    W5_DRINK$1        -4.742      0.730     -6.494      0.000
    W5_DRINK$2        -1.850      0.228     -8.120      0.000
    W5_DRINK$3         1.969      0.202      9.770      0.000
    W6_DRINK$1        -3.520      0.339    -10.376      0.000
    W6_DRINK$2        -1.576      0.218     -7.235      0.000
    W6_DRINK$3         2.139      0.212     10.070      0.000
    W7_DRINK$1        -5.294      0.816     -6.491      0.000
    W7_DRINK$2        -1.747      0.237     -7.372      0.000
    W7_DRINK$3         1.767      0.203      8.697      0.000
    W8_DRINK$1        -3.925      0.430     -9.136      0.000
    W8_DRINK$2        -1.512      0.188     -8.037      0.000
    W8_DRINK$3         2.240      0.236      9.504      0.000
    W4_PA$1          -15.000      0.000    999.000    999.000
    W4_PA$2           -0.625      0.166     -3.754      0.000
    W4_PA$3            0.266      0.172      1.548      0.122
    W5_PA$1           -4.473      0.708     -6.322      0.000
    W5_PA$2           -0.569      0.180     -3.164      0.002
    W5_PA$3            0.398      0.178      2.233      0.026
    W6_PA$1          -15.000      0.000    999.000    999.000
    W6_PA$2           -0.706      0.192     -3.681      0.000
    W6_PA$3            0.259      0.170      1.522      0.128
    W7_PA$1          -15.000      0.000    999.000    999.000
    W7_PA$2           -0.422      0.179     -2.361      0.018
    W7_PA$3            0.524      0.186      2.820      0.005
    W8_PA$1           -4.993      0.974     -5.127      0.000
    W8_PA$2           -0.488      0.171     -2.854      0.004
    W8_PA$3            0.624      0.173      3.604      0.000
    W4_FV$1           -1.260      0.159     -7.919      0.000
    W5_FV$1           -1.999      0.225     -8.896      0.000
    W6_FV$1           -2.351      0.259     -9.080      0.000
    W7_FV$1           -2.255      0.285     -7.912      0.000
    W8_FV$1           -1.955      0.233     -8.381      0.000

Categorical Latent Variables

 Means
    C#1               -0.083      0.131     -0.636      0.525
    C#2               -0.008      0.131     -0.060      0.952
    C#3                0.268      0.119      2.244      0.025
    C#4               -0.759      0.119     -6.360      0.000
    C#5               -0.330      0.134     -2.461      0.014


RESULTS IN PROBABILITY SCALE

Latent Class 1

 W4_SMOKE
    Category 1         0.964      0.015     62.699      0.000
    Category 2         0.036      0.015      2.319      0.020
 W5_SMOKE
    Category 1         0.979      0.019     52.860      0.000
    Category 2         0.021      0.019      1.110      0.267
 W6_SMOKE
    Category 1         0.992      0.023     42.784      0.000
    Category 2         0.008      0.023      0.340      0.734
 W7_SMOKE
    Category 1         0.989      0.019     52.466      0.000
    Category 2         0.011      0.019      0.585      0.559
 W8_SMOKE
    Category 1         0.993      0.007    148.011      0.000
    Category 2         0.007      0.007      1.081      0.280
 W4_DRINK
    Category 1         0.588      0.052     11.352      0.000
    Category 2         0.399      0.048      8.388      0.000
    Category 3         0.013      0.020      0.654      0.513
    Category 4         0.000      0.000      0.000      1.000
 W5_DRINK
    Category 1         0.696      0.049     14.095      0.000
    Category 2         0.297      0.045      6.585      0.000
    Category 3         0.007      0.012      0.627      0.531
    Category 4         0.000      0.000      0.000      1.000
 W6_DRINK
    Category 1         0.670      0.050     13.300      0.000
    Category 2         0.330      0.050      6.539      0.000
    Category 3         0.000      0.000      0.000      1.000
    Category 4         0.000      0.000      0.000      1.000
 W7_DRINK
    Category 1         0.716      0.060     12.019      0.000
    Category 2         0.281      0.059      4.769      0.000
    Category 3         0.002      0.004      0.698      0.485
    Category 4         0.000      0.000      0.000      1.000
 W8_DRINK
    Category 1         0.746      0.054     13.878      0.000
    Category 2         0.239      0.052      4.558      0.000
    Category 3         0.015      0.012      1.220      0.223
    Category 4         0.000      0.000      0.000      1.000
 W4_PA
    Category 1         0.002      0.004      0.610      0.542
    Category 2         0.746      0.047     15.941      0.000
    Category 3         0.129      0.028      4.587      0.000
    Category 4         0.123      0.035      3.498      0.000
 W5_PA
    Category 1         0.011      0.008      1.289      0.197
    Category 2         0.760      0.045     16.794      0.000
    Category 3         0.151      0.033      4.517      0.000
    Category 4         0.079      0.025      3.126      0.002
 W6_PA
    Category 1         0.000      0.000      0.000      1.000
    Category 2         0.808      0.052     15.540      0.000
    Category 3         0.088      0.026      3.340      0.001
    Category 4         0.105      0.039      2.689      0.007
 W7_PA
    Category 1         0.019      0.011      1.708      0.088
    Category 2         0.809      0.040     20.465      0.000
    Category 3         0.114      0.026      4.392      0.000
    Category 4         0.058      0.023      2.537      0.011
 W8_PA
    Category 1         0.028      0.010      2.749      0.006
    Category 2         0.779      0.044     17.768      0.000
    Category 3         0.109      0.026      4.129      0.000
    Category 4         0.084      0.027      3.116      0.002
 W4_FV
    Category 1         0.525      0.045     11.533      0.000
    Category 2         0.475      0.045     10.451      0.000
 W5_FV
    Category 1         0.536      0.053     10.131      0.000
    Category 2         0.464      0.053      8.773      0.000
 W6_FV
    Category 1         0.478      0.051      9.455      0.000
    Category 2         0.522      0.051     10.316      0.000
 W7_FV
    Category 1         0.454      0.049      9.364      0.000
    Category 2         0.546      0.049     11.243      0.000
 W8_FV
    Category 1         0.432      0.051      8.505      0.000
    Category 2         0.568      0.051     11.185      0.000

Latent Class 2

 W4_SMOKE
    Category 1         0.986      0.008    124.184      0.000
    Category 2         0.014      0.008      1.706      0.088
 W5_SMOKE
    Category 1         0.997      0.005    186.664      0.000
    Category 2         0.003      0.005      0.633      0.527
 W6_SMOKE
    Category 1         0.990      0.009    112.310      0.000
    Category 2         0.010      0.009      1.083      0.279
 W7_SMOKE
    Category 1         0.996      0.004    248.114      0.000
    Category 2         0.004      0.004      0.993      0.321
 W8_SMOKE
    Category 1         0.977      0.013     77.742      0.000
    Category 2         0.023      0.013      1.854      0.064
 W4_DRINK
    Category 1         0.159      0.038      4.202      0.000
    Category 2         0.737      0.041     18.113      0.000
    Category 3         0.103      0.040      2.585      0.010
    Category 4         0.000      0.000      0.000      1.000
 W5_DRINK
    Category 1         0.204      0.042      4.873      0.000
    Category 2         0.678      0.040     16.873      0.000
    Category 3         0.118      0.046      2.588      0.010
    Category 4         0.000      0.000      0.000      1.000
 W6_DRINK
    Category 1         0.232      0.042      5.484      0.000
    Category 2         0.676      0.037     18.084      0.000
    Category 3         0.092      0.033      2.787      0.005
    Category 4         0.000      0.000      0.000      1.000
 W7_DRINK
    Category 1         0.240      0.047      5.072      0.000
    Category 2         0.664      0.040     16.413      0.000
    Category 3         0.096      0.031      3.076      0.002
    Category 4         0.000      0.000      0.000      1.000
 W8_DRINK
    Category 1         0.246      0.041      6.003      0.000
    Category 2         0.654      0.040     16.513      0.000
    Category 3         0.099      0.043      2.289      0.022
    Category 4         0.000      0.000      0.000      1.000
 W4_PA
    Category 1         0.003      0.003      0.983      0.326
    Category 2         0.134      0.030      4.517      0.000
    Category 3         0.214      0.029      7.284      0.000
    Category 4         0.649      0.043     15.230      0.000
 W5_PA
    Category 1         0.000      0.000      0.000      1.000
    Category 2         0.093      0.029      3.184      0.001
    Category 3         0.259      0.033      7.969      0.000
    Category 4         0.648      0.046     14.155      0.000
 W6_PA
    Category 1         0.007      0.007      0.976      0.329
    Category 2         0.085      0.030      2.805      0.005
    Category 3         0.199      0.035      5.730      0.000
    Category 4         0.709      0.054     13.164      0.000
 W7_PA
    Category 1         0.000      0.000      0.000      1.000
    Category 2         0.102      0.032      3.151      0.002
    Category 3         0.221      0.038      5.799      0.000
    Category 4         0.677      0.058     11.575      0.000
 W8_PA
    Category 1         0.000      0.000      0.000      1.000
    Category 2         0.175      0.044      4.003      0.000
    Category 3         0.202      0.029      6.919      0.000
    Category 4         0.624      0.056     11.219      0.000
 W4_FV
    Category 1         0.287      0.038      7.653      0.000
    Category 2         0.713      0.038     18.980      0.000
 W5_FV
    Category 1         0.293      0.042      6.914      0.000
    Category 2         0.707      0.042     16.683      0.000
 W6_FV
    Category 1         0.238      0.043      5.540      0.000
    Category 2         0.762      0.043     17.731      0.000
 W7_FV
    Category 1         0.231      0.038      6.034      0.000
    Category 2         0.769      0.038     20.087      0.000
 W8_FV
    Category 1         0.256      0.042      6.103      0.000
    Category 2         0.744      0.042     17.781      0.000

Latent Class 3

 W4_SMOKE
    Category 1         0.989      0.008    128.264      0.000
    Category 2         0.011      0.008      1.462      0.144
 W5_SMOKE
    Category 1         0.979      0.012     79.334      0.000
    Category 2         0.021      0.012      1.674      0.094
 W6_SMOKE
    Category 1         0.989      0.016     61.357      0.000
    Category 2         0.011      0.016      0.691      0.490
 W7_SMOKE
    Category 1         0.999      0.011     86.871      0.000
    Category 2         0.001      0.011      0.092      0.927
 W8_SMOKE
    Category 1         1.000      0.000      0.000      1.000
    Category 2         0.000      0.000      0.000      1.000
 W4_DRINK
    Category 1         0.047      0.019      2.484      0.013
    Category 2         0.789      0.038     20.527      0.000
    Category 3         0.164      0.040      4.066      0.000
    Category 4         0.000      0.000      0.000      1.000
 W5_DRINK
    Category 1         0.041      0.032      1.295      0.195
    Category 2         0.797      0.034     23.447      0.000
    Category 3         0.154      0.038      4.028      0.000
    Category 4         0.008      0.006      1.342      0.180
 W6_DRINK
    Category 1         0.091      0.026      3.540      0.000
    Category 2         0.751      0.034     22.175      0.000
    Category 3         0.156      0.039      3.981      0.000
    Category 4         0.003      0.003      0.972      0.331
 W7_DRINK
    Category 1         0.079      0.022      3.615      0.000
    Category 2         0.825      0.031     26.441      0.000
    Category 3         0.096      0.028      3.437      0.001
    Category 4         0.000      0.000      0.000      1.000
 W8_DRINK
    Category 1         0.112      0.028      4.052      0.000
    Category 2         0.803      0.031     26.261      0.000
    Category 3         0.084      0.024      3.451      0.001
    Category 4         0.001      0.002      0.555      0.579
 W4_PA
    Category 1         0.002      0.002      0.828      0.408
    Category 2         0.643      0.044     14.643      0.000
    Category 3         0.218      0.028      7.657      0.000
    Category 4         0.137      0.029      4.701      0.000
 W5_PA
    Category 1         0.008      0.006      1.292      0.197
    Category 2         0.679      0.047     14.547      0.000
    Category 3         0.215      0.029      7.429      0.000
    Category 4         0.098      0.031      3.168      0.002
 W6_PA
    Category 1         0.013      0.007      1.929      0.054
    Category 2         0.735      0.044     16.635      0.000
    Category 3         0.199      0.035      5.760      0.000
    Category 4         0.054      0.018      2.986      0.003
 W7_PA
    Category 1         0.000      0.000      0.000      1.000
    Category 2         0.769      0.046     16.743      0.000
    Category 3         0.172      0.032      5.284      0.000
    Category 4         0.059      0.022      2.714      0.007
 W8_PA
    Category 1         0.000      0.000      0.000      1.000
    Category 2         0.786      0.034     23.084      0.000
    Category 3         0.149      0.025      5.926      0.000
    Category 4         0.065      0.018      3.591      0.000
 W4_FV
    Category 1         0.364      0.043      8.413      0.000
    Category 2         0.636      0.043     14.707      0.000
 W5_FV
    Category 1         0.312      0.051      6.133      0.000
    Category 2         0.688      0.051     13.496      0.000
 W6_FV
    Category 1         0.297      0.050      5.959      0.000
    Category 2         0.703      0.050     14.101      0.000
 W7_FV
    Category 1         0.288      0.046      6.325      0.000
    Category 2         0.712      0.046     15.628      0.000
 W8_FV
    Category 1         0.324      0.051      6.331      0.000
    Category 2         0.676      0.051     13.191      0.000

Latent Class 4

 W4_SMOKE
    Category 1         0.028      0.015      1.932      0.053
    Category 2         0.972      0.015     66.129      0.000
 W5_SMOKE
    Category 1         0.056      0.020      2.746      0.006
    Category 2         0.944      0.020     46.328      0.000
 W6_SMOKE
    Category 1         0.076      0.029      2.633      0.008
    Category 2         0.924      0.029     31.825      0.000
 W7_SMOKE
    Category 1         0.106      0.034      3.089      0.002
    Category 2         0.894      0.034     26.004      0.000
 W8_SMOKE
    Category 1         0.270      0.043      6.282      0.000
    Category 2         0.730      0.043     17.024      0.000
 W4_DRINK
    Category 1         0.260      0.045      5.834      0.000
    Category 2         0.460      0.051      9.016      0.000
    Category 3         0.239      0.045      5.290      0.000
    Category 4         0.041      0.022      1.892      0.058
 W5_DRINK
    Category 1         0.280      0.044      6.345      0.000
    Category 2         0.418      0.048      8.690      0.000
    Category 3         0.238      0.043      5.563      0.000
    Category 4         0.064      0.022      2.876      0.004
 W6_DRINK
    Category 1         0.358      0.050      7.162      0.000
    Category 2         0.342      0.047      7.270      0.000
    Category 3         0.230      0.045      5.166      0.000
    Category 4         0.070      0.024      2.921      0.003
 W7_DRINK
    Category 1         0.405      0.050      8.135      0.000
    Category 2         0.363      0.048      7.601      0.000
    Category 3         0.191      0.039      4.875      0.000
    Category 4         0.041      0.017      2.415      0.016
 W8_DRINK
    Category 1         0.349      0.048      7.296      0.000
    Category 2         0.375      0.048      7.836      0.000
    Category 3         0.181      0.040      4.579      0.000
    Category 4         0.095      0.029      3.292      0.001
 W4_PA
    Category 1         0.009      0.009      1.004      0.315
    Category 2         0.637      0.047     13.506      0.000
    Category 3         0.140      0.031      4.473      0.000
    Category 4         0.214      0.042      5.039      0.000
 W5_PA
    Category 1         0.010      0.009      1.006      0.314
    Category 2         0.651      0.045     14.383      0.000
    Category 3         0.172      0.035      4.968      0.000
    Category 4         0.168      0.035      4.816      0.000
 W6_PA
    Category 1         0.010      0.010      1.005      0.315
    Category 2         0.611      0.047     13.117      0.000
    Category 3         0.196      0.037      5.334      0.000
    Category 4         0.183      0.038      4.868      0.000
 W7_PA
    Category 1         0.004      0.004      1.000      0.318
    Category 2         0.644      0.047     13.767      0.000
    Category 3         0.157      0.033      4.702      0.000
    Category 4         0.194      0.039      4.958      0.000
 W8_PA
    Category 1         0.000      0.000      0.000      1.000
    Category 2         0.711      0.041     17.209      0.000
    Category 3         0.112      0.027      4.121      0.000
    Category 4         0.177      0.036      4.903      0.000
 W4_FV
    Category 1         0.593      0.048     12.334      0.000
    Category 2         0.407      0.048      8.477      0.000
 W5_FV
    Category 1         0.727      0.039     18.497      0.000
    Category 2         0.273      0.039      6.951      0.000
 W6_FV
    Category 1         0.654      0.044     14.772      0.000
    Category 2         0.346      0.044      7.829      0.000
 W7_FV
    Category 1         0.534      0.046     11.508      0.000
    Category 2         0.466      0.046     10.035      0.000
 W8_FV
    Category 1         0.551      0.047     11.784      0.000
    Category 2         0.449      0.047      9.600      0.000

Latent Class 5

 W4_SMOKE
    Category 1         0.933      0.021     44.874      0.000
    Category 2         0.067      0.021      3.239      0.001
 W5_SMOKE
    Category 1         0.948      0.022     42.798      0.000
    Category 2         0.052      0.022      2.364      0.018
 W6_SMOKE
    Category 1         0.994      0.007    143.984      0.000
    Category 2         0.006      0.007      0.922      0.356
 W7_SMOKE
    Category 1         0.992      0.008    122.015      0.000
    Category 2         0.008      0.008      0.975      0.330
 W8_SMOKE
    Category 1         0.984      0.011     85.784      0.000
    Category 2         0.016      0.011      1.376      0.169
 W4_DRINK
    Category 1         0.025      0.017      1.496      0.135
    Category 2         0.116      0.036      3.241      0.001
    Category 3         0.706      0.038     18.343      0.000
    Category 4         0.153      0.031      4.905      0.000
 W5_DRINK
    Category 1         0.006      0.006      1.005      0.315
    Category 2         0.140      0.038      3.673      0.000
    Category 3         0.727      0.036     20.224      0.000
    Category 4         0.128      0.030      4.218      0.000
 W6_DRINK
    Category 1         0.028      0.016      1.691      0.091
    Category 2         0.172      0.047      3.638      0.000
    Category 3         0.648      0.046     14.121      0.000
    Category 4         0.152      0.032      4.708      0.000
 W7_DRINK
    Category 1         0.023      0.014      1.616      0.106
    Category 2         0.197      0.047      4.170      0.000
    Category 3         0.650      0.043     15.064      0.000
    Category 4         0.130      0.031      4.210      0.000
 W8_DRINK
    Category 1         0.008      0.007      1.179      0.238
    Category 2         0.214      0.049      4.402      0.000
    Category 3         0.668      0.043     15.421      0.000
    Category 4         0.110      0.027      4.029      0.000
 W4_PA
    Category 1         0.004      0.004      0.991      0.322
    Category 2         0.575      0.055     10.514      0.000
    Category 3         0.227      0.036      6.306      0.000
    Category 4         0.194      0.044      4.431      0.000
 W5_PA
    Category 1         0.005      0.005      0.989      0.323
    Category 2         0.578      0.058      9.916      0.000
    Category 3         0.265      0.041      6.513      0.000
    Category 4         0.152      0.041      3.716      0.000
 W6_PA
    Category 1         0.000      0.000      0.000      1.000
    Category 2         0.582      0.059      9.839      0.000
    Category 3         0.203      0.032      6.317      0.000
    Category 4         0.214      0.047      4.557      0.000
 W7_PA
    Category 1         0.004      0.004      0.992      0.321
    Category 2         0.548      0.059      9.331      0.000
    Category 3         0.253      0.035      7.163      0.000
    Category 4         0.195      0.049      4.004      0.000
 W8_PA
    Category 1         0.011      0.009      1.192      0.233
    Category 2         0.567      0.055     10.268      0.000
    Category 3         0.177      0.033      5.345      0.000
    Category 4         0.245      0.046      5.305      0.000
 W4_FV
    Category 1         0.663      0.037     17.929      0.000
    Category 2         0.337      0.037      9.101      0.000
 W5_FV
    Category 1         0.800      0.036     22.530      0.000
    Category 2         0.200      0.036      5.631      0.000
 W6_FV
    Category 1         0.821      0.044     18.842      0.000
    Category 2         0.179      0.044      4.099      0.000
 W7_FV
    Category 1         0.763      0.049     15.478      0.000
    Category 2         0.237      0.049      4.799      0.000
 W8_FV
    Category 1         0.749      0.041     18.412      0.000
    Category 2         0.251      0.041      6.159      0.000

Latent Class 6

 W4_SMOKE
    Category 1         0.982      0.010     95.472      0.000
    Category 2         0.018      0.010      1.766      0.077
 W5_SMOKE
    Category 1         0.997      0.003    323.184      0.000
    Category 2         0.003      0.003      0.917      0.359
 W6_SMOKE
    Category 1         0.998      0.002    437.820      0.000
    Category 2         0.002      0.002      0.891      0.373
 W7_SMOKE
    Category 1         0.996      0.004    278.756      0.000
    Category 2         0.004      0.004      0.989      0.323
 W8_SMOKE
    Category 1         0.998      0.002    409.570      0.000
    Category 2         0.002      0.002      0.895      0.371
 W4_DRINK
    Category 1         0.010      0.006      1.537      0.124
    Category 2         0.133      0.028      4.705      0.000
    Category 3         0.733      0.029     25.164      0.000
    Category 4         0.124      0.021      5.779      0.000
 W5_DRINK
    Category 1         0.009      0.006      1.381      0.167
    Category 2         0.127      0.026      4.885      0.000
    Category 3         0.742      0.027     27.159      0.000
    Category 4         0.122      0.022      5.653      0.000
 W6_DRINK
    Category 1         0.029      0.009      3.035      0.002
    Category 2         0.143      0.030      4.704      0.000
    Category 3         0.723      0.030     24.418      0.000
    Category 4         0.105      0.020      5.261      0.000
 W7_DRINK
    Category 1         0.005      0.004      1.232      0.218
    Category 2         0.143      0.030      4.792      0.000
    Category 3         0.706      0.030     23.875      0.000
    Category 4         0.146      0.025      5.763      0.000
 W8_DRINK
    Category 1         0.019      0.008      2.374      0.018
    Category 2         0.161      0.027      6.084      0.000
    Category 3         0.723      0.028     25.462      0.000
    Category 4         0.096      0.020      4.695      0.000
 W4_PA
    Category 1         0.000      0.000      0.000      1.000
    Category 2         0.349      0.038      9.225      0.000
    Category 3         0.217      0.026      8.501      0.000
    Category 4         0.434      0.042     10.292      0.000
 W5_PA
    Category 1         0.011      0.008      1.429      0.153
    Category 2         0.350      0.041      8.628      0.000
    Category 3         0.237      0.026      8.978      0.000
    Category 4         0.402      0.043      9.384      0.000
 W6_PA
    Category 1         0.000      0.000      0.000      1.000
    Category 2         0.330      0.042      7.783      0.000
    Category 3         0.234      0.025      9.375      0.000
    Category 4         0.436      0.042     10.416      0.000
 W7_PA
    Category 1         0.000      0.000      0.000      1.000
    Category 2         0.396      0.043      9.264      0.000
    Category 3         0.232      0.027      8.719      0.000
    Category 4         0.372      0.043      8.578      0.000
 W8_PA
    Category 1         0.007      0.007      1.034      0.301
    Category 2         0.374      0.039      9.591      0.000
    Category 3         0.271      0.027      9.908      0.000
    Category 4         0.349      0.039      8.869      0.000
 W4_FV
    Category 1         0.221      0.027      8.071      0.000
    Category 2         0.779      0.027     28.444      0.000
 W5_FV
    Category 1         0.119      0.024      5.052      0.000
    Category 2         0.881      0.024     37.303      0.000
 W6_FV
    Category 1         0.087      0.021      4.231      0.000
    Category 2         0.913      0.021     44.392      0.000
 W7_FV
    Category 1         0.095      0.024      3.876      0.000
    Category 2         0.905      0.024     36.973      0.000
 W8_FV
    Category 1         0.124      0.025      4.894      0.000
    Category 2         0.876      0.025     34.568      0.000


LATENT CLASS ODDS RATIO RESULTS

                                                95% C.I.
                    Estimate       S.E.  Lower 2.5% Upper 2.5%

Latent Class 1 Compared to Latent Class 2

 W4_SMOKE
    Category > 1       2.693      2.002      0.627     11.562
 W5_SMOKE
    Category > 1       6.196     11.630      0.156    245.410
 W6_SMOKE
    Category > 1       0.825      2.597      0.002    394.014
 W7_SMOKE
    Category > 1       2.786      5.595      0.054    142.810
 W8_SMOKE
    Category > 1       0.306      0.334      0.036      2.588
 W4_DRINK
    Category > 1       0.133      0.055      0.059      0.298
    Category > 2       0.114      0.188      0.004      2.893
    Category > 3       1.000      0.000      1.000      1.000
 W5_DRINK
    Category > 1       0.112      0.045      0.051      0.245
    Category > 2       0.055      0.093      0.002      1.518
    Category > 3       1.000      0.000      1.000      1.000
 W6_DRINK
    Category > 1       0.148      0.056      0.071      0.310
    Category > 2       0.000      0.000      0.000      0.000
    Category > 3       1.000      0.000      1.000      1.000
 W7_DRINK
    Category > 1       0.125      0.056      0.052      0.299
    Category > 2       0.023      0.035      0.001      0.441
    Category > 3       1.000      0.000      1.000      1.000
 W8_DRINK
    Category > 1       0.111      0.043      0.052      0.238
    Category > 2       0.138      0.137      0.020      0.964
    Category > 3       1.000      0.000      1.000      1.000
 W4_PA
    Category > 1       1.167      2.350      0.023     60.466
    Category > 2       0.053      0.017      0.028      0.101
    Category > 3       0.076      0.028      0.037      0.156
 W5_PA
    Category > 1       0.000      0.000      0.000      0.000
    Category > 2       0.030      0.011      0.015      0.063
    Category > 3       0.046      0.017      0.023      0.095
 W6_PA
    Category > 1   21932.602      0.000  21932.604  21932.604
    Category > 2       0.024      0.011      0.009      0.061
    Category > 3       0.048      0.022      0.019      0.120
 W7_PA
    Category > 1       0.000      0.000      0.000      0.000
    Category > 2       0.024      0.009      0.011      0.050
    Category > 3       0.029      0.013      0.012      0.069
 W8_PA
    Category > 1       0.000      0.000      0.000      0.000
    Category > 2       0.051      0.020      0.024      0.108
    Category > 3       0.055      0.022      0.025      0.122
 W4_FV
    Category > 1       0.365      0.097      0.218      0.614
 W5_FV
    Category > 1       0.359      0.108      0.199      0.646
 W6_FV
    Category > 1       0.341      0.108      0.183      0.636
 W7_FV
    Category > 1       0.361      0.108      0.200      0.650
 W8_FV
    Category > 1       0.451      0.138      0.248      0.820

Latent Class 1 Compared to Latent Class 3

 W4_SMOKE
    Category > 1       3.244      2.785      0.603     17.456
 W5_SMOKE
    Category > 1       0.995      1.142      0.105      9.440
 W6_SMOKE
    Category > 1       0.707      3.024      0.000   3100.880
 W7_SMOKE
    Category > 1      10.523    130.815      0.000  *********
 W8_SMOKE
    Category > 1   23883.979      0.000  23883.980  23883.980
 W4_DRINK
    Category > 1       0.035      0.014      0.016      0.078
    Category > 2       0.067      0.112      0.002      1.800
    Category > 3       1.000      0.000      1.000      1.000
 W5_DRINK
    Category > 1       0.019      0.015      0.004      0.093
    Category > 2       0.038      0.064      0.001      1.052
    Category > 3       0.000      0.000      0.000      0.000
 W6_DRINK
    Category > 1       0.049      0.018      0.024      0.100
    Category > 2       0.000      0.000      0.000      0.000
    Category > 3       0.000      0.000      0.000      0.000
 W7_DRINK
    Category > 1       0.034      0.013      0.016      0.070
    Category > 2       0.023      0.035      0.001      0.430
    Category > 3       1.000      0.000      1.000      1.000
 W8_DRINK
    Category > 1       0.043      0.015      0.022      0.084
    Category > 2       0.164      0.150      0.027      0.985
    Category > 3       0.000      0.000      0.000      0.000
 W4_PA
    Category > 1       0.870      2.095      0.008     97.429
    Category > 2       0.612      0.208      0.315      1.191
    Category > 3       0.886      0.374      0.387      2.026
 W5_PA
    Category > 1       0.709      0.805      0.076      6.573
    Category > 2       0.653      0.239      0.318      1.338
    Category > 3       0.785      0.414      0.279      2.209
 W6_PA
    Category > 1   41765.656      0.000  41765.660  41765.660
    Category > 2       0.703      0.311      0.295      1.673
    Category > 3       2.043      1.170      0.665      6.279
 W7_PA
    Category > 1       0.000      0.000      0.000      0.000
    Category > 2       0.692      0.279      0.315      1.524
    Category > 3       0.976      0.584      0.302      3.153
 W8_PA
    Category > 1       0.000      0.000      0.000      0.000
    Category > 2       0.878      0.320      0.430      1.794
    Category > 3       1.317      0.642      0.507      3.424
 W4_FV
    Category > 1       0.518      0.156      0.287      0.935
 W5_FV
    Category > 1       0.393      0.152      0.185      0.839
 W6_FV
    Category > 1       0.461      0.172      0.222      0.959
 W7_FV
    Category > 1       0.486      0.170      0.245      0.963
 W8_FV
    Category > 1       0.631      0.241      0.299      1.332

Latent Class 1 Compared to Latent Class 4

 W4_SMOKE
    Category > 1       0.001      0.001      0.000      0.004
 W5_SMOKE
    Category > 1       0.001      0.001      0.000      0.008
 W6_SMOKE
    Category > 1       0.001      0.002      0.000      0.200
 W7_SMOKE
    Category > 1       0.001      0.002      0.000      0.037
 W8_SMOKE
    Category > 1       0.003      0.003      0.000      0.017
 W4_DRINK
    Category > 1       0.247      0.078      0.133      0.460
    Category > 2       0.034      0.053      0.002      0.732
    Category > 3       0.000      0.000      0.000      0.000
 W5_DRINK
    Category > 1       0.170      0.055      0.090      0.320
    Category > 2       0.017      0.027      0.001      0.407
    Category > 3       0.000      0.000      0.000      0.000
 W6_DRINK
    Category > 1       0.274      0.085      0.149      0.504
    Category > 2       0.000      0.000      0.000      0.000
    Category > 3       0.000      0.000      0.000      0.000
 W7_DRINK
    Category > 1       0.269      0.094      0.135      0.535
    Category > 2       0.008      0.012      0.000      0.142
    Category > 3       0.000      0.000      0.000      0.000
 W8_DRINK
    Category > 1       0.182      0.063      0.092      0.360
    Category > 2       0.040      0.035      0.007      0.218
    Category > 3       0.000      0.000      0.000      0.000
 W4_PA
    Category > 1       4.252      8.192      0.097    185.607
    Category > 2       0.615      0.202      0.323      1.171
    Category > 3       0.518      0.217      0.227      1.178
 W5_PA
    Category > 1       0.870      1.108      0.072     10.550
    Category > 2       0.578      0.192      0.302      1.107
    Category > 3       0.424      0.185      0.180      0.999
 W6_PA
    Category > 1   31958.648      0.000  31958.648  31958.648
    Category > 2       0.389      0.152      0.180      0.839
    Category > 3       0.520      0.256      0.198      1.365
 W7_PA
    Category > 1       0.214      0.251      0.022      2.121
    Category > 2       0.383      0.134      0.193      0.759
    Category > 3       0.254      0.126      0.096      0.670
 W8_PA
    Category > 1       0.000      0.000      0.000      0.000
    Category > 2       0.589      0.204      0.299      1.159
    Category > 3       0.426      0.186      0.181      1.003
 W4_FV
    Category > 1       1.319      0.367      0.764      2.276
 W5_FV
    Category > 1       2.304      0.689      1.282      4.142
 W6_FV
    Category > 1       2.059      0.602      1.161      3.651
 W7_FV
    Category > 1       1.377      0.386      0.795      2.385
 W8_FV
    Category > 1       1.614      0.466      0.916      2.844

Latent Class 1 Compared to Latent Class 5

 W4_SMOKE
    Category > 1       0.512      0.282      0.175      1.505
 W5_SMOKE
    Category > 1       0.380      0.378      0.054      2.663
 W6_SMOKE
    Category > 1       1.242      3.849      0.003    538.559
 W7_SMOKE
    Category > 1       1.396      2.769      0.029     68.112
 W8_SMOKE
    Category > 1       0.455      0.538      0.045      4.617
 W4_DRINK
    Category > 1       0.018      0.013      0.004      0.074
    Category > 2       0.002      0.004      0.000      0.052
    Category > 3       0.000      0.000      0.000      0.000
 W5_DRINK
    Category > 1       0.002      0.003      0.000      0.019
    Category > 2       0.001      0.002      0.000      0.032
    Category > 3       0.000      0.000      0.000      0.000
 W6_DRINK
    Category > 1       0.014      0.009      0.004      0.049
    Category > 2       0.000      0.000      0.000      0.000
    Category > 3       0.000      0.000      0.000      0.000
 W7_DRINK
    Category > 1       0.009      0.006      0.002      0.036
    Category > 2       0.001      0.001      0.000      0.013
    Category > 3       0.000      0.000      0.000      0.000
 W8_DRINK
    Category > 1       0.003      0.003      0.000      0.017
    Category > 2       0.004      0.004      0.001      0.025
    Category > 3       0.000      0.000      0.000      0.000
 W4_PA
    Category > 1       1.797      3.434      0.042     76.067
    Category > 2       0.463      0.158      0.237      0.904
    Category > 3       0.584      0.254      0.249      1.371
 W5_PA
    Category > 1       0.435      0.559      0.035      5.404
    Category > 2       0.417      0.149      0.206      0.841
    Category > 3       0.477      0.227      0.188      1.211
 W6_PA
    Category > 1       1.000      0.000      1.000      1.000
    Category > 2       0.332      0.139      0.145      0.756
    Category > 3       0.428      0.220      0.157      1.171
 W7_PA
    Category > 1       0.194      0.228      0.019      1.951
    Category > 2       0.256      0.094      0.125      0.526
    Category > 3       0.254      0.135      0.090      0.719
 W8_PA
    Category > 1       0.397      0.368      0.064      2.444
    Category > 2       0.328      0.120      0.160      0.674
    Category > 3       0.282      0.123      0.120      0.662
 W4_FV
    Category > 1       1.785      0.442      1.099      2.901
 W5_FV
    Category > 1       3.465      1.078      1.883      6.374
 W6_FV
    Category > 1       5.015      1.845      2.439     10.313
 W7_FV
    Category > 1       3.872      1.346      1.959      7.653
 W8_FV
    Category > 1       3.931      1.165      2.199      7.029

Latent Class 1 Compared to Latent Class 6

 W4_SMOKE
    Category > 1       2.000      1.464      0.476      8.396
 W5_SMOKE
    Category > 1       7.401     10.531      0.455    120.347
 W6_SMOKE
    Category > 1       3.910     12.309      0.008   1870.934
 W7_SMOKE
    Category > 1       3.143      6.277      0.063    157.471
 W8_SMOKE
    Category > 1       3.344      4.871      0.192     58.129
 W4_DRINK
    Category > 1       0.007      0.005      0.002      0.027
    Category > 2       0.002      0.003      0.000      0.048
    Category > 3       0.000      0.000      0.000      0.000
 W5_DRINK
    Category > 1       0.004      0.003      0.001      0.017
    Category > 2       0.001      0.002      0.000      0.028
    Category > 3       0.000      0.000      0.000      0.000
 W6_DRINK
    Category > 1       0.015      0.006      0.007      0.032
    Category > 2       0.000      0.000      0.000      0.000
    Category > 3       0.000      0.000      0.000      0.000
 W7_DRINK
    Category > 1       0.002      0.002      0.000      0.011
    Category > 2       0.000      0.001      0.000      0.008
    Category > 3       0.000      0.000      0.000      0.000
 W8_DRINK
    Category > 1       0.007      0.003      0.002      0.018
    Category > 2       0.003      0.003      0.001      0.018
    Category > 3       0.000      0.000      0.000      0.000
 W4_PA
    Category > 1       0.000      0.000      0.000      0.000
    Category > 2       0.181      0.058      0.097      0.338
    Category > 3       0.184      0.073      0.084      0.400
 W5_PA
    Category > 1       1.035      1.088      0.132      8.125
    Category > 2       0.168      0.056      0.088      0.324
    Category > 3       0.127      0.052      0.057      0.285
 W6_PA
    Category > 1       1.000      0.000      1.000      1.000
    Category > 2       0.117      0.049      0.052      0.264
    Category > 3       0.151      0.073      0.059      0.389
 W7_PA
    Category > 1       0.000      0.000      0.000      0.000
    Category > 2       0.136      0.048      0.069      0.271
    Category > 3       0.104      0.051      0.039      0.272
 W8_PA
    Category > 1       0.239      0.249      0.031      1.851
    Category > 2       0.147      0.051      0.075      0.289
    Category > 3       0.171      0.071      0.076      0.385
 W4_FV
    Category > 1       0.257      0.061      0.161      0.410
 W5_FV
    Category > 1       0.117      0.036      0.065      0.213
 W6_FV
    Category > 1       0.104      0.033      0.055      0.195
 W7_FV
    Category > 1       0.126      0.042      0.066      0.242
 W8_FV
    Category > 1       0.186      0.057      0.102      0.340

Latent Class 2 Compared to Latent Class 3

 W4_SMOKE
    Category > 1       1.205      1.182      0.176      8.244
 W5_SMOKE
    Category > 1       0.161      0.288      0.005      5.399
 W6_SMOKE
    Category > 1       0.856      1.464      0.030     24.392
 W7_SMOKE
    Category > 1       3.778     41.250      0.000  *********
 W8_SMOKE
    Category > 1   77964.023      0.000  77964.023  77964.023
 W4_DRINK
    Category > 1       0.261      0.148      0.086      0.791
    Category > 2       0.587      0.333      0.193      1.786
    Category > 3       1.000      0.000      1.000      1.000
 W5_DRINK
    Category > 1       0.167      0.150      0.029      0.968
    Category > 2       0.692      0.405      0.220      2.180
    Category > 3       0.000      0.000      0.000      0.000
 W6_DRINK
    Category > 1       0.333      0.140      0.146      0.758
    Category > 2       0.538      0.305      0.177      1.632
    Category > 3       0.000      0.000      0.000      0.000
 W7_DRINK
    Category > 1       0.273      0.121      0.114      0.651
    Category > 2       1.002      0.542      0.347      2.894
    Category > 3       1.000      0.000      1.000      1.000
 W8_DRINK
    Category > 1       0.387      0.155      0.176      0.849
    Category > 2       1.186      0.747      0.345      4.074
    Category > 3       0.000      0.000      0.000      0.000
 W4_PA
    Category > 1       0.746      1.172      0.034     16.234
    Category > 2      11.459      2.923      6.950     18.892
    Category > 3      11.654      2.820      7.253     18.725
 W5_PA
    Category > 1   25539.721      0.000  25539.723  25539.723
    Category > 2      21.473      7.386     10.942     42.139
    Category > 3      16.912      5.669      8.768     32.623
 W6_PA
    Category > 1       1.904      2.346      0.170     21.290
    Category > 2      29.171      9.414     15.498     54.910
    Category > 3      42.644     14.639     21.759     83.573
 W7_PA
    Category > 1       1.000      0.000      1.000      1.000
    Category > 2      29.223     10.381     14.566     58.630
    Category > 3      33.360     12.630     15.884     70.065
 W8_PA
    Category > 1       1.000      0.000      1.000      1.000
    Category > 2      17.348      4.865     10.012     30.059
    Category > 3      23.865      7.462     12.931     44.046
 W4_FV
    Category > 1       1.419      0.422      0.791      2.543
 W5_FV
    Category > 1       1.096      0.394      0.542      2.218
 W6_FV
    Category > 1       1.353      0.522      0.635      2.883
 W7_FV
    Category > 1       1.347      0.472      0.678      2.675
 W8_FV
    Category > 1       1.398      0.511      0.683      2.862

Latent Class 2 Compared to Latent Class 4

 W4_SMOKE
    Category > 1       0.000      0.000      0.000      0.002
 W5_SMOKE
    Category > 1       0.000      0.000      0.000      0.005
 W6_SMOKE
    Category > 1       0.001      0.001      0.000      0.006
 W7_SMOKE
    Category > 1       0.000      0.001      0.000      0.004
 W8_SMOKE
    Category > 1       0.009      0.005      0.003      0.028
 W4_DRINK
    Category > 1       1.860      0.682      0.907      3.816
    Category > 2       0.297      0.147      0.112      0.784
    Category > 3       0.000      0.000      0.000      0.000
 W5_DRINK
    Category > 1       1.518      0.512      0.784      2.939
    Category > 2       0.308      0.152      0.117      0.812
    Category > 3       0.000      0.000      0.000      0.000
 W6_DRINK
    Category > 1       1.847      0.601      0.976      3.495
    Category > 2       0.236      0.108      0.096      0.581
    Category > 3       0.000      0.000      0.000      0.000
 W7_DRINK
    Category > 1       2.160      0.722      1.122      4.159
    Category > 2       0.351      0.152      0.150      0.820
    Category > 3       0.000      0.000      0.000      0.000
 W8_DRINK
    Category > 1       1.642      0.506      0.898      3.003
    Category > 2       0.290      0.156      0.101      0.834
    Category > 3       0.000      0.000      0.000      0.000
 W4_PA
    Category > 1       3.645      5.219      0.220     60.330
    Category > 2      11.517      3.784      6.049     21.929
    Category > 3       6.811      2.158      3.661     12.672
 W5_PA
    Category > 1   31358.240      0.000  31358.240  31358.240
    Category > 2      19.015      7.699      8.599     42.048
    Category > 3       9.140      2.952      4.853     17.215
 W6_PA
    Category > 1       1.457      2.095      0.087     24.394
    Category > 2      16.126      6.787      7.068     36.794
    Category > 3      10.858      3.970      5.303     22.231
 W7_PA
    Category > 1   13776.818      0.000  13776.818  13776.818
    Category > 2      16.147      6.683      7.174     36.343
    Category > 3       8.684      3.211      4.207     17.925
 W8_PA
    Category > 1       1.000      0.000      1.000      1.000
    Category > 2      11.631      4.276      5.658     23.909
    Category > 3       7.723      2.676      3.917     15.230
 W4_FV
    Category > 1       3.609      0.971      2.129      6.116
 W5_FV
    Category > 1       6.421      1.819      3.685     11.188
 W6_FV
    Category > 1       6.039      1.842      3.322     10.980
 W7_FV
    Category > 1       3.817      1.078      2.194      6.641
 W8_FV
    Category > 1       3.576      1.029      2.035      6.286

Latent Class 2 Compared to Latent Class 5

 W4_SMOKE
    Category > 1       0.190      0.129      0.050      0.721
 W5_SMOKE
    Category > 1       0.061      0.103      0.002      1.626
 W6_SMOKE
    Category > 1       1.506      2.350      0.071     32.072
 W7_SMOKE
    Category > 1       0.501      0.726      0.029      8.590
 W8_SMOKE
    Category > 1       1.486      1.396      0.236      9.372
 W4_DRINK
    Category > 1       0.137      0.103      0.032      0.596
    Category > 2       0.019      0.010      0.007      0.053
    Category > 3       0.000      0.000      0.000      0.000
 W5_DRINK
    Category > 1       0.022      0.023      0.003      0.169
    Category > 2       0.023      0.012      0.008      0.065
    Category > 3       0.000      0.000      0.000      0.000
 W6_DRINK
    Category > 1       0.094      0.061      0.026      0.336
    Category > 2       0.025      0.012      0.010      0.064
    Category > 3       0.000      0.000      0.000      0.000
 W7_DRINK
    Category > 1       0.075      0.052      0.019      0.293
    Category > 2       0.030      0.014      0.012      0.073
    Category > 3       0.000      0.000      0.000      0.000
 W8_DRINK
    Category > 1       0.026      0.023      0.004      0.151
    Category > 2       0.032      0.018      0.010      0.095
    Category > 3       0.000      0.000      0.000      0.000
 W4_PA
    Category > 1       1.540      2.220      0.091     25.976
    Category > 2       8.667      3.256      4.150     18.101
    Category > 3       7.690      2.827      3.742     15.806
 W5_PA
    Category > 1   15673.417      0.000  15673.417  15673.417
    Category > 2      13.706      6.281      5.583     33.648
    Category > 3      10.284      4.099      4.708     22.462
 W6_PA
    Category > 1       0.000      0.000      0.000      0.000
    Category > 2      13.759      6.665      5.324     35.556
    Category > 3       8.945      3.851      3.847     20.797
 W7_PA
    Category > 1   12471.889      0.000  12471.890  12471.890
    Category > 2      10.814      5.109      4.283     27.300
    Category > 3       8.680      4.038      3.488     21.602
 W8_PA
    Category > 1   36885.734      0.000  36885.734  36885.734
    Category > 2       6.482      2.769      2.806     14.974
    Category > 3       5.111      1.967      2.403     10.869
 W4_FV
    Category > 1       4.886      1.224      2.990      7.983
 W5_FV
    Category > 1       9.654      3.145      5.098     18.283
 W6_FV
    Category > 1      14.712      6.062      6.560     32.994
 W7_FV
    Category > 1      10.735      4.041      5.133     22.451
 W8_FV
    Category > 1       8.710      2.947      4.488     16.905

Latent Class 2 Compared to Latent Class 6

 W4_SMOKE
    Category > 1       0.743      0.620      0.145      3.816
 W5_SMOKE
    Category > 1       1.195      2.374      0.024     58.750
 W6_SMOKE
    Category > 1       4.738      7.154      0.246     91.402
 W7_SMOKE
    Category > 1       1.128      1.619      0.068     18.787
 W8_SMOKE
    Category > 1      10.914     13.923      0.896    133.014
 W4_DRINK
    Category > 1       0.052      0.037      0.013      0.207
    Category > 2       0.019      0.008      0.009      0.043
    Category > 3       0.000      0.000      0.000      0.000
 W5_DRINK
    Category > 1       0.034      0.026      0.007      0.156
    Category > 2       0.021      0.009      0.009      0.050
    Category > 3       0.000      0.000      0.000      0.000
 W6_DRINK
    Category > 1       0.098      0.041      0.043      0.223
    Category > 2       0.021      0.008      0.010      0.044
    Category > 3       0.000      0.000      0.000      0.000
 W7_DRINK
    Category > 1       0.016      0.014      0.003      0.087
    Category > 2       0.019      0.006      0.009      0.037
    Category > 3       0.000      0.000      0.000      0.000
 W8_DRINK
    Category > 1       0.060      0.028      0.024      0.151
    Category > 2       0.024      0.012      0.009      0.064
    Category > 3       0.000      0.000      0.000      0.000
 W4_PA
    Category > 1       0.000      0.000      0.000      0.000
    Category > 2       3.381      1.129      1.758      6.505
    Category > 3       2.416      0.687      1.384      4.220
 W5_PA
    Category > 1   37302.562      0.000  37302.562  37302.562
    Category > 2       5.544      2.370      2.399     12.814
    Category > 3       2.741      0.841      1.502      5.003
 W6_PA
    Category > 1       0.000      0.000      0.000      0.000
    Category > 2       4.872      2.184      2.023     11.730
    Category > 3       3.161      1.071      1.627      6.141
 W7_PA
    Category > 1       1.000      0.000      1.000      1.000
    Category > 2       5.750      2.479      2.470     13.387
    Category > 3       3.539      1.314      1.709      7.326
 W8_PA
    Category > 1   22178.188      0.000  22178.189  22178.189
    Category > 2       2.898      1.093      1.384      6.068
    Category > 3       3.092      1.001      1.639      5.834
 W4_FV
    Category > 1       0.704      0.179      0.427      1.160
 W5_FV
    Category > 1       0.327      0.104      0.175      0.609
 W6_FV
    Category > 1       0.305      0.110      0.150      0.619
 W7_FV
    Category > 1       0.349      0.124      0.174      0.701
 W8_FV
    Category > 1       0.412      0.138      0.215      0.793

Latent Class 3 Compared to Latent Class 4

 W4_SMOKE
    Category > 1       0.000      0.000      0.000      0.002
 W5_SMOKE
    Category > 1       0.001      0.001      0.000      0.005
 W6_SMOKE
    Category > 1       0.001      0.001      0.000      0.020
 W7_SMOKE
    Category > 1       0.000      0.001      0.000  *********
 W8_SMOKE
    Category > 1       0.000      0.000      0.000      0.000
 W4_DRINK
    Category > 1       7.122      3.443      2.762     18.368
    Category > 2       0.506      0.192      0.240      1.064
    Category > 3       0.000      0.000      0.000      0.000
 W5_DRINK
    Category > 1       9.062      7.523      1.781     46.121
    Category > 2       0.446      0.162      0.218      0.909
    Category > 3       0.122      0.102      0.024      0.627
 W6_DRINK
    Category > 1       5.549      2.069      2.672     11.524
    Category > 2       0.438      0.164      0.211      0.912
    Category > 3       0.034      0.038      0.004      0.301
 W7_DRINK
    Category > 1       7.925      2.886      3.882     16.178
    Category > 2       0.350      0.140      0.160      0.766
    Category > 3       0.000      0.000      0.000      0.000
 W8_DRINK
    Category > 1       4.247      1.484      2.142      8.423
    Category > 2       0.244      0.095      0.114      0.525
    Category > 3       0.012      0.022      0.000      0.431
 W4_PA
    Category > 1       4.886      7.698      0.223    107.163
    Category > 2       1.005      0.284      0.578      1.748
    Category > 3       0.584      0.207      0.291      1.172
 W5_PA
    Category > 1       1.228      1.560      0.102     14.809
    Category > 2       0.885      0.265      0.493      1.592
    Category > 3       0.540      0.233      0.232      1.259
 W6_PA
    Category > 1       0.765      0.873      0.082      7.165
    Category > 2       0.553      0.169      0.304      1.007
    Category > 3       0.255      0.111      0.108      0.599
 W7_PA
    Category > 1   13776.818      0.000  13776.818  13776.818
    Category > 2       0.553      0.183      0.289      1.056
    Category > 3       0.260      0.122      0.104      0.650
 W8_PA
    Category > 1       1.000      0.000      1.000      1.000
    Category > 2       0.670      0.193      0.381      1.178
    Category > 3       0.324      0.126      0.151      0.694
 W4_FV
    Category > 1       2.544      0.692      1.493      4.335
 W5_FV
    Category > 1       5.857      1.800      3.206     10.697
 W6_FV
    Category > 1       4.465      1.367      2.449      8.138
 W7_FV
    Category > 1       2.833      0.817      1.610      4.987
 W8_FV
    Category > 1       2.558      0.764      1.424      4.593

Latent Class 3 Compared to Latent Class 5

 W4_SMOKE
    Category > 1       0.158      0.125      0.033      0.747
 W5_SMOKE
    Category > 1       0.382      0.300      0.082      1.779
 W6_SMOKE
    Category > 1       1.758      3.292      0.045     69.054
 W7_SMOKE
    Category > 1       0.133      1.455      0.000  *********
 W8_SMOKE
    Category > 1       0.000      0.000      0.000      0.000
 W4_DRINK
    Category > 1       0.526      0.443      0.101      2.744
    Category > 2       0.032      0.012      0.015      0.068
    Category > 3       0.000      0.000      0.000      0.000
 W5_DRINK
    Category > 1       0.133      0.174      0.010      1.737
    Category > 2       0.033      0.012      0.016      0.066
    Category > 3       0.057      0.045      0.012      0.271
 W6_DRINK
    Category > 1       0.283      0.198      0.072      1.117
    Category > 2       0.047      0.019      0.021      0.103
    Category > 3       0.014      0.015      0.002      0.110
 W7_DRINK
    Category > 1       0.276      0.191      0.071      1.069
    Category > 2       0.030      0.011      0.014      0.062
    Category > 3       0.000      0.000      0.000      0.000
 W8_DRINK
    Category > 1       0.067      0.059      0.012      0.376
    Category > 2       0.027      0.009      0.013      0.053
    Category > 3       0.010      0.018      0.000      0.353
 W4_PA
    Category > 1       2.065      3.301      0.090     47.414
    Category > 2       0.756      0.249      0.396      1.443
    Category > 3       0.660      0.275      0.292      1.492
 W5_PA
    Category > 1       0.614      0.785      0.050      7.536
    Category > 2       0.638      0.232      0.313      1.303
    Category > 3       0.608      0.322      0.215      1.720
 W6_PA
    Category > 1       0.000      0.000      0.000      0.000
    Category > 2       0.472      0.180      0.223      0.998
    Category > 3       0.210      0.101      0.082      0.540
 W7_PA
    Category > 1   12471.889      0.000  12471.890  12471.890
    Category > 2       0.370      0.148      0.169      0.809
    Category > 3       0.260      0.142      0.090      0.756
 W8_PA
    Category > 1   36885.734      0.000  36885.734  36885.734
    Category > 2       0.374      0.127      0.192      0.726
    Category > 3       0.214      0.089      0.095      0.481
 W4_FV
    Category > 1       3.444      0.876      2.093      5.669
 W5_FV
    Category > 1       8.805      2.790      4.731     16.385
 W6_FV
    Category > 1      10.876      3.922      5.364     22.052
 W7_FV
    Category > 1       7.968      2.559      4.246     14.952
 W8_FV
    Category > 1       6.229      2.004      3.316     11.703

Latent Class 3 Compared to Latent Class 6

 W4_SMOKE
    Category > 1       0.616      0.559      0.104      3.647
 W5_SMOKE
    Category > 1       7.436      9.311      0.639     86.543
 W6_SMOKE
    Category > 1       5.532     10.292      0.144    212.105
 W7_SMOKE
    Category > 1       0.299      3.266      0.000  *********
 W8_SMOKE
    Category > 1       0.000      0.000      0.000      0.000
 W4_DRINK
    Category > 1       0.198      0.158      0.042      0.948
    Category > 2       0.033      0.012      0.016      0.069
    Category > 3       0.000      0.000      0.000      0.000
 W5_DRINK
    Category > 1       0.203      0.226      0.023      1.789
    Category > 2       0.030      0.011      0.015      0.060
    Category > 3       0.060      0.047      0.013      0.275
 W6_DRINK
    Category > 1       0.294      0.138      0.118      0.736
    Category > 2       0.039      0.014      0.019      0.080
    Category > 3       0.022      0.023      0.003      0.173
 W7_DRINK
    Category > 1       0.059      0.052      0.010      0.329
    Category > 2       0.018      0.007      0.009      0.039
    Category > 3       0.000      0.000      0.000      0.000
 W8_DRINK
    Category > 1       0.156      0.083      0.055      0.445
    Category > 2       0.021      0.007      0.010      0.040
    Category > 3       0.012      0.021      0.000      0.416
 W4_PA
    Category > 1       0.000      0.000      0.000      0.000
    Category > 2       0.295      0.079      0.175      0.497
    Category > 3       0.207      0.066      0.111      0.386
 W5_PA
    Category > 1       1.461      1.646      0.160     13.305
    Category > 2       0.258      0.077      0.144      0.464
    Category > 3       0.162      0.067      0.072      0.364
 W6_PA
    Category > 1       0.000      0.000      0.000      0.000
    Category > 2       0.167      0.053      0.089      0.312
    Category > 3       0.074      0.030      0.034      0.164
 W7_PA
    Category > 1       1.000      0.000      1.000      1.000
    Category > 2       0.197      0.066      0.102      0.378
    Category > 3       0.106      0.048      0.044      0.258
 W8_PA
    Category > 1   22178.188      0.000  22178.189  22178.189
    Category > 2       0.167      0.047      0.096      0.289
    Category > 3       0.130      0.046      0.065      0.260
 W4_FV
    Category > 1       0.496      0.123      0.305      0.806
 W5_FV
    Category > 1       0.298      0.096      0.158      0.562
 W6_FV
    Category > 1       0.226      0.082      0.111      0.459
 W7_FV
    Category > 1       0.259      0.100      0.122      0.552
 W8_FV
    Category > 1       0.295      0.099      0.153      0.568

Latent Class 4 Compared to Latent Class 5

 W4_SMOKE
    Category > 1     474.262    295.957    139.581   1611.424
 W5_SMOKE
    Category > 1     305.412    180.073     96.161    969.998
 W6_SMOKE
    Category > 1    1887.384   2151.625    202.055  17629.945
 W7_SMOKE
    Category > 1    1053.936   1145.593    125.190   8872.751
 W8_SMOKE
    Category > 1     168.892    128.416     38.053    749.595
 W4_DRINK
    Category > 1       0.074      0.054      0.018      0.307
    Category > 2       0.064      0.026      0.028      0.143
    Category > 3       0.235      0.143      0.072      0.772
 W5_DRINK
    Category > 1       0.015      0.015      0.002      0.109
    Category > 2       0.074      0.028      0.035      0.154
    Category > 3       0.469      0.221      0.186      1.180
 W6_DRINK
    Category > 1       0.051      0.033      0.014      0.182
    Category > 2       0.107      0.042      0.050      0.231
    Category > 3       0.421      0.190      0.174      1.020
 W7_DRINK
    Category > 1       0.035      0.023      0.009      0.129
    Category > 2       0.085      0.033      0.040      0.180
    Category > 3       0.289      0.148      0.106      0.786
 W8_DRINK
    Category > 1       0.016      0.014      0.003      0.089
    Category > 2       0.109      0.040      0.053      0.225
    Category > 3       0.845      0.378      0.352      2.028
 W4_PA
    Category > 1       0.423      0.603      0.026      6.927
    Category > 2       0.753      0.229      0.414      1.367
    Category > 3       1.129      0.428      0.537      2.375
 W5_PA
    Category > 1       0.500      0.714      0.030      8.226
    Category > 2       0.721      0.227      0.389      1.337
    Category > 3       1.125      0.459      0.506      2.501
 W6_PA
    Category > 1       0.000      0.000      0.000      0.000
    Category > 2       0.853      0.269      0.460      1.584
    Category > 3       0.824      0.312      0.392      1.730
 W7_PA
    Category > 1       0.905      1.291      0.055     14.821
    Category > 2       0.670      0.212      0.360      1.245
    Category > 3       1.000      0.400      0.456      2.192
 W8_PA
    Category > 1   36885.734      0.000  36885.734  36885.734
    Category > 2       0.557      0.171      0.305      1.017
    Category > 3       0.662      0.233      0.332      1.319
 W4_FV
    Category > 1       1.354      0.353      0.813      2.255
 W5_FV
    Category > 1       1.503      0.449      0.837      2.700
 W6_FV
    Category > 1       2.436      0.874      1.206      4.921
 W7_FV
    Category > 1       2.812      0.944      1.456      5.432
 W8_FV
    Category > 1       2.436      0.716      1.368      4.335

Latent Class 4 Compared to Latent Class 6

 W4_SMOKE
    Category > 1    1850.778   1451.296    397.987   8606.764
 W5_SMOKE
    Category > 1    5946.372   6892.817    613.130  57670.250
 W6_SMOKE
    Category > 1    5938.908   7115.437    567.360  62166.227
 W7_SMOKE
    Category > 1    2373.299   2555.772    287.534  19589.174
 W8_SMOKE
    Category > 1    1240.120   1415.475    132.398  11615.679
 W4_DRINK
    Category > 1       0.028      0.019      0.007      0.109
    Category > 2       0.065      0.022      0.034      0.125
    Category > 3       0.301      0.176      0.096      0.949
 W5_DRINK
    Category > 1       0.022      0.017      0.005      0.100
    Category > 2       0.068      0.022      0.037      0.127
    Category > 3       0.491      0.207      0.215      1.123
 W6_DRINK
    Category > 1       0.053      0.021      0.024      0.117
    Category > 2       0.089      0.028      0.048      0.165
    Category > 3       0.640      0.271      0.279      1.468
 W7_DRINK
    Category > 1       0.007      0.006      0.001      0.038
    Category > 2       0.053      0.018      0.027      0.102
    Category > 3       0.252      0.120      0.099      0.642
 W8_DRINK
    Category > 1       0.037      0.018      0.014      0.094
    Category > 2       0.084      0.025      0.047      0.150
    Category > 3       0.981      0.401      0.440      2.188
 W4_PA
    Category > 1       0.000      0.000      0.000      0.000
    Category > 2       0.294      0.077      0.176      0.490
    Category > 3       0.355      0.107      0.196      0.642
 W5_PA
    Category > 1       1.190      1.461      0.107     13.204
    Category > 2       0.292      0.078      0.173      0.492
    Category > 3       0.300      0.091      0.165      0.545
 W6_PA
    Category > 1       0.000      0.000      0.000      0.000
    Category > 2       0.302      0.083      0.177      0.517
    Category > 3       0.291      0.088      0.161      0.526
 W7_PA
    Category > 1       0.000      0.000      0.000      0.000
    Category > 2       0.356      0.096      0.210      0.603
    Category > 3       0.408      0.126      0.222      0.748
 W8_PA
    Category > 1   22178.188      0.000  22178.189  22178.189
    Category > 2       0.249      0.065      0.149      0.416
    Category > 3       0.400      0.120      0.222      0.721
 W4_FV
    Category > 1       0.195      0.050      0.118      0.322
 W5_FV
    Category > 1       0.051      0.015      0.028      0.092
 W6_FV
    Category > 1       0.051      0.016      0.027      0.096
 W7_FV
    Category > 1       0.091      0.031      0.047      0.178
 W8_FV
    Category > 1       0.115      0.035      0.064      0.208

Latent Class 5 Compared to Latent Class 6

 W4_SMOKE
    Category > 1       3.902      2.702      1.005     15.159
 W5_SMOKE
    Category > 1      19.470     23.391      1.848    205.118
 W6_SMOKE
    Category > 1       3.147      5.082      0.133     74.598
 W7_SMOKE
    Category > 1       2.252      3.280      0.130     39.123
 W8_SMOKE
    Category > 1       7.343     10.089      0.497    108.502
 W4_DRINK
    Category > 1       0.378      0.373      0.054      2.622
    Category > 2       1.017      0.429      0.445      2.325
    Category > 3       1.281      0.425      0.668      2.455
 W5_DRINK
    Category > 1       1.529      2.045      0.111     21.041
    Category > 2       0.925      0.362      0.429      1.993
    Category > 3       1.049      0.392      0.504      2.183
 W6_DRINK
    Category > 1       1.039      0.744      0.256      4.225
    Category > 2       0.827      0.315      0.393      1.744
    Category > 3       1.520      0.546      0.751      3.075
 W7_DRINK
    Category > 1       0.212      0.228      0.026      1.745
    Category > 2       0.618      0.230      0.297      1.282
    Category > 3       0.873      0.328      0.418      1.824
 W8_DRINK
    Category > 1       2.331      2.270      0.346     15.713
    Category > 2       0.771      0.265      0.394      1.512
    Category > 3       1.161      0.473      0.522      2.582
 W4_PA
    Category > 1       0.000      0.000      0.000      0.000
    Category > 2       0.390      0.116      0.218      0.699
    Category > 3       0.314      0.111      0.157      0.629
 W5_PA
    Category > 1       2.380      2.992      0.202     27.975
    Category > 2       0.405      0.132      0.214      0.766
    Category > 3       0.267      0.105      0.124      0.575
 W6_PA
    Category > 1       1.000      0.000      1.000      1.000
    Category > 2       0.354      0.121      0.181      0.693
    Category > 3       0.353      0.124      0.177      0.705
 W7_PA
    Category > 1       0.000      0.000      0.000      0.000
    Category > 2       0.532      0.172      0.282      1.003
    Category > 3       0.408      0.157      0.191      0.869
 W8_PA
    Category > 1       0.601      0.902      0.032     11.370
    Category > 2       0.447      0.139      0.243      0.821
    Category > 3       0.605      0.199      0.318      1.152
 W4_FV
    Category > 1       0.144      0.033      0.092      0.226
 W5_FV
    Category > 1       0.034      0.010      0.019      0.061
 W6_FV
    Category > 1       0.021      0.008      0.010      0.044
 W7_FV
    Category > 1       0.033      0.014      0.014      0.074
 W8_FV
    Category > 1       0.047      0.014      0.026      0.086


QUALITY OF NUMERICAL RESULTS

     Condition Number for the Information Matrix              0.578E-06
       (ratio of smallest to largest eigenvalue)


TECHNICAL 11 OUTPUT

     Random Starts Specifications for the k-1 Class Analysis Model
        Number of initial stage random starts                 500
        Number of final stage optimizations                   100



     VUONG-LO-MENDELL-RUBIN LIKELIHOOD RATIO TEST FOR 5 (H0) VERSUS 6 CLASSES

          H0 Loglikelihood Value                       -27658.810
          2 Times the Loglikelihood Difference            739.797
          Difference in the Number of Parameters               41
          Mean                                       13587538.510
          Standard Deviation                         18883230.686
          P-Value                                          0.7641

     LO-MENDELL-RUBIN ADJUSTED LRT TEST

          Value                                           737.471
          P-Value                                          0.7641


PLOT INFORMATION

The following plots are available:

  Histograms (sample values)
  Scatterplots (sample values)
  Sample proportions and estimated probabilities

     Beginning Time:  21:12:31
        Ending Time:  21:16:34
       Elapsed Time:  00:04:03



MUTHEN & MUTHEN
3463 Stoner Ave.
Los Angeles, CA  90066

Tel: (310) 391-9971
Fax: (310) 391-8971
Web: www.StatModel.com
Support: Support@StatModel.com

Copyright (c) 1998-2020 Muthen & Muthen
