Mplus VERSION 8.5 (Mac)
MUTHEN & MUTHEN
09/14/2022   9:52 PM

INPUT INSTRUCTIONS

  TITLE:
  Step3 - 3step LSAY - Lab9
  DATA:
  FILE = "./Step1_MPlus_Outcomes.dat";

  VARIABLE:
  NAMES = W4_SMOKE W5_SMOKE W6_SMOKE W7_SMOKE W8_SMOKE W4_DRINK W5_DRINK W6_DRINK
       W7_DRINK W8_DRINK W4_PA W5_PA W6_PA W7_PA W8_PA W4_FV W5_FV W6_FV W7_FV W8_FV
       FEMALE AGE PAT_INT PAT_HIG SELF_INT SELF_HIG EDU_UPP EDU_TER WEALTH_2 WEALTH_3
       EYE_4 CIRCUL_4 ENDOCR_4 MUSCUL_4 RESPIR_4 NEOPLA_4 NERVOU_4 MENTAL_4 MULTI_4
       CMULTI_4 LUNCAN_4 MULTI EYE CIRCUL ENDOCR MUSCUL RESPIR NEOPLA NERVOU MENTAL
       CMULTI LUNCAN CPROB1 CPROB2 CPROB3 CPROB4 CPROB5 CPROB6 N WEIGHTS;
   MISSING=.;
   nominal=N;
    usevar = n;
    USEOBSERVATIONS = Female NE -99 AND Age NE -99 AND
    Pat_Int NE -99 AND
  Pat_Hig NE -99 AND Self_Int NE -99 AND
  Self_Hig NE -99 AND Edu_Upp NE -99 AND
  Edu_Ter NE -99 AND
  Wealth_2 NE -99 AND Wealth_3 NE -99;
    missing are all (-99);
    classes = c(6);
    CATEGORICAL = NERVOU_4;
    usevar =  Female Age
     Pat_Int Pat_Hig Self_Int Self_Hig Edu_Upp
     Edu_Ter Wealth_2 Wealth_3 NERVOU_4;
    WEIGHT  = Weights;
  ANALYSIS:
  estimator = mlr;
    type = mixture;
    starts = 0;
    ITERATIONS = 1000;
  MODEL:
  %OVERALL%
  NERVOU_4 ON Female Age
     Pat_Int Pat_Hig Self_Int Self_Hig Edu_Upp
     Edu_Ter Wealth_2 Wealth_3;         ! covariate as predictor of distal


      %C#1%
      [n#1@7.881];
      [n#2@-3.045];
      [n#3@5.173];
      [n#4@5.679];
      [n#5@1.278];

    [NERVOU_4$1](m1);

     %C#2%
    [n#1@-3.432];
    [n#2@4.228];
    [n#3@-1.99];
    [n#4@-0.388];
    [n#5@-0.652];

    [NERVOU_4$1](m2);


    %C#3%
   [n#1@-0.274];
    [n#2@-6.506];
    [n#3@3.603];
    [n#4@-0.403];
    [n#5@0.924];


    [NERVOU_4$1](m3);


     %C#4%
    [n#1@-0.122];
    [n#2@-3.083];
    [n#3@-0.078];
    [n#4@3.454];
    [n#5@0.381];


    [NERVOU_4$1](m4);



     %C#5%
    [n#1@-5.754];
    [n#2@-4.304];
    [n#3@0.048];
    [n#4@-0.849];
    [n#5@3.021];


    [NERVOU_4$1](m5);


      %C#6%
    [n#1@-8.392];
    [n#2@-6.947];
    [n#3@-3.383];
    [n#4@-3.497];
    [n#5@-2.498];

      [NERVOU_4$1](m6);
  MODEL CONSTRAINT:
  New (diff12 diff13 diff23 diff14
    diff24 diff34 diff15 diff16 diff25
    diff26 diff35 diff36 diff45
    diff46 diff56);
    diff12 = m1-m2;  ! test pairwise distal mean differences
    diff13 = m1-m3;
    diff23 = m2-m3;
    diff14 = m1-m4;
    diff24 = m2-m4;
    diff34 = m3-m4;
    diff15 = m1-m5;
    diff16 = m1-m6;
    diff25 = m2-m5;
    diff26 = m2-m6;
    diff35 = m3-m5;
    diff36 = m3-m6;
    diff45 = m4-m5;
    diff46 = m4-m6;
    diff56 = m5-m6;


  MODEL TEST:
   0=m1-m2;
     0=m2-m3;
     0=m3-m4; ! omnibus test of distal thresholds
     0=m4-m5;
     0=m5-m6;
  OUTPUT:
  sampstat residual TECH11 TECH14;



*** WARNING
  One or more observations has a value of 0 for the WEIGHT variable.
*** WARNING in OUTPUT command
  TECH11 option is not available in conjunction with nonlinear constraints
  through the use of MODEL CONSTRAINT.  Request for TECH11 is ignored.
*** WARNING in OUTPUT command
  TECH14 option is not available for TYPE=MIXTURE with weights.
  Request for TECH14 is ignored.
   3 WARNING(S) FOUND IN THE INPUT INSTRUCTIONS




Step3 - 3step LSAY - Lab9

SUMMARY OF ANALYSIS

Number of groups                                                 1
Number of observations                                        3787

Number of dependent variables                                    2
Number of independent variables                                 10
Number of continuous latent variables                            0
Number of categorical latent variables                           1

Observed dependent variables

  Binary and ordered categorical (ordinal)
   NERVOU_4

  Unordered categorical (nominal)
   N

Observed independent variables
   FEMALE      AGE         PAT_INT     PAT_HIG     SELF_INT    SELF_HIG
   EDU_UPP     EDU_TER     WEALTH_2    WEALTH_3

Categorical latent variables
   C

Variables with special functions

  Weight variable       WEIGHTS

Estimator                                                      MLR
Information matrix                                        OBSERVED
Optimization Specifications for the Quasi-Newton Algorithm for
Continuous Outcomes
  Maximum number of iterations                                1000
  Convergence criterion                                  0.100D-05
Optimization Specifications for the EM Algorithm
  Maximum number of iterations                                 500
  Convergence criteria
    Loglikelihood change                                 0.100D-06
    Relative loglikelihood change                        0.100D-06
    Derivative                                           0.100D-05
Optimization Specifications for the M step of the EM Algorithm for
Categorical Latent variables
  Number of M step iterations                                    1
  M step convergence criterion                           0.100D-05
  Basis for M step termination                           ITERATION
Optimization Specifications for the M step of the EM Algorithm for
Censored, Binary or Ordered Categorical (Ordinal), Unordered
Categorical (Nominal) and Count Outcomes
  Number of M step iterations                                    1
  M step convergence criterion                           0.100D-05
  Basis for M step termination                           ITERATION
  Maximum value for logit thresholds                            15
  Minimum value for logit thresholds                           -15
  Minimum expected cell size for chi-square              0.100D-01
Maximum number of iterations for H1                           2000
Convergence criterion for H1                             0.100D-03
Optimization algorithm                                         EMA
Link                                                         LOGIT

Input data file(s)
  ./Step1_MPlus_Outcomes.dat
Input data format  FREE


SUMMARY OF DATA

     Number of missing data patterns             2
     Number of y missing data patterns           0
     Number of u missing data patterns           2


COVARIANCE COVERAGE OF DATA

Minimum covariance coverage value   0.100


     PROPORTION OF DATA PRESENT FOR U


           Covariance Coverage
              NERVOU_4
              ________
 NERVOU_4       0.090

     WARNING:  THE COVARIANCE COVERAGE FALLS BELOW THE SPECIFIED LIMIT.


UNIVARIATE PROPORTIONS AND COUNTS FOR CATEGORICAL VARIABLES

    NERVOU_4
      Category 1    0.955          309.575
      Category 2    0.045           14.509
    N
      Category 1    0.091          346.119
      Category 2    0.101          384.354
      Category 3    0.211          799.651
      Category 4    0.193          731.576
      Category 5    0.232          876.911
      Category 6    0.171          648.388


SAMPLE STATISTICS


     SAMPLE STATISTICS


           Means
              FEMALE        AGE           PAT_INT       PAT_HIG       SELF_INT
              ________      ________      ________      ________      ________
                0.521        63.677         0.328         0.382         0.246


           Means
              SELF_HIG      EDU_UPP       EDU_TER       WEALTH_2      WEALTH_3
              ________      ________      ________      ________      ________
                0.404         0.475         0.168         0.336         0.358


           Covariances
              FEMALE        AGE           PAT_INT       PAT_HIG       SELF_INT
              ________      ________      ________      ________      ________
 FEMALE         0.250
 AGE            0.237        67.179
 PAT_INT       -0.011        -0.023         0.220
 PAT_HIG        0.008        -0.193        -0.125         0.236
 SELF_INT       0.019        -0.013         0.002         0.007         0.185
 SELF_HIG       0.011         0.440         0.012        -0.059        -0.099
 EDU_UPP       -0.013        -0.376         0.001         0.014         0.022
 EDU_TER       -0.021        -0.425        -0.019         0.045        -0.014
 WEALTH_2      -0.003        -0.008         0.013        -0.012         0.005
 WEALTH_3      -0.010        -0.213        -0.020         0.063         0.012


           Covariances
              SELF_HIG      EDU_UPP       EDU_TER       WEALTH_2      WEALTH_3
              ________      ________      ________      ________      ________
 SELF_HIG       0.241
 EDU_UPP       -0.029         0.249
 EDU_TER       -0.058        -0.080         0.140
 WEALTH_2       0.005         0.013        -0.014         0.223
 WEALTH_3      -0.074         0.010         0.049        -0.120         0.230


           Correlations
              FEMALE        AGE           PAT_INT       PAT_HIG       SELF_INT
              ________      ________      ________      ________      ________
 FEMALE         1.000
 AGE            0.058         1.000
 PAT_INT       -0.048        -0.006         1.000
 PAT_HIG        0.034        -0.048        -0.550         1.000
 SELF_INT       0.088        -0.004         0.009         0.032         1.000
 SELF_HIG       0.043         0.110         0.052        -0.249        -0.470
 EDU_UPP       -0.051        -0.092         0.003         0.058         0.104
 EDU_TER       -0.113        -0.139        -0.107         0.248        -0.087
 WEALTH_2      -0.012        -0.002         0.059        -0.052         0.026
 WEALTH_3      -0.043        -0.054        -0.089         0.271         0.060


           Correlations
              SELF_HIG      EDU_UPP       EDU_TER       WEALTH_2      WEALTH_3
              ________      ________      ________      ________      ________
 SELF_HIG       1.000
 EDU_UPP       -0.118         1.000
 EDU_TER       -0.318        -0.427         1.000
 WEALTH_2       0.021         0.053        -0.079         1.000
 WEALTH_3      -0.317         0.042         0.274        -0.530         1.000


UNIVARIATE SAMPLE STATISTICS


     UNIVARIATE HIGHER-ORDER MOMENT DESCRIPTIVE STATISTICS

         Variable/         Mean/     Skewness/   Minimum/ % with                Percentiles
        Sample Size      Variance    Kurtosis    Maximum  Min/Max      20%/60%    40%/80%    Median

     FEMALE                0.521      -0.085       0.000   44.57%       0.000      0.000      1.000
            3787.000       0.250      -1.993       1.000   55.43%       1.000      1.000
     AGE                  63.677       0.649      36.000    0.05%      55.000     60.000     61.000
            3787.000      67.179      -0.452      99.000    0.03%      64.000     70.000
     PAT_INT               0.328       0.732       0.000   68.37%       0.000      0.000      0.000
            3787.000       0.220      -1.464       1.000   31.63%       0.000      1.000
     PAT_HIG               0.382       0.484       0.000   58.44%       0.000      0.000      0.000
            3787.000       0.236      -1.766       1.000   41.56%       1.000      1.000
     SELF_INT              0.246       1.181       0.000   74.33%       0.000      0.000      0.000
            3787.000       0.185      -0.605       1.000   25.67%       0.000      1.000
     SELF_HIG              0.404       0.392       0.000   65.75%       0.000      0.000      0.000
            3787.000       0.241      -1.846       1.000   34.25%       0.000      1.000
     EDU_UPP               0.475       0.100       0.000   48.67%       0.000      0.000      1.000
            3787.000       0.249      -1.990       1.000   51.33%       1.000      1.000
     EDU_TER               0.168       1.780       0.000   79.03%       0.000      0.000      0.000
            3787.000       0.140       1.167       1.000   20.97%       0.000      1.000
     WEALTH_2              0.336       0.696       0.000   66.36%       0.000      0.000      0.000
            3787.000       0.223      -1.516       1.000   33.64%       0.000      1.000
     WEALTH_3              0.358       0.594       0.000   59.99%       0.000      0.000      0.000
            3787.000       0.230      -1.647       1.000   40.01%       0.000      1.000

     ONE OR MORE PARAMETERS WERE FIXED TO AVOID SINGULARITY OF THE
     INFORMATION MATRIX. THE SINGULARITY IS MOST LIKELY BECAUSE THE
     MODEL IS NOT IDENTIFIED, OR BECAUSE OF EMPTY CELLS IN THE JOINT
     DISTRIBUTION OF THE CATEGORICAL VARIABLES IN THE MODEL.
     THE FOLLOWING PARAMETERS WERE FIXED:
     Parameter 12, %C#2%: [ NERVOU_4$1 ] (equality/label)


THE MODEL ESTIMATION TERMINATED NORMALLY



MODEL FIT INFORMATION

Number of Free Parameters                       21

Loglikelihood

          H0 Value                       -6623.131
          H0 Scaling Correction Factor      1.0963
            for MLR

Information Criteria

          Akaike (AIC)                   13288.263
          Bayesian (BIC)                 13419.288
          Sample-Size Adjusted BIC       13352.560
            (n* = (n + 2) / 24)

Wald Test of Parameter Constraints

          Value                             75.065
          Degrees of Freedom                     5
          P-Value                           0.0000



FINAL CLASS COUNTS AND PROPORTIONS FOR THE LATENT CLASSES
BASED ON THE ESTIMATED MODEL

    Latent
   Classes

       1        369.04566          0.09745
       2        395.57580          0.10446
       3        796.24471          0.21026
       4        736.36157          0.19444
       5        839.81437          0.22176
       6        649.95789          0.17163


FINAL CLASS COUNTS AND PROPORTIONS FOR THE LATENT CLASSES
BASED ON ESTIMATED POSTERIOR PROBABILITIES

    Latent
   Classes

       1        369.04566          0.09745
       2        395.57580          0.10446
       3        796.24471          0.21026
       4        736.36157          0.19444
       5        839.81437          0.22176
       6        649.95789          0.17163


FINAL CLASS COUNTS AND PROPORTIONS FOR THE LATENT CLASSES
BASED ON THEIR MOST LIKELY LATENT CLASS MEMBERSHIP

Class Counts and Proportions

    Latent
   Classes

       1              346          0.09140
       2              384          0.10149
       3              800          0.21116
       4              731          0.19296
       5              877          0.23156
       6              649          0.17143


CLASSIFICATION QUALITY

     Entropy                         0.732


Average Latent Class Probabilities for Most Likely Latent Class Membership (Row)
by Latent Class (Column)

           1        2        3        4        5        6

    1   0.904    0.001    0.042    0.052    0.000    0.000
    2   0.000    0.995    0.000    0.002    0.001    0.001
    3   0.026    0.001    0.877    0.024    0.048    0.024
    4   0.047    0.005    0.017    0.886    0.021    0.023
    5   0.000    0.003    0.055    0.034    0.854    0.053
    6   0.000    0.009    0.030    0.032    0.056    0.873


Classification Probabilities for the Most Likely Latent Class Membership (Column)
by Latent Class (Row)

           1        2        3        4        5        6

    1   0.848    0.000    0.057    0.093    0.001    0.001
    2   0.000    0.967    0.002    0.010    0.007    0.014
    3   0.018    0.000    0.881    0.016    0.060    0.024
    4   0.025    0.001    0.026    0.880    0.041    0.028
    5   0.000    0.001    0.046    0.018    0.892    0.044
    6   0.000    0.001    0.029    0.026    0.072    0.872


Logits for the Classification Probabilities for the Most Likely Latent Class Membership (Column)
by Latent Class (Row)

              1        2        3        4        5        6

    1      6.997   -3.934    4.289    4.790    0.394    0.000
    2     -3.433    4.227   -1.991   -0.389   -0.653    0.000
    3     -0.277   -6.513    3.600   -0.411    0.921    0.000
    4     -0.131   -3.092   -0.087    3.445    0.372    0.000
    5     -5.758   -4.320    0.043   -0.865    3.017    0.000
    6     -8.393   -6.976   -3.387   -3.525   -2.498    0.000


MODEL RESULTS

                                                    Two-Tailed
                    Estimate       S.E.  Est./S.E.    P-Value

Latent Class 1

 NERVOU_4   ON
    FEMALE            -2.833      0.765     -3.705      0.000
    AGE               -0.006      0.040     -0.156      0.876
    PAT_INT           -0.211      0.844     -0.250      0.802
    PAT_HIG            0.655      0.850      0.770      0.441
    SELF_INT           0.140      1.166      0.120      0.904
    SELF_HIG          -0.047      1.161     -0.041      0.967
    EDU_UPP            1.046      0.666      1.571      0.116
    EDU_TER            1.023      1.204      0.849      0.396
    WEALTH_2           0.295      0.894      0.330      0.741
    WEALTH_3          -0.668      1.121     -0.596      0.551

 Means
    N#1                7.881      0.000    999.000    999.000
    N#2               -3.045      0.000    999.000    999.000
    N#3                5.173      0.000    999.000    999.000
    N#4                5.679      0.000    999.000    999.000
    N#5                1.278      0.000    999.000    999.000

 Thresholds
    NERVOU_4$1         2.973      3.308      0.899      0.369

Latent Class 2

 NERVOU_4   ON
    FEMALE            -2.833      0.765     -3.705      0.000
    AGE               -0.006      0.040     -0.156      0.876
    PAT_INT           -0.211      0.844     -0.250      0.802
    PAT_HIG            0.655      0.850      0.770      0.441
    SELF_INT           0.140      1.166      0.120      0.904
    SELF_HIG          -0.047      1.161     -0.041      0.967
    EDU_UPP            1.046      0.666      1.571      0.116
    EDU_TER            1.023      1.204      0.849      0.396
    WEALTH_2           0.295      0.894      0.330      0.741
    WEALTH_3          -0.668      1.121     -0.596      0.551

 Means
    N#1               -3.432      0.000    999.000    999.000
    N#2                4.228      0.000    999.000    999.000
    N#3               -1.990      0.000    999.000    999.000
    N#4               -0.388      0.000    999.000    999.000
    N#5               -0.652      0.000    999.000    999.000

 Thresholds
    NERVOU_4$1        27.213      0.000    999.000    999.000

Latent Class 3

 NERVOU_4   ON
    FEMALE            -2.833      0.765     -3.705      0.000
    AGE               -0.006      0.040     -0.156      0.876
    PAT_INT           -0.211      0.844     -0.250      0.802
    PAT_HIG            0.655      0.850      0.770      0.441
    SELF_INT           0.140      1.166      0.120      0.904
    SELF_HIG          -0.047      1.161     -0.041      0.967
    EDU_UPP            1.046      0.666      1.571      0.116
    EDU_TER            1.023      1.204      0.849      0.396
    WEALTH_2           0.295      0.894      0.330      0.741
    WEALTH_3          -0.668      1.121     -0.596      0.551

 Means
    N#1               -0.274      0.000    999.000    999.000
    N#2               -6.506      0.000    999.000    999.000
    N#3                3.603      0.000    999.000    999.000
    N#4               -0.403      0.000    999.000    999.000
    N#5                0.924      0.000    999.000    999.000

 Thresholds
    NERVOU_4$1         3.240      2.838      1.142      0.254

Latent Class 4

 NERVOU_4   ON
    FEMALE            -2.833      0.765     -3.705      0.000
    AGE               -0.006      0.040     -0.156      0.876
    PAT_INT           -0.211      0.844     -0.250      0.802
    PAT_HIG            0.655      0.850      0.770      0.441
    SELF_INT           0.140      1.166      0.120      0.904
    SELF_HIG          -0.047      1.161     -0.041      0.967
    EDU_UPP            1.046      0.666      1.571      0.116
    EDU_TER            1.023      1.204      0.849      0.396
    WEALTH_2           0.295      0.894      0.330      0.741
    WEALTH_3          -0.668      1.121     -0.596      0.551

 Means
    N#1               -0.122      0.000    999.000    999.000
    N#2               -3.083      0.000    999.000    999.000
    N#3               -0.078      0.000    999.000    999.000
    N#4                3.454      0.000    999.000    999.000
    N#5                0.381      0.000    999.000    999.000

 Thresholds
    NERVOU_4$1         6.199      6.232      0.995      0.320

Latent Class 5

 NERVOU_4   ON
    FEMALE            -2.833      0.765     -3.705      0.000
    AGE               -0.006      0.040     -0.156      0.876
    PAT_INT           -0.211      0.844     -0.250      0.802
    PAT_HIG            0.655      0.850      0.770      0.441
    SELF_INT           0.140      1.166      0.120      0.904
    SELF_HIG          -0.047      1.161     -0.041      0.967
    EDU_UPP            1.046      0.666      1.571      0.116
    EDU_TER            1.023      1.204      0.849      0.396
    WEALTH_2           0.295      0.894      0.330      0.741
    WEALTH_3          -0.668      1.121     -0.596      0.551

 Means
    N#1               -5.754      0.000    999.000    999.000
    N#2               -4.304      0.000    999.000    999.000
    N#3                0.048      0.000    999.000    999.000
    N#4               -0.849      0.000    999.000    999.000
    N#5                3.021      0.000    999.000    999.000

 Thresholds
    NERVOU_4$1         1.968      3.193      0.616      0.538

Latent Class 6

 NERVOU_4   ON
    FEMALE            -2.833      0.765     -3.705      0.000
    AGE               -0.006      0.040     -0.156      0.876
    PAT_INT           -0.211      0.844     -0.250      0.802
    PAT_HIG            0.655      0.850      0.770      0.441
    SELF_INT           0.140      1.166      0.120      0.904
    SELF_HIG          -0.047      1.161     -0.041      0.967
    EDU_UPP            1.046      0.666      1.571      0.116
    EDU_TER            1.023      1.204      0.849      0.396
    WEALTH_2           0.295      0.894      0.330      0.741
    WEALTH_3          -0.668      1.121     -0.596      0.551

 Means
    N#1               -8.392      0.000    999.000    999.000
    N#2               -6.947      0.000    999.000    999.000
    N#3               -3.383      0.000    999.000    999.000
    N#4               -3.497      0.000    999.000    999.000
    N#5               -2.498      0.000    999.000    999.000

 Thresholds
    NERVOU_4$1         0.643      3.218      0.200      0.842

Categorical Latent Variables

 Means
    C#1               -0.566      0.083     -6.798      0.000
    C#2               -0.497      0.082     -6.046      0.000
    C#3                0.203      0.072      2.830      0.005
    C#4                0.125      0.074      1.692      0.091
    C#5                0.256      0.076      3.362      0.001

New/Additional Parameters
    DIFF12           -24.239      3.308     -7.328      0.000
    DIFF13            -0.267      1.430     -0.186      0.852
    DIFF23            23.973      2.838      8.447      0.000
    DIFF14            -3.226      6.274     -0.514      0.607
    DIFF24            21.014      6.232      3.372      0.001
    DIFF34            -2.959      6.149     -0.481      0.630
    DIFF15             1.006      1.389      0.724      0.469
    DIFF16             2.330      1.326      1.757      0.079
    DIFF25            25.245      3.193      7.906      0.000
    DIFF26            26.569      3.218      8.256      0.000
    DIFF35             1.272      1.330      0.957      0.339
    DIFF36             2.596      1.169      2.221      0.026
    DIFF45             4.231      6.010      0.704      0.481
    DIFF46             5.555      5.976      0.930      0.353
    DIFF56             1.324      0.917      1.445      0.149


RESULTS IN PROBABILITY SCALE

                    Estimate

Latent Class 1

 NERVOU_4
    Category 1         0.944
    Category 2         0.056

Latent Class 2

 NERVOU_4
    Category 1         1.000
    Category 2         0.000

Latent Class 3

 NERVOU_4
    Category 1         0.966
    Category 2         0.034

Latent Class 4

 NERVOU_4
    Category 1         0.997
    Category 2         0.003

Latent Class 5

 NERVOU_4
    Category 1         0.931
    Category 2         0.069

Latent Class 6

 NERVOU_4
    Category 1         0.796
    Category 2         0.204


LOGISTIC REGRESSION ODDS RATIO RESULTS

                                                95% C.I.
                    Estimate       S.E.  Lower 2.5% Upper 2.5%

Latent Class 1

 NERVOU_4   ON
    FEMALE             0.059      0.045      0.013      0.263
    AGE                0.994      0.040      0.918      1.075
    PAT_INT            0.809      0.683      0.155      4.233
    PAT_HIG            1.925      1.637      0.364     10.190
    SELF_INT           1.151      1.342      0.117     11.308
    SELF_HIG           0.954      1.107      0.098      9.282
    EDU_UPP            2.845      1.894      0.772     10.488
    EDU_TER            2.781      3.349      0.262     29.461
    WEALTH_2           1.343      1.200      0.233      7.740
    WEALTH_3           0.513      0.575      0.057      4.616

Latent Class 2

 NERVOU_4   ON
    FEMALE             0.059      0.045      0.013      0.263
    AGE                0.994      0.040      0.918      1.075
    PAT_INT            0.809      0.683      0.155      4.233
    PAT_HIG            1.925      1.637      0.364     10.190
    SELF_INT           1.151      1.342      0.117     11.308
    SELF_HIG           0.954      1.107      0.098      9.282
    EDU_UPP            2.845      1.894      0.772     10.488
    EDU_TER            2.781      3.349      0.262     29.461
    WEALTH_2           1.343      1.200      0.233      7.740
    WEALTH_3           0.513      0.575      0.057      4.616

Latent Class 3

 NERVOU_4   ON
    FEMALE             0.059      0.045      0.013      0.263
    AGE                0.994      0.040      0.918      1.075
    PAT_INT            0.809      0.683      0.155      4.233
    PAT_HIG            1.925      1.637      0.364     10.190
    SELF_INT           1.151      1.342      0.117     11.308
    SELF_HIG           0.954      1.107      0.098      9.282
    EDU_UPP            2.845      1.894      0.772     10.488
    EDU_TER            2.781      3.349      0.262     29.461
    WEALTH_2           1.343      1.200      0.233      7.740
    WEALTH_3           0.513      0.575      0.057      4.616

Latent Class 4

 NERVOU_4   ON
    FEMALE             0.059      0.045      0.013      0.263
    AGE                0.994      0.040      0.918      1.075
    PAT_INT            0.809      0.683      0.155      4.233
    PAT_HIG            1.925      1.637      0.364     10.190
    SELF_INT           1.151      1.342      0.117     11.308
    SELF_HIG           0.954      1.107      0.098      9.282
    EDU_UPP            2.845      1.894      0.772     10.488
    EDU_TER            2.781      3.349      0.262     29.461
    WEALTH_2           1.343      1.200      0.233      7.740
    WEALTH_3           0.513      0.575      0.057      4.616

Latent Class 5

 NERVOU_4   ON
    FEMALE             0.059      0.045      0.013      0.263
    AGE                0.994      0.040      0.918      1.075
    PAT_INT            0.809      0.683      0.155      4.233
    PAT_HIG            1.925      1.637      0.364     10.190
    SELF_INT           1.151      1.342      0.117     11.308
    SELF_HIG           0.954      1.107      0.098      9.282
    EDU_UPP            2.845      1.894      0.772     10.488
    EDU_TER            2.781      3.349      0.262     29.461
    WEALTH_2           1.343      1.200      0.233      7.740
    WEALTH_3           0.513      0.575      0.057      4.616

Latent Class 6

 NERVOU_4   ON
    FEMALE             0.059      0.045      0.013      0.263
    AGE                0.994      0.040      0.918      1.075
    PAT_INT            0.809      0.683      0.155      4.233
    PAT_HIG            1.925      1.637      0.364     10.190
    SELF_INT           1.151      1.342      0.117     11.308
    SELF_HIG           0.954      1.107      0.098      9.282
    EDU_UPP            2.845      1.894      0.772     10.488
    EDU_TER            2.781      3.349      0.262     29.461
    WEALTH_2           1.343      1.200      0.233      7.740
    WEALTH_3           0.513      0.575      0.057      4.616


QUALITY OF NUMERICAL RESULTS

     Condition Number for the Information Matrix              0.643E-04
       (ratio of smallest to largest eigenvalue)


RESIDUAL OUTPUT


     ESTIMATED MODEL AND RESIDUALS (OBSERVED - ESTIMATED) FOR CLASS 1


           Model Estimated Means
              FEMALE        AGE           PAT_INT       PAT_HIG       SELF_INT
              ________      ________      ________      ________      ________
                0.350        60.803         0.297         0.475         0.257


           Model Estimated Means
              SELF_HIG      EDU_UPP       EDU_TER       WEALTH_2      WEALTH_3
              ________      ________      ________      ________      ________
                0.219         0.480         0.333         0.286         0.585


           Residuals for Means
              FEMALE        AGE           PAT_INT       PAT_HIG       SELF_INT
              ________      ________      ________      ________      ________
                0.000         0.000         0.000         0.000         0.000


           Residuals for Means
              SELF_HIG      EDU_UPP       EDU_TER       WEALTH_2      WEALTH_3
              ________      ________      ________      ________      ________
                0.000         0.000         0.000         0.000         0.000


           Model Estimated Covariances
              FEMALE        AGE           PAT_INT       PAT_HIG       SELF_INT
              ________      ________      ________      ________      ________
 FEMALE         0.228
 AGE            0.000        39.671
 PAT_INT        0.000         0.013         0.209
 PAT_HIG        0.036         0.173         0.000         0.249
 SELF_INT       0.014         0.034         0.000         0.000         0.191
 SELF_HIG       0.000         0.221         0.014         0.000         0.000
 EDU_UPP        0.002         0.093         0.018         0.000         0.024
 EDU_TER        0.000         0.000         0.000         0.049         0.000
 WEALTH_2       0.000         0.025         0.015         0.000         0.008
 WEALTH_3       0.015         0.179         0.000         0.056         0.000


           Model Estimated Covariances
              SELF_HIG      EDU_UPP       EDU_TER       WEALTH_2      WEALTH_3
              ________      ________      ________      ________      ________
 SELF_HIG       0.171
 EDU_UPP        0.025         0.250
 EDU_TER        0.000         0.000         0.222
 WEALTH_2       0.017         0.032         0.000         0.204
 WEALTH_3       0.000         0.000         0.070         0.000         0.243


           Residuals for Covariances
              FEMALE        AGE           PAT_INT       PAT_HIG       SELF_INT
              ________      ________      ________      ________      ________
 FEMALE         0.000
 AGE            0.000         0.000
 PAT_INT        0.000         0.000         0.000
 PAT_HIG        0.000         0.000         0.000         0.000
 SELF_INT       0.000         0.000         0.000         0.000         0.000
 SELF_HIG       0.000         0.000         0.000         0.000         0.000
 EDU_UPP        0.000         0.000         0.000         0.000         0.000
 EDU_TER        0.000         0.000         0.000         0.000         0.000
 WEALTH_2       0.000         0.000         0.000         0.000         0.000
 WEALTH_3       0.000         0.000         0.000         0.000         0.000


           Residuals for Covariances
              SELF_HIG      EDU_UPP       EDU_TER       WEALTH_2      WEALTH_3
              ________      ________      ________      ________      ________
 SELF_HIG       0.000
 EDU_UPP        0.000         0.000
 EDU_TER        0.000         0.000         0.000
 WEALTH_2       0.000         0.000         0.000         0.000
 WEALTH_3       0.000         0.000         0.000         0.000         0.000


     ESTIMATED MODEL AND RESIDUALS (OBSERVED - ESTIMATED) FOR CLASS 2


           Model Estimated Means
              FEMALE        AGE           PAT_INT       PAT_HIG       SELF_INT
              ________      ________      ________      ________      ________
                0.548        60.908         0.406         0.249         0.224


           Model Estimated Means
              SELF_HIG      EDU_UPP       EDU_TER       WEALTH_2      WEALTH_3
              ________      ________      ________      ________      ________
                0.515         0.431         0.080         0.280         0.207


           Residuals for Means
              FEMALE        AGE           PAT_INT       PAT_HIG       SELF_INT
              ________      ________      ________      ________      ________
                0.000         0.000         0.000         0.000         0.000


           Residuals for Means
              SELF_HIG      EDU_UPP       EDU_TER       WEALTH_2      WEALTH_3
              ________      ________      ________      ________      ________
                0.000         0.000         0.000         0.000         0.000


           Model Estimated Covariances
              FEMALE        AGE           PAT_INT       PAT_HIG       SELF_INT
              ________      ________      ________      ________      ________
 FEMALE         0.248
 AGE            0.283        52.574
 PAT_INT        0.016         0.000         0.241
 PAT_HIG        0.000         0.001         0.000         0.187
 SELF_INT       0.017         0.101         0.006         0.008         0.174
 SELF_HIG       0.025         0.525         0.000         0.000         0.000
 EDU_UPP        0.000         0.000         0.004         0.030         0.009
 EDU_TER        0.000         0.000         0.000         0.022         0.000
 WEALTH_2       0.003         0.019         0.015         0.000         0.017
 WEALTH_3       0.000         0.000         0.000         0.039         0.011


           Model Estimated Covariances
              SELF_HIG      EDU_UPP       EDU_TER       WEALTH_2      WEALTH_3
              ________      ________      ________      ________      ________
 SELF_HIG       0.250
 EDU_UPP        0.000         0.245
 EDU_TER        0.000         0.000         0.073
 WEALTH_2       0.000         0.008         0.000         0.202
 WEALTH_3       0.000         0.012         0.025         0.000         0.164


           Residuals for Covariances
              FEMALE        AGE           PAT_INT       PAT_HIG       SELF_INT
              ________      ________      ________      ________      ________
 FEMALE         0.000
 AGE            0.000         0.000
 PAT_INT        0.000         0.000         0.000
 PAT_HIG        0.000         0.000         0.000         0.000
 SELF_INT       0.000         0.000         0.000         0.000         0.000
 SELF_HIG       0.000         0.000         0.000         0.000         0.000
 EDU_UPP        0.000         0.000         0.000         0.000         0.000
 EDU_TER        0.000         0.000         0.000         0.000         0.000
 WEALTH_2       0.000         0.000         0.000         0.000         0.000
 WEALTH_3       0.000         0.000         0.000         0.000         0.000


           Residuals for Covariances
              SELF_HIG      EDU_UPP       EDU_TER       WEALTH_2      WEALTH_3
              ________      ________      ________      ________      ________
 SELF_HIG       0.000
 EDU_UPP        0.000         0.000
 EDU_TER        0.000         0.000         0.000
 WEALTH_2       0.000         0.000         0.000         0.000
 WEALTH_3       0.000         0.000         0.000         0.000         0.000


     ESTIMATED MODEL AND RESIDUALS (OBSERVED - ESTIMATED) FOR CLASS 3


           Model Estimated Means
              FEMALE        AGE           PAT_INT       PAT_HIG       SELF_INT
              ________      ________      ________      ________      ________
                0.530        62.526         0.329         0.416         0.272


           Model Estimated Means
              SELF_HIG      EDU_UPP       EDU_TER       WEALTH_2      WEALTH_3
              ________      ________      ________      ________      ________
                0.336         0.499         0.222         0.366         0.437


           Residuals for Means
              FEMALE        AGE           PAT_INT       PAT_HIG       SELF_INT
              ________      ________      ________      ________      ________
                0.000         0.000         0.000         0.000         0.000


           Residuals for Means
              SELF_HIG      EDU_UPP       EDU_TER       WEALTH_2      WEALTH_3
              ________      ________      ________      ________      ________
                0.000         0.000         0.000         0.000         0.000


           Model Estimated Covariances
              FEMALE        AGE           PAT_INT       PAT_HIG       SELF_INT
              ________      ________      ________      ________      ________
 FEMALE         0.249
 AGE            0.068        51.785
 PAT_INT        0.000         0.000         0.221
 PAT_HIG        0.022         0.000         0.000         0.243
 SELF_INT       0.017         0.072         0.013         0.000         0.198
 SELF_HIG       0.004         0.355         0.003         0.000         0.000
 EDU_UPP        0.000         0.058         0.008         0.000         0.029
 EDU_TER        0.000         0.000         0.000         0.053         0.000
 WEALTH_2       0.000         0.097         0.016         0.000         0.006
 WEALTH_3       0.009         0.000         0.000         0.057         0.006


           Model Estimated Covariances
              SELF_HIG      EDU_UPP       EDU_TER       WEALTH_2      WEALTH_3
              ________      ________      ________      ________      ________
 SELF_HIG       0.223
 EDU_UPP        0.000         0.250
 EDU_TER        0.000         0.000         0.173
 WEALTH_2       0.017         0.007         0.000         0.232
 WEALTH_3       0.000         0.000         0.047         0.000         0.246


           Residuals for Covariances
              FEMALE        AGE           PAT_INT       PAT_HIG       SELF_INT
              ________      ________      ________      ________      ________
 FEMALE         0.000
 AGE            0.000         0.000
 PAT_INT        0.000         0.000         0.000
 PAT_HIG        0.000         0.000         0.000         0.000
 SELF_INT       0.000         0.000         0.000         0.000         0.000
 SELF_HIG       0.000         0.000         0.000         0.000         0.000
 EDU_UPP        0.000         0.000         0.000         0.000         0.000
 EDU_TER        0.000         0.000         0.000         0.000         0.000
 WEALTH_2       0.000         0.000         0.000         0.000         0.000
 WEALTH_3       0.000         0.000         0.000         0.000         0.000


           Residuals for Covariances
              SELF_HIG      EDU_UPP       EDU_TER       WEALTH_2      WEALTH_3
              ________      ________      ________      ________      ________
 SELF_HIG       0.000
 EDU_UPP        0.000         0.000
 EDU_TER        0.000         0.000         0.000
 WEALTH_2       0.000         0.000         0.000         0.000
 WEALTH_3       0.000         0.000         0.000         0.000         0.000


     ESTIMATED MODEL AND RESIDUALS (OBSERVED - ESTIMATED) FOR CLASS 4


           Model Estimated Means
              FEMALE        AGE           PAT_INT       PAT_HIG       SELF_INT
              ________      ________      ________      ________      ________
                0.372        63.273         0.301         0.457         0.229


           Model Estimated Means
              SELF_HIG      EDU_UPP       EDU_TER       WEALTH_2      WEALTH_3
              ________      ________      ________      ________      ________
                0.343         0.504         0.229         0.332         0.447


           Residuals for Means
              FEMALE        AGE           PAT_INT       PAT_HIG       SELF_INT
              ________      ________      ________      ________      ________
                0.000         0.000         0.000         0.000         0.000


           Residuals for Means
              SELF_HIG      EDU_UPP       EDU_TER       WEALTH_2      WEALTH_3
              ________      ________      ________      ________      ________
                0.000         0.000         0.000         0.000         0.000


           Model Estimated Covariances
              FEMALE        AGE           PAT_INT       PAT_HIG       SELF_INT
              ________      ________      ________      ________      ________
 FEMALE         0.234
 AGE            0.203        58.384
 PAT_INT        0.000         0.000         0.210
 PAT_HIG        0.014         0.082         0.000         0.248
 SELF_INT       0.037         0.000         0.003         0.005         0.176
 SELF_HIG       0.000         0.170         0.010         0.000         0.000
 EDU_UPP        0.001         0.000         0.011         0.003         0.018
 EDU_TER        0.000         0.000         0.000         0.055         0.000
 WEALTH_2       0.000         0.000         0.010         0.000         0.000
 WEALTH_3       0.011         0.147         0.000         0.080         0.011


           Model Estimated Covariances
              SELF_HIG      EDU_UPP       EDU_TER       WEALTH_2      WEALTH_3
              ________      ________      ________      ________      ________
 SELF_HIG       0.225
 EDU_UPP        0.003         0.250
 EDU_TER        0.000         0.000         0.177
 WEALTH_2       0.023         0.001         0.000         0.222
 WEALTH_3       0.000         0.009         0.056         0.000         0.247


           Residuals for Covariances
              FEMALE        AGE           PAT_INT       PAT_HIG       SELF_INT
              ________      ________      ________      ________      ________
 FEMALE         0.000
 AGE            0.000         0.000
 PAT_INT        0.000         0.000         0.000
 PAT_HIG        0.000         0.000         0.000         0.000
 SELF_INT       0.000         0.000         0.000         0.000         0.000
 SELF_HIG       0.000         0.000         0.000         0.000         0.000
 EDU_UPP        0.000         0.000         0.000         0.000         0.000
 EDU_TER        0.000         0.000         0.000         0.000         0.000
 WEALTH_2       0.000         0.000         0.000         0.000         0.000
 WEALTH_3       0.000         0.000         0.000         0.000         0.000


           Residuals for Covariances
              SELF_HIG      EDU_UPP       EDU_TER       WEALTH_2      WEALTH_3
              ________      ________      ________      ________      ________
 SELF_HIG       0.000
 EDU_UPP        0.000         0.000
 EDU_TER        0.000         0.000         0.000
 WEALTH_2       0.000         0.000         0.000         0.000
 WEALTH_3       0.000         0.000         0.000         0.000         0.000


     ESTIMATED MODEL AND RESIDUALS (OBSERVED - ESTIMATED) FOR CLASS 5


           Model Estimated Means
              FEMALE        AGE           PAT_INT       PAT_HIG       SELF_INT
              ________      ________      ________      ________      ________
                0.658        65.847         0.311         0.367         0.225


           Model Estimated Means
              SELF_HIG      EDU_UPP       EDU_TER       WEALTH_2      WEALTH_3
              ________      ________      ________      ________      ________
                0.484         0.462         0.107         0.354         0.273


           Residuals for Means
              FEMALE        AGE           PAT_INT       PAT_HIG       SELF_INT
              ________      ________      ________      ________      ________
                0.000         0.000         0.000         0.000         0.000


           Residuals for Means
              SELF_HIG      EDU_UPP       EDU_TER       WEALTH_2      WEALTH_3
              ________      ________      ________      ________      ________
                0.000         0.000         0.000         0.000         0.000


           Model Estimated Covariances
              FEMALE        AGE           PAT_INT       PAT_HIG       SELF_INT
              ________      ________      ________      ________      ________
 FEMALE         0.225
 AGE            0.000        75.758
 PAT_INT        0.000         0.205         0.214
 PAT_HIG        0.023         0.000         0.000         0.232
 SELF_INT       0.012         0.000         0.001         0.011         0.174
 SELF_HIG       0.000         0.344         0.019         0.000         0.000
 EDU_UPP        0.000         0.000         0.000         0.034         0.023
 EDU_TER        0.000         0.000         0.000         0.034         0.000
 WEALTH_2       0.003         0.000         0.021         0.000         0.007
 WEALTH_3       0.000         0.000         0.000         0.061         0.024


           Model Estimated Covariances
              SELF_HIG      EDU_UPP       EDU_TER       WEALTH_2      WEALTH_3
              ________      ________      ________      ________      ________
 SELF_HIG       0.250
 EDU_UPP        0.000         0.249
 EDU_TER        0.000         0.000         0.095
 WEALTH_2       0.000         0.010         0.000         0.229
 WEALTH_3       0.000         0.019         0.026         0.000         0.199


           Residuals for Covariances
              FEMALE        AGE           PAT_INT       PAT_HIG       SELF_INT
              ________      ________      ________      ________      ________
 FEMALE         0.000
 AGE            0.000         0.000
 PAT_INT        0.000         0.000         0.000
 PAT_HIG        0.000         0.000         0.000         0.000
 SELF_INT       0.000         0.000         0.000         0.000         0.000
 SELF_HIG       0.000         0.000         0.000         0.000         0.000
 EDU_UPP        0.000         0.000         0.000         0.000         0.000
 EDU_TER        0.000         0.000         0.000         0.000         0.000
 WEALTH_2       0.000         0.000         0.000         0.000         0.000
 WEALTH_3       0.000         0.000         0.000         0.000         0.000


           Residuals for Covariances
              SELF_HIG      EDU_UPP       EDU_TER       WEALTH_2      WEALTH_3
              ________      ________      ________      ________      ________
 SELF_HIG       0.000
 EDU_UPP        0.000         0.000
 EDU_TER        0.000         0.000         0.000
 WEALTH_2       0.000         0.000         0.000         0.000
 WEALTH_3       0.000         0.000         0.000         0.000         0.000


     ESTIMATED MODEL AND RESIDUALS (OBSERVED - ESTIMATED) FOR CLASS 6


           Model Estimated Means
              FEMALE        AGE           PAT_INT       PAT_HIG       SELF_INT
              ________      ________      ________      ________      ________
                0.583        66.055         0.351         0.305         0.267


           Model Estimated Means
              SELF_HIG      EDU_UPP       EDU_TER       WEALTH_2      WEALTH_3
              ________      ________      ________      ________      ________
                0.490         0.453         0.069         0.340         0.230


           Residuals for Means
              FEMALE        AGE           PAT_INT       PAT_HIG       SELF_INT
              ________      ________      ________      ________      ________
                0.000         0.000         0.000         0.000         0.000


           Residuals for Means
              SELF_HIG      EDU_UPP       EDU_TER       WEALTH_2      WEALTH_3
              ________      ________      ________      ________      ________
                0.000         0.000         0.000         0.000         0.000


           Model Estimated Covariances
              FEMALE        AGE           PAT_INT       PAT_HIG       SELF_INT
              ________      ________      ________      ________      ________
 FEMALE         0.243
 AGE            0.270        86.522
 PAT_INT        0.000         0.000         0.228
 PAT_HIG        0.007         0.000         0.000         0.212
 SELF_INT       0.014         0.000         0.000         0.025         0.196
 SELF_HIG       0.012         0.382         0.019         0.000         0.000
 EDU_UPP        0.000         0.000         0.000         0.032         0.026
 EDU_TER        0.000         0.000         0.000         0.017         0.000
 WEALTH_2       0.000         0.000         0.002         0.014         0.006
 WEALTH_3       0.000         0.000         0.000         0.028         0.020


           Model Estimated Covariances
              SELF_HIG      EDU_UPP       EDU_TER       WEALTH_2      WEALTH_3
              ________      ________      ________      ________      ________
 SELF_HIG       0.250
 EDU_UPP        0.000         0.248
 EDU_TER        0.000         0.000         0.064
 WEALTH_2       0.000         0.024         0.001         0.225
 WEALTH_3       0.000         0.026         0.017         0.000         0.177


           Residuals for Covariances
              FEMALE        AGE           PAT_INT       PAT_HIG       SELF_INT
              ________      ________      ________      ________      ________
 FEMALE         0.000
 AGE            0.000         0.000
 PAT_INT        0.000         0.000         0.000
 PAT_HIG        0.000         0.000         0.000         0.000
 SELF_INT       0.000         0.000         0.000         0.000         0.000
 SELF_HIG       0.000         0.000         0.000         0.000         0.000
 EDU_UPP        0.000         0.000         0.000         0.000         0.000
 EDU_TER        0.000         0.000         0.000         0.000         0.000
 WEALTH_2       0.000         0.000         0.000         0.000         0.000
 WEALTH_3       0.000         0.000         0.000         0.000         0.000


           Residuals for Covariances
              SELF_HIG      EDU_UPP       EDU_TER       WEALTH_2      WEALTH_3
              ________      ________      ________      ________      ________
 SELF_HIG       0.000
 EDU_UPP        0.000         0.000
 EDU_TER        0.000         0.000         0.000
 WEALTH_2       0.000         0.000         0.000         0.000
 WEALTH_3       0.000         0.000         0.000         0.000         0.000


     UNIVARIATE DISTRIBUTION FIT FOR CLASS 1

     Variable          Observed      Estimated      Residual (Obs.-Est.)    Stand. Residual
     N
       Category 0        0.848          0.848                  0.000                0.002
       Category 1        0.000          0.000                  0.000                0.000
       Category 2        0.057          0.057                  0.000                0.000
       Category 3        0.094          0.094                  0.000               -0.003
       Category 4        0.001          0.001                  0.000                0.000
       Category 5        0.000          0.000                  0.000                0.000


     UNIVARIATE DISTRIBUTION FIT FOR CLASS 2

     Variable          Observed      Estimated      Residual (Obs.-Est.)    Stand. Residual
     N
       Category 0        0.000          0.000                  0.000                0.000
       Category 1        0.967          0.967                  0.000               -0.002
       Category 2        0.002          0.002                  0.000                0.000
       Category 3        0.010          0.010                  0.000                0.000
       Category 4        0.007          0.007                  0.000                0.000
       Category 5        0.014          0.014                  0.000                0.003


     UNIVARIATE DISTRIBUTION FIT FOR CLASS 3

     Variable          Observed      Estimated      Residual (Obs.-Est.)    Stand. Residual
     N
       Category 0        0.018          0.018                  0.000                0.000
       Category 1        0.000          0.000                  0.000               -0.001
       Category 2        0.881          0.881                  0.000               -0.002
       Category 3        0.016          0.016                  0.000               -0.001
       Category 4        0.060          0.060                  0.000                0.000
       Category 5        0.024          0.024                  0.000                0.003


     UNIVARIATE DISTRIBUTION FIT FOR CLASS 4

     Variable          Observed      Estimated      Residual (Obs.-Est.)    Stand. Residual
     N
       Category 0        0.025          0.025                  0.000                0.000
       Category 1        0.001          0.001                  0.000                0.000
       Category 2        0.026          0.026                  0.000               -0.001
       Category 3        0.880          0.880                  0.000               -0.003
       Category 4        0.041          0.041                  0.000                0.001
       Category 5        0.028          0.028                  0.000                0.005


     UNIVARIATE DISTRIBUTION FIT FOR CLASS 5

     Variable          Observed      Estimated      Residual (Obs.-Est.)    Stand. Residual
     N
       Category 0        0.000          0.000                  0.000                0.000
       Category 1        0.001          0.001                  0.000               -0.008
       Category 2        0.046          0.046                  0.000               -0.002
       Category 3        0.019          0.019                  0.000               -0.008
       Category 4        0.892          0.892                  0.000                0.004
       Category 5        0.043          0.043                  0.000                0.002


     UNIVARIATE DISTRIBUTION FIT FOR CLASS 6

     Variable          Observed      Estimated      Residual (Obs.-Est.)    Stand. Residual
     N
       Category 0        0.000          0.000                  0.000                0.000
       Category 1        0.001          0.001                  0.000               -0.021
       Category 2        0.029          0.030                  0.000               -0.014
       Category 3        0.026          0.026                  0.000               -0.040
       Category 4        0.072          0.072                  0.000                0.006
       Category 5        0.872          0.871                  0.000                0.024


     UNIVARIATE DISTRIBUTION FIT FOR CLASS 1

     Variable          Observed      Estimated      Residual (Obs.-Est.)    Stand. Residual
     NERVOU_4
       Category 1        0.944          0.944                  0.000               -0.030
       Category 2        0.056          0.056                  0.000                0.030


     UNIVARIATE DISTRIBUTION FIT FOR CLASS 2

     Variable          Observed      Estimated      Residual (Obs.-Est.)    Stand. Residual
     NERVOU_4
       Category 1        1.000          1.000                  0.000                0.000
       Category 2        0.000          0.000                  0.000                0.000


     UNIVARIATE DISTRIBUTION FIT FOR CLASS 3

     Variable          Observed      Estimated      Residual (Obs.-Est.)    Stand. Residual
     NERVOU_4
       Category 1        0.970          0.966                  0.004                0.611
       Category 2        0.030          0.034                 -0.004               -0.611


     UNIVARIATE DISTRIBUTION FIT FOR CLASS 4

     Variable          Observed      Estimated      Residual (Obs.-Est.)    Stand. Residual
     NERVOU_4
       Category 1        0.997          0.997                  0.000               -0.015
       Category 2        0.003          0.003                  0.000                0.015


     UNIVARIATE DISTRIBUTION FIT FOR CLASS 5

     Variable          Observed      Estimated      Residual (Obs.-Est.)    Stand. Residual
     NERVOU_4
       Category 1        0.947          0.931                  0.015                1.758
       Category 2        0.053          0.069                 -0.015               -1.758


     UNIVARIATE DISTRIBUTION FIT FOR CLASS 6

     Variable          Observed      Estimated      Residual (Obs.-Est.)    Stand. Residual
     NERVOU_4
       Category 1        0.867          0.796                  0.071                4.505
       Category 2        0.133          0.204                 -0.071               -4.505


     Beginning Time:  21:52:16
        Ending Time:  21:52:16
       Elapsed Time:  00:00:00



MUTHEN & MUTHEN
3463 Stoner Ave.
Los Angeles, CA  90066

Tel: (310) 391-9971
Fax: (310) 391-8971
Web: www.StatModel.com
Support: Support@StatModel.com

Copyright (c) 1998-2020 Muthen & Muthen
