Mplus VERSION 8.5 (Mac)
MUTHEN & MUTHEN
09/14/2022   9:51 PM

INPUT INSTRUCTIONS

  TITLE:
  Step3 - 3step LSAY - Lab9
  DATA:
  FILE = "./Step1_MPlus_Outcomes.dat";

  VARIABLE:
  NAMES = W4_SMOKE W5_SMOKE W6_SMOKE W7_SMOKE W8_SMOKE W4_DRINK W5_DRINK W6_DRINK
       W7_DRINK W8_DRINK W4_PA W5_PA W6_PA W7_PA W8_PA W4_FV W5_FV W6_FV W7_FV W8_FV
       FEMALE AGE PAT_INT PAT_HIG SELF_INT SELF_HIG EDU_UPP EDU_TER WEALTH_2 WEALTH_3
       EYE_4 CIRCUL_4 ENDOCR_4 MUSCUL_4 RESPIR_4 NEOPLA_4 NERVOU_4 MENTAL_4 MULTI_4
       CMULTI_4 LUNCAN_4 MULTI EYE CIRCUL ENDOCR MUSCUL RESPIR NEOPLA NERVOU MENTAL
       CMULTI LUNCAN CPROB1 CPROB2 CPROB3 CPROB4 CPROB5 CPROB6 N WEIGHTS;
   MISSING=.;
   nominal=N;
    usevar = n;
    USEOBSERVATIONS = Female NE -99 AND Age NE -99 AND
    Pat_Int NE -99 AND
  Pat_Hig NE -99 AND Self_Int NE -99 AND
  Self_Hig NE -99 AND Edu_Upp NE -99 AND
  Edu_Ter NE -99 AND
  Wealth_2 NE -99 AND Wealth_3 NE -99;
    missing are all (-99);
    classes = c(6);
    CATEGORICAL = Eye_4;
    usevar =  Eye_4;
    WEIGHT  = Weights;
  ANALYSIS:
  estimator = mlr;
    type = mixture;
    starts = 0;
    ITERATIONS = 1000;
  MODEL:
  %OVERALL%

     %C#1%
     [n#1@7.881];
     [n#2@-3.045];
     [n#3@5.173];
     [n#4@5.679];
     [n#5@1.278];

   [Eye_4$1](m1);

    %C#2%
   [n#1@-3.432];
   [n#2@4.228];
   [n#3@-1.99];
   [n#4@-0.388];
   [n#5@-0.652];

   [Eye_4$1](m2);


   %C#3%
  [n#1@-0.274];
   [n#2@-6.506];
   [n#3@3.603];
   [n#4@-0.403];
   [n#5@0.924];


   [Eye_4$1](m3);


    %C#4%
   [n#1@-0.122];
   [n#2@-3.083];
   [n#3@-0.078];
   [n#4@3.454];
   [n#5@0.381];


   [Eye_4$1](m4);



    %C#5%
   [n#1@-5.754];
   [n#2@-4.304];
   [n#3@0.048];
   [n#4@-0.849];
   [n#5@3.021];


   [Eye_4$1](m5);


     %C#6%
   [n#1@-8.392];
   [n#2@-6.947];
   [n#3@-3.383];
   [n#4@-3.497];
   [n#5@-2.498];

     [Eye_4$1](m6);
  MODEL CONSTRAINT:
  New (diff12 diff13 diff23 diff14
    diff24 diff34 diff15 diff16 diff25
    diff26 diff35 diff36 diff45
    diff46 diff56);
    diff12 = m1-m2;  ! test pairwise distal mean differences
    diff13 = m1-m3;
    diff23 = m2-m3;
    diff14 = m1-m4;
    diff24 = m2-m4;
    diff34 = m3-m4;
    diff15 = m1-m5;
    diff16 = m1-m6;
    diff25 = m2-m5;
    diff26 = m2-m6;
    diff35 = m3-m5;
    diff36 = m3-m6;
    diff45 = m4-m5;
    diff46 = m4-m6;
    diff56 = m5-m6;


  MODEL TEST:
   0=m1-m2;
     0=m2-m3;
     0=m3-m4; ! omnibus test of distal thresholds
     0=m4-m5;
     0=m5-m6;
  OUTPUT:
  sampstat residual TECH11 TECH14;



*** WARNING
  One or more observations has a value of 0 for the WEIGHT variable.
*** WARNING in OUTPUT command
  SAMPSTAT option is not available when all outcomes are censored, ordered
  categorical, unordered categorical (nominal), count or continuous-time
  survival variables.  Request for SAMPSTAT is ignored.
*** WARNING in OUTPUT command
  TECH11 option is not available in conjunction with nonlinear constraints
  through the use of MODEL CONSTRAINT.  Request for TECH11 is ignored.
*** WARNING in OUTPUT command
  TECH14 option is not available for TYPE=MIXTURE with weights.
  Request for TECH14 is ignored.
   4 WARNING(S) FOUND IN THE INPUT INSTRUCTIONS




Step3 - 3step LSAY - Lab9

SUMMARY OF ANALYSIS

Number of groups                                                 1
Number of observations                                        3787

Number of dependent variables                                    2
Number of independent variables                                  0
Number of continuous latent variables                            0
Number of categorical latent variables                           1

Observed dependent variables

  Binary and ordered categorical (ordinal)
   EYE_4

  Unordered categorical (nominal)
   N

Categorical latent variables
   C

Variables with special functions

  Weight variable       WEIGHTS

Estimator                                                      MLR
Information matrix                                        OBSERVED
Optimization Specifications for the Quasi-Newton Algorithm for
Continuous Outcomes
  Maximum number of iterations                                1000
  Convergence criterion                                  0.100D-05
Optimization Specifications for the EM Algorithm
  Maximum number of iterations                                 500
  Convergence criteria
    Loglikelihood change                                 0.100D-06
    Relative loglikelihood change                        0.100D-06
    Derivative                                           0.100D-05
Optimization Specifications for the M step of the EM Algorithm for
Categorical Latent variables
  Number of M step iterations                                    1
  M step convergence criterion                           0.100D-05
  Basis for M step termination                           ITERATION
Optimization Specifications for the M step of the EM Algorithm for
Censored, Binary or Ordered Categorical (Ordinal), Unordered
Categorical (Nominal) and Count Outcomes
  Number of M step iterations                                    1
  M step convergence criterion                           0.100D-05
  Basis for M step termination                           ITERATION
  Maximum value for logit thresholds                            15
  Minimum value for logit thresholds                           -15
  Minimum expected cell size for chi-square              0.100D-01
Maximum number of iterations for H1                           2000
Convergence criterion for H1                             0.100D-03
Optimization algorithm                                         EMA
Link                                                         LOGIT

Input data file(s)
  ./Step1_MPlus_Outcomes.dat
Input data format  FREE


SUMMARY OF DATA

     Number of missing data patterns             2
     Number of y missing data patterns           0
     Number of u missing data patterns           2


COVARIANCE COVERAGE OF DATA

Minimum covariance coverage value   0.100


     PROPORTION OF DATA PRESENT FOR U


           Covariance Coverage
              EYE_4
              ________
 EYE_4          0.999


UNIVARIATE PROPORTIONS AND COUNTS FOR CATEGORICAL VARIABLES

    EYE_4
      Category 1    0.840         3180.338
      Category 2    0.160          604.605
    N
      Category 1    0.091          346.119
      Category 2    0.101          384.354
      Category 3    0.211          799.651
      Category 4    0.193          731.576
      Category 5    0.232          876.911
      Category 6    0.171          648.388



THE MODEL ESTIMATION TERMINATED NORMALLY



MODEL FIT INFORMATION

Number of Free Parameters                       11

Loglikelihood

          H0 Value                       -8212.015
          H0 Scaling Correction Factor      1.2802
            for MLR

Information Criteria

          Akaike (AIC)                   16446.029
          Bayesian (BIC)                 16514.662
          Sample-Size Adjusted BIC       16479.709
            (n* = (n + 2) / 24)

Chi-Square Test of Model Fit for the Binary and Ordered Categorical
(Ordinal) Outcomes

          Pearson Chi-Square

          Value                              0.000
          Degrees of freedom cannot be computed for this model part.

          Likelihood Ratio Chi-Square

          Value                              0.000
          Degrees of freedom cannot be computed for this model part.

Chi-Square Test for MCAR under the Unrestricted Latent Class Indicator Model

          Pearson Chi-Square

          Value                              0.000
          Degrees of Freedom                     0
          P-Value                           1.0000

          Likelihood Ratio Chi-Square

          Value                              0.000
          Degrees of Freedom                     0
          P-Value                           1.0000

Wald Test of Parameter Constraints

          Value                             44.449
          Degrees of Freedom                     5
          P-Value                           0.0000



FINAL CLASS COUNTS AND PROPORTIONS FOR THE LATENT CLASSES
BASED ON THE ESTIMATED MODEL

    Latent
   Classes

       1        369.07426          0.09746
       2        395.54718          0.10445
       3        796.13158          0.21023
       4        736.07840          0.19437
       5        839.89991          0.22179
       6        650.26866          0.17171


FINAL CLASS COUNTS AND PROPORTIONS FOR THE LATENT CLASSES
BASED ON ESTIMATED POSTERIOR PROBABILITIES

    Latent
   Classes

       1        369.07426          0.09746
       2        395.54718          0.10445
       3        796.13158          0.21023
       4        736.07840          0.19437
       5        839.89991          0.22179
       6        650.26866          0.17171


FINAL CLASS COUNTS AND PROPORTIONS FOR THE LATENT CLASSES
BASED ON THEIR MOST LIKELY LATENT CLASS MEMBERSHIP

Class Counts and Proportions

    Latent
   Classes

       1              346          0.09140
       2              384          0.10149
       3              800          0.21116
       4              732          0.19318
       5              877          0.23156
       6              648          0.17121


CLASSIFICATION QUALITY

     Entropy                         0.732


Average Latent Class Probabilities for Most Likely Latent Class Membership (Row)
by Latent Class (Column)

           1        2        3        4        5        6

    1   0.904    0.001    0.042    0.052    0.000    0.000
    2   0.000    0.995    0.000    0.002    0.001    0.001
    3   0.026    0.001    0.877    0.024    0.048    0.024
    4   0.047    0.005    0.017    0.885    0.021    0.023
    5   0.000    0.003    0.055    0.034    0.854    0.053
    6   0.000    0.009    0.029    0.032    0.056    0.874


Classification Probabilities for the Most Likely Latent Class Membership (Column)
by Latent Class (Row)

           1        2        3        4        5        6

    1   0.848    0.000    0.057    0.094    0.001    0.000
    2   0.000    0.967    0.002    0.010    0.007    0.014
    3   0.018    0.000    0.881    0.016    0.060    0.024
    4   0.025    0.001    0.026    0.880    0.041    0.028
    5   0.000    0.001    0.046    0.019    0.892    0.043
    6   0.000    0.001    0.030    0.026    0.072    0.871


Logits for the Classification Probabilities for the Most Likely Latent Class Membership (Column)
by Latent Class (Row)

              1        2        3        4        5        6

    1      7.881   -3.045    5.173    5.679    1.278    0.000
    2     -3.432    4.228   -1.990   -0.388   -0.652    0.000
    3     -0.274   -6.506    3.603   -0.403    0.924    0.000
    4     -0.122   -3.083   -0.078    3.454    0.381    0.000
    5     -5.754   -4.304    0.048   -0.849    3.021    0.000
    6     -8.392   -6.947   -3.383   -3.497   -2.498    0.000


MODEL RESULTS

                                                    Two-Tailed
                    Estimate       S.E.  Est./S.E.    P-Value

Latent Class 1

 Means
    N#1                7.881      0.000    999.000    999.000
    N#2               -3.045      0.000    999.000    999.000
    N#3                5.173      0.000    999.000    999.000
    N#4                5.679      0.000    999.000    999.000
    N#5                1.278      0.000    999.000    999.000

 Thresholds
    EYE_4$1            2.621      0.258     10.180      0.000

Latent Class 2

 Means
    N#1               -3.432      0.000    999.000    999.000
    N#2                4.228      0.000    999.000    999.000
    N#3               -1.990      0.000    999.000    999.000
    N#4               -0.388      0.000    999.000    999.000
    N#5               -0.652      0.000    999.000    999.000

 Thresholds
    EYE_4$1            2.129      0.190     11.212      0.000

Latent Class 3

 Means
    N#1               -0.274      0.000    999.000    999.000
    N#2               -6.506      0.000    999.000    999.000
    N#3                3.603      0.000    999.000    999.000
    N#4               -0.403      0.000    999.000    999.000
    N#5                0.924      0.000    999.000    999.000

 Thresholds
    EYE_4$1            1.925      0.130     14.856      0.000

Latent Class 4

 Means
    N#1               -0.122      0.000    999.000    999.000
    N#2               -3.083      0.000    999.000    999.000
    N#3               -0.078      0.000    999.000    999.000
    N#4                3.454      0.000    999.000    999.000
    N#5                0.381      0.000    999.000    999.000

 Thresholds
    EYE_4$1            1.700      0.128     13.273      0.000

Latent Class 5

 Means
    N#1               -5.754      0.000    999.000    999.000
    N#2               -4.304      0.000    999.000    999.000
    N#3                0.048      0.000    999.000    999.000
    N#4               -0.849      0.000    999.000    999.000
    N#5                3.021      0.000    999.000    999.000

 Thresholds
    EYE_4$1            1.245      0.114     10.911      0.000

Latent Class 6

 Means
    N#1               -8.392      0.000    999.000    999.000
    N#2               -6.947      0.000    999.000    999.000
    N#3               -3.383      0.000    999.000    999.000
    N#4               -3.497      0.000    999.000    999.000
    N#5               -2.498      0.000    999.000    999.000

 Thresholds
    EYE_4$1            1.339      0.137      9.738      0.000

Categorical Latent Variables

 Means
    C#1               -0.566      0.083     -6.804      0.000
    C#2               -0.497      0.082     -6.055      0.000
    C#3                0.202      0.072      2.823      0.005
    C#4                0.124      0.074      1.681      0.093
    C#5                0.256      0.076      3.359      0.001

New/Additional Parameters
    DIFF12             0.493      0.320      1.540      0.123
    DIFF13             0.696      0.296      2.350      0.019
    DIFF23             0.204      0.230      0.885      0.376
    DIFF14             0.921      0.300      3.073      0.002
    DIFF24             0.429      0.230      1.864      0.062
    DIFF34             0.225      0.185      1.215      0.225
    DIFF15             1.377      0.281      4.906      0.000
    DIFF16             1.283      0.291      4.407      0.000
    DIFF25             0.884      0.222      3.984      0.000
    DIFF26             0.790      0.235      3.356      0.001
    DIFF35             0.680      0.182      3.737      0.000
    DIFF36             0.586      0.194      3.028      0.002
    DIFF45             0.455      0.176      2.588      0.010
    DIFF46             0.361      0.193      1.872      0.061
    DIFF56            -0.094      0.189     -0.498      0.619


RESULTS IN PROBABILITY SCALE

Latent Class 1

 EYE_4
    Category 1         0.932      0.016     57.298      0.000
    Category 2         0.068      0.016      4.166      0.000

Latent Class 2

 EYE_4
    Category 1         0.894      0.018     49.529      0.000
    Category 2         0.106      0.018      5.894      0.000

Latent Class 3

 EYE_4
    Category 1         0.873      0.014     60.623      0.000
    Category 2         0.127      0.014      8.843      0.000

Latent Class 4

 EYE_4
    Category 1         0.846      0.017     50.548      0.000
    Category 2         0.154      0.017      9.233      0.000

Latent Class 5

 EYE_4
    Category 1         0.776      0.020     39.200      0.000
    Category 2         0.224      0.020     11.292      0.000

Latent Class 6

 EYE_4
    Category 1         0.792      0.023     35.018      0.000
    Category 2         0.208      0.023      9.182      0.000


LATENT CLASS ODDS RATIO RESULTS

                                                95% C.I.
                    Estimate       S.E.  Lower 2.5% Upper 2.5%

Latent Class 1 Compared to Latent Class 2

 EYE_4
    Category > 1       0.611      0.195      0.326      1.144

Latent Class 1 Compared to Latent Class 3

 EYE_4
    Category > 1       0.498      0.148      0.279      0.891

Latent Class 1 Compared to Latent Class 4

 EYE_4
    Category > 1       0.398      0.119      0.221      0.716

Latent Class 1 Compared to Latent Class 5

 EYE_4
    Category > 1       0.252      0.071      0.146      0.437

Latent Class 1 Compared to Latent Class 6

 EYE_4
    Category > 1       0.277      0.081      0.157      0.491

Latent Class 2 Compared to Latent Class 3

 EYE_4
    Category > 1       0.816      0.188      0.520      1.280

Latent Class 2 Compared to Latent Class 4

 EYE_4
    Category > 1       0.651      0.150      0.415      1.022

Latent Class 2 Compared to Latent Class 5

 EYE_4
    Category > 1       0.413      0.092      0.267      0.638

Latent Class 2 Compared to Latent Class 6

 EYE_4
    Category > 1       0.454      0.107      0.286      0.720

Latent Class 3 Compared to Latent Class 4

 EYE_4
    Category > 1       0.799      0.148      0.555      1.148

Latent Class 3 Compared to Latent Class 5

 EYE_4
    Category > 1       0.506      0.092      0.354      0.724

Latent Class 3 Compared to Latent Class 6

 EYE_4
    Category > 1       0.556      0.108      0.381      0.813

Latent Class 4 Compared to Latent Class 5

 EYE_4
    Category > 1       0.634      0.112      0.449      0.895

Latent Class 4 Compared to Latent Class 6

 EYE_4
    Category > 1       0.697      0.135      0.477      1.017

Latent Class 5 Compared to Latent Class 6

 EYE_4
    Category > 1       1.099      0.207      0.759      1.591


QUALITY OF NUMERICAL RESULTS

     Condition Number for the Information Matrix              0.132E-02
       (ratio of smallest to largest eigenvalue)


RESIDUAL OUTPUT


     UNIVARIATE DISTRIBUTION FIT FOR CLASS 1

     Variable          Observed      Estimated      Residual (Obs.-Est.)    Stand. Residual
     N
       Category 0        0.848          0.848                  0.000                0.000
       Category 1        0.000          0.000                  0.000                0.000
       Category 2        0.057          0.057                  0.000                0.000
       Category 3        0.094          0.094                  0.000                0.000
       Category 4        0.001          0.001                  0.000                0.000
       Category 5        0.000          0.000                  0.000                0.000


     UNIVARIATE DISTRIBUTION FIT FOR CLASS 2

     Variable          Observed      Estimated      Residual (Obs.-Est.)    Stand. Residual
     N
       Category 0        0.000          0.000                  0.000                0.000
       Category 1        0.967          0.967                  0.000                0.000
       Category 2        0.002          0.002                  0.000                0.000
       Category 3        0.010          0.010                  0.000                0.000
       Category 4        0.007          0.007                  0.000                0.000
       Category 5        0.014          0.014                  0.000                0.000


     UNIVARIATE DISTRIBUTION FIT FOR CLASS 3

     Variable          Observed      Estimated      Residual (Obs.-Est.)    Stand. Residual
     N
       Category 0        0.018          0.018                  0.000                0.000
       Category 1        0.000          0.000                  0.000                0.000
       Category 2        0.881          0.881                  0.000                0.000
       Category 3        0.016          0.016                  0.000                0.000
       Category 4        0.060          0.060                  0.000                0.000
       Category 5        0.024          0.024                  0.000                0.000


     UNIVARIATE DISTRIBUTION FIT FOR CLASS 4

     Variable          Observed      Estimated      Residual (Obs.-Est.)    Stand. Residual
     N
       Category 0        0.025          0.025                  0.000                0.000
       Category 1        0.001          0.001                  0.000                0.000
       Category 2        0.026          0.026                  0.000                0.000
       Category 3        0.880          0.880                  0.000                0.000
       Category 4        0.041          0.041                  0.000                0.000
       Category 5        0.028          0.028                  0.000                0.000


     UNIVARIATE DISTRIBUTION FIT FOR CLASS 5

     Variable          Observed      Estimated      Residual (Obs.-Est.)    Stand. Residual
     N
       Category 0        0.000          0.000                  0.000                0.000
       Category 1        0.001          0.001                  0.000                0.000
       Category 2        0.046          0.046                  0.000                0.000
       Category 3        0.019          0.019                  0.000                0.000
       Category 4        0.892          0.892                  0.000                0.000
       Category 5        0.043          0.043                  0.000                0.000


     UNIVARIATE DISTRIBUTION FIT FOR CLASS 6

     Variable          Observed      Estimated      Residual (Obs.-Est.)    Stand. Residual
     N
       Category 0        0.000          0.000                  0.000                0.000
       Category 1        0.001          0.001                  0.000                0.000
       Category 2        0.030          0.030                  0.000                0.000
       Category 3        0.026          0.026                  0.000                0.000
       Category 4        0.072          0.072                  0.000                0.000
       Category 5        0.871          0.871                  0.000                0.000


     UNIVARIATE DISTRIBUTION FIT FOR CLASS 1

     Variable          Observed      Estimated      Residual (Obs.-Est.)    Stand. Residual
     EYE_4
       Category 1        0.932          0.932                  0.000                0.000
       Category 2        0.068          0.068                  0.000                0.000


     UNIVARIATE DISTRIBUTION FIT FOR CLASS 2

     Variable          Observed      Estimated      Residual (Obs.-Est.)    Stand. Residual
     EYE_4
       Category 1        0.894          0.894                  0.000                0.000
       Category 2        0.106          0.106                  0.000                0.000


     UNIVARIATE DISTRIBUTION FIT FOR CLASS 3

     Variable          Observed      Estimated      Residual (Obs.-Est.)    Stand. Residual
     EYE_4
       Category 1        0.873          0.873                  0.000                0.000
       Category 2        0.127          0.127                  0.000                0.000


     UNIVARIATE DISTRIBUTION FIT FOR CLASS 4

     Variable          Observed      Estimated      Residual (Obs.-Est.)    Stand. Residual
     EYE_4
       Category 1        0.846          0.846                  0.000                0.000
       Category 2        0.154          0.154                  0.000                0.000


     UNIVARIATE DISTRIBUTION FIT FOR CLASS 5

     Variable          Observed      Estimated      Residual (Obs.-Est.)    Stand. Residual
     EYE_4
       Category 1        0.776          0.776                  0.000                0.000
       Category 2        0.224          0.224                  0.000                0.000


     UNIVARIATE DISTRIBUTION FIT FOR CLASS 6

     Variable          Observed      Estimated      Residual (Obs.-Est.)    Stand. Residual
     EYE_4
       Category 1        0.792          0.792                  0.000                0.000
       Category 2        0.208          0.208                  0.000                0.000


     Beginning Time:  21:51:55
        Ending Time:  21:51:55
       Elapsed Time:  00:00:00



MUTHEN & MUTHEN
3463 Stoner Ave.
Los Angeles, CA  90066

Tel: (310) 391-9971
Fax: (310) 391-8971
Web: www.StatModel.com
Support: Support@StatModel.com

Copyright (c) 1998-2020 Muthen & Muthen
