Mplus VERSION 8.5 (Mac)
MUTHEN & MUTHEN
09/15/2022   3:37 PM

INPUT INSTRUCTIONS

  TITLE:
  Step2 - 3step LSAY - Lab9
  DATA:
  FILE = "./Step2_Outcomes.dat";

  VARIABLE:
  NAMES = W4_SMOKE W5_SMOKE W6_SMOKE W7_SMOKE W8_SMOKE W4_DRINK W5_DRINK W6_DRINK
       W7_DRINK W8_DRINK W4_PA W5_PA W6_PA W7_PA W8_PA W4_FV W5_FV W6_FV W7_FV W8_FV
       FEMALE AGE PAT_INT PAT_HIG SELF_INT SELF_HIG EDU_UPP EDU_TER WEALTH_2 WEALTH_3
       EYE_4 CIRCUL_4 ENDOCR_4 MUSCUL_4 RESPIR_4 NEOPLA_4 NERVOU_4 MENTAL_4 MULTI_4
       CMULTI_4 LUNCAN_4 MULTI EYE CIRCUL ENDOCR MUSCUL RESPIR NEOPLA NERVOU MENTAL
       CMULTI LUNCAN CPROB1 CPROB2 CPROB3 CPROB4 CPROB5 CPROB6 CPROB7 CPROB8 CPROB9 N
       WEIGHTS;
   MISSING=.;
   nominal=N;
    USEVAR = N;
    USEOBSERVATIONS = Female NE -99 AND Age NE -99 AND
    Pat_Int NE -99 AND
  Pat_Hig NE -99 AND Self_Int NE -99 AND
  Self_Hig NE -99 AND Edu_Upp NE -99 AND
  Edu_Ter NE -99 AND
  Wealth_2 NE -99 AND Wealth_3 NE -99;
    missing are all (-99);
    classes = c(6);
  ANALYSIS:
  estimator = mlr;
    type = mixture;
    starts = 0;
  MODEL:
  %C#1%
   [n#1@7.294];
   [n#2@3.969];
   [n#3@2.503];
   [n#4@-1.205];
   [n#5@4.803];

   %C#2%
  [n#1@-2.371];
   [n#2@3.461];
   [n#3@0.047];
   [n#4@0.331];
   [n#5@-3.997];

   %C#3%
  [n#1@2.727];
   [n#2@7.115];
   [n#3@9.449];
   [n#4@5.312];
   [n#5@-4.198];

     %C#4%
   [n#1@-9.227];
   [n#2@0.387];
   [n#3@-1.609];
   [n#4@3.602];
   [n#5@-3.857];

    %C#5%
   [n#1@-0.995];
   [n#2@-1.148];
   [n#3@-8.071];
   [n#4@-1.282];
   [n#5@3.929];

   %C#6%
   [n#1@-6.26];
   [n#2@-0.226];
   [n#3@-0.765];
   [n#4@-0.031];
   [n#5@-3.32];



INPUT READING TERMINATED NORMALLY




Step2 - 3step LSAY - Lab9

SUMMARY OF ANALYSIS

Number of groups                                                 1
Number of observations                                        3787

Number of dependent variables                                    1
Number of independent variables                                  0
Number of continuous latent variables                            0
Number of categorical latent variables                           1

Observed dependent variables

  Unordered categorical (nominal)
   N

Categorical latent variables
   C


Estimator                                                      MLR
Information matrix                                        OBSERVED
Optimization Specifications for the Quasi-Newton Algorithm for
Continuous Outcomes
  Maximum number of iterations                                 100
  Convergence criterion                                  0.100D-05
Optimization Specifications for the EM Algorithm
  Maximum number of iterations                                 500
  Convergence criteria
    Loglikelihood change                                 0.100D-06
    Relative loglikelihood change                        0.100D-06
    Derivative                                           0.100D-05
Optimization Specifications for the M step of the EM Algorithm for
Categorical Latent variables
  Number of M step iterations                                    1
  M step convergence criterion                           0.100D-05
  Basis for M step termination                           ITERATION
Optimization Specifications for the M step of the EM Algorithm for
Censored, Binary or Ordered Categorical (Ordinal), Unordered
Categorical (Nominal) and Count Outcomes
  Number of M step iterations                                    1
  M step convergence criterion                           0.100D-05
  Basis for M step termination                           ITERATION
  Maximum value for logit thresholds                            15
  Minimum value for logit thresholds                           -15
  Minimum expected cell size for chi-square              0.100D-01
Maximum number of iterations for H1                           2000
Convergence criterion for H1                             0.100D-03
Optimization algorithm                                         EMA

Input data file(s)
  ./Step2_Outcomes.dat
Input data format  FREE


SUMMARY OF DATA



COVARIANCE COVERAGE OF DATA

Minimum covariance coverage value   0.100


UNIVARIATE PROPORTIONS AND COUNTS FOR CATEGORICAL VARIABLES

    N
      Category 1    0.027          101.000
      Category 2    0.156          592.000
      Category 3    0.110          415.000
      Category 4    0.172          650.000
      Category 5    0.076          288.000
      Category 6    0.095          360.000
      Category 7    0.143          543.000
      Category 8    0.110          415.000
      Category 9    0.112          423.000


     THE STANDARD ERRORS OF THE MODEL PARAMETER ESTIMATES MAY NOT BE
     TRUSTWORTHY FOR SOME PARAMETERS DUE TO A NON-POSITIVE DEFINITE
     FIRST-ORDER DERIVATIVE PRODUCT MATRIX.  THIS MAY BE DUE TO THE STARTING
     VALUES BUT MAY ALSO BE AN INDICATION OF MODEL NONIDENTIFICATION.  THE
     CONDITION NUMBER IS       0.814D-16.  PROBLEM INVOLVING THE FOLLOWING PARAMETER:
     Parameter 10, %C#2%: [ N#7 ]

     ONE OR MORE PARAMETERS WERE FIXED TO AVOID SINGULARITY OF THE
     INFORMATION MATRIX. THE SINGULARITY IS MOST LIKELY DUE TO THE
     MODEL IS NOT IDENTIFIED, OR DUE TO A LARGE OR A SMALL PARAMETER
     ON THE LOGIT SCALE. THE FOLLOWING PARAMETERS WERE FIXED:
     Parameter 12, %C#3%: [ N#6 ]
     Parameter 13, %C#3%: [ N#7 ]
     Parameter 14, %C#3%: [ N#8 ]
     Parameter 15, %C#4%: [ N#6 ]
     Parameter 16, %C#4%: [ N#7 ]
     Parameter 17, %C#4%: [ N#8 ]
     Parameter 18, %C#5%: [ N#6 ]
     Parameter 19, %C#5%: [ N#7 ]
     Parameter 20, %C#5%: [ N#8 ]
     Parameter 21, %C#6%: [ N#6 ]
     Parameter 22, %C#6%: [ N#7 ]
     Parameter 23, %C#6%: [ N#8 ]
     Parameter 11, %C#2%: [ N#8 ]
     Parameter 9, %C#2%: [ N#6 ]


THE MODEL ESTIMATION TERMINATED NORMALLY



MODEL FIT INFORMATION

Number of Free Parameters                       23

Loglikelihood

          H0 Value                       -8016.375
          H0 Scaling Correction Factor      0.3478
            for MLR

Information Criteria

          Akaike (AIC)                   16078.751
          Bayesian (BIC)                 16222.255
          Sample-Size Adjusted BIC       16149.172
            (n* = (n + 2) / 24)



FINAL CLASS COUNTS AND PROPORTIONS FOR THE LATENT CLASSES
BASED ON THE ESTIMATED MODEL

    Latent
   Classes

       1        114.90021          0.03034
       2        497.56232          0.13139
       3        246.53141          0.06510
       4        604.01030          0.15950
       5        632.15124          0.16693
       6       1691.84452          0.44675


FINAL CLASS COUNTS AND PROPORTIONS FOR THE LATENT CLASSES
BASED ON ESTIMATED POSTERIOR PROBABILITIES

    Latent
   Classes

       1        114.90021          0.03034
       2        497.56232          0.13139
       3        246.53141          0.06510
       4        604.01030          0.15950
       5        632.15124          0.16693
       6       1691.84452          0.44675


FINAL CLASS COUNTS AND PROPORTIONS FOR THE LATENT CLASSES
BASED ON THEIR MOST LIKELY LATENT CLASS MEMBERSHIP

Class Counts and Proportions

    Latent
   Classes

       1              101          0.02667
       2                0          0.00000
       3              415          0.10959
       4                0          0.00000
       5              288          0.07605
       6             2983          0.78769


CLASSIFICATION QUALITY

     Entropy                         0.489


Average Latent Class Probabilities for Most Likely Latent Class Membership (Row)
by Latent Class (Column)

           1        2        3        4        5        6

    1   0.964    0.007    0.003    0.000    0.019    0.008
    2   0.000    0.000    0.000    0.000    0.000    0.000
    3   0.002    0.019    0.524    0.003    0.000    0.453
    4   0.000    0.000    0.000    0.000    0.000    0.000
    5   0.028    0.000    0.000    0.000    0.920    0.051
    6   0.003    0.164    0.010    0.202    0.122    0.499


Classification Probabilities for the Most Likely Latent Class Membership (Column)
by Latent Class (Row)

           1        2        3        4        5        6

    1   0.847    0.000    0.007    0.000    0.070    0.076
    2   0.001    0.000    0.015    0.000    0.000    0.983
    3   0.001    0.000    0.881    0.000    0.000    0.117
    4   0.000    0.000    0.002    0.000    0.000    0.998
    5   0.003    0.000    0.000    0.000    0.419    0.578
    6   0.000    0.000    0.111    0.000    0.009    0.880


Logits for the Classification Probabilities for the Most Likely Latent Class Membership (Column)
by Latent Class (Row)

              1        2        3        4        5        6

    1      2.418  -11.232   -2.373  -11.232   -0.073    0.000
    2     -6.569  -13.798   -4.151  -13.798   -8.195    0.000
    3     -4.707  -11.674    2.015  -11.674  -11.632    0.000
    4    -13.735  -13.813   -6.117  -13.813   -8.365    0.000
    5     -5.244  -13.267  -12.320  -13.267   -0.320    0.000
    6     -7.565  -13.688   -2.070  -13.688   -4.625    0.000


MODEL RESULTS

                                                    Two-Tailed
                    Estimate       S.E.  Est./S.E.    P-Value

Latent Class 1

 Means
    N#1                7.294      0.000    999.000    999.000
    N#2                3.969      0.000    999.000    999.000
    N#3                2.503      0.000    999.000    999.000
    N#4               -1.205      0.000    999.000    999.000
    N#5                4.803      0.000    999.000    999.000
    N#6                3.045     17.436      0.175      0.861
    N#7                3.456     44.703      0.077      0.938
    N#8                3.187     16.712      0.191      0.849

Latent Class 2

 Means
    N#1               -2.371      0.000    999.000    999.000
    N#2                3.461      0.000    999.000    999.000
    N#3                0.047      0.000    999.000    999.000
    N#4                0.331      0.000    999.000    999.000
    N#5               -3.997      0.000    999.000    999.000
    N#6                2.178      0.000    999.000    999.000
    N#7                2.589      1.290      2.008      0.045
    N#8                2.320      0.000    999.000    999.000

Latent Class 3

 Means
    N#1                2.727      0.000    999.000    999.000
    N#2                7.115      0.000    999.000    999.000
    N#3                9.449      0.000    999.000    999.000
    N#4                5.312      0.000    999.000    999.000
    N#5               -4.198      0.000    999.000    999.000
    N#6                4.256      0.000    999.000    999.000
    N#7                4.667      0.000    999.000    999.000
    N#8                4.398      0.000    999.000    999.000

Latent Class 4

 Means
    N#1               -9.227      0.000    999.000    999.000
    N#2                0.387      0.000    999.000    999.000
    N#3               -1.609      0.000    999.000    999.000
    N#4                3.602      0.000    999.000    999.000
    N#5               -3.857      0.000    999.000    999.000
    N#6                2.646      0.000    999.000    999.000
    N#7                3.057      0.000    999.000    999.000
    N#8                2.788      0.000    999.000    999.000

Latent Class 5

 Means
    N#1               -0.995      0.000    999.000    999.000
    N#2               -1.148      0.000    999.000    999.000
    N#3               -8.071      0.000    999.000    999.000
    N#4               -1.282      0.000    999.000    999.000
    N#5                3.929      0.000    999.000    999.000
    N#6                2.929      0.000    999.000    999.000
    N#7                3.340      0.000    999.000    999.000
    N#8                3.071      0.000    999.000    999.000

Latent Class 6

 Means
    N#1               -6.260      0.000    999.000    999.000
    N#2               -0.226      0.000    999.000    999.000
    N#3               -0.765      0.000    999.000    999.000
    N#4               -0.031      0.000    999.000    999.000
    N#5               -3.320      0.000    999.000    999.000
    N#6               -1.381      0.000    999.000    999.000
    N#7               -0.970      0.000    999.000    999.000
    N#8               -1.239      0.000    999.000    999.000

Categorical Latent Variables

 Means
    C#1               -2.690      0.724     -3.715      0.000
    C#2               -1.224      0.233     -5.244      0.000
    C#3               -1.926      0.135    -14.276      0.000
    C#4               -1.030      0.175     -5.897      0.000
    C#5               -0.984      0.086    -11.427      0.000


QUALITY OF NUMERICAL RESULTS

     Condition Number for the Information Matrix              0.198E-09
       (ratio of smallest to largest eigenvalue)


TECHNICAL 1 OUTPUT


     PARAMETER SPECIFICATION FOR LATENT CLASS 1


     PARAMETER SPECIFICATION FOR LATENT CLASS 2


     PARAMETER SPECIFICATION FOR LATENT CLASS 3


     PARAMETER SPECIFICATION FOR LATENT CLASS 4


     PARAMETER SPECIFICATION FOR LATENT CLASS 5


     PARAMETER SPECIFICATION FOR LATENT CLASS 6


     PARAMETER SPECIFICATION FOR LATENT CLASS REGRESSION MODEL PART


           ALPHA(C)
              C#1           C#2           C#3           C#4           C#5
              ________      ________      ________      ________      ________
                    1             2             3             4             5


           ALPHA(C)
              C#6
              ________
                    0


     PARAMETER SPECIFICATION FOR THE CENSORED/NOMINAL/COUNT MODEL PART


           NU(P) FOR LATENT CLASS 1
              N#1           N#2           N#3           N#4           N#5
              ________      ________      ________      ________      ________
                    0             0             0             0             0


           NU(P) FOR LATENT CLASS 1
              N#6           N#7           N#8
              ________      ________      ________
                    6             7             8


           NU(P) FOR LATENT CLASS 2
              N#1           N#2           N#3           N#4           N#5
              ________      ________      ________      ________      ________
                    0             0             0             0             0


           NU(P) FOR LATENT CLASS 2
              N#6           N#7           N#8
              ________      ________      ________
                    9            10            11


           NU(P) FOR LATENT CLASS 3
              N#1           N#2           N#3           N#4           N#5
              ________      ________      ________      ________      ________
                    0             0             0             0             0


           NU(P) FOR LATENT CLASS 3
              N#6           N#7           N#8
              ________      ________      ________
                   12            13            14


           NU(P) FOR LATENT CLASS 4
              N#1           N#2           N#3           N#4           N#5
              ________      ________      ________      ________      ________
                    0             0             0             0             0


           NU(P) FOR LATENT CLASS 4
              N#6           N#7           N#8
              ________      ________      ________
                   15            16            17


           NU(P) FOR LATENT CLASS 5
              N#1           N#2           N#3           N#4           N#5
              ________      ________      ________      ________      ________
                    0             0             0             0             0


           NU(P) FOR LATENT CLASS 5
              N#6           N#7           N#8
              ________      ________      ________
                   18            19            20


           NU(P) FOR LATENT CLASS 6
              N#1           N#2           N#3           N#4           N#5
              ________      ________      ________      ________      ________
                    0             0             0             0             0


           NU(P) FOR LATENT CLASS 6
              N#6           N#7           N#8
              ________      ________      ________
                   21            22            23


     STARTING VALUES FOR LATENT CLASS 1


     STARTING VALUES FOR LATENT CLASS 2


     STARTING VALUES FOR LATENT CLASS 3


     STARTING VALUES FOR LATENT CLASS 4


     STARTING VALUES FOR LATENT CLASS 5


     STARTING VALUES FOR LATENT CLASS 6


     STARTING VALUES FOR LATENT CLASS REGRESSION MODEL PART


           ALPHA(C)
              C#1           C#2           C#3           C#4           C#5
              ________      ________      ________      ________      ________
                0.000         0.000         0.000         0.000         0.000


           ALPHA(C)
              C#6
              ________
                0.000


     STARTING VALUES FOR THE CENSORED/NOMINAL/COUNT MODEL PART


           NU(P) FOR LATENT CLASS 1
              N#1           N#2           N#3           N#4           N#5
              ________      ________      ________      ________      ________
                7.294         3.969         2.503        -1.205         4.803


           NU(P) FOR LATENT CLASS 1
              N#6           N#7           N#8
              ________      ________      ________
                1.839         2.250         1.981


           NU(P) FOR LATENT CLASS 2
              N#1           N#2           N#3           N#4           N#5
              ________      ________      ________      ________      ________
               -2.371         3.461         0.047         0.331        -3.997


           NU(P) FOR LATENT CLASS 2
              N#6           N#7           N#8
              ________      ________      ________
                2.839         3.250         2.981


           NU(P) FOR LATENT CLASS 3
              N#1           N#2           N#3           N#4           N#5
              ________      ________      ________      ________      ________
                2.727         7.115         9.449         5.312        -4.198


           NU(P) FOR LATENT CLASS 3
              N#6           N#7           N#8
              ________      ________      ________
                3.839         4.250         3.981


           NU(P) FOR LATENT CLASS 4
              N#1           N#2           N#3           N#4           N#5
              ________      ________      ________      ________      ________
               -9.227         0.387        -1.609         3.602        -3.857


           NU(P) FOR LATENT CLASS 4
              N#6           N#7           N#8
              ________      ________      ________
                4.839         5.250         4.981


           NU(P) FOR LATENT CLASS 5
              N#1           N#2           N#3           N#4           N#5
              ________      ________      ________      ________      ________
               -0.995        -1.148        -8.071        -1.282         3.929


           NU(P) FOR LATENT CLASS 5
              N#6           N#7           N#8
              ________      ________      ________
                5.839         6.250         5.981


           NU(P) FOR LATENT CLASS 6
              N#1           N#2           N#3           N#4           N#5
              ________      ________      ________      ________      ________
               -6.260        -0.226        -0.765        -0.031        -3.320


           NU(P) FOR LATENT CLASS 6
              N#6           N#7           N#8
              ________      ________      ________
                6.839         7.250         6.981


     Beginning Time:  15:37:48
        Ending Time:  15:37:48
       Elapsed Time:  00:00:00



MUTHEN & MUTHEN
3463 Stoner Ave.
Los Angeles, CA  90066

Tel: (310) 391-9971
Fax: (310) 391-8971
Web: www.StatModel.com
Support: Support@StatModel.com

Copyright (c) 1998-2020 Muthen & Muthen
