Mplus VERSION 8.5 (Mac)
MUTHEN & MUTHEN
09/14/2022   9:52 PM

INPUT INSTRUCTIONS

  TITLE:
  Step3 - 3step LSAY - Lab9
  DATA:
  FILE = "./Step1_MPlus_Outcomes.dat";

  VARIABLE:
  NAMES = W4_SMOKE W5_SMOKE W6_SMOKE W7_SMOKE W8_SMOKE W4_DRINK W5_DRINK W6_DRINK
       W7_DRINK W8_DRINK W4_PA W5_PA W6_PA W7_PA W8_PA W4_FV W5_FV W6_FV W7_FV W8_FV
       FEMALE AGE PAT_INT PAT_HIG SELF_INT SELF_HIG EDU_UPP EDU_TER WEALTH_2 WEALTH_3
       EYE_4 CIRCUL_4 ENDOCR_4 MUSCUL_4 RESPIR_4 NEOPLA_4 NERVOU_4 MENTAL_4 MULTI_4
       CMULTI_4 LUNCAN_4 MULTI EYE CIRCUL ENDOCR MUSCUL RESPIR NEOPLA NERVOU MENTAL
       CMULTI LUNCAN CPROB1 CPROB2 CPROB3 CPROB4 CPROB5 CPROB6 N WEIGHTS;
   MISSING=.;
   nominal=N;
    usevar = n;
    USEOBSERVATIONS = Female NE -99 AND Age NE -99 AND
    Pat_Int NE -99 AND
  Pat_Hig NE -99 AND Self_Int NE -99 AND
  Self_Hig NE -99 AND Edu_Upp NE -99 AND
  Edu_Ter NE -99 AND
  Wealth_2 NE -99 AND Wealth_3 NE -99;
    missing are all (-99);
    classes = c(6);
    CATEGORICAL = MUSCUL_4;
    usevar =  Female Age
     Pat_Int Pat_Hig Self_Int Self_Hig Edu_Upp
     Edu_Ter Wealth_2 Wealth_3 MUSCUL_4;
    WEIGHT  = Weights;
  ANALYSIS:
  estimator = mlr;
    type = mixture;
    starts = 0;
    ITERATIONS = 1000;
  MODEL:
  %OVERALL%
  MUSCUL_4 ON Female Age
     Pat_Int Pat_Hig Self_Int Self_Hig Edu_Upp
     Edu_Ter Wealth_2 Wealth_3;         ! covariate as predictor of distal


      %C#1%
      [n#1@7.881];
      [n#2@-3.045];
      [n#3@5.173];
      [n#4@5.679];
      [n#5@1.278];

    [MUSCUL_4$1](m1);

     %C#2%
    [n#1@-3.432];
    [n#2@4.228];
    [n#3@-1.99];
    [n#4@-0.388];
    [n#5@-0.652];

    [MUSCUL_4$1](m2);


    %C#3%
   [n#1@-0.274];
    [n#2@-6.506];
    [n#3@3.603];
    [n#4@-0.403];
    [n#5@0.924];


    [MUSCUL_4$1](m3);


     %C#4%
    [n#1@-0.122];
    [n#2@-3.083];
    [n#3@-0.078];
    [n#4@3.454];
    [n#5@0.381];


    [MUSCUL_4$1](m4);



     %C#5%
    [n#1@-5.754];
    [n#2@-4.304];
    [n#3@0.048];
    [n#4@-0.849];
    [n#5@3.021];


    [MUSCUL_4$1](m5);


      %C#6%
    [n#1@-8.392];
    [n#2@-6.947];
    [n#3@-3.383];
    [n#4@-3.497];
    [n#5@-2.498];

      [MUSCUL_4$1](m6);
  MODEL CONSTRAINT:
  New (diff12 diff13 diff23 diff14
    diff24 diff34 diff15 diff16 diff25
    diff26 diff35 diff36 diff45
    diff46 diff56);
    diff12 = m1-m2;  ! test pairwise distal mean differences
    diff13 = m1-m3;
    diff23 = m2-m3;
    diff14 = m1-m4;
    diff24 = m2-m4;
    diff34 = m3-m4;
    diff15 = m1-m5;
    diff16 = m1-m6;
    diff25 = m2-m5;
    diff26 = m2-m6;
    diff35 = m3-m5;
    diff36 = m3-m6;
    diff45 = m4-m5;
    diff46 = m4-m6;
    diff56 = m5-m6;


  MODEL TEST:
   0=m1-m2;
     0=m2-m3;
     0=m3-m4; ! omnibus test of distal thresholds
     0=m4-m5;
     0=m5-m6;
  OUTPUT:
  sampstat residual TECH11 TECH14;



*** WARNING
  One or more observations has a value of 0 for the WEIGHT variable.
*** WARNING in OUTPUT command
  TECH11 option is not available in conjunction with nonlinear constraints
  through the use of MODEL CONSTRAINT.  Request for TECH11 is ignored.
*** WARNING in OUTPUT command
  TECH14 option is not available for TYPE=MIXTURE with weights.
  Request for TECH14 is ignored.
   3 WARNING(S) FOUND IN THE INPUT INSTRUCTIONS




Step3 - 3step LSAY - Lab9

SUMMARY OF ANALYSIS

Number of groups                                                 1
Number of observations                                        3787

Number of dependent variables                                    2
Number of independent variables                                 10
Number of continuous latent variables                            0
Number of categorical latent variables                           1

Observed dependent variables

  Binary and ordered categorical (ordinal)
   MUSCUL_4

  Unordered categorical (nominal)
   N

Observed independent variables
   FEMALE      AGE         PAT_INT     PAT_HIG     SELF_INT    SELF_HIG
   EDU_UPP     EDU_TER     WEALTH_2    WEALTH_3

Categorical latent variables
   C

Variables with special functions

  Weight variable       WEIGHTS

Estimator                                                      MLR
Information matrix                                        OBSERVED
Optimization Specifications for the Quasi-Newton Algorithm for
Continuous Outcomes
  Maximum number of iterations                                1000
  Convergence criterion                                  0.100D-05
Optimization Specifications for the EM Algorithm
  Maximum number of iterations                                 500
  Convergence criteria
    Loglikelihood change                                 0.100D-06
    Relative loglikelihood change                        0.100D-06
    Derivative                                           0.100D-05
Optimization Specifications for the M step of the EM Algorithm for
Categorical Latent variables
  Number of M step iterations                                    1
  M step convergence criterion                           0.100D-05
  Basis for M step termination                           ITERATION
Optimization Specifications for the M step of the EM Algorithm for
Censored, Binary or Ordered Categorical (Ordinal), Unordered
Categorical (Nominal) and Count Outcomes
  Number of M step iterations                                    1
  M step convergence criterion                           0.100D-05
  Basis for M step termination                           ITERATION
  Maximum value for logit thresholds                            15
  Minimum value for logit thresholds                           -15
  Minimum expected cell size for chi-square              0.100D-01
Maximum number of iterations for H1                           2000
Convergence criterion for H1                             0.100D-03
Optimization algorithm                                         EMA
Link                                                         LOGIT

Input data file(s)
  ./Step1_MPlus_Outcomes.dat
Input data format  FREE


SUMMARY OF DATA

     Number of missing data patterns             2
     Number of y missing data patterns           0
     Number of u missing data patterns           2


COVARIANCE COVERAGE OF DATA

Minimum covariance coverage value   0.100


     PROPORTION OF DATA PRESENT FOR U


           Covariance Coverage
              MUSCUL_4
              ________
 MUSCUL_4       0.999


UNIVARIATE PROPORTIONS AND COUNTS FOR CATEGORICAL VARIABLES

    MUSCUL_4
      Category 1    0.651         2463.489
      Category 2    0.349         1320.548
    N
      Category 1    0.091          346.119
      Category 2    0.101          384.354
      Category 3    0.211          799.651
      Category 4    0.193          731.576
      Category 5    0.232          876.911
      Category 6    0.171          648.388


SAMPLE STATISTICS


     SAMPLE STATISTICS


           Means
              FEMALE        AGE           PAT_INT       PAT_HIG       SELF_INT
              ________      ________      ________      ________      ________
                0.521        63.677         0.328         0.382         0.246


           Means
              SELF_HIG      EDU_UPP       EDU_TER       WEALTH_2      WEALTH_3
              ________      ________      ________      ________      ________
                0.404         0.475         0.168         0.336         0.358


           Covariances
              FEMALE        AGE           PAT_INT       PAT_HIG       SELF_INT
              ________      ________      ________      ________      ________
 FEMALE         0.250
 AGE            0.237        67.179
 PAT_INT       -0.011        -0.023         0.220
 PAT_HIG        0.008        -0.193        -0.125         0.236
 SELF_INT       0.019        -0.013         0.002         0.007         0.185
 SELF_HIG       0.011         0.440         0.012        -0.059        -0.099
 EDU_UPP       -0.013        -0.376         0.001         0.014         0.022
 EDU_TER       -0.021        -0.425        -0.019         0.045        -0.014
 WEALTH_2      -0.003        -0.008         0.013        -0.012         0.005
 WEALTH_3      -0.010        -0.213        -0.020         0.063         0.012


           Covariances
              SELF_HIG      EDU_UPP       EDU_TER       WEALTH_2      WEALTH_3
              ________      ________      ________      ________      ________
 SELF_HIG       0.241
 EDU_UPP       -0.029         0.249
 EDU_TER       -0.058        -0.080         0.140
 WEALTH_2       0.005         0.013        -0.014         0.223
 WEALTH_3      -0.074         0.010         0.049        -0.120         0.230


           Correlations
              FEMALE        AGE           PAT_INT       PAT_HIG       SELF_INT
              ________      ________      ________      ________      ________
 FEMALE         1.000
 AGE            0.058         1.000
 PAT_INT       -0.048        -0.006         1.000
 PAT_HIG        0.034        -0.048        -0.550         1.000
 SELF_INT       0.088        -0.004         0.009         0.032         1.000
 SELF_HIG       0.043         0.110         0.052        -0.249        -0.470
 EDU_UPP       -0.051        -0.092         0.003         0.058         0.104
 EDU_TER       -0.113        -0.139        -0.107         0.248        -0.087
 WEALTH_2      -0.012        -0.002         0.059        -0.052         0.026
 WEALTH_3      -0.043        -0.054        -0.089         0.271         0.060


           Correlations
              SELF_HIG      EDU_UPP       EDU_TER       WEALTH_2      WEALTH_3
              ________      ________      ________      ________      ________
 SELF_HIG       1.000
 EDU_UPP       -0.118         1.000
 EDU_TER       -0.318        -0.427         1.000
 WEALTH_2       0.021         0.053        -0.079         1.000
 WEALTH_3      -0.317         0.042         0.274        -0.530         1.000


UNIVARIATE SAMPLE STATISTICS


     UNIVARIATE HIGHER-ORDER MOMENT DESCRIPTIVE STATISTICS

         Variable/         Mean/     Skewness/   Minimum/ % with                Percentiles
        Sample Size      Variance    Kurtosis    Maximum  Min/Max      20%/60%    40%/80%    Median

     FEMALE                0.521      -0.085       0.000   44.57%       0.000      0.000      1.000
            3787.000       0.250      -1.993       1.000   55.43%       1.000      1.000
     AGE                  63.677       0.649      36.000    0.05%      55.000     60.000     61.000
            3787.000      67.179      -0.452      99.000    0.03%      64.000     70.000
     PAT_INT               0.328       0.732       0.000   68.37%       0.000      0.000      0.000
            3787.000       0.220      -1.464       1.000   31.63%       0.000      1.000
     PAT_HIG               0.382       0.484       0.000   58.44%       0.000      0.000      0.000
            3787.000       0.236      -1.766       1.000   41.56%       1.000      1.000
     SELF_INT              0.246       1.181       0.000   74.33%       0.000      0.000      0.000
            3787.000       0.185      -0.605       1.000   25.67%       0.000      1.000
     SELF_HIG              0.404       0.392       0.000   65.75%       0.000      0.000      0.000
            3787.000       0.241      -1.846       1.000   34.25%       0.000      1.000
     EDU_UPP               0.475       0.100       0.000   48.67%       0.000      0.000      1.000
            3787.000       0.249      -1.990       1.000   51.33%       1.000      1.000
     EDU_TER               0.168       1.780       0.000   79.03%       0.000      0.000      0.000
            3787.000       0.140       1.167       1.000   20.97%       0.000      1.000
     WEALTH_2              0.336       0.696       0.000   66.36%       0.000      0.000      0.000
            3787.000       0.223      -1.516       1.000   33.64%       0.000      1.000
     WEALTH_3              0.358       0.594       0.000   59.99%       0.000      0.000      0.000
            3787.000       0.230      -1.647       1.000   40.01%       0.000      1.000


THE MODEL ESTIMATION TERMINATED NORMALLY



MODEL FIT INFORMATION

Number of Free Parameters                       21

Loglikelihood

          H0 Value                       -8843.522
          H0 Scaling Correction Factor      1.2672
            for MLR

Information Criteria

          Akaike (AIC)                   17729.043
          Bayesian (BIC)                 17860.069
          Sample-Size Adjusted BIC       17793.341
            (n* = (n + 2) / 24)

Wald Test of Parameter Constraints

          Value                             41.133
          Degrees of Freedom                     5
          P-Value                           0.0000



FINAL CLASS COUNTS AND PROPORTIONS FOR THE LATENT CLASSES
BASED ON THE ESTIMATED MODEL

    Latent
   Classes

       1        369.06906          0.09746
       2        395.54817          0.10445
       3        796.03297          0.21020
       4        736.15107          0.19439
       5        839.83104          0.22177
       6        650.36768          0.17174


FINAL CLASS COUNTS AND PROPORTIONS FOR THE LATENT CLASSES
BASED ON ESTIMATED POSTERIOR PROBABILITIES

    Latent
   Classes

       1        369.06906          0.09746
       2        395.54817          0.10445
       3        796.03297          0.21020
       4        736.15107          0.19439
       5        839.83104          0.22177
       6        650.36768          0.17174


FINAL CLASS COUNTS AND PROPORTIONS FOR THE LATENT CLASSES
BASED ON THEIR MOST LIKELY LATENT CLASS MEMBERSHIP

Class Counts and Proportions

    Latent
   Classes

       1              346          0.09140
       2              384          0.10149
       3              800          0.21116
       4              732          0.19318
       5              877          0.23156
       6              648          0.17121


CLASSIFICATION QUALITY

     Entropy                         0.733


Average Latent Class Probabilities for Most Likely Latent Class Membership (Row)
by Latent Class (Column)

           1        2        3        4        5        6

    1   0.904    0.001    0.042    0.052    0.000    0.000
    2   0.000    0.995    0.000    0.002    0.001    0.001
    3   0.026    0.001    0.877    0.024    0.048    0.024
    4   0.047    0.005    0.017    0.885    0.021    0.023
    5   0.000    0.003    0.055    0.034    0.854    0.053
    6   0.000    0.009    0.029    0.032    0.056    0.874


Classification Probabilities for the Most Likely Latent Class Membership (Column)
by Latent Class (Row)

           1        2        3        4        5        6

    1   0.848    0.000    0.057    0.094    0.001    0.000
    2   0.000    0.967    0.002    0.010    0.007    0.014
    3   0.018    0.000    0.881    0.016    0.061    0.024
    4   0.025    0.001    0.026    0.880    0.041    0.028
    5   0.000    0.001    0.046    0.019    0.891    0.043
    6   0.000    0.001    0.030    0.026    0.072    0.871


Logits for the Classification Probabilities for the Most Likely Latent Class Membership (Column)
by Latent Class (Row)

              1        2        3        4        5        6

    1      7.881   -3.045    5.174    5.679    1.279    0.000
    2     -3.432    4.228   -1.989   -0.388   -0.652    0.000
    3     -0.272   -6.505    3.604   -0.403    0.928    0.000
    4     -0.122   -3.083   -0.076    3.454    0.381    0.000
    5     -5.754   -4.304    0.052   -0.849    3.021    0.000
    6     -8.392   -6.947   -3.382   -3.497   -2.498    0.000


MODEL RESULTS

                                                    Two-Tailed
                    Estimate       S.E.  Est./S.E.    P-Value

Latent Class 1

 MUSCUL_4   ON
    FEMALE             0.675      0.087      7.779      0.000
    AGE                0.039      0.006      7.002      0.000
    PAT_INT            0.032      0.108      0.293      0.770
    PAT_HIG            0.043      0.109      0.391      0.696
    SELF_INT           0.102      0.108      0.946      0.344
    SELF_HIG           0.260      0.109      2.389      0.017
    EDU_UPP           -0.079      0.099     -0.797      0.425
    EDU_TER           -0.096      0.140     -0.688      0.491
    WEALTH_2          -0.370      0.107     -3.466      0.001
    WEALTH_3          -0.497      0.115     -4.326      0.000

 Means
    N#1                7.881      0.000    999.000    999.000
    N#2               -3.045      0.000    999.000    999.000
    N#3                5.173      0.000    999.000    999.000
    N#4                5.679      0.000    999.000    999.000
    N#5                1.278      0.000    999.000    999.000

 Thresholds
    MUSCUL_4$1         3.487      0.405      8.611      0.000

Latent Class 2

 MUSCUL_4   ON
    FEMALE             0.675      0.087      7.779      0.000
    AGE                0.039      0.006      7.002      0.000
    PAT_INT            0.032      0.108      0.293      0.770
    PAT_HIG            0.043      0.109      0.391      0.696
    SELF_INT           0.102      0.108      0.946      0.344
    SELF_HIG           0.260      0.109      2.389      0.017
    EDU_UPP           -0.079      0.099     -0.797      0.425
    EDU_TER           -0.096      0.140     -0.688      0.491
    WEALTH_2          -0.370      0.107     -3.466      0.001
    WEALTH_3          -0.497      0.115     -4.326      0.000

 Means
    N#1               -3.432      0.000    999.000    999.000
    N#2                4.228      0.000    999.000    999.000
    N#3               -1.990      0.000    999.000    999.000
    N#4               -0.388      0.000    999.000    999.000
    N#5               -0.652      0.000    999.000    999.000

 Thresholds
    MUSCUL_4$1         3.285      0.395      8.327      0.000

Latent Class 3

 MUSCUL_4   ON
    FEMALE             0.675      0.087      7.779      0.000
    AGE                0.039      0.006      7.002      0.000
    PAT_INT            0.032      0.108      0.293      0.770
    PAT_HIG            0.043      0.109      0.391      0.696
    SELF_INT           0.102      0.108      0.946      0.344
    SELF_HIG           0.260      0.109      2.389      0.017
    EDU_UPP           -0.079      0.099     -0.797      0.425
    EDU_TER           -0.096      0.140     -0.688      0.491
    WEALTH_2          -0.370      0.107     -3.466      0.001
    WEALTH_3          -0.497      0.115     -4.326      0.000

 Means
    N#1               -0.274      0.000    999.000    999.000
    N#2               -6.506      0.000    999.000    999.000
    N#3                3.603      0.000    999.000    999.000
    N#4               -0.403      0.000    999.000    999.000
    N#5                0.924      0.000    999.000    999.000

 Thresholds
    MUSCUL_4$1         3.879      0.408      9.498      0.000

Latent Class 4

 MUSCUL_4   ON
    FEMALE             0.675      0.087      7.779      0.000
    AGE                0.039      0.006      7.002      0.000
    PAT_INT            0.032      0.108      0.293      0.770
    PAT_HIG            0.043      0.109      0.391      0.696
    SELF_INT           0.102      0.108      0.946      0.344
    SELF_HIG           0.260      0.109      2.389      0.017
    EDU_UPP           -0.079      0.099     -0.797      0.425
    EDU_TER           -0.096      0.140     -0.688      0.491
    WEALTH_2          -0.370      0.107     -3.466      0.001
    WEALTH_3          -0.497      0.115     -4.326      0.000

 Means
    N#1               -0.122      0.000    999.000    999.000
    N#2               -3.083      0.000    999.000    999.000
    N#3               -0.078      0.000    999.000    999.000
    N#4                3.454      0.000    999.000    999.000
    N#5                0.381      0.000    999.000    999.000

 Thresholds
    MUSCUL_4$1         3.075      0.404      7.621      0.000

Latent Class 5

 MUSCUL_4   ON
    FEMALE             0.675      0.087      7.779      0.000
    AGE                0.039      0.006      7.002      0.000
    PAT_INT            0.032      0.108      0.293      0.770
    PAT_HIG            0.043      0.109      0.391      0.696
    SELF_INT           0.102      0.108      0.946      0.344
    SELF_HIG           0.260      0.109      2.389      0.017
    EDU_UPP           -0.079      0.099     -0.797      0.425
    EDU_TER           -0.096      0.140     -0.688      0.491
    WEALTH_2          -0.370      0.107     -3.466      0.001
    WEALTH_3          -0.497      0.115     -4.326      0.000

 Means
    N#1               -5.754      0.000    999.000    999.000
    N#2               -4.304      0.000    999.000    999.000
    N#3                0.048      0.000    999.000    999.000
    N#4               -0.849      0.000    999.000    999.000
    N#5                3.021      0.000    999.000    999.000

 Thresholds
    MUSCUL_4$1         2.950      0.405      7.285      0.000

Latent Class 6

 MUSCUL_4   ON
    FEMALE             0.675      0.087      7.779      0.000
    AGE                0.039      0.006      7.002      0.000
    PAT_INT            0.032      0.108      0.293      0.770
    PAT_HIG            0.043      0.109      0.391      0.696
    SELF_INT           0.102      0.108      0.946      0.344
    SELF_HIG           0.260      0.109      2.389      0.017
    EDU_UPP           -0.079      0.099     -0.797      0.425
    EDU_TER           -0.096      0.140     -0.688      0.491
    WEALTH_2          -0.370      0.107     -3.466      0.001
    WEALTH_3          -0.497      0.115     -4.326      0.000

 Means
    N#1               -8.392      0.000    999.000    999.000
    N#2               -6.947      0.000    999.000    999.000
    N#3               -3.383      0.000    999.000    999.000
    N#4               -3.497      0.000    999.000    999.000
    N#5               -2.498      0.000    999.000    999.000

 Thresholds
    MUSCUL_4$1         3.278      0.412      7.958      0.000

Categorical Latent Variables

 Means
    C#1               -0.567      0.083     -6.807      0.000
    C#2               -0.497      0.082     -6.056      0.000
    C#3                0.202      0.072      2.819      0.005
    C#4                0.124      0.074      1.680      0.093
    C#5                0.256      0.076      3.356      0.001

New/Additional Parameters
    DIFF12             0.202      0.205      0.985      0.325
    DIFF13            -0.392      0.197     -1.987      0.047
    DIFF23            -0.594      0.177     -3.357      0.001
    DIFF14             0.412      0.189      2.183      0.029
    DIFF24             0.210      0.171      1.231      0.218
    DIFF34             0.804      0.156      5.159      0.000
    DIFF15             0.537      0.184      2.920      0.004
    DIFF16             0.209      0.196      1.068      0.286
    DIFF25             0.335      0.167      2.011      0.044
    DIFF26             0.007      0.175      0.042      0.967
    DIFF35             0.929      0.161      5.777      0.000
    DIFF36             0.601      0.167      3.589      0.000
    DIFF45             0.125      0.148      0.848      0.397
    DIFF46            -0.203      0.160     -1.265      0.206
    DIFF56            -0.328      0.160     -2.054      0.040


RESULTS IN PROBABILITY SCALE

                    Estimate

Latent Class 1

 MUSCUL_4
    Category 1         0.768
    Category 2         0.232

Latent Class 2

 MUSCUL_4
    Category 1         0.641
    Category 2         0.359

Latent Class 3

 MUSCUL_4
    Category 1         0.784
    Category 2         0.216

Latent Class 4

 MUSCUL_4
    Category 1         0.647
    Category 2         0.353

Latent Class 5

 MUSCUL_4
    Category 1         0.522
    Category 2         0.478

Latent Class 6

 MUSCUL_4
    Category 1         0.598
    Category 2         0.402


LOGISTIC REGRESSION ODDS RATIO RESULTS

                                                95% C.I.
                    Estimate       S.E.  Lower 2.5% Upper 2.5%

Latent Class 1

 MUSCUL_4   ON
    FEMALE             1.965      0.171      1.657      2.329
    AGE                1.039      0.006      1.028      1.051
    PAT_INT            1.032      0.111      0.836      1.275
    PAT_HIG            1.044      0.114      0.842      1.293
    SELF_INT           1.107      0.119      0.896      1.368
    SELF_HIG           1.297      0.141      1.048      1.605
    EDU_UPP            0.924      0.091      0.762      1.121
    EDU_TER            0.908      0.127      0.690      1.195
    WEALTH_2           0.691      0.074      0.560      0.852
    WEALTH_3           0.609      0.070      0.486      0.762

Latent Class 2

 MUSCUL_4   ON
    FEMALE             1.965      0.171      1.657      2.329
    AGE                1.039      0.006      1.028      1.051
    PAT_INT            1.032      0.111      0.836      1.275
    PAT_HIG            1.044      0.114      0.842      1.293
    SELF_INT           1.107      0.119      0.896      1.368
    SELF_HIG           1.297      0.141      1.048      1.605
    EDU_UPP            0.924      0.091      0.762      1.121
    EDU_TER            0.908      0.127      0.690      1.195
    WEALTH_2           0.691      0.074      0.560      0.852
    WEALTH_3           0.609      0.070      0.486      0.762

Latent Class 3

 MUSCUL_4   ON
    FEMALE             1.965      0.171      1.657      2.329
    AGE                1.039      0.006      1.028      1.051
    PAT_INT            1.032      0.111      0.836      1.275
    PAT_HIG            1.044      0.114      0.842      1.293
    SELF_INT           1.107      0.119      0.896      1.368
    SELF_HIG           1.297      0.141      1.048      1.605
    EDU_UPP            0.924      0.091      0.762      1.121
    EDU_TER            0.908      0.127      0.690      1.195
    WEALTH_2           0.691      0.074      0.560      0.852
    WEALTH_3           0.609      0.070      0.486      0.762

Latent Class 4

 MUSCUL_4   ON
    FEMALE             1.965      0.171      1.657      2.329
    AGE                1.039      0.006      1.028      1.051
    PAT_INT            1.032      0.111      0.836      1.275
    PAT_HIG            1.044      0.114      0.842      1.293
    SELF_INT           1.107      0.119      0.896      1.368
    SELF_HIG           1.297      0.141      1.048      1.605
    EDU_UPP            0.924      0.091      0.762      1.121
    EDU_TER            0.908      0.127      0.690      1.195
    WEALTH_2           0.691      0.074      0.560      0.852
    WEALTH_3           0.609      0.070      0.486      0.762

Latent Class 5

 MUSCUL_4   ON
    FEMALE             1.965      0.171      1.657      2.329
    AGE                1.039      0.006      1.028      1.051
    PAT_INT            1.032      0.111      0.836      1.275
    PAT_HIG            1.044      0.114      0.842      1.293
    SELF_INT           1.107      0.119      0.896      1.368
    SELF_HIG           1.297      0.141      1.048      1.605
    EDU_UPP            0.924      0.091      0.762      1.121
    EDU_TER            0.908      0.127      0.690      1.195
    WEALTH_2           0.691      0.074      0.560      0.852
    WEALTH_3           0.609      0.070      0.486      0.762

Latent Class 6

 MUSCUL_4   ON
    FEMALE             1.965      0.171      1.657      2.329
    AGE                1.039      0.006      1.028      1.051
    PAT_INT            1.032      0.111      0.836      1.275
    PAT_HIG            1.044      0.114      0.842      1.293
    SELF_INT           1.107      0.119      0.896      1.368
    SELF_HIG           1.297      0.141      1.048      1.605
    EDU_UPP            0.924      0.091      0.762      1.121
    EDU_TER            0.908      0.127      0.690      1.195
    WEALTH_2           0.691      0.074      0.560      0.852
    WEALTH_3           0.609      0.070      0.486      0.762


QUALITY OF NUMERICAL RESULTS

     Condition Number for the Information Matrix              0.588E-09
       (ratio of smallest to largest eigenvalue)


RESIDUAL OUTPUT


     ESTIMATED MODEL AND RESIDUALS (OBSERVED - ESTIMATED) FOR CLASS 1


           Model Estimated Means
              FEMALE        AGE           PAT_INT       PAT_HIG       SELF_INT
              ________      ________      ________      ________      ________
                0.350        60.802         0.297         0.475         0.257


           Model Estimated Means
              SELF_HIG      EDU_UPP       EDU_TER       WEALTH_2      WEALTH_3
              ________      ________      ________      ________      ________
                0.218         0.480         0.333         0.286         0.585


           Residuals for Means
              FEMALE        AGE           PAT_INT       PAT_HIG       SELF_INT
              ________      ________      ________      ________      ________
                0.000         0.000         0.000         0.000         0.000


           Residuals for Means
              SELF_HIG      EDU_UPP       EDU_TER       WEALTH_2      WEALTH_3
              ________      ________      ________      ________      ________
                0.000         0.000         0.000         0.000         0.000


           Model Estimated Covariances
              FEMALE        AGE           PAT_INT       PAT_HIG       SELF_INT
              ________      ________      ________      ________      ________
 FEMALE         0.228
 AGE            0.000        39.694
 PAT_INT        0.000         0.017         0.209
 PAT_HIG        0.036         0.172         0.000         0.249
 SELF_INT       0.014         0.036         0.000         0.000         0.191
 SELF_HIG       0.000         0.218         0.015         0.000         0.000
 EDU_UPP        0.002         0.092         0.018         0.000         0.024
 EDU_TER        0.000         0.000         0.000         0.049         0.000
 WEALTH_2       0.000         0.022         0.015         0.000         0.008
 WEALTH_3       0.015         0.183         0.000         0.056         0.000


           Model Estimated Covariances
              SELF_HIG      EDU_UPP       EDU_TER       WEALTH_2      WEALTH_3
              ________      ________      ________      ________      ________
 SELF_HIG       0.171
 EDU_UPP        0.025         0.250
 EDU_TER        0.000         0.000         0.222
 WEALTH_2       0.017         0.032         0.000         0.204
 WEALTH_3       0.000         0.000         0.070         0.000         0.243


           Residuals for Covariances
              FEMALE        AGE           PAT_INT       PAT_HIG       SELF_INT
              ________      ________      ________      ________      ________
 FEMALE         0.000
 AGE            0.000         0.000
 PAT_INT        0.000         0.000         0.000
 PAT_HIG        0.000         0.000         0.000         0.000
 SELF_INT       0.000         0.000         0.000         0.000         0.000
 SELF_HIG       0.000         0.000         0.000         0.000         0.000
 EDU_UPP        0.000         0.000         0.000         0.000         0.000
 EDU_TER        0.000         0.000         0.000         0.000         0.000
 WEALTH_2       0.000         0.000         0.000         0.000         0.000
 WEALTH_3       0.000         0.000         0.000         0.000         0.000


           Residuals for Covariances
              SELF_HIG      EDU_UPP       EDU_TER       WEALTH_2      WEALTH_3
              ________      ________      ________      ________      ________
 SELF_HIG       0.000
 EDU_UPP        0.000         0.000
 EDU_TER        0.000         0.000         0.000
 WEALTH_2       0.000         0.000         0.000         0.000
 WEALTH_3       0.000         0.000         0.000         0.000         0.000


     ESTIMATED MODEL AND RESIDUALS (OBSERVED - ESTIMATED) FOR CLASS 2


           Model Estimated Means
              FEMALE        AGE           PAT_INT       PAT_HIG       SELF_INT
              ________      ________      ________      ________      ________
                0.548        60.909         0.406         0.249         0.224


           Model Estimated Means
              SELF_HIG      EDU_UPP       EDU_TER       WEALTH_2      WEALTH_3
              ________      ________      ________      ________      ________
                0.515         0.431         0.080         0.280         0.207


           Residuals for Means
              FEMALE        AGE           PAT_INT       PAT_HIG       SELF_INT
              ________      ________      ________      ________      ________
                0.000         0.000         0.000         0.000         0.000


           Residuals for Means
              SELF_HIG      EDU_UPP       EDU_TER       WEALTH_2      WEALTH_3
              ________      ________      ________      ________      ________
                0.000         0.000         0.000         0.000         0.000


           Model Estimated Covariances
              FEMALE        AGE           PAT_INT       PAT_HIG       SELF_INT
              ________      ________      ________      ________      ________
 FEMALE         0.248
 AGE            0.283        52.578
 PAT_INT        0.016         0.000         0.241
 PAT_HIG        0.000         0.002         0.000         0.187
 SELF_INT       0.017         0.102         0.006         0.008         0.174
 SELF_HIG       0.025         0.525         0.000         0.000         0.000
 EDU_UPP        0.000         0.000         0.004         0.030         0.009
 EDU_TER        0.000         0.000         0.000         0.022         0.000
 WEALTH_2       0.003         0.019         0.015         0.000         0.017
 WEALTH_3       0.000         0.000         0.000         0.039         0.011


           Model Estimated Covariances
              SELF_HIG      EDU_UPP       EDU_TER       WEALTH_2      WEALTH_3
              ________      ________      ________      ________      ________
 SELF_HIG       0.250
 EDU_UPP        0.000         0.245
 EDU_TER        0.000         0.000         0.073
 WEALTH_2       0.000         0.008         0.000         0.202
 WEALTH_3       0.000         0.012         0.025         0.000         0.164


           Residuals for Covariances
              FEMALE        AGE           PAT_INT       PAT_HIG       SELF_INT
              ________      ________      ________      ________      ________
 FEMALE         0.000
 AGE            0.000         0.000
 PAT_INT        0.000         0.000         0.000
 PAT_HIG        0.000         0.000         0.000         0.000
 SELF_INT       0.000         0.000         0.000         0.000         0.000
 SELF_HIG       0.000         0.000         0.000         0.000         0.000
 EDU_UPP        0.000         0.000         0.000         0.000         0.000
 EDU_TER        0.000         0.000         0.000         0.000         0.000
 WEALTH_2       0.000         0.000         0.000         0.000         0.000
 WEALTH_3       0.000         0.000         0.000         0.000         0.000


           Residuals for Covariances
              SELF_HIG      EDU_UPP       EDU_TER       WEALTH_2      WEALTH_3
              ________      ________      ________      ________      ________
 SELF_HIG       0.000
 EDU_UPP        0.000         0.000
 EDU_TER        0.000         0.000         0.000
 WEALTH_2       0.000         0.000         0.000         0.000
 WEALTH_3       0.000         0.000         0.000         0.000         0.000


     ESTIMATED MODEL AND RESIDUALS (OBSERVED - ESTIMATED) FOR CLASS 3


           Model Estimated Means
              FEMALE        AGE           PAT_INT       PAT_HIG       SELF_INT
              ________      ________      ________      ________      ________
                0.531        62.540         0.329         0.416         0.272


           Model Estimated Means
              SELF_HIG      EDU_UPP       EDU_TER       WEALTH_2      WEALTH_3
              ________      ________      ________      ________      ________
                0.337         0.498         0.222         0.365         0.437


           Residuals for Means
              FEMALE        AGE           PAT_INT       PAT_HIG       SELF_INT
              ________      ________      ________      ________      ________
                0.000         0.000         0.000         0.000         0.000


           Residuals for Means
              SELF_HIG      EDU_UPP       EDU_TER       WEALTH_2      WEALTH_3
              ________      ________      ________      ________      ________
                0.000         0.000         0.000         0.000         0.000


           Model Estimated Covariances
              FEMALE        AGE           PAT_INT       PAT_HIG       SELF_INT
              ________      ________      ________      ________      ________
 FEMALE         0.249
 AGE            0.079        52.320
 PAT_INT        0.000         0.000         0.221
 PAT_HIG        0.022         0.000         0.000         0.243
 SELF_INT       0.017         0.064         0.013         0.000         0.198
 SELF_HIG       0.004         0.376         0.003         0.000         0.000
 EDU_UPP        0.000         0.056         0.008         0.000         0.029
 EDU_TER        0.000         0.000         0.000         0.053         0.000
 WEALTH_2       0.000         0.095         0.017         0.000         0.006
 WEALTH_3       0.009         0.000         0.000         0.057         0.006


           Model Estimated Covariances
              SELF_HIG      EDU_UPP       EDU_TER       WEALTH_2      WEALTH_3
              ________      ________      ________      ________      ________
 SELF_HIG       0.223
 EDU_UPP        0.000         0.250
 EDU_TER        0.000         0.000         0.173
 WEALTH_2       0.017         0.007         0.000         0.232
 WEALTH_3       0.000         0.000         0.046         0.000         0.246


           Residuals for Covariances
              FEMALE        AGE           PAT_INT       PAT_HIG       SELF_INT
              ________      ________      ________      ________      ________
 FEMALE         0.000
 AGE            0.000         0.000
 PAT_INT        0.000         0.000         0.000
 PAT_HIG        0.000         0.000         0.000         0.000
 SELF_INT       0.000         0.000         0.000         0.000         0.000
 SELF_HIG       0.000         0.000         0.000         0.000         0.000
 EDU_UPP        0.000         0.000         0.000         0.000         0.000
 EDU_TER        0.000         0.000         0.000         0.000         0.000
 WEALTH_2       0.000         0.000         0.000         0.000         0.000
 WEALTH_3       0.000         0.000         0.000         0.000         0.000


           Residuals for Covariances
              SELF_HIG      EDU_UPP       EDU_TER       WEALTH_2      WEALTH_3
              ________      ________      ________      ________      ________
 SELF_HIG       0.000
 EDU_UPP        0.000         0.000
 EDU_TER        0.000         0.000         0.000
 WEALTH_2       0.000         0.000         0.000         0.000
 WEALTH_3       0.000         0.000         0.000         0.000         0.000


     ESTIMATED MODEL AND RESIDUALS (OBSERVED - ESTIMATED) FOR CLASS 4


           Model Estimated Means
              FEMALE        AGE           PAT_INT       PAT_HIG       SELF_INT
              ________      ________      ________      ________      ________
                0.372        63.276         0.301         0.457         0.228


           Model Estimated Means
              SELF_HIG      EDU_UPP       EDU_TER       WEALTH_2      WEALTH_3
              ________      ________      ________      ________      ________
                0.343         0.505         0.229         0.333         0.447


           Residuals for Means
              FEMALE        AGE           PAT_INT       PAT_HIG       SELF_INT
              ________      ________      ________      ________      ________
                0.000         0.000         0.000         0.000         0.000


           Residuals for Means
              SELF_HIG      EDU_UPP       EDU_TER       WEALTH_2      WEALTH_3
              ________      ________      ________      ________      ________
                0.000         0.000         0.000         0.000         0.000


           Model Estimated Covariances
              FEMALE        AGE           PAT_INT       PAT_HIG       SELF_INT
              ________      ________      ________      ________      ________
 FEMALE         0.234
 AGE            0.208        58.261
 PAT_INT        0.000         0.000         0.210
 PAT_HIG        0.014         0.083         0.000         0.248
 SELF_INT       0.037         0.000         0.003         0.005         0.176
 SELF_HIG       0.000         0.167         0.010         0.000         0.000
 EDU_UPP        0.001         0.000         0.011         0.003         0.017
 EDU_TER        0.000         0.000         0.000         0.055         0.000
 WEALTH_2       0.000         0.000         0.010         0.000         0.000
 WEALTH_3       0.011         0.145         0.000         0.079         0.011


           Model Estimated Covariances
              SELF_HIG      EDU_UPP       EDU_TER       WEALTH_2      WEALTH_3
              ________      ________      ________      ________      ________
 SELF_HIG       0.225
 EDU_UPP        0.003         0.250
 EDU_TER        0.000         0.000         0.176
 WEALTH_2       0.023         0.001         0.000         0.222
 WEALTH_3       0.000         0.009         0.056         0.000         0.247


           Residuals for Covariances
              FEMALE        AGE           PAT_INT       PAT_HIG       SELF_INT
              ________      ________      ________      ________      ________
 FEMALE         0.000
 AGE            0.000         0.000
 PAT_INT        0.000         0.000         0.000
 PAT_HIG        0.000         0.000         0.000         0.000
 SELF_INT       0.000         0.000         0.000         0.000         0.000
 SELF_HIG       0.000         0.000         0.000         0.000         0.000
 EDU_UPP        0.000         0.000         0.000         0.000         0.000
 EDU_TER        0.000         0.000         0.000         0.000         0.000
 WEALTH_2       0.000         0.000         0.000         0.000         0.000
 WEALTH_3       0.000         0.000         0.000         0.000         0.000


           Residuals for Covariances
              SELF_HIG      EDU_UPP       EDU_TER       WEALTH_2      WEALTH_3
              ________      ________      ________      ________      ________
 SELF_HIG       0.000
 EDU_UPP        0.000         0.000
 EDU_TER        0.000         0.000         0.000
 WEALTH_2       0.000         0.000         0.000         0.000
 WEALTH_3       0.000         0.000         0.000         0.000         0.000


     ESTIMATED MODEL AND RESIDUALS (OBSERVED - ESTIMATED) FOR CLASS 5


           Model Estimated Means
              FEMALE        AGE           PAT_INT       PAT_HIG       SELF_INT
              ________      ________      ________      ________      ________
                0.658        65.832         0.311         0.367         0.225


           Model Estimated Means
              SELF_HIG      EDU_UPP       EDU_TER       WEALTH_2      WEALTH_3
              ________      ________      ________      ________      ________
                0.483         0.462         0.107         0.355         0.274


           Residuals for Means
              FEMALE        AGE           PAT_INT       PAT_HIG       SELF_INT
              ________      ________      ________      ________      ________
                0.000         0.000         0.000         0.000         0.000


           Residuals for Means
              SELF_HIG      EDU_UPP       EDU_TER       WEALTH_2      WEALTH_3
              ________      ________      ________      ________      ________
                0.000         0.000         0.000         0.000         0.000


           Model Estimated Covariances
              FEMALE        AGE           PAT_INT       PAT_HIG       SELF_INT
              ________      ________      ________      ________      ________
 FEMALE         0.225
 AGE            0.000        75.297
 PAT_INT        0.000         0.216         0.214
 PAT_HIG        0.024         0.000         0.000         0.232
 SELF_INT       0.012         0.000         0.001         0.011         0.174
 SELF_HIG       0.000         0.328         0.019         0.000         0.000
 EDU_UPP        0.000         0.000         0.000         0.035         0.022
 EDU_TER        0.000         0.000         0.000         0.034         0.000
 WEALTH_2       0.003         0.000         0.021         0.000         0.007
 WEALTH_3       0.000         0.000         0.000         0.060         0.025


           Model Estimated Covariances
              SELF_HIG      EDU_UPP       EDU_TER       WEALTH_2      WEALTH_3
              ________      ________      ________      ________      ________
 SELF_HIG       0.250
 EDU_UPP        0.000         0.249
 EDU_TER        0.000         0.000         0.096
 WEALTH_2       0.000         0.011         0.000         0.229
 WEALTH_3       0.000         0.019         0.027         0.000         0.199


           Residuals for Covariances
              FEMALE        AGE           PAT_INT       PAT_HIG       SELF_INT
              ________      ________      ________      ________      ________
 FEMALE         0.000
 AGE            0.000         0.000
 PAT_INT        0.000         0.000         0.000
 PAT_HIG        0.000         0.000         0.000         0.000
 SELF_INT       0.000         0.000         0.000         0.000         0.000
 SELF_HIG       0.000         0.000         0.000         0.000         0.000
 EDU_UPP        0.000         0.000         0.000         0.000         0.000
 EDU_TER        0.000         0.000         0.000         0.000         0.000
 WEALTH_2       0.000         0.000         0.000         0.000         0.000
 WEALTH_3       0.000         0.000         0.000         0.000         0.000


           Residuals for Covariances
              SELF_HIG      EDU_UPP       EDU_TER       WEALTH_2      WEALTH_3
              ________      ________      ________      ________      ________
 SELF_HIG       0.000
 EDU_UPP        0.000         0.000
 EDU_TER        0.000         0.000         0.000
 WEALTH_2       0.000         0.000         0.000         0.000
 WEALTH_3       0.000         0.000         0.000         0.000         0.000


     ESTIMATED MODEL AND RESIDUALS (OBSERVED - ESTIMATED) FOR CLASS 6


           Model Estimated Means
              FEMALE        AGE           PAT_INT       PAT_HIG       SELF_INT
              ________      ________      ________      ________      ________
                0.582        66.051         0.351         0.305         0.268


           Model Estimated Means
              SELF_HIG      EDU_UPP       EDU_TER       WEALTH_2      WEALTH_3
              ________      ________      ________      ________      ________
                0.490         0.453         0.070         0.340         0.230


           Residuals for Means
              FEMALE        AGE           PAT_INT       PAT_HIG       SELF_INT
              ________      ________      ________      ________      ________
                0.000         0.000         0.000         0.000         0.000


           Residuals for Means
              SELF_HIG      EDU_UPP       EDU_TER       WEALTH_2      WEALTH_3
              ________      ________      ________      ________      ________
                0.000         0.000         0.000         0.000         0.000


           Model Estimated Covariances
              FEMALE        AGE           PAT_INT       PAT_HIG       SELF_INT
              ________      ________      ________      ________      ________
 FEMALE         0.243
 AGE            0.276        86.704
 PAT_INT        0.000         0.000         0.228
 PAT_HIG        0.007         0.000         0.000         0.212
 SELF_INT       0.014         0.000         0.000         0.025         0.196
 SELF_HIG       0.012         0.386         0.019         0.000         0.000
 EDU_UPP        0.000         0.000         0.000         0.032         0.027
 EDU_TER        0.000         0.000         0.000         0.017         0.000
 WEALTH_2       0.000         0.000         0.002         0.014         0.006
 WEALTH_3       0.000         0.000         0.000         0.028         0.020


           Model Estimated Covariances
              SELF_HIG      EDU_UPP       EDU_TER       WEALTH_2      WEALTH_3
              ________      ________      ________      ________      ________
 SELF_HIG       0.250
 EDU_UPP        0.000         0.248
 EDU_TER        0.000         0.000         0.065
 WEALTH_2       0.000         0.024         0.001         0.224
 WEALTH_3       0.000         0.027         0.017         0.000         0.177


           Residuals for Covariances
              FEMALE        AGE           PAT_INT       PAT_HIG       SELF_INT
              ________      ________      ________      ________      ________
 FEMALE         0.000
 AGE            0.000         0.000
 PAT_INT        0.000         0.000         0.000
 PAT_HIG        0.000         0.000         0.000         0.000
 SELF_INT       0.000         0.000         0.000         0.000         0.000
 SELF_HIG       0.000         0.000         0.000         0.000         0.000
 EDU_UPP        0.000         0.000         0.000         0.000         0.000
 EDU_TER        0.000         0.000         0.000         0.000         0.000
 WEALTH_2       0.000         0.000         0.000         0.000         0.000
 WEALTH_3       0.000         0.000         0.000         0.000         0.000


           Residuals for Covariances
              SELF_HIG      EDU_UPP       EDU_TER       WEALTH_2      WEALTH_3
              ________      ________      ________      ________      ________
 SELF_HIG       0.000
 EDU_UPP        0.000         0.000
 EDU_TER        0.000         0.000         0.000
 WEALTH_2       0.000         0.000         0.000         0.000
 WEALTH_3       0.000         0.000         0.000         0.000         0.000


     UNIVARIATE DISTRIBUTION FIT FOR CLASS 1

     Variable          Observed      Estimated      Residual (Obs.-Est.)    Stand. Residual
     N
       Category 0        0.848          0.848                  0.000                0.000
       Category 1        0.000          0.000                  0.000                0.000
       Category 2        0.057          0.057                  0.000                0.002
       Category 3        0.094          0.094                  0.000               -0.002
       Category 4        0.001          0.001                  0.000                0.001
       Category 5        0.000          0.000                  0.000                0.000


     UNIVARIATE DISTRIBUTION FIT FOR CLASS 2

     Variable          Observed      Estimated      Residual (Obs.-Est.)    Stand. Residual
     N
       Category 0        0.000          0.000                  0.000                0.000
       Category 1        0.967          0.967                  0.000                0.000
       Category 2        0.002          0.002                  0.000                0.001
       Category 3        0.010          0.010                  0.000                0.000
       Category 4        0.007          0.007                  0.000                0.000
       Category 5        0.014          0.014                  0.000                0.000


     UNIVARIATE DISTRIBUTION FIT FOR CLASS 3

     Variable          Observed      Estimated      Residual (Obs.-Est.)    Stand. Residual
     N
       Category 0        0.018          0.018                  0.000                0.001
       Category 1        0.000          0.000                  0.000                0.000
       Category 2        0.881          0.881                  0.000               -0.012
       Category 3        0.016          0.016                  0.000               -0.004
       Category 4        0.061          0.060                  0.000                0.021
       Category 5        0.024          0.024                  0.000               -0.006


     UNIVARIATE DISTRIBUTION FIT FOR CLASS 4

     Variable          Observed      Estimated      Residual (Obs.-Est.)    Stand. Residual
     N
       Category 0        0.025          0.025                  0.000                0.000
       Category 1        0.001          0.001                  0.000                0.000
       Category 2        0.026          0.026                  0.000                0.010
       Category 3        0.880          0.880                  0.000               -0.004
       Category 4        0.041          0.041                  0.000                0.000
       Category 5        0.028          0.028                  0.000               -0.001


     UNIVARIATE DISTRIBUTION FIT FOR CLASS 5

     Variable          Observed      Estimated      Residual (Obs.-Est.)    Stand. Residual
     N
       Category 0        0.000          0.000                  0.000                0.000
       Category 1        0.001          0.001                  0.000                0.000
       Category 2        0.046          0.046                  0.000                0.019
       Category 3        0.019          0.019                  0.000                0.000
       Category 4        0.891          0.892                  0.000               -0.011
       Category 5        0.043          0.043                  0.000               -0.003


     UNIVARIATE DISTRIBUTION FIT FOR CLASS 6

     Variable          Observed      Estimated      Residual (Obs.-Est.)    Stand. Residual
     N
       Category 0        0.000          0.000                  0.000                0.000
       Category 1        0.001          0.001                  0.000                0.000
       Category 2        0.030          0.030                  0.000                0.005
       Category 3        0.026          0.026                  0.000                0.000
       Category 4        0.072          0.072                  0.000                0.002
       Category 5        0.871          0.871                  0.000               -0.004


     UNIVARIATE DISTRIBUTION FIT FOR CLASS 1

     Variable          Observed      Estimated      Residual (Obs.-Est.)    Stand. Residual
     MUSCUL_4
       Category 1        0.768          0.768                  0.000                0.005
       Category 2        0.232          0.232                  0.000               -0.005


     UNIVARIATE DISTRIBUTION FIT FOR CLASS 2

     Variable          Observed      Estimated      Residual (Obs.-Est.)    Stand. Residual
     MUSCUL_4
       Category 1        0.641          0.641                  0.000                0.000
       Category 2        0.359          0.359                  0.000                0.000


     UNIVARIATE DISTRIBUTION FIT FOR CLASS 3

     Variable          Observed      Estimated      Residual (Obs.-Est.)    Stand. Residual
     MUSCUL_4
       Category 1        0.784          0.784                  0.000                0.000
       Category 2        0.216          0.216                  0.000                0.000


     UNIVARIATE DISTRIBUTION FIT FOR CLASS 4

     Variable          Observed      Estimated      Residual (Obs.-Est.)    Stand. Residual
     MUSCUL_4
       Category 1        0.647          0.647                  0.000                0.003
       Category 2        0.353          0.353                  0.000               -0.003


     UNIVARIATE DISTRIBUTION FIT FOR CLASS 5

     Variable          Observed      Estimated      Residual (Obs.-Est.)    Stand. Residual
     MUSCUL_4
       Category 1        0.522          0.522                  0.000                0.002
       Category 2        0.478          0.478                  0.000               -0.002


     UNIVARIATE DISTRIBUTION FIT FOR CLASS 6

     Variable          Observed      Estimated      Residual (Obs.-Est.)    Stand. Residual
     MUSCUL_4
       Category 1        0.598          0.598                  0.000                0.000
       Category 2        0.402          0.402                  0.000                0.000


     Beginning Time:  21:52:13
        Ending Time:  21:52:13
       Elapsed Time:  00:00:00



MUTHEN & MUTHEN
3463 Stoner Ave.
Los Angeles, CA  90066

Tel: (310) 391-9971
Fax: (310) 391-8971
Web: www.StatModel.com
Support: Support@StatModel.com

Copyright (c) 1998-2020 Muthen & Muthen
