Mplus VERSION 8.5 (Mac)
MUTHEN & MUTHEN
09/14/2022   9:51 PM

INPUT INSTRUCTIONS

  TITLE:
  Step3 - 3step LSAY - Lab9
  DATA:
  FILE = "./Step1_MPlus_Outcomes.dat";

  VARIABLE:
  NAMES = W4_SMOKE W5_SMOKE W6_SMOKE W7_SMOKE W8_SMOKE W4_DRINK W5_DRINK W6_DRINK
       W7_DRINK W8_DRINK W4_PA W5_PA W6_PA W7_PA W8_PA W4_FV W5_FV W6_FV W7_FV W8_FV
       FEMALE AGE PAT_INT PAT_HIG SELF_INT SELF_HIG EDU_UPP EDU_TER WEALTH_2 WEALTH_3
       EYE_4 CIRCUL_4 ENDOCR_4 MUSCUL_4 RESPIR_4 NEOPLA_4 NERVOU_4 MENTAL_4 MULTI_4
       CMULTI_4 LUNCAN_4 MULTI EYE CIRCUL ENDOCR MUSCUL RESPIR NEOPLA NERVOU MENTAL
       CMULTI LUNCAN CPROB1 CPROB2 CPROB3 CPROB4 CPROB5 CPROB6 N WEIGHTS;
   MISSING=.;
   nominal=N;
    usevar = n;
    USEOBSERVATIONS = Female NE -99 AND Age NE -99 AND
    Pat_Int NE -99 AND
  Pat_Hig NE -99 AND Self_Int NE -99 AND
  Self_Hig NE -99 AND Edu_Upp NE -99 AND
  Edu_Ter NE -99 AND
  Wealth_2 NE -99 AND Wealth_3 NE -99;
    missing are all (-99);
    classes = c(6);
    CATEGORICAL = CMULTI;
    usevar =  CMULTI;
    WEIGHT  = Weights;
  ANALYSIS:
  estimator = mlr;
    type = mixture;
    starts = 0;
    ITERATIONS = 1000;
  MODEL:
  %OVERALL%

     %C#1%
     [n#1@7.881];
     [n#2@-3.045];
     [n#3@5.173];
     [n#4@5.679];
     [n#5@1.278];

   [CMULTI$1](m1);

    %C#2%
   [n#1@-3.432];
   [n#2@4.228];
   [n#3@-1.99];
   [n#4@-0.388];
   [n#5@-0.652];

   [CMULTI$1](m2);


   %C#3%
  [n#1@-0.274];
   [n#2@-6.506];
   [n#3@3.603];
   [n#4@-0.403];
   [n#5@0.924];


   [CMULTI$1](m3);


    %C#4%
   [n#1@-0.122];
   [n#2@-3.083];
   [n#3@-0.078];
   [n#4@3.454];
   [n#5@0.381];


   [CMULTI$1](m4);



    %C#5%
   [n#1@-5.754];
   [n#2@-4.304];
   [n#3@0.048];
   [n#4@-0.849];
   [n#5@3.021];


   [CMULTI$1](m5);


     %C#6%
   [n#1@-8.392];
   [n#2@-6.947];
   [n#3@-3.383];
   [n#4@-3.497];
   [n#5@-2.498];

     [CMULTI$1](m6);
  MODEL CONSTRAINT:
  New (diff12 diff13 diff23 diff14
    diff24 diff34 diff15 diff16 diff25
    diff26 diff35 diff36 diff45
    diff46 diff56);
    diff12 = m1-m2;  ! test pairwise distal mean differences
    diff13 = m1-m3;
    diff23 = m2-m3;
    diff14 = m1-m4;
    diff24 = m2-m4;
    diff34 = m3-m4;
    diff15 = m1-m5;
    diff16 = m1-m6;
    diff25 = m2-m5;
    diff26 = m2-m6;
    diff35 = m3-m5;
    diff36 = m3-m6;
    diff45 = m4-m5;
    diff46 = m4-m6;
    diff56 = m5-m6;


  MODEL TEST:
   0=m1-m2;
     0=m2-m3;
     0=m3-m4; ! omnibus test of distal thresholds
     0=m4-m5;
     0=m5-m6;
  OUTPUT:
  sampstat residual TECH11 TECH14;



*** WARNING
  One or more observations has a value of 0 for the WEIGHT variable.
*** WARNING in OUTPUT command
  SAMPSTAT option is not available when all outcomes are censored, ordered
  categorical, unordered categorical (nominal), count or continuous-time
  survival variables.  Request for SAMPSTAT is ignored.
*** WARNING in OUTPUT command
  TECH11 option is not available in conjunction with nonlinear constraints
  through the use of MODEL CONSTRAINT.  Request for TECH11 is ignored.
*** WARNING in OUTPUT command
  TECH14 option is not available for TYPE=MIXTURE with weights.
  Request for TECH14 is ignored.
   4 WARNING(S) FOUND IN THE INPUT INSTRUCTIONS




Step3 - 3step LSAY - Lab9

SUMMARY OF ANALYSIS

Number of groups                                                 1
Number of observations                                        3787

Number of dependent variables                                    2
Number of independent variables                                  0
Number of continuous latent variables                            0
Number of categorical latent variables                           1

Observed dependent variables

  Binary and ordered categorical (ordinal)
   CMULTI

  Unordered categorical (nominal)
   N

Categorical latent variables
   C

Variables with special functions

  Weight variable       WEIGHTS

Estimator                                                      MLR
Information matrix                                        OBSERVED
Optimization Specifications for the Quasi-Newton Algorithm for
Continuous Outcomes
  Maximum number of iterations                                1000
  Convergence criterion                                  0.100D-05
Optimization Specifications for the EM Algorithm
  Maximum number of iterations                                 500
  Convergence criteria
    Loglikelihood change                                 0.100D-06
    Relative loglikelihood change                        0.100D-06
    Derivative                                           0.100D-05
Optimization Specifications for the M step of the EM Algorithm for
Categorical Latent variables
  Number of M step iterations                                    1
  M step convergence criterion                           0.100D-05
  Basis for M step termination                           ITERATION
Optimization Specifications for the M step of the EM Algorithm for
Censored, Binary or Ordered Categorical (Ordinal), Unordered
Categorical (Nominal) and Count Outcomes
  Number of M step iterations                                    1
  M step convergence criterion                           0.100D-05
  Basis for M step termination                           ITERATION
  Maximum value for logit thresholds                            15
  Minimum value for logit thresholds                           -15
  Minimum expected cell size for chi-square              0.100D-01
Maximum number of iterations for H1                           2000
Convergence criterion for H1                             0.100D-03
Optimization algorithm                                         EMA
Link                                                         LOGIT

Input data file(s)
  ./Step1_MPlus_Outcomes.dat
Input data format  FREE


SUMMARY OF DATA

     Number of missing data patterns             1
     Number of y missing data patterns           0
     Number of u missing data patterns           1


COVARIANCE COVERAGE OF DATA

Minimum covariance coverage value   0.100


UNIVARIATE PROPORTIONS AND COUNTS FOR CATEGORICAL VARIABLES

    CMULTI
      Category 1    0.862         3265.660
      Category 2    0.138          521.340
    N
      Category 1    0.091          346.119
      Category 2    0.101          384.354
      Category 3    0.211          799.651
      Category 4    0.193          731.576
      Category 5    0.232          876.911
      Category 6    0.171          648.388



THE MODEL ESTIMATION TERMINATED NORMALLY



MODEL FIT INFORMATION

Number of Free Parameters                       11

Loglikelihood

          H0 Value                       -8022.934
          H0 Scaling Correction Factor      1.2834
            for MLR

Information Criteria

          Akaike (AIC)                   16067.869
          Bayesian (BIC)                 16136.501
          Sample-Size Adjusted BIC       16101.548
            (n* = (n + 2) / 24)

Chi-Square Test of Model Fit for the Binary and Ordered Categorical
(Ordinal) Outcomes

          Pearson Chi-Square

          Value                              0.000
          Degrees of freedom cannot be computed for this model part.

          Likelihood Ratio Chi-Square

          Value                              0.000
          Degrees of freedom cannot be computed for this model part.

Wald Test of Parameter Constraints

          Value                             91.407
          Degrees of Freedom                     5
          P-Value                           0.0000



FINAL CLASS COUNTS AND PROPORTIONS FOR THE LATENT CLASSES
BASED ON THE ESTIMATED MODEL

    Latent
   Classes

       1        369.07393          0.09746
       2        395.54718          0.10445
       3        796.13223          0.21023
       4        736.07870          0.19437
       5        839.89950          0.22178
       6        650.26846          0.17171


FINAL CLASS COUNTS AND PROPORTIONS FOR THE LATENT CLASSES
BASED ON ESTIMATED POSTERIOR PROBABILITIES

    Latent
   Classes

       1        369.07393          0.09746
       2        395.54718          0.10445
       3        796.13223          0.21023
       4        736.07870          0.19437
       5        839.89950          0.22178
       6        650.26846          0.17171


FINAL CLASS COUNTS AND PROPORTIONS FOR THE LATENT CLASSES
BASED ON THEIR MOST LIKELY LATENT CLASS MEMBERSHIP

Class Counts and Proportions

    Latent
   Classes

       1              346          0.09140
       2              384          0.10149
       3              800          0.21116
       4              732          0.19318
       5              877          0.23156
       6              648          0.17121


CLASSIFICATION QUALITY

     Entropy                         0.735


Average Latent Class Probabilities for Most Likely Latent Class Membership (Row)
by Latent Class (Column)

           1        2        3        4        5        6

    1   0.904    0.001    0.042    0.052    0.000    0.000
    2   0.000    0.995    0.000    0.002    0.001    0.001
    3   0.026    0.001    0.877    0.024    0.048    0.024
    4   0.047    0.005    0.017    0.885    0.021    0.023
    5   0.000    0.003    0.055    0.034    0.854    0.053
    6   0.000    0.009    0.029    0.032    0.056    0.874


Classification Probabilities for the Most Likely Latent Class Membership (Column)
by Latent Class (Row)

           1        2        3        4        5        6

    1   0.848    0.000    0.057    0.094    0.001    0.000
    2   0.000    0.967    0.002    0.010    0.007    0.014
    3   0.018    0.000    0.881    0.016    0.060    0.024
    4   0.025    0.001    0.026    0.880    0.041    0.028
    5   0.000    0.001    0.046    0.019    0.892    0.043
    6   0.000    0.001    0.030    0.026    0.072    0.871


Logits for the Classification Probabilities for the Most Likely Latent Class Membership (Column)
by Latent Class (Row)

              1        2        3        4        5        6

    1      7.881   -3.045    5.173    5.679    1.278    0.000
    2     -3.432    4.228   -1.990   -0.388   -0.652    0.000
    3     -0.274   -6.506    3.603   -0.403    0.924    0.000
    4     -0.122   -3.083   -0.078    3.454    0.381    0.000
    5     -5.754   -4.304    0.048   -0.849    3.021    0.000
    6     -8.392   -6.947   -3.383   -3.497   -2.498    0.000


MODEL RESULTS

                                                    Two-Tailed
                    Estimate       S.E.  Est./S.E.    P-Value

Latent Class 1

 Means
    N#1                7.881      0.000    999.000    999.000
    N#2               -3.045      0.000    999.000    999.000
    N#3                5.173      0.000    999.000    999.000
    N#4                5.679      0.000    999.000    999.000
    N#5                1.278      0.000    999.000    999.000

 Thresholds
    CMULTI$1           3.273      0.332      9.856      0.000

Latent Class 2

 Means
    N#1               -3.432      0.000    999.000    999.000
    N#2                4.228      0.000    999.000    999.000
    N#3               -1.990      0.000    999.000    999.000
    N#4               -0.388      0.000    999.000    999.000
    N#5               -0.652      0.000    999.000    999.000

 Thresholds
    CMULTI$1           1.967      0.187     10.523      0.000

Latent Class 3

 Means
    N#1               -0.274      0.000    999.000    999.000
    N#2               -6.506      0.000    999.000    999.000
    N#3                3.603      0.000    999.000    999.000
    N#4               -0.403      0.000    999.000    999.000
    N#5                0.924      0.000    999.000    999.000

 Thresholds
    CMULTI$1           3.114      0.235     13.234      0.000

Latent Class 4

 Means
    N#1               -0.122      0.000    999.000    999.000
    N#2               -3.083      0.000    999.000    999.000
    N#3               -0.078      0.000    999.000    999.000
    N#4                3.454      0.000    999.000    999.000
    N#5                0.381      0.000    999.000    999.000

 Thresholds
    CMULTI$1           1.915      0.145     13.223      0.000

Latent Class 5

 Means
    N#1               -5.754      0.000    999.000    999.000
    N#2               -4.304      0.000    999.000    999.000
    N#3                0.048      0.000    999.000    999.000
    N#4               -0.849      0.000    999.000    999.000
    N#5                3.021      0.000    999.000    999.000

 Thresholds
    CMULTI$1           1.198      0.110     10.867      0.000

Latent Class 6

 Means
    N#1               -8.392      0.000    999.000    999.000
    N#2               -6.947      0.000    999.000    999.000
    N#3               -3.383      0.000    999.000    999.000
    N#4               -3.497      0.000    999.000    999.000
    N#5               -2.498      0.000    999.000    999.000

 Thresholds
    CMULTI$1           1.329      0.137      9.729      0.000

Categorical Latent Variables

 Means
    C#1               -0.566      0.083     -6.804      0.000
    C#2               -0.497      0.082     -6.055      0.000
    C#3                0.202      0.072      2.823      0.005
    C#4                0.124      0.074      1.681      0.093
    C#5                0.256      0.076      3.359      0.001

New/Additional Parameters
    DIFF12             1.306      0.381      3.427      0.001
    DIFF13             0.159      0.420      0.378      0.706
    DIFF23            -1.147      0.301     -3.816      0.000
    DIFF14             1.358      0.378      3.597      0.000
    DIFF24             0.052      0.237      0.219      0.827
    DIFF34             1.199      0.281      4.264      0.000
    DIFF15             2.075      0.349      5.949      0.000
    DIFF16             1.944      0.358      5.429      0.000
    DIFF25             0.769      0.217      3.538      0.000
    DIFF26             0.638      0.233      2.745      0.006
    DIFF35             1.916      0.273      7.031      0.000
    DIFF36             1.785      0.279      6.396      0.000
    DIFF45             0.717      0.187      3.843      0.000
    DIFF46             0.586      0.205      2.866      0.004
    DIFF56            -0.131      0.186     -0.705      0.481


RESULTS IN PROBABILITY SCALE

Latent Class 1

 CMULTI
    Category 1         0.963      0.012     82.462      0.000
    Category 2         0.037      0.012      3.126      0.002

Latent Class 2

 CMULTI
    Category 1         0.877      0.020     43.591      0.000
    Category 2         0.123      0.020      6.099      0.000

Latent Class 3

 CMULTI
    Category 1         0.957      0.010     99.919      0.000
    Category 2         0.043      0.010      4.439      0.000

Latent Class 4

 CMULTI
    Category 1         0.872      0.016     53.765      0.000
    Category 2         0.128      0.016      7.923      0.000

Latent Class 5

 CMULTI
    Category 1         0.768      0.020     39.129      0.000
    Category 2         0.232      0.020     11.811      0.000

Latent Class 6

 CMULTI
    Category 1         0.791      0.023     34.971      0.000
    Category 2         0.209      0.023      9.263      0.000


LATENT CLASS ODDS RATIO RESULTS

                                                95% C.I.
                    Estimate       S.E.  Lower 2.5% Upper 2.5%

Latent Class 1 Compared to Latent Class 2

 CMULTI
    Category > 1       0.271      0.103      0.128      0.572

Latent Class 1 Compared to Latent Class 3

 CMULTI
    Category > 1       0.853      0.358      0.375      1.944

Latent Class 1 Compared to Latent Class 4

 CMULTI
    Category > 1       0.257      0.097      0.123      0.539

Latent Class 1 Compared to Latent Class 5

 CMULTI
    Category > 1       0.126      0.044      0.063      0.249

Latent Class 1 Compared to Latent Class 6

 CMULTI
    Category > 1       0.143      0.051      0.071      0.289

Latent Class 2 Compared to Latent Class 3

 CMULTI
    Category > 1       3.149      0.947      1.747      5.677

Latent Class 2 Compared to Latent Class 4

 CMULTI
    Category > 1       0.949      0.225      0.596      1.512

Latent Class 2 Compared to Latent Class 5

 CMULTI
    Category > 1       0.463      0.101      0.303      0.710

Latent Class 2 Compared to Latent Class 6

 CMULTI
    Category > 1       0.528      0.123      0.335      0.833

Latent Class 3 Compared to Latent Class 4

 CMULTI
    Category > 1       0.301      0.085      0.174      0.523

Latent Class 3 Compared to Latent Class 5

 CMULTI
    Category > 1       0.147      0.040      0.086      0.251

Latent Class 3 Compared to Latent Class 6

 CMULTI
    Category > 1       0.168      0.047      0.097      0.290

Latent Class 4 Compared to Latent Class 5

 CMULTI
    Category > 1       0.488      0.091      0.339      0.704

Latent Class 4 Compared to Latent Class 6

 CMULTI
    Category > 1       0.556      0.114      0.373      0.831

Latent Class 5 Compared to Latent Class 6

 CMULTI
    Category > 1       1.140      0.211      0.792      1.639


QUALITY OF NUMERICAL RESULTS

     Condition Number for the Information Matrix              0.132E-02
       (ratio of smallest to largest eigenvalue)


RESIDUAL OUTPUT


     UNIVARIATE DISTRIBUTION FIT FOR CLASS 1

     Variable          Observed      Estimated      Residual (Obs.-Est.)    Stand. Residual
     N
       Category 0        0.848          0.848                  0.000                0.000
       Category 1        0.000          0.000                  0.000                0.000
       Category 2        0.057          0.057                  0.000                0.000
       Category 3        0.094          0.094                  0.000                0.000
       Category 4        0.001          0.001                  0.000                0.000
       Category 5        0.000          0.000                  0.000                0.000


     UNIVARIATE DISTRIBUTION FIT FOR CLASS 2

     Variable          Observed      Estimated      Residual (Obs.-Est.)    Stand. Residual
     N
       Category 0        0.000          0.000                  0.000                0.000
       Category 1        0.967          0.967                  0.000                0.000
       Category 2        0.002          0.002                  0.000                0.000
       Category 3        0.010          0.010                  0.000                0.000
       Category 4        0.007          0.007                  0.000                0.000
       Category 5        0.014          0.014                  0.000                0.000


     UNIVARIATE DISTRIBUTION FIT FOR CLASS 3

     Variable          Observed      Estimated      Residual (Obs.-Est.)    Stand. Residual
     N
       Category 0        0.018          0.018                  0.000                0.000
       Category 1        0.000          0.000                  0.000                0.000
       Category 2        0.881          0.881                  0.000                0.000
       Category 3        0.016          0.016                  0.000                0.000
       Category 4        0.060          0.060                  0.000                0.000
       Category 5        0.024          0.024                  0.000                0.000


     UNIVARIATE DISTRIBUTION FIT FOR CLASS 4

     Variable          Observed      Estimated      Residual (Obs.-Est.)    Stand. Residual
     N
       Category 0        0.025          0.025                  0.000                0.000
       Category 1        0.001          0.001                  0.000                0.000
       Category 2        0.026          0.026                  0.000                0.000
       Category 3        0.880          0.880                  0.000                0.000
       Category 4        0.041          0.041                  0.000                0.000
       Category 5        0.028          0.028                  0.000                0.000


     UNIVARIATE DISTRIBUTION FIT FOR CLASS 5

     Variable          Observed      Estimated      Residual (Obs.-Est.)    Stand. Residual
     N
       Category 0        0.000          0.000                  0.000                0.000
       Category 1        0.001          0.001                  0.000                0.000
       Category 2        0.046          0.046                  0.000                0.000
       Category 3        0.019          0.019                  0.000                0.000
       Category 4        0.892          0.892                  0.000                0.000
       Category 5        0.043          0.043                  0.000                0.000


     UNIVARIATE DISTRIBUTION FIT FOR CLASS 6

     Variable          Observed      Estimated      Residual (Obs.-Est.)    Stand. Residual
     N
       Category 0        0.000          0.000                  0.000                0.000
       Category 1        0.001          0.001                  0.000                0.000
       Category 2        0.030          0.030                  0.000                0.000
       Category 3        0.026          0.026                  0.000                0.000
       Category 4        0.072          0.072                  0.000                0.000
       Category 5        0.871          0.871                  0.000                0.000


     UNIVARIATE DISTRIBUTION FIT FOR CLASS 1

     Variable          Observed      Estimated      Residual (Obs.-Est.)    Stand. Residual
     CMULTI
       Category 1        0.963          0.963                  0.000                0.000
       Category 2        0.037          0.037                  0.000                0.000


     UNIVARIATE DISTRIBUTION FIT FOR CLASS 2

     Variable          Observed      Estimated      Residual (Obs.-Est.)    Stand. Residual
     CMULTI
       Category 1        0.877          0.877                  0.000                0.000
       Category 2        0.123          0.123                  0.000                0.000


     UNIVARIATE DISTRIBUTION FIT FOR CLASS 3

     Variable          Observed      Estimated      Residual (Obs.-Est.)    Stand. Residual
     CMULTI
       Category 1        0.957          0.957                  0.000                0.000
       Category 2        0.043          0.043                  0.000                0.000


     UNIVARIATE DISTRIBUTION FIT FOR CLASS 4

     Variable          Observed      Estimated      Residual (Obs.-Est.)    Stand. Residual
     CMULTI
       Category 1        0.872          0.872                  0.000                0.000
       Category 2        0.128          0.128                  0.000                0.000


     UNIVARIATE DISTRIBUTION FIT FOR CLASS 5

     Variable          Observed      Estimated      Residual (Obs.-Est.)    Stand. Residual
     CMULTI
       Category 1        0.768          0.768                  0.000                0.000
       Category 2        0.232          0.232                  0.000                0.000


     UNIVARIATE DISTRIBUTION FIT FOR CLASS 6

     Variable          Observed      Estimated      Residual (Obs.-Est.)    Stand. Residual
     CMULTI
       Category 1        0.791          0.791                  0.000                0.000
       Category 2        0.209          0.209                  0.000                0.000


     Beginning Time:  21:51:50
        Ending Time:  21:51:50
       Elapsed Time:  00:00:00



MUTHEN & MUTHEN
3463 Stoner Ave.
Los Angeles, CA  90066

Tel: (310) 391-9971
Fax: (310) 391-8971
Web: www.StatModel.com
Support: Support@StatModel.com

Copyright (c) 1998-2020 Muthen & Muthen
