Mplus VERSION 8.5 (Mac)
MUTHEN & MUTHEN
11/10/2022   4:27 PM

INPUT INSTRUCTIONS

  TITLE:
  Step2 - 3step LSAY - Lab9
  DATA:
  FILE = "./Step2_Outcomes.dat";

  VARIABLE:
  NAMES = W4_SMOKE W5_SMOKE W6_SMOKE W7_SMOKE W8_SMOKE W4_DRINK W5_DRINK W6_DRINK
       W7_DRINK W8_DRINK W4_PA W5_PA W6_PA W7_PA W8_PA W4_FV W5_FV W6_FV W7_FV W8_FV
       FEMALE AGE PAT_INT PAT_HIG SELF_INT SELF_HIG EDU_UPP EDU_TER WEALTH_2 WEALTH_3
       EYE_4 CIRCUL_4 ENDOCR_4 MUSCUL_4 RESPIR_4 NEOPLA_4 NERVOU_4 MENTAL_4 MULTI_4
       CMULTI_4 LUNCAN_4 EYE CIRCUL ENDOCR MUSCUL RESPIR NEOPLA NERVOU MENTAL MULTI
       CMULTI LUNCAN CPROB1 CPROB2 CPROB3 CPROB4 CPROB5 CPROB6 N WEIGHTS;
   MISSING=.;
   nominal=N;
    USEVAR = N;
    USEOBSERVATIONS = Female NE -99 AND Age NE -99 AND
    Pat_Int NE -99 AND
  Pat_Hig NE -99 AND Self_Int NE -99 AND
  Self_Hig NE -99 AND Edu_Upp NE -99 AND
  Edu_Ter NE -99 AND
  Wealth_2 NE -99 AND Wealth_3 NE -99;
    missing are all (-99);
    classes = c(6);
    WEIGHT  = Weights;
  ANALYSIS:
  estimator = mlr;
    type = mixture;
    starts = 0;
  MODEL:
  %C#1%
   [n#1@3.551];
   [n#2@-0.359];
   [n#3@-0.744];
   [n#4@0.855];
   [n#5@-5.262];

   %C#2%
  [n#1@3.635];
   [n#2@6.175];
   [n#3@3.837];
   [n#4@0.016];
   [n#5@-4.895];

   %C#3%
  [n#1@-0.391];
   [n#2@0.208];
   [n#3@3.255];
   [n#4@0.355];
   [n#5@-4.856];

     %C#4%
   [n#1@-0.118];
   [n#2@-5.902];
   [n#3@-0.905];
   [n#4@2.93];
   [n#5@-4.442];

    %C#5%
   [n#1@-1.316];
   [n#2@-2.843];
   [n#3@-0.178];
   [n#4@-0.75];
   [n#5@4.251];

   %C#6%
   [n#1@-3.545];
   [n#2@-8.357];
   [n#3@-3.614];
   [n#4@-2.593];
   [n#5@-6.997];



*** WARNING
  One or more observations has a value of 0 for the WEIGHT variable.
   1 WARNING(S) FOUND IN THE INPUT INSTRUCTIONS




Step2 - 3step LSAY - Lab9

SUMMARY OF ANALYSIS

Number of groups                                                 1
Number of observations                                        3787

Number of dependent variables                                    1
Number of independent variables                                  0
Number of continuous latent variables                            0
Number of categorical latent variables                           1

Observed dependent variables

  Unordered categorical (nominal)
   N

Categorical latent variables
   C

Variables with special functions

  Weight variable       WEIGHTS

Estimator                                                      MLR
Information matrix                                        OBSERVED
Optimization Specifications for the Quasi-Newton Algorithm for
Continuous Outcomes
  Maximum number of iterations                                 100
  Convergence criterion                                  0.100D-05
Optimization Specifications for the EM Algorithm
  Maximum number of iterations                                 500
  Convergence criteria
    Loglikelihood change                                 0.100D-06
    Relative loglikelihood change                        0.100D-06
    Derivative                                           0.100D-05
Optimization Specifications for the M step of the EM Algorithm for
Categorical Latent variables
  Number of M step iterations                                    1
  M step convergence criterion                           0.100D-05
  Basis for M step termination                           ITERATION
Optimization Specifications for the M step of the EM Algorithm for
Censored, Binary or Ordered Categorical (Ordinal), Unordered
Categorical (Nominal) and Count Outcomes
  Number of M step iterations                                    1
  M step convergence criterion                           0.100D-05
  Basis for M step termination                           ITERATION
  Maximum value for logit thresholds                            15
  Minimum value for logit thresholds                           -15
  Minimum expected cell size for chi-square              0.100D-01
Maximum number of iterations for H1                           2000
Convergence criterion for H1                             0.100D-03
Optimization algorithm                                         EMA

Input data file(s)
  ./Step2_Outcomes.dat
Input data format  FREE


SUMMARY OF DATA



COVARIANCE COVERAGE OF DATA

Minimum covariance coverage value   0.100


UNIVARIATE PROPORTIONS AND COUNTS FOR CATEGORICAL VARIABLES

    N
      Category 1    0.211          798.978
      Category 2    0.105          398.439
      Category 3    0.176          667.361
      Category 4    0.231          874.945
      Category 5    0.101          383.414
      Category 6    0.175          663.864



THE MODEL ESTIMATION TERMINATED NORMALLY



MODEL FIT INFORMATION

Number of Free Parameters                        5

Loglikelihood

          H0 Value                       -6614.934
          H0 Scaling Correction Factor      1.2852
            for MLR

Information Criteria

          Akaike (AIC)                   13239.869
          Bayesian (BIC)                 13271.065
          Sample-Size Adjusted BIC       13255.178
            (n* = (n + 2) / 24)



FINAL CLASS COUNTS AND PROPORTIONS FOR THE LATENT CLASSES
BASED ON THE ESTIMATED MODEL

    Latent
   Classes

       1        793.24364          0.20946
       2        419.83783          0.11086
       3        685.56707          0.18103
       4        841.23514          0.22214
       5        396.48331          0.10470
       6        650.63301          0.17181


FINAL CLASS COUNTS AND PROPORTIONS FOR THE LATENT CLASSES
BASED ON ESTIMATED POSTERIOR PROBABILITIES

    Latent
   Classes

       1        793.24364          0.20946
       2        419.83783          0.11086
       3        685.56707          0.18103
       4        841.23514          0.22214
       5        396.48331          0.10470
       6        650.63301          0.17181


FINAL CLASS COUNTS AND PROPORTIONS FOR THE LATENT CLASSES
BASED ON THEIR MOST LIKELY LATENT CLASS MEMBERSHIP

Class Counts and Proportions

    Latent
   Classes

       1              799          0.21098
       2              398          0.10521
       3              667          0.17622
       4              875          0.23104
       5              383          0.10124
       6              664          0.17530


CLASSIFICATION QUALITY

     Entropy                         0.728


Average Latent Class Probabilities for Most Likely Latent Class Membership (Row)
by Latent Class (Column)

           1        2        3        4        5        6

    1   0.879    0.035    0.019    0.044    0.002    0.021
    2   0.035    0.893    0.070    0.000    0.001    0.000
    3   0.014    0.051    0.880    0.024    0.007    0.023
    4   0.054    0.001    0.037    0.856    0.003    0.049
    5   0.000    0.000    0.000    0.001    0.997    0.001
    6   0.030    0.001    0.034    0.060    0.008    0.866


Classification Probabilities for the Most Likely Latent Class Membership (Column)
by Latent Class (Row)

           1        2        3        4        5        6

    1   0.885    0.018    0.012    0.060    0.000    0.025
    2   0.067    0.848    0.082    0.002    0.000    0.002
    3   0.022    0.041    0.857    0.047    0.000    0.033
    4   0.042    0.000    0.019    0.890    0.001    0.048
    5   0.004    0.001    0.011    0.006    0.964    0.014
    6   0.026    0.000    0.024    0.066    0.001    0.884


Logits for the Classification Probabilities for the Most Likely Latent Class Membership (Column)
by Latent Class (Row)

              1        2        3        4        5        6

    1      3.551   -0.359   -0.744    0.855   -5.262    0.000
    2      3.635    6.175    3.837    0.016   -4.895    0.000
    3     -0.391    0.208    3.255    0.355   -4.856    0.000
    4     -0.118   -5.902   -0.905    2.930   -4.442    0.000
    5     -1.316   -2.843   -0.178   -0.750    4.251    0.000
    6     -3.545   -8.357   -3.614   -2.593   -6.997    0.000


MODEL RESULTS

                                                    Two-Tailed
                    Estimate       S.E.  Est./S.E.    P-Value

Latent Class 1

 Means
    N#1                3.551      0.000    999.000    999.000
    N#2               -0.359      0.000    999.000    999.000
    N#3               -0.744      0.000    999.000    999.000
    N#4                0.855      0.000    999.000    999.000
    N#5               -5.262      0.000    999.000    999.000

Latent Class 2

 Means
    N#1                3.635      0.000    999.000    999.000
    N#2                6.175      0.000    999.000    999.000
    N#3                3.837      0.000    999.000    999.000
    N#4                0.016      0.000    999.000    999.000
    N#5               -4.895      0.000    999.000    999.000

Latent Class 3

 Means
    N#1               -0.391      0.000    999.000    999.000
    N#2                0.208      0.000    999.000    999.000
    N#3                3.255      0.000    999.000    999.000
    N#4                0.355      0.000    999.000    999.000
    N#5               -4.856      0.000    999.000    999.000

Latent Class 4

 Means
    N#1               -0.118      0.000    999.000    999.000
    N#2               -5.902      0.000    999.000    999.000
    N#3               -0.905      0.000    999.000    999.000
    N#4                2.930      0.000    999.000    999.000
    N#5               -4.442      0.000    999.000    999.000

Latent Class 5

 Means
    N#1               -1.316      0.000    999.000    999.000
    N#2               -2.843      0.000    999.000    999.000
    N#3               -0.178      0.000    999.000    999.000
    N#4               -0.750      0.000    999.000    999.000
    N#5                4.251      0.000    999.000    999.000

Latent Class 6

 Means
    N#1               -3.545      0.000    999.000    999.000
    N#2               -8.357      0.000    999.000    999.000
    N#3               -3.614      0.000    999.000    999.000
    N#4               -2.593      0.000    999.000    999.000
    N#5               -6.997      0.000    999.000    999.000

Categorical Latent Variables

 Means
    C#1                0.198      0.071      2.779      0.005
    C#2               -0.438      0.081     -5.430      0.000
    C#3                0.052      0.075      0.693      0.488
    C#4                0.257      0.076      3.382      0.001
    C#5               -0.495      0.082     -6.045      0.000


QUALITY OF NUMERICAL RESULTS

     Condition Number for the Information Matrix              0.137E+00
       (ratio of smallest to largest eigenvalue)


     Beginning Time:  16:27:56
        Ending Time:  16:27:56
       Elapsed Time:  00:00:00



MUTHEN & MUTHEN
3463 Stoner Ave.
Los Angeles, CA  90066

Tel: (310) 391-9971
Fax: (310) 391-8971
Web: www.StatModel.com
Support: Support@StatModel.com

Copyright (c) 1998-2020 Muthen & Muthen
