Mplus VERSION 8.5 (Mac)
MUTHEN & MUTHEN
11/10/2022   4:28 PM

INPUT INSTRUCTIONS

  TITLE:
  Step3 - 3step LSAY - Lab9
  DATA:
  FILE = "./Step1_MPlus_Outcomes.dat";

  VARIABLE:
  NAMES = W4_SMOKE W5_SMOKE W6_SMOKE W7_SMOKE W8_SMOKE W4_DRINK W5_DRINK W6_DRINK
       W7_DRINK W8_DRINK W4_PA W5_PA W6_PA W7_PA W8_PA W4_FV W5_FV W6_FV W7_FV W8_FV
       FEMALE AGE PAT_INT PAT_HIG SELF_INT SELF_HIG EDU_UPP EDU_TER WEALTH_2 WEALTH_3
       EYE_4 CIRCUL_4 ENDOCR_4 MUSCUL_4 RESPIR_4 NEOPLA_4 NERVOU_4 MENTAL_4 MULTI_4
       CMULTI_4 LUNCAN_4 EYE CIRCUL ENDOCR MUSCUL RESPIR NEOPLA NERVOU MENTAL MULTI
       CMULTI LUNCAN CPROB1 CPROB2 CPROB3 CPROB4 CPROB5 CPROB6 N WEIGHTS;
   MISSING=.;
   nominal=N;
    usevar = n;
    USEOBSERVATIONS = Female NE -99 AND Age NE -99 AND
    Pat_Int NE -99 AND
  Pat_Hig NE -99 AND Self_Int NE -99 AND
  Self_Hig NE -99 AND Edu_Upp NE -99 AND
  Edu_Ter NE -99 AND
  Wealth_2 NE -99 AND Wealth_3 NE -99;
    missing are all (-99);
    classes = c(6);
    CATEGORICAL = Multi;
    usevar =  Multi Female;
    WEIGHT  = Weights;
  ANALYSIS:
  estimator = mlr;
    type = mixture;
    starts = 0;
    ITERATIONS = 1000;
  MODEL:
  %OVERALL%

     %C#1%
     [n#1@3.551];
     [n#2@-0.359];
     [n#3@-0.744];
     [n#4@0.855];
     [n#5@-5.262];

   [Multi$1](m1);

    %C#2%
   [n#1@3.635];
   [n#2@6.175];
   [n#3@3.837];
   [n#4@0.016];
   [n#5@-4.895];

   [Multi$1](m2);


   %C#3%
  [n#1@-0.391];
   [n#2@0.208];
   [n#3@3.255];
   [n#4@0.355];
   [n#5@-4.856];


   [Multi$1](m3);


    %C#4%
   [n#1@-0.118];
   [n#2@-5.902];
   [n#3@-0.905];
   [n#4@2.93];
   [n#5@-4.442];


   [Multi$1](m4);



    %C#5%
   [n#1@-1.316];
   [n#2@-2.843];
   [n#3@-0.178];
   [n#4@-0.75];
   [n#5@4.251];


   [Multi$1](m5);


     %C#6%
   [n#1@-3.545];
   [n#2@-8.357];
   [n#3@-3.614];
   [n#4@-2.593];
   [n#5@-6.997];

     [Multi$1](m6);
  MODEL CONSTRAINT:
  New (diff12 diff13 diff23 diff14
    diff24 diff34 diff15 diff16 diff25
    diff26 diff35 diff36 diff45
    diff46 diff56);
    diff12 = m1-m2;  ! test pairwise distal mean differences
    diff13 = m1-m3;
    diff23 = m2-m3;
    diff14 = m1-m4;
    diff24 = m2-m4;
    diff34 = m3-m4;
    diff15 = m1-m5;
    diff16 = m1-m6;
    diff25 = m2-m5;
    diff26 = m2-m6;
    diff35 = m3-m5;
    diff36 = m3-m6;
    diff45 = m4-m5;
    diff46 = m4-m6;
    diff56 = m5-m6;


  MODEL TEST:
   0=m1-m2;
     0=m2-m3;
     0=m3-m4; ! omnibus test of distal thresholds
     0=m4-m5;
     0=m5-m6;
  OUTPUT:
  sampstat residual TECH11 TECH14;



*** WARNING in MODEL command
  All variables are uncorrelated with all other variables within class.
  Check that this is what is intended.
*** WARNING
  One or more observations has a value of 0 for the WEIGHT variable.
*** WARNING in OUTPUT command
  TECH11 option is not available in conjunction with nonlinear constraints
  through the use of MODEL CONSTRAINT.  Request for TECH11 is ignored.
*** WARNING in OUTPUT command
  TECH14 option is not available for TYPE=MIXTURE with weights.
  Request for TECH14 is ignored.
   4 WARNING(S) FOUND IN THE INPUT INSTRUCTIONS




Step3 - 3step LSAY - Lab9

SUMMARY OF ANALYSIS

Number of groups                                                 1
Number of observations                                        3787

Number of dependent variables                                    3
Number of independent variables                                  0
Number of continuous latent variables                            0
Number of categorical latent variables                           1

Observed dependent variables

  Continuous
   FEMALE

  Binary and ordered categorical (ordinal)
   MULTI

  Unordered categorical (nominal)
   N

Categorical latent variables
   C

Variables with special functions

  Weight variable       WEIGHTS

Estimator                                                      MLR
Information matrix                                        OBSERVED
Optimization Specifications for the Quasi-Newton Algorithm for
Continuous Outcomes
  Maximum number of iterations                                1000
  Convergence criterion                                  0.100D-05
Optimization Specifications for the EM Algorithm
  Maximum number of iterations                                 500
  Convergence criteria
    Loglikelihood change                                 0.100D-06
    Relative loglikelihood change                        0.100D-06
    Derivative                                           0.100D-05
Optimization Specifications for the M step of the EM Algorithm for
Categorical Latent variables
  Number of M step iterations                                    1
  M step convergence criterion                           0.100D-05
  Basis for M step termination                           ITERATION
Optimization Specifications for the M step of the EM Algorithm for
Censored, Binary or Ordered Categorical (Ordinal), Unordered
Categorical (Nominal) and Count Outcomes
  Number of M step iterations                                    1
  M step convergence criterion                           0.100D-05
  Basis for M step termination                           ITERATION
  Maximum value for logit thresholds                            15
  Minimum value for logit thresholds                           -15
  Minimum expected cell size for chi-square              0.100D-01
Maximum number of iterations for H1                           2000
Convergence criterion for H1                             0.100D-03
Optimization algorithm                                         EMA
Link                                                         LOGIT

Input data file(s)
  ./Step1_MPlus_Outcomes.dat
Input data format  FREE


SUMMARY OF DATA

     Number of missing data patterns             1
     Number of y missing data patterns           1
     Number of u missing data patterns           1


COVARIANCE COVERAGE OF DATA

Minimum covariance coverage value   0.100


     PROPORTION OF DATA PRESENT FOR Y


           Covariance Coverage
              FEMALE
              ________
 FEMALE         1.000


UNIVARIATE PROPORTIONS AND COUNTS FOR CATEGORICAL VARIABLES

    MULTI
      Category 1    0.406         1538.608
      Category 2    0.594         2248.392
    N
      Category 1    0.211          798.978
      Category 2    0.105          398.439
      Category 3    0.176          667.361
      Category 4    0.231          874.945
      Category 5    0.101          383.414
      Category 6    0.175          663.864


SAMPLE STATISTICS


     ESTIMATED SAMPLE STATISTICS


           Means
              FEMALE
              ________
                0.521


           Covariances
              FEMALE
              ________
 FEMALE         0.250


           Correlations
              FEMALE
              ________
 FEMALE         1.000


     MAXIMUM LOG-LIKELIHOOD VALUE FOR THE UNRESTRICTED (H1) MODEL IS -2745.173


UNIVARIATE SAMPLE STATISTICS


     UNIVARIATE HIGHER-ORDER MOMENT DESCRIPTIVE STATISTICS

         Variable/         Mean/     Skewness/   Minimum/ % with                Percentiles
        Sample Size      Variance    Kurtosis    Maximum  Min/Max      20%/60%    40%/80%    Median

     FEMALE                0.521      -0.085       0.000   44.57%       0.000      0.000      1.000
            3787.000       0.250      -1.993       1.000   55.43%       1.000      1.000

     THE STANDARD ERRORS OF THE MODEL PARAMETER ESTIMATES MAY NOT BE
     TRUSTWORTHY FOR SOME PARAMETERS DUE TO A NON-POSITIVE DEFINITE
     FIRST-ORDER DERIVATIVE PRODUCT MATRIX.  THIS MAY BE DUE TO THE STARTING
     VALUES BUT MAY ALSO BE AN INDICATION OF MODEL NONIDENTIFICATION.  THE
     CONDITION NUMBER IS       0.878D-14.  PROBLEM INVOLVING THE FOLLOWING PARAMETER:
     Parameter 18, [ C#5 ]


THE MODEL ESTIMATION TERMINATED NORMALLY



MODEL FIT INFORMATION

Number of Free Parameters                       18

Loglikelihood

          H0 Value                      -11733.875
          H0 Scaling Correction Factor      1.2314
            for MLR

Information Criteria

          Akaike (AIC)                   23503.750
          Bayesian (BIC)                 23616.058
          Sample-Size Adjusted BIC       23558.862
            (n* = (n + 2) / 24)

Chi-Square Test of Model Fit for the Binary and Ordered Categorical
(Ordinal) Outcomes

          Pearson Chi-Square

          Value                              0.000
          Degrees of freedom cannot be computed for this model part.

          Likelihood Ratio Chi-Square

          Value                              0.000
          Degrees of freedom cannot be computed for this model part.

Wald Test of Parameter Constraints

          Value                             97.525
          Degrees of Freedom                     5
          P-Value                           0.0000



FINAL CLASS COUNTS AND PROPORTIONS FOR THE LATENT CLASSES
BASED ON THE ESTIMATED MODEL

    Latent
   Classes

       1        792.93189          0.20938
       2        419.85115          0.11087
       3        685.55672          0.18103
       4        841.97132          0.22233
       5        396.50423          0.10470
       6        650.18469          0.17169


FINAL CLASS COUNTS AND PROPORTIONS FOR THE LATENT CLASSES
BASED ON ESTIMATED POSTERIOR PROBABILITIES

    Latent
   Classes

       1        792.93189          0.20938
       2        419.85115          0.11087
       3        685.55672          0.18103
       4        841.97132          0.22233
       5        396.50423          0.10470
       6        650.18469          0.17169


FINAL CLASS COUNTS AND PROPORTIONS FOR THE LATENT CLASSES
BASED ON THEIR MOST LIKELY LATENT CLASS MEMBERSHIP

Class Counts and Proportions

    Latent
   Classes

       1              799          0.21098
       2              398          0.10521
       3              667          0.17622
       4              875          0.23104
       5              383          0.10124
       6              664          0.17530


CLASSIFICATION QUALITY

     Entropy                         0.735


Average Latent Class Probabilities for Most Likely Latent Class Membership (Row)
by Latent Class (Column)

           1        2        3        4        5        6

    1   0.878    0.035    0.019    0.045    0.002    0.021
    2   0.036    0.893    0.070    0.000    0.001    0.000
    3   0.014    0.051    0.879    0.025    0.007    0.023
    4   0.054    0.001    0.037    0.856    0.003    0.049
    5   0.000    0.000    0.000    0.001    0.997    0.001
    6   0.030    0.001    0.035    0.060    0.008    0.865


Classification Probabilities for the Most Likely Latent Class Membership (Column)
by Latent Class (Row)

           1        2        3        4        5        6

    1   0.885    0.018    0.012    0.060    0.000    0.025
    2   0.067    0.847    0.082    0.002    0.000    0.002
    3   0.022    0.041    0.856    0.047    0.000    0.034
    4   0.042    0.000    0.020    0.889    0.001    0.048
    5   0.004    0.001    0.012    0.006    0.964    0.014
    6   0.026    0.000    0.024    0.066    0.001    0.883


Logits for the Classification Probabilities for the Most Likely Latent Class Membership (Column)
by Latent Class (Row)

              1        2        3        4        5        6

    1      3.547   -0.354   -0.749    0.851   -5.264    0.000
    2      3.611    6.143    3.806   -0.006   -4.884    0.000
    3     -0.403    0.196    3.238    0.346   -4.862    0.000
    4     -0.115   -5.834   -0.877    2.928   -4.426    0.000
    5     -1.317   -2.820   -0.174   -0.752    4.250    0.000
    6     -3.545   -8.318   -3.601   -2.595   -6.995    0.000


MODEL RESULTS

                                                    Two-Tailed
                    Estimate       S.E.  Est./S.E.    P-Value

Latent Class 1

 Means
    FEMALE             0.527      0.022     23.521      0.000

 Means
    N#1                3.551      0.000    999.000    999.000
    N#2               -0.359      0.000    999.000    999.000
    N#3               -0.744      0.000    999.000    999.000
    N#4                0.855      0.000    999.000    999.000
    N#5               -5.262      0.000    999.000    999.000

 Thresholds
    MULTI$1            0.037      0.087      0.424      0.671

 Variances
    FEMALE             0.230      0.003     80.932      0.000

Latent Class 2

 Means
    FEMALE             0.295      0.026     11.258      0.000

 Means
    N#1                3.635      0.000    999.000    999.000
    N#2                6.175      0.000    999.000    999.000
    N#3                3.837      0.000    999.000    999.000
    N#4                0.016      0.000    999.000    999.000
    N#5               -4.895      0.000    999.000    999.000

 Thresholds
    MULTI$1            0.315      0.122      2.587      0.010

 Variances
    FEMALE             0.230      0.003     80.932      0.000

Latent Class 3

 Means
    FEMALE             0.351      0.024     14.860      0.000

 Means
    N#1               -0.391      0.000    999.000    999.000
    N#2                0.208      0.000    999.000    999.000
    N#3                3.255      0.000    999.000    999.000
    N#4                0.355      0.000    999.000    999.000
    N#5               -4.856      0.000    999.000    999.000

 Thresholds
    MULTI$1           -0.299      0.100     -2.990      0.003

 Variances
    FEMALE             0.230      0.003     80.932      0.000

Latent Class 4

 Means
    FEMALE             0.710      0.022     31.987      0.000

 Means
    N#1               -0.118      0.000    999.000    999.000
    N#2               -5.902      0.000    999.000    999.000
    N#3               -0.905      0.000    999.000    999.000
    N#4                2.930      0.000    999.000    999.000
    N#5               -4.442      0.000    999.000    999.000

 Thresholds
    MULTI$1           -0.966      0.108     -8.914      0.000

 Variances
    FEMALE             0.230      0.003     80.932      0.000

Latent Class 5

 Means
    FEMALE             0.547      0.030     18.034      0.000

 Means
    N#1               -1.316      0.000    999.000    999.000
    N#2               -2.843      0.000    999.000    999.000
    N#3               -0.178      0.000    999.000    999.000
    N#4               -0.750      0.000    999.000    999.000
    N#5                4.251      0.000    999.000    999.000

 Thresholds
    MULTI$1           -0.395      0.124     -3.195      0.001

 Variances
    FEMALE             0.230      0.003     80.932      0.000

Latent Class 6

 Means
    FEMALE             0.580      0.028     20.949      0.000

 Means
    N#1               -3.545      0.000    999.000    999.000
    N#2               -8.357      0.000    999.000    999.000
    N#3               -3.614      0.000    999.000    999.000
    N#4               -2.593      0.000    999.000    999.000
    N#5               -6.997      0.000    999.000    999.000

 Thresholds
    MULTI$1           -0.750      0.117     -6.434      0.000

 Variances
    FEMALE             0.230      0.003     80.932      0.000

Categorical Latent Variables

 Means
    C#1                0.198      0.071      2.781      0.005
    C#2               -0.437      0.081     -5.418      0.000
    C#3                0.053      0.076      0.701      0.483
    C#4                0.258      0.076      3.405      0.001
    C#5               -0.495      0.082     -6.034      0.000

New/Additional Parameters
    DIFF12            -0.278      0.155     -1.790      0.073
    DIFF13             0.336      0.134      2.506      0.012
    DIFF23             0.614      0.168      3.656      0.000
    DIFF14             1.003      0.146      6.877      0.000
    DIFF24             1.281      0.162      7.910      0.000
    DIFF34             0.667      0.152      4.392      0.000
    DIFF15             0.432      0.151      2.853      0.004
    DIFF16             0.787      0.149      5.288      0.000
    DIFF25             0.709      0.173      4.092      0.000
    DIFF26             1.064      0.168      6.345      0.000
    DIFF35             0.095      0.160      0.597      0.550
    DIFF36             0.451      0.158      2.848      0.004
    DIFF45            -0.572      0.165     -3.472      0.001
    DIFF46            -0.217      0.168     -1.289      0.197
    DIFF56             0.355      0.171      2.079      0.038


RESULTS IN PROBABILITY SCALE

Latent Class 1

 MULTI
    Category 1         0.509      0.022     23.409      0.000
    Category 2         0.491      0.022     22.560      0.000

Latent Class 2

 MULTI
    Category 1         0.578      0.030     19.488      0.000
    Category 2         0.422      0.030     14.228      0.000

Latent Class 3

 MULTI
    Category 1         0.426      0.024     17.393      0.000
    Category 2         0.574      0.024     23.462      0.000

Latent Class 4

 MULTI
    Category 1         0.276      0.022     12.733      0.000
    Category 2         0.724      0.022     33.469      0.000

Latent Class 5

 MULTI
    Category 1         0.403      0.030     13.550      0.000
    Category 2         0.597      0.030     20.107      0.000

Latent Class 6

 MULTI
    Category 1         0.321      0.025     12.634      0.000
    Category 2         0.679      0.025     26.742      0.000


LATENT CLASS ODDS RATIO RESULTS

                                                95% C.I.
                    Estimate       S.E.  Lower 2.5% Upper 2.5%

Latent Class 1 Compared to Latent Class 2

 MULTI
    Category > 1       1.320      0.205      0.974      1.789

Latent Class 1 Compared to Latent Class 3

 MULTI
    Category > 1       0.714      0.096      0.549      0.929

Latent Class 1 Compared to Latent Class 4

 MULTI
    Category > 1       0.367      0.053      0.275      0.488

Latent Class 1 Compared to Latent Class 5

 MULTI
    Category > 1       0.649      0.098      0.483      0.874

Latent Class 1 Compared to Latent Class 6

 MULTI
    Category > 1       0.455      0.068      0.340      0.609

Latent Class 2 Compared to Latent Class 3

 MULTI
    Category > 1       0.541      0.091      0.389      0.752

Latent Class 2 Compared to Latent Class 4

 MULTI
    Category > 1       0.278      0.045      0.202      0.382

Latent Class 2 Compared to Latent Class 5

 MULTI
    Category > 1       0.492      0.085      0.350      0.691

Latent Class 2 Compared to Latent Class 6

 MULTI
    Category > 1       0.345      0.058      0.248      0.479

Latent Class 3 Compared to Latent Class 4

 MULTI
    Category > 1       0.513      0.078      0.381      0.691

Latent Class 3 Compared to Latent Class 5

 MULTI
    Category > 1       0.909      0.145      0.665      1.243

Latent Class 3 Compared to Latent Class 6

 MULTI
    Category > 1       0.637      0.101      0.467      0.869

Latent Class 4 Compared to Latent Class 5

 MULTI
    Category > 1       1.771      0.292      1.283      2.446

Latent Class 4 Compared to Latent Class 6

 MULTI
    Category > 1       1.242      0.209      0.893      1.727

Latent Class 5 Compared to Latent Class 6

 MULTI
    Category > 1       0.701      0.120      0.502      0.980


QUALITY OF NUMERICAL RESULTS

     Condition Number for the Information Matrix              0.878E-14
       (ratio of smallest to largest eigenvalue)


RESIDUAL OUTPUT


     ESTIMATED MODEL AND RESIDUALS (OBSERVED - ESTIMATED) FOR CLASS 1


           Model Estimated Means
              FEMALE
              ________
                0.527


           Residuals for Means
              FEMALE
              ________
                0.000


           Model Estimated Covariances
              FEMALE
              ________
 FEMALE         0.230


           Residuals for Covariances
              FEMALE
              ________
 FEMALE         0.019


     ESTIMATED MODEL AND RESIDUALS (OBSERVED - ESTIMATED) FOR CLASS 2


           Model Estimated Means
              FEMALE
              ________
                0.295


           Residuals for Means
              FEMALE
              ________
                0.000


           Model Estimated Covariances
              FEMALE
              ________
 FEMALE         0.230


           Residuals for Covariances
              FEMALE
              ________
 FEMALE        -0.022


     ESTIMATED MODEL AND RESIDUALS (OBSERVED - ESTIMATED) FOR CLASS 3


           Model Estimated Means
              FEMALE
              ________
                0.351


           Residuals for Means
              FEMALE
              ________
                0.000


           Model Estimated Covariances
              FEMALE
              ________
 FEMALE         0.230


           Residuals for Covariances
              FEMALE
              ________
 FEMALE        -0.002


     ESTIMATED MODEL AND RESIDUALS (OBSERVED - ESTIMATED) FOR CLASS 4


           Model Estimated Means
              FEMALE
              ________
                0.710


           Residuals for Means
              FEMALE
              ________
                0.000


           Model Estimated Covariances
              FEMALE
              ________
 FEMALE         0.230


           Residuals for Covariances
              FEMALE
              ________
 FEMALE        -0.024


     ESTIMATED MODEL AND RESIDUALS (OBSERVED - ESTIMATED) FOR CLASS 5


           Model Estimated Means
              FEMALE
              ________
                0.547


           Residuals for Means
              FEMALE
              ________
                0.000


           Model Estimated Covariances
              FEMALE
              ________
 FEMALE         0.230


           Residuals for Covariances
              FEMALE
              ________
 FEMALE         0.018


     ESTIMATED MODEL AND RESIDUALS (OBSERVED - ESTIMATED) FOR CLASS 6


           Model Estimated Means
              FEMALE
              ________
                0.580


           Residuals for Means
              FEMALE
              ________
                0.000


           Model Estimated Covariances
              FEMALE
              ________
 FEMALE         0.230


           Residuals for Covariances
              FEMALE
              ________
 FEMALE         0.014


     UNIVARIATE DISTRIBUTION FIT FOR CLASS 1

     Variable          Observed      Estimated      Residual (Obs.-Est.)    Stand. Residual
     N
       Category 0        0.885          0.885                  0.000               -0.016
       Category 1        0.018          0.018                  0.000                0.032
       Category 2        0.012          0.012                  0.000               -0.006
       Category 3        0.060          0.060                  0.000               -0.005
       Category 4        0.000          0.000                  0.000                0.001
       Category 5        0.025          0.025                  0.000                0.016


     UNIVARIATE DISTRIBUTION FIT FOR CLASS 2

     Variable          Observed      Estimated      Residual (Obs.-Est.)    Stand. Residual
     N
       Category 0        0.067          0.067                  0.000                0.039
       Category 1        0.847          0.848                 -0.001               -0.033
       Category 2        0.082          0.082                  0.000                0.002
       Category 3        0.002          0.002                  0.000                0.008
       Category 4        0.000          0.000                  0.000                0.003
       Category 5        0.002          0.002                  0.000                0.027


     UNIVARIATE DISTRIBUTION FIT FOR CLASS 3

     Variable          Observed      Estimated      Residual (Obs.-Est.)    Stand. Residual
     N
       Category 0        0.022          0.022                  0.000                0.015
       Category 1        0.041          0.041                  0.000                0.018
       Category 2        0.856          0.857                 -0.001               -0.076
       Category 3        0.047          0.047                  0.000                0.035
       Category 4        0.000          0.000                  0.000                0.004
       Category 5        0.034          0.033                  0.001                0.075


     UNIVARIATE DISTRIBUTION FIT FOR CLASS 4

     Variable          Observed      Estimated      Residual (Obs.-Est.)    Stand. Residual
     N
       Category 0        0.042          0.042                  0.000                0.024
       Category 1        0.000          0.000                  0.000                0.024
       Category 2        0.020          0.019                  0.001                0.123
       Category 3        0.889          0.890                 -0.001               -0.077
       Category 4        0.001          0.001                  0.000                0.012
       Category 5        0.048          0.048                  0.000                0.008


     UNIVARIATE DISTRIBUTION FIT FOR CLASS 5

     Variable          Observed      Estimated      Residual (Obs.-Est.)    Stand. Residual
     N
       Category 0        0.004          0.004                  0.000                0.000
       Category 1        0.001          0.001                  0.000                0.013
       Category 2        0.012          0.011                  0.000                0.011
       Category 3        0.006          0.006                  0.000               -0.002
       Category 4        0.964          0.964                  0.000               -0.009
       Category 5        0.014          0.014                  0.000                0.002


     UNIVARIATE DISTRIBUTION FIT FOR CLASS 6

     Variable          Observed      Estimated      Residual (Obs.-Est.)    Stand. Residual
     N
       Category 0        0.026          0.026                  0.000                0.001
       Category 1        0.000          0.000                  0.000                0.015
       Category 2        0.024          0.024                  0.000                0.052
       Category 3        0.066          0.066                  0.000               -0.012
       Category 4        0.001          0.001                  0.000                0.002
       Category 5        0.883          0.884                  0.000               -0.016


     UNIVARIATE DISTRIBUTION FIT FOR CLASS 1

     Variable          Observed      Estimated      Residual (Obs.-Est.)    Stand. Residual
     MULTI
       Category 1        0.509          0.509                  0.000                0.000
       Category 2        0.491          0.491                  0.000                0.000


     UNIVARIATE DISTRIBUTION FIT FOR CLASS 2

     Variable          Observed      Estimated      Residual (Obs.-Est.)    Stand. Residual
     MULTI
       Category 1        0.578          0.578                  0.000                0.000
       Category 2        0.422          0.422                  0.000                0.000


     UNIVARIATE DISTRIBUTION FIT FOR CLASS 3

     Variable          Observed      Estimated      Residual (Obs.-Est.)    Stand. Residual
     MULTI
       Category 1        0.426          0.426                  0.000                0.000
       Category 2        0.574          0.574                  0.000                0.000


     UNIVARIATE DISTRIBUTION FIT FOR CLASS 4

     Variable          Observed      Estimated      Residual (Obs.-Est.)    Stand. Residual
     MULTI
       Category 1        0.276          0.276                  0.000                0.000
       Category 2        0.724          0.724                  0.000                0.000


     UNIVARIATE DISTRIBUTION FIT FOR CLASS 5

     Variable          Observed      Estimated      Residual (Obs.-Est.)    Stand. Residual
     MULTI
       Category 1        0.403          0.403                  0.000                0.000
       Category 2        0.597          0.597                  0.000                0.000


     UNIVARIATE DISTRIBUTION FIT FOR CLASS 6

     Variable          Observed      Estimated      Residual (Obs.-Est.)    Stand. Residual
     MULTI
       Category 1        0.321          0.321                  0.000                0.000
       Category 2        0.679          0.679                  0.000                0.000


TECHNICAL 1 OUTPUT


     PARAMETER SPECIFICATION FOR LATENT CLASS 1


           NU
              FEMALE
              ________
                    1


           THETA
              FEMALE
              ________
 FEMALE             2


     PARAMETER SPECIFICATION FOR LATENT CLASS 2


           NU
              FEMALE
              ________
                    3


           THETA
              FEMALE
              ________
 FEMALE             2


     PARAMETER SPECIFICATION FOR LATENT CLASS 3


           NU
              FEMALE
              ________
                    4


           THETA
              FEMALE
              ________
 FEMALE             2


     PARAMETER SPECIFICATION FOR LATENT CLASS 4


           NU
              FEMALE
              ________
                    5


           THETA
              FEMALE
              ________
 FEMALE             2


     PARAMETER SPECIFICATION FOR LATENT CLASS 5


           NU
              FEMALE
              ________
                    6


           THETA
              FEMALE
              ________
 FEMALE             2


     PARAMETER SPECIFICATION FOR LATENT CLASS 6


           NU
              FEMALE
              ________
                    7


           THETA
              FEMALE
              ________
 FEMALE             2


     PARAMETER SPECIFICATION FOR LATENT CLASS INDICATOR MODEL PART


           TAU(U) FOR LATENT CLASS 1
              MULTI$1
              ________
                    8


           TAU(U) FOR LATENT CLASS 2
              MULTI$1
              ________
                    9


           TAU(U) FOR LATENT CLASS 3
              MULTI$1
              ________
                   10


           TAU(U) FOR LATENT CLASS 4
              MULTI$1
              ________
                   11


           TAU(U) FOR LATENT CLASS 5
              MULTI$1
              ________
                   12


           TAU(U) FOR LATENT CLASS 6
              MULTI$1
              ________
                   13


     PARAMETER SPECIFICATION FOR LATENT CLASS REGRESSION MODEL PART


           ALPHA(C)
              C#1           C#2           C#3           C#4           C#5
              ________      ________      ________      ________      ________
                   14            15            16            17            18


           ALPHA(C)
              C#6
              ________
                    0


     PARAMETER SPECIFICATION FOR THE CENSORED/NOMINAL/COUNT MODEL PART


           NU(P) FOR LATENT CLASS 1
              N#1           N#2           N#3           N#4           N#5
              ________      ________      ________      ________      ________
                    0             0             0             0             0


           NU(P) FOR LATENT CLASS 2
              N#1           N#2           N#3           N#4           N#5
              ________      ________      ________      ________      ________
                    0             0             0             0             0


           NU(P) FOR LATENT CLASS 3
              N#1           N#2           N#3           N#4           N#5
              ________      ________      ________      ________      ________
                    0             0             0             0             0


           NU(P) FOR LATENT CLASS 4
              N#1           N#2           N#3           N#4           N#5
              ________      ________      ________      ________      ________
                    0             0             0             0             0


           NU(P) FOR LATENT CLASS 5
              N#1           N#2           N#3           N#4           N#5
              ________      ________      ________      ________      ________
                    0             0             0             0             0


           NU(P) FOR LATENT CLASS 6
              N#1           N#2           N#3           N#4           N#5
              ________      ________      ________      ________      ________
                    0             0             0             0             0


     PARAMETER SPECIFICATION FOR THE ADDITIONAL PARAMETERS


           NEW/ADDITIONAL PARAMETERS
              DIFF12        DIFF13        DIFF23        DIFF14        DIFF24
              ________      ________      ________      ________      ________
                   19            20            21            22            23


           NEW/ADDITIONAL PARAMETERS
              DIFF34        DIFF15        DIFF16        DIFF25        DIFF26
              ________      ________      ________      ________      ________
                   24            25            26            27            28


           NEW/ADDITIONAL PARAMETERS
              DIFF35        DIFF36        DIFF45        DIFF46        DIFF56
              ________      ________      ________      ________      ________
                   29            30            31            32            33


     STARTING VALUES FOR LATENT CLASS 1


           NU
              FEMALE
              ________
               -0.478


           THETA
              FEMALE
              ________
 FEMALE         0.125


     STARTING VALUES FOR LATENT CLASS 2


           NU
              FEMALE
              ________
                0.022


           THETA
              FEMALE
              ________
 FEMALE         0.125


     STARTING VALUES FOR LATENT CLASS 3


           NU
              FEMALE
              ________
                0.521


           THETA
              FEMALE
              ________
 FEMALE         0.125


     STARTING VALUES FOR LATENT CLASS 4


           NU
              FEMALE
              ________
                0.521


           THETA
              FEMALE
              ________
 FEMALE         0.125


     STARTING VALUES FOR LATENT CLASS 5


           NU
              FEMALE
              ________
                1.021


           THETA
              FEMALE
              ________
 FEMALE         0.125


     STARTING VALUES FOR LATENT CLASS 6


           NU
              FEMALE
              ________
                1.520


           THETA
              FEMALE
              ________
 FEMALE         0.125


     STARTING VALUES FOR LATENT CLASS INDICATOR MODEL PART


           TAU(U) FOR LATENT CLASS 1
              MULTI$1
              ________
               -2.379


           TAU(U) FOR LATENT CLASS 2
              MULTI$1
              ________
               -1.379


           TAU(U) FOR LATENT CLASS 3
              MULTI$1
              ________
               -0.379


           TAU(U) FOR LATENT CLASS 4
              MULTI$1
              ________
               -0.379


           TAU(U) FOR LATENT CLASS 5
              MULTI$1
              ________
                0.621


           TAU(U) FOR LATENT CLASS 6
              MULTI$1
              ________
                1.621


     STARTING VALUES FOR LATENT CLASS REGRESSION MODEL PART


           ALPHA(C)
              C#1           C#2           C#3           C#4           C#5
              ________      ________      ________      ________      ________
                0.000         0.000         0.000         0.000         0.000


           ALPHA(C)
              C#6
              ________
                0.000


     STARTING VALUES FOR THE CENSORED/NOMINAL/COUNT MODEL PART


           NU(P) FOR LATENT CLASS 1
              N#1           N#2           N#3           N#4           N#5
              ________      ________      ________      ________      ________
                3.551        -0.359        -0.744         0.855        -5.262


           NU(P) FOR LATENT CLASS 2
              N#1           N#2           N#3           N#4           N#5
              ________      ________      ________      ________      ________
                3.635         6.175         3.837         0.016        -4.895


           NU(P) FOR LATENT CLASS 3
              N#1           N#2           N#3           N#4           N#5
              ________      ________      ________      ________      ________
               -0.391         0.208         3.255         0.355        -4.856


           NU(P) FOR LATENT CLASS 4
              N#1           N#2           N#3           N#4           N#5
              ________      ________      ________      ________      ________
               -0.118        -5.902        -0.905         2.930        -4.442


           NU(P) FOR LATENT CLASS 5
              N#1           N#2           N#3           N#4           N#5
              ________      ________      ________      ________      ________
               -1.316        -2.843        -0.178        -0.750         4.251


           NU(P) FOR LATENT CLASS 6
              N#1           N#2           N#3           N#4           N#5
              ________      ________      ________      ________      ________
               -3.545        -8.357        -3.614        -2.593        -6.997


     STARTING VALUES FOR THE ADDITIONAL PARAMETERS


           NEW/ADDITIONAL PARAMETERS
              DIFF12        DIFF13        DIFF23        DIFF14        DIFF24
              ________      ________      ________      ________      ________
                0.500         0.500         0.500         0.500         0.500


           NEW/ADDITIONAL PARAMETERS
              DIFF34        DIFF15        DIFF16        DIFF25        DIFF26
              ________      ________      ________      ________      ________
                0.500         0.500         0.500         0.500         0.500


           NEW/ADDITIONAL PARAMETERS
              DIFF35        DIFF36        DIFF45        DIFF46        DIFF56
              ________      ________      ________      ________      ________
                0.500         0.500         0.500         0.500         0.500


     Beginning Time:  16:28:20
        Ending Time:  16:28:21
       Elapsed Time:  00:00:01



MUTHEN & MUTHEN
3463 Stoner Ave.
Los Angeles, CA  90066

Tel: (310) 391-9971
Fax: (310) 391-8971
Web: www.StatModel.com
Support: Support@StatModel.com

Copyright (c) 1998-2020 Muthen & Muthen
