Mplus VERSION 8.5 (Mac)
MUTHEN & MUTHEN
09/14/2022   9:51 PM

INPUT INSTRUCTIONS

  TITLE:
  Step3 - 3step LSAY - Lab9
  DATA:
  FILE = "./Step1_MPlus_Outcomes.dat";

  VARIABLE:
  NAMES = W4_SMOKE W5_SMOKE W6_SMOKE W7_SMOKE W8_SMOKE W4_DRINK W5_DRINK W6_DRINK
       W7_DRINK W8_DRINK W4_PA W5_PA W6_PA W7_PA W8_PA W4_FV W5_FV W6_FV W7_FV W8_FV
       FEMALE AGE PAT_INT PAT_HIG SELF_INT SELF_HIG EDU_UPP EDU_TER WEALTH_2 WEALTH_3
       EYE_4 CIRCUL_4 ENDOCR_4 MUSCUL_4 RESPIR_4 NEOPLA_4 NERVOU_4 MENTAL_4 MULTI_4
       CMULTI_4 LUNCAN_4 MULTI EYE CIRCUL ENDOCR MUSCUL RESPIR NEOPLA NERVOU MENTAL
       CMULTI LUNCAN CPROB1 CPROB2 CPROB3 CPROB4 CPROB5 CPROB6 N WEIGHTS;
   MISSING=.;
   nominal=N;
    usevar = n;
    USEOBSERVATIONS = Female NE -99 AND Age NE -99 AND
    Pat_Int NE -99 AND
  Pat_Hig NE -99 AND Self_Int NE -99 AND
  Self_Hig NE -99 AND Edu_Upp NE -99 AND
  Edu_Ter NE -99 AND
  Wealth_2 NE -99 AND Wealth_3 NE -99;
    missing are all (-99);
    classes = c(6);
    CATEGORICAL = Endocr;
    usevar =  Endocr;
    WEIGHT  = Weights;
  ANALYSIS:
  estimator = mlr;
    type = mixture;
    starts = 0;
    ITERATIONS = 1000;
  MODEL:
  %OVERALL%

     %C#1%
     [n#1@7.881];
     [n#2@-3.045];
     [n#3@5.173];
     [n#4@5.679];
     [n#5@1.278];

   [Endocr$1](m1);

    %C#2%
   [n#1@-3.432];
   [n#2@4.228];
   [n#3@-1.99];
   [n#4@-0.388];
   [n#5@-0.652];

   [Endocr$1](m2);


   %C#3%
  [n#1@-0.274];
   [n#2@-6.506];
   [n#3@3.603];
   [n#4@-0.403];
   [n#5@0.924];


   [Endocr$1](m3);


    %C#4%
   [n#1@-0.122];
   [n#2@-3.083];
   [n#3@-0.078];
   [n#4@3.454];
   [n#5@0.381];


   [Endocr$1](m4);



    %C#5%
   [n#1@-5.754];
   [n#2@-4.304];
   [n#3@0.048];
   [n#4@-0.849];
   [n#5@3.021];


   [Endocr$1](m5);


     %C#6%
   [n#1@-8.392];
   [n#2@-6.947];
   [n#3@-3.383];
   [n#4@-3.497];
   [n#5@-2.498];

     [Endocr$1](m6);
  MODEL CONSTRAINT:
  New (diff12 diff13 diff23 diff14
    diff24 diff34 diff15 diff16 diff25
    diff26 diff35 diff36 diff45
    diff46 diff56);
    diff12 = m1-m2;  ! test pairwise distal mean differences
    diff13 = m1-m3;
    diff23 = m2-m3;
    diff14 = m1-m4;
    diff24 = m2-m4;
    diff34 = m3-m4;
    diff15 = m1-m5;
    diff16 = m1-m6;
    diff25 = m2-m5;
    diff26 = m2-m6;
    diff35 = m3-m5;
    diff36 = m3-m6;
    diff45 = m4-m5;
    diff46 = m4-m6;
    diff56 = m5-m6;


  MODEL TEST:
   0=m1-m2;
     0=m2-m3;
     0=m3-m4; ! omnibus test of distal thresholds
     0=m4-m5;
     0=m5-m6;
  OUTPUT:
  sampstat residual TECH11 TECH14;



*** WARNING
  One or more observations has a value of 0 for the WEIGHT variable.
*** WARNING in OUTPUT command
  SAMPSTAT option is not available when all outcomes are censored, ordered
  categorical, unordered categorical (nominal), count or continuous-time
  survival variables.  Request for SAMPSTAT is ignored.
*** WARNING in OUTPUT command
  TECH11 option is not available in conjunction with nonlinear constraints
  through the use of MODEL CONSTRAINT.  Request for TECH11 is ignored.
*** WARNING in OUTPUT command
  TECH14 option is not available for TYPE=MIXTURE with weights.
  Request for TECH14 is ignored.
   4 WARNING(S) FOUND IN THE INPUT INSTRUCTIONS




Step3 - 3step LSAY - Lab9

SUMMARY OF ANALYSIS

Number of groups                                                 1
Number of observations                                        3787

Number of dependent variables                                    2
Number of independent variables                                  0
Number of continuous latent variables                            0
Number of categorical latent variables                           1

Observed dependent variables

  Binary and ordered categorical (ordinal)
   ENDOCR

  Unordered categorical (nominal)
   N

Categorical latent variables
   C

Variables with special functions

  Weight variable       WEIGHTS

Estimator                                                      MLR
Information matrix                                        OBSERVED
Optimization Specifications for the Quasi-Newton Algorithm for
Continuous Outcomes
  Maximum number of iterations                                1000
  Convergence criterion                                  0.100D-05
Optimization Specifications for the EM Algorithm
  Maximum number of iterations                                 500
  Convergence criteria
    Loglikelihood change                                 0.100D-06
    Relative loglikelihood change                        0.100D-06
    Derivative                                           0.100D-05
Optimization Specifications for the M step of the EM Algorithm for
Categorical Latent variables
  Number of M step iterations                                    1
  M step convergence criterion                           0.100D-05
  Basis for M step termination                           ITERATION
Optimization Specifications for the M step of the EM Algorithm for
Censored, Binary or Ordered Categorical (Ordinal), Unordered
Categorical (Nominal) and Count Outcomes
  Number of M step iterations                                    1
  M step convergence criterion                           0.100D-05
  Basis for M step termination                           ITERATION
  Maximum value for logit thresholds                            15
  Minimum value for logit thresholds                           -15
  Minimum expected cell size for chi-square              0.100D-01
Maximum number of iterations for H1                           2000
Convergence criterion for H1                             0.100D-03
Optimization algorithm                                         EMA
Link                                                         LOGIT

Input data file(s)
  ./Step1_MPlus_Outcomes.dat
Input data format  FREE


SUMMARY OF DATA

     Number of missing data patterns             2
     Number of y missing data patterns           0
     Number of u missing data patterns           2


COVARIANCE COVERAGE OF DATA

Minimum covariance coverage value   0.100


     PROPORTION OF DATA PRESENT FOR U


           Covariance Coverage
              ENDOCR
              ________
 ENDOCR         0.999


UNIVARIATE PROPORTIONS AND COUNTS FOR CATEGORICAL VARIABLES

    ENDOCR
      Category 1    0.921         3485.184
      Category 2    0.079          300.051
    N
      Category 1    0.091          346.119
      Category 2    0.101          384.354
      Category 3    0.211          799.651
      Category 4    0.193          731.576
      Category 5    0.232          876.911
      Category 6    0.171          648.388



THE MODEL ESTIMATION TERMINATED NORMALLY



MODEL FIT INFORMATION

Number of Free Parameters                       11

Loglikelihood

          H0 Value                       -7601.814
          H0 Scaling Correction Factor      1.2911
            for MLR

Information Criteria

          Akaike (AIC)                   15225.627
          Bayesian (BIC)                 15294.260
          Sample-Size Adjusted BIC       15259.307
            (n* = (n + 2) / 24)

Chi-Square Test of Model Fit for the Binary and Ordered Categorical
(Ordinal) Outcomes

          Pearson Chi-Square

          Value                              0.000
          Degrees of freedom cannot be computed for this model part.

          Likelihood Ratio Chi-Square

          Value                              0.000
          Degrees of freedom cannot be computed for this model part.

Chi-Square Test for MCAR under the Unrestricted Latent Class Indicator Model

          Pearson Chi-Square

          Value                              0.000
          Degrees of Freedom                     0
          P-Value                           1.0000

          Likelihood Ratio Chi-Square

          Value                              0.000
          Degrees of Freedom                     0
          P-Value                           1.0000

Wald Test of Parameter Constraints

          Value                             39.066
          Degrees of Freedom                     5
          P-Value                           0.0000



FINAL CLASS COUNTS AND PROPORTIONS FOR THE LATENT CLASSES
BASED ON THE ESTIMATED MODEL

    Latent
   Classes

       1        369.07414          0.09746
       2        395.54718          0.10445
       3        796.13184          0.21023
       4        736.07848          0.19437
       5        839.89971          0.22178
       6        650.26865          0.17171


FINAL CLASS COUNTS AND PROPORTIONS FOR THE LATENT CLASSES
BASED ON ESTIMATED POSTERIOR PROBABILITIES

    Latent
   Classes

       1        369.07414          0.09746
       2        395.54718          0.10445
       3        796.13184          0.21023
       4        736.07848          0.19437
       5        839.89971          0.22178
       6        650.26865          0.17171


FINAL CLASS COUNTS AND PROPORTIONS FOR THE LATENT CLASSES
BASED ON THEIR MOST LIKELY LATENT CLASS MEMBERSHIP

Class Counts and Proportions

    Latent
   Classes

       1              346          0.09140
       2              384          0.10149
       3              800          0.21116
       4              732          0.19318
       5              877          0.23156
       6              648          0.17121


CLASSIFICATION QUALITY

     Entropy                         0.732


Average Latent Class Probabilities for Most Likely Latent Class Membership (Row)
by Latent Class (Column)

           1        2        3        4        5        6

    1   0.904    0.001    0.042    0.052    0.000    0.000
    2   0.000    0.995    0.000    0.002    0.001    0.001
    3   0.026    0.001    0.877    0.024    0.048    0.024
    4   0.047    0.005    0.017    0.885    0.021    0.023
    5   0.000    0.003    0.055    0.034    0.854    0.053
    6   0.000    0.009    0.029    0.032    0.056    0.874


Classification Probabilities for the Most Likely Latent Class Membership (Column)
by Latent Class (Row)

           1        2        3        4        5        6

    1   0.848    0.000    0.057    0.094    0.001    0.000
    2   0.000    0.967    0.002    0.010    0.007    0.014
    3   0.018    0.000    0.881    0.016    0.060    0.024
    4   0.025    0.001    0.026    0.880    0.041    0.028
    5   0.000    0.001    0.046    0.019    0.892    0.043
    6   0.000    0.001    0.030    0.026    0.072    0.871


Logits for the Classification Probabilities for the Most Likely Latent Class Membership (Column)
by Latent Class (Row)

              1        2        3        4        5        6

    1      7.881   -3.045    5.173    5.679    1.278    0.000
    2     -3.432    4.228   -1.990   -0.388   -0.652    0.000
    3     -0.274   -6.506    3.603   -0.403    0.924    0.000
    4     -0.122   -3.083   -0.078    3.454    0.381    0.000
    5     -5.754   -4.304    0.048   -0.849    3.021    0.000
    6     -8.392   -6.947   -3.383   -3.497   -2.498    0.000


MODEL RESULTS

                                                    Two-Tailed
                    Estimate       S.E.  Est./S.E.    P-Value

Latent Class 1

 Means
    N#1                7.881      0.000    999.000    999.000
    N#2               -3.045      0.000    999.000    999.000
    N#3                5.173      0.000    999.000    999.000
    N#4                5.679      0.000    999.000    999.000
    N#5                1.278      0.000    999.000    999.000

 Thresholds
    ENDOCR$1           3.399      0.358      9.485      0.000

Latent Class 2

 Means
    N#1               -3.432      0.000    999.000    999.000
    N#2                4.228      0.000    999.000    999.000
    N#3               -1.990      0.000    999.000    999.000
    N#4               -0.388      0.000    999.000    999.000
    N#5               -0.652      0.000    999.000    999.000

 Thresholds
    ENDOCR$1           2.880      0.261     11.045      0.000

Latent Class 3

 Means
    N#1               -0.274      0.000    999.000    999.000
    N#2               -6.506      0.000    999.000    999.000
    N#3                3.603      0.000    999.000    999.000
    N#4               -0.403      0.000    999.000    999.000
    N#5                0.924      0.000    999.000    999.000

 Thresholds
    ENDOCR$1           3.145      0.228     13.817      0.000

Latent Class 4

 Means
    N#1               -0.122      0.000    999.000    999.000
    N#2               -3.083      0.000    999.000    999.000
    N#3               -0.078      0.000    999.000    999.000
    N#4                3.454      0.000    999.000    999.000
    N#5                0.381      0.000    999.000    999.000

 Thresholds
    ENDOCR$1           2.579      0.190     13.605      0.000

Latent Class 5

 Means
    N#1               -5.754      0.000    999.000    999.000
    N#2               -4.304      0.000    999.000    999.000
    N#3                0.048      0.000    999.000    999.000
    N#4               -0.849      0.000    999.000    999.000
    N#5                3.021      0.000    999.000    999.000

 Thresholds
    ENDOCR$1           1.925      0.139     13.837      0.000

Latent Class 6

 Means
    N#1               -8.392      0.000    999.000    999.000
    N#2               -6.947      0.000    999.000    999.000
    N#3               -3.383      0.000    999.000    999.000
    N#4               -3.497      0.000    999.000    999.000
    N#5               -2.498      0.000    999.000    999.000

 Thresholds
    ENDOCR$1           2.029      0.177     11.430      0.000

Categorical Latent Variables

 Means
    C#1               -0.566      0.083     -6.804      0.000
    C#2               -0.497      0.082     -6.055      0.000
    C#3                0.202      0.072      2.823      0.005
    C#4                0.124      0.074      1.681      0.093
    C#5                0.256      0.076      3.359      0.001

New/Additional Parameters
    DIFF12             0.520      0.443      1.172      0.241
    DIFF13             0.254      0.438      0.580      0.562
    DIFF23            -0.266      0.346     -0.768      0.443
    DIFF14             0.821      0.423      1.938      0.053
    DIFF24             0.301      0.324      0.930      0.352
    DIFF34             0.567      0.301      1.881      0.060
    DIFF15             1.475      0.383      3.849      0.000
    DIFF16             1.370      0.399      3.436      0.001
    DIFF25             0.955      0.296      3.227      0.001
    DIFF26             0.851      0.317      2.687      0.007
    DIFF35             1.221      0.281      4.349      0.000
    DIFF36             1.117      0.296      3.766      0.000
    DIFF45             0.654      0.241      2.714      0.007
    DIFF46             0.550      0.267      2.060      0.039
    DIFF56            -0.104      0.238     -0.437      0.662


RESULTS IN PROBABILITY SCALE

Latent Class 1

 ENDOCR
    Category 1         0.968      0.011     86.338      0.000
    Category 2         0.032      0.011      2.884      0.004

Latent Class 2

 ENDOCR
    Category 1         0.947      0.013     72.137      0.000
    Category 2         0.053      0.013      4.051      0.000

Latent Class 3

 ENDOCR
    Category 1         0.959      0.009    106.432      0.000
    Category 2         0.041      0.009      4.582      0.000

Latent Class 4

 ENDOCR
    Category 1         0.929      0.012     74.808      0.000
    Category 2         0.071      0.012      5.676      0.000

Latent Class 5

 ENDOCR
    Category 1         0.873      0.015     56.454      0.000
    Category 2         0.127      0.015      8.238      0.000

Latent Class 6

 ENDOCR
    Category 1         0.884      0.018     48.477      0.000
    Category 2         0.116      0.018      6.375      0.000


LATENT CLASS ODDS RATIO RESULTS

                                                95% C.I.
                    Estimate       S.E.  Lower 2.5% Upper 2.5%

Latent Class 1 Compared to Latent Class 2

 ENDOCR
    Category > 1       0.595      0.264      0.250      1.418

Latent Class 1 Compared to Latent Class 3

 ENDOCR
    Category > 1       0.776      0.340      0.329      1.830

Latent Class 1 Compared to Latent Class 4

 ENDOCR
    Category > 1       0.440      0.186      0.192      1.010

Latent Class 1 Compared to Latent Class 5

 ENDOCR
    Category > 1       0.229      0.088      0.108      0.485

Latent Class 1 Compared to Latent Class 6

 ENDOCR
    Category > 1       0.254      0.101      0.116      0.555

Latent Class 2 Compared to Latent Class 3

 ENDOCR
    Category > 1       1.304      0.452      0.662      2.571

Latent Class 2 Compared to Latent Class 4

 ENDOCR
    Category > 1       0.740      0.239      0.393      1.395

Latent Class 2 Compared to Latent Class 5

 ENDOCR
    Category > 1       0.385      0.114      0.215      0.687

Latent Class 2 Compared to Latent Class 6

 ENDOCR
    Category > 1       0.427      0.135      0.230      0.794

Latent Class 3 Compared to Latent Class 4

 ENDOCR
    Category > 1       0.567      0.171      0.314      1.024

Latent Class 3 Compared to Latent Class 5

 ENDOCR
    Category > 1       0.295      0.083      0.170      0.511

Latent Class 3 Compared to Latent Class 6

 ENDOCR
    Category > 1       0.327      0.097      0.183      0.585

Latent Class 4 Compared to Latent Class 5

 ENDOCR
    Category > 1       0.520      0.125      0.324      0.834

Latent Class 4 Compared to Latent Class 6

 ENDOCR
    Category > 1       0.577      0.154      0.342      0.974

Latent Class 5 Compared to Latent Class 6

 ENDOCR
    Category > 1       1.110      0.265      0.695      1.771


QUALITY OF NUMERICAL RESULTS

     Condition Number for the Information Matrix              0.133E-02
       (ratio of smallest to largest eigenvalue)


RESIDUAL OUTPUT


     UNIVARIATE DISTRIBUTION FIT FOR CLASS 1

     Variable          Observed      Estimated      Residual (Obs.-Est.)    Stand. Residual
     N
       Category 0        0.848          0.848                  0.000                0.000
       Category 1        0.000          0.000                  0.000                0.000
       Category 2        0.057          0.057                  0.000                0.000
       Category 3        0.094          0.094                  0.000                0.000
       Category 4        0.001          0.001                  0.000                0.000
       Category 5        0.000          0.000                  0.000                0.000


     UNIVARIATE DISTRIBUTION FIT FOR CLASS 2

     Variable          Observed      Estimated      Residual (Obs.-Est.)    Stand. Residual
     N
       Category 0        0.000          0.000                  0.000                0.000
       Category 1        0.967          0.967                  0.000                0.000
       Category 2        0.002          0.002                  0.000                0.000
       Category 3        0.010          0.010                  0.000                0.000
       Category 4        0.007          0.007                  0.000                0.000
       Category 5        0.014          0.014                  0.000                0.000


     UNIVARIATE DISTRIBUTION FIT FOR CLASS 3

     Variable          Observed      Estimated      Residual (Obs.-Est.)    Stand. Residual
     N
       Category 0        0.018          0.018                  0.000                0.000
       Category 1        0.000          0.000                  0.000                0.000
       Category 2        0.881          0.881                  0.000                0.000
       Category 3        0.016          0.016                  0.000                0.000
       Category 4        0.060          0.060                  0.000                0.000
       Category 5        0.024          0.024                  0.000                0.000


     UNIVARIATE DISTRIBUTION FIT FOR CLASS 4

     Variable          Observed      Estimated      Residual (Obs.-Est.)    Stand. Residual
     N
       Category 0        0.025          0.025                  0.000                0.000
       Category 1        0.001          0.001                  0.000                0.000
       Category 2        0.026          0.026                  0.000                0.000
       Category 3        0.880          0.880                  0.000                0.000
       Category 4        0.041          0.041                  0.000                0.000
       Category 5        0.028          0.028                  0.000                0.000


     UNIVARIATE DISTRIBUTION FIT FOR CLASS 5

     Variable          Observed      Estimated      Residual (Obs.-Est.)    Stand. Residual
     N
       Category 0        0.000          0.000                  0.000                0.000
       Category 1        0.001          0.001                  0.000                0.000
       Category 2        0.046          0.046                  0.000                0.000
       Category 3        0.019          0.019                  0.000                0.000
       Category 4        0.892          0.892                  0.000                0.000
       Category 5        0.043          0.043                  0.000                0.000


     UNIVARIATE DISTRIBUTION FIT FOR CLASS 6

     Variable          Observed      Estimated      Residual (Obs.-Est.)    Stand. Residual
     N
       Category 0        0.000          0.000                  0.000                0.000
       Category 1        0.001          0.001                  0.000                0.000
       Category 2        0.030          0.030                  0.000                0.000
       Category 3        0.026          0.026                  0.000                0.000
       Category 4        0.072          0.072                  0.000                0.000
       Category 5        0.871          0.871                  0.000                0.000


     UNIVARIATE DISTRIBUTION FIT FOR CLASS 1

     Variable          Observed      Estimated      Residual (Obs.-Est.)    Stand. Residual
     ENDOCR
       Category 1        0.968          0.968                  0.000                0.000
       Category 2        0.032          0.032                  0.000                0.000


     UNIVARIATE DISTRIBUTION FIT FOR CLASS 2

     Variable          Observed      Estimated      Residual (Obs.-Est.)    Stand. Residual
     ENDOCR
       Category 1        0.947          0.947                  0.000                0.000
       Category 2        0.053          0.053                  0.000                0.000


     UNIVARIATE DISTRIBUTION FIT FOR CLASS 3

     Variable          Observed      Estimated      Residual (Obs.-Est.)    Stand. Residual
     ENDOCR
       Category 1        0.959          0.959                  0.000                0.000
       Category 2        0.041          0.041                  0.000                0.000


     UNIVARIATE DISTRIBUTION FIT FOR CLASS 4

     Variable          Observed      Estimated      Residual (Obs.-Est.)    Stand. Residual
     ENDOCR
       Category 1        0.929          0.929                  0.000                0.000
       Category 2        0.071          0.071                  0.000                0.000


     UNIVARIATE DISTRIBUTION FIT FOR CLASS 5

     Variable          Observed      Estimated      Residual (Obs.-Est.)    Stand. Residual
     ENDOCR
       Category 1        0.873          0.873                  0.000                0.000
       Category 2        0.127          0.127                  0.000                0.000


     UNIVARIATE DISTRIBUTION FIT FOR CLASS 6

     Variable          Observed      Estimated      Residual (Obs.-Est.)    Stand. Residual
     ENDOCR
       Category 1        0.884          0.884                  0.000                0.000
       Category 2        0.116          0.116                  0.000                0.000


     Beginning Time:  21:51:51
        Ending Time:  21:51:51
       Elapsed Time:  00:00:00



MUTHEN & MUTHEN
3463 Stoner Ave.
Los Angeles, CA  90066

Tel: (310) 391-9971
Fax: (310) 391-8971
Web: www.StatModel.com
Support: Support@StatModel.com

Copyright (c) 1998-2020 Muthen & Muthen
