Mplus VERSION 8.5 (Mac)
MUTHEN & MUTHEN
11/08/2022   1:27 PM

INPUT INSTRUCTIONS

  TITLE:
  C2_LCA_enumerate
  DATA:
  FILE = "./c_lca_enumerate.dat";

  VARIABLE:
  NAMES = idauniq W4_Smoke W5_Smoke W6_Smoke W7_Smoke W8_Smoke W4_Drink W5_Drink
       W6_Drink W7_Drink W8_Drink W4_PA W5_PA W6_PA W7_PA W8_PA W4_FV W5_FV W6_FV
       W7_FV W8_FV Weights Female Age Pat_Int Pat_Hig Self_Int Self_Hig Edu_Upp
       Edu_Ter Wealth_2 Wealth_3 Eye_4 Circul_4 Endocr_4 Muscul_4 Respir_4 Neopla_4
       Nervou_4 Mental_4 Multi_4 CMulti_4 Luncan_4 Eye Circul Endocr Muscul Respir
       Neopla Nervou Mental Multi CMulti Luncan;
   MISSING=.;
   CATEGORICAL = W4_Smoke,W5_Smoke,W6_Smoke,W7_Smoke,W8_Smoke,
  W4_Drink,W5_Drink,W6_Drink,W7_Drink,W8_Drink,
  W4_PA,W5_PA,W6_PA,W7_PA,W8_PA,W4_FV,W5_FV,W6_FV,
  W7_FV,W8_FV;
  USEVARIABLES = W4_Smoke,W5_Smoke,W6_Smoke,W7_Smoke,W8_Smoke,
  W4_Drink,W5_Drink,W6_Drink,W7_Drink,W8_Drink,
  W4_PA,W5_PA,W6_PA,W7_PA,W8_PA,W4_FV,W5_FV,W6_FV,
  W7_FV,W8_FV,Weights;
          WEIGHT        = Weights;
  MISSING ARE ALL (-99);
          classes = c(2);
  ANALYSIS:
  estimator = mlr;
      type = mixture;
      starts = 500 100;
      STITERATIONS=20;
  LRTSTARTS = 50 10 400 20;
  OUTPUT:
  TECH11 TECH14
  PLOT:
  type = plot3;
      series is W4_Smoke(2) W5_Smoke(3) W6_Smoke(4) W7_Smoke(5)
      W8_Smoke(6) W4_Drink(7) W5_Drink(8)
      W6_Drink(9) W7_Drink(10)
      W8_Drink(11) W4_PA(12) W5_PA(13)
      W6_PA(14) W7_PA(15) W8_PA(16)
      W4_FV(17) W5_FV(18) W6_FV(19)
      W7_FV(20) W8_FV(21);



*** WARNING
  One or more observations has a value of 0 for the WEIGHT variable.
*** WARNING in OUTPUT command
  TECH14 option is not available for TYPE=MIXTURE with weights.
  Request for TECH14 is ignored.
   2 WARNING(S) FOUND IN THE INPUT INSTRUCTIONS




C2_LCA_enumerate

SUMMARY OF ANALYSIS

Number of groups                                                 1
Number of observations                                        5429

Number of dependent variables                                   20
Number of independent variables                                  0
Number of continuous latent variables                            0
Number of categorical latent variables                           1

Observed dependent variables

  Binary and ordered categorical (ordinal)
   W4_SMOKE    W5_SMOKE    W6_SMOKE    W7_SMOKE    W8_SMOKE    W4_DRINK
   W5_DRINK    W6_DRINK    W7_DRINK    W8_DRINK    W4_PA       W5_PA
   W6_PA       W7_PA       W8_PA       W4_FV       W5_FV       W6_FV
   W7_FV       W8_FV

Categorical latent variables
   C

Variables with special functions

  Weight variable       WEIGHTS

Estimator                                                      MLR
Information matrix                                        OBSERVED
Optimization Specifications for the Quasi-Newton Algorithm for
Continuous Outcomes
  Maximum number of iterations                                 100
  Convergence criterion                                  0.100D-05
Optimization Specifications for the EM Algorithm
  Maximum number of iterations                                 500
  Convergence criteria
    Loglikelihood change                                 0.100D-06
    Relative loglikelihood change                        0.100D-06
    Derivative                                           0.100D-05
Optimization Specifications for the M step of the EM Algorithm for
Categorical Latent variables
  Number of M step iterations                                    1
  M step convergence criterion                           0.100D-05
  Basis for M step termination                           ITERATION
Optimization Specifications for the M step of the EM Algorithm for
Censored, Binary or Ordered Categorical (Ordinal), Unordered
Categorical (Nominal) and Count Outcomes
  Number of M step iterations                                    1
  M step convergence criterion                           0.100D-05
  Basis for M step termination                           ITERATION
  Maximum value for logit thresholds                            15
  Minimum value for logit thresholds                           -15
  Minimum expected cell size for chi-square              0.100D-01
Maximum number of iterations for H1                           2000
Convergence criterion for H1                             0.100D-03
Optimization algorithm                                         EMA
Random Starts Specifications
  Number of initial stage random starts                        500
  Number of final stage optimizations                          100
  Number of initial stage iterations                            20
  Initial stage convergence criterion                    0.100D+01
  Random starts scale                                    0.500D+01
  Random seed for generating random starts                       0
Link                                                         LOGIT

Input data file(s)
  ./c_lca_enumerate.dat
Input data format  FREE


SUMMARY OF DATA

     Number of missing data patterns          1208
     Number of y missing data patterns           0
     Number of u missing data patterns        1208


COVARIANCE COVERAGE OF DATA

Minimum covariance coverage value   0.100


     PROPORTION OF DATA PRESENT FOR U


           Covariance Coverage
              W4_SMOKE      W5_SMOKE      W6_SMOKE      W7_SMOKE      W8_SMOKE
              ________      ________      ________      ________      ________
 W4_SMOKE       0.884
 W5_SMOKE       0.579         0.591
 W6_SMOKE       0.596         0.591         0.615
 W7_SMOKE       0.605         0.590         0.613         0.625
 W8_SMOKE       0.609         0.588         0.609         0.620         0.631
 W4_DRINK       0.708         0.472         0.487         0.495         0.500
 W5_DRINK       0.731         0.493         0.506         0.513         0.519
 W6_DRINK       0.705         0.475         0.486         0.495         0.500
 W7_DRINK       0.692         0.467         0.479         0.485         0.490
 W8_DRINK       0.679         0.461         0.473         0.479         0.481
 W4_PA          0.796         0.532         0.552         0.561         0.566
 W5_PA          0.791         0.530         0.552         0.561         0.565
 W6_PA          0.801         0.535         0.555         0.565         0.570
 W7_PA          0.806         0.538         0.559         0.568         0.573
 W8_PA          0.787         0.524         0.544         0.554         0.559
 W4_FV          0.795         0.527         0.544         0.553         0.558
 W5_FV          0.828         0.553         0.570         0.578         0.583
 W6_FV          0.811         0.542         0.556         0.566         0.572
 W7_FV          0.797         0.533         0.548         0.556         0.561
 W8_FV          0.797         0.534         0.549         0.557         0.559


           Covariance Coverage
              W4_DRINK      W5_DRINK      W6_DRINK      W7_DRINK      W8_DRINK
              ________      ________      ________      ________      ________
 W4_DRINK       0.795
 W5_DRINK       0.729         0.824
 W6_DRINK       0.705         0.739         0.795
 W7_DRINK       0.690         0.725         0.717         0.781
 W8_DRINK       0.679         0.710         0.701         0.695         0.766
 W4_PA          0.721         0.747         0.724         0.712         0.697
 W5_PA          0.720         0.746         0.722         0.707         0.692
 W6_PA          0.733         0.755         0.731         0.719         0.703
 W7_PA          0.733         0.761         0.738         0.723         0.711
 W8_PA          0.720         0.746         0.725         0.714         0.702
 W4_FV          0.793         0.756         0.729         0.718         0.705
 W5_FV          0.763         0.821         0.763         0.749         0.733
 W6_FV          0.746         0.776         0.794         0.745         0.727
 W7_FV          0.734         0.763         0.745         0.777         0.716
 W8_FV          0.736         0.761         0.743         0.730         0.763


           Covariance Coverage
              W4_PA         W5_PA         W6_PA         W7_PA         W8_PA
              ________      ________      ________      ________      ________
 W4_PA          0.899
 W5_PA          0.825         0.896
 W6_PA          0.831         0.831         0.908
 W7_PA          0.834         0.832         0.848         0.913
 W8_PA          0.816         0.809         0.825         0.834         0.894
 W4_FV          0.807         0.805         0.818         0.818         0.803
 W5_FV          0.841         0.839         0.850         0.856         0.836
 W6_FV          0.825         0.822         0.835         0.840         0.822
 W7_FV          0.813         0.810         0.823         0.826         0.813
 W8_FV          0.814         0.810         0.822         0.829         0.814


           Covariance Coverage
              W4_FV         W5_FV         W6_FV         W7_FV         W8_FV
              ________      ________      ________      ________      ________
 W4_FV          0.894
 W5_FV          0.854         0.933
 W6_FV          0.835         0.874         0.915
 W7_FV          0.822         0.860         0.855         0.899
 W8_FV          0.824         0.858         0.849         0.838         0.900


UNIVARIATE PROPORTIONS AND COUNTS FOR CATEGORICAL VARIABLES

    W4_SMOKE
      Category 1    0.850         4108.210
      Category 2    0.150          722.637
    W5_SMOKE
      Category 1    0.798         2640.464
      Category 2    0.202          667.518
    W6_SMOKE
      Category 1    0.825         2830.362
      Category 2    0.175          598.332
    W7_SMOKE
      Category 1    0.840         2922.771
      Category 2    0.160          558.735
    W8_SMOKE
      Category 1    0.854         2997.749
      Category 2    0.146          512.923
    W4_DRINK
      Category 1    0.232          979.065
      Category 2    0.453         1913.994
      Category 3    0.273         1154.167
      Category 4    0.041          173.494
    W5_DRINK
      Category 1    0.253         1109.021
      Category 2    0.435         1906.253
      Category 3    0.270         1181.554
      Category 4    0.042          184.523
    W6_DRINK
      Category 1    0.264         1111.150
      Category 2    0.434         1831.670
      Category 3    0.259         1090.483
      Category 4    0.043          183.213
    W7_DRINK
      Category 1    0.270         1117.056
      Category 2    0.437         1803.585
      Category 3    0.250         1033.934
      Category 4    0.042          175.378
    W8_DRINK
      Category 1    0.278         1128.050
      Category 2    0.432         1754.504
      Category 3    0.253         1029.076
      Category 4    0.037          151.177
    W4_PA
      Category 1    0.006           28.025
      Category 2    0.578         2784.907
      Category 3    0.177          854.299
      Category 4    0.239         1149.546
    W5_PA
      Category 1    0.007           35.811
      Category 2    0.588         2832.707
      Category 3    0.175          845.291
      Category 4    0.230         1107.536
    W6_PA
      Category 1    0.009           41.825
      Category 2    0.602         2935.563
      Category 3    0.163          795.490
      Category 4    0.226         1100.417
    W7_PA
      Category 1    0.008           38.196
      Category 2    0.628         3071.849
      Category 3    0.162          791.286
      Category 4    0.202          990.440
    W8_PA
      Category 1    0.009           43.534
      Category 2    0.647         3095.584
      Category 3    0.149          713.479
      Category 4    0.195          933.595
    W4_FV
      Category 1    0.431         2073.426
      Category 2    0.569         2735.168
    W5_FV
      Category 1    0.432         2181.914
      Category 2    0.568         2864.285
    W6_FV
      Category 1    0.407         2010.362
      Category 2    0.593         2928.232
    W7_FV
      Category 1    0.391         1893.511
      Category 2    0.609         2945.422
    W8_FV
      Category 1    0.407         1983.813
      Category 2    0.593         2886.050


RANDOM STARTS RESULTS RANKED FROM THE BEST TO THE WORST LOGLIKELIHOOD VALUES

Final stage loglikelihood values at local maxima, seeds, and initial stage start numbers:

          -68354.058  987090           70
          -68354.058  467339           66
          -68354.058  760878           249
          -68354.058  576596           99
          -68354.058  92689            304
          -68354.058  17359            227
          -68354.058  85734            411
          -68354.058  267983           228
          -68354.058  985387           381
          -68354.058  580405           286
          -68354.058  23012            352
          -68354.058  282464           283
          -68354.058  863094           147
          -68354.058  281462           285
          -68354.058  131856           90
          -68354.058  458181           189
          -68354.058  193042           316
          -68354.058  341041           34
          -68354.058  669634           335
          -68354.058  592219           119
          -68354.058  535804           111
          -68354.058  830529           279
          -68354.058  364676           27
          -68354.058  399508           415
          -68354.058  496881           192
          -68354.058  414284           158
          -68354.058  483369           270
          -68354.058  714997           399
          -68354.058  570908           98
          -68354.058  496710           386
          -68354.058  53621            483
          -68354.058  320494           465
          -68354.058  425982           485
          -68354.058  137305           379
          -68354.058  1548             384
          -68354.058  392418           28
          -68354.058  391179           78
          -68354.058  217130           443
          -68354.058  544048           87
          -68354.058  40340            188
          -68354.058  618760           489
          -68354.058  455617           242
          -68354.058  830392           35
          -68354.058  273992           349
          -68354.058  112586           494
          -68354.058  399671           13
          -68354.058  173440           328
          -68354.058  15715            274
          -68354.058  741484           441
          -68354.058  471438           252
          -68354.058  76337            76
          -68354.058  692169           308
          -68354.058  535063           329
          -68354.058  140442           500
          -68354.058  931874           141
          -68354.058  902278           21
          -68354.058  997222           229
          -68354.058  629320           222
          -68354.058  414828           322
          -68354.058  545140           278
          -68354.058  700349           401
          -68354.058  132336           362
          -68354.058  502532           445
          -68354.058  354208           196
          -68354.058  602797           336
          -68354.058  696773           80
          -68354.058  352277           42
          -68354.058  369602           146
          -68354.058  967237           48
          -68354.058  765392           382
          -68354.058  170118           238
          -68354.058  965994           396
          -68354.058  898745           466
          -68354.058  137377           397
          -68354.058  526324           178
          -68354.058  823392           479
          -68354.058  748692           204
          -68354.058  824126           287
          -68354.058  840078           203
          -68354.058  754100           56
          -68354.058  787985           482
          -68354.058  782821           272
          -68354.058  475420           71
          -68354.058  318230           46
          -68354.058  724519           333
          -68354.058  791396           243
          -68354.058  567165           319
          -68354.058  264081           186
          -68354.058  415502           194
          -68354.058  762461           425
          -68354.058  685657           69
          -68354.058  39136            226
          -68354.058  781190           219
          -68354.058  404510           442
          -68354.058  860102           495
          -68354.058  349562           359
          -68354.058  561664           392
          -68354.058  686482           215
          -68354.058  674171           195
          -68354.058  582296           452



THE BEST LOGLIKELIHOOD VALUE HAS BEEN REPLICATED.  RERUN WITH AT LEAST TWICE THE
RANDOM STARTS TO CHECK THAT THE BEST LOGLIKELIHOOD IS STILL OBTAINED AND REPLICATED.


THE MODEL ESTIMATION TERMINATED NORMALLY

     THE CHI-SQUARE TEST CANNOT BE COMPUTED BECAUSE THE FREQUENCY TABLE FOR THE
     LATENT CLASS INDICATOR MODEL PART IS TOO LARGE.




MODEL FIT INFORMATION

Number of Free Parameters                       81

Loglikelihood

          H0 Value                      -68354.058
          H0 Scaling Correction Factor      1.4556
            for MLR

Information Criteria

          Akaike (AIC)                  136870.117
          Bayesian (BIC)                137404.677
          Sample-Size Adjusted BIC      137147.285
            (n* = (n + 2) / 24)



FINAL CLASS COUNTS AND PROPORTIONS FOR THE LATENT CLASSES
BASED ON THE ESTIMATED MODEL

    Latent
   Classes

       1       1023.15318          0.18846
       2       4405.84682          0.81154


FINAL CLASS COUNTS AND PROPORTIONS FOR THE LATENT CLASSES
BASED ON ESTIMATED POSTERIOR PROBABILITIES

    Latent
   Classes

       1       1023.15318          0.18846
       2       4405.84682          0.81154


FINAL CLASS COUNTS AND PROPORTIONS FOR THE LATENT CLASSES
BASED ON THEIR MOST LIKELY LATENT CLASS MEMBERSHIP

Class Counts and Proportions

    Latent
   Classes

       1              948          0.17464
       2             4481          0.82536


CLASSIFICATION QUALITY

     Entropy                         0.876


Average Latent Class Probabilities for Most Likely Latent Class Membership (Row)
by Latent Class (Column)

           1        2

    1   0.937    0.063
    2   0.030    0.970


Classification Probabilities for the Most Likely Latent Class Membership (Column)
by Latent Class (Row)

           1        2

    1   0.868    0.132
    2   0.014    0.986


Logits for the Classification Probabilities for the Most Likely Latent Class Membership (Column)
by Latent Class (Row)

              1        2

    1      1.883    0.000
    2     -4.282    0.000


MODEL RESULTS

                                                    Two-Tailed
                    Estimate       S.E.  Est./S.E.    P-Value

Latent Class 1

 Thresholds
    W4_SMOKE$1        -0.965      0.189     -5.116      0.000
    W5_SMOKE$1        -2.563      0.202    -12.680      0.000
    W6_SMOKE$1        -1.718      0.157    -10.941      0.000
    W7_SMOKE$1        -1.347      0.138     -9.753      0.000
    W8_SMOKE$1        -0.936      0.119     -7.886      0.000
    W4_DRINK$1        -0.244      0.136     -1.786      0.074
    W4_DRINK$2         1.283      0.186      6.911      0.000
    W4_DRINK$3         3.238      0.269     12.029      0.000
    W5_DRINK$1        -0.256      0.145     -1.765      0.078
    W5_DRINK$2         1.213      0.182      6.656      0.000
    W5_DRINK$3         2.929      0.240     12.206      0.000
    W6_DRINK$1        -0.127      0.139     -0.914      0.361
    W6_DRINK$2         1.302      0.186      6.999      0.000
    W6_DRINK$3         2.695      0.250     10.763      0.000
    W7_DRINK$1        -0.126      0.146     -0.863      0.388
    W7_DRINK$2         1.420      0.190      7.466      0.000
    W7_DRINK$3         2.945      0.292     10.102      0.000
    W8_DRINK$1        -0.101      0.155     -0.652      0.514
    W8_DRINK$2         1.231      0.189      6.516      0.000
    W8_DRINK$3         2.792      0.240     11.618      0.000
    W4_PA$1           -4.402      0.386    -11.412      0.000
    W4_PA$2            1.193      0.114     10.492      0.000
    W4_PA$3            2.023      0.148     13.676      0.000
    W5_PA$1           -4.147      0.344    -12.052      0.000
    W5_PA$2            1.138      0.114      9.992      0.000
    W5_PA$3            1.953      0.140     13.981      0.000
    W6_PA$1           -4.262      0.375    -11.364      0.000
    W6_PA$2            1.251      0.116     10.776      0.000
    W6_PA$3            2.210      0.157     14.055      0.000
    W7_PA$1           -4.033      0.345    -11.680      0.000
    W7_PA$2            1.382      0.118     11.715      0.000
    W7_PA$3            2.182      0.150     14.542      0.000
    W8_PA$1           -3.948      0.294    -13.451      0.000
    W8_PA$2            1.508      0.126     11.959      0.000
    W8_PA$3            2.262      0.159     14.215      0.000
    W4_FV$1            0.461      0.107      4.285      0.000
    W5_FV$1            0.715      0.125      5.706      0.000
    W6_FV$1            0.625      0.117      5.321      0.000
    W7_FV$1            0.502      0.114      4.392      0.000
    W8_FV$1            0.494      0.113      4.367      0.000

Latent Class 2

 Thresholds
    W4_SMOKE$1         4.000      0.156     25.582      0.000
    W5_SMOKE$1         4.496      0.250     17.977      0.000
    W6_SMOKE$1         5.517      0.339     16.290      0.000
    W7_SMOKE$1         5.750      0.359     16.017      0.000
    W8_SMOKE$1         5.541      0.339     16.359      0.000
    W4_DRINK$1        -1.454      0.068    -21.376      0.000
    W4_DRINK$2         0.688      0.048     14.425      0.000
    W4_DRINK$3         3.132      0.095     33.049      0.000
    W5_DRINK$1        -1.300      0.064    -20.263      0.000
    W5_DRINK$2         0.711      0.048     14.955      0.000
    W5_DRINK$3         3.171      0.097     32.542      0.000
    W6_DRINK$1        -1.265      0.063    -19.993      0.000
    W6_DRINK$2         0.750      0.048     15.534      0.000
    W6_DRINK$3         3.198      0.098     32.732      0.000
    W7_DRINK$1        -1.215      0.063    -19.306      0.000
    W7_DRINK$2         0.784      0.048     16.271      0.000
    W7_DRINK$3         3.155      0.099     31.951      0.000
    W8_DRINK$1        -1.166      0.063    -18.597      0.000
    W8_DRINK$2         0.830      0.049     17.025      0.000
    W8_DRINK$3         3.377      0.108     31.303      0.000
    W4_PA$1           -5.422      0.264    -20.514      0.000
    W4_PA$2            0.171      0.040      4.219      0.000
    W4_PA$3            1.014      0.043     23.558      0.000
    W5_PA$1           -5.182      0.288    -17.979      0.000
    W5_PA$2            0.234      0.040      5.784      0.000
    W5_PA$3            1.079      0.044     24.711      0.000
    W6_PA$1           -4.897      0.235    -20.867      0.000
    W6_PA$2            0.299      0.040      7.416      0.000
    W6_PA$3            1.079      0.044     24.751      0.000
    W7_PA$1           -5.168      0.261    -19.764      0.000
    W7_PA$2            0.402      0.040     10.003      0.000
    W7_PA$3            1.237      0.045     27.628      0.000
    W8_PA$1           -4.966      0.232    -21.440      0.000
    W8_PA$2            0.489      0.041     11.946      0.000
    W8_PA$3            1.281      0.045     28.337      0.000
    W4_FV$1           -0.440      0.038    -11.479      0.000
    W5_FV$1           -0.498      0.039    -12.687      0.000
    W6_FV$1           -0.613      0.041    -15.122      0.000
    W7_FV$1           -0.671      0.042    -16.135      0.000
    W8_FV$1           -0.580      0.040    -14.336      0.000

Categorical Latent Variables

 Means
    C#1               -1.460      0.067    -21.767      0.000


RESULTS IN PROBABILITY SCALE

Latent Class 1

 W4_SMOKE
    Category 1         0.276      0.038      7.326      0.000
    Category 2         0.724      0.038     19.221      0.000
 W5_SMOKE
    Category 1         0.072      0.013      5.328      0.000
    Category 2         0.928      0.013     69.155      0.000
 W6_SMOKE
    Category 1         0.152      0.020      7.509      0.000
    Category 2         0.848      0.020     41.864      0.000
 W7_SMOKE
    Category 1         0.206      0.023      9.125      0.000
    Category 2         0.794      0.023     35.087      0.000
 W8_SMOKE
    Category 1         0.282      0.024     11.728      0.000
    Category 2         0.718      0.024     29.906      0.000
 W4_DRINK
    Category 1         0.439      0.034     13.079      0.000
    Category 2         0.344      0.024     14.051      0.000
    Category 3         0.179      0.027      6.627      0.000
    Category 4         0.038      0.010      3.861      0.000
 W5_DRINK
    Category 1         0.436      0.036     12.240      0.000
    Category 2         0.334      0.025     13.539      0.000
    Category 3         0.178      0.027      6.719      0.000
    Category 4         0.051      0.012      4.390      0.000
 W6_DRINK
    Category 1         0.468      0.035     13.514      0.000
    Category 2         0.318      0.025     12.943      0.000
    Category 3         0.150      0.023      6.447      0.000
    Category 4         0.063      0.015      4.264      0.000
 W7_DRINK
    Category 1         0.469      0.036     12.875      0.000
    Category 2         0.337      0.026     13.095      0.000
    Category 3         0.145      0.023      6.339      0.000
    Category 4         0.050      0.014      3.610      0.000
 W8_DRINK
    Category 1         0.475      0.039     12.282      0.000
    Category 2         0.299      0.026     11.687      0.000
    Category 3         0.168      0.027      6.311      0.000
    Category 4         0.058      0.013      4.416      0.000
 W4_PA
    Category 1         0.012      0.005      2.624      0.009
    Category 2         0.755      0.021     36.411      0.000
    Category 3         0.116      0.014      8.363      0.000
    Category 4         0.117      0.015      7.653      0.000
 W5_PA
    Category 1         0.016      0.005      2.952      0.003
    Category 2         0.742      0.021     34.595      0.000
    Category 3         0.119      0.015      8.074      0.000
    Category 4         0.124      0.015      8.175      0.000
 W6_PA
    Category 1         0.014      0.005      2.704      0.007
    Category 2         0.764      0.021     37.213      0.000
    Category 3         0.124      0.014      8.618      0.000
    Category 4         0.099      0.014      7.057      0.000
 W7_PA
    Category 1         0.017      0.006      2.947      0.003
    Category 2         0.782      0.019     40.372      0.000
    Category 3         0.099      0.013      7.780      0.000
    Category 4         0.101      0.014      7.415      0.000
 W8_PA
    Category 1         0.019      0.005      3.473      0.001
    Category 2         0.800      0.019     41.573      0.000
    Category 3         0.087      0.013      6.889      0.000
    Category 4         0.094      0.014      6.939      0.000
 W4_FV
    Category 1         0.613      0.025     24.052      0.000
    Category 2         0.387      0.025     15.174      0.000
 W5_FV
    Category 1         0.671      0.028     24.299      0.000
    Category 2         0.329      0.028     11.889      0.000
 W6_FV
    Category 1         0.651      0.027     24.432      0.000
    Category 2         0.349      0.027     13.084      0.000
 W7_FV
    Category 1         0.623      0.027     23.194      0.000
    Category 2         0.377      0.027     14.036      0.000
 W8_FV
    Category 1         0.621      0.027     23.339      0.000
    Category 2         0.379      0.027     14.246      0.000

Latent Class 2

 W4_SMOKE
    Category 1         0.982      0.003    355.524      0.000
    Category 2         0.018      0.003      6.513      0.000
 W5_SMOKE
    Category 1         0.989      0.003    362.521      0.000
    Category 2         0.011      0.003      4.043      0.000
 W6_SMOKE
    Category 1         0.996      0.001    737.981      0.000
    Category 2         0.004      0.001      2.964      0.003
 W7_SMOKE
    Category 1         0.997      0.001    877.654      0.000
    Category 2         0.003      0.001      2.795      0.005
 W8_SMOKE
    Category 1         0.996      0.001    755.384      0.000
    Category 2         0.004      0.001      2.964      0.003
 W4_DRINK
    Category 1         0.189      0.010     18.134      0.000
    Category 2         0.476      0.010     49.266      0.000
    Category 3         0.293      0.010     29.931      0.000
    Category 4         0.042      0.004     11.011      0.000
 W5_DRINK
    Category 1         0.214      0.011     19.830      0.000
    Category 2         0.457      0.010     47.379      0.000
    Category 3         0.289      0.010     29.933      0.000
    Category 4         0.040      0.004     10.694      0.000
 W6_DRINK
    Category 1         0.220      0.011     20.267      0.000
    Category 2         0.459      0.010     46.771      0.000
    Category 3         0.282      0.010     29.014      0.000
    Category 4         0.039      0.004     10.654      0.000
 W7_DRINK
    Category 1         0.229      0.011     20.603      0.000
    Category 2         0.458      0.010     46.026      0.000
    Category 3         0.273      0.010     28.573      0.000
    Category 4         0.041      0.004     10.558      0.000
 W8_DRINK
    Category 1         0.238      0.011     20.917      0.000
    Category 2         0.459      0.010     45.618      0.000
    Category 3         0.271      0.010     28.219      0.000
    Category 4         0.033      0.003      9.587      0.000
 W4_PA
    Category 1         0.004      0.001      3.800      0.000
    Category 2         0.538      0.010     53.537      0.000
    Category 3         0.191      0.007     26.945      0.000
    Category 4         0.266      0.008     31.657      0.000
 W5_PA
    Category 1         0.006      0.002      3.489      0.000
    Category 2         0.553      0.010     55.412      0.000
    Category 3         0.188      0.007     26.558      0.000
    Category 4         0.254      0.008     30.671      0.000
 W6_PA
    Category 1         0.007      0.002      4.293      0.000
    Category 2         0.567      0.010     57.346      0.000
    Category 3         0.172      0.007     25.820      0.000
    Category 4         0.254      0.008     30.754      0.000
 W7_PA
    Category 1         0.006      0.001      3.846      0.000
    Category 2         0.594      0.010     61.780      0.000
    Category 3         0.176      0.007     26.061      0.000
    Category 4         0.225      0.008     28.831      0.000
 W8_PA
    Category 1         0.007      0.002      4.348      0.000
    Category 2         0.613      0.010     63.646      0.000
    Category 3         0.163      0.007     24.370      0.000
    Category 4         0.217      0.008     28.256      0.000
 W4_FV
    Category 1         0.392      0.009     42.914      0.000
    Category 2         0.608      0.009     66.621      0.000
 W5_FV
    Category 1         0.378      0.009     40.926      0.000
    Category 2         0.622      0.009     67.364      0.000
 W6_FV
    Category 1         0.351      0.009     38.038      0.000
    Category 2         0.649      0.009     70.211      0.000
 W7_FV
    Category 1         0.338      0.009     36.367      0.000
    Category 2         0.662      0.009     71.110      0.000
 W8_FV
    Category 1         0.359      0.009     38.588      0.000
    Category 2         0.641      0.009     68.892      0.000


LATENT CLASS ODDS RATIO RESULTS

                                                95% C.I.
                    Estimate       S.E.  Lower 2.5% Upper 2.5%

Latent Class 1 Compared to Latent Class 2

 W4_SMOKE
    Category > 1     143.215     35.986     87.518    234.357
 W5_SMOKE
    Category > 1    1163.912    359.178    635.680   2131.090
 W6_SMOKE
    Category > 1    1387.869    504.916    680.252   2831.567
 W7_SMOKE
    Category > 1    1207.484    463.923    568.641   2564.039
 W8_SMOKE
    Category > 1     649.789    230.740    323.970   1303.287
 W4_DRINK
    Category > 1       0.298      0.054      0.209      0.425
    Category > 2       0.551      0.117      0.364      0.835
    Category > 3       0.900      0.273      0.497      1.630
 W5_DRINK
    Category > 1       0.352      0.066      0.243      0.509
    Category > 2       0.605      0.127      0.402      0.912
    Category > 3       1.274      0.357      0.736      2.205
 W6_DRINK
    Category > 1       0.321      0.058      0.225      0.456
    Category > 2       0.576      0.123      0.379      0.874
    Category > 3       1.654      0.478      0.939      2.913
 W7_DRINK
    Category > 1       0.337      0.063      0.233      0.486
    Category > 2       0.529      0.114      0.347      0.808
    Category > 3       1.233      0.403      0.650      2.338
 W8_DRINK
    Category > 1       0.345      0.068      0.235      0.507
    Category > 2       0.670      0.144      0.440      1.021
    Category > 3       1.795      0.509      1.029      3.129
 W4_PA
    Category > 1       0.361      0.172      0.141      0.920
    Category > 2       0.360      0.047      0.279      0.464
    Category > 3       0.364      0.059      0.265      0.501
 W5_PA
    Category > 1       0.355      0.166      0.142      0.887
    Category > 2       0.405      0.053      0.314      0.522
    Category > 3       0.418      0.064      0.309      0.564
 W6_PA
    Category > 1       0.530      0.239      0.218      1.285
    Category > 2       0.386      0.051      0.298      0.500
    Category > 3       0.323      0.055      0.231      0.450
 W7_PA
    Category > 1       0.321      0.146      0.132      0.785
    Category > 2       0.375      0.050      0.289      0.487
    Category > 3       0.388      0.064      0.282      0.535
 W8_PA
    Category > 1       0.361      0.140      0.169      0.772
    Category > 2       0.361      0.051      0.274      0.476
    Category > 3       0.375      0.065      0.268      0.526
 W4_FV
    Category > 1       0.406      0.048      0.323      0.512
 W5_FV
    Category > 1       0.297      0.041      0.227      0.389
 W6_FV
    Category > 1       0.290      0.038      0.225      0.374
 W7_FV
    Category > 1       0.309      0.040      0.241      0.398
 W8_FV
    Category > 1       0.342      0.043      0.267      0.438


QUALITY OF NUMERICAL RESULTS

     Condition Number for the Information Matrix              0.184E-02
       (ratio of smallest to largest eigenvalue)


TECHNICAL 11 OUTPUT

     Random Starts Specifications for the k-1 Class Analysis Model
        Number of initial stage random starts                 500
        Number of final stage optimizations                   100



     VUONG-LO-MENDELL-RUBIN LIKELIHOOD RATIO TEST FOR 1 (H0) VERSUS 2 CLASSES

          H0 Loglikelihood Value                       -73374.843
          2 Times the Loglikelihood Difference          10041.569
          Difference in the Number of Parameters               41
          Mean                                            261.930
          Standard Deviation                              253.474
          P-Value                                          0.0000

     LO-MENDELL-RUBIN ADJUSTED LRT TEST

          Value                                         10013.169
          P-Value                                          0.0000


PLOT INFORMATION

The following plots are available:

  Histograms (sample values)
  Scatterplots (sample values)
  Sample proportions and estimated probabilities

     Beginning Time:  13:27:19
        Ending Time:  13:28:48
       Elapsed Time:  00:01:29



MUTHEN & MUTHEN
3463 Stoner Ave.
Los Angeles, CA  90066

Tel: (310) 391-9971
Fax: (310) 391-8971
Web: www.StatModel.com
Support: Support@StatModel.com

Copyright (c) 1998-2020 Muthen & Muthen
