Mplus VERSION 8.5 (Mac)
MUTHEN & MUTHEN
11/08/2022   1:28 PM

INPUT INSTRUCTIONS

  TITLE:
  C3_LCA_enumerate
  DATA:
  FILE = "./c_lca_enumerate.dat";

  VARIABLE:
  NAMES = idauniq W4_Smoke W5_Smoke W6_Smoke W7_Smoke W8_Smoke W4_Drink W5_Drink
       W6_Drink W7_Drink W8_Drink W4_PA W5_PA W6_PA W7_PA W8_PA W4_FV W5_FV W6_FV
       W7_FV W8_FV Weights Female Age Pat_Int Pat_Hig Self_Int Self_Hig Edu_Upp
       Edu_Ter Wealth_2 Wealth_3 Eye_4 Circul_4 Endocr_4 Muscul_4 Respir_4 Neopla_4
       Nervou_4 Mental_4 Multi_4 CMulti_4 Luncan_4 Eye Circul Endocr Muscul Respir
       Neopla Nervou Mental Multi CMulti Luncan;
   MISSING=.;
   CATEGORICAL = W4_Smoke,W5_Smoke,W6_Smoke,W7_Smoke,W8_Smoke,
  W4_Drink,W5_Drink,W6_Drink,W7_Drink,W8_Drink,
  W4_PA,W5_PA,W6_PA,W7_PA,W8_PA,W4_FV,W5_FV,W6_FV,
  W7_FV,W8_FV;
  USEVARIABLES = W4_Smoke,W5_Smoke,W6_Smoke,W7_Smoke,W8_Smoke,
  W4_Drink,W5_Drink,W6_Drink,W7_Drink,W8_Drink,
  W4_PA,W5_PA,W6_PA,W7_PA,W8_PA,W4_FV,W5_FV,W6_FV,
  W7_FV,W8_FV,Weights;
          WEIGHT        = Weights;
  MISSING ARE ALL (-99);
          classes = c(3);
  ANALYSIS:
  estimator = mlr;
      type = mixture;
      starts = 500 100;
      STITERATIONS=20;
  LRTSTARTS = 50 10 400 20;
  OUTPUT:
  TECH11 TECH14
  PLOT:
  type = plot3;
      series is W4_Smoke(2) W5_Smoke(3) W6_Smoke(4) W7_Smoke(5)
      W8_Smoke(6) W4_Drink(7) W5_Drink(8)
      W6_Drink(9) W7_Drink(10)
      W8_Drink(11) W4_PA(12) W5_PA(13)
      W6_PA(14) W7_PA(15) W8_PA(16)
      W4_FV(17) W5_FV(18) W6_FV(19)
      W7_FV(20) W8_FV(21);



*** WARNING
  One or more observations has a value of 0 for the WEIGHT variable.
*** WARNING in OUTPUT command
  TECH14 option is not available for TYPE=MIXTURE with weights.
  Request for TECH14 is ignored.
   2 WARNING(S) FOUND IN THE INPUT INSTRUCTIONS




C3_LCA_enumerate

SUMMARY OF ANALYSIS

Number of groups                                                 1
Number of observations                                        5429

Number of dependent variables                                   20
Number of independent variables                                  0
Number of continuous latent variables                            0
Number of categorical latent variables                           1

Observed dependent variables

  Binary and ordered categorical (ordinal)
   W4_SMOKE    W5_SMOKE    W6_SMOKE    W7_SMOKE    W8_SMOKE    W4_DRINK
   W5_DRINK    W6_DRINK    W7_DRINK    W8_DRINK    W4_PA       W5_PA
   W6_PA       W7_PA       W8_PA       W4_FV       W5_FV       W6_FV
   W7_FV       W8_FV

Categorical latent variables
   C

Variables with special functions

  Weight variable       WEIGHTS

Estimator                                                      MLR
Information matrix                                        OBSERVED
Optimization Specifications for the Quasi-Newton Algorithm for
Continuous Outcomes
  Maximum number of iterations                                 100
  Convergence criterion                                  0.100D-05
Optimization Specifications for the EM Algorithm
  Maximum number of iterations                                 500
  Convergence criteria
    Loglikelihood change                                 0.100D-06
    Relative loglikelihood change                        0.100D-06
    Derivative                                           0.100D-05
Optimization Specifications for the M step of the EM Algorithm for
Categorical Latent variables
  Number of M step iterations                                    1
  M step convergence criterion                           0.100D-05
  Basis for M step termination                           ITERATION
Optimization Specifications for the M step of the EM Algorithm for
Censored, Binary or Ordered Categorical (Ordinal), Unordered
Categorical (Nominal) and Count Outcomes
  Number of M step iterations                                    1
  M step convergence criterion                           0.100D-05
  Basis for M step termination                           ITERATION
  Maximum value for logit thresholds                            15
  Minimum value for logit thresholds                           -15
  Minimum expected cell size for chi-square              0.100D-01
Maximum number of iterations for H1                           2000
Convergence criterion for H1                             0.100D-03
Optimization algorithm                                         EMA
Random Starts Specifications
  Number of initial stage random starts                        500
  Number of final stage optimizations                          100
  Number of initial stage iterations                            20
  Initial stage convergence criterion                    0.100D+01
  Random starts scale                                    0.500D+01
  Random seed for generating random starts                       0
Link                                                         LOGIT

Input data file(s)
  ./c_lca_enumerate.dat
Input data format  FREE


SUMMARY OF DATA

     Number of missing data patterns          1208
     Number of y missing data patterns           0
     Number of u missing data patterns        1208


COVARIANCE COVERAGE OF DATA

Minimum covariance coverage value   0.100


     PROPORTION OF DATA PRESENT FOR U


           Covariance Coverage
              W4_SMOKE      W5_SMOKE      W6_SMOKE      W7_SMOKE      W8_SMOKE
              ________      ________      ________      ________      ________
 W4_SMOKE       0.884
 W5_SMOKE       0.579         0.591
 W6_SMOKE       0.596         0.591         0.615
 W7_SMOKE       0.605         0.590         0.613         0.625
 W8_SMOKE       0.609         0.588         0.609         0.620         0.631
 W4_DRINK       0.708         0.472         0.487         0.495         0.500
 W5_DRINK       0.731         0.493         0.506         0.513         0.519
 W6_DRINK       0.705         0.475         0.486         0.495         0.500
 W7_DRINK       0.692         0.467         0.479         0.485         0.490
 W8_DRINK       0.679         0.461         0.473         0.479         0.481
 W4_PA          0.796         0.532         0.552         0.561         0.566
 W5_PA          0.791         0.530         0.552         0.561         0.565
 W6_PA          0.801         0.535         0.555         0.565         0.570
 W7_PA          0.806         0.538         0.559         0.568         0.573
 W8_PA          0.787         0.524         0.544         0.554         0.559
 W4_FV          0.795         0.527         0.544         0.553         0.558
 W5_FV          0.828         0.553         0.570         0.578         0.583
 W6_FV          0.811         0.542         0.556         0.566         0.572
 W7_FV          0.797         0.533         0.548         0.556         0.561
 W8_FV          0.797         0.534         0.549         0.557         0.559


           Covariance Coverage
              W4_DRINK      W5_DRINK      W6_DRINK      W7_DRINK      W8_DRINK
              ________      ________      ________      ________      ________
 W4_DRINK       0.795
 W5_DRINK       0.729         0.824
 W6_DRINK       0.705         0.739         0.795
 W7_DRINK       0.690         0.725         0.717         0.781
 W8_DRINK       0.679         0.710         0.701         0.695         0.766
 W4_PA          0.721         0.747         0.724         0.712         0.697
 W5_PA          0.720         0.746         0.722         0.707         0.692
 W6_PA          0.733         0.755         0.731         0.719         0.703
 W7_PA          0.733         0.761         0.738         0.723         0.711
 W8_PA          0.720         0.746         0.725         0.714         0.702
 W4_FV          0.793         0.756         0.729         0.718         0.705
 W5_FV          0.763         0.821         0.763         0.749         0.733
 W6_FV          0.746         0.776         0.794         0.745         0.727
 W7_FV          0.734         0.763         0.745         0.777         0.716
 W8_FV          0.736         0.761         0.743         0.730         0.763


           Covariance Coverage
              W4_PA         W5_PA         W6_PA         W7_PA         W8_PA
              ________      ________      ________      ________      ________
 W4_PA          0.899
 W5_PA          0.825         0.896
 W6_PA          0.831         0.831         0.908
 W7_PA          0.834         0.832         0.848         0.913
 W8_PA          0.816         0.809         0.825         0.834         0.894
 W4_FV          0.807         0.805         0.818         0.818         0.803
 W5_FV          0.841         0.839         0.850         0.856         0.836
 W6_FV          0.825         0.822         0.835         0.840         0.822
 W7_FV          0.813         0.810         0.823         0.826         0.813
 W8_FV          0.814         0.810         0.822         0.829         0.814


           Covariance Coverage
              W4_FV         W5_FV         W6_FV         W7_FV         W8_FV
              ________      ________      ________      ________      ________
 W4_FV          0.894
 W5_FV          0.854         0.933
 W6_FV          0.835         0.874         0.915
 W7_FV          0.822         0.860         0.855         0.899
 W8_FV          0.824         0.858         0.849         0.838         0.900


UNIVARIATE PROPORTIONS AND COUNTS FOR CATEGORICAL VARIABLES

    W4_SMOKE
      Category 1    0.850         4108.210
      Category 2    0.150          722.637
    W5_SMOKE
      Category 1    0.798         2640.464
      Category 2    0.202          667.518
    W6_SMOKE
      Category 1    0.825         2830.362
      Category 2    0.175          598.332
    W7_SMOKE
      Category 1    0.840         2922.771
      Category 2    0.160          558.735
    W8_SMOKE
      Category 1    0.854         2997.749
      Category 2    0.146          512.923
    W4_DRINK
      Category 1    0.232          979.065
      Category 2    0.453         1913.994
      Category 3    0.273         1154.167
      Category 4    0.041          173.494
    W5_DRINK
      Category 1    0.253         1109.021
      Category 2    0.435         1906.253
      Category 3    0.270         1181.554
      Category 4    0.042          184.523
    W6_DRINK
      Category 1    0.264         1111.150
      Category 2    0.434         1831.670
      Category 3    0.259         1090.483
      Category 4    0.043          183.213
    W7_DRINK
      Category 1    0.270         1117.056
      Category 2    0.437         1803.585
      Category 3    0.250         1033.934
      Category 4    0.042          175.378
    W8_DRINK
      Category 1    0.278         1128.050
      Category 2    0.432         1754.504
      Category 3    0.253         1029.076
      Category 4    0.037          151.177
    W4_PA
      Category 1    0.006           28.025
      Category 2    0.578         2784.907
      Category 3    0.177          854.299
      Category 4    0.239         1149.546
    W5_PA
      Category 1    0.007           35.811
      Category 2    0.588         2832.707
      Category 3    0.175          845.291
      Category 4    0.230         1107.536
    W6_PA
      Category 1    0.009           41.825
      Category 2    0.602         2935.563
      Category 3    0.163          795.490
      Category 4    0.226         1100.417
    W7_PA
      Category 1    0.008           38.196
      Category 2    0.628         3071.849
      Category 3    0.162          791.286
      Category 4    0.202          990.440
    W8_PA
      Category 1    0.009           43.534
      Category 2    0.647         3095.584
      Category 3    0.149          713.479
      Category 4    0.195          933.595
    W4_FV
      Category 1    0.431         2073.426
      Category 2    0.569         2735.168
    W5_FV
      Category 1    0.432         2181.914
      Category 2    0.568         2864.285
    W6_FV
      Category 1    0.407         2010.362
      Category 2    0.593         2928.232
    W7_FV
      Category 1    0.391         1893.511
      Category 2    0.609         2945.422
    W8_FV
      Category 1    0.407         1983.813
      Category 2    0.593         2886.050


RANDOM STARTS RESULTS RANKED FROM THE BEST TO THE WORST LOGLIKELIHOOD VALUES

Final stage loglikelihood values at local maxima, seeds, and initial stage start numbers:

          -64398.158  769907           457
          -64398.158  526324           178
          -64398.158  644297           340
          -64398.158  790452           303
          -64398.158  341041           34
          -64398.158  797594           234
          -64398.158  484501           163
          -64398.158  396795           323
          -64398.158  650371           14
          -64398.158  49221            254
          -64398.158  468036           131
          -64398.158  700349           401
          -64398.158  417035           149
          -64398.158  544048           87
          -64398.158  30098            209
          -64398.158  350608           334
          -64398.158  728038           177
          -64398.158  872743           374
          -64398.158  626087           314
          -64398.158  311214           64
          -64398.158  232226           235

79 perturbed starting value run(s) did not converge or were rejected in the third stage.



THE BEST LOGLIKELIHOOD VALUE HAS BEEN REPLICATED.  RERUN WITH AT LEAST TWICE THE
RANDOM STARTS TO CHECK THAT THE BEST LOGLIKELIHOOD IS STILL OBTAINED AND REPLICATED.

     IN THE OPTIMIZATION, ONE OR MORE LOGIT THRESHOLDS APPROACHED EXTREME VALUES
     OF -15.000 AND 15.000 AND WERE FIXED TO STABILIZE MODEL ESTIMATION.  THESE
     VALUES IMPLY PROBABILITIES OF 0 AND 1.  IN THE MODEL RESULTS SECTION, THESE
     PARAMETERS HAVE 0 STANDARD ERRORS AND 999 IN THE Z-SCORE AND P-VALUE COLUMNS.




THE MODEL ESTIMATION TERMINATED NORMALLY

     THE CHI-SQUARE TEST CANNOT BE COMPUTED BECAUSE THE FREQUENCY TABLE FOR THE
     LATENT CLASS INDICATOR MODEL PART IS TOO LARGE.




MODEL FIT INFORMATION

Number of Free Parameters                      122

Loglikelihood

          H0 Value                      -64398.158
          H0 Scaling Correction Factor      1.4760
            for MLR

Information Criteria

          Akaike (AIC)                  129040.317
          Bayesian (BIC)                129845.457
          Sample-Size Adjusted BIC      129457.779
            (n* = (n + 2) / 24)



FINAL CLASS COUNTS AND PROPORTIONS FOR THE LATENT CLASSES
BASED ON THE ESTIMATED MODEL

    Latent
   Classes

       1       1902.42017          0.35042
       2       2782.24817          0.51248
       3        744.33166          0.13710


FINAL CLASS COUNTS AND PROPORTIONS FOR THE LATENT CLASSES
BASED ON ESTIMATED POSTERIOR PROBABILITIES

    Latent
   Classes

       1       1902.42017          0.35042
       2       2782.24817          0.51248
       3        744.33166          0.13710


FINAL CLASS COUNTS AND PROPORTIONS FOR THE LATENT CLASSES
BASED ON THEIR MOST LIKELY LATENT CLASS MEMBERSHIP

Class Counts and Proportions

    Latent
   Classes

       1             1855          0.34169
       2             2865          0.52764
       3              709          0.13066


CLASSIFICATION QUALITY

     Entropy                         0.865


Average Latent Class Probabilities for Most Likely Latent Class Membership (Row)
by Latent Class (Column)

           1        2        3

    1   0.941    0.050    0.009
    2   0.052    0.934    0.015
    3   0.011    0.021    0.968


Classification Probabilities for the Most Likely Latent Class Membership (Column)
by Latent Class (Row)

           1        2        3

    1   0.918    0.078    0.004
    2   0.033    0.961    0.005
    3   0.021    0.056    0.923


Logits for the Classification Probabilities for the Most Likely Latent Class Membership (Column)
by Latent Class (Row)

              1        2        3

    1      5.430    2.965    0.000
    2      1.836    5.197    0.000
    3     -3.770   -2.805    0.000


MODEL RESULTS

                                                    Two-Tailed
                    Estimate       S.E.  Est./S.E.    P-Value

Latent Class 1

 Thresholds
    W4_SMOKE$1         3.605      0.205     17.554      0.000
    W5_SMOKE$1         4.131      0.324     12.765      0.000
    W6_SMOKE$1         5.330      0.438     12.167      0.000
    W7_SMOKE$1         5.171      0.432     11.964      0.000
    W8_SMOKE$1         5.395      0.535     10.080      0.000
    W4_DRINK$1        -3.933      0.262    -15.025      0.000
    W4_DRINK$2        -0.775      0.233     -3.327      0.001
    W4_DRINK$3         2.285      0.136     16.771      0.000
    W5_DRINK$1        -3.917      0.240    -16.342      0.000
    W5_DRINK$2        -0.755      0.233     -3.246      0.001
    W5_DRINK$3         2.337      0.141     16.553      0.000
    W6_DRINK$1        -3.454      0.208    -16.589      0.000
    W6_DRINK$2        -0.682      0.232     -2.944      0.003
    W6_DRINK$3         2.370      0.142     16.655      0.000
    W7_DRINK$1        -3.802      0.281    -13.543      0.000
    W7_DRINK$2        -0.574      0.221     -2.600      0.009
    W7_DRINK$3         2.349      0.146     16.054      0.000
    W8_DRINK$1        -3.677      0.277    -13.254      0.000
    W8_DRINK$2        -0.454      0.205     -2.210      0.027
    W8_DRINK$3         2.578      0.154     16.724      0.000
    W4_PA$1           -6.401      0.596    -10.734      0.000
    W4_PA$2           -0.355      0.082     -4.324      0.000
    W4_PA$3            0.527      0.071      7.382      0.000
    W5_PA$1           -5.019      0.411    -12.226      0.000
    W5_PA$2           -0.334      0.090     -3.718      0.000
    W5_PA$3            0.560      0.078      7.167      0.000
    W6_PA$1           -5.987      0.587    -10.206      0.000
    W6_PA$2           -0.323      0.085     -3.791      0.000
    W6_PA$3            0.473      0.076      6.238      0.000
    W7_PA$1           -6.222      0.599    -10.396      0.000
    W7_PA$2           -0.236      0.088     -2.693      0.007
    W7_PA$3            0.675      0.086      7.819      0.000
    W8_PA$1           -5.482      0.453    -12.103      0.000
    W8_PA$2           -0.187      0.080     -2.354      0.019
    W8_PA$3            0.687      0.078      8.827      0.000
    W4_FV$1           -0.465      0.072     -6.489      0.000
    W5_FV$1           -0.463      0.072     -6.434      0.000
    W6_FV$1           -0.574      0.077     -7.415      0.000
    W7_FV$1           -0.660      0.077     -8.563      0.000
    W8_FV$1           -0.560      0.073     -7.715      0.000

Latent Class 2

 Thresholds
    W4_SMOKE$1         4.129      0.249     16.605      0.000
    W5_SMOKE$1         4.103      0.341     12.037      0.000
    W6_SMOKE$1         4.777      0.339     14.085      0.000
    W7_SMOKE$1         5.990      0.637      9.397      0.000
    W8_SMOKE$1         5.081      0.430     11.824      0.000
    W4_DRINK$1        -0.537      0.112     -4.796      0.000
    W4_DRINK$2         3.234      0.188     17.189      0.000
    W4_DRINK$3         8.101      1.820      4.452      0.000
    W5_DRINK$1        -0.327      0.123     -2.659      0.008
    W5_DRINK$2         3.761      0.354     10.611      0.000
    W5_DRINK$3         7.649      2.145      3.566      0.000
    W6_DRINK$1        -0.317      0.118     -2.688      0.007
    W6_DRINK$2         4.054      0.352     11.502      0.000
    W6_DRINK$3        15.000      0.000    999.000    999.000
    W7_DRINK$1        -0.212      0.126     -1.686      0.092
    W7_DRINK$2         4.052      0.336     12.057      0.000
    W7_DRINK$3         7.315      1.006      7.272      0.000
    W8_DRINK$1        -0.145      0.127     -1.139      0.255
    W8_DRINK$2         3.799      0.286     13.264      0.000
    W8_DRINK$3        15.000      0.000    999.000    999.000
    W4_PA$1           -4.998      0.283    -17.638      0.000
    W4_PA$2            0.710      0.122      5.832      0.000
    W4_PA$3            1.590      0.140     11.319      0.000
    W5_PA$1           -5.314      0.388    -13.706      0.000
    W5_PA$2            0.801      0.135      5.924      0.000
    W5_PA$3            1.698      0.161     10.576      0.000
    W6_PA$1           -4.547      0.259    -17.551      0.000
    W6_PA$2            0.901      0.138      6.549      0.000
    W6_PA$3            1.791      0.177     10.100      0.000
    W7_PA$1           -4.671      0.267    -17.526      0.000
    W7_PA$2            1.062      0.157      6.774      0.000
    W7_PA$3            1.947      0.207      9.405      0.000
    W8_PA$1           -4.608      0.250    -18.449      0.000
    W8_PA$2            1.185      0.156      7.595      0.000
    W8_PA$3            2.026      0.198     10.232      0.000
    W4_FV$1           -0.347      0.062     -5.605      0.000
    W5_FV$1           -0.409      0.060     -6.808      0.000
    W6_FV$1           -0.503      0.066     -7.584      0.000
    W7_FV$1           -0.535      0.068     -7.871      0.000
    W8_FV$1           -0.474      0.062     -7.634      0.000

Latent Class 3

 Thresholds
    W4_SMOKE$1        -2.693      0.294     -9.164      0.000
    W5_SMOKE$1        -2.806      0.209    -13.393      0.000
    W6_SMOKE$1        -1.911      0.170    -11.222      0.000
    W7_SMOKE$1        -1.544      0.146    -10.591      0.000
    W8_SMOKE$1        -1.084      0.121     -8.983      0.000
    W4_DRINK$1        -0.683      0.136     -5.033      0.000
    W4_DRINK$2         0.873      0.150      5.830      0.000
    W4_DRINK$3         2.974      0.258     11.543      0.000
    W5_DRINK$1        -0.734      0.137     -5.345      0.000
    W5_DRINK$2         0.822      0.147      5.590      0.000
    W5_DRINK$3         2.705      0.236     11.473      0.000
    W6_DRINK$1        -0.544      0.136     -3.997      0.000
    W6_DRINK$2         0.875      0.153      5.721      0.000
    W6_DRINK$3         2.400      0.234     10.275      0.000
    W7_DRINK$1        -0.511      0.136     -3.764      0.000
    W7_DRINK$2         1.050      0.158      6.655      0.000
    W7_DRINK$3         2.710      0.292      9.273      0.000
    W8_DRINK$1        -0.536      0.136     -3.930      0.000
    W8_DRINK$2         0.841      0.153      5.491      0.000
    W8_DRINK$3         2.515      0.232     10.853      0.000
    W4_PA$1           -4.278      0.420    -10.195      0.000
    W4_PA$2            0.956      0.116      8.244      0.000
    W4_PA$3            1.798      0.148     12.137      0.000
    W5_PA$1           -3.923      0.355    -11.061      0.000
    W5_PA$2            0.911      0.118      7.700      0.000
    W5_PA$3            1.711      0.142     12.031      0.000
    W6_PA$1           -4.016      0.379    -10.603      0.000
    W6_PA$2            1.048      0.120      8.700      0.000
    W6_PA$3            2.007      0.162     12.411      0.000
    W7_PA$1           -3.989      0.382    -10.455      0.000
    W7_PA$2            1.151      0.121      9.484      0.000
    W7_PA$3            1.917      0.151     12.667      0.000
    W8_PA$1           -3.908      0.334    -11.711      0.000
    W8_PA$2            1.328      0.130     10.215      0.000
    W8_PA$3            2.064      0.164     12.615      0.000
    W4_FV$1            0.528      0.108      4.893      0.000
    W5_FV$1            0.754      0.108      6.961      0.000
    W6_FV$1            0.607      0.108      5.639      0.000
    W7_FV$1            0.443      0.111      4.003      0.000
    W8_FV$1            0.473      0.106      4.449      0.000

Categorical Latent Variables

 Means
    C#1                0.938      0.096      9.752      0.000
    C#2                1.319      0.070     18.954      0.000


RESULTS IN PROBABILITY SCALE

Latent Class 1

 W4_SMOKE
    Category 1         0.974      0.005    183.929      0.000
    Category 2         0.026      0.005      5.002      0.000
 W5_SMOKE
    Category 1         0.984      0.005    195.448      0.000
    Category 2         0.016      0.005      3.139      0.002
 W6_SMOKE
    Category 1         0.995      0.002    473.694      0.000
    Category 2         0.005      0.002      2.294      0.022
 W7_SMOKE
    Category 1         0.994      0.002    409.748      0.000
    Category 2         0.006      0.002      2.327      0.020
 W8_SMOKE
    Category 1         0.995      0.002    413.480      0.000
    Category 2         0.005      0.002      1.877      0.061
 W4_DRINK
    Category 1         0.019      0.005      3.895      0.000
    Category 2         0.296      0.049      6.064      0.000
    Category 3         0.592      0.042     13.946      0.000
    Category 4         0.092      0.011      8.087      0.000
 W5_DRINK
    Category 1         0.020      0.005      4.255      0.000
    Category 2         0.300      0.049      6.174      0.000
    Category 3         0.592      0.043     13.867      0.000
    Category 4         0.088      0.011      7.768      0.000
 W6_DRINK
    Category 1         0.031      0.006      4.955      0.000
    Category 2         0.305      0.049      6.250      0.000
    Category 3         0.579      0.044     13.202      0.000
    Category 4         0.085      0.011      7.683      0.000
 W7_DRINK
    Category 1         0.022      0.006      3.641      0.000
    Category 2         0.338      0.047      7.167      0.000
    Category 3         0.553      0.043     12.964      0.000
    Category 4         0.087      0.012      7.485      0.000
 W8_DRINK
    Category 1         0.025      0.007      3.695      0.000
    Category 2         0.364      0.045      8.164      0.000
    Category 3         0.541      0.042     12.951      0.000
    Category 4         0.071      0.010      6.980      0.000
 W4_PA
    Category 1         0.002      0.001      1.680      0.093
    Category 2         0.411      0.020     20.717      0.000
    Category 3         0.217      0.012     17.690      0.000
    Category 4         0.371      0.017     22.274      0.000
 W5_PA
    Category 1         0.007      0.003      2.452      0.014
    Category 2         0.411      0.022     19.081      0.000
    Category 3         0.219      0.013     17.468      0.000
    Category 4         0.364      0.018     20.114      0.000
 W6_PA
    Category 1         0.003      0.001      1.709      0.087
    Category 2         0.417      0.021     20.277      0.000
    Category 3         0.196      0.012     17.025      0.000
    Category 4         0.384      0.018     21.411      0.000
 W7_PA
    Category 1         0.002      0.001      1.674      0.094
    Category 2         0.439      0.022     20.402      0.000
    Category 3         0.221      0.012     18.948      0.000
    Category 4         0.337      0.019     17.486      0.000
 W8_PA
    Category 1         0.004      0.002      2.217      0.027
    Category 2         0.449      0.020     23.020      0.000
    Category 3         0.212      0.012     18.039      0.000
    Category 4         0.335      0.017     19.310      0.000
 W4_FV
    Category 1         0.386      0.017     22.733      0.000
    Category 2         0.614      0.017     36.183      0.000
 W5_FV
    Category 1         0.386      0.017     22.668      0.000
    Category 2         0.614      0.017     35.999      0.000
 W6_FV
    Category 1         0.360      0.018     20.183      0.000
    Category 2         0.640      0.018     35.841      0.000
 W7_FV
    Category 1         0.341      0.017     19.665      0.000
    Category 2         0.659      0.017     38.063      0.000
 W8_FV
    Category 1         0.363      0.017     21.627      0.000
    Category 2         0.637      0.017     37.876      0.000

Latent Class 2

 W4_SMOKE
    Category 1         0.984      0.004    253.781      0.000
    Category 2         0.016      0.004      4.087      0.000
 W5_SMOKE
    Category 1         0.984      0.005    180.526      0.000
    Category 2         0.016      0.005      2.982      0.003
 W6_SMOKE
    Category 1         0.992      0.003    352.979      0.000
    Category 2         0.008      0.003      2.974      0.003
 W7_SMOKE
    Category 1         0.998      0.002    628.070      0.000
    Category 2         0.002      0.002      1.573      0.116
 W8_SMOKE
    Category 1         0.994      0.003    376.987      0.000
    Category 2         0.006      0.003      2.341      0.019
 W4_DRINK
    Category 1         0.369      0.026     14.164      0.000
    Category 2         0.593      0.023     26.131      0.000
    Category 3         0.038      0.007      5.579      0.000
    Category 4         0.000      0.001      0.550      0.582
 W5_DRINK
    Category 1         0.419      0.030     13.991      0.000
    Category 2         0.558      0.025     22.468      0.000
    Category 3         0.022      0.008      2.947      0.003
    Category 4         0.000      0.001      0.466      0.641
 W6_DRINK
    Category 1         0.422      0.029     14.682      0.000
    Category 2         0.561      0.025     22.440      0.000
    Category 3         0.017      0.006      2.887      0.004
    Category 4         0.000      0.000      0.000      1.000
 W7_DRINK
    Category 1         0.447      0.031     14.391      0.000
    Category 2         0.536      0.028     19.391      0.000
    Category 3         0.016      0.006      2.914      0.004
    Category 4         0.001      0.001      0.995      0.320
 W8_DRINK
    Category 1         0.464      0.032     14.684      0.000
    Category 2         0.514      0.028     18.298      0.000
    Category 3         0.022      0.006      3.570      0.000
    Category 4         0.000      0.000      0.000      1.000
 W4_PA
    Category 1         0.007      0.002      3.553      0.000
    Category 2         0.664      0.027     24.947      0.000
    Category 3         0.160      0.011     14.321      0.000
    Category 4         0.169      0.020      8.571      0.000
 W5_PA
    Category 1         0.005      0.002      2.592      0.010
    Category 2         0.685      0.029     23.837      0.000
    Category 3         0.155      0.012     13.349      0.000
    Category 4         0.155      0.021      7.370      0.000
 W6_PA
    Category 1         0.010      0.003      3.901      0.000
    Category 2         0.701      0.028     25.234      0.000
    Category 3         0.146      0.010     14.164      0.000
    Category 4         0.143      0.022      6.578      0.000
 W7_PA
    Category 1         0.009      0.002      3.787      0.000
    Category 2         0.734      0.029     24.937      0.000
    Category 3         0.132      0.010     12.579      0.000
    Category 4         0.125      0.023      5.521      0.000
 W8_PA
    Category 1         0.010      0.002      4.044      0.000
    Category 2         0.756      0.027     27.507      0.000
    Category 3         0.118      0.011     11.154      0.000
    Category 4         0.117      0.020      5.717      0.000
 W4_FV
    Category 1         0.414      0.015     27.601      0.000
    Category 2         0.586      0.015     39.037      0.000
 W5_FV
    Category 1         0.399      0.014     27.710      0.000
    Category 2         0.601      0.014     41.708      0.000
 W6_FV
    Category 1         0.377      0.016     24.216      0.000
    Category 2         0.623      0.016     40.029      0.000
 W7_FV
    Category 1         0.369      0.016     23.329      0.000
    Category 2         0.631      0.016     39.833      0.000
 W8_FV
    Category 1         0.384      0.015     26.115      0.000
    Category 2         0.616      0.015     41.961      0.000

Latent Class 3

 W4_SMOKE
    Category 1         0.063      0.017      3.633      0.000
    Category 2         0.937      0.017     53.696      0.000
 W5_SMOKE
    Category 1         0.057      0.011      5.062      0.000
    Category 2         0.943      0.011     83.720      0.000
 W6_SMOKE
    Category 1         0.129      0.019      6.740      0.000
    Category 2         0.871      0.019     45.571      0.000
 W7_SMOKE
    Category 1         0.176      0.021      8.323      0.000
    Category 2         0.824      0.021     38.986      0.000
 W8_SMOKE
    Category 1         0.253      0.023     11.088      0.000
    Category 2         0.747      0.023     32.787      0.000
 W4_DRINK
    Category 1         0.336      0.030     11.088      0.000
    Category 2         0.370      0.028     13.322      0.000
    Category 3         0.246      0.028      8.748      0.000
    Category 4         0.049      0.012      4.079      0.000
 W5_DRINK
    Category 1         0.324      0.030     10.779      0.000
    Category 2         0.370      0.027     13.736      0.000
    Category 3         0.243      0.027      8.999      0.000
    Category 4         0.063      0.014      4.525      0.000
 W6_DRINK
    Category 1         0.367      0.032     11.614      0.000
    Category 2         0.339      0.027     12.619      0.000
    Category 3         0.211      0.026      8.195      0.000
    Category 4         0.083      0.018      4.669      0.000
 W7_DRINK
    Category 1         0.375      0.032     11.785      0.000
    Category 2         0.366      0.028     13.148      0.000
    Category 3         0.197      0.024      8.090      0.000
    Category 4         0.062      0.017      3.649      0.000
 W8_DRINK
    Category 1         0.369      0.032     11.624      0.000
    Category 2         0.330      0.028     11.942      0.000
    Category 3         0.226      0.027      8.284      0.000
    Category 4         0.075      0.016      4.665      0.000
 W4_PA
    Category 1         0.014      0.006      2.416      0.016
    Category 2         0.709      0.024     30.021      0.000
    Category 3         0.136      0.017      8.140      0.000
    Category 4         0.142      0.018      7.866      0.000
 W5_PA
    Category 1         0.019      0.007      2.875      0.004
    Category 2         0.694      0.025     28.126      0.000
    Category 3         0.134      0.018      7.557      0.000
    Category 4         0.153      0.018      8.303      0.000
 W6_PA
    Category 1         0.018      0.007      2.688      0.007
    Category 2         0.723      0.024     30.493      0.000
    Category 3         0.141      0.017      8.227      0.000
    Category 4         0.118      0.017      7.015      0.000
 W7_PA
    Category 1         0.018      0.007      2.670      0.008
    Category 2         0.742      0.023     32.650      0.000
    Category 3         0.112      0.015      7.414      0.000
    Category 4         0.128      0.017      7.580      0.000
 W8_PA
    Category 1         0.020      0.006      3.057      0.002
    Category 2         0.771      0.022     34.981      0.000
    Category 3         0.097      0.015      6.446      0.000
    Category 4         0.113      0.016      6.889      0.000
 W4_FV
    Category 1         0.629      0.025     24.986      0.000
    Category 2         0.371      0.025     14.739      0.000
 W5_FV
    Category 1         0.680      0.024     28.865      0.000
    Category 2         0.320      0.024     13.587      0.000
 W6_FV
    Category 1         0.647      0.025     26.335      0.000
    Category 2         0.353      0.025     14.351      0.000
 W7_FV
    Category 1         0.609      0.026     23.126      0.000
    Category 2         0.391      0.026     14.856      0.000
 W8_FV
    Category 1         0.616      0.025     24.503      0.000
    Category 2         0.384      0.025     15.269      0.000


LATENT CLASS ODDS RATIO RESULTS

                                                95% C.I.
                    Estimate       S.E.  Lower 2.5% Upper 2.5%

Latent Class 1 Compared to Latent Class 2

 W4_SMOKE
    Category > 1       1.689      0.579      0.863      3.306
 W5_SMOKE
    Category > 1       0.972      0.488      0.364      2.599
 W6_SMOKE
    Category > 1       0.575      0.334      0.184      1.796
 W7_SMOKE
    Category > 1       2.268      1.837      0.464     11.093
 W8_SMOKE
    Category > 1       0.731      0.525      0.179      2.990
 W4_DRINK
    Category > 1      29.870      7.748     17.964     49.664
    Category > 2      55.073     11.255     36.896     82.205
    Category > 3     335.600    604.995      9.802  11490.364
 W5_DRINK
    Category > 1      36.225      8.149     23.309     56.297
    Category > 2      91.423     23.659     55.052    151.825
    Category > 3     202.708    430.242      3.164  12988.441
 W6_DRINK
    Category > 1      23.036      4.486     15.726     33.742
    Category > 2     113.936     29.677     68.382    189.836
    Category > 3   *********      0.000  *********  *********
 W7_DRINK
    Category > 1      36.250      8.580     22.795     57.646
    Category > 2     102.125     26.301     61.646    169.183
    Category > 3     143.379    146.748     19.287   1065.873
 W8_DRINK
    Category > 1      34.212      7.857     21.813     53.661
    Category > 2      70.259     16.325     44.558    110.785
    Category > 3   *********      0.000  *********  *********
 W4_PA
    Category > 1       4.071      2.739      1.089     15.222
    Category > 2       2.900      0.537      2.018      4.168
    Category > 3       2.895      0.544      2.002      4.184
 W5_PA
    Category > 1       0.745      0.438      0.235      2.359
    Category > 2       3.110      0.647      2.069      4.675
    Category > 3       3.120      0.676      2.040      4.772
 W6_PA
    Category > 1       4.220      2.776      1.163     15.317
    Category > 2       3.400      0.693      2.281      5.069
    Category > 3       3.738      0.859      2.383      5.863
 W7_PA
    Category > 1       4.717      3.160      1.269     17.534
    Category > 2       3.662      0.831      2.347      5.714
    Category > 3       3.567      0.977      2.086      6.101
 W8_PA
    Category > 1       2.397      1.284      0.839      6.848
    Category > 2       3.946      0.848      2.589      6.013
    Category > 3       3.814      0.963      2.325      6.256
 W4_FV
    Category > 1       1.125      0.126      0.904      1.401
 W5_FV
    Category > 1       1.055      0.116      0.851      1.308
 W6_FV
    Category > 1       1.074      0.132      0.844      1.366
 W7_FV
    Category > 1       1.134      0.140      0.890      1.443
 W8_FV
    Category > 1       1.090      0.122      0.875      1.358

Latent Class 1 Compared to Latent Class 3

 W4_SMOKE
    Category > 1       0.002      0.001      0.001      0.004
 W5_SMOKE
    Category > 1       0.001      0.000      0.000      0.002
 W6_SMOKE
    Category > 1       0.001      0.000      0.000      0.002
 W7_SMOKE
    Category > 1       0.001      0.001      0.000      0.003
 W8_SMOKE
    Category > 1       0.002      0.001      0.001      0.004
 W4_DRINK
    Category > 1      25.797      7.850     14.208     46.838
    Category > 2       5.194      1.631      2.807      9.612
    Category > 3       1.993      0.626      1.077      3.688
 W5_DRINK
    Category > 1      24.116      7.091     13.552     42.913
    Category > 2       4.842      1.532      2.604      9.001
    Category > 3       1.445      0.442      0.793      2.631
 W6_DRINK
    Category > 1      18.350      4.879     10.897     30.900
    Category > 2       4.745      1.515      2.538      8.871
    Category > 3       1.030      0.304      0.578      1.838
 W7_DRINK
    Category > 1      26.879      8.991     13.954     51.779
    Category > 2       5.074      1.577      2.759      9.330
    Category > 3       1.434      0.506      0.718      2.864
 W8_DRINK
    Category > 1      23.135      7.702     12.047     44.428
    Category > 2       3.650      1.069      2.055      6.481
    Category > 3       0.939      0.288      0.514      1.714
 W4_PA
    Category > 1       8.361      6.096      2.003     34.902
    Category > 2       3.708      0.512      2.830      4.860
    Category > 3       3.566      0.581      2.591      4.906
 W5_PA
    Category > 1       2.992      1.630      1.029      8.704
    Category > 2       3.472      0.499      2.620      4.601
    Category > 3       3.161      0.508      2.307      4.332
 W6_PA
    Category > 1       7.179      5.015      1.826     28.226
    Category > 2       3.938      0.574      2.959      5.241
    Category > 3       4.637      0.823      3.275      6.566
 W7_PA
    Category > 1       9.329      6.614      2.324     37.439
    Category > 2       4.003      0.591      2.997      5.346
    Category > 3       3.463      0.594      2.474      4.847
 W8_PA
    Category > 1       4.829      2.722      1.600     14.576
    Category > 2       4.549      0.692      3.376      6.129
    Category > 3       3.962      0.715      2.782      5.642
 W4_FV
    Category > 1       2.698      0.354      2.086      3.490
 W5_FV
    Category > 1       3.374      0.450      2.598      4.381
 W6_FV
    Category > 1       3.259      0.432      2.513      4.226
 W7_FV
    Category > 1       3.013      0.408      2.311      3.928
 W8_FV
    Category > 1       2.811      0.366      2.177      3.628

Latent Class 2 Compared to Latent Class 3

 W4_SMOKE
    Category > 1       0.001      0.000      0.001      0.002
 W5_SMOKE
    Category > 1       0.001      0.000      0.000      0.002
 W6_SMOKE
    Category > 1       0.001      0.000      0.001      0.003
 W7_SMOKE
    Category > 1       0.001      0.000      0.000      0.002
 W8_SMOKE
    Category > 1       0.002      0.001      0.001      0.005
 W4_DRINK
    Category > 1       0.864      0.172      0.584      1.277
    Category > 2       0.094      0.025      0.057      0.157
    Category > 3       0.006      0.011      0.000      0.223
 W5_DRINK
    Category > 1       0.666      0.142      0.439      1.010
    Category > 2       0.053      0.022      0.023      0.119
    Category > 3       0.007      0.016      0.000      0.507
 W6_DRINK
    Category > 1       0.797      0.165      0.531      1.195
    Category > 2       0.042      0.017      0.018      0.094
    Category > 3       0.000      0.000      0.000      0.000
 W7_DRINK
    Category > 1       0.742      0.157      0.490      1.123
    Category > 2       0.050      0.020      0.023      0.109
    Category > 3       0.010      0.010      0.001      0.077
 W8_DRINK
    Category > 1       0.676      0.144      0.446      1.026
    Category > 2       0.052      0.018      0.026      0.103
    Category > 3       0.000      0.000      0.000      0.000
 W4_PA
    Category > 1       2.054      1.049      0.755      5.591
    Category > 2       1.279      0.230      0.899      1.819
    Category > 3       1.232      0.265      0.807      1.879
 W5_PA
    Category > 1       4.019      2.148      1.410     11.456
    Category > 2       1.117      0.215      0.766      1.628
    Category > 3       1.013      0.228      0.652      1.574
 W6_PA
    Category > 1       1.701      0.785      0.688      4.204
    Category > 2       1.158      0.223      0.794      1.690
    Category > 3       1.240      0.312      0.758      2.031
 W7_PA
    Category > 1       1.978      0.938      0.781      5.009
    Category > 2       1.093      0.228      0.727      1.644
    Category > 3       0.971      0.260      0.574      1.642
 W8_PA
    Category > 1       2.014      0.852      0.879      4.614
    Category > 2       1.153      0.243      0.762      1.744
    Category > 3       1.039      0.276      0.617      1.749
 W4_FV
    Category > 1       2.398      0.305      1.869      3.076
 W5_FV
    Category > 1       3.198      0.405      2.494      4.100
 W6_FV
    Category > 1       3.034      0.401      2.340      3.932
 W7_FV
    Category > 1       2.658      0.363      2.033      3.475
 W8_FV
    Category > 1       2.578      0.329      2.008      3.312


QUALITY OF NUMERICAL RESULTS

     Condition Number for the Information Matrix              0.105E-03
       (ratio of smallest to largest eigenvalue)


TECHNICAL 11 OUTPUT

     Random Starts Specifications for the k-1 Class Analysis Model
        Number of initial stage random starts                 500
        Number of final stage optimizations                   100



     VUONG-LO-MENDELL-RUBIN LIKELIHOOD RATIO TEST FOR 2 (H0) VERSUS 3 CLASSES

          H0 Loglikelihood Value                       -68354.058
          2 Times the Loglikelihood Difference           7911.800
          Difference in the Number of Parameters               41
          Mean                                            335.143
          Standard Deviation                              602.947
          P-Value                                          0.0000

     LO-MENDELL-RUBIN ADJUSTED LRT TEST

          Value                                          7889.424
          P-Value                                          0.0000


PLOT INFORMATION

The following plots are available:

  Histograms (sample values)
  Scatterplots (sample values)
  Sample proportions and estimated probabilities

     Beginning Time:  13:28:48
        Ending Time:  13:33:09
       Elapsed Time:  00:04:21



MUTHEN & MUTHEN
3463 Stoner Ave.
Los Angeles, CA  90066

Tel: (310) 391-9971
Fax: (310) 391-8971
Web: www.StatModel.com
Support: Support@StatModel.com

Copyright (c) 1998-2020 Muthen & Muthen
