Mplus VERSION 8.5 (Mac)
MUTHEN & MUTHEN
11/08/2022   1:33 PM

INPUT INSTRUCTIONS

  TITLE:
  C4_LCA_enumerate
  DATA:
  FILE = "./c_lca_enumerate.dat";

  VARIABLE:
  NAMES = idauniq W4_Smoke W5_Smoke W6_Smoke W7_Smoke W8_Smoke W4_Drink W5_Drink
       W6_Drink W7_Drink W8_Drink W4_PA W5_PA W6_PA W7_PA W8_PA W4_FV W5_FV W6_FV
       W7_FV W8_FV Weights Female Age Pat_Int Pat_Hig Self_Int Self_Hig Edu_Upp
       Edu_Ter Wealth_2 Wealth_3 Eye_4 Circul_4 Endocr_4 Muscul_4 Respir_4 Neopla_4
       Nervou_4 Mental_4 Multi_4 CMulti_4 Luncan_4 Eye Circul Endocr Muscul Respir
       Neopla Nervou Mental Multi CMulti Luncan;
   MISSING=.;
   CATEGORICAL = W4_Smoke,W5_Smoke,W6_Smoke,W7_Smoke,W8_Smoke,
  W4_Drink,W5_Drink,W6_Drink,W7_Drink,W8_Drink,
  W4_PA,W5_PA,W6_PA,W7_PA,W8_PA,W4_FV,W5_FV,W6_FV,
  W7_FV,W8_FV;
  USEVARIABLES = W4_Smoke,W5_Smoke,W6_Smoke,W7_Smoke,W8_Smoke,
  W4_Drink,W5_Drink,W6_Drink,W7_Drink,W8_Drink,
  W4_PA,W5_PA,W6_PA,W7_PA,W8_PA,W4_FV,W5_FV,W6_FV,
  W7_FV,W8_FV,Weights;
          WEIGHT        = Weights;
  MISSING ARE ALL (-99);
          classes = c(4);
  ANALYSIS:
  estimator = mlr;
      type = mixture;
      starts = 500 100;
      STITERATIONS=20;
  LRTSTARTS = 50 10 400 20;
  OUTPUT:
  TECH11 TECH14
  PLOT:
  type = plot3;
      series is W4_Smoke(2) W5_Smoke(3) W6_Smoke(4) W7_Smoke(5)
      W8_Smoke(6) W4_Drink(7) W5_Drink(8)
      W6_Drink(9) W7_Drink(10)
      W8_Drink(11) W4_PA(12) W5_PA(13)
      W6_PA(14) W7_PA(15) W8_PA(16)
      W4_FV(17) W5_FV(18) W6_FV(19)
      W7_FV(20) W8_FV(21);



*** WARNING
  One or more observations has a value of 0 for the WEIGHT variable.
*** WARNING in OUTPUT command
  TECH14 option is not available for TYPE=MIXTURE with weights.
  Request for TECH14 is ignored.
   2 WARNING(S) FOUND IN THE INPUT INSTRUCTIONS




C4_LCA_enumerate

SUMMARY OF ANALYSIS

Number of groups                                                 1
Number of observations                                        5429

Number of dependent variables                                   20
Number of independent variables                                  0
Number of continuous latent variables                            0
Number of categorical latent variables                           1

Observed dependent variables

  Binary and ordered categorical (ordinal)
   W4_SMOKE    W5_SMOKE    W6_SMOKE    W7_SMOKE    W8_SMOKE    W4_DRINK
   W5_DRINK    W6_DRINK    W7_DRINK    W8_DRINK    W4_PA       W5_PA
   W6_PA       W7_PA       W8_PA       W4_FV       W5_FV       W6_FV
   W7_FV       W8_FV

Categorical latent variables
   C

Variables with special functions

  Weight variable       WEIGHTS

Estimator                                                      MLR
Information matrix                                        OBSERVED
Optimization Specifications for the Quasi-Newton Algorithm for
Continuous Outcomes
  Maximum number of iterations                                 100
  Convergence criterion                                  0.100D-05
Optimization Specifications for the EM Algorithm
  Maximum number of iterations                                 500
  Convergence criteria
    Loglikelihood change                                 0.100D-06
    Relative loglikelihood change                        0.100D-06
    Derivative                                           0.100D-05
Optimization Specifications for the M step of the EM Algorithm for
Categorical Latent variables
  Number of M step iterations                                    1
  M step convergence criterion                           0.100D-05
  Basis for M step termination                           ITERATION
Optimization Specifications for the M step of the EM Algorithm for
Censored, Binary or Ordered Categorical (Ordinal), Unordered
Categorical (Nominal) and Count Outcomes
  Number of M step iterations                                    1
  M step convergence criterion                           0.100D-05
  Basis for M step termination                           ITERATION
  Maximum value for logit thresholds                            15
  Minimum value for logit thresholds                           -15
  Minimum expected cell size for chi-square              0.100D-01
Maximum number of iterations for H1                           2000
Convergence criterion for H1                             0.100D-03
Optimization algorithm                                         EMA
Random Starts Specifications
  Number of initial stage random starts                        500
  Number of final stage optimizations                          100
  Number of initial stage iterations                            20
  Initial stage convergence criterion                    0.100D+01
  Random starts scale                                    0.500D+01
  Random seed for generating random starts                       0
Link                                                         LOGIT

Input data file(s)
  ./c_lca_enumerate.dat
Input data format  FREE


SUMMARY OF DATA

     Number of missing data patterns          1208
     Number of y missing data patterns           0
     Number of u missing data patterns        1208


COVARIANCE COVERAGE OF DATA

Minimum covariance coverage value   0.100


     PROPORTION OF DATA PRESENT FOR U


           Covariance Coverage
              W4_SMOKE      W5_SMOKE      W6_SMOKE      W7_SMOKE      W8_SMOKE
              ________      ________      ________      ________      ________
 W4_SMOKE       0.884
 W5_SMOKE       0.579         0.591
 W6_SMOKE       0.596         0.591         0.615
 W7_SMOKE       0.605         0.590         0.613         0.625
 W8_SMOKE       0.609         0.588         0.609         0.620         0.631
 W4_DRINK       0.708         0.472         0.487         0.495         0.500
 W5_DRINK       0.731         0.493         0.506         0.513         0.519
 W6_DRINK       0.705         0.475         0.486         0.495         0.500
 W7_DRINK       0.692         0.467         0.479         0.485         0.490
 W8_DRINK       0.679         0.461         0.473         0.479         0.481
 W4_PA          0.796         0.532         0.552         0.561         0.566
 W5_PA          0.791         0.530         0.552         0.561         0.565
 W6_PA          0.801         0.535         0.555         0.565         0.570
 W7_PA          0.806         0.538         0.559         0.568         0.573
 W8_PA          0.787         0.524         0.544         0.554         0.559
 W4_FV          0.795         0.527         0.544         0.553         0.558
 W5_FV          0.828         0.553         0.570         0.578         0.583
 W6_FV          0.811         0.542         0.556         0.566         0.572
 W7_FV          0.797         0.533         0.548         0.556         0.561
 W8_FV          0.797         0.534         0.549         0.557         0.559


           Covariance Coverage
              W4_DRINK      W5_DRINK      W6_DRINK      W7_DRINK      W8_DRINK
              ________      ________      ________      ________      ________
 W4_DRINK       0.795
 W5_DRINK       0.729         0.824
 W6_DRINK       0.705         0.739         0.795
 W7_DRINK       0.690         0.725         0.717         0.781
 W8_DRINK       0.679         0.710         0.701         0.695         0.766
 W4_PA          0.721         0.747         0.724         0.712         0.697
 W5_PA          0.720         0.746         0.722         0.707         0.692
 W6_PA          0.733         0.755         0.731         0.719         0.703
 W7_PA          0.733         0.761         0.738         0.723         0.711
 W8_PA          0.720         0.746         0.725         0.714         0.702
 W4_FV          0.793         0.756         0.729         0.718         0.705
 W5_FV          0.763         0.821         0.763         0.749         0.733
 W6_FV          0.746         0.776         0.794         0.745         0.727
 W7_FV          0.734         0.763         0.745         0.777         0.716
 W8_FV          0.736         0.761         0.743         0.730         0.763


           Covariance Coverage
              W4_PA         W5_PA         W6_PA         W7_PA         W8_PA
              ________      ________      ________      ________      ________
 W4_PA          0.899
 W5_PA          0.825         0.896
 W6_PA          0.831         0.831         0.908
 W7_PA          0.834         0.832         0.848         0.913
 W8_PA          0.816         0.809         0.825         0.834         0.894
 W4_FV          0.807         0.805         0.818         0.818         0.803
 W5_FV          0.841         0.839         0.850         0.856         0.836
 W6_FV          0.825         0.822         0.835         0.840         0.822
 W7_FV          0.813         0.810         0.823         0.826         0.813
 W8_FV          0.814         0.810         0.822         0.829         0.814


           Covariance Coverage
              W4_FV         W5_FV         W6_FV         W7_FV         W8_FV
              ________      ________      ________      ________      ________
 W4_FV          0.894
 W5_FV          0.854         0.933
 W6_FV          0.835         0.874         0.915
 W7_FV          0.822         0.860         0.855         0.899
 W8_FV          0.824         0.858         0.849         0.838         0.900


UNIVARIATE PROPORTIONS AND COUNTS FOR CATEGORICAL VARIABLES

    W4_SMOKE
      Category 1    0.850         4108.210
      Category 2    0.150          722.637
    W5_SMOKE
      Category 1    0.798         2640.464
      Category 2    0.202          667.518
    W6_SMOKE
      Category 1    0.825         2830.362
      Category 2    0.175          598.332
    W7_SMOKE
      Category 1    0.840         2922.771
      Category 2    0.160          558.735
    W8_SMOKE
      Category 1    0.854         2997.749
      Category 2    0.146          512.923
    W4_DRINK
      Category 1    0.232          979.065
      Category 2    0.453         1913.994
      Category 3    0.273         1154.167
      Category 4    0.041          173.494
    W5_DRINK
      Category 1    0.253         1109.021
      Category 2    0.435         1906.253
      Category 3    0.270         1181.554
      Category 4    0.042          184.523
    W6_DRINK
      Category 1    0.264         1111.150
      Category 2    0.434         1831.670
      Category 3    0.259         1090.483
      Category 4    0.043          183.213
    W7_DRINK
      Category 1    0.270         1117.056
      Category 2    0.437         1803.585
      Category 3    0.250         1033.934
      Category 4    0.042          175.378
    W8_DRINK
      Category 1    0.278         1128.050
      Category 2    0.432         1754.504
      Category 3    0.253         1029.076
      Category 4    0.037          151.177
    W4_PA
      Category 1    0.006           28.025
      Category 2    0.578         2784.907
      Category 3    0.177          854.299
      Category 4    0.239         1149.546
    W5_PA
      Category 1    0.007           35.811
      Category 2    0.588         2832.707
      Category 3    0.175          845.291
      Category 4    0.230         1107.536
    W6_PA
      Category 1    0.009           41.825
      Category 2    0.602         2935.563
      Category 3    0.163          795.490
      Category 4    0.226         1100.417
    W7_PA
      Category 1    0.008           38.196
      Category 2    0.628         3071.849
      Category 3    0.162          791.286
      Category 4    0.202          990.440
    W8_PA
      Category 1    0.009           43.534
      Category 2    0.647         3095.584
      Category 3    0.149          713.479
      Category 4    0.195          933.595
    W4_FV
      Category 1    0.431         2073.426
      Category 2    0.569         2735.168
    W5_FV
      Category 1    0.432         2181.914
      Category 2    0.568         2864.285
    W6_FV
      Category 1    0.407         2010.362
      Category 2    0.593         2928.232
    W7_FV
      Category 1    0.391         1893.511
      Category 2    0.609         2945.422
    W8_FV
      Category 1    0.407         1983.813
      Category 2    0.593         2886.050


RANDOM STARTS RESULTS RANKED FROM THE BEST TO THE WORST LOGLIKELIHOOD VALUES

Final stage loglikelihood values at local maxima, seeds, and initial stage start numbers:

          -62511.254  967237           48
          -62511.254  73576            213
          -62511.254  505879           424
          -62511.254  350608           334
          -62511.254  724519           333
          -62511.254  596257           405
          -62511.254  748692           204
          -62511.254  782821           272
          -62511.254  573096           20
          -62511.254  625191           350
          -62511.254  319144           176
          -62511.254  61587            400
          -62511.254  562716           300
          -62511.254  654136           167
          -62511.254  373505           88
          -62511.254  685657           69
          -62511.254  642909           251
          -62511.254  25127            107
          -62511.254  232226           235
          -62511.254  319575           499
          -62511.254  802779           122
          -62511.254  349263           263
          -62511.254  481835           57
          -62511.254  608460           244
          -62511.254  568405           233
          -62511.254  836515           341
          -62511.254  777045           377
          -62511.254  972873           157
          -62511.254  92689            304
          -62511.254  997222           229
          -62511.254  568859           49
          -62511.254  751054           117
          -62511.254  918558           412
          -62511.254  217744           326
          -62511.254  928287           197
          -62511.254  851945           18
          -62511.254  414828           322
          -62511.254  224950           455
          -62511.254  603842           61
          -62511.254  68850            462
          -62511.254  195873           6
          -62511.254  948615           140
          -62511.254  966014           37
          -62511.254  264935           281
          -62511.254  297518           166
          -62511.254  579995           183
          -62511.254  930323           267
          -62511.254  545140           278
          -62511.254  124999           96
          -62511.254  751153           110
          -62511.254  789985           67
          -62511.254  17359            227
          -62511.254  674171           195
          -62511.254  529496           343
          -62511.254  923437           398
          -62511.254  440841           118
          -62511.254  715561           125
          -62511.254  484501           163
          -62511.254  286735           175
          -62511.254  529455           268
          -62511.254  417035           149
          -62511.254  165853           105
          -62511.254  34346            330
          -62511.254  788796           145
          -62511.254  850840           232
          -62511.254  168762           200
          -62511.254  65651            214
          -62511.254  862607           468
          -62511.254  50887            389
          -62511.254  535063           329
          -62511.254  746978           410
          -62511.254  629320           222
          -62511.254  164305           128
          -62511.254  329127           185
          -62511.254  399380           436
          -62511.254  840031           276
          -62511.254  220454           288
          -62511.254  182524           373
          -62511.254  21132            351
          -62511.254  415502           194
          -62511.254  422103           62
          -62511.254  592219           119
          -62511.254  443442           380
          -62511.254  621542           375
          -62511.254  173191           422
          -62511.254  416250           390
          -62511.254  667250           318
          -62511.254  790452           303

12 perturbed starting value run(s) did not converge or were rejected in the third stage.



THE BEST LOGLIKELIHOOD VALUE HAS BEEN REPLICATED.  RERUN WITH AT LEAST TWICE THE
RANDOM STARTS TO CHECK THAT THE BEST LOGLIKELIHOOD IS STILL OBTAINED AND REPLICATED.

     IN THE OPTIMIZATION, ONE OR MORE LOGIT THRESHOLDS APPROACHED EXTREME VALUES
     OF -15.000 AND 15.000 AND WERE FIXED TO STABILIZE MODEL ESTIMATION.  THESE
     VALUES IMPLY PROBABILITIES OF 0 AND 1.  IN THE MODEL RESULTS SECTION, THESE
     PARAMETERS HAVE 0 STANDARD ERRORS AND 999 IN THE Z-SCORE AND P-VALUE COLUMNS.




THE MODEL ESTIMATION TERMINATED NORMALLY

     THE CHI-SQUARE TEST CANNOT BE COMPUTED BECAUSE THE FREQUENCY TABLE FOR THE
     LATENT CLASS INDICATOR MODEL PART IS TOO LARGE.




MODEL FIT INFORMATION

Number of Free Parameters                      163

Loglikelihood

          H0 Value                      -62511.254
          H0 Scaling Correction Factor      1.3602
            for MLR

Information Criteria

          Akaike (AIC)                  125348.509
          Bayesian (BIC)                126424.229
          Sample-Size Adjusted BIC      125906.266
            (n* = (n + 2) / 24)



FINAL CLASS COUNTS AND PROPORTIONS FOR THE LATENT CLASSES
BASED ON THE ESTIMATED MODEL

    Latent
   Classes

       1        707.10376          0.13025
       2       1236.85756          0.22782
       3       1376.13223          0.25348
       4       2108.90645          0.38845


FINAL CLASS COUNTS AND PROPORTIONS FOR THE LATENT CLASSES
BASED ON ESTIMATED POSTERIOR PROBABILITIES

    Latent
   Classes

       1        707.10376          0.13025
       2       1236.85756          0.22782
       3       1376.13223          0.25348
       4       2108.90645          0.38845


FINAL CLASS COUNTS AND PROPORTIONS FOR THE LATENT CLASSES
BASED ON THEIR MOST LIKELY LATENT CLASS MEMBERSHIP

Class Counts and Proportions

    Latent
   Classes

       1              668          0.12300
       2             1228          0.22619
       3             1328          0.24469
       4             2205          0.40612


CLASSIFICATION QUALITY

     Entropy                         0.856


Average Latent Class Probabilities for Most Likely Latent Class Membership (Row)
by Latent Class (Column)

           1        2        3        4

    1   0.979    0.001    0.007    0.014
    2   0.005    0.889    0.046    0.060
    3   0.008    0.033    0.943    0.016
    4   0.016    0.046    0.029    0.910


Classification Probabilities for the Most Likely Latent Class Membership (Column)
by Latent Class (Row)

           1        2        3        4

    1   0.924    0.010    0.015    0.051
    2   0.001    0.882    0.036    0.081
    3   0.003    0.041    0.910    0.046
    4   0.004    0.035    0.010    0.951


Logits for the Classification Probabilities for the Most Likely Latent Class Membership (Column)
by Latent Class (Row)

              1        2        3        4

    1      2.894   -1.679   -1.213    0.000
    2     -4.791    2.385   -0.825    0.000
    3     -2.655   -0.105    2.992    0.000
    4     -5.396   -3.311   -4.542    0.000


MODEL RESULTS

                                                    Two-Tailed
                    Estimate       S.E.  Est./S.E.    P-Value

Latent Class 1

 Thresholds
    W4_SMOKE$1        -3.044      0.295    -10.318      0.000
    W5_SMOKE$1        -2.827      0.213    -13.294      0.000
    W6_SMOKE$1        -2.152      0.219     -9.829      0.000
    W7_SMOKE$1        -1.700      0.172     -9.877      0.000
    W8_SMOKE$1        -1.189      0.137     -8.656      0.000
    W4_DRINK$1        -0.645      0.129     -4.983      0.000
    W4_DRINK$2         0.929      0.143      6.493      0.000
    W4_DRINK$3         3.114      0.280     11.114      0.000
    W5_DRINK$1        -0.706      0.130     -5.429      0.000
    W5_DRINK$2         0.892      0.137      6.504      0.000
    W5_DRINK$3         2.820      0.227     12.429      0.000
    W6_DRINK$1        -0.524      0.130     -4.039      0.000
    W6_DRINK$2         0.939      0.143      6.578      0.000
    W6_DRINK$3         2.439      0.236     10.349      0.000
    W7_DRINK$1        -0.472      0.131     -3.596      0.000
    W7_DRINK$2         1.116      0.147      7.601      0.000
    W7_DRINK$3         2.795      0.300      9.316      0.000
    W8_DRINK$1        -0.486      0.131     -3.719      0.000
    W8_DRINK$2         0.911      0.143      6.371      0.000
    W8_DRINK$3         2.641      0.236     11.183      0.000
    W4_PA$1           -4.243      0.421    -10.088      0.000
    W4_PA$2            0.873      0.114      7.646      0.000
    W4_PA$3            1.699      0.146     11.642      0.000
    W5_PA$1           -3.891      0.358    -10.871      0.000
    W5_PA$2            0.784      0.116      6.773      0.000
    W5_PA$3            1.594      0.138     11.520      0.000
    W6_PA$1           -3.969      0.379    -10.462      0.000
    W6_PA$2            0.940      0.118      7.986      0.000
    W6_PA$3            1.884      0.156     12.049      0.000
    W7_PA$1           -4.035      0.389    -10.371      0.000
    W7_PA$2            1.020      0.118      8.623      0.000
    W7_PA$3            1.813      0.148     12.287      0.000
    W8_PA$1           -3.895      0.335    -11.610      0.000
    W8_PA$2            1.219      0.126      9.660      0.000
    W8_PA$3            1.973      0.159     12.446      0.000
    W4_FV$1            0.486      0.109      4.441      0.000
    W5_FV$1            0.708      0.108      6.547      0.000
    W6_FV$1            0.562      0.108      5.186      0.000
    W7_FV$1            0.394      0.110      3.569      0.000
    W8_FV$1            0.450      0.106      4.245      0.000

Latent Class 2

 Thresholds
    W4_SMOKE$1         4.458      0.410     10.868      0.000
    W5_SMOKE$1         5.055      0.720      7.021      0.000
    W6_SMOKE$1         5.496      0.780      7.042      0.000
    W7_SMOKE$1         5.702      0.731      7.798      0.000
    W8_SMOKE$1         4.958      0.530      9.350      0.000
    W4_DRINK$1        -1.565      0.138    -11.369      0.000
    W4_DRINK$2         2.014      0.191     10.568      0.000
    W4_DRINK$3         5.344      0.701      7.626      0.000
    W5_DRINK$1        -1.319      0.133     -9.922      0.000
    W5_DRINK$2         2.163      0.210     10.303      0.000
    W5_DRINK$3         8.260      2.186      3.778      0.000
    W6_DRINK$1        -1.254      0.126     -9.978      0.000
    W6_DRINK$2         2.186      0.198     11.063      0.000
    W6_DRINK$3        15.000      0.000    999.000    999.000
    W7_DRINK$1        -1.126      0.125     -9.024      0.000
    W7_DRINK$2         2.334      0.184     12.695      0.000
    W7_DRINK$3        15.000      0.000    999.000    999.000
    W8_DRINK$1        -1.139      0.122     -9.297      0.000
    W8_DRINK$2         2.311      0.200     11.529      0.000
    W8_DRINK$3         6.939      1.451      4.783      0.000
    W4_PA$1           -6.024      0.740     -8.135      0.000
    W4_PA$2           -1.219      0.118    -10.361      0.000
    W4_PA$3           -0.017      0.098     -0.173      0.863
    W5_PA$1           -6.827      1.440     -4.740      0.000
    W5_PA$2           -1.253      0.138     -9.074      0.000
    W5_PA$3            0.018      0.111      0.164      0.870
    W6_PA$1          -15.000      0.000    999.000    999.000
    W6_PA$2           -1.268      0.148     -8.548      0.000
    W6_PA$3           -0.048      0.114     -0.421      0.674
    W7_PA$1          -15.000      0.000    999.000    999.000
    W7_PA$2           -1.097      0.143     -7.677      0.000
    W7_PA$3            0.114      0.115      0.990      0.322
    W8_PA$1           -6.453      1.081     -5.970      0.000
    W8_PA$2           -0.729      0.124     -5.899      0.000
    W8_PA$3            0.293      0.113      2.586      0.010
    W4_FV$1           -0.961      0.091    -10.560      0.000
    W5_FV$1           -0.935      0.100     -9.350      0.000
    W6_FV$1           -1.059      0.106     -9.963      0.000
    W7_FV$1           -1.139      0.106    -10.766      0.000
    W8_FV$1           -1.000      0.101     -9.941      0.000

Latent Class 3

 Thresholds
    W4_SMOKE$1         3.277      0.204     16.056      0.000
    W5_SMOKE$1         3.636      0.280     12.966      0.000
    W6_SMOKE$1         5.437      0.494     10.999      0.000
    W7_SMOKE$1         4.997      0.468     10.671      0.000
    W8_SMOKE$1         5.550      0.649      8.556      0.000
    W4_DRINK$1        -4.024      0.301    -13.377      0.000
    W4_DRINK$2        -1.648      0.111    -14.895      0.000
    W4_DRINK$3         1.942      0.101     19.319      0.000
    W5_DRINK$1        -4.321      0.303    -14.269      0.000
    W5_DRINK$2        -1.726      0.111    -15.530      0.000
    W5_DRINK$3         1.964      0.102     19.241      0.000
    W6_DRINK$1        -3.642      0.233    -15.602      0.000
    W6_DRINK$2        -1.582      0.111    -14.314      0.000
    W6_DRINK$3         1.997      0.103     19.327      0.000
    W7_DRINK$1        -4.240      0.293    -14.477      0.000
    W7_DRINK$2        -1.421      0.107    -13.231      0.000
    W7_DRINK$3         1.967      0.105     18.686      0.000
    W8_DRINK$1        -4.093      0.304    -13.446      0.000
    W8_DRINK$2        -1.235      0.101    -12.242      0.000
    W8_DRINK$3         2.182      0.112     19.411      0.000
    W4_PA$1           -6.423      0.805     -7.981      0.000
    W4_PA$2           -0.074      0.079     -0.938      0.348
    W4_PA$3            0.797      0.084      9.506      0.000
    W5_PA$1           -4.690      0.407    -11.534      0.000
    W5_PA$2           -0.008      0.081     -0.096      0.923
    W5_PA$3            0.894      0.089     10.024      0.000
    W6_PA$1           -5.667      0.583     -9.724      0.000
    W6_PA$2            0.000      0.082      0.005      0.996
    W6_PA$3            0.826      0.087      9.496      0.000
    W7_PA$1           -5.909      0.589    -10.031      0.000
    W7_PA$2            0.115      0.079      1.469      0.142
    W7_PA$3            1.080      0.090     11.975      0.000
    W8_PA$1           -5.182      0.463    -11.183      0.000
    W8_PA$2            0.108      0.078      1.382      0.167
    W8_PA$3            1.025      0.087     11.776      0.000
    W4_FV$1           -0.316      0.073     -4.349      0.000
    W5_FV$1           -0.312      0.074     -4.207      0.000
    W6_FV$1           -0.420      0.074     -5.689      0.000
    W7_FV$1           -0.502      0.076     -6.624      0.000
    W8_FV$1           -0.406      0.076     -5.338      0.000

Latent Class 4

 Thresholds
    W4_SMOKE$1         3.760      0.287     13.115      0.000
    W5_SMOKE$1         3.522      0.346     10.187      0.000
    W6_SMOKE$1         4.549      0.341     13.335      0.000
    W7_SMOKE$1         5.612      0.716      7.841      0.000
    W8_SMOKE$1         4.915      0.464     10.599      0.000
    W4_DRINK$1        -0.404      0.079     -5.128      0.000
    W4_DRINK$2         2.828      0.152     18.552      0.000
    W4_DRINK$3         7.530      1.125      6.695      0.000
    W5_DRINK$1        -0.212      0.082     -2.574      0.010
    W5_DRINK$2         3.275      0.221     14.787      0.000
    W5_DRINK$3         6.229      0.839      7.421      0.000
    W6_DRINK$1        -0.221      0.081     -2.711      0.007
    W6_DRINK$2         3.506      0.248     14.159      0.000
    W6_DRINK$3         7.244      1.070      6.769      0.000
    W7_DRINK$1        -0.150      0.085     -1.775      0.076
    W7_DRINK$2         3.463      0.243     14.231      0.000
    W7_DRINK$3         6.739      1.070      6.298      0.000
    W8_DRINK$1        -0.052      0.084     -0.614      0.539
    W8_DRINK$2         3.380      0.228     14.831      0.000
    W8_DRINK$3        15.000      0.000    999.000    999.000
    W4_PA$1           -4.818      0.303    -15.877      0.000
    W4_PA$2            1.604      0.121     13.272      0.000
    W4_PA$3            2.862      0.185     15.453      0.000
    W5_PA$1           -5.113      0.431    -11.863      0.000
    W5_PA$2            1.803      0.127     14.228      0.000
    W5_PA$3            3.026      0.187     16.144      0.000
    W6_PA$1           -4.250      0.253    -16.782      0.000
    W6_PA$2            2.098      0.155     13.537      0.000
    W6_PA$3            3.562      0.278     12.834      0.000
    W7_PA$1           -4.327      0.258    -16.778      0.000
    W7_PA$2            2.410      0.168     14.370      0.000
    W7_PA$3            3.900      0.293     13.303      0.000
    W8_PA$1           -4.359      0.248    -17.549      0.000
    W8_PA$2            2.370      0.149     15.868      0.000
    W8_PA$3            3.649      0.215     16.999      0.000
    W4_FV$1           -0.111      0.066     -1.693      0.090
    W5_FV$1           -0.198      0.070     -2.844      0.004
    W6_FV$1           -0.286      0.071     -4.035      0.000
    W7_FV$1           -0.307      0.074     -4.142      0.000
    W8_FV$1           -0.280      0.071     -3.969      0.000

Categorical Latent Variables

 Means
    C#1               -1.093      0.063    -17.229      0.000
    C#2               -0.534      0.080     -6.684      0.000
    C#3               -0.427      0.059     -7.223      0.000


RESULTS IN PROBABILITY SCALE

Latent Class 1

 W4_SMOKE
    Category 1         0.045      0.013      3.551      0.000
    Category 2         0.955      0.013     74.533      0.000
 W5_SMOKE
    Category 1         0.056      0.011      4.980      0.000
    Category 2         0.944      0.011     84.170      0.000
 W6_SMOKE
    Category 1         0.104      0.020      5.100      0.000
    Category 2         0.896      0.020     43.849      0.000
 W7_SMOKE
    Category 1         0.154      0.022      6.873      0.000
    Category 2         0.846      0.022     37.613      0.000
 W8_SMOKE
    Category 1         0.233      0.025      9.500      0.000
    Category 2         0.767      0.025     31.188      0.000
 W4_DRINK
    Category 1         0.344      0.029     11.774      0.000
    Category 2         0.373      0.028     13.269      0.000
    Category 3         0.241      0.027      8.953      0.000
    Category 4         0.043      0.011      3.727      0.000
 W5_DRINK
    Category 1         0.330      0.029     11.480      0.000
    Category 2         0.379      0.027     13.877      0.000
    Category 3         0.235      0.026      9.088      0.000
    Category 4         0.056      0.012      4.670      0.000
 W6_DRINK
    Category 1         0.372      0.030     12.267      0.000
    Category 2         0.347      0.027     12.807      0.000
    Category 3         0.201      0.024      8.456      0.000
    Category 4         0.080      0.017      4.613      0.000
 W7_DRINK
    Category 1         0.384      0.031     12.368      0.000
    Category 2         0.369      0.028     13.202      0.000
    Category 3         0.189      0.023      8.385      0.000
    Category 4         0.058      0.016      3.537      0.000
 W8_DRINK
    Category 1         0.381      0.031     12.369      0.000
    Category 2         0.332      0.028     12.082      0.000
    Category 3         0.220      0.026      8.517      0.000
    Category 4         0.067      0.015      4.536      0.000
 W4_PA
    Category 1         0.014      0.006      2.412      0.016
    Category 2         0.691      0.024     28.722      0.000
    Category 3         0.140      0.017      8.129      0.000
    Category 4         0.155      0.019      8.104      0.000
 W5_PA
    Category 1         0.020      0.007      2.851      0.004
    Category 2         0.667      0.025     26.355      0.000
    Category 3         0.145      0.019      7.739      0.000
    Category 4         0.169      0.019      8.698      0.000
 W6_PA
    Category 1         0.019      0.007      2.686      0.007
    Category 2         0.701      0.024     28.867      0.000
    Category 3         0.149      0.018      8.303      0.000
    Category 4         0.132      0.018      7.367      0.000
 W7_PA
    Category 1         0.017      0.007      2.616      0.009
    Category 2         0.718      0.023     30.644      0.000
    Category 3         0.125      0.016      7.669      0.000
    Category 4         0.140      0.018      7.881      0.000
 W8_PA
    Category 1         0.020      0.007      3.042      0.002
    Category 2         0.752      0.023     33.116      0.000
    Category 3         0.106      0.016      6.623      0.000
    Category 4         0.122      0.017      7.184      0.000
 W4_FV
    Category 1         0.619      0.026     23.991      0.000
    Category 2         0.381      0.026     14.755      0.000
 W5_FV
    Category 1         0.670      0.024     28.008      0.000
    Category 2         0.330      0.024     13.791      0.000
 W6_FV
    Category 1         0.637      0.025     25.403      0.000
    Category 2         0.363      0.025     14.474      0.000
 W7_FV
    Category 1         0.597      0.027     22.511      0.000
    Category 2         0.403      0.027     15.187      0.000
 W8_FV
    Category 1         0.611      0.025     24.220      0.000
    Category 2         0.389      0.025     15.440      0.000

Latent Class 2

 W4_SMOKE
    Category 1         0.989      0.005    212.822      0.000
    Category 2         0.011      0.005      2.466      0.014
 W5_SMOKE
    Category 1         0.994      0.005    219.225      0.000
    Category 2         0.006      0.005      1.398      0.162
 W6_SMOKE
    Category 1         0.996      0.003    313.650      0.000
    Category 2         0.004      0.003      1.287      0.198
 W7_SMOKE
    Category 1         0.997      0.002    411.002      0.000
    Category 2         0.003      0.002      1.372      0.170
 W8_SMOKE
    Category 1         0.993      0.004    270.207      0.000
    Category 2         0.007      0.004      1.899      0.058
 W4_DRINK
    Category 1         0.173      0.020      8.785      0.000
    Category 2         0.709      0.019     37.148      0.000
    Category 3         0.113      0.019      5.831      0.000
    Category 4         0.005      0.003      1.434      0.152
 W5_DRINK
    Category 1         0.211      0.022      9.536      0.000
    Category 2         0.686      0.019     35.723      0.000
    Category 3         0.103      0.019      5.328      0.000
    Category 4         0.000      0.001      0.458      0.647
 W6_DRINK
    Category 1         0.222      0.022     10.225      0.000
    Category 2         0.677      0.019     35.034      0.000
    Category 3         0.101      0.018      5.629      0.000
    Category 4         0.000      0.000      0.000      1.000
 W7_DRINK
    Category 1         0.245      0.023     10.614      0.000
    Category 2         0.667      0.020     33.557      0.000
    Category 3         0.088      0.015      5.965      0.000
    Category 4         0.000      0.000      0.000      1.000
 W8_DRINK
    Category 1         0.243      0.023     10.779      0.000
    Category 2         0.667      0.019     34.265      0.000
    Category 3         0.089      0.016      5.469      0.000
    Category 4         0.001      0.001      0.690      0.490
 W4_PA
    Category 1         0.002      0.002      1.354      0.176
    Category 2         0.226      0.020     11.049      0.000
    Category 3         0.268      0.016     16.300      0.000
    Category 4         0.504      0.024     20.687      0.000
 W5_PA
    Category 1         0.001      0.002      0.695      0.487
    Category 2         0.221      0.024      9.378      0.000
    Category 3         0.282      0.017     16.811      0.000
    Category 4         0.495      0.028     17.916      0.000
 W6_PA
    Category 1         0.000      0.000      0.000      1.000
    Category 2         0.220      0.025      8.634      0.000
    Category 3         0.268      0.016     16.824      0.000
    Category 4         0.512      0.029     17.916      0.000
 W7_PA
    Category 1         0.000      0.000      0.000      1.000
    Category 2         0.250      0.027      9.337      0.000
    Category 3         0.278      0.016     17.371      0.000
    Category 4         0.472      0.029     16.422      0.000
 W8_PA
    Category 1         0.002      0.002      0.927      0.354
    Category 2         0.324      0.027     11.968      0.000
    Category 3         0.247      0.016     15.895      0.000
    Category 4         0.427      0.028     15.398      0.000
 W4_FV
    Category 1         0.277      0.018     15.189      0.000
    Category 2         0.723      0.018     39.714      0.000
 W5_FV
    Category 1         0.282      0.020     13.918      0.000
    Category 2         0.718      0.020     35.466      0.000
 W6_FV
    Category 1         0.257      0.020     12.669      0.000
    Category 2         0.743      0.020     36.534      0.000
 W7_FV
    Category 1         0.242      0.019     12.477      0.000
    Category 2         0.758      0.019     38.977      0.000
 W8_FV
    Category 1         0.269      0.020     13.594      0.000
    Category 2         0.731      0.020     36.961      0.000

Latent Class 3

 W4_SMOKE
    Category 1         0.964      0.007    134.739      0.000
    Category 2         0.036      0.007      5.084      0.000
 W5_SMOKE
    Category 1         0.974      0.007    138.816      0.000
    Category 2         0.026      0.007      3.661      0.000
 W6_SMOKE
    Category 1         0.996      0.002    466.677      0.000
    Category 2         0.004      0.002      2.032      0.042
 W7_SMOKE
    Category 1         0.993      0.003    318.132      0.000
    Category 2         0.007      0.003      2.150      0.032
 W8_SMOKE
    Category 1         0.996      0.003    397.973      0.000
    Category 2         0.004      0.003      1.548      0.122
 W4_DRINK
    Category 1         0.018      0.005      3.384      0.001
    Category 2         0.144      0.014      9.960      0.000
    Category 3         0.713      0.016     45.943      0.000
    Category 4         0.125      0.011     11.378      0.000
 W5_DRINK
    Category 1         0.013      0.004      3.346      0.001
    Category 2         0.138      0.014      9.945      0.000
    Category 3         0.726      0.015     48.598      0.000
    Category 4         0.123      0.011     11.168      0.000
 W6_DRINK
    Category 1         0.026      0.006      4.396      0.000
    Category 2         0.145      0.015      9.873      0.000
    Category 3         0.710      0.016     45.529      0.000
    Category 4         0.119      0.011     10.990      0.000
 W7_DRINK
    Category 1         0.014      0.004      3.463      0.001
    Category 2         0.180      0.017     10.909      0.000
    Category 3         0.683      0.016     41.827      0.000
    Category 4         0.123      0.011     10.826      0.000
 W8_DRINK
    Category 1         0.016      0.005      3.340      0.001
    Category 2         0.209      0.017     12.215      0.000
    Category 3         0.673      0.017     39.647      0.000
    Category 4         0.101      0.010      9.899      0.000
 W4_PA
    Category 1         0.002      0.001      1.245      0.213
    Category 2         0.480      0.020     24.398      0.000
    Category 3         0.208      0.013     15.771      0.000
    Category 4         0.311      0.018     17.303      0.000
 W5_PA
    Category 1         0.009      0.004      2.482      0.013
    Category 2         0.489      0.020     24.272      0.000
    Category 3         0.212      0.013     15.796      0.000
    Category 4         0.290      0.018     15.792      0.000
 W6_PA
    Category 1         0.003      0.002      1.722      0.085
    Category 2         0.497      0.021     24.223      0.000
    Category 3         0.195      0.013     15.214      0.000
    Category 4         0.305      0.018     16.538      0.000
 W7_PA
    Category 1         0.003      0.002      1.702      0.089
    Category 2         0.526      0.020     26.923      0.000
    Category 3         0.218      0.013     16.146      0.000
    Category 4         0.253      0.017     14.845      0.000
 W8_PA
    Category 1         0.006      0.003      2.170      0.030
    Category 2         0.521      0.019     26.755      0.000
    Category 3         0.209      0.013     15.475      0.000
    Category 4         0.264      0.017     15.616      0.000
 W4_FV
    Category 1         0.422      0.018     23.807      0.000
    Category 2         0.578      0.018     32.649      0.000
 W5_FV
    Category 1         0.423      0.018     23.344      0.000
    Category 2         0.577      0.018     31.896      0.000
 W6_FV
    Category 1         0.397      0.018     22.465      0.000
    Category 2         0.603      0.018     34.179      0.000
 W7_FV
    Category 1         0.377      0.018     21.166      0.000
    Category 2         0.623      0.018     34.977      0.000
 W8_FV
    Category 1         0.400      0.018     21.905      0.000
    Category 2         0.600      0.018     32.877      0.000

Latent Class 4

 W4_SMOKE
    Category 1         0.977      0.006    153.318      0.000
    Category 2         0.023      0.006      3.569      0.000
 W5_SMOKE
    Category 1         0.971      0.010    100.774      0.000
    Category 2         0.029      0.010      2.978      0.003
 W6_SMOKE
    Category 1         0.990      0.004    280.039      0.000
    Category 2         0.010      0.004      2.962      0.003
 W7_SMOKE
    Category 1         0.996      0.003    383.657      0.000
    Category 2         0.004      0.003      1.402      0.161
 W8_SMOKE
    Category 1         0.993      0.003    296.071      0.000
    Category 2         0.007      0.003      2.172      0.030
 W4_DRINK
    Category 1         0.400      0.019     21.151      0.000
    Category 2         0.544      0.018     30.066      0.000
    Category 3         0.055      0.008      6.911      0.000
    Category 4         0.001      0.001      0.890      0.374
 W5_DRINK
    Category 1         0.447      0.020     21.931      0.000
    Category 2         0.516      0.019     27.316      0.000
    Category 3         0.034      0.008      4.589      0.000
    Category 4         0.002      0.002      1.194      0.233
 W6_DRINK
    Category 1         0.445      0.020     22.151      0.000
    Category 2         0.526      0.019     27.933      0.000
    Category 3         0.028      0.007      4.099      0.000
    Category 4         0.001      0.001      0.935      0.350
 W7_DRINK
    Category 1         0.462      0.021     21.949      0.000
    Category 2         0.507      0.019     26.042      0.000
    Category 3         0.029      0.007      4.167      0.000
    Category 4         0.001      0.001      0.936      0.349
 W8_DRINK
    Category 1         0.487      0.021     23.142      0.000
    Category 2         0.480      0.020     24.363      0.000
    Category 3         0.033      0.007      4.537      0.000
    Category 4         0.000      0.000      0.000      1.000
 W4_PA
    Category 1         0.008      0.002      3.322      0.001
    Category 2         0.825      0.017     48.459      0.000
    Category 3         0.113      0.012      9.763      0.000
    Category 4         0.054      0.009      5.707      0.000
 W5_PA
    Category 1         0.006      0.003      2.334      0.020
    Category 2         0.852      0.016     54.809      0.000
    Category 3         0.095      0.011      8.454      0.000
    Category 4         0.046      0.008      5.594      0.000
 W6_PA
    Category 1         0.014      0.004      4.005      0.000
    Category 2         0.877      0.015     58.109      0.000
    Category 3         0.082      0.011      7.672      0.000
    Category 4         0.028      0.007      3.705      0.000
 W7_PA
    Category 1         0.013      0.003      3.928      0.000
    Category 2         0.905      0.013     71.399      0.000
    Category 3         0.063      0.010      6.441      0.000
    Category 4         0.020      0.006      3.480      0.001
 W8_PA
    Category 1         0.013      0.003      4.077      0.000
    Category 2         0.902      0.012     76.166      0.000
    Category 3         0.060      0.009      6.507      0.000
    Category 4         0.025      0.005      4.780      0.000
 W4_FV
    Category 1         0.472      0.016     28.802      0.000
    Category 2         0.528      0.016     32.195      0.000
 W5_FV
    Category 1         0.451      0.017     26.163      0.000
    Category 2         0.549      0.017     31.888      0.000
 W6_FV
    Category 1         0.429      0.017     24.726      0.000
    Category 2         0.571      0.017     32.907      0.000
 W7_FV
    Category 1         0.424      0.018     23.415      0.000
    Category 2         0.576      0.018     31.829      0.000
 W8_FV
    Category 1         0.430      0.017     24.863      0.000
    Category 2         0.570      0.017     32.905      0.000


LATENT CLASS ODDS RATIO RESULTS

                                                95% C.I.
                    Estimate       S.E.  Lower 2.5% Upper 2.5%

Latent Class 1 Compared to Latent Class 2

 W4_SMOKE
    Category > 1    1811.201    917.417    671.127   4887.971
 W5_SMOKE
    Category > 1    2651.114   1988.158    609.638  11528.804
 W6_SMOKE
    Category > 1    2096.331   1701.344    427.197  10287.077
 W7_SMOKE
    Category > 1    1639.349   1236.833    373.643   7192.599
 W8_SMOKE
    Category > 1     467.088    256.295    159.341   1369.207
 W4_DRINK
    Category > 1       0.399      0.075      0.275      0.577
    Category > 2       2.960      0.721      1.836      4.771
    Category > 3       9.302      7.034      2.113     40.952
 W5_DRINK
    Category > 1       0.542      0.101      0.376      0.782
    Category > 2       3.567      0.918      2.154      5.905
    Category > 3     230.295    506.867      3.082  17209.547
 W6_DRINK
    Category > 1       0.482      0.088      0.337      0.688
    Category > 2       3.480      0.870      2.132      5.680
    Category > 3   *********      0.000  *********  *********
 W7_DRINK
    Category > 1       0.520      0.095      0.364      0.743
    Category > 2       3.380      0.813      2.109      5.417
    Category > 3   *********      0.000  *********  *********
 W8_DRINK
    Category > 1       0.520      0.094      0.365      0.741
    Category > 2       4.054      1.019      2.476      6.636
    Category > 3      73.551    108.224      4.112   1315.486
 W4_PA
    Category > 1       0.169      0.143      0.032      0.893
    Category > 2       0.123      0.021      0.089      0.171
    Category > 3       0.180      0.032      0.127      0.254
 W5_PA
    Category > 1       0.053      0.079      0.003      0.968
    Category > 2       0.130      0.024      0.091      0.187
    Category > 3       0.207      0.037      0.146      0.294
 W6_PA
    Category > 1       0.000      0.000      0.000      0.000
    Category > 2       0.110      0.021      0.075      0.160
    Category > 3       0.145      0.028      0.099      0.213
 W7_PA
    Category > 1       0.000      0.000      0.000      0.000
    Category > 2       0.120      0.023      0.083      0.174
    Category > 3       0.183      0.035      0.126      0.265
 W8_PA
    Category > 1       0.077      0.088      0.008      0.714
    Category > 2       0.143      0.026      0.100      0.202
    Category > 3       0.186      0.037      0.127      0.274
 W4_FV
    Category > 1       0.235      0.033      0.178      0.311
 W5_FV
    Category > 1       0.193      0.028      0.145      0.258
 W6_FV
    Category > 1       0.198      0.030      0.147      0.265
 W7_FV
    Category > 1       0.216      0.033      0.160      0.291
 W8_FV
    Category > 1       0.234      0.034      0.177      0.311

Latent Class 1 Compared to Latent Class 3

 W4_SMOKE
    Category > 1     556.220    200.687    274.236   1128.158
 W5_SMOKE
    Category > 1     640.952    226.447    320.695   1281.028
 W6_SMOKE
    Category > 1    1974.819   1055.958    692.423   5632.264
 W7_SMOKE
    Category > 1     809.770    400.873    306.881   2136.747
 W8_SMOKE
    Category > 1     844.164    556.517    231.878   3073.224
 W4_DRINK
    Category > 1       0.034      0.011      0.018      0.065
    Category > 2       0.076      0.014      0.053      0.109
    Category > 3       0.310      0.094      0.170      0.563
 W5_DRINK
    Category > 1       0.027      0.009      0.014      0.051
    Category > 2       0.073      0.013      0.051      0.104
    Category > 3       0.425      0.108      0.258      0.700
 W6_DRINK
    Category > 1       0.044      0.012      0.026      0.075
    Category > 2       0.080      0.015      0.056      0.115
    Category > 3       0.643      0.169      0.384      1.076
 W7_DRINK
    Category > 1       0.023      0.007      0.012      0.043
    Category > 2       0.079      0.015      0.055      0.113
    Category > 3       0.437      0.142      0.231      0.826
 W8_DRINK
    Category > 1       0.027      0.009      0.014      0.052
    Category > 2       0.117      0.021      0.082      0.166
    Category > 3       0.632      0.171      0.372      1.074
 W4_PA
    Category > 1       0.113      0.103      0.019      0.670
    Category > 2       0.388      0.054      0.295      0.510
    Category > 3       0.406      0.069      0.291      0.566
 W5_PA
    Category > 1       0.450      0.244      0.155      1.304
    Category > 2       0.453      0.065      0.342      0.599
    Category > 3       0.497      0.083      0.359      0.688
 W6_PA
    Category > 1       0.183      0.127      0.047      0.715
    Category > 2       0.391      0.057      0.294      0.520
    Category > 3       0.347      0.063      0.243      0.495
 W7_PA
    Category > 1       0.154      0.108      0.038      0.612
    Category > 2       0.405      0.058      0.305      0.536
    Category > 3       0.481      0.084      0.341      0.676
 W8_PA
    Category > 1       0.276      0.158      0.090      0.847
    Category > 2       0.329      0.049      0.246      0.442
    Category > 3       0.387      0.071      0.271      0.553
 W4_FV
    Category > 1       0.448      0.060      0.345      0.582
 W5_FV
    Category > 1       0.360      0.048      0.277      0.468
 W6_FV
    Category > 1       0.374      0.050      0.288      0.487
 W7_FV
    Category > 1       0.408      0.055      0.313      0.532
 W8_FV
    Category > 1       0.425      0.056      0.328      0.551

Latent Class 1 Compared to Latent Class 4

 W4_SMOKE
    Category > 1     901.630    338.010    432.432   1879.918
 W5_SMOKE
    Category > 1     571.904    229.460    260.493   1255.594
 W6_SMOKE
    Category > 1     812.817    311.238    383.752   1721.610
 W7_SMOKE
    Category > 1    1497.133   1054.079    376.659   5950.763
 W8_SMOKE
    Category > 1     447.460    210.447    177.998   1124.847
 W4_DRINK
    Category > 1       1.272      0.201      0.934      1.734
    Category > 2       6.680      1.420      4.404     10.134
    Category > 3      82.715     95.862      8.533    801.844
 W5_DRINK
    Category > 1       1.639      0.266      1.193      2.252
    Category > 2      10.839      2.845      6.480     18.130
    Category > 3      30.225     26.295      5.493    166.308
 W6_DRINK
    Category > 1       1.355      0.219      0.987      1.860
    Category > 2      13.020      3.746      7.409     22.883
    Category > 3     122.147    134.652     14.077   1059.856
 W7_DRINK
    Category > 1       1.379      0.227      0.999      1.906
    Category > 2      10.453      3.002      5.953     18.354
    Category > 3      51.638     57.295      5.868    454.398
 W8_DRINK
    Category > 1       1.543      0.251      1.123      2.122
    Category > 2      11.808      3.210      6.930     20.119
    Category > 3   *********      0.000  *********  *********
 W4_PA
    Category > 1       0.562      0.293      0.203      1.560
    Category > 2       2.076      0.354      1.486      2.900
    Category > 3       3.200      0.771      1.995      5.131
 W5_PA
    Category > 1       0.295      0.168      0.096      0.900
    Category > 2       2.769      0.487      1.962      3.909
    Category > 3       4.188      0.998      2.625      6.682
 W6_PA
    Category > 1       0.755      0.346      0.308      1.852
    Category > 2       3.182      0.631      2.156      4.694
    Category > 3       5.354      1.729      2.844     10.081
 W7_PA
    Category > 1       0.746      0.353      0.295      1.888
    Category > 2       4.014      0.840      2.663      6.050
    Category > 3       8.057      2.676      4.202     15.449
 W8_PA
    Category > 1       0.629      0.263      0.276      1.429
    Category > 2       3.161      0.634      2.134      4.682
    Category > 3       5.340      1.446      3.140      9.080
 W4_FV
    Category > 1       0.550      0.072      0.425      0.712
 W5_FV
    Category > 1       0.404      0.054      0.311      0.524
 W6_FV
    Category > 1       0.428      0.058      0.329      0.558
 W7_FV
    Category > 1       0.496      0.069      0.378      0.652
 W8_FV
    Category > 1       0.482      0.064      0.372      0.624

Latent Class 2 Compared to Latent Class 3

 W4_SMOKE
    Category > 1       0.307      0.146      0.121      0.778
 W5_SMOKE
    Category > 1       0.242      0.191      0.051      1.141
 W6_SMOKE
    Category > 1       0.942      0.898      0.146      6.097
 W7_SMOKE
    Category > 1       0.494      0.442      0.086      2.853
 W8_SMOKE
    Category > 1       1.807      1.536      0.342      9.562
 W4_DRINK
    Category > 1       0.086      0.029      0.044      0.166
    Category > 2       0.026      0.005      0.017      0.038
    Category > 3       0.033      0.024      0.008      0.133
 W5_DRINK
    Category > 1       0.050      0.017      0.026      0.095
    Category > 2       0.020      0.004      0.013      0.031
    Category > 3       0.002      0.004      0.000      0.134
 W6_DRINK
    Category > 1       0.092      0.024      0.055      0.154
    Category > 2       0.023      0.005      0.016      0.034
    Category > 3       0.000      0.000      0.000      0.000
 W7_DRINK
    Category > 1       0.044      0.014      0.024      0.084
    Category > 2       0.023      0.004      0.016      0.034
    Category > 3       0.000      0.000      0.000      0.000
 W8_DRINK
    Category > 1       0.052      0.017      0.027      0.100
    Category > 2       0.029      0.006      0.019      0.043
    Category > 3       0.009      0.013      0.000      0.149
 W4_PA
    Category > 1       0.671      0.752      0.075      6.036
    Category > 2       3.141      0.481      2.326      4.241
    Category > 3       2.257      0.325      1.702      2.992
 W5_PA
    Category > 1       8.475     12.800      0.439    163.586
    Category > 2       3.473      0.609      2.463      4.899
    Category > 3       2.402      0.390      1.747      3.302
 W6_PA
    Category > 1   11300.858      0.000  11300.859  11300.859
    Category > 2       3.557      0.650      2.486      5.090
    Category > 3       2.396      0.386      1.747      3.285
 W7_PA
    Category > 1    8876.196      0.000   8876.195   8876.195
    Category > 2       3.361      0.596      2.374      4.758
    Category > 3       2.628      0.438      1.896      3.644
 W8_PA
    Category > 1       3.564      4.352      0.326     39.023
    Category > 2       2.311      0.371      1.687      3.167
    Category > 3       2.078      0.335      1.515      2.851
 W4_FV
    Category > 1       1.906      0.237      1.494      2.433
 W5_FV
    Category > 1       1.865      0.250      1.435      2.425
 W6_FV
    Category > 1       1.895      0.263      1.444      2.487
 W7_FV
    Category > 1       1.890      0.264      1.438      2.485
 W8_FV
    Category > 1       1.812      0.248      1.386      2.368

Latent Class 2 Compared to Latent Class 4

 W4_SMOKE
    Category > 1       0.498      0.267      0.174      1.422
 W5_SMOKE
    Category > 1       0.216      0.180      0.042      1.111
 W6_SMOKE
    Category > 1       0.388      0.340      0.069      2.167
 W7_SMOKE
    Category > 1       0.913      0.989      0.109      7.623
 W8_SMOKE
    Category > 1       0.958      0.692      0.233      3.947
 W4_DRINK
    Category > 1       3.192      0.544      2.285      4.458
    Category > 2       2.257      0.588      1.355      3.759
    Category > 3       8.892     11.997      0.632    125.158
 W5_DRINK
    Category > 1       3.024      0.520      2.159      4.235
    Category > 2       3.039      0.979      1.616      5.715
    Category > 3       0.131      0.313      0.001     14.133
 W6_DRINK
    Category > 1       2.811      0.457      2.044      3.867
    Category > 2       3.742      1.258      1.936      7.233
    Category > 3       0.000      0.000      0.000      0.000
 W7_DRINK
    Category > 1       2.653      0.439      1.918      3.669
    Category > 2       3.092      0.994      1.647      5.807
    Category > 3       0.000      0.000      0.000      0.000
 W8_DRINK
    Category > 1       2.965      0.478      2.162      4.068
    Category > 2       2.913      0.935      1.553      5.464
    Category > 3    3168.251      0.000   3168.251   3168.251
 W4_PA
    Category > 1       3.338      2.774      0.655     17.013
    Category > 2      16.817      2.231     12.966     21.810
    Category > 3      17.802      3.190     12.530     25.292
 W5_PA
    Category > 1       5.550      8.898      0.240    128.524
    Category > 2      21.232      2.955     16.163     27.892
    Category > 3      20.241      3.765     14.057     29.146
 W6_PA
    Category > 1   46641.594      0.000  46641.586  46641.586
    Category > 2      28.965      4.797     20.936     40.073
    Category > 3      36.967      9.774     22.017     62.068
 W7_PA
    Category > 1   43154.195      0.000  43154.203  43154.203
    Category > 2      33.342      5.342     24.357     45.641
    Category > 3      44.067     12.162     25.656     75.689
 W8_PA
    Category > 1       8.117      9.119      0.898     73.404
    Category > 2      22.181      3.324     16.536     29.753
    Category > 3      28.654      6.210     18.738     43.818
 W4_FV
    Category > 1       2.339      0.276      1.857      2.947
 W5_FV
    Category > 1       2.091      0.283      1.604      2.725
 W6_FV
    Category > 1       2.167      0.306      1.643      2.857
 W7_FV
    Category > 1       2.298      0.329      1.735      3.043
 W8_FV
    Category > 1       2.054      0.278      1.576      2.678

Latent Class 3 Compared to Latent Class 4

 W4_SMOKE
    Category > 1       1.621      0.569      0.815      3.226
 W5_SMOKE
    Category > 1       0.892      0.389      0.380      2.096
 W6_SMOKE
    Category > 1       0.412      0.249      0.125      1.350
 W7_SMOKE
    Category > 1       1.849      1.582      0.346      9.892
 W8_SMOKE
    Category > 1       0.530      0.429      0.109      2.589
 W4_DRINK
    Category > 1      37.323     11.576     20.322     68.546
    Category > 2      87.937     15.918     61.671    125.389
    Category > 3     267.177    301.775     29.198   2444.810
 W5_DRINK
    Category > 1      60.884     19.053     32.971    112.429
    Category > 2     148.507     35.054     93.502    235.870
    Category > 3      71.128     60.389     13.469    375.609
 W6_DRINK
    Category > 1      30.610      7.531     18.899     49.578
    Category > 2     161.992     42.584     96.768    271.180
    Category > 3     189.990    204.469     23.049   1566.090
 W7_DRINK
    Category > 1      59.720     18.056     33.018    108.016
    Category > 2     132.185     33.730     80.162    217.967
    Category > 3     118.090    127.452     14.240    979.299
 W8_DRINK
    Category > 1      56.873     17.833     30.761    105.150
    Category > 2     101.029     24.370     62.968    162.096
    Category > 3   *********      0.000  *********  *********
 W4_PA
    Category > 1       4.975      4.366      0.891     27.786
    Category > 2       5.354      0.846      3.928      7.298
    Category > 3       7.889      1.722      5.143     12.102
 W5_PA
    Category > 1       0.655      0.398      0.199      2.157
    Category > 2       6.113      1.009      4.423      8.449
    Category > 3       8.428      1.874      5.451     13.031
 W6_PA
    Category > 1       4.127      2.656      1.169     14.566
    Category > 2       8.143      1.578      5.570     11.906
    Category > 3      15.430      4.788      8.399     28.345
 W7_PA
    Category > 1       4.862      3.155      1.363     17.343
    Category > 2       9.921      1.982      6.707     14.677
    Category > 3      16.766      5.397      8.921     31.508
 W8_PA
    Category > 1       2.277      1.211      0.803      6.459
    Category > 2       9.597      1.741      6.726     13.694
    Category > 3      13.788      3.365      8.546     22.245
 W4_FV
    Category > 1       1.227      0.125      1.005      1.498
 W5_FV
    Category > 1       1.121      0.118      0.911      1.379
 W6_FV
    Category > 1       1.143      0.120      0.930      1.405
 W7_FV
    Category > 1       1.216      0.134      0.980      1.509
 W8_FV
    Category > 1       1.134      0.123      0.918      1.401


QUALITY OF NUMERICAL RESULTS

     Condition Number for the Information Matrix              0.444E-04
       (ratio of smallest to largest eigenvalue)


TECHNICAL 11 OUTPUT

     Random Starts Specifications for the k-1 Class Analysis Model
        Number of initial stage random starts                 500
        Number of final stage optimizations                   100



     VUONG-LO-MENDELL-RUBIN LIKELIHOOD RATIO TEST FOR 3 (H0) VERSUS 4 CLASSES

          H0 Loglikelihood Value                       -64398.158
          2 Times the Loglikelihood Difference           3773.808
          Difference in the Number of Parameters               41
          Mean                                           -237.504
          Standard Deviation                              562.029
          P-Value                                          0.0000

     LO-MENDELL-RUBIN ADJUSTED LRT TEST

          Value                                          3763.135
          P-Value                                          0.0000


PLOT INFORMATION

The following plots are available:

  Histograms (sample values)
  Scatterplots (sample values)
  Sample proportions and estimated probabilities

     Beginning Time:  13:33:10
        Ending Time:  13:39:38
       Elapsed Time:  00:06:28



MUTHEN & MUTHEN
3463 Stoner Ave.
Los Angeles, CA  90066

Tel: (310) 391-9971
Fax: (310) 391-8971
Web: www.StatModel.com
Support: Support@StatModel.com

Copyright (c) 1998-2020 Muthen & Muthen
