Mplus VERSION 8.5 (Mac)
MUTHEN & MUTHEN
11/08/2022   1:47 PM

INPUT INSTRUCTIONS

  TITLE:
  C6_LCA_enumerate
  DATA:
  FILE = "./c_lca_enumerate.dat";

  VARIABLE:
  NAMES = idauniq W4_Smoke W5_Smoke W6_Smoke W7_Smoke W8_Smoke W4_Drink W5_Drink
       W6_Drink W7_Drink W8_Drink W4_PA W5_PA W6_PA W7_PA W8_PA W4_FV W5_FV W6_FV
       W7_FV W8_FV Weights Female Age Pat_Int Pat_Hig Self_Int Self_Hig Edu_Upp
       Edu_Ter Wealth_2 Wealth_3 Eye_4 Circul_4 Endocr_4 Muscul_4 Respir_4 Neopla_4
       Nervou_4 Mental_4 Multi_4 CMulti_4 Luncan_4 Eye Circul Endocr Muscul Respir
       Neopla Nervou Mental Multi CMulti Luncan;
   MISSING=.;
   CATEGORICAL = W4_Smoke,W5_Smoke,W6_Smoke,W7_Smoke,W8_Smoke,
  W4_Drink,W5_Drink,W6_Drink,W7_Drink,W8_Drink,
  W4_PA,W5_PA,W6_PA,W7_PA,W8_PA,W4_FV,W5_FV,W6_FV,
  W7_FV,W8_FV;
  USEVARIABLES = W4_Smoke,W5_Smoke,W6_Smoke,W7_Smoke,W8_Smoke,
  W4_Drink,W5_Drink,W6_Drink,W7_Drink,W8_Drink,
  W4_PA,W5_PA,W6_PA,W7_PA,W8_PA,W4_FV,W5_FV,W6_FV,
  W7_FV,W8_FV,Weights;
          WEIGHT        = Weights;
  MISSING ARE ALL (-99);
          classes = c(6);
  ANALYSIS:
  estimator = mlr;
      type = mixture;
      starts = 500 100;
      STITERATIONS=20;
  LRTSTARTS = 50 10 400 20;
  OUTPUT:
  TECH11 TECH14
  PLOT:
  type = plot3;
      series is W4_Smoke(2) W5_Smoke(3) W6_Smoke(4) W7_Smoke(5)
      W8_Smoke(6) W4_Drink(7) W5_Drink(8)
      W6_Drink(9) W7_Drink(10)
      W8_Drink(11) W4_PA(12) W5_PA(13)
      W6_PA(14) W7_PA(15) W8_PA(16)
      W4_FV(17) W5_FV(18) W6_FV(19)
      W7_FV(20) W8_FV(21);



*** WARNING
  One or more observations has a value of 0 for the WEIGHT variable.
*** WARNING in OUTPUT command
  TECH14 option is not available for TYPE=MIXTURE with weights.
  Request for TECH14 is ignored.
   2 WARNING(S) FOUND IN THE INPUT INSTRUCTIONS




C6_LCA_enumerate

SUMMARY OF ANALYSIS

Number of groups                                                 1
Number of observations                                        5429

Number of dependent variables                                   20
Number of independent variables                                  0
Number of continuous latent variables                            0
Number of categorical latent variables                           1

Observed dependent variables

  Binary and ordered categorical (ordinal)
   W4_SMOKE    W5_SMOKE    W6_SMOKE    W7_SMOKE    W8_SMOKE    W4_DRINK
   W5_DRINK    W6_DRINK    W7_DRINK    W8_DRINK    W4_PA       W5_PA
   W6_PA       W7_PA       W8_PA       W4_FV       W5_FV       W6_FV
   W7_FV       W8_FV

Categorical latent variables
   C

Variables with special functions

  Weight variable       WEIGHTS

Estimator                                                      MLR
Information matrix                                        OBSERVED
Optimization Specifications for the Quasi-Newton Algorithm for
Continuous Outcomes
  Maximum number of iterations                                 100
  Convergence criterion                                  0.100D-05
Optimization Specifications for the EM Algorithm
  Maximum number of iterations                                 500
  Convergence criteria
    Loglikelihood change                                 0.100D-06
    Relative loglikelihood change                        0.100D-06
    Derivative                                           0.100D-05
Optimization Specifications for the M step of the EM Algorithm for
Categorical Latent variables
  Number of M step iterations                                    1
  M step convergence criterion                           0.100D-05
  Basis for M step termination                           ITERATION
Optimization Specifications for the M step of the EM Algorithm for
Censored, Binary or Ordered Categorical (Ordinal), Unordered
Categorical (Nominal) and Count Outcomes
  Number of M step iterations                                    1
  M step convergence criterion                           0.100D-05
  Basis for M step termination                           ITERATION
  Maximum value for logit thresholds                            15
  Minimum value for logit thresholds                           -15
  Minimum expected cell size for chi-square              0.100D-01
Maximum number of iterations for H1                           2000
Convergence criterion for H1                             0.100D-03
Optimization algorithm                                         EMA
Random Starts Specifications
  Number of initial stage random starts                        500
  Number of final stage optimizations                          100
  Number of initial stage iterations                            20
  Initial stage convergence criterion                    0.100D+01
  Random starts scale                                    0.500D+01
  Random seed for generating random starts                       0
Link                                                         LOGIT

Input data file(s)
  ./c_lca_enumerate.dat
Input data format  FREE


SUMMARY OF DATA

     Number of missing data patterns          1208
     Number of y missing data patterns           0
     Number of u missing data patterns        1208


COVARIANCE COVERAGE OF DATA

Minimum covariance coverage value   0.100


     PROPORTION OF DATA PRESENT FOR U


           Covariance Coverage
              W4_SMOKE      W5_SMOKE      W6_SMOKE      W7_SMOKE      W8_SMOKE
              ________      ________      ________      ________      ________
 W4_SMOKE       0.884
 W5_SMOKE       0.579         0.591
 W6_SMOKE       0.596         0.591         0.615
 W7_SMOKE       0.605         0.590         0.613         0.625
 W8_SMOKE       0.609         0.588         0.609         0.620         0.631
 W4_DRINK       0.708         0.472         0.487         0.495         0.500
 W5_DRINK       0.731         0.493         0.506         0.513         0.519
 W6_DRINK       0.705         0.475         0.486         0.495         0.500
 W7_DRINK       0.692         0.467         0.479         0.485         0.490
 W8_DRINK       0.679         0.461         0.473         0.479         0.481
 W4_PA          0.796         0.532         0.552         0.561         0.566
 W5_PA          0.791         0.530         0.552         0.561         0.565
 W6_PA          0.801         0.535         0.555         0.565         0.570
 W7_PA          0.806         0.538         0.559         0.568         0.573
 W8_PA          0.787         0.524         0.544         0.554         0.559
 W4_FV          0.795         0.527         0.544         0.553         0.558
 W5_FV          0.828         0.553         0.570         0.578         0.583
 W6_FV          0.811         0.542         0.556         0.566         0.572
 W7_FV          0.797         0.533         0.548         0.556         0.561
 W8_FV          0.797         0.534         0.549         0.557         0.559


           Covariance Coverage
              W4_DRINK      W5_DRINK      W6_DRINK      W7_DRINK      W8_DRINK
              ________      ________      ________      ________      ________
 W4_DRINK       0.795
 W5_DRINK       0.729         0.824
 W6_DRINK       0.705         0.739         0.795
 W7_DRINK       0.690         0.725         0.717         0.781
 W8_DRINK       0.679         0.710         0.701         0.695         0.766
 W4_PA          0.721         0.747         0.724         0.712         0.697
 W5_PA          0.720         0.746         0.722         0.707         0.692
 W6_PA          0.733         0.755         0.731         0.719         0.703
 W7_PA          0.733         0.761         0.738         0.723         0.711
 W8_PA          0.720         0.746         0.725         0.714         0.702
 W4_FV          0.793         0.756         0.729         0.718         0.705
 W5_FV          0.763         0.821         0.763         0.749         0.733
 W6_FV          0.746         0.776         0.794         0.745         0.727
 W7_FV          0.734         0.763         0.745         0.777         0.716
 W8_FV          0.736         0.761         0.743         0.730         0.763


           Covariance Coverage
              W4_PA         W5_PA         W6_PA         W7_PA         W8_PA
              ________      ________      ________      ________      ________
 W4_PA          0.899
 W5_PA          0.825         0.896
 W6_PA          0.831         0.831         0.908
 W7_PA          0.834         0.832         0.848         0.913
 W8_PA          0.816         0.809         0.825         0.834         0.894
 W4_FV          0.807         0.805         0.818         0.818         0.803
 W5_FV          0.841         0.839         0.850         0.856         0.836
 W6_FV          0.825         0.822         0.835         0.840         0.822
 W7_FV          0.813         0.810         0.823         0.826         0.813
 W8_FV          0.814         0.810         0.822         0.829         0.814


           Covariance Coverage
              W4_FV         W5_FV         W6_FV         W7_FV         W8_FV
              ________      ________      ________      ________      ________
 W4_FV          0.894
 W5_FV          0.854         0.933
 W6_FV          0.835         0.874         0.915
 W7_FV          0.822         0.860         0.855         0.899
 W8_FV          0.824         0.858         0.849         0.838         0.900


UNIVARIATE PROPORTIONS AND COUNTS FOR CATEGORICAL VARIABLES

    W4_SMOKE
      Category 1    0.850         4108.210
      Category 2    0.150          722.637
    W5_SMOKE
      Category 1    0.798         2640.464
      Category 2    0.202          667.518
    W6_SMOKE
      Category 1    0.825         2830.362
      Category 2    0.175          598.332
    W7_SMOKE
      Category 1    0.840         2922.771
      Category 2    0.160          558.735
    W8_SMOKE
      Category 1    0.854         2997.749
      Category 2    0.146          512.923
    W4_DRINK
      Category 1    0.232          979.065
      Category 2    0.453         1913.994
      Category 3    0.273         1154.167
      Category 4    0.041          173.494
    W5_DRINK
      Category 1    0.253         1109.021
      Category 2    0.435         1906.253
      Category 3    0.270         1181.554
      Category 4    0.042          184.523
    W6_DRINK
      Category 1    0.264         1111.150
      Category 2    0.434         1831.670
      Category 3    0.259         1090.483
      Category 4    0.043          183.213
    W7_DRINK
      Category 1    0.270         1117.056
      Category 2    0.437         1803.585
      Category 3    0.250         1033.934
      Category 4    0.042          175.378
    W8_DRINK
      Category 1    0.278         1128.050
      Category 2    0.432         1754.504
      Category 3    0.253         1029.076
      Category 4    0.037          151.177
    W4_PA
      Category 1    0.006           28.025
      Category 2    0.578         2784.907
      Category 3    0.177          854.299
      Category 4    0.239         1149.546
    W5_PA
      Category 1    0.007           35.811
      Category 2    0.588         2832.707
      Category 3    0.175          845.291
      Category 4    0.230         1107.536
    W6_PA
      Category 1    0.009           41.825
      Category 2    0.602         2935.563
      Category 3    0.163          795.490
      Category 4    0.226         1100.417
    W7_PA
      Category 1    0.008           38.196
      Category 2    0.628         3071.849
      Category 3    0.162          791.286
      Category 4    0.202          990.440
    W8_PA
      Category 1    0.009           43.534
      Category 2    0.647         3095.584
      Category 3    0.149          713.479
      Category 4    0.195          933.595
    W4_FV
      Category 1    0.431         2073.426
      Category 2    0.569         2735.168
    W5_FV
      Category 1    0.432         2181.914
      Category 2    0.568         2864.285
    W6_FV
      Category 1    0.407         2010.362
      Category 2    0.593         2928.232
    W7_FV
      Category 1    0.391         1893.511
      Category 2    0.609         2945.422
    W8_FV
      Category 1    0.407         1983.813
      Category 2    0.593         2886.050


RANDOM STARTS RESULTS RANKED FROM THE BEST TO THE WORST LOGLIKELIHOOD VALUES

Final stage loglikelihood values at local maxima, seeds, and initial stage start numbers:

          -60801.106  345070           114
          -60801.106  297518           166
          -60801.106  569131           26
          -60801.106  529455           268
          -60801.106  76974            16
          -60801.106  937885           426
          -60801.106  714997           399
          -60801.106  39136            226
          -60806.215  471438           252
          -60806.215  227563           63
          -60806.215  751054           117
          -60806.215  802779           122
          -60806.215  562716           300
          -60806.215  840078           203
          -60806.215  124999           96
          -60806.215  314084           81
          -60841.203  568859           49
          -60841.203  354208           196
          -60877.936  66276            217
          -60877.936  345726           461
          -60877.936  788796           145
          -60877.936  85114            385
          -60877.936  609185           181
          -60877.936  377504           294
          -60877.936  193569           440
          -60877.936  329127           185
          -60877.936  637095           207

73 perturbed starting value run(s) did not converge or were rejected in the third stage.



THE BEST LOGLIKELIHOOD VALUE HAS BEEN REPLICATED.  RERUN WITH AT LEAST TWICE THE
RANDOM STARTS TO CHECK THAT THE BEST LOGLIKELIHOOD IS STILL OBTAINED AND REPLICATED.

     IN THE OPTIMIZATION, ONE OR MORE LOGIT THRESHOLDS APPROACHED EXTREME VALUES
     OF -15.000 AND 15.000 AND WERE FIXED TO STABILIZE MODEL ESTIMATION.  THESE
     VALUES IMPLY PROBABILITIES OF 0 AND 1.  IN THE MODEL RESULTS SECTION, THESE
     PARAMETERS HAVE 0 STANDARD ERRORS AND 999 IN THE Z-SCORE AND P-VALUE COLUMNS.




THE MODEL ESTIMATION TERMINATED NORMALLY

     THE CHI-SQUARE TEST CANNOT BE COMPUTED BECAUSE THE FREQUENCY TABLE FOR THE
     LATENT CLASS INDICATOR MODEL PART IS TOO LARGE.




MODEL FIT INFORMATION

Number of Free Parameters                      245

Loglikelihood

          H0 Value                      -60801.106
          H0 Scaling Correction Factor      1.3855
            for MLR

Information Criteria

          Akaike (AIC)                  122092.211
          Bayesian (BIC)                123709.091
          Sample-Size Adjusted BIC      122930.559
            (n* = (n + 2) / 24)



FINAL CLASS COUNTS AND PROPORTIONS FOR THE LATENT CLASSES
BASED ON THE ESTIMATED MODEL

    Latent
   Classes

       1        770.32509          0.14189
       2       1191.12186          0.21940
       3       1262.22483          0.23250
       4        673.33761          0.12403
       5        909.55470          0.16754
       6        622.43590          0.11465


FINAL CLASS COUNTS AND PROPORTIONS FOR THE LATENT CLASSES
BASED ON ESTIMATED POSTERIOR PROBABILITIES

    Latent
   Classes

       1        770.32509          0.14189
       2       1191.12186          0.21940
       3       1262.22483          0.23250
       4        673.33761          0.12403
       5        909.55470          0.16754
       6        622.43590          0.11465


FINAL CLASS COUNTS AND PROPORTIONS FOR THE LATENT CLASSES
BASED ON THEIR MOST LIKELY LATENT CLASS MEMBERSHIP

Class Counts and Proportions

    Latent
   Classes

       1              768          0.14152
       2             1226          0.22581
       3             1288          0.23717
       4              645          0.11884
       5              898          0.16541
       6              604          0.11125


CLASSIFICATION QUALITY

     Entropy                         0.826


Average Latent Class Probabilities for Most Likely Latent Class Membership (Row)
by Latent Class (Column)

           1        2        3        4        5        6

    1   0.886    0.026    0.003    0.002    0.034    0.048
    2   0.022    0.817    0.085    0.005    0.049    0.021
    3   0.002    0.081    0.863    0.018    0.020    0.016
    4   0.002    0.005    0.009    0.978    0.001    0.005
    5   0.030    0.046    0.028    0.004    0.879    0.013
    6   0.053    0.034    0.021    0.013    0.011    0.867


Classification Probabilities for the Most Likely Latent Class Membership (Column)
by Latent Class (Row)

           1        2        3        4        5        6

    1   0.884    0.035    0.003    0.001    0.035    0.041
    2   0.017    0.841    0.087    0.003    0.035    0.017
    3   0.002    0.082    0.881    0.004    0.020    0.010
    4   0.002    0.010    0.034    0.937    0.005    0.012
    5   0.029    0.066    0.029    0.001    0.868    0.007
    6   0.059    0.042    0.033    0.005    0.019    0.842


Logits for the Classification Probabilities for the Most Likely Latent Class Membership (Column)
by Latent Class (Row)

              1        2        3        4        5        6

    1      3.059   -0.158   -2.689   -3.452   -0.170    0.000
    2     -0.042    3.877    1.613   -1.936    0.686    0.000
    3     -1.631    2.093    4.461   -0.819    0.682    0.000
    4     -1.562   -0.188    1.050    4.374   -0.920    0.000
    5      1.379    2.190    1.370   -1.936    4.773    0.000
    6     -2.656   -2.998   -3.233   -5.060   -3.800    0.000


MODEL RESULTS

                                                    Two-Tailed
                    Estimate       S.E.  Est./S.E.    P-Value

Latent Class 1

 Thresholds
    W4_SMOKE$1         3.688      0.452      8.157      0.000
    W5_SMOKE$1         4.679      0.872      5.365      0.000
    W6_SMOKE$1         5.527      1.191      4.639      0.000
    W7_SMOKE$1         4.786      0.780      6.133      0.000
    W8_SMOKE$1         5.442      1.040      5.232      0.000
    W4_DRINK$1        -4.336      0.440     -9.860      0.000
    W4_DRINK$2        -1.832      0.172    -10.631      0.000
    W4_DRINK$3         1.891      0.149     12.648      0.000
    W5_DRINK$1        -4.153      0.396    -10.485      0.000
    W5_DRINK$2        -1.848      0.171    -10.812      0.000
    W5_DRINK$3         1.929      0.155     12.485      0.000
    W6_DRINK$1        -3.838      0.304    -12.611      0.000
    W6_DRINK$2        -1.660      0.155    -10.737      0.000
    W6_DRINK$3         1.984      0.157     12.607      0.000
    W7_DRINK$1        -4.893      0.748     -6.544      0.000
    W7_DRINK$2        -1.620      0.168     -9.651      0.000
    W7_DRINK$3         1.867      0.156     11.962      0.000
    W8_DRINK$1        -4.290      0.372    -11.518      0.000
    W8_DRINK$2        -1.529      0.156     -9.824      0.000
    W8_DRINK$3         2.208      0.172     12.819      0.000
    W4_PA$1          -15.000      0.000    999.000    999.000
    W4_PA$2           -0.580      0.140     -4.142      0.000
    W4_PA$3            0.382      0.134      2.851      0.004
    W5_PA$1           -4.948      0.659     -7.509      0.000
    W5_PA$2           -0.475      0.147     -3.221      0.001
    W5_PA$3            0.402      0.139      2.903      0.004
    W6_PA$1           -6.096      1.086     -5.615      0.000
    W6_PA$2           -0.562      0.154     -3.654      0.000
    W6_PA$3            0.339      0.145      2.345      0.019
    W7_PA$1           -5.921      0.943     -6.277      0.000
    W7_PA$2           -0.300      0.140     -2.142      0.032
    W7_PA$3            0.630      0.143      4.419      0.000
    W8_PA$1           -4.666      0.466    -10.009      0.000
    W8_PA$2           -0.379      0.134     -2.822      0.005
    W8_PA$3            0.606      0.129      4.705      0.000
    W4_FV$1           -1.146      0.123     -9.346      0.000
    W5_FV$1           -1.834      0.216     -8.504      0.000
    W6_FV$1           -1.886      0.206     -9.156      0.000
    W7_FV$1           -2.057      0.256     -8.021      0.000
    W8_FV$1           -1.840      0.191     -9.618      0.000

Latent Class 2

 Thresholds
    W4_SMOKE$1         4.494      0.669      6.722      0.000
    W5_SMOKE$1         4.016      0.534      7.516      0.000
    W6_SMOKE$1         4.813      0.480     10.028      0.000
    W7_SMOKE$1        15.000      0.000    999.000    999.000
    W8_SMOKE$1         6.126      1.052      5.824      0.000
    W4_DRINK$1        -2.483      0.218    -11.393      0.000
    W4_DRINK$2         1.863      0.161     11.584      0.000
    W4_DRINK$3         6.038      0.928      6.504      0.000
    W5_DRINK$1        -2.776      0.244    -11.364      0.000
    W5_DRINK$2         2.057      0.193     10.669      0.000
    W5_DRINK$3         5.715      0.774      7.388      0.000
    W6_DRINK$1        -2.280      0.202    -11.292      0.000
    W6_DRINK$2         2.213      0.203     10.924      0.000
    W6_DRINK$3         7.765      2.089      3.717      0.000
    W7_DRINK$1        -2.195      0.188    -11.685      0.000
    W7_DRINK$2         2.346      0.192     12.192      0.000
    W7_DRINK$3        15.000      0.000    999.000    999.000
    W8_DRINK$1        -1.819      0.171    -10.607      0.000
    W8_DRINK$2         2.398      0.194     12.376      0.000
    W8_DRINK$3         6.266      1.045      5.996      0.000
    W4_PA$1           -4.777      0.437    -10.935      0.000
    W4_PA$2            1.110      0.142      7.838      0.000
    W4_PA$3            2.253      0.197     11.465      0.000
    W5_PA$1           -5.524      0.762     -7.247      0.000
    W5_PA$2            1.265      0.157      8.053      0.000
    W5_PA$3            2.594      0.234     11.084      0.000
    W6_PA$1           -4.445      0.422    -10.522      0.000
    W6_PA$2            1.679      0.171      9.822      0.000
    W6_PA$3            3.484      0.289     12.073      0.000
    W7_PA$1           -5.628      0.573     -9.820      0.000
    W7_PA$2            1.768      0.184      9.622      0.000
    W7_PA$3            3.222      0.295     10.918      0.000
    W8_PA$1           -5.422      0.709     -7.651      0.000
    W8_PA$2            1.996      0.185     10.790      0.000
    W8_PA$3            3.447      0.288     11.969      0.000
    W4_FV$1           -0.501      0.120     -4.180      0.000
    W5_FV$1           -0.655      0.158     -4.152      0.000
    W6_FV$1           -0.737      0.157     -4.705      0.000
    W7_FV$1           -0.869      0.167     -5.216      0.000
    W8_FV$1           -0.629      0.160     -3.940      0.000

Latent Class 3

 Thresholds
    W4_SMOKE$1         3.362      0.304     11.058      0.000
    W5_SMOKE$1         3.132      0.368      8.502      0.000
    W6_SMOKE$1         4.193      0.435      9.640      0.000
    W7_SMOKE$1         4.796      0.577      8.313      0.000
    W8_SMOKE$1         4.334      0.489      8.867      0.000
    W4_DRINK$1         0.667      0.105      6.351      0.000
    W4_DRINK$2         5.129      0.643      7.976      0.000
    W4_DRINK$3        15.000      0.000    999.000    999.000
    W5_DRINK$1         1.195      0.140      8.514      0.000
    W5_DRINK$2         5.415      0.924      5.863      0.000
    W5_DRINK$3        15.000      0.000    999.000    999.000
    W6_DRINK$1         1.035      0.128      8.102      0.000
    W6_DRINK$2         6.141      1.006      6.106      0.000
    W6_DRINK$3        15.000      0.000    999.000    999.000
    W7_DRINK$1         1.274      0.150      8.474      0.000
    W7_DRINK$2         5.209      0.626      8.316      0.000
    W7_DRINK$3         6.449      1.002      6.436      0.000
    W8_DRINK$1         1.396      0.144      9.685      0.000
    W8_DRINK$2         5.264      0.780      6.749      0.000
    W8_DRINK$3        15.000      0.000    999.000    999.000
    W4_PA$1           -5.111      0.492    -10.386      0.000
    W4_PA$2            1.382      0.148      9.321      0.000
    W4_PA$3            2.423      0.206     11.772      0.000
    W5_PA$1           -4.816      0.454    -10.603      0.000
    W5_PA$2            1.570      0.152     10.333      0.000
    W5_PA$3            2.569      0.195     13.174      0.000
    W6_PA$1           -4.348      0.459     -9.469      0.000
    W6_PA$2            1.624      0.173      9.408      0.000
    W6_PA$3            2.594      0.241     10.783      0.000
    W7_PA$1           -3.991      0.303    -13.156      0.000
    W7_PA$2            2.015      0.180     11.184      0.000
    W7_PA$3            3.286      0.286     11.493      0.000
    W8_PA$1           -3.939      0.300    -13.140      0.000
    W8_PA$2            1.949      0.172     11.346      0.000
    W8_PA$3            2.968      0.225     13.197      0.000
    W4_FV$1            0.008      0.093      0.085      0.932
    W5_FV$1           -0.066      0.103     -0.638      0.523
    W6_FV$1           -0.179      0.104     -1.714      0.087
    W7_FV$1           -0.130      0.108     -1.197      0.231
    W8_FV$1           -0.267      0.107     -2.489      0.013

Latent Class 4

 Thresholds
    W4_SMOKE$1        -3.309      0.292    -11.328      0.000
    W5_SMOKE$1        -2.888      0.224    -12.918      0.000
    W6_SMOKE$1        -2.337      0.228    -10.232      0.000
    W7_SMOKE$1        -1.825      0.178    -10.261      0.000
    W8_SMOKE$1        -1.264      0.137     -9.195      0.000
    W4_DRINK$1        -0.689      0.129     -5.360      0.000
    W4_DRINK$2         0.927      0.145      6.411      0.000
    W4_DRINK$3         3.164      0.281     11.243      0.000
    W5_DRINK$1        -0.755      0.126     -5.993      0.000
    W5_DRINK$2         0.895      0.137      6.523      0.000
    W5_DRINK$3         2.780      0.224     12.418      0.000
    W6_DRINK$1        -0.555      0.125     -4.432      0.000
    W6_DRINK$2         0.951      0.144      6.616      0.000
    W6_DRINK$3         2.412      0.231     10.441      0.000
    W7_DRINK$1        -0.519      0.127     -4.093      0.000
    W7_DRINK$2         1.116      0.148      7.558      0.000
    W7_DRINK$3         2.756      0.301      9.168      0.000
    W8_DRINK$1        -0.522      0.127     -4.121      0.000
    W8_DRINK$2         0.925      0.143      6.454      0.000
    W8_DRINK$3         2.648      0.229     11.562      0.000
    W4_PA$1           -4.266      0.455     -9.366      0.000
    W4_PA$2            0.858      0.116      7.375      0.000
    W4_PA$3            1.688      0.150     11.286      0.000
    W5_PA$1           -3.839      0.357    -10.744      0.000
    W5_PA$2            0.795      0.119      6.677      0.000
    W5_PA$3            1.589      0.142     11.231      0.000
    W6_PA$1           -3.913      0.379    -10.326      0.000
    W6_PA$2            0.948      0.121      7.846      0.000
    W6_PA$3            1.921      0.164     11.715      0.000
    W7_PA$1           -4.001      0.390    -10.264      0.000
    W7_PA$2            1.040      0.123      8.474      0.000
    W7_PA$3            1.826      0.151     12.063      0.000
    W8_PA$1           -3.847      0.335    -11.471      0.000
    W8_PA$2            1.242      0.130      9.576      0.000
    W8_PA$3            1.975      0.161     12.270      0.000
    W4_FV$1            0.450      0.110      4.076      0.000
    W5_FV$1            0.666      0.109      6.096      0.000
    W6_FV$1            0.515      0.109      4.710      0.000
    W7_FV$1            0.332      0.112      2.974      0.003
    W8_FV$1            0.410      0.108      3.806      0.000

Latent Class 5

 Thresholds
    W4_SMOKE$1         4.384      0.492      8.918      0.000
    W5_SMOKE$1         4.940      0.887      5.569      0.000
    W6_SMOKE$1         5.312      0.843      6.301      0.000
    W7_SMOKE$1         5.232      0.638      8.198      0.000
    W8_SMOKE$1         4.740      0.572      8.286      0.000
    W4_DRINK$1        -1.572      0.174     -9.027      0.000
    W4_DRINK$2         1.960      0.208      9.404      0.000
    W4_DRINK$3         5.196      0.788      6.592      0.000
    W5_DRINK$1        -1.325      0.171     -7.769      0.000
    W5_DRINK$2         2.231      0.244      9.146      0.000
    W5_DRINK$3        15.000      0.000    999.000    999.000
    W6_DRINK$1        -1.211      0.154     -7.843      0.000
    W6_DRINK$2         2.203      0.219     10.053      0.000
    W6_DRINK$3        15.000      0.000    999.000    999.000
    W7_DRINK$1        -1.072      0.158     -6.786      0.000
    W7_DRINK$2         2.308      0.205     11.235      0.000
    W7_DRINK$3        15.000      0.000    999.000    999.000
    W8_DRINK$1        -1.087      0.154     -7.054      0.000
    W8_DRINK$2         2.387      0.247      9.673      0.000
    W8_DRINK$3         7.504      4.442      1.689      0.091
    W4_PA$1           -6.042      0.716     -8.439      0.000
    W4_PA$2           -1.509      0.123    -12.292      0.000
    W4_PA$3           -0.264      0.101     -2.602      0.009
    W5_PA$1          -15.000      0.000    999.000    999.000
    W5_PA$2           -1.757      0.167    -10.533      0.000
    W5_PA$3           -0.336      0.126     -2.667      0.008
    W6_PA$1          -15.000      0.000    999.000    999.000
    W6_PA$2           -1.879      0.192     -9.797      0.000
    W6_PA$3           -0.450      0.136     -3.307      0.001
    W7_PA$1          -15.000      0.000    999.000    999.000
    W7_PA$2           -1.719      0.194     -8.855      0.000
    W7_PA$3           -0.301      0.136     -2.220      0.026
    W8_PA$1          -15.000      0.000    999.000    999.000
    W8_PA$2           -1.189      0.145     -8.176      0.000
    W8_PA$3           -0.077      0.128     -0.599      0.549
    W4_FV$1           -0.955      0.113     -8.468      0.000
    W5_FV$1           -0.901      0.130     -6.935      0.000
    W6_FV$1           -1.023      0.139     -7.377      0.000
    W7_FV$1           -1.076      0.133     -8.109      0.000
    W8_FV$1           -0.934      0.128     -7.280      0.000

Latent Class 6

 Thresholds
    W4_SMOKE$1         2.670      0.280      9.540      0.000
    W5_SMOKE$1         2.859      0.328      8.706      0.000
    W6_SMOKE$1         5.342      0.727      7.346      0.000
    W7_SMOKE$1         4.891      0.993      4.926      0.000
    W8_SMOKE$1         4.923      0.974      5.053      0.000
    W4_DRINK$1        -3.414      0.400     -8.530      0.000
    W4_DRINK$2        -1.437      0.193     -7.440      0.000
    W4_DRINK$3         1.956      0.192     10.189      0.000
    W5_DRINK$1        -4.036      0.458     -8.812      0.000
    W5_DRINK$2        -1.558      0.214     -7.290      0.000
    W5_DRINK$3         1.971      0.199      9.907      0.000
    W6_DRINK$1        -3.156      0.326     -9.676      0.000
    W6_DRINK$2        -1.434      0.215     -6.684      0.000
    W6_DRINK$3         1.956      0.196      9.984      0.000
    W7_DRINK$1        -3.377      0.347     -9.745      0.000
    W7_DRINK$2        -1.192      0.206     -5.780      0.000
    W7_DRINK$3         2.052      0.202     10.145      0.000
    W8_DRINK$1        -3.640      0.445     -8.175      0.000
    W8_DRINK$2        -0.997      0.182     -5.465      0.000
    W8_DRINK$3         2.118      0.204     10.360      0.000
    W4_PA$1           -5.275      0.729     -7.233      0.000
    W4_PA$2            0.496      0.197      2.518      0.012
    W4_PA$3            1.425      0.238      5.983      0.000
    W5_PA$1           -4.590      0.601     -7.639      0.000
    W5_PA$2            0.535      0.212      2.522      0.012
    W5_PA$3            1.675      0.266      6.286      0.000
    W6_PA$1           -5.441      1.291     -4.215      0.000
    W6_PA$2            0.638      0.215      2.963      0.003
    W6_PA$3            1.497      0.255      5.872      0.000
    W7_PA$1           -5.605      0.985     -5.690      0.000
    W7_PA$2            0.578      0.199      2.908      0.004
    W7_PA$3            1.721      0.271      6.358      0.000
    W8_PA$1          -15.000      0.000    999.000    999.000
    W8_PA$2            0.614      0.191      3.219      0.001
    W8_PA$3            1.618      0.224      7.225      0.000
    W4_FV$1            0.769      0.131      5.882      0.000
    W5_FV$1            1.696      0.206      8.245      0.000
    W6_FV$1            1.416      0.213      6.655      0.000
    W7_FV$1            1.237      0.193      6.404      0.000
    W8_FV$1            1.318      0.188      7.005      0.000

Categorical Latent Variables

 Means
    C#1                0.213      0.106      2.016      0.044
    C#2                0.649      0.089      7.285      0.000
    C#3                0.707      0.086      8.188      0.000
    C#4                0.079      0.087      0.903      0.366
    C#5                0.379      0.099      3.839      0.000


RESULTS IN PROBABILITY SCALE

Latent Class 1

 W4_SMOKE
    Category 1         0.976      0.011     90.609      0.000
    Category 2         0.024      0.011      2.267      0.023
 W5_SMOKE
    Category 1         0.991      0.008    124.564      0.000
    Category 2         0.009      0.008      1.157      0.247
 W6_SMOKE
    Category 1         0.996      0.005    211.882      0.000
    Category 2         0.004      0.005      0.843      0.399
 W7_SMOKE
    Category 1         0.992      0.006    154.862      0.000
    Category 2         0.008      0.006      1.292      0.196
 W8_SMOKE
    Category 1         0.996      0.004    222.889      0.000
    Category 2         0.004      0.004      0.966      0.334
 W4_DRINK
    Category 1         0.013      0.006      2.304      0.021
    Category 2         0.125      0.020      6.226      0.000
    Category 3         0.731      0.022     33.462      0.000
    Category 4         0.131      0.017      7.699      0.000
 W5_DRINK
    Category 1         0.015      0.006      2.564      0.010
    Category 2         0.121      0.019      6.307      0.000
    Category 3         0.737      0.021     34.902      0.000
    Category 4         0.127      0.017      7.413      0.000
 W6_DRINK
    Category 1         0.021      0.006      3.356      0.001
    Category 2         0.139      0.020      6.934      0.000
    Category 3         0.719      0.021     33.806      0.000
    Category 4         0.121      0.017      7.229      0.000
 W7_DRINK
    Category 1         0.007      0.006      1.347      0.178
    Category 2         0.158      0.022      7.093      0.000
    Category 3         0.701      0.022     31.266      0.000
    Category 4         0.134      0.018      7.396      0.000
 W8_DRINK
    Category 1         0.014      0.005      2.722      0.006
    Category 2         0.165      0.022      7.480      0.000
    Category 3         0.723      0.022     32.927      0.000
    Category 4         0.099      0.015      6.445      0.000
 W4_PA
    Category 1         0.000      0.000      0.000      1.000
    Category 2         0.359      0.032     11.133      0.000
    Category 3         0.236      0.019     12.129      0.000
    Category 4         0.406      0.032     12.553      0.000
 W5_PA
    Category 1         0.007      0.005      1.529      0.126
    Category 2         0.376      0.034     10.928      0.000
    Category 3         0.216      0.020     11.050      0.000
    Category 4         0.401      0.033     12.046      0.000
 W6_PA
    Category 1         0.002      0.002      0.923      0.356
    Category 2         0.361      0.035     10.235      0.000
    Category 3         0.221      0.019     11.866      0.000
    Category 4         0.416      0.035     11.842      0.000
 W7_PA
    Category 1         0.003      0.003      1.063      0.288
    Category 2         0.423      0.034     12.404      0.000
    Category 3         0.227      0.020     11.523      0.000
    Category 4         0.347      0.032     10.748      0.000
 W8_PA
    Category 1         0.009      0.004      2.165      0.030
    Category 2         0.397      0.032     12.317      0.000
    Category 3         0.241      0.020     12.117      0.000
    Category 4         0.353      0.029     11.988      0.000
 W4_FV
    Category 1         0.241      0.022     10.747      0.000
    Category 2         0.759      0.022     33.809      0.000
 W5_FV
    Category 1         0.138      0.026      5.377      0.000
    Category 2         0.862      0.026     33.661      0.000
 W6_FV
    Category 1         0.132      0.024      5.592      0.000
    Category 2         0.868      0.024     36.861      0.000
 W7_FV
    Category 1         0.113      0.026      4.397      0.000
    Category 2         0.887      0.026     34.403      0.000
 W8_FV
    Category 1         0.137      0.023      6.056      0.000
    Category 2         0.863      0.023     38.144      0.000

Latent Class 2

 W4_SMOKE
    Category 1         0.989      0.007    135.386      0.000
    Category 2         0.011      0.007      1.512      0.130
 W5_SMOKE
    Category 1         0.982      0.009    105.685      0.000
    Category 2         0.018      0.009      1.905      0.057
 W6_SMOKE
    Category 1         0.992      0.004    258.500      0.000
    Category 2         0.008      0.004      2.101      0.036
 W7_SMOKE
    Category 1         1.000      0.000      0.000      1.000
    Category 2         0.000      0.000      0.000      1.000
 W8_SMOKE
    Category 1         0.998      0.002    436.183      0.000
    Category 2         0.002      0.002      0.953      0.341
 W4_DRINK
    Category 1         0.077      0.016      4.972      0.000
    Category 2         0.789      0.020     39.621      0.000
    Category 3         0.132      0.018      7.215      0.000
    Category 4         0.002      0.002      1.080      0.280
 W5_DRINK
    Category 1         0.059      0.013      4.348      0.000
    Category 2         0.828      0.019     44.084      0.000
    Category 3         0.110      0.019      5.768      0.000
    Category 4         0.003      0.003      1.297      0.195
 W6_DRINK
    Category 1         0.093      0.017      5.460      0.000
    Category 2         0.809      0.019     42.354      0.000
    Category 3         0.098      0.018      5.491      0.000
    Category 4         0.000      0.001      0.479      0.632
 W7_DRINK
    Category 1         0.100      0.017      5.918      0.000
    Category 2         0.812      0.019     42.547      0.000
    Category 3         0.087      0.015      5.694      0.000
    Category 4         0.000      0.000      0.000      1.000
 W8_DRINK
    Category 1         0.140      0.021      6.778      0.000
    Category 2         0.777      0.021     37.482      0.000
    Category 3         0.081      0.015      5.600      0.000
    Category 4         0.002      0.002      0.959      0.338
 W4_PA
    Category 1         0.008      0.004      2.308      0.021
    Category 2         0.744      0.026     28.102      0.000
    Category 3         0.153      0.017      9.131      0.000
    Category 4         0.095      0.017      5.623      0.000
 W5_PA
    Category 1         0.004      0.003      1.317      0.188
    Category 2         0.776      0.027     28.793      0.000
    Category 3         0.151      0.019      8.112      0.000
    Category 4         0.070      0.015      4.592      0.000
 W6_PA
    Category 1         0.012      0.005      2.395      0.017
    Category 2         0.831      0.022     37.632      0.000
    Category 3         0.127      0.019      6.736      0.000
    Category 4         0.030      0.008      3.572      0.000
 W7_PA
    Category 1         0.004      0.002      1.751      0.080
    Category 2         0.851      0.023     37.398      0.000
    Category 3         0.107      0.017      6.211      0.000
    Category 4         0.038      0.011      3.524      0.000
 W8_PA
    Category 1         0.004      0.003      1.417      0.156
    Category 2         0.876      0.019     45.897      0.000
    Category 3         0.089      0.015      5.801      0.000
    Category 4         0.031      0.009      3.583      0.000
 W4_FV
    Category 1         0.377      0.028     13.412      0.000
    Category 2         0.623      0.028     22.125      0.000
 W5_FV
    Category 1         0.342      0.035      9.635      0.000
    Category 2         0.658      0.035     18.546      0.000
 W6_FV
    Category 1         0.324      0.034      9.447      0.000
    Category 2         0.676      0.034     19.732      0.000
 W7_FV
    Category 1         0.295      0.035      8.516      0.000
    Category 2         0.705      0.035     20.313      0.000
 W8_FV
    Category 1         0.348      0.036      9.609      0.000
    Category 2         0.652      0.036     18.019      0.000

Latent Class 3

 W4_SMOKE
    Category 1         0.967      0.010     98.190      0.000
    Category 2         0.033      0.010      3.403      0.001
 W5_SMOKE
    Category 1         0.958      0.015     64.916      0.000
    Category 2         0.042      0.015      2.834      0.005
 W6_SMOKE
    Category 1         0.985      0.006    154.552      0.000
    Category 2         0.015      0.006      2.334      0.020
 W7_SMOKE
    Category 1         0.992      0.005    211.580      0.000
    Category 2         0.008      0.005      1.747      0.081
 W8_SMOKE
    Category 1         0.987      0.006    158.036      0.000
    Category 2         0.013      0.006      2.073      0.038
 W4_DRINK
    Category 1         0.661      0.024     28.069      0.000
    Category 2         0.333      0.023     14.287      0.000
    Category 3         0.006      0.004      1.564      0.118
    Category 4         0.000      0.000      0.000      1.000
 W5_DRINK
    Category 1         0.768      0.025     30.663      0.000
    Category 2         0.228      0.025      9.179      0.000
    Category 3         0.004      0.004      1.088      0.277
    Category 4         0.000      0.000      0.000      1.000
 W6_DRINK
    Category 1         0.738      0.025     29.863      0.000
    Category 2         0.260      0.025     10.512      0.000
    Category 3         0.002      0.002      0.997      0.319
    Category 4         0.000      0.000      0.000      1.000
 W7_DRINK
    Category 1         0.781      0.026     30.431      0.000
    Category 2         0.213      0.025      8.406      0.000
    Category 3         0.004      0.003      1.280      0.201
    Category 4         0.002      0.002      1.000      0.318
 W8_DRINK
    Category 1         0.802      0.023     34.961      0.000
    Category 2         0.193      0.022      8.682      0.000
    Category 3         0.005      0.004      1.289      0.198
    Category 4         0.000      0.000      0.000      1.000
 W4_PA
    Category 1         0.006      0.003      2.044      0.041
    Category 2         0.793      0.024     33.346      0.000
    Category 3         0.119      0.015      8.059      0.000
    Category 4         0.081      0.015      5.289      0.000
 W5_PA
    Category 1         0.008      0.004      2.220      0.026
    Category 2         0.820      0.022     37.676      0.000
    Category 3         0.101      0.015      6.851      0.000
    Category 4         0.071      0.013      5.521      0.000
 W6_PA
    Category 1         0.013      0.006      2.206      0.027
    Category 2         0.823      0.024     34.901      0.000
    Category 3         0.095      0.013      7.108      0.000
    Category 4         0.070      0.016      4.467      0.000
 W7_PA
    Category 1         0.018      0.005      3.357      0.001
    Category 2         0.864      0.019     45.750      0.000
    Category 3         0.082      0.013      6.287      0.000
    Category 4         0.036      0.010      3.629      0.000
 W8_PA
    Category 1         0.019      0.006      3.401      0.001
    Category 2         0.856      0.019     45.083      0.000
    Category 3         0.076      0.013      5.978      0.000
    Category 4         0.049      0.010      4.674      0.000
 W4_FV
    Category 1         0.502      0.023     21.526      0.000
    Category 2         0.498      0.023     21.355      0.000
 W5_FV
    Category 1         0.483      0.026     18.712      0.000
    Category 2         0.517      0.026     19.989      0.000
 W6_FV
    Category 1         0.455      0.026     17.618      0.000
    Category 2         0.545      0.026     21.064      0.000
 W7_FV
    Category 1         0.468      0.027     17.313      0.000
    Category 2         0.532      0.027     19.713      0.000
 W8_FV
    Category 1         0.434      0.026     16.426      0.000
    Category 2         0.566      0.026     21.463      0.000

Latent Class 4

 W4_SMOKE
    Category 1         0.035      0.010      3.548      0.000
    Category 2         0.965      0.010     97.089      0.000
 W5_SMOKE
    Category 1         0.053      0.011      4.721      0.000
    Category 2         0.947      0.011     84.817      0.000
 W6_SMOKE
    Category 1         0.088      0.018      4.801      0.000
    Category 2         0.912      0.018     49.699      0.000
 W7_SMOKE
    Category 1         0.139      0.021      6.530      0.000
    Category 2         0.861      0.021     40.497      0.000
 W8_SMOKE
    Category 1         0.220      0.024      9.328      0.000
    Category 2         0.780      0.024     33.024      0.000
 W4_DRINK
    Category 1         0.334      0.029     11.686      0.000
    Category 2         0.382      0.029     13.312      0.000
    Category 3         0.243      0.028      8.709      0.000
    Category 4         0.041      0.011      3.704      0.000
 W5_DRINK
    Category 1         0.320      0.027     11.666      0.000
    Category 2         0.390      0.028     13.997      0.000
    Category 3         0.232      0.026      8.904      0.000
    Category 4         0.058      0.012      4.744      0.000
 W6_DRINK
    Category 1         0.365      0.029     12.579      0.000
    Category 2         0.356      0.028     12.751      0.000
    Category 3         0.196      0.024      8.189      0.000
    Category 4         0.082      0.017      4.718      0.000
 W7_DRINK
    Category 1         0.373      0.030     12.586      0.000
    Category 2         0.380      0.029     13.309      0.000
    Category 3         0.187      0.023      8.303      0.000
    Category 4         0.060      0.017      3.538      0.000
 W8_DRINK
    Category 1         0.372      0.030     12.576      0.000
    Category 2         0.344      0.028     12.245      0.000
    Category 3         0.218      0.027      8.177      0.000
    Category 4         0.066      0.014      4.676      0.000
 W4_PA
    Category 1         0.014      0.006      2.226      0.026
    Category 2         0.689      0.025     27.985      0.000
    Category 3         0.142      0.018      8.002      0.000
    Category 4         0.156      0.020      7.920      0.000
 W5_PA
    Category 1         0.021      0.007      2.859      0.004
    Category 2         0.668      0.026     25.783      0.000
    Category 3         0.142      0.019      7.433      0.000
    Category 4         0.169      0.020      8.509      0.000
 W6_PA
    Category 1         0.020      0.007      2.692      0.007
    Category 2         0.701      0.025     28.294      0.000
    Category 3         0.152      0.019      8.186      0.000
    Category 4         0.128      0.018      6.993      0.000
 W7_PA
    Category 1         0.018      0.007      2.612      0.009
    Category 2         0.721      0.024     30.002      0.000
    Category 3         0.122      0.017      7.392      0.000
    Category 4         0.139      0.018      7.671      0.000
 W8_PA
    Category 1         0.021      0.007      3.046      0.002
    Category 2         0.755      0.023     32.696      0.000
    Category 3         0.102      0.016      6.341      0.000
    Category 4         0.122      0.017      7.073      0.000
 W4_FV
    Category 1         0.611      0.026     23.266      0.000
    Category 2         0.389      0.026     14.835      0.000
 W5_FV
    Category 1         0.661      0.025     26.962      0.000
    Category 2         0.339      0.025     13.848      0.000
 W6_FV
    Category 1         0.626      0.026     24.444      0.000
    Category 2         0.374      0.026     14.601      0.000
 W7_FV
    Category 1         0.582      0.027     21.424      0.000
    Category 2         0.418      0.027     15.367      0.000
 W8_FV
    Category 1         0.601      0.026     23.266      0.000
    Category 2         0.399      0.026     15.438      0.000

Latent Class 5

 W4_SMOKE
    Category 1         0.988      0.006    165.110      0.000
    Category 2         0.012      0.006      2.060      0.039
 W5_SMOKE
    Category 1         0.993      0.006    158.727      0.000
    Category 2         0.007      0.006      1.135      0.256
 W6_SMOKE
    Category 1         0.995      0.004    241.674      0.000
    Category 2         0.005      0.004      1.192      0.233
 W7_SMOKE
    Category 1         0.995      0.003    294.886      0.000
    Category 2         0.005      0.003      1.575      0.115
 W8_SMOKE
    Category 1         0.991      0.005    201.806      0.000
    Category 2         0.009      0.005      1.763      0.078
 W4_DRINK
    Category 1         0.172      0.025      6.932      0.000
    Category 2         0.705      0.023     30.473      0.000
    Category 3         0.118      0.022      5.321      0.000
    Category 4         0.006      0.004      1.276      0.202
 W5_DRINK
    Category 1         0.210      0.028      7.422      0.000
    Category 2         0.693      0.023     29.671      0.000
    Category 3         0.097      0.021      4.541      0.000
    Category 4         0.000      0.000      0.000      1.000
 W6_DRINK
    Category 1         0.230      0.027      8.406      0.000
    Category 2         0.671      0.024     28.203      0.000
    Category 3         0.099      0.020      5.066      0.000
    Category 4         0.000      0.000      0.000      1.000
 W7_DRINK
    Category 1         0.255      0.030      8.496      0.000
    Category 2         0.655      0.026     25.058      0.000
    Category 3         0.090      0.017      5.353      0.000
    Category 4         0.000      0.000      0.000      1.000
 W8_DRINK
    Category 1         0.252      0.029      8.673      0.000
    Category 2         0.664      0.025     26.580      0.000
    Category 3         0.084      0.019      4.471      0.000
    Category 4         0.001      0.002      0.225      0.822
 W4_PA
    Category 1         0.002      0.002      1.400      0.162
    Category 2         0.179      0.018      9.851      0.000
    Category 3         0.253      0.020     12.906      0.000
    Category 4         0.566      0.025     22.719      0.000
 W5_PA
    Category 1         0.000      0.000      0.000      1.000
    Category 2         0.147      0.021      7.030      0.000
    Category 3         0.270      0.021     12.646      0.000
    Category 4         0.583      0.031     19.055      0.000
 W6_PA
    Category 1         0.000      0.000      0.000      1.000
    Category 2         0.133      0.022      6.010      0.000
    Category 3         0.257      0.021     12.173      0.000
    Category 4         0.611      0.032     18.870      0.000
 W7_PA
    Category 1         0.000      0.000      0.000      1.000
    Category 2         0.152      0.025      6.074      0.000
    Category 3         0.273      0.020     13.446      0.000
    Category 4         0.575      0.033     17.349      0.000
 W8_PA
    Category 1         0.000      0.000      0.000      1.000
    Category 2         0.233      0.026      8.973      0.000
    Category 3         0.247      0.020     12.512      0.000
    Category 4         0.519      0.032     16.234      0.000
 W4_FV
    Category 1         0.278      0.023     12.278      0.000
    Category 2         0.722      0.023     31.909      0.000
 W5_FV
    Category 1         0.289      0.027     10.820      0.000
    Category 2         0.711      0.027     26.645      0.000
 W6_FV
    Category 1         0.264      0.027      9.799      0.000
    Category 2         0.736      0.027     27.265      0.000
 W7_FV
    Category 1         0.254      0.025     10.105      0.000
    Category 2         0.746      0.025     29.640      0.000
 W8_FV
    Category 1         0.282      0.026     10.857      0.000
    Category 2         0.718      0.026     27.627      0.000

Latent Class 6

 W4_SMOKE
    Category 1         0.935      0.017     55.179      0.000
    Category 2         0.065      0.017      3.820      0.000
 W5_SMOKE
    Category 1         0.946      0.017     56.167      0.000
    Category 2         0.054      0.017      3.220      0.001
 W6_SMOKE
    Category 1         0.995      0.003    288.743      0.000
    Category 2         0.005      0.003      1.382      0.167
 W7_SMOKE
    Category 1         0.993      0.007    135.052      0.000
    Category 2         0.007      0.007      1.015      0.310
 W8_SMOKE
    Category 1         0.993      0.007    142.072      0.000
    Category 2         0.007      0.007      1.034      0.301
 W4_DRINK
    Category 1         0.032      0.012      2.581      0.010
    Category 2         0.160      0.028      5.626      0.000
    Category 3         0.684      0.029     23.217      0.000
    Category 4         0.124      0.021      5.947      0.000
 W5_DRINK
    Category 1         0.017      0.008      2.222      0.026
    Category 2         0.157      0.030      5.192      0.000
    Category 3         0.704      0.030     23.472      0.000
    Category 4         0.122      0.021      5.727      0.000
 W6_DRINK
    Category 1         0.041      0.013      3.197      0.001
    Category 2         0.152      0.031      4.909      0.000
    Category 3         0.684      0.031     21.833      0.000
    Category 4         0.124      0.021      5.827      0.000
 W7_DRINK
    Category 1         0.033      0.011      2.985      0.003
    Category 2         0.200      0.034      5.863      0.000
    Category 3         0.653      0.034     19.153      0.000
    Category 4         0.114      0.020      5.579      0.000
 W8_DRINK
    Category 1         0.026      0.011      2.305      0.021
    Category 2         0.244      0.035      7.048      0.000
    Category 3         0.623      0.033     19.108      0.000
    Category 4         0.107      0.020      5.481      0.000
 W4_PA
    Category 1         0.005      0.004      1.378      0.168
    Category 2         0.616      0.046     13.500      0.000
    Category 3         0.185      0.025      7.530      0.000
    Category 4         0.194      0.037      5.210      0.000
 W5_PA
    Category 1         0.010      0.006      1.681      0.093
    Category 2         0.620      0.049     12.692      0.000
    Category 3         0.212      0.028      7.629      0.000
    Category 4         0.158      0.035      4.455      0.000
 W6_PA
    Category 1         0.004      0.006      0.778      0.437
    Category 2         0.650      0.048     13.514      0.000
    Category 3         0.163      0.022      7.310      0.000
    Category 4         0.183      0.038      4.800      0.000
 W7_PA
    Category 1         0.004      0.004      1.019      0.308
    Category 2         0.637      0.045     14.051      0.000
    Category 3         0.208      0.024      8.771      0.000
    Category 4         0.152      0.035      4.356      0.000
 W8_PA
    Category 1         0.000      0.000      0.000      1.000
    Category 2         0.649      0.043     14.928      0.000
    Category 3         0.186      0.025      7.553      0.000
    Category 4         0.165      0.031      5.351      0.000
 W4_FV
    Category 1         0.683      0.028     24.160      0.000
    Category 2         0.317      0.028     11.203      0.000
 W5_FV
    Category 1         0.845      0.027     31.368      0.000
    Category 2         0.155      0.027      5.751      0.000
 W6_FV
    Category 1         0.805      0.033     24.068      0.000
    Category 2         0.195      0.033      5.838      0.000
 W7_FV
    Category 1         0.775      0.034     23.013      0.000
    Category 2         0.225      0.034      6.680      0.000
 W8_FV
    Category 1         0.789      0.031     25.172      0.000
    Category 2         0.211      0.031      6.737      0.000


LATENT CLASS ODDS RATIO RESULTS

                                                95% C.I.
                    Estimate       S.E.  Lower 2.5% Upper 2.5%

Latent Class 1 Compared to Latent Class 2

 W4_SMOKE
    Category > 1       2.240      1.882      0.432     11.626
 W5_SMOKE
    Category > 1       0.515      0.527      0.069      3.821
 W6_SMOKE
    Category > 1       0.489      0.627      0.040      6.027
 W7_SMOKE
    Category > 1   27275.684      0.000  27275.682  27275.682
 W8_SMOKE
    Category > 1       1.983      2.944      0.108     36.365
 W4_DRINK
    Category > 1       6.382      3.182      2.401     16.959
    Category > 2      40.239      8.947     26.024     62.218
    Category > 3      63.257     59.219     10.098    396.262
 W5_DRINK
    Category > 1       3.961      1.863      1.576      9.956
    Category > 2      49.634     11.937     30.978     79.525
    Category > 3      44.060     34.776      9.380    206.963
 W6_DRINK
    Category > 1       4.752      1.758      2.302      9.812
    Category > 2      48.114     11.777     29.780     77.736
    Category > 3     324.049    677.494      5.382  19510.199
 W7_DRINK
    Category > 1      14.853     11.467      3.271     67.447
    Category > 2      52.807     12.664     33.003     84.495
    Category > 3   *********      0.000  *********  *********
 W8_DRINK
    Category > 1      11.833      4.869      5.283     26.505
    Category > 2      50.779     12.031     31.916     80.792
    Category > 3      57.859     61.368      7.237    462.605
 W4_PA
    Category > 1   27537.705      0.000  27537.703  27537.703
    Category > 2       5.419      1.052      3.705      7.927
    Category > 3       6.495      1.527      4.097     10.296
 W5_PA
    Category > 1       0.562      0.591      0.072      4.418
    Category > 2       5.694      1.174      3.801      8.530
    Category > 3       8.950      2.357      5.342     14.997
 W6_PA
    Category > 1       5.209      6.102      0.524     51.739
    Category > 2       9.402      2.094      6.076     14.547
    Category > 3      23.212      7.443     12.382     43.517
 W7_PA
    Category > 1       1.340      1.504      0.148     12.093
    Category > 2       7.913      1.746      5.134     12.194
    Category > 3      13.351      4.316      7.085     25.158
 W8_PA
    Category > 1       0.469      0.403      0.087      2.523
    Category > 2      10.753      2.391      6.954     16.626
    Category > 3      17.126      5.264      9.376     31.283
 W4_FV
    Category > 1       1.907      0.344      1.339      2.715
 W5_FV
    Category > 1       3.252      0.968      1.814      5.829
 W6_FV
    Category > 1       3.156      0.924      1.778      5.602
 W7_FV
    Category > 1       3.280      1.140      1.660      6.483
 W8_FV
    Category > 1       3.359      0.922      1.961      5.751

Latent Class 1 Compared to Latent Class 3

 W4_SMOKE
    Category > 1       0.722      0.397      0.246      2.120
 W5_SMOKE
    Category > 1       0.213      0.203      0.033      1.380
 W6_SMOKE
    Category > 1       0.263      0.337      0.021      3.237
 W7_SMOKE
    Category > 1       1.010      0.988      0.149      6.863
 W8_SMOKE
    Category > 1       0.330      0.382      0.034      3.184
 W4_DRINK
    Category > 1     148.892     67.575     61.171    362.410
    Category > 2    1055.271    706.728    283.984   3921.345
    Category > 3   *********      0.000  *********  *********
 W5_DRINK
    Category > 1     210.035     88.496     91.969    479.669
    Category > 2    1425.738   1344.288    224.621   9049.571
    Category > 3   *********      0.000  *********  *********
 W6_DRINK
    Category > 1     130.797     43.405     68.253    250.655
    Category > 2    2442.775   2490.709    331.103  18022.039
    Category > 3   *********      0.000  *********  *********
 W7_DRINK
    Category > 1     476.726    358.986    108.964   2085.715
    Category > 2     924.758    602.042    258.144   3312.784
    Category > 3      97.629     99.091     13.354    713.749
 W8_DRINK
    Category > 1     294.634    116.171    136.037    638.129
    Category > 2     891.604    709.219    187.533   4239.019
    Category > 3   *********      0.000  *********  *********
 W4_PA
    Category > 1   19721.758      0.000  19721.758  19721.758
    Category > 2       7.117      1.551      4.643     10.908
    Category > 3       7.698      2.006      4.619     12.828
 W5_PA
    Category > 1       1.141      0.930      0.231      5.640
    Category > 2       7.728      1.753      4.955     12.053
    Category > 3       8.729      2.195      5.332     14.291
 W6_PA
    Category > 1       5.740      6.680      0.586     56.178
    Category > 2       8.894      2.218      5.455     14.499
    Category > 3       9.535      2.876      5.279     17.223
 W7_PA
    Category > 1       6.889      6.781      1.000     47.435
    Category > 2      10.125      2.499      6.241     16.425
    Category > 3      14.235      4.820      7.330     27.643
 W8_PA
    Category > 1       2.069      1.149      0.696      6.146
    Category > 2      10.261      2.410      6.475     16.261
    Category > 3      10.612      2.924      6.184     18.212
 W4_FV
    Category > 1       3.171      0.483      2.353      4.274
 W5_FV
    Category > 1       5.860      1.374      3.701      9.278
 W6_FV
    Category > 1       5.514      1.238      3.551      8.562
 W7_FV
    Category > 1       6.871      1.862      4.040     11.686
 W8_FV
    Category > 1       4.820      1.035      3.164      7.343

Latent Class 1 Compared to Latent Class 4

 W4_SMOKE
    Category > 1       0.001      0.000      0.000      0.003
 W5_SMOKE
    Category > 1       0.001      0.000      0.000      0.003
 W6_SMOKE
    Category > 1       0.000      0.000      0.000      0.004
 W7_SMOKE
    Category > 1       0.001      0.001      0.000      0.007
 W8_SMOKE
    Category > 1       0.001      0.001      0.000      0.010
 W4_DRINK
    Category > 1      38.365     17.569     15.636     94.134
    Category > 2      15.795      3.564     10.149     24.581
    Category > 3       3.571      1.132      1.919      6.647
 W5_DRINK
    Category > 1      29.895     12.434     13.230     67.553
    Category > 2      15.528      3.430     10.071     23.942
    Category > 3       2.342      0.638      1.373      3.995
 W6_DRINK
    Category > 1      26.677      8.781     13.994     50.853
    Category > 2      13.613      2.883      8.989     20.615
    Category > 3       1.534      0.428      0.888      2.649
 W7_DRINK
    Category > 1      79.369     60.153     17.969    350.578
    Category > 2      15.438      3.435      9.981     23.879
    Category > 3       2.432      0.836      1.239      4.772
 W8_DRINK
    Category > 1      43.271     17.016     20.020     93.526
    Category > 2      11.635      2.467      7.678     17.631
    Category > 3       1.553      0.447      0.884      2.729
 W4_PA
    Category > 1   45880.836      0.000  45880.832  45880.832
    Category > 2       4.215      0.770      2.947      6.030
    Category > 3       3.692      0.747      2.483      5.490
 W5_PA
    Category > 1       3.029      2.271      0.697     13.167
    Category > 2       3.560      0.669      2.463      5.146
    Category > 3       3.277      0.654      2.217      4.845
 W6_PA
    Category > 1       8.867     10.199      0.931     84.503
    Category > 2       4.523      0.879      3.090      6.622
    Category > 3       4.862      1.074      3.153      7.497
 W7_PA
    Category > 1       6.820      6.959      0.923     50.381
    Category > 2       3.821      0.707      2.659      5.492
    Category > 3       3.306      0.681      2.208      4.949
 W8_PA
    Category > 1       2.269      1.303      0.736      6.995
    Category > 2       5.061      0.942      3.514      7.288
    Category > 3       3.931      0.809      2.626      5.885
 W4_FV
    Category > 1       4.933      0.817      3.565      6.826
 W5_FV
    Category > 1      12.189      2.955      7.579     19.602
 W6_FV
    Category > 1      11.036      2.581      6.978     17.454
 W7_FV
    Category > 1      10.908      3.061      6.293     18.907
 W8_FV
    Category > 1       9.492      2.093      6.161     14.623

Latent Class 1 Compared to Latent Class 5

 W4_SMOKE
    Category > 1       2.006      1.413      0.504      7.979
 W5_SMOKE
    Category > 1       1.299      1.862      0.078     21.567
 W6_SMOKE
    Category > 1       0.806      1.336      0.031     20.753
 W7_SMOKE
    Category > 1       1.562      1.589      0.213     11.465
 W8_SMOKE
    Category > 1       0.496      0.616      0.043      5.657
 W4_DRINK
    Category > 1      15.857      7.469      6.299     39.919
    Category > 2      44.368     10.693     27.664     71.156
    Category > 3      27.262     21.942      5.629    132.032
 W5_DRINK
    Category > 1      16.908      7.225      7.317     39.069
    Category > 2      59.049     16.016     34.701    100.483
    Category > 3   *********      0.000  *********  *********
 W6_DRINK
    Category > 1      13.840      4.691      7.122     26.894
    Category > 2      47.637     10.903     30.418     74.604
    Category > 3   *********      0.000  *********  *********
 W7_DRINK
    Category > 1      45.639     35.253     10.042    207.417
    Category > 2      50.812     11.477     32.636     79.112
    Category > 3   *********      0.000  *********  *********
 W8_DRINK
    Category > 1      24.585      9.770     11.283     53.572
    Category > 2      50.189     12.675     30.594     82.334
    Category > 3     199.610    888.914      0.032  *********
 W4_PA
    Category > 1    7767.263      0.000   7767.263   7767.263
    Category > 2       0.395      0.076      0.271      0.575
    Category > 3       0.524      0.094      0.369      0.744
 W5_PA
    Category > 1       0.000      0.000      0.000      0.000
    Category > 2       0.277      0.066      0.174      0.444
    Category > 3       0.478      0.099      0.319      0.717
 W6_PA
    Category > 1       0.000      0.000      0.000      0.000
    Category > 2       0.268      0.068      0.163      0.439
    Category > 3       0.454      0.094      0.302      0.682
 W7_PA
    Category > 1       0.000      0.000      0.000      0.000
    Category > 2       0.242      0.060      0.149      0.394
    Category > 3       0.394      0.083      0.261      0.596
 W8_PA
    Category > 1       0.000      0.000      0.000      0.000
    Category > 2       0.445      0.092      0.297      0.668
    Category > 3       0.505      0.099      0.344      0.742
 W4_FV
    Category > 1       1.210      0.206      0.868      1.689
 W5_FV
    Category > 1       2.542      0.606      1.593      4.056
 W6_FV
    Category > 1       2.369      0.554      1.499      3.746
 W7_FV
    Category > 1       2.667      0.722      1.569      4.535
 W8_FV
    Category > 1       2.475      0.550      1.601      3.825

Latent Class 1 Compared to Latent Class 6

 W4_SMOKE
    Category > 1       0.361      0.216      0.112      1.164
 W5_SMOKE
    Category > 1       0.162      0.163      0.023      1.165
 W6_SMOKE
    Category > 1       0.831      1.183      0.051     13.521
 W7_SMOKE
    Category > 1       1.110      1.533      0.074     16.622
 W8_SMOKE
    Category > 1       0.595      0.863      0.035     10.190
 W4_DRINK
    Category > 1       2.515      1.600      0.723      8.752
    Category > 2       1.485      0.400      0.876      2.517
    Category > 3       1.067      0.291      0.625      1.821
 W5_DRINK
    Category > 1       1.124      0.714      0.324      3.903
    Category > 2       1.336      0.388      0.755      2.361
    Category > 3       1.043      0.298      0.596      1.825
 W6_DRINK
    Category > 1       1.980      0.918      0.798      4.910
    Category > 2       1.254      0.345      0.731      2.151
    Category > 3       0.972      0.277      0.557      1.699
 W7_DRINK
    Category > 1       4.554      3.891      0.854     24.299
    Category > 2       1.535      0.427      0.889      2.649
    Category > 3       1.203      0.344      0.687      2.107
 W8_DRINK
    Category > 1       1.916      1.136      0.599      6.127
    Category > 2       1.703      0.426      1.043      2.780
    Category > 3       0.914      0.275      0.506      1.650
 W4_PA
    Category > 1   16735.723      0.000  16735.723  16735.723
    Category > 2       2.933      0.846      1.666      5.163
    Category > 3       2.837      0.911      1.511      5.324
 W5_PA
    Category > 1       1.429      1.319      0.234      8.725
    Category > 2       2.744      0.854      1.492      5.049
    Category > 3       3.571      1.248      1.800      7.085
 W6_PA
    Category > 1       1.924      3.606      0.049     75.765
    Category > 2       3.320      1.054      1.783      6.185
    Category > 3       3.183      1.103      1.614      6.278
 W7_PA
    Category > 1       1.371      2.088      0.069     27.137
    Category > 2       2.407      0.703      1.357      4.267
    Category > 3       2.976      1.067      1.474      6.010
 W8_PA
    Category > 1       0.000      0.000      0.000      0.000
    Category > 2       2.700      0.738      1.580      4.614
    Category > 3       2.750      0.813      1.541      4.909
 W4_FV
    Category > 1       6.784      1.136      4.887      9.419
 W5_FV
    Category > 1      34.143      9.099     20.251     57.563
 W6_FV
    Category > 1      27.176      7.623     15.682     47.093
 W7_FV
    Category > 1      26.955      8.461     14.569     49.871
 W8_FV
    Category > 1      23.533      5.488     14.900     37.168

Latent Class 2 Compared to Latent Class 3

 W4_SMOKE
    Category > 1       0.322      0.255      0.068      1.518
 W5_SMOKE
    Category > 1       0.413      0.291      0.104      1.643
 W6_SMOKE
    Category > 1       0.538      0.359      0.145      1.992
 W7_SMOKE
    Category > 1       0.000      0.000      0.000      0.000
 W8_SMOKE
    Category > 1       0.167      0.209      0.014      1.939
 W4_DRINK
    Category > 1      23.332      5.190     15.087     36.082
    Category > 2      26.225     17.598      7.039     97.706
    Category > 3    7801.092      0.000   7801.092   7801.092
 W5_DRINK
    Category > 1      53.030     13.050     32.737     85.900
    Category > 2      28.725     27.376      4.436    185.991
    Category > 3   10779.715      0.000  10779.716  10779.716
 W6_DRINK
    Category > 1      27.522      5.890     18.093     41.866
    Category > 2      50.770     52.361      6.725    383.260
    Category > 3    1387.398      0.000   1387.399   1387.399
 W7_DRINK
    Category > 1      32.095      6.962     20.980     49.100
    Category > 2      17.512     11.544      4.811     63.749
    Category > 3       0.000      0.000      0.000      0.000
 W8_DRINK
    Category > 1      24.900      4.942     16.876     36.739
    Category > 2      17.558     14.187      3.603     85.558
    Category > 3    6211.712      0.000   6211.713   6211.713
 W4_PA
    Category > 1       0.716      0.515      0.175      2.934
    Category > 2       1.313      0.287      0.855      2.016
    Category > 3       1.185      0.351      0.663      2.119
 W5_PA
    Category > 1       2.030      1.866      0.335     12.302
    Category > 2       1.357      0.323      0.852      2.163
    Category > 3       0.975      0.318      0.515      1.848
 W6_PA
    Category > 1       1.102      0.787      0.272      4.466
    Category > 2       0.946      0.245      0.570      1.570
    Category > 3       0.411      0.160      0.192      0.881
 W7_PA
    Category > 1       5.142      3.486      1.362     19.417
    Category > 2       1.280      0.354      0.744      2.202
    Category > 3       1.066      0.467      0.452      2.515
 W8_PA
    Category > 1       4.409      3.792      0.817     23.797
    Category > 2       0.954      0.257      0.563      1.616
    Category > 3       0.620      0.242      0.288      1.334
 W4_FV
    Category > 1       1.663      0.290      1.182      2.340
 W5_FV
    Category > 1       1.802      0.401      1.165      2.787
 W6_FV
    Category > 1       1.747      0.387      1.131      2.698
 W7_FV
    Category > 1       2.095      0.490      1.325      3.312
 W8_FV
    Category > 1       1.435      0.328      0.917      2.246

Latent Class 2 Compared to Latent Class 4

 W4_SMOKE
    Category > 1       0.000      0.000      0.000      0.002
 W5_SMOKE
    Category > 1       0.001      0.001      0.000      0.003
 W6_SMOKE
    Category > 1       0.001      0.000      0.000      0.002
 W7_SMOKE
    Category > 1       0.000      0.000      0.000      0.000
 W8_SMOKE
    Category > 1       0.001      0.001      0.000      0.005
 W4_DRINK
    Category > 1       6.012      1.536      3.644      9.919
    Category > 2       0.393      0.086      0.256      0.602
    Category > 3       0.056      0.055      0.008      0.378
 W5_DRINK
    Category > 1       7.548      2.105      4.369     13.040
    Category > 2       0.313      0.075      0.196      0.500
    Category > 3       0.053      0.043      0.011      0.258
 W6_DRINK
    Category > 1       5.613      1.352      3.501      9.001
    Category > 2       0.283      0.071      0.173      0.463
    Category > 3       0.005      0.010      0.000      0.293
 W7_DRINK
    Category > 1       5.343      1.229      3.405      8.387
    Category > 2       0.292      0.072      0.181      0.472
    Category > 3       0.000      0.000      0.000      0.000
 W8_DRINK
    Category > 1       3.657      0.793      2.391      5.592
    Category > 2       0.229      0.056      0.142      0.369
    Category > 3       0.027      0.029      0.003      0.219
 W4_PA
    Category > 1       1.666      1.051      0.484      5.734
    Category > 2       0.778      0.142      0.543      1.114
    Category > 3       0.568      0.141      0.350      0.923
 W5_PA
    Category > 1       5.389      4.562      1.025     28.322
    Category > 2       0.625      0.123      0.426      0.918
    Category > 3       0.366      0.100      0.214      0.626
 W6_PA
    Category > 1       1.702      0.969      0.558      5.192
    Category > 2       0.481      0.100      0.320      0.724
    Category > 3       0.209      0.070      0.109      0.402
 W7_PA
    Category > 1       5.091      3.523      1.311     19.766
    Category > 2       0.483      0.106      0.314      0.743
    Category > 3       0.248      0.082      0.129      0.474
 W8_PA
    Category > 1       4.835      3.786      1.042     22.437
    Category > 2       0.471      0.106      0.302      0.732
    Category > 3       0.230      0.076      0.120      0.438
 W4_FV
    Category > 1       2.587      0.418      1.885      3.551
 W5_FV
    Category > 1       3.748      0.712      2.582      5.439
 W6_FV
    Category > 1       3.497      0.662      2.413      5.066
 W7_FV
    Category > 1       3.326      0.664      2.248      4.920
 W8_FV
    Category > 1       2.826      0.542      1.940      4.117

Latent Class 2 Compared to Latent Class 5

 W4_SMOKE
    Category > 1       0.896      0.835      0.144      5.575
 W5_SMOKE
    Category > 1       2.521      2.817      0.282     22.535
 W6_SMOKE
    Category > 1       1.648      1.621      0.240     11.334
 W7_SMOKE
    Category > 1       0.000      0.000      0.000      0.000
 W8_SMOKE
    Category > 1       0.250      0.300      0.024      2.631
 W4_DRINK
    Category > 1       2.485      0.758      1.367      4.517
    Category > 2       1.103      0.306      0.640      1.899
    Category > 3       0.431      0.570      0.032      5.753
 W5_DRINK
    Category > 1       4.269      1.389      2.256      8.079
    Category > 2       1.190      0.395      0.620      2.281
    Category > 3   10779.715      0.000  10779.716  10779.716
 W6_DRINK
    Category > 1       2.912      0.808      1.691      5.016
    Category > 2       0.990      0.314      0.532      1.843
    Category > 3    1387.398      0.000   1387.399   1387.399
 W7_DRINK
    Category > 1       3.073      0.812      1.831      5.157
    Category > 2       0.962      0.286      0.538      1.722
    Category > 3       1.000      0.000      1.000      1.000
 W8_DRINK
    Category > 1       2.078      0.527      1.264      3.416
    Category > 2       0.988      0.322      0.522      1.872
    Category > 3       3.450     15.747      0.000  26487.678
 W4_PA
    Category > 1       0.282      0.240      0.053      1.498
    Category > 2       0.073      0.012      0.053      0.101
    Category > 3       0.081      0.016      0.055      0.119
 W5_PA
    Category > 1       0.000      0.000      0.000      0.000
    Category > 2       0.049      0.010      0.033      0.072
    Category > 3       0.053      0.013      0.033      0.086
 W6_PA
    Category > 1       0.000      0.000      0.000      0.000
    Category > 2       0.028      0.006      0.020      0.042
    Category > 3       0.020      0.005      0.011      0.034
 W7_PA
    Category > 1       0.000      0.000      0.000      0.000
    Category > 2       0.031      0.006      0.020      0.046
    Category > 3       0.030      0.009      0.017      0.052
 W8_PA
    Category > 1       0.000      0.000      0.000      0.000
    Category > 2       0.041      0.008      0.029      0.060
    Category > 3       0.029      0.008      0.017      0.052
 W4_FV
    Category > 1       0.635      0.115      0.445      0.906
 W5_FV
    Category > 1       0.782      0.182      0.495      1.235
 W6_FV
    Category > 1       0.751      0.178      0.471      1.195
 W7_FV
    Category > 1       0.813      0.196      0.507      1.306
 W8_FV
    Category > 1       0.737      0.172      0.467      1.164

Latent Class 2 Compared to Latent Class 6

 W4_SMOKE
    Category > 1       0.161      0.118      0.038      0.679
 W5_SMOKE
    Category > 1       0.315      0.200      0.091      1.092
 W6_SMOKE
    Category > 1       1.698      1.486      0.306      9.440
 W7_SMOKE
    Category > 1       0.000      0.000      0.000      0.000
 W8_SMOKE
    Category > 1       0.300      0.434      0.018      5.114
 W4_DRINK
    Category > 1       0.394      0.182      0.160      0.973
    Category > 2       0.037      0.009      0.023      0.059
    Category > 3       0.017      0.016      0.003      0.109
 W5_DRINK
    Category > 1       0.284      0.150      0.101      0.797
    Category > 2       0.027      0.007      0.016      0.045
    Category > 3       0.024      0.019      0.005      0.113
 W6_DRINK
    Category > 1       0.417      0.163      0.194      0.896
    Category > 2       0.026      0.007      0.015      0.045
    Category > 3       0.003      0.006      0.000      0.183
 W7_DRINK
    Category > 1       0.307      0.122      0.140      0.670
    Category > 2       0.029      0.008      0.017      0.048
    Category > 3       0.000      0.000      0.000      0.000
 W8_DRINK
    Category > 1       0.162      0.078      0.063      0.416
    Category > 2       0.034      0.008      0.021      0.054
    Category > 3       0.016      0.017      0.002      0.127
 W4_PA
    Category > 1       0.608      0.525      0.112      3.299
    Category > 2       0.541      0.140      0.326      0.897
    Category > 3       0.437      0.143      0.230      0.829
 W5_PA
    Category > 1       2.543      2.562      0.353     18.322
    Category > 2       0.482      0.137      0.276      0.841
    Category > 3       0.399      0.152      0.189      0.843
 W6_PA
    Category > 1       0.369      0.520      0.023      5.841
    Category > 2       0.353      0.104      0.198      0.629
    Category > 3       0.137      0.055      0.063      0.299
 W7_PA
    Category > 1       1.023      1.162      0.111      9.470
    Category > 2       0.304      0.088      0.172      0.538
    Category > 3       0.223      0.093      0.099      0.504
 W8_PA
    Category > 1       0.000      0.000      0.000      0.000
    Category > 2       0.251      0.070      0.145      0.435
    Category > 3       0.161      0.062      0.075      0.342
 W4_FV
    Category > 1       3.558      0.673      2.456      5.155
 W5_FV
    Category > 1      10.498      2.799      6.225     17.704
 W6_FV
    Category > 1       8.610      2.294      5.108     14.515
 W7_FV
    Category > 1       8.218      2.066      5.021     13.450
 W8_FV
    Category > 1       7.007      1.833      4.196     11.701

Latent Class 3 Compared to Latent Class 4

 W4_SMOKE
    Category > 1       0.001      0.001      0.001      0.003
 W5_SMOKE
    Category > 1       0.002      0.001      0.001      0.006
 W6_SMOKE
    Category > 1       0.001      0.001      0.001      0.004
 W7_SMOKE
    Category > 1       0.001      0.001      0.000      0.004
 W8_SMOKE
    Category > 1       0.004      0.002      0.001      0.010
 W4_DRINK
    Category > 1       0.258      0.043      0.186      0.358
    Category > 2       0.015      0.010      0.004      0.055
    Category > 3       0.000      0.000      0.000      0.000
 W5_DRINK
    Category > 1       0.142      0.027      0.098      0.207
    Category > 2       0.011      0.010      0.002      0.068
    Category > 3       0.000      0.000      0.000      0.000
 W6_DRINK
    Category > 1       0.204      0.037      0.143      0.291
    Category > 2       0.006      0.006      0.001      0.041
    Category > 3       0.000      0.000      0.000      0.000
 W7_DRINK
    Category > 1       0.166      0.033      0.113      0.246
    Category > 2       0.017      0.011      0.005      0.059
    Category > 3       0.025      0.026      0.003      0.194
 W8_DRINK
    Category > 1       0.147      0.028      0.100      0.215
    Category > 2       0.013      0.010      0.003      0.062
    Category > 3       0.000      0.000      0.000      0.000
 W4_PA
    Category > 1       2.326      1.564      0.623      8.687
    Category > 2       0.592      0.115      0.405      0.865
    Category > 3       0.480      0.125      0.288      0.798
 W5_PA
    Category > 1       2.655      1.556      0.841      8.375
    Category > 2       0.461      0.092      0.312      0.681
    Category > 3       0.375      0.092      0.232      0.608
 W6_PA
    Category > 1       1.545      0.921      0.480      4.973
    Category > 2       0.509      0.111      0.331      0.780
    Category > 3       0.510      0.154      0.282      0.921
 W7_PA
    Category > 1       0.990      0.497      0.370      2.646
    Category > 2       0.377      0.085      0.242      0.588
    Category > 3       0.232      0.077      0.122      0.444
 W8_PA
    Category > 1       1.097      0.497      0.451      2.665
    Category > 2       0.493      0.110      0.319      0.763
    Category > 3       0.370      0.105      0.213      0.644
 W4_FV
    Category > 1       1.556      0.232      1.162      2.084
 W5_FV
    Category > 1       2.080      0.325      1.531      2.825
 W6_FV
    Category > 1       2.002      0.316      1.469      2.727
 W7_FV
    Category > 1       1.587      0.258      1.154      2.183
 W8_FV
    Category > 1       1.969      0.311      1.445      2.683

Latent Class 3 Compared to Latent Class 5

 W4_SMOKE
    Category > 1       2.778      1.584      0.909      8.492
 W5_SMOKE
    Category > 1       6.103      5.826      0.939     39.647
 W6_SMOKE
    Category > 1       3.062      2.920      0.472     19.856
 W7_SMOKE
    Category > 1       1.546      1.345      0.281      8.511
 W8_SMOKE
    Category > 1       1.501      1.137      0.340      6.626
 W4_DRINK
    Category > 1       0.107      0.023      0.070      0.163
    Category > 2       0.042      0.029      0.011      0.161
    Category > 3       0.000      0.000      0.000      0.000
 W5_DRINK
    Category > 1       0.081      0.020      0.050      0.130
    Category > 2       0.041      0.040      0.006      0.274
    Category > 3       1.000      0.000      1.000      1.000
 W6_DRINK
    Category > 1       0.106      0.022      0.070      0.160
    Category > 2       0.020      0.020      0.003      0.148
    Category > 3       1.000      0.000      1.000      1.000
 W7_DRINK
    Category > 1       0.096      0.023      0.060      0.154
    Category > 2       0.055      0.037      0.015      0.203
    Category > 3    5174.103      0.000   5174.103   5174.103
 W8_DRINK
    Category > 1       0.083      0.019      0.053      0.130
    Category > 2       0.056      0.047      0.011      0.289
    Category > 3       0.001      0.000      0.001      0.001
 W4_PA
    Category > 1       0.394      0.345      0.071      2.188
    Category > 2       0.056      0.010      0.039      0.080
    Category > 3       0.068      0.015      0.044      0.105
 W5_PA
    Category > 1       0.000      0.000      0.000      0.000
    Category > 2       0.036      0.007      0.025      0.053
    Category > 3       0.055      0.012      0.036      0.083
 W6_PA
    Category > 1       0.000      0.000      0.000      0.000
    Category > 2       0.030      0.008      0.018      0.049
    Category > 3       0.048      0.013      0.028      0.080
 W7_PA
    Category > 1       0.000      0.000      0.000      0.000
    Category > 2       0.024      0.006      0.015      0.038
    Category > 3       0.028      0.008      0.016      0.049
 W8_PA
    Category > 1       0.000      0.000      0.000      0.000
    Category > 2       0.043      0.009      0.029      0.065
    Category > 3       0.048      0.012      0.030      0.077
 W4_FV
    Category > 1       0.382      0.056      0.287      0.508
 W5_FV
    Category > 1       0.434      0.072      0.313      0.602
 W6_FV
    Category > 1       0.430      0.075      0.305      0.604
 W7_FV
    Category > 1       0.388      0.067      0.277      0.544
 W8_FV
    Category > 1       0.513      0.085      0.371      0.711

Latent Class 3 Compared to Latent Class 6

 W4_SMOKE
    Category > 1       0.501      0.206      0.224      1.121
 W5_SMOKE
    Category > 1       0.761      0.365      0.297      1.950
 W6_SMOKE
    Category > 1       3.156      2.696      0.592     16.833
 W7_SMOKE
    Category > 1       1.099      1.262      0.116     10.435
 W8_SMOKE
    Category > 1       1.803      1.993      0.206     15.739
 W4_DRINK
    Category > 1       0.017      0.007      0.007      0.038
    Category > 2       0.001      0.001      0.000      0.005
    Category > 3       0.000      0.000      0.000      0.000
 W5_DRINK
    Category > 1       0.005      0.003      0.002      0.014
    Category > 2       0.001      0.001      0.000      0.006
    Category > 3       0.000      0.000      0.000      0.000
 W6_DRINK
    Category > 1       0.015      0.005      0.008      0.030
    Category > 2       0.001      0.001      0.000      0.004
    Category > 3       0.000      0.000      0.000      0.000
 W7_DRINK
    Category > 1       0.010      0.004      0.005      0.020
    Category > 2       0.002      0.001      0.000      0.006
    Category > 3       0.012      0.013      0.002      0.091
 W8_DRINK
    Category > 1       0.007      0.003      0.003      0.016
    Category > 2       0.002      0.002      0.000      0.009
    Category > 3       0.000      0.000      0.000      0.000
 W4_PA
    Category > 1       0.849      0.756      0.148      4.866
    Category > 2       0.412      0.102      0.254      0.668
    Category > 3       0.368      0.116      0.199      0.683
 W5_PA
    Category > 1       1.253      0.943      0.286      5.477
    Category > 2       0.355      0.092      0.213      0.591
    Category > 3       0.409      0.136      0.214      0.784
 W6_PA
    Category > 1       0.335      0.479      0.020      5.529
    Category > 2       0.373      0.102      0.219      0.638
    Category > 3       0.334      0.115      0.170      0.656
 W7_PA
    Category > 1       0.199      0.210      0.025      1.570
    Category > 2       0.238      0.062      0.142      0.397
    Category > 3       0.209      0.080      0.098      0.445
 W8_PA
    Category > 1       0.000      0.000      0.000      0.000
    Category > 2       0.263      0.067      0.160      0.432
    Category > 3       0.259      0.081      0.141      0.478
 W4_FV
    Category > 1       2.140      0.343      1.563      2.929
 W5_FV
    Category > 1       5.826      1.335      3.718      9.129
 W6_FV
    Category > 1       4.929      1.167      3.099      7.838
 W7_FV
    Category > 1       3.923      0.882      2.525      6.096
 W8_FV
    Category > 1       4.882      1.047      3.207      7.432

Latent Class 4 Compared to Latent Class 5

 W4_SMOKE
    Category > 1    2193.406   1247.695    719.306   6688.434
 W5_SMOKE
    Category > 1    2511.696   2305.094    415.688  15176.325
 W6_SMOKE
    Category > 1    2099.057   1831.945    379.426  11612.378
 W7_SMOKE
    Category > 1    1161.049    767.830    317.629   4244.059
 W8_SMOKE
    Category > 1     405.156    238.280    127.940   1283.038
 W4_DRINK
    Category > 1       0.413      0.089      0.271      0.630
    Category > 2       2.809      0.710      1.711      4.611
    Category > 3       7.634      6.390      1.480     39.380
 W5_DRINK
    Category > 1       0.566      0.119      0.374      0.855
    Category > 2       3.803      1.058      2.204      6.561
    Category > 3   *********      0.000  *********  *********
 W6_DRINK
    Category > 1       0.519      0.103      0.351      0.766
    Category > 2       3.500      0.914      2.098      5.838
    Category > 3   *********      0.000  *********  *********
 W7_DRINK
    Category > 1       0.575      0.116      0.388      0.853
    Category > 2       3.291      0.832      2.006      5.401
    Category > 3   *********      0.000  *********  *********
 W8_DRINK
    Category > 1       0.568      0.112      0.386      0.837
    Category > 2       4.314      1.225      2.472      7.528
    Category > 3     128.546    571.768      0.021  *********
 W4_PA
    Category > 1       0.169      0.144      0.032      0.893
    Category > 2       0.094      0.016      0.067      0.131
    Category > 3       0.142      0.026      0.100      0.202
 W5_PA
    Category > 1       0.000      0.000      0.000      0.000
    Category > 2       0.078      0.016      0.052      0.117
    Category > 3       0.146      0.028      0.100      0.212
 W6_PA
    Category > 1       0.000      0.000      0.000      0.000
    Category > 2       0.059      0.013      0.038      0.092
    Category > 3       0.093      0.020      0.061      0.142
 W7_PA
    Category > 1       0.000      0.000      0.000      0.000
    Category > 2       0.063      0.015      0.040      0.100
    Category > 3       0.119      0.024      0.080      0.178
 W8_PA
    Category > 1       0.000      0.000      0.000      0.000
    Category > 2       0.088      0.017      0.060      0.129
    Category > 3       0.128      0.027      0.086      0.193
 W4_FV
    Category > 1       0.245      0.039      0.180      0.334
 W5_FV
    Category > 1       0.209      0.035      0.150      0.291
 W6_FV
    Category > 1       0.215      0.038      0.152      0.303
 W7_FV
    Category > 1       0.245      0.042      0.174      0.343
 W8_FV
    Category > 1       0.261      0.043      0.188      0.361

Latent Class 4 Compared to Latent Class 6

 W4_SMOKE
    Category > 1     395.235    159.052    179.599    869.771
 W5_SMOKE
    Category > 1     313.404    124.439    143.921    682.473
 W6_SMOKE
    Category > 1    2163.718   1636.290    491.446   9526.319
 W7_SMOKE
    Category > 1     825.409    829.629    115.106   5918.864
 W8_SMOKE
    Category > 1     486.530    477.261     71.139   3327.444
 W4_DRINK
    Category > 1       0.066      0.028      0.029      0.150
    Category > 2       0.094      0.023      0.059      0.151
    Category > 3       0.299      0.104      0.151      0.593
 W5_DRINK
    Category > 1       0.038      0.018      0.015      0.096
    Category > 2       0.086      0.022      0.052      0.142
    Category > 3       0.445      0.136      0.245      0.810
 W6_DRINK
    Category > 1       0.074      0.026      0.037      0.147
    Category > 2       0.092      0.024      0.055      0.154
    Category > 3       0.634      0.195      0.347      1.157
 W7_DRINK
    Category > 1       0.057      0.021      0.028      0.118
    Category > 2       0.099      0.025      0.060      0.164
    Category > 3       0.495      0.181      0.242      1.012
 W8_DRINK
    Category > 1       0.044      0.020      0.018      0.110
    Category > 2       0.146      0.034      0.093      0.231
    Category > 3       0.588      0.183      0.320      1.083
 W4_PA
    Category > 1       0.365      0.329      0.062      2.140
    Category > 2       0.696      0.160      0.443      1.092
    Category > 3       0.768      0.218      0.440      1.341
 W5_PA
    Category > 1       0.472      0.330      0.120      1.860
    Category > 2       0.771      0.191      0.474      1.253
    Category > 3       1.090      0.331      0.601      1.975
 W6_PA
    Category > 1       0.217      0.292      0.016      3.034
    Category > 2       0.734      0.185      0.448      1.203
    Category > 3       0.655      0.199      0.361      1.188
 W7_PA
    Category > 1       0.201      0.213      0.025      1.601
    Category > 2       0.630      0.151      0.394      1.006
    Category > 3       0.900      0.285      0.483      1.676
 W8_PA
    Category > 1       0.000      0.000      0.000      0.000
    Category > 2       0.533      0.125      0.337      0.845
    Category > 3       0.700      0.194      0.406      1.205
 W4_FV
    Category > 1       1.375      0.238      0.980      1.930
 W5_FV
    Category > 1       2.801      0.657      1.769      4.436
 W6_FV
    Category > 1       2.462      0.596      1.532      3.957
 W7_FV
    Category > 1       2.471      0.558      1.587      3.848
 W8_FV
    Category > 1       2.479      0.543      1.614      3.808

Latent Class 5 Compared to Latent Class 6

 W4_SMOKE
    Category > 1       0.180      0.101      0.060      0.541
 W5_SMOKE
    Category > 1       0.125      0.116      0.020      0.774
 W6_SMOKE
    Category > 1       1.031      1.149      0.116      9.164
 W7_SMOKE
    Category > 1       0.711      0.860      0.066      7.607
 W8_SMOKE
    Category > 1       1.201      1.378      0.127     11.391
 W4_DRINK
    Category > 1       0.159      0.070      0.067      0.376
    Category > 2       0.033      0.009      0.019      0.057
    Category > 3       0.039      0.032      0.008      0.192
 W5_DRINK
    Category > 1       0.066      0.033      0.025      0.174
    Category > 2       0.023      0.007      0.012      0.042
    Category > 3       0.000      0.000      0.000      0.000
 W6_DRINK
    Category > 1       0.143      0.051      0.071      0.289
    Category > 2       0.026      0.008      0.015      0.048
    Category > 3       0.000      0.000      0.000      0.000
 W7_DRINK
    Category > 1       0.100      0.038      0.047      0.210
    Category > 2       0.030      0.009      0.017      0.053
    Category > 3       0.000      0.000      0.000      0.000
 W8_DRINK
    Category > 1       0.078      0.037      0.031      0.196
    Category > 2       0.034      0.010      0.019      0.062
    Category > 3       0.005      0.020      0.000     27.952
 W4_PA
    Category > 1       2.155      2.204      0.290     15.992
    Category > 2       7.424      1.761      4.664     11.818
    Category > 3       5.410      1.412      3.244      9.024
 W5_PA
    Category > 1   33176.035      0.000  33176.035  33176.035
    Category > 2       9.890      2.706      5.785     16.909
    Category > 3       7.470      2.202      4.192     13.310
 W6_PA
    Category > 1   14170.073      0.000  14170.072  14170.072
    Category > 2      12.397      3.735      6.869     22.375
    Category > 3       7.009      2.090      3.908     12.573
 W7_PA
    Category > 1   12023.256      0.000  12023.257  12023.257
    Category > 2       9.944      2.882      5.635     17.549
    Category > 3       7.550      2.345      4.108     13.876
 W8_PA
    Category > 1       1.000      0.000      1.000      1.000
    Category > 2       6.067      1.518      3.715      9.906
    Category > 3       5.446      1.440      3.243      9.144
 W4_FV
    Category > 1       5.605      0.956      4.012      7.831
 W5_FV
    Category > 1      13.430      3.428      8.144     22.149
 W6_FV
    Category > 1      11.470      3.071      6.786     19.386
 W7_FV
    Category > 1      10.105      2.500      6.222     16.411
 W8_FV
    Category > 1       9.508      2.237      5.996     15.077


QUALITY OF NUMERICAL RESULTS

     Condition Number for the Information Matrix              0.763E-04
       (ratio of smallest to largest eigenvalue)


TECHNICAL 11 OUTPUT

     Random Starts Specifications for the k-1 Class Analysis Model
        Number of initial stage random starts                 500
        Number of final stage optimizations                   100



     VUONG-LO-MENDELL-RUBIN LIKELIHOOD RATIO TEST FOR 5 (H0) VERSUS 6 CLASSES

          H0 Loglikelihood Value                       -61518.742
          2 Times the Loglikelihood Difference           1435.272
          Difference in the Number of Parameters               41
          Mean                                          25339.049
          Standard Deviation                            24516.094
          P-Value                                          0.8352

     LO-MENDELL-RUBIN ADJUSTED LRT TEST

          Value                                          1431.213
          P-Value                                          0.8353


PLOT INFORMATION

The following plots are available:

  Histograms (sample values)
  Scatterplots (sample values)
  Sample proportions and estimated probabilities

     Beginning Time:  13:47:38
        Ending Time:  13:58:30
       Elapsed Time:  00:10:52



MUTHEN & MUTHEN
3463 Stoner Ave.
Los Angeles, CA  90066

Tel: (310) 391-9971
Fax: (310) 391-8971
Web: www.StatModel.com
Support: Support@StatModel.com

Copyright (c) 1998-2020 Muthen & Muthen
