Mplus VERSION 8.5 (Mac)
MUTHEN & MUTHEN
11/19/2022   8:14 PM

INPUT INSTRUCTIONS

  TITLE:
  Step3 - 3step LSAY - Lab9
  DATA:
  FILE = "./Step1_MPlus_Outcomes.dat";

  VARIABLE:
  NAMES = W4_SMOKE W5_SMOKE W6_SMOKE W7_SMOKE W8_SMOKE W4_DRINK W5_DRINK W6_DRINK
       W7_DRINK W8_DRINK W4_PA W5_PA W6_PA W7_PA W8_PA W4_FV W5_FV W6_FV W7_FV W8_FV
       FEMALE AGE PAT_INT PAT_HIG SELF_INT SELF_HIG EDU_UPP EDU_TER WEALTH_2 WEALTH_3
       EYE_4 CIRCUL_4 ENDOCR_4 MUSCUL_4 RESPIR_4 NEOPLA_4 NERVOU_4 MENTAL_4 MULTI_4
       CMULTI_4 LUNCAN_4 EYE CIRCUL ENDOCR MUSCUL RESPIR NEOPLA NERVOU MENTAL MULTI
       CMULTI LUNCAN CPROB1 CPROB2 CPROB3 CPROB4 CPROB5 CPROB6 N WEIGHTS;
   MISSING=.;
   nominal=N;
    usevar = n;
    USEOBSERVATIONS = Female NE -99 AND Age NE -99 AND
    Pat_Int NE -99 AND
  Pat_Hig NE -99 AND Self_Int NE -99 AND
  Self_Hig NE -99 AND Edu_Upp NE -99 AND
  Edu_Ter NE -99 AND
  Wealth_2 NE -99 AND Wealth_3 NE -99;
    missing are all (-99);
    classes = c(6);
    CATEGORICAL = RESPIR;
    usevar = Female Age
     Pat_Int Pat_Hig Self_Int Self_Hig Edu_Upp
     Edu_Ter Wealth_2 Wealth_3 RESPIR;
    WEIGHT  = Weights;
  ANALYSIS:
  estimator = mlr;
    type = mixture;
    starts = 0;
    ITERATIONS = 1000;
  MODEL:
  %OVERALL%

  RESPIR ON Female
     Pat_Int Pat_Hig Self_Int Self_Hig Edu_Upp
     Edu_Ter Wealth_2 Wealth_3 ;         ! covariate as predictor of distal
  RESPIR ON Age;
      %C#1%
      [n#1@3.551];
      [n#2@-0.359];
      [n#3@-0.744];
      [n#4@0.855];
      [n#5@-5.262];

    [RESPIR$1](m1);
   RESPIR ON Age(s1);
     %C#2%
    [n#1@3.635];
    [n#2@6.175];
    [n#3@3.837];
    [n#4@0.016];
    [n#5@-4.895];

    [RESPIR$1](m2);
   RESPIR ON Age(s2);
    %C#3%
   [n#1@-0.391];
    [n#2@0.208];
    [n#3@3.255];
    [n#4@0.355];
    [n#5@-4.856];


    [RESPIR$1](m3);
   RESPIR ON Age(s3);
     %C#4%
    [n#1@-0.118];
    [n#2@-5.902];
    [n#3@-0.905];
    [n#4@2.93];
    [n#5@-4.442];


    [RESPIR$1](m4);
   RESPIR ON Age(s4);

     %C#5%
    [n#1@-1.316];
    [n#2@-2.843];
    [n#3@-0.178];
    [n#4@-0.75];
    [n#5@4.251];


    [RESPIR$1](m5);
   RESPIR ON Age(s5);
      %C#6%
    [n#1@-3.545];
    [n#2@-8.357];
    [n#3@-3.614];
    [n#4@-2.593];
    [n#5@-6.997];

      [RESPIR$1](m6);
     RESPIR ON Age(s6);
  MODEL CONSTRAINT:
  New (diff12 diff13 diff23 diff14
    diff24 diff34 diff15 diff16 diff25
    diff26 diff35 diff36 diff45
    diff46 diff56
    slope12 slope13 slope23 slope14
    slope24 slope34 slope15 slope16 slope25
    slope26 slope35 slope36 slope45 slope46 slope56);
    diff12 = m1-m2;  ! test pairwise distal mean differences
    diff13 = m1-m3;
    diff23 = m2-m3;
    diff14 = m1-m4;
    diff24 = m2-m4;
    diff34 = m3-m4;
    diff15 = m1-m5;
    diff16 = m1-m6;
    diff25 = m2-m5;
    diff26 = m2-m6;
    diff35 = m3-m5;
    diff36 = m3-m6;
    diff45 = m4-m5;
    diff46 = m4-m6;
    diff56 = m5-m6;
      slope12 = s1-s2;
    slope13 = s1-s3;
    slope23 = s2-s3;
    slope14 = s1-s4;
    slope24 = s2-s4;
    slope34 = s3-s4;
    slope15 = s1-s5;
    slope16 = s1-s6;
    slope25 = s2-s5;
    slope26 = s2-s6;
    slope35 = s3-s5;
    slope36 = s3-s6;
    slope45 = s4-s5;
    slope46 = s4-s6;
    slope56 = s5-s6;

  MODEL TEST:

     0=s1-s2;
     0=s2-s3;
     0=s3-s4;
     0=s4-s5;
     0=s5-s6;
  OUTPUT:
  sampstat residual TECH11 TECH14;



*** WARNING
  One or more observations has a value of 0 for the WEIGHT variable.
*** WARNING in OUTPUT command
  TECH11 option is not available in conjunction with nonlinear constraints
  through the use of MODEL CONSTRAINT.  Request for TECH11 is ignored.
*** WARNING in OUTPUT command
  TECH14 option is not available for TYPE=MIXTURE with weights.
  Request for TECH14 is ignored.
   3 WARNING(S) FOUND IN THE INPUT INSTRUCTIONS




Step3 - 3step LSAY - Lab9

SUMMARY OF ANALYSIS

Number of groups                                                 1
Number of observations                                        3787

Number of dependent variables                                    2
Number of independent variables                                 10
Number of continuous latent variables                            0
Number of categorical latent variables                           1

Observed dependent variables

  Binary and ordered categorical (ordinal)
   RESPIR

  Unordered categorical (nominal)
   N

Observed independent variables
   FEMALE      AGE         PAT_INT     PAT_HIG     SELF_INT    SELF_HIG
   EDU_UPP     EDU_TER     WEALTH_2    WEALTH_3

Categorical latent variables
   C

Variables with special functions

  Weight variable       WEIGHTS

Estimator                                                      MLR
Information matrix                                        OBSERVED
Optimization Specifications for the Quasi-Newton Algorithm for
Continuous Outcomes
  Maximum number of iterations                                1000
  Convergence criterion                                  0.100D-05
Optimization Specifications for the EM Algorithm
  Maximum number of iterations                                 500
  Convergence criteria
    Loglikelihood change                                 0.100D-06
    Relative loglikelihood change                        0.100D-06
    Derivative                                           0.100D-05
Optimization Specifications for the M step of the EM Algorithm for
Categorical Latent variables
  Number of M step iterations                                    1
  M step convergence criterion                           0.100D-05
  Basis for M step termination                           ITERATION
Optimization Specifications for the M step of the EM Algorithm for
Censored, Binary or Ordered Categorical (Ordinal), Unordered
Categorical (Nominal) and Count Outcomes
  Number of M step iterations                                    1
  M step convergence criterion                           0.100D-05
  Basis for M step termination                           ITERATION
  Maximum value for logit thresholds                            15
  Minimum value for logit thresholds                           -15
  Minimum expected cell size for chi-square              0.100D-01
Maximum number of iterations for H1                           2000
Convergence criterion for H1                             0.100D-03
Optimization algorithm                                         EMA
Link                                                         LOGIT

Input data file(s)
  ./Step1_MPlus_Outcomes.dat
Input data format  FREE


SUMMARY OF DATA

     Number of missing data patterns             1
     Number of y missing data patterns           0
     Number of u missing data patterns           1


COVARIANCE COVERAGE OF DATA

Minimum covariance coverage value   0.100


UNIVARIATE PROPORTIONS AND COUNTS FOR CATEGORICAL VARIABLES

    RESPIR
      Category 1    0.859         3251.919
      Category 2    0.141          535.081
    N
      Category 1    0.211          798.978
      Category 2    0.105          398.439
      Category 3    0.176          667.361
      Category 4    0.231          874.945
      Category 5    0.101          383.414
      Category 6    0.175          663.864


SAMPLE STATISTICS


     SAMPLE STATISTICS


           Means
              FEMALE        AGE           PAT_INT       PAT_HIG       SELF_INT
              ________      ________      ________      ________      ________
                0.521        63.677         0.328         0.382         0.246


           Means
              SELF_HIG      EDU_UPP       EDU_TER       WEALTH_2      WEALTH_3
              ________      ________      ________      ________      ________
                0.350         0.475         0.168         0.336         0.358


           Covariances
              FEMALE        AGE           PAT_INT       PAT_HIG       SELF_INT
              ________      ________      ________      ________      ________
 FEMALE         0.250
 AGE            0.237        67.179
 PAT_INT       -0.011        -0.023         0.220
 PAT_HIG        0.008        -0.193        -0.125         0.236
 SELF_INT       0.019        -0.013         0.002         0.007         0.185
 SELF_HIG      -0.030        -0.428        -0.014         0.053        -0.086
 EDU_UPP       -0.013        -0.376         0.001         0.014         0.022
 EDU_TER       -0.021        -0.425        -0.019         0.045        -0.014
 WEALTH_2      -0.003        -0.008         0.013        -0.012         0.005
 WEALTH_3      -0.010        -0.213        -0.020         0.063         0.012


           Covariances
              SELF_HIG      EDU_UPP       EDU_TER       WEALTH_2      WEALTH_3
              ________      ________      ________      ________      ________
 SELF_HIG       0.228
 EDU_UPP        0.006         0.249
 EDU_TER        0.072        -0.080         0.140
 WEALTH_2      -0.010         0.013        -0.014         0.223
 WEALTH_3       0.062         0.010         0.049        -0.120         0.230


           Correlations
              FEMALE        AGE           PAT_INT       PAT_HIG       SELF_INT
              ________      ________      ________      ________      ________
 FEMALE         1.000
 AGE            0.058         1.000
 PAT_INT       -0.048        -0.006         1.000
 PAT_HIG        0.034        -0.048        -0.550         1.000
 SELF_INT       0.088        -0.004         0.009         0.032         1.000
 SELF_HIG      -0.124        -0.109        -0.062         0.227        -0.419
 EDU_UPP       -0.051        -0.092         0.003         0.058         0.104
 EDU_TER       -0.113        -0.139        -0.107         0.248        -0.087
 WEALTH_2      -0.012        -0.002         0.059        -0.052         0.026
 WEALTH_3      -0.043        -0.054        -0.089         0.271         0.060


           Correlations
              SELF_HIG      EDU_UPP       EDU_TER       WEALTH_2      WEALTH_3
              ________      ________      ________      ________      ________
 SELF_HIG       1.000
 EDU_UPP        0.027         1.000
 EDU_TER        0.405        -0.427         1.000
 WEALTH_2      -0.045         0.053        -0.079         1.000
 WEALTH_3       0.271         0.042         0.274        -0.530         1.000


UNIVARIATE SAMPLE STATISTICS


     UNIVARIATE HIGHER-ORDER MOMENT DESCRIPTIVE STATISTICS

         Variable/         Mean/     Skewness/   Minimum/ % with                Percentiles
        Sample Size      Variance    Kurtosis    Maximum  Min/Max      20%/60%    40%/80%    Median

     FEMALE                0.521      -0.085       0.000   44.57%       0.000      0.000      1.000
            3787.000       0.250      -1.993       1.000   55.43%       1.000      1.000
     AGE                  63.677       0.649      36.000    0.05%      55.000     60.000     61.000
            3787.000      67.179      -0.452      99.000    0.03%      64.000     70.000
     PAT_INT               0.328       0.732       0.000   68.37%       0.000      0.000      0.000
            3787.000       0.220      -1.464       1.000   31.63%       0.000      1.000
     PAT_HIG               0.382       0.484       0.000   58.44%       0.000      0.000      0.000
            3787.000       0.236      -1.766       1.000   41.56%       1.000      1.000
     SELF_INT              0.246       1.181       0.000   74.33%       0.000      0.000      0.000
            3787.000       0.185      -0.605       1.000   25.67%       0.000      1.000
     SELF_HIG              0.350       0.627       0.000   59.92%       0.000      0.000      0.000
            3787.000       0.228      -1.607       1.000   40.08%       1.000      1.000
     EDU_UPP               0.475       0.100       0.000   48.67%       0.000      0.000      1.000
            3787.000       0.249      -1.990       1.000   51.33%       1.000      1.000
     EDU_TER               0.168       1.780       0.000   79.03%       0.000      0.000      0.000
            3787.000       0.140       1.167       1.000   20.97%       0.000      1.000
     WEALTH_2              0.336       0.696       0.000   66.36%       0.000      0.000      0.000
            3787.000       0.223      -1.516       1.000   33.64%       0.000      1.000
     WEALTH_3              0.358       0.594       0.000   59.99%       0.000      0.000      0.000
            3787.000       0.230      -1.647       1.000   40.01%       0.000      1.000


THE MODEL ESTIMATION TERMINATED NORMALLY



MODEL FIT INFORMATION

Number of Free Parameters                       26

Loglikelihood

          H0 Value                       -8117.514
          H0 Scaling Correction Factor      1.2590
            for MLR

Information Criteria

          Akaike (AIC)                   16287.028
          Bayesian (BIC)                 16449.250
          Sample-Size Adjusted BIC       16366.635
            (n* = (n + 2) / 24)

Wald Test of Parameter Constraints

          Value                              2.693
          Degrees of Freedom                     5
          P-Value                           0.7472



FINAL CLASS COUNTS AND PROPORTIONS FOR THE LATENT CLASSES
BASED ON THE ESTIMATED MODEL

    Latent
   Classes

       1        793.25490          0.20947
       2        419.83773          0.11086
       3        685.54304          0.18103
       4        841.23594          0.22214
       5        396.48997          0.10470
       6        650.63842          0.17181


FINAL CLASS COUNTS AND PROPORTIONS FOR THE LATENT CLASSES
BASED ON ESTIMATED POSTERIOR PROBABILITIES

    Latent
   Classes

       1        793.25490          0.20947
       2        419.83773          0.11086
       3        685.54304          0.18103
       4        841.23594          0.22214
       5        396.48997          0.10470
       6        650.63842          0.17181


FINAL CLASS COUNTS AND PROPORTIONS FOR THE LATENT CLASSES
BASED ON THEIR MOST LIKELY LATENT CLASS MEMBERSHIP

Class Counts and Proportions

    Latent
   Classes

       1              799          0.21098
       2              398          0.10521
       3              667          0.17622
       4              875          0.23104
       5              383          0.10124
       6              664          0.17530


CLASSIFICATION QUALITY

     Entropy                         0.728


Average Latent Class Probabilities for Most Likely Latent Class Membership (Row)
by Latent Class (Column)

           1        2        3        4        5        6

    1   0.879    0.035    0.019    0.044    0.002    0.021
    2   0.035    0.893    0.070    0.000    0.001    0.000
    3   0.014    0.051    0.880    0.024    0.007    0.023
    4   0.054    0.001    0.037    0.856    0.003    0.049
    5   0.000    0.000    0.000    0.001    0.997    0.001
    6   0.030    0.001    0.034    0.060    0.008    0.866


Classification Probabilities for the Most Likely Latent Class Membership (Column)
by Latent Class (Row)

           1        2        3        4        5        6

    1   0.885    0.018    0.012    0.060    0.000    0.025
    2   0.067    0.848    0.082    0.002    0.000    0.002
    3   0.022    0.041    0.857    0.047    0.000    0.033
    4   0.042    0.000    0.019    0.890    0.001    0.048
    5   0.004    0.001    0.011    0.006    0.964    0.014
    6   0.026    0.000    0.024    0.066    0.001    0.884


Logits for the Classification Probabilities for the Most Likely Latent Class Membership (Column)
by Latent Class (Row)

              1        2        3        4        5        6

    1      3.551   -0.359   -0.744    0.855   -5.263    0.000
    2      3.635    6.175    3.837    0.016   -4.895    0.000
    3     -0.391    0.208    3.255    0.355   -4.857    0.000
    4     -0.118   -5.902   -0.905    2.930   -4.442    0.000
    5     -1.318   -2.844   -0.181   -0.753    4.249    0.000
    6     -3.545   -8.357   -3.614   -2.593   -6.998    0.000


MODEL RESULTS

                                                    Two-Tailed
                    Estimate       S.E.  Est./S.E.    P-Value

Latent Class 1

 RESPIR     ON
    FEMALE            -0.012      0.112     -0.105      0.917
    PAT_INT            0.057      0.142      0.403      0.687
    PAT_HIG            0.347      0.144      2.414      0.016
    SELF_INT          -0.045      0.142     -0.315      0.753
    SELF_HIG          -0.264      0.146     -1.808      0.071
    EDU_UPP           -0.048      0.130     -0.369      0.712
    EDU_TER           -0.098      0.191     -0.514      0.607
    WEALTH_2          -0.281      0.135     -2.079      0.038
    WEALTH_3          -0.489      0.153     -3.193      0.001
    AGE                0.003      0.020      0.141      0.888

 Means
    N#1                3.551      0.000    999.000    999.000
    N#2               -0.359      0.000    999.000    999.000
    N#3               -0.744      0.000    999.000    999.000
    N#4                0.855      0.000    999.000    999.000
    N#5               -5.262      0.000    999.000    999.000

 Thresholds
    RESPIR$1           2.032      1.273      1.597      0.110

Latent Class 2

 RESPIR     ON
    FEMALE            -0.012      0.112     -0.105      0.917
    PAT_INT            0.057      0.142      0.403      0.687
    PAT_HIG            0.347      0.144      2.414      0.016
    SELF_INT          -0.045      0.142     -0.315      0.753
    SELF_HIG          -0.264      0.146     -1.808      0.071
    EDU_UPP           -0.048      0.130     -0.369      0.712
    EDU_TER           -0.098      0.191     -0.514      0.607
    WEALTH_2          -0.281      0.135     -2.079      0.038
    WEALTH_3          -0.489      0.153     -3.193      0.001
    AGE                0.011      0.034      0.341      0.733

 Means
    N#1                3.635      0.000    999.000    999.000
    N#2                6.175      0.000    999.000    999.000
    N#3                3.837      0.000    999.000    999.000
    N#4                0.016      0.000    999.000    999.000
    N#5               -4.895      0.000    999.000    999.000

 Thresholds
    RESPIR$1           2.376      2.094      1.135      0.256

Latent Class 3

 RESPIR     ON
    FEMALE            -0.012      0.112     -0.105      0.917
    PAT_INT            0.057      0.142      0.403      0.687
    PAT_HIG            0.347      0.144      2.414      0.016
    SELF_INT          -0.045      0.142     -0.315      0.753
    SELF_HIG          -0.264      0.146     -1.808      0.071
    EDU_UPP           -0.048      0.130     -0.369      0.712
    EDU_TER           -0.098      0.191     -0.514      0.607
    WEALTH_2          -0.281      0.135     -2.079      0.038
    WEALTH_3          -0.489      0.153     -3.193      0.001
    AGE                0.025      0.021      1.216      0.224

 Means
    N#1               -0.391      0.000    999.000    999.000
    N#2                0.208      0.000    999.000    999.000
    N#3                3.255      0.000    999.000    999.000
    N#4                0.355      0.000    999.000    999.000
    N#5               -4.856      0.000    999.000    999.000

 Thresholds
    RESPIR$1           3.285      1.371      2.396      0.017

Latent Class 4

 RESPIR     ON
    FEMALE            -0.012      0.112     -0.105      0.917
    PAT_INT            0.057      0.142      0.403      0.687
    PAT_HIG            0.347      0.144      2.414      0.016
    SELF_INT          -0.045      0.142     -0.315      0.753
    SELF_HIG          -0.264      0.146     -1.808      0.071
    EDU_UPP           -0.048      0.130     -0.369      0.712
    EDU_TER           -0.098      0.191     -0.514      0.607
    WEALTH_2          -0.281      0.135     -2.079      0.038
    WEALTH_3          -0.489      0.153     -3.193      0.001
    AGE               -0.004      0.013     -0.271      0.787

 Means
    N#1               -0.118      0.000    999.000    999.000
    N#2               -5.902      0.000    999.000    999.000
    N#3               -0.905      0.000    999.000    999.000
    N#4                2.930      0.000    999.000    999.000
    N#5               -4.442      0.000    999.000    999.000

 Thresholds
    RESPIR$1           1.199      0.890      1.348      0.178

Latent Class 5

 RESPIR     ON
    FEMALE            -0.012      0.112     -0.105      0.917
    PAT_INT            0.057      0.142      0.403      0.687
    PAT_HIG            0.347      0.144      2.414      0.016
    SELF_INT          -0.045      0.142     -0.315      0.753
    SELF_HIG          -0.264      0.146     -1.808      0.071
    EDU_UPP           -0.048      0.130     -0.369      0.712
    EDU_TER           -0.098      0.191     -0.514      0.607
    WEALTH_2          -0.281      0.135     -2.079      0.038
    WEALTH_3          -0.489      0.153     -3.193      0.001
    AGE                0.029      0.019      1.507      0.132

 Means
    N#1               -1.316      0.000    999.000    999.000
    N#2               -2.843      0.000    999.000    999.000
    N#3               -0.178      0.000    999.000    999.000
    N#4               -0.750      0.000    999.000    999.000
    N#5                4.251      0.000    999.000    999.000

 Thresholds
    RESPIR$1           2.744      1.193      2.300      0.021

Latent Class 6

 RESPIR     ON
    FEMALE            -0.012      0.112     -0.105      0.917
    PAT_INT            0.057      0.142      0.403      0.687
    PAT_HIG            0.347      0.144      2.414      0.016
    SELF_INT          -0.045      0.142     -0.315      0.753
    SELF_HIG          -0.264      0.146     -1.808      0.071
    EDU_UPP           -0.048      0.130     -0.369      0.712
    EDU_TER           -0.098      0.191     -0.514      0.607
    WEALTH_2          -0.281      0.135     -2.079      0.038
    WEALTH_3          -0.489      0.153     -3.193      0.001
    AGE                0.010      0.015      0.646      0.518

 Means
    N#1               -3.545      0.000    999.000    999.000
    N#2               -8.357      0.000    999.000    999.000
    N#3               -3.614      0.000    999.000    999.000
    N#4               -2.593      0.000    999.000    999.000
    N#5               -6.997      0.000    999.000    999.000

 Thresholds
    RESPIR$1           2.389      1.027      2.325      0.020

Categorical Latent Variables

 Means
    C#1                0.198      0.071      2.779      0.005
    C#2               -0.438      0.081     -5.430      0.000
    C#3                0.052      0.075      0.692      0.489
    C#4                0.257      0.076      3.382      0.001
    C#5               -0.495      0.082     -6.045      0.000

New/Additional Parameters
    DIFF12            -0.344      2.508     -0.137      0.891
    DIFF13            -1.253      1.866     -0.672      0.502
    DIFF23            -0.909      2.648     -0.343      0.731
    DIFF14             0.833      1.583      0.526      0.599
    DIFF24             1.177      2.236      0.526      0.599
    DIFF34             2.086      1.663      1.254      0.210
    DIFF15            -0.712      1.730     -0.412      0.681
    DIFF16            -0.357      1.630     -0.219      0.827
    DIFF25            -0.368      2.378     -0.155      0.877
    DIFF26            -0.013      2.294     -0.006      0.996
    DIFF35             0.541      1.813      0.298      0.766
    DIFF36             0.896      1.735      0.516      0.606
    DIFF45            -1.545      1.468     -1.052      0.293
    DIFF46            -1.190      1.373     -0.867      0.386
    DIFF56             0.355      1.558      0.228      0.820
    SLOPE12           -0.009      0.040     -0.215      0.830
    SLOPE13           -0.023      0.029     -0.779      0.436
    SLOPE23           -0.014      0.042     -0.330      0.742
    SLOPE14            0.006      0.025      0.258      0.796
    SLOPE24            0.015      0.036      0.420      0.675
    SLOPE34            0.029      0.025      1.139      0.255
    SLOPE15           -0.026      0.028     -0.945      0.345
    SLOPE16           -0.007      0.025     -0.278      0.781
    SLOPE25           -0.017      0.039     -0.452      0.652
    SLOPE26            0.002      0.037      0.045      0.964
    SLOPE35           -0.003      0.029     -0.121      0.903
    SLOPE36            0.016      0.027      0.587      0.557
    SLOPE45           -0.032      0.023     -1.396      0.163
    SLOPE46           -0.013      0.021     -0.645      0.519
    SLOPE56            0.019      0.025      0.776      0.438


RESULTS IN PROBABILITY SCALE

                    Estimate

Latent Class 1

 RESPIR
    Category 1         0.896
    Category 2         0.104

Latent Class 2

 RESPIR
    Category 1         0.885
    Category 2         0.115

Latent Class 3

 RESPIR
    Category 1         0.874
    Category 2         0.126

Latent Class 4

 RESPIR
    Category 1         0.836
    Category 2         0.164

Latent Class 5

 RESPIR
    Category 1         0.757
    Category 2         0.243

Latent Class 6

 RESPIR
    Category 1         0.871
    Category 2         0.129


LOGISTIC REGRESSION ODDS RATIO RESULTS

                                                95% C.I.
                    Estimate       S.E.  Lower 2.5% Upper 2.5%

Latent Class 1

 RESPIR     ON
    FEMALE             0.988      0.111      0.793      1.231
    PAT_INT            1.059      0.151      0.801      1.400
    PAT_HIG            1.415      0.203      1.068      1.876
    SELF_INT           0.956      0.136      0.723      1.264
    SELF_HIG           0.768      0.112      0.577      1.022
    EDU_UPP            0.953      0.124      0.738      1.231
    EDU_TER            0.907      0.173      0.623      1.318
    WEALTH_2           0.755      0.102      0.579      0.984
    WEALTH_3           0.614      0.094      0.455      0.828
    AGE                1.003      0.020      0.965      1.042

Latent Class 2

 RESPIR     ON
    FEMALE             0.988      0.111      0.793      1.231
    PAT_INT            1.059      0.151      0.801      1.400
    PAT_HIG            1.415      0.203      1.068      1.876
    SELF_INT           0.956      0.136      0.723      1.264
    SELF_HIG           0.768      0.112      0.577      1.022
    EDU_UPP            0.953      0.124      0.738      1.231
    EDU_TER            0.907      0.173      0.623      1.318
    WEALTH_2           0.755      0.102      0.579      0.984
    WEALTH_3           0.614      0.094      0.455      0.828
    AGE                1.012      0.034      0.947      1.080

Latent Class 3

 RESPIR     ON
    FEMALE             0.988      0.111      0.793      1.231
    PAT_INT            1.059      0.151      0.801      1.400
    PAT_HIG            1.415      0.203      1.068      1.876
    SELF_INT           0.956      0.136      0.723      1.264
    SELF_HIG           0.768      0.112      0.577      1.022
    EDU_UPP            0.953      0.124      0.738      1.231
    EDU_TER            0.907      0.173      0.623      1.318
    WEALTH_2           0.755      0.102      0.579      0.984
    WEALTH_3           0.614      0.094      0.455      0.828
    AGE                1.026      0.021      0.985      1.069

Latent Class 4

 RESPIR     ON
    FEMALE             0.988      0.111      0.793      1.231
    PAT_INT            1.059      0.151      0.801      1.400
    PAT_HIG            1.415      0.203      1.068      1.876
    SELF_INT           0.956      0.136      0.723      1.264
    SELF_HIG           0.768      0.112      0.577      1.022
    EDU_UPP            0.953      0.124      0.738      1.231
    EDU_TER            0.907      0.173      0.623      1.318
    WEALTH_2           0.755      0.102      0.579      0.984
    WEALTH_3           0.614      0.094      0.455      0.828
    AGE                0.996      0.013      0.971      1.023

Latent Class 5

 RESPIR     ON
    FEMALE             0.988      0.111      0.793      1.231
    PAT_INT            1.059      0.151      0.801      1.400
    PAT_HIG            1.415      0.203      1.068      1.876
    SELF_INT           0.956      0.136      0.723      1.264
    SELF_HIG           0.768      0.112      0.577      1.022
    EDU_UPP            0.953      0.124      0.738      1.231
    EDU_TER            0.907      0.173      0.623      1.318
    WEALTH_2           0.755      0.102      0.579      0.984
    WEALTH_3           0.614      0.094      0.455      0.828
    AGE                1.029      0.020      0.991      1.069

Latent Class 6

 RESPIR     ON
    FEMALE             0.988      0.111      0.793      1.231
    PAT_INT            1.059      0.151      0.801      1.400
    PAT_HIG            1.415      0.203      1.068      1.876
    SELF_INT           0.956      0.136      0.723      1.264
    SELF_HIG           0.768      0.112      0.577      1.022
    EDU_UPP            0.953      0.124      0.738      1.231
    EDU_TER            0.907      0.173      0.623      1.318
    WEALTH_2           0.755      0.102      0.579      0.984
    WEALTH_3           0.614      0.094      0.455      0.828
    AGE                1.010      0.015      0.980      1.040


QUALITY OF NUMERICAL RESULTS

     Condition Number for the Information Matrix              0.706E-08
       (ratio of smallest to largest eigenvalue)


RESIDUAL OUTPUT


     ESTIMATED MODEL AND RESIDUALS (OBSERVED - ESTIMATED) FOR CLASS 1


           Model Estimated Means
              FEMALE        AGE           PAT_INT       PAT_HIG       SELF_INT
              ________      ________      ________      ________      ________
                0.529        62.475         0.330         0.425         0.274


           Model Estimated Means
              SELF_HIG      EDU_UPP       EDU_TER       WEALTH_2      WEALTH_3
              ________      ________      ________      ________      ________
                0.396         0.494         0.225         0.362         0.448


           Residuals for Means
              FEMALE        AGE           PAT_INT       PAT_HIG       SELF_INT
              ________      ________      ________      ________      ________
                0.000         0.000         0.000         0.000         0.000


           Residuals for Means
              SELF_HIG      EDU_UPP       EDU_TER       WEALTH_2      WEALTH_3
              ________      ________      ________      ________      ________
                0.000         0.000         0.000         0.000         0.000


           Model Estimated Covariances
              FEMALE        AGE           PAT_INT       PAT_HIG       SELF_INT
              ________      ________      ________      ________      ________
 FEMALE         0.249
 AGE            0.023        52.224
 PAT_INT        0.000         0.000         0.221
 PAT_HIG        0.023         0.000         0.000         0.244
 SELF_INT       0.017         0.135         0.013         0.000         0.199
 SELF_HIG       0.000         0.000         0.000         0.048         0.000
 EDU_UPP        0.000         0.071         0.007         0.000         0.028
 EDU_TER        0.000         0.000         0.000         0.053         0.000
 WEALTH_2       0.000         0.073         0.016         0.000         0.006
 WEALTH_3       0.009         0.000         0.000         0.057         0.004


           Model Estimated Covariances
              SELF_HIG      EDU_UPP       EDU_TER       WEALTH_2      WEALTH_3
              ________      ________      ________      ________      ________
 SELF_HIG       0.239
 EDU_UPP        0.000         0.250
 EDU_TER        0.085         0.000         0.174
 WEALTH_2       0.000         0.005         0.000         0.231
 WEALTH_3       0.051         0.000         0.045         0.000         0.247


           Residuals for Covariances
              FEMALE        AGE           PAT_INT       PAT_HIG       SELF_INT
              ________      ________      ________      ________      ________
 FEMALE         0.000
 AGE            0.000         0.000
 PAT_INT        0.000         0.000         0.000
 PAT_HIG        0.000         0.000         0.000         0.000
 SELF_INT       0.000         0.000         0.000         0.000         0.000
 SELF_HIG       0.000         0.000         0.000         0.000         0.000
 EDU_UPP        0.000         0.000         0.000         0.000         0.000
 EDU_TER        0.000         0.000         0.000         0.000         0.000
 WEALTH_2       0.000         0.000         0.000         0.000         0.000
 WEALTH_3       0.000         0.000         0.000         0.000         0.000


           Residuals for Covariances
              SELF_HIG      EDU_UPP       EDU_TER       WEALTH_2      WEALTH_3
              ________      ________      ________      ________      ________
 SELF_HIG       0.000
 EDU_UPP        0.000         0.000
 EDU_TER        0.000         0.000         0.000
 WEALTH_2       0.000         0.000         0.000         0.000
 WEALTH_3       0.000         0.000         0.000         0.000         0.000


     ESTIMATED MODEL AND RESIDUALS (OBSERVED - ESTIMATED) FOR CLASS 2


           Model Estimated Means
              FEMALE        AGE           PAT_INT       PAT_HIG       SELF_INT
              ________      ________      ________      ________      ________
                0.330        60.767         0.290         0.490         0.244


           Model Estimated Means
              SELF_HIG      EDU_UPP       EDU_TER       WEALTH_2      WEALTH_3
              ________      ________      ________      ________      ________
                0.543         0.494         0.334         0.294         0.568


           Residuals for Means
              FEMALE        AGE           PAT_INT       PAT_HIG       SELF_INT
              ________      ________      ________      ________      ________
                0.000         0.000         0.000         0.000         0.000


           Residuals for Means
              SELF_HIG      EDU_UPP       EDU_TER       WEALTH_2      WEALTH_3
              ________      ________      ________      ________      ________
                0.000         0.000         0.000         0.000         0.000


           Model Estimated Covariances
              FEMALE        AGE           PAT_INT       PAT_HIG       SELF_INT
              ________      ________      ________      ________      ________
 FEMALE         0.221
 AGE            0.000        38.202
 PAT_INT        0.000         0.000         0.206
 PAT_HIG        0.033         0.248         0.000         0.250
 SELF_INT       0.022         0.061         0.000         0.000         0.184
 SELF_HIG       0.000         0.000         0.000         0.047         0.000
 EDU_UPP        0.003         0.081         0.017         0.000         0.021
 EDU_TER        0.000         0.000         0.000         0.048         0.000
 WEALTH_2       0.000         0.004         0.011         0.000         0.006
 WEALTH_3       0.016         0.146         0.000         0.048         0.000


           Model Estimated Covariances
              SELF_HIG      EDU_UPP       EDU_TER       WEALTH_2      WEALTH_3
              ________      ________      ________      ________      ________
 SELF_HIG       0.248
 EDU_UPP        0.000         0.250
 EDU_TER        0.086         0.000         0.222
 WEALTH_2       0.000         0.033         0.000         0.208
 WEALTH_3       0.062         0.000         0.069         0.000         0.245


           Residuals for Covariances
              FEMALE        AGE           PAT_INT       PAT_HIG       SELF_INT
              ________      ________      ________      ________      ________
 FEMALE         0.000
 AGE            0.000         0.000
 PAT_INT        0.000         0.000         0.000
 PAT_HIG        0.000         0.000         0.000         0.000
 SELF_INT       0.000         0.000         0.000         0.000         0.000
 SELF_HIG       0.000         0.000         0.000         0.000         0.000
 EDU_UPP        0.000         0.000         0.000         0.000         0.000
 EDU_TER        0.000         0.000         0.000         0.000         0.000
 WEALTH_2       0.000         0.000         0.000         0.000         0.000
 WEALTH_3       0.000         0.000         0.000         0.000         0.000


           Residuals for Covariances
              SELF_HIG      EDU_UPP       EDU_TER       WEALTH_2      WEALTH_3
              ________      ________      ________      ________      ________
 SELF_HIG       0.000
 EDU_UPP        0.000         0.000
 EDU_TER        0.000         0.000         0.000
 WEALTH_2       0.000         0.000         0.000         0.000
 WEALTH_3       0.000         0.000         0.000         0.000         0.000


     ESTIMATED MODEL AND RESIDUALS (OBSERVED - ESTIMATED) FOR CLASS 3


           Model Estimated Means
              FEMALE        AGE           PAT_INT       PAT_HIG       SELF_INT
              ________      ________      ________      ________      ________
                0.391        63.396         0.301         0.447         0.240


           Model Estimated Means
              SELF_HIG      EDU_UPP       EDU_TER       WEALTH_2      WEALTH_3
              ________      ________      ________      ________      ________
                0.407         0.502         0.222         0.332         0.441


           Residuals for Means
              FEMALE        AGE           PAT_INT       PAT_HIG       SELF_INT
              ________      ________      ________      ________      ________
                0.000         0.000         0.000         0.000         0.000


           Residuals for Means
              SELF_HIG      EDU_UPP       EDU_TER       WEALTH_2      WEALTH_3
              ________      ________      ________      ________      ________
                0.000         0.000         0.000         0.000         0.000


           Model Estimated Covariances
              FEMALE        AGE           PAT_INT       PAT_HIG       SELF_INT
              ________      ________      ________      ________      ________
 FEMALE         0.238
 AGE            0.153        59.283
 PAT_INT        0.000         0.000         0.210
 PAT_HIG        0.013         0.049         0.000         0.247
 SELF_INT       0.036         0.000         0.005         0.008         0.182
 SELF_HIG       0.000         0.000         0.000         0.059         0.000
 EDU_UPP        0.000         0.000         0.011         0.002         0.019
 EDU_TER        0.000         0.000         0.000         0.054         0.000
 WEALTH_2       0.000         0.000         0.010         0.000         0.000
 WEALTH_3       0.009         0.146         0.000         0.083         0.011


           Model Estimated Covariances
              SELF_HIG      EDU_UPP       EDU_TER       WEALTH_2      WEALTH_3
              ________      ________      ________      ________      ________
 SELF_HIG       0.241
 EDU_UPP        0.000         0.250
 EDU_TER        0.084         0.000         0.172
 WEALTH_2       0.000         0.003         0.000         0.222
 WEALTH_3       0.071         0.012         0.056         0.000         0.246


           Residuals for Covariances
              FEMALE        AGE           PAT_INT       PAT_HIG       SELF_INT
              ________      ________      ________      ________      ________
 FEMALE         0.000
 AGE            0.000         0.000
 PAT_INT        0.000         0.000         0.000
 PAT_HIG        0.000         0.000         0.000         0.000
 SELF_INT       0.000         0.000         0.000         0.000         0.000
 SELF_HIG       0.000         0.000         0.000         0.000         0.000
 EDU_UPP        0.000         0.000         0.000         0.000         0.000
 EDU_TER        0.000         0.000         0.000         0.000         0.000
 WEALTH_2       0.000         0.000         0.000         0.000         0.000
 WEALTH_3       0.000         0.000         0.000         0.000         0.000


           Residuals for Covariances
              SELF_HIG      EDU_UPP       EDU_TER       WEALTH_2      WEALTH_3
              ________      ________      ________      ________      ________
 SELF_HIG       0.000
 EDU_UPP        0.000         0.000
 EDU_TER        0.000         0.000         0.000
 WEALTH_2       0.000         0.000         0.000         0.000
 WEALTH_3       0.000         0.000         0.000         0.000         0.000


     ESTIMATED MODEL AND RESIDUALS (OBSERVED - ESTIMATED) FOR CLASS 4


           Model Estimated Means
              FEMALE        AGE           PAT_INT       PAT_HIG       SELF_INT
              ________      ________      ________      ________      ________
                0.661        65.929         0.313         0.359         0.224


           Model Estimated Means
              SELF_HIG      EDU_UPP       EDU_TER       WEALTH_2      WEALTH_3
              ________      ________      ________      ________      ________
                0.287         0.462         0.104         0.360         0.268


           Residuals for Means
              FEMALE        AGE           PAT_INT       PAT_HIG       SELF_INT
              ________      ________      ________      ________      ________
                0.000         0.000         0.000         0.000         0.000


           Residuals for Means
              SELF_HIG      EDU_UPP       EDU_TER       WEALTH_2      WEALTH_3
              ________      ________      ________      ________      ________
                0.000         0.000         0.000         0.000         0.000


           Model Estimated Covariances
              FEMALE        AGE           PAT_INT       PAT_HIG       SELF_INT
              ________      ________      ________      ________      ________
 FEMALE         0.224
 AGE            0.000        75.933
 PAT_INT        0.000         0.224         0.215
 PAT_HIG        0.024         0.000         0.000         0.230
 SELF_INT       0.013         0.000         0.002         0.010         0.174
 SELF_HIG       0.000         0.000         0.000         0.055         0.000
 EDU_UPP        0.000         0.000         0.000         0.034         0.024
 EDU_TER        0.000         0.000         0.000         0.034         0.000
 WEALTH_2       0.003         0.000         0.023         0.000         0.008
 WEALTH_3       0.002         0.000         0.000         0.059         0.024


           Model Estimated Covariances
              SELF_HIG      EDU_UPP       EDU_TER       WEALTH_2      WEALTH_3
              ________      ________      ________      ________      ________
 SELF_HIG       0.205
 EDU_UPP        0.029         0.249
 EDU_TER        0.052         0.000         0.093
 WEALTH_2       0.000         0.011         0.000         0.230
 WEALTH_3       0.047         0.018         0.026         0.000         0.196


           Residuals for Covariances
              FEMALE        AGE           PAT_INT       PAT_HIG       SELF_INT
              ________      ________      ________      ________      ________
 FEMALE         0.000
 AGE            0.000         0.000
 PAT_INT        0.000         0.000         0.000
 PAT_HIG        0.000         0.000         0.000         0.000
 SELF_INT       0.000         0.000         0.000         0.000         0.000
 SELF_HIG       0.000         0.000         0.000         0.000         0.000
 EDU_UPP        0.000         0.000         0.000         0.000         0.000
 EDU_TER        0.000         0.000         0.000         0.000         0.000
 WEALTH_2       0.000         0.000         0.000         0.000         0.000
 WEALTH_3       0.000         0.000         0.000         0.000         0.000


           Residuals for Covariances
              SELF_HIG      EDU_UPP       EDU_TER       WEALTH_2      WEALTH_3
              ________      ________      ________      ________      ________
 SELF_HIG       0.000
 EDU_UPP        0.000         0.000
 EDU_TER        0.000         0.000         0.000
 WEALTH_2       0.000         0.000         0.000         0.000
 WEALTH_3       0.000         0.000         0.000         0.000         0.000


     ESTIMATED MODEL AND RESIDUALS (OBSERVED - ESTIMATED) FOR CLASS 5


           Model Estimated Means
              FEMALE        AGE           PAT_INT       PAT_HIG       SELF_INT
              ________      ________      ________      ________      ________
                0.546        60.928         0.404         0.250         0.224


           Model Estimated Means
              SELF_HIG      EDU_UPP       EDU_TER       WEALTH_2      WEALTH_3
              ________      ________      ________      ________      ________
                0.260         0.432         0.080         0.281         0.206


           Residuals for Means
              FEMALE        AGE           PAT_INT       PAT_HIG       SELF_INT
              ________      ________      ________      ________      ________
                0.000         0.000         0.000         0.000         0.000


           Residuals for Means
              SELF_HIG      EDU_UPP       EDU_TER       WEALTH_2      WEALTH_3
              ________      ________      ________      ________      ________
                0.000         0.000         0.000         0.000         0.000


           Model Estimated Covariances
              FEMALE        AGE           PAT_INT       PAT_HIG       SELF_INT
              ________      ________      ________      ________      ________
 FEMALE         0.248
 AGE            0.290        52.411
 PAT_INT        0.016         0.000         0.241
 PAT_HIG        0.000         0.000         0.000         0.187
 SELF_INT       0.017         0.099         0.006         0.007         0.174
 SELF_HIG       0.000         0.000         0.006         0.033         0.000
 EDU_UPP        0.000         0.000         0.005         0.030         0.009
 EDU_TER        0.000         0.000         0.000         0.023         0.000
 WEALTH_2       0.003         0.015         0.016         0.000         0.017
 WEALTH_3       0.000         0.000         0.000         0.040         0.012


           Model Estimated Covariances
              SELF_HIG      EDU_UPP       EDU_TER       WEALTH_2      WEALTH_3
              ________      ________      ________      ________      ________
 SELF_HIG       0.193
 EDU_UPP        0.044         0.245
 EDU_TER        0.037         0.000         0.074
 WEALTH_2       0.000         0.008         0.000         0.202
 WEALTH_3       0.050         0.013         0.025         0.000         0.163


           Residuals for Covariances
              FEMALE        AGE           PAT_INT       PAT_HIG       SELF_INT
              ________      ________      ________      ________      ________
 FEMALE         0.000
 AGE            0.000         0.000
 PAT_INT        0.000         0.000         0.000
 PAT_HIG        0.000         0.000         0.000         0.000
 SELF_INT       0.000         0.000         0.000         0.000         0.000
 SELF_HIG       0.000         0.000         0.000         0.000         0.000
 EDU_UPP        0.000         0.000         0.000         0.000         0.000
 EDU_TER        0.000         0.000         0.000         0.000         0.000
 WEALTH_2       0.000         0.000         0.000         0.000         0.000
 WEALTH_3       0.000         0.000         0.000         0.000         0.000


           Residuals for Covariances
              SELF_HIG      EDU_UPP       EDU_TER       WEALTH_2      WEALTH_3
              ________      ________      ________      ________      ________
 SELF_HIG       0.000
 EDU_UPP        0.000         0.000
 EDU_TER        0.000         0.000         0.000
 WEALTH_2       0.000         0.000         0.000         0.000
 WEALTH_3       0.000         0.000         0.000         0.000         0.000


     ESTIMATED MODEL AND RESIDUALS (OBSERVED - ESTIMATED) FOR CLASS 6


           Model Estimated Means
              FEMALE        AGE           PAT_INT       PAT_HIG       SELF_INT
              ________      ________      ________      ________      ________
                0.576        66.077         0.351         0.305         0.260


           Model Estimated Means
              SELF_HIG      EDU_UPP       EDU_TER       WEALTH_2      WEALTH_3
              ________      ________      ________      ________      ________
                0.247         0.455         0.069         0.337         0.233


           Residuals for Means
              FEMALE        AGE           PAT_INT       PAT_HIG       SELF_INT
              ________      ________      ________      ________      ________
                0.000         0.000         0.000         0.000         0.000


           Residuals for Means
              SELF_HIG      EDU_UPP       EDU_TER       WEALTH_2      WEALTH_3
              ________      ________      ________      ________      ________
                0.000         0.000         0.000         0.000         0.000


           Model Estimated Covariances
              FEMALE        AGE           PAT_INT       PAT_HIG       SELF_INT
              ________      ________      ________      ________      ________
 FEMALE         0.244
 AGE            0.344        85.881
 PAT_INT        0.000         0.000         0.228
 PAT_HIG        0.007         0.000         0.000         0.212
 SELF_INT       0.012         0.000         0.000         0.025         0.192
 SELF_HIG       0.000         0.000         0.000         0.028         0.000
 EDU_UPP        0.000         0.000         0.000         0.031         0.025
 EDU_TER        0.000         0.000         0.000         0.017         0.000
 WEALTH_2       0.000         0.000         0.003         0.014         0.005
 WEALTH_3       0.000         0.000         0.000         0.029         0.020


           Model Estimated Covariances
              SELF_HIG      EDU_UPP       EDU_TER       WEALTH_2      WEALTH_3
              ________      ________      ________      ________      ________
 SELF_HIG       0.186
 EDU_UPP        0.035         0.248
 EDU_TER        0.036         0.000         0.064
 WEALTH_2       0.011         0.023         0.002         0.223
 WEALTH_3       0.028         0.026         0.016         0.000         0.179


           Residuals for Covariances
              FEMALE        AGE           PAT_INT       PAT_HIG       SELF_INT
              ________      ________      ________      ________      ________
 FEMALE         0.000
 AGE            0.000         0.000
 PAT_INT        0.000         0.000         0.000
 PAT_HIG        0.000         0.000         0.000         0.000
 SELF_INT       0.000         0.000         0.000         0.000         0.000
 SELF_HIG       0.000         0.000         0.000         0.000         0.000
 EDU_UPP        0.000         0.000         0.000         0.000         0.000
 EDU_TER        0.000         0.000         0.000         0.000         0.000
 WEALTH_2       0.000         0.000         0.000         0.000         0.000
 WEALTH_3       0.000         0.000         0.000         0.000         0.000


           Residuals for Covariances
              SELF_HIG      EDU_UPP       EDU_TER       WEALTH_2      WEALTH_3
              ________      ________      ________      ________      ________
 SELF_HIG       0.000
 EDU_UPP        0.000         0.000
 EDU_TER        0.000         0.000         0.000
 WEALTH_2       0.000         0.000         0.000         0.000
 WEALTH_3       0.000         0.000         0.000         0.000         0.000


     UNIVARIATE DISTRIBUTION FIT FOR CLASS 1

     Variable          Observed      Estimated      Residual (Obs.-Est.)    Stand. Residual
     N
       Category 0        0.885          0.885                  0.000               -0.001
       Category 1        0.018          0.018                  0.000                0.000
       Category 2        0.012          0.012                  0.000                0.000
       Category 3        0.060          0.060                  0.000                0.001
       Category 4        0.000          0.000                  0.000                0.000
       Category 5        0.025          0.025                  0.000                0.000


     UNIVARIATE DISTRIBUTION FIT FOR CLASS 2

     Variable          Observed      Estimated      Residual (Obs.-Est.)    Stand. Residual
     N
       Category 0        0.067          0.067                  0.000                0.000
       Category 1        0.848          0.848                  0.000                0.000
       Category 2        0.082          0.082                  0.000                0.000
       Category 3        0.002          0.002                  0.000                0.000
       Category 4        0.000          0.000                  0.000                0.000
       Category 5        0.002          0.002                  0.000                0.000


     UNIVARIATE DISTRIBUTION FIT FOR CLASS 3

     Variable          Observed      Estimated      Residual (Obs.-Est.)    Stand. Residual
     N
       Category 0        0.022          0.022                  0.000                0.000
       Category 1        0.041          0.041                  0.000                0.000
       Category 2        0.857          0.857                  0.000                0.002
       Category 3        0.047          0.047                  0.000               -0.003
       Category 4        0.000          0.000                  0.000                0.000
       Category 5        0.033          0.033                  0.000               -0.001


     UNIVARIATE DISTRIBUTION FIT FOR CLASS 4

     Variable          Observed      Estimated      Residual (Obs.-Est.)    Stand. Residual
     N
       Category 0        0.042          0.042                  0.000                0.000
       Category 1        0.000          0.000                  0.000                0.000
       Category 2        0.019          0.019                  0.000                0.000
       Category 3        0.890          0.890                  0.000                0.001
       Category 4        0.001          0.001                  0.000                0.000
       Category 5        0.048          0.048                  0.000               -0.002


     UNIVARIATE DISTRIBUTION FIT FOR CLASS 5

     Variable          Observed      Estimated      Residual (Obs.-Est.)    Stand. Residual
     N
       Category 0        0.004          0.004                  0.000                0.000
       Category 1        0.001          0.001                  0.000                0.000
       Category 2        0.011          0.011                  0.000               -0.002
       Category 3        0.006          0.006                  0.000               -0.001
       Category 4        0.964          0.964                  0.000               -0.002
       Category 5        0.014          0.014                  0.000                0.005


     UNIVARIATE DISTRIBUTION FIT FOR CLASS 6

     Variable          Observed      Estimated      Residual (Obs.-Est.)    Stand. Residual
     N
       Category 0        0.026          0.026                  0.000                0.000
       Category 1        0.000          0.000                  0.000                0.000
       Category 2        0.024          0.024                  0.000                0.000
       Category 3        0.066          0.066                  0.000                0.000
       Category 4        0.001          0.001                  0.000                0.000
       Category 5        0.884          0.884                  0.000                0.000


     UNIVARIATE DISTRIBUTION FIT FOR CLASS 1

     Variable          Observed      Estimated      Residual (Obs.-Est.)    Stand. Residual
     RESPIR
       Category 1        0.896          0.896                  0.000                0.000
       Category 2        0.104          0.104                  0.000                0.000


     UNIVARIATE DISTRIBUTION FIT FOR CLASS 2

     Variable          Observed      Estimated      Residual (Obs.-Est.)    Stand. Residual
     RESPIR
       Category 1        0.885          0.885                  0.000                0.000
       Category 2        0.115          0.115                  0.000                0.000


     UNIVARIATE DISTRIBUTION FIT FOR CLASS 3

     Variable          Observed      Estimated      Residual (Obs.-Est.)    Stand. Residual
     RESPIR
       Category 1        0.874          0.874                  0.000                0.000
       Category 2        0.126          0.126                  0.000                0.000


     UNIVARIATE DISTRIBUTION FIT FOR CLASS 4

     Variable          Observed      Estimated      Residual (Obs.-Est.)    Stand. Residual
     RESPIR
       Category 1        0.836          0.836                  0.000                0.000
       Category 2        0.164          0.164                  0.000                0.000


     UNIVARIATE DISTRIBUTION FIT FOR CLASS 5

     Variable          Observed      Estimated      Residual (Obs.-Est.)    Stand. Residual
     RESPIR
       Category 1        0.757          0.757                  0.000                0.000
       Category 2        0.243          0.243                  0.000                0.000


     UNIVARIATE DISTRIBUTION FIT FOR CLASS 6

     Variable          Observed      Estimated      Residual (Obs.-Est.)    Stand. Residual
     RESPIR
       Category 1        0.871          0.871                  0.000                0.000
       Category 2        0.129          0.129                  0.000                0.000


     Beginning Time:  20:14:10
        Ending Time:  20:14:11
       Elapsed Time:  00:00:01



MUTHEN & MUTHEN
3463 Stoner Ave.
Los Angeles, CA  90066

Tel: (310) 391-9971
Fax: (310) 391-8971
Web: www.StatModel.com
Support: Support@StatModel.com

Copyright (c) 1998-2020 Muthen & Muthen
